[2023-04-07T17:54:51.321+0200] {processor.py:153} INFO - Started process (PID=17875) to work on /Users/oanottage/opt/anaconda3/envs/energyvenv/lib/python3.9/site-packages/airflow/example_dags/example_sensors.py
[2023-04-07T17:54:51.327+0200] {processor.py:743} INFO - Processing file /Users/oanottage/opt/anaconda3/envs/energyvenv/lib/python3.9/site-packages/airflow/example_dags/example_sensors.py for tasks to queue
[2023-04-07T17:54:51.327+0200] {logging_mixin.py:137} INFO - [2023-04-07T17:54:51.327+0200] {dagbag.py:532} INFO - Filling up the DagBag from /Users/oanottage/opt/anaconda3/envs/energyvenv/lib/python3.9/site-packages/airflow/example_dags/example_sensors.py
[2023-04-07T17:54:51.382+0200] {processor.py:753} INFO - DAG(s) dict_keys(['example_sensors']) retrieved from /Users/oanottage/opt/anaconda3/envs/energyvenv/lib/python3.9/site-packages/airflow/example_dags/example_sensors.py
[2023-04-07T17:54:52.162+0200] {logging_mixin.py:137} INFO - [2023-04-07T17:54:52.162+0200] {dag.py:2705} INFO - Sync 1 DAGs
[2023-04-07T17:54:52.172+0200] {logging_mixin.py:137} INFO - [2023-04-07T17:54:52.172+0200] {dag.py:3452} INFO - Setting next_dagrun for example_sensors to None, run_after=None
[2023-04-07T17:54:52.188+0200] {processor.py:175} INFO - Processing /Users/oanottage/opt/anaconda3/envs/energyvenv/lib/python3.9/site-packages/airflow/example_dags/example_sensors.py took 0.867 seconds
[2023-04-07T17:56:59.951+0200] {processor.py:153} INFO - Started process (PID=18048) to work on /Users/oanottage/opt/anaconda3/envs/energyvenv/lib/python3.9/site-packages/airflow/example_dags/example_sensors.py
[2023-04-07T17:56:59.956+0200] {processor.py:743} INFO - Processing file /Users/oanottage/opt/anaconda3/envs/energyvenv/lib/python3.9/site-packages/airflow/example_dags/example_sensors.py for tasks to queue
[2023-04-07T17:56:59.957+0200] {logging_mixin.py:137} INFO - [2023-04-07T17:56:59.957+0200] {dagbag.py:532} INFO - Filling up the DagBag from /Users/oanottage/opt/anaconda3/envs/energyvenv/lib/python3.9/site-packages/airflow/example_dags/example_sensors.py
[2023-04-07T17:57:00.013+0200] {processor.py:753} INFO - DAG(s) dict_keys(['example_sensors']) retrieved from /Users/oanottage/opt/anaconda3/envs/energyvenv/lib/python3.9/site-packages/airflow/example_dags/example_sensors.py
[2023-04-07T17:57:00.836+0200] {logging_mixin.py:137} INFO - [2023-04-07T17:57:00.836+0200] {dag.py:2705} INFO - Sync 1 DAGs
[2023-04-07T17:57:00.850+0200] {logging_mixin.py:137} INFO - [2023-04-07T17:57:00.850+0200] {dag.py:3452} INFO - Setting next_dagrun for example_sensors to None, run_after=None
[2023-04-07T17:57:00.864+0200] {processor.py:175} INFO - Processing /Users/oanottage/opt/anaconda3/envs/energyvenv/lib/python3.9/site-packages/airflow/example_dags/example_sensors.py took 0.913 seconds
[2023-04-07T17:58:35.736+0200] {processor.py:153} INFO - Started process (PID=18155) to work on /Users/oanottage/opt/anaconda3/envs/energyvenv/lib/python3.9/site-packages/airflow/example_dags/example_sensors.py
[2023-04-07T17:58:35.739+0200] {processor.py:743} INFO - Processing file /Users/oanottage/opt/anaconda3/envs/energyvenv/lib/python3.9/site-packages/airflow/example_dags/example_sensors.py for tasks to queue
[2023-04-07T17:58:35.740+0200] {logging_mixin.py:137} INFO - [2023-04-07T17:58:35.740+0200] {dagbag.py:532} INFO - Filling up the DagBag from /Users/oanottage/opt/anaconda3/envs/energyvenv/lib/python3.9/site-packages/airflow/example_dags/example_sensors.py
[2023-04-07T17:58:35.785+0200] {processor.py:753} INFO - DAG(s) dict_keys(['example_sensors']) retrieved from /Users/oanottage/opt/anaconda3/envs/energyvenv/lib/python3.9/site-packages/airflow/example_dags/example_sensors.py
[2023-04-07T17:58:36.473+0200] {logging_mixin.py:137} INFO - [2023-04-07T17:58:36.473+0200] {dag.py:2705} INFO - Sync 1 DAGs
[2023-04-07T17:58:36.484+0200] {logging_mixin.py:137} INFO - [2023-04-07T17:58:36.484+0200] {dag.py:3452} INFO - Setting next_dagrun for example_sensors to None, run_after=None
[2023-04-07T17:58:36.496+0200] {processor.py:175} INFO - Processing /Users/oanottage/opt/anaconda3/envs/energyvenv/lib/python3.9/site-packages/airflow/example_dags/example_sensors.py took 0.761 seconds
[2023-04-07T18:01:15.657+0200] {processor.py:153} INFO - Started process (PID=18351) to work on /Users/oanottage/opt/anaconda3/envs/energyvenv/lib/python3.9/site-packages/airflow/example_dags/example_sensors.py
[2023-04-07T18:01:15.660+0200] {processor.py:743} INFO - Processing file /Users/oanottage/opt/anaconda3/envs/energyvenv/lib/python3.9/site-packages/airflow/example_dags/example_sensors.py for tasks to queue
[2023-04-07T18:01:15.661+0200] {logging_mixin.py:137} INFO - [2023-04-07T18:01:15.661+0200] {dagbag.py:532} INFO - Filling up the DagBag from /Users/oanottage/opt/anaconda3/envs/energyvenv/lib/python3.9/site-packages/airflow/example_dags/example_sensors.py
[2023-04-07T18:01:15.709+0200] {processor.py:753} INFO - DAG(s) dict_keys(['example_sensors']) retrieved from /Users/oanottage/opt/anaconda3/envs/energyvenv/lib/python3.9/site-packages/airflow/example_dags/example_sensors.py
[2023-04-07T18:01:16.415+0200] {logging_mixin.py:137} INFO - [2023-04-07T18:01:16.414+0200] {dag.py:2705} INFO - Sync 1 DAGs
[2023-04-07T18:01:16.425+0200] {logging_mixin.py:137} INFO - [2023-04-07T18:01:16.425+0200] {dag.py:3452} INFO - Setting next_dagrun for example_sensors to None, run_after=None
[2023-04-07T18:01:16.438+0200] {processor.py:175} INFO - Processing /Users/oanottage/opt/anaconda3/envs/energyvenv/lib/python3.9/site-packages/airflow/example_dags/example_sensors.py took 0.781 seconds
[2023-04-07T18:05:02.927+0200] {processor.py:153} INFO - Started process (PID=18639) to work on /Users/oanottage/opt/anaconda3/envs/energyvenv/lib/python3.9/site-packages/airflow/example_dags/example_sensors.py
[2023-04-07T18:05:02.930+0200] {processor.py:743} INFO - Processing file /Users/oanottage/opt/anaconda3/envs/energyvenv/lib/python3.9/site-packages/airflow/example_dags/example_sensors.py for tasks to queue
[2023-04-07T18:05:02.930+0200] {logging_mixin.py:137} INFO - [2023-04-07T18:05:02.930+0200] {dagbag.py:532} INFO - Filling up the DagBag from /Users/oanottage/opt/anaconda3/envs/energyvenv/lib/python3.9/site-packages/airflow/example_dags/example_sensors.py
[2023-04-07T18:05:02.976+0200] {processor.py:753} INFO - DAG(s) dict_keys(['example_sensors']) retrieved from /Users/oanottage/opt/anaconda3/envs/energyvenv/lib/python3.9/site-packages/airflow/example_dags/example_sensors.py
[2023-04-07T18:05:03.728+0200] {logging_mixin.py:137} INFO - [2023-04-07T18:05:03.728+0200] {dag.py:2705} INFO - Sync 1 DAGs
[2023-04-07T18:05:03.739+0200] {logging_mixin.py:137} INFO - [2023-04-07T18:05:03.739+0200] {dag.py:3452} INFO - Setting next_dagrun for example_sensors to None, run_after=None
[2023-04-07T18:05:03.753+0200] {processor.py:175} INFO - Processing /Users/oanottage/opt/anaconda3/envs/energyvenv/lib/python3.9/site-packages/airflow/example_dags/example_sensors.py took 0.827 seconds
[2023-04-07T18:06:56.702+0200] {processor.py:153} INFO - Started process (PID=18781) to work on /Users/oanottage/opt/anaconda3/envs/energyvenv/lib/python3.9/site-packages/airflow/example_dags/example_sensors.py
[2023-04-07T18:06:56.706+0200] {processor.py:743} INFO - Processing file /Users/oanottage/opt/anaconda3/envs/energyvenv/lib/python3.9/site-packages/airflow/example_dags/example_sensors.py for tasks to queue
[2023-04-07T18:06:56.706+0200] {logging_mixin.py:137} INFO - [2023-04-07T18:06:56.706+0200] {dagbag.py:532} INFO - Filling up the DagBag from /Users/oanottage/opt/anaconda3/envs/energyvenv/lib/python3.9/site-packages/airflow/example_dags/example_sensors.py
[2023-04-07T18:06:56.761+0200] {processor.py:753} INFO - DAG(s) dict_keys(['example_sensors']) retrieved from /Users/oanottage/opt/anaconda3/envs/energyvenv/lib/python3.9/site-packages/airflow/example_dags/example_sensors.py
[2023-04-07T18:06:57.575+0200] {logging_mixin.py:137} INFO - [2023-04-07T18:06:57.575+0200] {dag.py:2705} INFO - Sync 1 DAGs
[2023-04-07T18:06:57.589+0200] {logging_mixin.py:137} INFO - [2023-04-07T18:06:57.589+0200] {dag.py:3452} INFO - Setting next_dagrun for example_sensors to None, run_after=None
[2023-04-07T18:06:57.604+0200] {processor.py:175} INFO - Processing /Users/oanottage/opt/anaconda3/envs/energyvenv/lib/python3.9/site-packages/airflow/example_dags/example_sensors.py took 0.902 seconds
[2023-04-07T18:08:32.672+0200] {processor.py:153} INFO - Started process (PID=18923) to work on /Users/oanottage/opt/anaconda3/envs/energyvenv/lib/python3.9/site-packages/airflow/example_dags/example_sensors.py
[2023-04-07T18:08:32.676+0200] {processor.py:743} INFO - Processing file /Users/oanottage/opt/anaconda3/envs/energyvenv/lib/python3.9/site-packages/airflow/example_dags/example_sensors.py for tasks to queue
[2023-04-07T18:08:32.676+0200] {logging_mixin.py:137} INFO - [2023-04-07T18:08:32.676+0200] {dagbag.py:532} INFO - Filling up the DagBag from /Users/oanottage/opt/anaconda3/envs/energyvenv/lib/python3.9/site-packages/airflow/example_dags/example_sensors.py
[2023-04-07T18:08:32.727+0200] {processor.py:753} INFO - DAG(s) dict_keys(['example_sensors']) retrieved from /Users/oanottage/opt/anaconda3/envs/energyvenv/lib/python3.9/site-packages/airflow/example_dags/example_sensors.py
[2023-04-07T18:08:33.517+0200] {logging_mixin.py:137} INFO - [2023-04-07T18:08:33.517+0200] {dag.py:2705} INFO - Sync 1 DAGs
[2023-04-07T18:08:33.528+0200] {logging_mixin.py:137} INFO - [2023-04-07T18:08:33.528+0200] {dag.py:3452} INFO - Setting next_dagrun for example_sensors to None, run_after=None
[2023-04-07T18:08:33.541+0200] {processor.py:175} INFO - Processing /Users/oanottage/opt/anaconda3/envs/energyvenv/lib/python3.9/site-packages/airflow/example_dags/example_sensors.py took 0.869 seconds
[2023-04-07T18:10:19.892+0200] {processor.py:153} INFO - Started process (PID=19120) to work on /Users/oanottage/opt/anaconda3/envs/energyvenv/lib/python3.9/site-packages/airflow/example_dags/example_sensors.py
[2023-04-07T18:10:19.895+0200] {processor.py:743} INFO - Processing file /Users/oanottage/opt/anaconda3/envs/energyvenv/lib/python3.9/site-packages/airflow/example_dags/example_sensors.py for tasks to queue
[2023-04-07T18:10:19.896+0200] {logging_mixin.py:137} INFO - [2023-04-07T18:10:19.896+0200] {dagbag.py:532} INFO - Filling up the DagBag from /Users/oanottage/opt/anaconda3/envs/energyvenv/lib/python3.9/site-packages/airflow/example_dags/example_sensors.py
[2023-04-07T18:10:19.941+0200] {processor.py:753} INFO - DAG(s) dict_keys(['example_sensors']) retrieved from /Users/oanottage/opt/anaconda3/envs/energyvenv/lib/python3.9/site-packages/airflow/example_dags/example_sensors.py
[2023-04-07T18:10:20.818+0200] {logging_mixin.py:137} INFO - [2023-04-07T18:10:20.818+0200] {dag.py:2705} INFO - Sync 1 DAGs
[2023-04-07T18:10:20.833+0200] {logging_mixin.py:137} INFO - [2023-04-07T18:10:20.833+0200] {dag.py:3452} INFO - Setting next_dagrun for example_sensors to None, run_after=None
[2023-04-07T18:10:20.849+0200] {processor.py:175} INFO - Processing /Users/oanottage/opt/anaconda3/envs/energyvenv/lib/python3.9/site-packages/airflow/example_dags/example_sensors.py took 0.958 seconds
[2023-04-07T18:13:43.112+0200] {processor.py:153} INFO - Started process (PID=19407) to work on /Users/oanottage/opt/anaconda3/envs/energyvenv/lib/python3.9/site-packages/airflow/example_dags/example_sensors.py
[2023-04-07T18:13:43.116+0200] {processor.py:743} INFO - Processing file /Users/oanottage/opt/anaconda3/envs/energyvenv/lib/python3.9/site-packages/airflow/example_dags/example_sensors.py for tasks to queue
[2023-04-07T18:13:43.116+0200] {logging_mixin.py:137} INFO - [2023-04-07T18:13:43.116+0200] {dagbag.py:532} INFO - Filling up the DagBag from /Users/oanottage/opt/anaconda3/envs/energyvenv/lib/python3.9/site-packages/airflow/example_dags/example_sensors.py
[2023-04-07T18:13:43.168+0200] {processor.py:753} INFO - DAG(s) dict_keys(['example_sensors']) retrieved from /Users/oanottage/opt/anaconda3/envs/energyvenv/lib/python3.9/site-packages/airflow/example_dags/example_sensors.py
[2023-04-07T18:13:43.922+0200] {logging_mixin.py:137} INFO - [2023-04-07T18:13:43.922+0200] {dag.py:2705} INFO - Sync 1 DAGs
[2023-04-07T18:13:43.932+0200] {logging_mixin.py:137} INFO - [2023-04-07T18:13:43.932+0200] {dag.py:3452} INFO - Setting next_dagrun for example_sensors to None, run_after=None
[2023-04-07T18:13:43.945+0200] {processor.py:175} INFO - Processing /Users/oanottage/opt/anaconda3/envs/energyvenv/lib/python3.9/site-packages/airflow/example_dags/example_sensors.py took 0.834 seconds
[2023-04-07T18:16:13.565+0200] {processor.py:153} INFO - Started process (PID=19605) to work on /Users/oanottage/opt/anaconda3/envs/energyvenv/lib/python3.9/site-packages/airflow/example_dags/example_sensors.py
[2023-04-07T18:16:13.568+0200] {processor.py:743} INFO - Processing file /Users/oanottage/opt/anaconda3/envs/energyvenv/lib/python3.9/site-packages/airflow/example_dags/example_sensors.py for tasks to queue
[2023-04-07T18:16:13.569+0200] {logging_mixin.py:137} INFO - [2023-04-07T18:16:13.569+0200] {dagbag.py:532} INFO - Filling up the DagBag from /Users/oanottage/opt/anaconda3/envs/energyvenv/lib/python3.9/site-packages/airflow/example_dags/example_sensors.py
[2023-04-07T18:16:13.612+0200] {processor.py:753} INFO - DAG(s) dict_keys(['example_sensors']) retrieved from /Users/oanottage/opt/anaconda3/envs/energyvenv/lib/python3.9/site-packages/airflow/example_dags/example_sensors.py
[2023-04-07T18:16:14.300+0200] {logging_mixin.py:137} INFO - [2023-04-07T18:16:14.300+0200] {dag.py:2705} INFO - Sync 1 DAGs
[2023-04-07T18:16:14.310+0200] {logging_mixin.py:137} INFO - [2023-04-07T18:16:14.310+0200] {dag.py:3452} INFO - Setting next_dagrun for example_sensors to None, run_after=None
[2023-04-07T18:16:14.323+0200] {processor.py:175} INFO - Processing /Users/oanottage/opt/anaconda3/envs/energyvenv/lib/python3.9/site-packages/airflow/example_dags/example_sensors.py took 0.758 seconds
[2023-04-07T18:18:05.331+0200] {processor.py:153} INFO - Started process (PID=19735) to work on /Users/oanottage/opt/anaconda3/envs/energyvenv/lib/python3.9/site-packages/airflow/example_dags/example_sensors.py
[2023-04-07T18:18:05.335+0200] {processor.py:743} INFO - Processing file /Users/oanottage/opt/anaconda3/envs/energyvenv/lib/python3.9/site-packages/airflow/example_dags/example_sensors.py for tasks to queue
[2023-04-07T18:18:05.336+0200] {logging_mixin.py:137} INFO - [2023-04-07T18:18:05.335+0200] {dagbag.py:532} INFO - Filling up the DagBag from /Users/oanottage/opt/anaconda3/envs/energyvenv/lib/python3.9/site-packages/airflow/example_dags/example_sensors.py
[2023-04-07T18:18:05.387+0200] {processor.py:753} INFO - DAG(s) dict_keys(['example_sensors']) retrieved from /Users/oanottage/opt/anaconda3/envs/energyvenv/lib/python3.9/site-packages/airflow/example_dags/example_sensors.py
[2023-04-07T18:18:06.118+0200] {logging_mixin.py:137} INFO - [2023-04-07T18:18:06.117+0200] {dag.py:2705} INFO - Sync 1 DAGs
[2023-04-07T18:18:06.129+0200] {logging_mixin.py:137} INFO - [2023-04-07T18:18:06.129+0200] {dag.py:3452} INFO - Setting next_dagrun for example_sensors to None, run_after=None
[2023-04-07T18:18:06.143+0200] {processor.py:175} INFO - Processing /Users/oanottage/opt/anaconda3/envs/energyvenv/lib/python3.9/site-packages/airflow/example_dags/example_sensors.py took 0.812 seconds
[2023-04-07T18:20:49.450+0200] {processor.py:153} INFO - Started process (PID=19997) to work on /Users/oanottage/opt/anaconda3/envs/energyvenv/lib/python3.9/site-packages/airflow/example_dags/example_sensors.py
[2023-04-07T18:20:49.453+0200] {processor.py:743} INFO - Processing file /Users/oanottage/opt/anaconda3/envs/energyvenv/lib/python3.9/site-packages/airflow/example_dags/example_sensors.py for tasks to queue
[2023-04-07T18:20:49.454+0200] {logging_mixin.py:137} INFO - [2023-04-07T18:20:49.453+0200] {dagbag.py:532} INFO - Filling up the DagBag from /Users/oanottage/opt/anaconda3/envs/energyvenv/lib/python3.9/site-packages/airflow/example_dags/example_sensors.py
[2023-04-07T18:20:49.506+0200] {processor.py:753} INFO - DAG(s) dict_keys(['example_sensors']) retrieved from /Users/oanottage/opt/anaconda3/envs/energyvenv/lib/python3.9/site-packages/airflow/example_dags/example_sensors.py
[2023-04-07T18:20:50.288+0200] {logging_mixin.py:137} INFO - [2023-04-07T18:20:50.288+0200] {dag.py:2705} INFO - Sync 1 DAGs
[2023-04-07T18:20:50.299+0200] {logging_mixin.py:137} INFO - [2023-04-07T18:20:50.299+0200] {dag.py:3452} INFO - Setting next_dagrun for example_sensors to None, run_after=None
[2023-04-07T18:20:50.312+0200] {processor.py:175} INFO - Processing /Users/oanottage/opt/anaconda3/envs/energyvenv/lib/python3.9/site-packages/airflow/example_dags/example_sensors.py took 0.862 seconds
[2023-04-07T18:23:29.148+0200] {processor.py:153} INFO - Started process (PID=20173) to work on /Users/oanottage/opt/anaconda3/envs/energyvenv/lib/python3.9/site-packages/airflow/example_dags/example_sensors.py
[2023-04-07T18:23:29.151+0200] {processor.py:743} INFO - Processing file /Users/oanottage/opt/anaconda3/envs/energyvenv/lib/python3.9/site-packages/airflow/example_dags/example_sensors.py for tasks to queue
[2023-04-07T18:23:29.152+0200] {logging_mixin.py:137} INFO - [2023-04-07T18:23:29.152+0200] {dagbag.py:532} INFO - Filling up the DagBag from /Users/oanottage/opt/anaconda3/envs/energyvenv/lib/python3.9/site-packages/airflow/example_dags/example_sensors.py
[2023-04-07T18:23:29.205+0200] {processor.py:753} INFO - DAG(s) dict_keys(['example_sensors']) retrieved from /Users/oanottage/opt/anaconda3/envs/energyvenv/lib/python3.9/site-packages/airflow/example_dags/example_sensors.py
[2023-04-07T18:23:29.905+0200] {logging_mixin.py:137} INFO - [2023-04-07T18:23:29.905+0200] {dag.py:2705} INFO - Sync 1 DAGs
[2023-04-07T18:23:29.917+0200] {logging_mixin.py:137} INFO - [2023-04-07T18:23:29.917+0200] {dag.py:3452} INFO - Setting next_dagrun for example_sensors to None, run_after=None
[2023-04-07T18:23:29.932+0200] {processor.py:175} INFO - Processing /Users/oanottage/opt/anaconda3/envs/energyvenv/lib/python3.9/site-packages/airflow/example_dags/example_sensors.py took 0.785 seconds
[2023-04-07T18:26:17.728+0200] {processor.py:153} INFO - Started process (PID=20370) to work on /Users/oanottage/opt/anaconda3/envs/energyvenv/lib/python3.9/site-packages/airflow/example_dags/example_sensors.py
[2023-04-07T18:26:17.732+0200] {processor.py:743} INFO - Processing file /Users/oanottage/opt/anaconda3/envs/energyvenv/lib/python3.9/site-packages/airflow/example_dags/example_sensors.py for tasks to queue
[2023-04-07T18:26:17.733+0200] {logging_mixin.py:137} INFO - [2023-04-07T18:26:17.733+0200] {dagbag.py:532} INFO - Filling up the DagBag from /Users/oanottage/opt/anaconda3/envs/energyvenv/lib/python3.9/site-packages/airflow/example_dags/example_sensors.py
[2023-04-07T18:26:17.788+0200] {processor.py:753} INFO - DAG(s) dict_keys(['example_sensors']) retrieved from /Users/oanottage/opt/anaconda3/envs/energyvenv/lib/python3.9/site-packages/airflow/example_dags/example_sensors.py
[2023-04-07T18:26:18.595+0200] {logging_mixin.py:137} INFO - [2023-04-07T18:26:18.595+0200] {dag.py:2705} INFO - Sync 1 DAGs
[2023-04-07T18:26:18.610+0200] {logging_mixin.py:137} INFO - [2023-04-07T18:26:18.610+0200] {dag.py:3452} INFO - Setting next_dagrun for example_sensors to None, run_after=None
[2023-04-07T18:26:18.626+0200] {processor.py:175} INFO - Processing /Users/oanottage/opt/anaconda3/envs/energyvenv/lib/python3.9/site-packages/airflow/example_dags/example_sensors.py took 0.899 seconds
[2023-04-07T18:29:22.728+0200] {processor.py:153} INFO - Started process (PID=20617) to work on /Users/oanottage/opt/anaconda3/envs/energyvenv/lib/python3.9/site-packages/airflow/example_dags/example_sensors.py
[2023-04-07T18:29:22.731+0200] {processor.py:743} INFO - Processing file /Users/oanottage/opt/anaconda3/envs/energyvenv/lib/python3.9/site-packages/airflow/example_dags/example_sensors.py for tasks to queue
[2023-04-07T18:29:22.732+0200] {logging_mixin.py:137} INFO - [2023-04-07T18:29:22.732+0200] {dagbag.py:532} INFO - Filling up the DagBag from /Users/oanottage/opt/anaconda3/envs/energyvenv/lib/python3.9/site-packages/airflow/example_dags/example_sensors.py
[2023-04-07T18:29:22.775+0200] {processor.py:753} INFO - DAG(s) dict_keys(['example_sensors']) retrieved from /Users/oanottage/opt/anaconda3/envs/energyvenv/lib/python3.9/site-packages/airflow/example_dags/example_sensors.py
[2023-04-07T18:29:23.498+0200] {logging_mixin.py:137} INFO - [2023-04-07T18:29:23.498+0200] {dag.py:2705} INFO - Sync 1 DAGs
[2023-04-07T18:29:23.509+0200] {logging_mixin.py:137} INFO - [2023-04-07T18:29:23.508+0200] {dag.py:3452} INFO - Setting next_dagrun for example_sensors to None, run_after=None
[2023-04-07T18:29:23.522+0200] {processor.py:175} INFO - Processing /Users/oanottage/opt/anaconda3/envs/energyvenv/lib/python3.9/site-packages/airflow/example_dags/example_sensors.py took 0.794 seconds
[2023-04-07T18:30:44.302+0200] {processor.py:153} INFO - Started process (PID=20783) to work on /Users/oanottage/opt/anaconda3/envs/energyvenv/lib/python3.9/site-packages/airflow/example_dags/example_sensors.py
[2023-04-07T18:30:44.306+0200] {processor.py:743} INFO - Processing file /Users/oanottage/opt/anaconda3/envs/energyvenv/lib/python3.9/site-packages/airflow/example_dags/example_sensors.py for tasks to queue
[2023-04-07T18:30:44.306+0200] {logging_mixin.py:137} INFO - [2023-04-07T18:30:44.306+0200] {dagbag.py:532} INFO - Filling up the DagBag from /Users/oanottage/opt/anaconda3/envs/energyvenv/lib/python3.9/site-packages/airflow/example_dags/example_sensors.py
[2023-04-07T18:30:44.358+0200] {processor.py:753} INFO - DAG(s) dict_keys(['example_sensors']) retrieved from /Users/oanottage/opt/anaconda3/envs/energyvenv/lib/python3.9/site-packages/airflow/example_dags/example_sensors.py
[2023-04-07T18:30:45.118+0200] {logging_mixin.py:137} INFO - [2023-04-07T18:30:45.118+0200] {dag.py:2705} INFO - Sync 1 DAGs
[2023-04-07T18:30:45.132+0200] {logging_mixin.py:137} INFO - [2023-04-07T18:30:45.132+0200] {dag.py:3452} INFO - Setting next_dagrun for example_sensors to None, run_after=None
[2023-04-07T18:30:45.148+0200] {processor.py:175} INFO - Processing /Users/oanottage/opt/anaconda3/envs/energyvenv/lib/python3.9/site-packages/airflow/example_dags/example_sensors.py took 0.847 seconds
[2023-04-07T18:42:43.064+0200] {processor.py:153} INFO - Started process (PID=21435) to work on /Users/oanottage/opt/anaconda3/envs/energyvenv/lib/python3.9/site-packages/airflow/example_dags/example_sensors.py
[2023-04-07T18:42:43.069+0200] {processor.py:743} INFO - Processing file /Users/oanottage/opt/anaconda3/envs/energyvenv/lib/python3.9/site-packages/airflow/example_dags/example_sensors.py for tasks to queue
[2023-04-07T18:42:43.069+0200] {logging_mixin.py:137} INFO - [2023-04-07T18:42:43.069+0200] {dagbag.py:532} INFO - Filling up the DagBag from /Users/oanottage/opt/anaconda3/envs/energyvenv/lib/python3.9/site-packages/airflow/example_dags/example_sensors.py
[2023-04-07T18:42:43.116+0200] {processor.py:753} INFO - DAG(s) dict_keys(['example_sensors']) retrieved from /Users/oanottage/opt/anaconda3/envs/energyvenv/lib/python3.9/site-packages/airflow/example_dags/example_sensors.py
[2023-04-07T18:42:43.939+0200] {logging_mixin.py:137} INFO - [2023-04-07T18:42:43.939+0200] {dag.py:2705} INFO - Sync 1 DAGs
[2023-04-07T18:42:43.951+0200] {logging_mixin.py:137} INFO - [2023-04-07T18:42:43.951+0200] {dag.py:3452} INFO - Setting next_dagrun for example_sensors to None, run_after=None
[2023-04-07T18:42:43.966+0200] {processor.py:175} INFO - Processing /Users/oanottage/opt/anaconda3/envs/energyvenv/lib/python3.9/site-packages/airflow/example_dags/example_sensors.py took 0.903 seconds
[2023-04-07T18:45:37.755+0200] {processor.py:153} INFO - Started process (PID=21653) to work on /Users/oanottage/opt/anaconda3/envs/energyvenv/lib/python3.9/site-packages/airflow/example_dags/example_sensors.py
[2023-04-07T18:45:37.759+0200] {processor.py:743} INFO - Processing file /Users/oanottage/opt/anaconda3/envs/energyvenv/lib/python3.9/site-packages/airflow/example_dags/example_sensors.py for tasks to queue
[2023-04-07T18:45:37.759+0200] {logging_mixin.py:137} INFO - [2023-04-07T18:45:37.759+0200] {dagbag.py:532} INFO - Filling up the DagBag from /Users/oanottage/opt/anaconda3/envs/energyvenv/lib/python3.9/site-packages/airflow/example_dags/example_sensors.py
[2023-04-07T18:45:37.806+0200] {processor.py:753} INFO - DAG(s) dict_keys(['example_sensors']) retrieved from /Users/oanottage/opt/anaconda3/envs/energyvenv/lib/python3.9/site-packages/airflow/example_dags/example_sensors.py
[2023-04-07T18:45:38.679+0200] {logging_mixin.py:137} INFO - [2023-04-07T18:45:38.679+0200] {dag.py:2705} INFO - Sync 1 DAGs
[2023-04-07T18:45:38.692+0200] {logging_mixin.py:137} INFO - [2023-04-07T18:45:38.692+0200] {dag.py:3452} INFO - Setting next_dagrun for example_sensors to None, run_after=None
[2023-04-07T18:45:38.706+0200] {processor.py:175} INFO - Processing /Users/oanottage/opt/anaconda3/envs/energyvenv/lib/python3.9/site-packages/airflow/example_dags/example_sensors.py took 0.952 seconds
