[2023-04-07T17:55:09.194+0200] {processor.py:153} INFO - Started process (PID=17905) to work on /Users/oanottage/opt/anaconda3/envs/energyvenv/lib/python3.9/site-packages/airflow/example_dags/example_latest_only_with_trigger.py
[2023-04-07T17:55:09.197+0200] {processor.py:743} INFO - Processing file /Users/oanottage/opt/anaconda3/envs/energyvenv/lib/python3.9/site-packages/airflow/example_dags/example_latest_only_with_trigger.py for tasks to queue
[2023-04-07T17:55:09.197+0200] {logging_mixin.py:137} INFO - [2023-04-07T17:55:09.197+0200] {dagbag.py:532} INFO - Filling up the DagBag from /Users/oanottage/opt/anaconda3/envs/energyvenv/lib/python3.9/site-packages/airflow/example_dags/example_latest_only_with_trigger.py
[2023-04-07T17:55:09.243+0200] {processor.py:753} INFO - DAG(s) dict_keys(['latest_only_with_trigger']) retrieved from /Users/oanottage/opt/anaconda3/envs/energyvenv/lib/python3.9/site-packages/airflow/example_dags/example_latest_only_with_trigger.py
[2023-04-07T17:55:09.930+0200] {logging_mixin.py:137} INFO - [2023-04-07T17:55:09.930+0200] {dag.py:2705} INFO - Sync 1 DAGs
[2023-04-07T17:55:09.943+0200] {logging_mixin.py:137} INFO - [2023-04-07T17:55:09.943+0200] {dag.py:3452} INFO - Setting next_dagrun for latest_only_with_trigger to 2023-04-07T11:55:09.943078+00:00, run_after=2023-04-07T15:55:09.943078+00:00
[2023-04-07T17:55:09.959+0200] {processor.py:175} INFO - Processing /Users/oanottage/opt/anaconda3/envs/energyvenv/lib/python3.9/site-packages/airflow/example_dags/example_latest_only_with_trigger.py took 0.766 seconds
[2023-04-07T17:57:19.182+0200] {processor.py:153} INFO - Started process (PID=18069) to work on /Users/oanottage/opt/anaconda3/envs/energyvenv/lib/python3.9/site-packages/airflow/example_dags/example_latest_only_with_trigger.py
[2023-04-07T17:57:19.185+0200] {processor.py:743} INFO - Processing file /Users/oanottage/opt/anaconda3/envs/energyvenv/lib/python3.9/site-packages/airflow/example_dags/example_latest_only_with_trigger.py for tasks to queue
[2023-04-07T17:57:19.186+0200] {logging_mixin.py:137} INFO - [2023-04-07T17:57:19.185+0200] {dagbag.py:532} INFO - Filling up the DagBag from /Users/oanottage/opt/anaconda3/envs/energyvenv/lib/python3.9/site-packages/airflow/example_dags/example_latest_only_with_trigger.py
[2023-04-07T17:57:19.225+0200] {processor.py:753} INFO - DAG(s) dict_keys(['latest_only_with_trigger']) retrieved from /Users/oanottage/opt/anaconda3/envs/energyvenv/lib/python3.9/site-packages/airflow/example_dags/example_latest_only_with_trigger.py
[2023-04-07T17:57:19.916+0200] {logging_mixin.py:137} INFO - [2023-04-07T17:57:19.916+0200] {dag.py:2705} INFO - Sync 1 DAGs
[2023-04-07T17:57:19.930+0200] {logging_mixin.py:137} INFO - [2023-04-07T17:57:19.930+0200] {dag.py:3452} INFO - Setting next_dagrun for latest_only_with_trigger to 2023-04-07T11:57:19.930613+00:00, run_after=2023-04-07T15:57:19.930613+00:00
[2023-04-07T17:57:19.945+0200] {processor.py:175} INFO - Processing /Users/oanottage/opt/anaconda3/envs/energyvenv/lib/python3.9/site-packages/airflow/example_dags/example_latest_only_with_trigger.py took 0.764 seconds
[2023-04-07T17:59:58.656+0200] {processor.py:153} INFO - Started process (PID=18253) to work on /Users/oanottage/opt/anaconda3/envs/energyvenv/lib/python3.9/site-packages/airflow/example_dags/example_latest_only_with_trigger.py
[2023-04-07T17:59:58.660+0200] {processor.py:743} INFO - Processing file /Users/oanottage/opt/anaconda3/envs/energyvenv/lib/python3.9/site-packages/airflow/example_dags/example_latest_only_with_trigger.py for tasks to queue
[2023-04-07T17:59:58.660+0200] {logging_mixin.py:137} INFO - [2023-04-07T17:59:58.660+0200] {dagbag.py:532} INFO - Filling up the DagBag from /Users/oanottage/opt/anaconda3/envs/energyvenv/lib/python3.9/site-packages/airflow/example_dags/example_latest_only_with_trigger.py
[2023-04-07T17:59:58.700+0200] {processor.py:753} INFO - DAG(s) dict_keys(['latest_only_with_trigger']) retrieved from /Users/oanottage/opt/anaconda3/envs/energyvenv/lib/python3.9/site-packages/airflow/example_dags/example_latest_only_with_trigger.py
[2023-04-07T17:59:59.397+0200] {logging_mixin.py:137} INFO - [2023-04-07T17:59:59.397+0200] {dag.py:2705} INFO - Sync 1 DAGs
[2023-04-07T17:59:59.412+0200] {logging_mixin.py:137} INFO - [2023-04-07T17:59:59.412+0200] {dag.py:3452} INFO - Setting next_dagrun for latest_only_with_trigger to 2023-04-07T11:59:59.412576+00:00, run_after=2023-04-07T15:59:59.412576+00:00
[2023-04-07T17:59:59.427+0200] {processor.py:175} INFO - Processing /Users/oanottage/opt/anaconda3/envs/energyvenv/lib/python3.9/site-packages/airflow/example_dags/example_latest_only_with_trigger.py took 0.771 seconds
[2023-04-07T18:02:40.401+0200] {processor.py:153} INFO - Started process (PID=18446) to work on /Users/oanottage/opt/anaconda3/envs/energyvenv/lib/python3.9/site-packages/airflow/example_dags/example_latest_only_with_trigger.py
[2023-04-07T18:02:40.404+0200] {processor.py:743} INFO - Processing file /Users/oanottage/opt/anaconda3/envs/energyvenv/lib/python3.9/site-packages/airflow/example_dags/example_latest_only_with_trigger.py for tasks to queue
[2023-04-07T18:02:40.405+0200] {logging_mixin.py:137} INFO - [2023-04-07T18:02:40.404+0200] {dagbag.py:532} INFO - Filling up the DagBag from /Users/oanottage/opt/anaconda3/envs/energyvenv/lib/python3.9/site-packages/airflow/example_dags/example_latest_only_with_trigger.py
[2023-04-07T18:02:40.448+0200] {processor.py:753} INFO - DAG(s) dict_keys(['latest_only_with_trigger']) retrieved from /Users/oanottage/opt/anaconda3/envs/energyvenv/lib/python3.9/site-packages/airflow/example_dags/example_latest_only_with_trigger.py
[2023-04-07T18:02:41.249+0200] {logging_mixin.py:137} INFO - [2023-04-07T18:02:41.249+0200] {dag.py:2705} INFO - Sync 1 DAGs
[2023-04-07T18:02:41.266+0200] {logging_mixin.py:137} INFO - [2023-04-07T18:02:41.266+0200] {dag.py:3452} INFO - Setting next_dagrun for latest_only_with_trigger to 2023-04-07T12:02:41.266137+00:00, run_after=2023-04-07T16:02:41.266137+00:00
[2023-04-07T18:02:41.282+0200] {processor.py:175} INFO - Processing /Users/oanottage/opt/anaconda3/envs/energyvenv/lib/python3.9/site-packages/airflow/example_dags/example_latest_only_with_trigger.py took 0.882 seconds
[2023-04-07T18:05:21.641+0200] {processor.py:153} INFO - Started process (PID=18659) to work on /Users/oanottage/opt/anaconda3/envs/energyvenv/lib/python3.9/site-packages/airflow/example_dags/example_latest_only_with_trigger.py
[2023-04-07T18:05:21.644+0200] {processor.py:743} INFO - Processing file /Users/oanottage/opt/anaconda3/envs/energyvenv/lib/python3.9/site-packages/airflow/example_dags/example_latest_only_with_trigger.py for tasks to queue
[2023-04-07T18:05:21.645+0200] {logging_mixin.py:137} INFO - [2023-04-07T18:05:21.645+0200] {dagbag.py:532} INFO - Filling up the DagBag from /Users/oanottage/opt/anaconda3/envs/energyvenv/lib/python3.9/site-packages/airflow/example_dags/example_latest_only_with_trigger.py
[2023-04-07T18:05:21.681+0200] {processor.py:753} INFO - DAG(s) dict_keys(['latest_only_with_trigger']) retrieved from /Users/oanottage/opt/anaconda3/envs/energyvenv/lib/python3.9/site-packages/airflow/example_dags/example_latest_only_with_trigger.py
[2023-04-07T18:05:22.321+0200] {logging_mixin.py:137} INFO - [2023-04-07T18:05:22.321+0200] {dag.py:2705} INFO - Sync 1 DAGs
[2023-04-07T18:05:22.333+0200] {logging_mixin.py:137} INFO - [2023-04-07T18:05:22.333+0200] {dag.py:3452} INFO - Setting next_dagrun for latest_only_with_trigger to 2023-04-07T12:05:22.333057+00:00, run_after=2023-04-07T16:05:22.333057+00:00
[2023-04-07T18:05:22.346+0200] {processor.py:175} INFO - Processing /Users/oanottage/opt/anaconda3/envs/energyvenv/lib/python3.9/site-packages/airflow/example_dags/example_latest_only_with_trigger.py took 0.706 seconds
[2023-04-07T18:08:50.081+0200] {processor.py:153} INFO - Started process (PID=18942) to work on /Users/oanottage/opt/anaconda3/envs/energyvenv/lib/python3.9/site-packages/airflow/example_dags/example_latest_only_with_trigger.py
[2023-04-07T18:08:50.087+0200] {processor.py:743} INFO - Processing file /Users/oanottage/opt/anaconda3/envs/energyvenv/lib/python3.9/site-packages/airflow/example_dags/example_latest_only_with_trigger.py for tasks to queue
[2023-04-07T18:08:50.087+0200] {logging_mixin.py:137} INFO - [2023-04-07T18:08:50.087+0200] {dagbag.py:532} INFO - Filling up the DagBag from /Users/oanottage/opt/anaconda3/envs/energyvenv/lib/python3.9/site-packages/airflow/example_dags/example_latest_only_with_trigger.py
[2023-04-07T18:08:50.141+0200] {processor.py:753} INFO - DAG(s) dict_keys(['latest_only_with_trigger']) retrieved from /Users/oanottage/opt/anaconda3/envs/energyvenv/lib/python3.9/site-packages/airflow/example_dags/example_latest_only_with_trigger.py
[2023-04-07T18:08:50.847+0200] {logging_mixin.py:137} INFO - [2023-04-07T18:08:50.847+0200] {dag.py:2705} INFO - Sync 1 DAGs
[2023-04-07T18:08:50.860+0200] {logging_mixin.py:137} INFO - [2023-04-07T18:08:50.860+0200] {dag.py:3452} INFO - Setting next_dagrun for latest_only_with_trigger to 2023-04-07T12:08:50.860330+00:00, run_after=2023-04-07T16:08:50.860330+00:00
[2023-04-07T18:08:50.872+0200] {processor.py:175} INFO - Processing /Users/oanottage/opt/anaconda3/envs/energyvenv/lib/python3.9/site-packages/airflow/example_dags/example_latest_only_with_trigger.py took 0.791 seconds
[2023-04-07T18:10:39.206+0200] {processor.py:153} INFO - Started process (PID=19142) to work on /Users/oanottage/opt/anaconda3/envs/energyvenv/lib/python3.9/site-packages/airflow/example_dags/example_latest_only_with_trigger.py
[2023-04-07T18:10:39.210+0200] {processor.py:743} INFO - Processing file /Users/oanottage/opt/anaconda3/envs/energyvenv/lib/python3.9/site-packages/airflow/example_dags/example_latest_only_with_trigger.py for tasks to queue
[2023-04-07T18:10:39.210+0200] {logging_mixin.py:137} INFO - [2023-04-07T18:10:39.210+0200] {dagbag.py:532} INFO - Filling up the DagBag from /Users/oanottage/opt/anaconda3/envs/energyvenv/lib/python3.9/site-packages/airflow/example_dags/example_latest_only_with_trigger.py
[2023-04-07T18:10:39.250+0200] {processor.py:753} INFO - DAG(s) dict_keys(['latest_only_with_trigger']) retrieved from /Users/oanottage/opt/anaconda3/envs/energyvenv/lib/python3.9/site-packages/airflow/example_dags/example_latest_only_with_trigger.py
[2023-04-07T18:10:39.968+0200] {logging_mixin.py:137} INFO - [2023-04-07T18:10:39.968+0200] {dag.py:2705} INFO - Sync 1 DAGs
[2023-04-07T18:10:39.980+0200] {logging_mixin.py:137} INFO - [2023-04-07T18:10:39.980+0200] {dag.py:3452} INFO - Setting next_dagrun for latest_only_with_trigger to 2023-04-07T12:10:39.980300+00:00, run_after=2023-04-07T16:10:39.980300+00:00
[2023-04-07T18:10:39.992+0200] {processor.py:175} INFO - Processing /Users/oanottage/opt/anaconda3/envs/energyvenv/lib/python3.9/site-packages/airflow/example_dags/example_latest_only_with_trigger.py took 0.786 seconds
[2023-04-07T18:14:02.714+0200] {processor.py:153} INFO - Started process (PID=19428) to work on /Users/oanottage/opt/anaconda3/envs/energyvenv/lib/python3.9/site-packages/airflow/example_dags/example_latest_only_with_trigger.py
[2023-04-07T18:14:02.718+0200] {processor.py:743} INFO - Processing file /Users/oanottage/opt/anaconda3/envs/energyvenv/lib/python3.9/site-packages/airflow/example_dags/example_latest_only_with_trigger.py for tasks to queue
[2023-04-07T18:14:02.718+0200] {logging_mixin.py:137} INFO - [2023-04-07T18:14:02.718+0200] {dagbag.py:532} INFO - Filling up the DagBag from /Users/oanottage/opt/anaconda3/envs/energyvenv/lib/python3.9/site-packages/airflow/example_dags/example_latest_only_with_trigger.py
[2023-04-07T18:14:02.756+0200] {processor.py:753} INFO - DAG(s) dict_keys(['latest_only_with_trigger']) retrieved from /Users/oanottage/opt/anaconda3/envs/energyvenv/lib/python3.9/site-packages/airflow/example_dags/example_latest_only_with_trigger.py
[2023-04-07T18:14:03.392+0200] {logging_mixin.py:137} INFO - [2023-04-07T18:14:03.391+0200] {dag.py:2705} INFO - Sync 1 DAGs
[2023-04-07T18:14:03.403+0200] {logging_mixin.py:137} INFO - [2023-04-07T18:14:03.403+0200] {dag.py:3452} INFO - Setting next_dagrun for latest_only_with_trigger to 2023-04-07T12:14:03.403311+00:00, run_after=2023-04-07T16:14:03.403311+00:00
[2023-04-07T18:14:03.415+0200] {processor.py:175} INFO - Processing /Users/oanottage/opt/anaconda3/envs/energyvenv/lib/python3.9/site-packages/airflow/example_dags/example_latest_only_with_trigger.py took 0.701 seconds
[2023-04-07T18:16:30.616+0200] {processor.py:153} INFO - Started process (PID=19626) to work on /Users/oanottage/opt/anaconda3/envs/energyvenv/lib/python3.9/site-packages/airflow/example_dags/example_latest_only_with_trigger.py
[2023-04-07T18:16:30.619+0200] {processor.py:743} INFO - Processing file /Users/oanottage/opt/anaconda3/envs/energyvenv/lib/python3.9/site-packages/airflow/example_dags/example_latest_only_with_trigger.py for tasks to queue
[2023-04-07T18:16:30.619+0200] {logging_mixin.py:137} INFO - [2023-04-07T18:16:30.619+0200] {dagbag.py:532} INFO - Filling up the DagBag from /Users/oanottage/opt/anaconda3/envs/energyvenv/lib/python3.9/site-packages/airflow/example_dags/example_latest_only_with_trigger.py
[2023-04-07T18:16:30.656+0200] {processor.py:753} INFO - DAG(s) dict_keys(['latest_only_with_trigger']) retrieved from /Users/oanottage/opt/anaconda3/envs/energyvenv/lib/python3.9/site-packages/airflow/example_dags/example_latest_only_with_trigger.py
[2023-04-07T18:16:31.298+0200] {logging_mixin.py:137} INFO - [2023-04-07T18:16:31.298+0200] {dag.py:2705} INFO - Sync 1 DAGs
[2023-04-07T18:16:31.310+0200] {logging_mixin.py:137} INFO - [2023-04-07T18:16:31.310+0200] {dag.py:3452} INFO - Setting next_dagrun for latest_only_with_trigger to 2023-04-07T12:16:31.310147+00:00, run_after=2023-04-07T16:16:31.310147+00:00
[2023-04-07T18:16:31.323+0200] {processor.py:175} INFO - Processing /Users/oanottage/opt/anaconda3/envs/energyvenv/lib/python3.9/site-packages/airflow/example_dags/example_latest_only_with_trigger.py took 0.707 seconds
[2023-04-07T18:18:22.890+0200] {processor.py:153} INFO - Started process (PID=19755) to work on /Users/oanottage/opt/anaconda3/envs/energyvenv/lib/python3.9/site-packages/airflow/example_dags/example_latest_only_with_trigger.py
[2023-04-07T18:18:22.894+0200] {processor.py:743} INFO - Processing file /Users/oanottage/opt/anaconda3/envs/energyvenv/lib/python3.9/site-packages/airflow/example_dags/example_latest_only_with_trigger.py for tasks to queue
[2023-04-07T18:18:22.894+0200] {logging_mixin.py:137} INFO - [2023-04-07T18:18:22.894+0200] {dagbag.py:532} INFO - Filling up the DagBag from /Users/oanottage/opt/anaconda3/envs/energyvenv/lib/python3.9/site-packages/airflow/example_dags/example_latest_only_with_trigger.py
[2023-04-07T18:18:22.935+0200] {processor.py:753} INFO - DAG(s) dict_keys(['latest_only_with_trigger']) retrieved from /Users/oanottage/opt/anaconda3/envs/energyvenv/lib/python3.9/site-packages/airflow/example_dags/example_latest_only_with_trigger.py
[2023-04-07T18:18:23.666+0200] {logging_mixin.py:137} INFO - [2023-04-07T18:18:23.665+0200] {dag.py:2705} INFO - Sync 1 DAGs
[2023-04-07T18:18:23.681+0200] {logging_mixin.py:137} INFO - [2023-04-07T18:18:23.681+0200] {dag.py:3452} INFO - Setting next_dagrun for latest_only_with_trigger to 2023-04-07T12:18:23.681510+00:00, run_after=2023-04-07T16:18:23.681510+00:00
[2023-04-07T18:18:23.697+0200] {processor.py:175} INFO - Processing /Users/oanottage/opt/anaconda3/envs/energyvenv/lib/python3.9/site-packages/airflow/example_dags/example_latest_only_with_trigger.py took 0.808 seconds
[2023-04-07T18:21:08.344+0200] {processor.py:153} INFO - Started process (PID=20017) to work on /Users/oanottage/opt/anaconda3/envs/energyvenv/lib/python3.9/site-packages/airflow/example_dags/example_latest_only_with_trigger.py
[2023-04-07T18:21:08.348+0200] {processor.py:743} INFO - Processing file /Users/oanottage/opt/anaconda3/envs/energyvenv/lib/python3.9/site-packages/airflow/example_dags/example_latest_only_with_trigger.py for tasks to queue
[2023-04-07T18:21:08.349+0200] {logging_mixin.py:137} INFO - [2023-04-07T18:21:08.349+0200] {dagbag.py:532} INFO - Filling up the DagBag from /Users/oanottage/opt/anaconda3/envs/energyvenv/lib/python3.9/site-packages/airflow/example_dags/example_latest_only_with_trigger.py
[2023-04-07T18:21:08.400+0200] {processor.py:753} INFO - DAG(s) dict_keys(['latest_only_with_trigger']) retrieved from /Users/oanottage/opt/anaconda3/envs/energyvenv/lib/python3.9/site-packages/airflow/example_dags/example_latest_only_with_trigger.py
[2023-04-07T18:21:09.130+0200] {logging_mixin.py:137} INFO - [2023-04-07T18:21:09.129+0200] {dag.py:2705} INFO - Sync 1 DAGs
[2023-04-07T18:21:09.145+0200] {logging_mixin.py:137} INFO - [2023-04-07T18:21:09.144+0200] {dag.py:3452} INFO - Setting next_dagrun for latest_only_with_trigger to 2023-04-07T12:21:09.144779+00:00, run_after=2023-04-07T16:21:09.144779+00:00
[2023-04-07T18:21:09.160+0200] {processor.py:175} INFO - Processing /Users/oanottage/opt/anaconda3/envs/energyvenv/lib/python3.9/site-packages/airflow/example_dags/example_latest_only_with_trigger.py took 0.816 seconds
[2023-04-07T18:23:48.462+0200] {processor.py:153} INFO - Started process (PID=20192) to work on /Users/oanottage/opt/anaconda3/envs/energyvenv/lib/python3.9/site-packages/airflow/example_dags/example_latest_only_with_trigger.py
[2023-04-07T18:23:48.466+0200] {processor.py:743} INFO - Processing file /Users/oanottage/opt/anaconda3/envs/energyvenv/lib/python3.9/site-packages/airflow/example_dags/example_latest_only_with_trigger.py for tasks to queue
[2023-04-07T18:23:48.466+0200] {logging_mixin.py:137} INFO - [2023-04-07T18:23:48.466+0200] {dagbag.py:532} INFO - Filling up the DagBag from /Users/oanottage/opt/anaconda3/envs/energyvenv/lib/python3.9/site-packages/airflow/example_dags/example_latest_only_with_trigger.py
[2023-04-07T18:23:48.507+0200] {processor.py:753} INFO - DAG(s) dict_keys(['latest_only_with_trigger']) retrieved from /Users/oanottage/opt/anaconda3/envs/energyvenv/lib/python3.9/site-packages/airflow/example_dags/example_latest_only_with_trigger.py
[2023-04-07T18:23:49.142+0200] {logging_mixin.py:137} INFO - [2023-04-07T18:23:49.142+0200] {dag.py:2705} INFO - Sync 1 DAGs
[2023-04-07T18:23:49.156+0200] {logging_mixin.py:137} INFO - [2023-04-07T18:23:49.156+0200] {dag.py:3452} INFO - Setting next_dagrun for latest_only_with_trigger to 2023-04-07T12:23:49.156733+00:00, run_after=2023-04-07T16:23:49.156733+00:00
[2023-04-07T18:23:49.170+0200] {processor.py:175} INFO - Processing /Users/oanottage/opt/anaconda3/envs/energyvenv/lib/python3.9/site-packages/airflow/example_dags/example_latest_only_with_trigger.py took 0.709 seconds
[2023-04-07T18:26:35.108+0200] {processor.py:153} INFO - Started process (PID=20399) to work on /Users/oanottage/opt/anaconda3/envs/energyvenv/lib/python3.9/site-packages/airflow/example_dags/example_latest_only_with_trigger.py
[2023-04-07T18:26:35.112+0200] {processor.py:743} INFO - Processing file /Users/oanottage/opt/anaconda3/envs/energyvenv/lib/python3.9/site-packages/airflow/example_dags/example_latest_only_with_trigger.py for tasks to queue
[2023-04-07T18:26:35.112+0200] {logging_mixin.py:137} INFO - [2023-04-07T18:26:35.112+0200] {dagbag.py:532} INFO - Filling up the DagBag from /Users/oanottage/opt/anaconda3/envs/energyvenv/lib/python3.9/site-packages/airflow/example_dags/example_latest_only_with_trigger.py
[2023-04-07T18:26:35.152+0200] {processor.py:753} INFO - DAG(s) dict_keys(['latest_only_with_trigger']) retrieved from /Users/oanottage/opt/anaconda3/envs/energyvenv/lib/python3.9/site-packages/airflow/example_dags/example_latest_only_with_trigger.py
[2023-04-07T18:26:35.859+0200] {logging_mixin.py:137} INFO - [2023-04-07T18:26:35.859+0200] {dag.py:2705} INFO - Sync 1 DAGs
[2023-04-07T18:26:35.871+0200] {logging_mixin.py:137} INFO - [2023-04-07T18:26:35.871+0200] {dag.py:3452} INFO - Setting next_dagrun for latest_only_with_trigger to 2023-04-07T12:26:35.871312+00:00, run_after=2023-04-07T16:26:35.871312+00:00
[2023-04-07T18:26:35.884+0200] {processor.py:175} INFO - Processing /Users/oanottage/opt/anaconda3/envs/energyvenv/lib/python3.9/site-packages/airflow/example_dags/example_latest_only_with_trigger.py took 0.776 seconds
[2023-04-07T18:31:00.235+0200] {processor.py:153} INFO - Started process (PID=20817) to work on /Users/oanottage/opt/anaconda3/envs/energyvenv/lib/python3.9/site-packages/airflow/example_dags/example_latest_only_with_trigger.py
[2023-04-07T18:31:00.238+0200] {processor.py:743} INFO - Processing file /Users/oanottage/opt/anaconda3/envs/energyvenv/lib/python3.9/site-packages/airflow/example_dags/example_latest_only_with_trigger.py for tasks to queue
[2023-04-07T18:31:00.239+0200] {logging_mixin.py:137} INFO - [2023-04-07T18:31:00.238+0200] {dagbag.py:532} INFO - Filling up the DagBag from /Users/oanottage/opt/anaconda3/envs/energyvenv/lib/python3.9/site-packages/airflow/example_dags/example_latest_only_with_trigger.py
[2023-04-07T18:31:00.285+0200] {processor.py:753} INFO - DAG(s) dict_keys(['latest_only_with_trigger']) retrieved from /Users/oanottage/opt/anaconda3/envs/energyvenv/lib/python3.9/site-packages/airflow/example_dags/example_latest_only_with_trigger.py
[2023-04-07T18:31:00.942+0200] {logging_mixin.py:137} INFO - [2023-04-07T18:31:00.942+0200] {dag.py:2705} INFO - Sync 1 DAGs
[2023-04-07T18:31:00.954+0200] {logging_mixin.py:137} INFO - [2023-04-07T18:31:00.954+0200] {dag.py:3452} INFO - Setting next_dagrun for latest_only_with_trigger to 2023-04-07T12:31:00.954715+00:00, run_after=2023-04-07T16:31:00.954715+00:00
[2023-04-07T18:31:00.969+0200] {processor.py:175} INFO - Processing /Users/oanottage/opt/anaconda3/envs/energyvenv/lib/python3.9/site-packages/airflow/example_dags/example_latest_only_with_trigger.py took 0.735 seconds
[2023-04-07T18:43:02.740+0200] {processor.py:153} INFO - Started process (PID=21458) to work on /Users/oanottage/opt/anaconda3/envs/energyvenv/lib/python3.9/site-packages/airflow/example_dags/example_latest_only_with_trigger.py
[2023-04-07T18:43:02.745+0200] {processor.py:743} INFO - Processing file /Users/oanottage/opt/anaconda3/envs/energyvenv/lib/python3.9/site-packages/airflow/example_dags/example_latest_only_with_trigger.py for tasks to queue
[2023-04-07T18:43:02.745+0200] {logging_mixin.py:137} INFO - [2023-04-07T18:43:02.745+0200] {dagbag.py:532} INFO - Filling up the DagBag from /Users/oanottage/opt/anaconda3/envs/energyvenv/lib/python3.9/site-packages/airflow/example_dags/example_latest_only_with_trigger.py
[2023-04-07T18:43:02.795+0200] {processor.py:753} INFO - DAG(s) dict_keys(['latest_only_with_trigger']) retrieved from /Users/oanottage/opt/anaconda3/envs/energyvenv/lib/python3.9/site-packages/airflow/example_dags/example_latest_only_with_trigger.py
[2023-04-07T18:43:03.573+0200] {logging_mixin.py:137} INFO - [2023-04-07T18:43:03.573+0200] {dag.py:2705} INFO - Sync 1 DAGs
[2023-04-07T18:43:03.587+0200] {logging_mixin.py:137} INFO - [2023-04-07T18:43:03.587+0200] {dag.py:3452} INFO - Setting next_dagrun for latest_only_with_trigger to 2023-04-07T12:43:03.587363+00:00, run_after=2023-04-07T16:43:03.587363+00:00
[2023-04-07T18:43:03.602+0200] {processor.py:175} INFO - Processing /Users/oanottage/opt/anaconda3/envs/energyvenv/lib/python3.9/site-packages/airflow/example_dags/example_latest_only_with_trigger.py took 0.862 seconds
[2023-04-07T18:45:56.304+0200] {processor.py:153} INFO - Started process (PID=21674) to work on /Users/oanottage/opt/anaconda3/envs/energyvenv/lib/python3.9/site-packages/airflow/example_dags/example_latest_only_with_trigger.py
[2023-04-07T18:45:56.308+0200] {processor.py:743} INFO - Processing file /Users/oanottage/opt/anaconda3/envs/energyvenv/lib/python3.9/site-packages/airflow/example_dags/example_latest_only_with_trigger.py for tasks to queue
[2023-04-07T18:45:56.308+0200] {logging_mixin.py:137} INFO - [2023-04-07T18:45:56.308+0200] {dagbag.py:532} INFO - Filling up the DagBag from /Users/oanottage/opt/anaconda3/envs/energyvenv/lib/python3.9/site-packages/airflow/example_dags/example_latest_only_with_trigger.py
[2023-04-07T18:45:56.350+0200] {processor.py:753} INFO - DAG(s) dict_keys(['latest_only_with_trigger']) retrieved from /Users/oanottage/opt/anaconda3/envs/energyvenv/lib/python3.9/site-packages/airflow/example_dags/example_latest_only_with_trigger.py
[2023-04-07T18:45:56.971+0200] {logging_mixin.py:137} INFO - [2023-04-07T18:45:56.971+0200] {dag.py:2705} INFO - Sync 1 DAGs
[2023-04-07T18:45:56.982+0200] {logging_mixin.py:137} INFO - [2023-04-07T18:45:56.982+0200] {dag.py:3452} INFO - Setting next_dagrun for latest_only_with_trigger to 2023-04-07T12:45:56.982815+00:00, run_after=2023-04-07T16:45:56.982815+00:00
[2023-04-07T18:45:56.996+0200] {processor.py:175} INFO - Processing /Users/oanottage/opt/anaconda3/envs/energyvenv/lib/python3.9/site-packages/airflow/example_dags/example_latest_only_with_trigger.py took 0.692 seconds
