[2023-04-07T17:55:03.874+0200] {processor.py:153} INFO - Started process (PID=17897) to work on /Users/oanottage/opt/anaconda3/envs/energyvenv/lib/python3.9/site-packages/airflow/example_dags/example_nested_branch_dag.py
[2023-04-07T17:55:03.878+0200] {processor.py:743} INFO - Processing file /Users/oanottage/opt/anaconda3/envs/energyvenv/lib/python3.9/site-packages/airflow/example_dags/example_nested_branch_dag.py for tasks to queue
[2023-04-07T17:55:03.878+0200] {logging_mixin.py:137} INFO - [2023-04-07T17:55:03.878+0200] {dagbag.py:532} INFO - Filling up the DagBag from /Users/oanottage/opt/anaconda3/envs/energyvenv/lib/python3.9/site-packages/airflow/example_dags/example_nested_branch_dag.py
[2023-04-07T17:55:03.945+0200] {processor.py:753} INFO - DAG(s) dict_keys(['example_nested_branch_dag']) retrieved from /Users/oanottage/opt/anaconda3/envs/energyvenv/lib/python3.9/site-packages/airflow/example_dags/example_nested_branch_dag.py
[2023-04-07T17:55:04.583+0200] {logging_mixin.py:137} INFO - [2023-04-07T17:55:04.582+0200] {dag.py:2705} INFO - Sync 1 DAGs
[2023-04-07T17:55:04.594+0200] {logging_mixin.py:137} INFO - [2023-04-07T17:55:04.594+0200] {dag.py:3452} INFO - Setting next_dagrun for example_nested_branch_dag to 2023-04-06T00:00:00+00:00, run_after=2023-04-07T00:00:00+00:00
[2023-04-07T17:55:04.608+0200] {processor.py:175} INFO - Processing /Users/oanottage/opt/anaconda3/envs/energyvenv/lib/python3.9/site-packages/airflow/example_dags/example_nested_branch_dag.py took 0.735 seconds
[2023-04-07T17:57:13.720+0200] {processor.py:153} INFO - Started process (PID=18061) to work on /Users/oanottage/opt/anaconda3/envs/energyvenv/lib/python3.9/site-packages/airflow/example_dags/example_nested_branch_dag.py
[2023-04-07T17:57:13.724+0200] {processor.py:743} INFO - Processing file /Users/oanottage/opt/anaconda3/envs/energyvenv/lib/python3.9/site-packages/airflow/example_dags/example_nested_branch_dag.py for tasks to queue
[2023-04-07T17:57:13.724+0200] {logging_mixin.py:137} INFO - [2023-04-07T17:57:13.724+0200] {dagbag.py:532} INFO - Filling up the DagBag from /Users/oanottage/opt/anaconda3/envs/energyvenv/lib/python3.9/site-packages/airflow/example_dags/example_nested_branch_dag.py
[2023-04-07T17:57:13.785+0200] {processor.py:753} INFO - DAG(s) dict_keys(['example_nested_branch_dag']) retrieved from /Users/oanottage/opt/anaconda3/envs/energyvenv/lib/python3.9/site-packages/airflow/example_dags/example_nested_branch_dag.py
[2023-04-07T17:57:14.453+0200] {logging_mixin.py:137} INFO - [2023-04-07T17:57:14.453+0200] {dag.py:2705} INFO - Sync 1 DAGs
[2023-04-07T17:57:14.465+0200] {logging_mixin.py:137} INFO - [2023-04-07T17:57:14.464+0200] {dag.py:3452} INFO - Setting next_dagrun for example_nested_branch_dag to 2023-04-06T00:00:00+00:00, run_after=2023-04-07T00:00:00+00:00
[2023-04-07T17:57:14.478+0200] {processor.py:175} INFO - Processing /Users/oanottage/opt/anaconda3/envs/energyvenv/lib/python3.9/site-packages/airflow/example_dags/example_nested_branch_dag.py took 0.758 seconds
[2023-04-07T17:59:53.407+0200] {processor.py:153} INFO - Started process (PID=18248) to work on /Users/oanottage/opt/anaconda3/envs/energyvenv/lib/python3.9/site-packages/airflow/example_dags/example_nested_branch_dag.py
[2023-04-07T17:59:53.410+0200] {processor.py:743} INFO - Processing file /Users/oanottage/opt/anaconda3/envs/energyvenv/lib/python3.9/site-packages/airflow/example_dags/example_nested_branch_dag.py for tasks to queue
[2023-04-07T17:59:53.410+0200] {logging_mixin.py:137} INFO - [2023-04-07T17:59:53.410+0200] {dagbag.py:532} INFO - Filling up the DagBag from /Users/oanottage/opt/anaconda3/envs/energyvenv/lib/python3.9/site-packages/airflow/example_dags/example_nested_branch_dag.py
[2023-04-07T17:59:53.474+0200] {processor.py:753} INFO - DAG(s) dict_keys(['example_nested_branch_dag']) retrieved from /Users/oanottage/opt/anaconda3/envs/energyvenv/lib/python3.9/site-packages/airflow/example_dags/example_nested_branch_dag.py
[2023-04-07T17:59:54.149+0200] {logging_mixin.py:137} INFO - [2023-04-07T17:59:54.149+0200] {dag.py:2705} INFO - Sync 1 DAGs
[2023-04-07T17:59:54.161+0200] {logging_mixin.py:137} INFO - [2023-04-07T17:59:54.161+0200] {dag.py:3452} INFO - Setting next_dagrun for example_nested_branch_dag to 2023-04-06T00:00:00+00:00, run_after=2023-04-07T00:00:00+00:00
[2023-04-07T17:59:54.174+0200] {processor.py:175} INFO - Processing /Users/oanottage/opt/anaconda3/envs/energyvenv/lib/python3.9/site-packages/airflow/example_dags/example_nested_branch_dag.py took 0.767 seconds
[2023-04-07T18:02:35.131+0200] {processor.py:153} INFO - Started process (PID=18440) to work on /Users/oanottage/opt/anaconda3/envs/energyvenv/lib/python3.9/site-packages/airflow/example_dags/example_nested_branch_dag.py
[2023-04-07T18:02:35.134+0200] {processor.py:743} INFO - Processing file /Users/oanottage/opt/anaconda3/envs/energyvenv/lib/python3.9/site-packages/airflow/example_dags/example_nested_branch_dag.py for tasks to queue
[2023-04-07T18:02:35.134+0200] {logging_mixin.py:137} INFO - [2023-04-07T18:02:35.134+0200] {dagbag.py:532} INFO - Filling up the DagBag from /Users/oanottage/opt/anaconda3/envs/energyvenv/lib/python3.9/site-packages/airflow/example_dags/example_nested_branch_dag.py
[2023-04-07T18:02:35.199+0200] {processor.py:753} INFO - DAG(s) dict_keys(['example_nested_branch_dag']) retrieved from /Users/oanottage/opt/anaconda3/envs/energyvenv/lib/python3.9/site-packages/airflow/example_dags/example_nested_branch_dag.py
[2023-04-07T18:02:35.846+0200] {logging_mixin.py:137} INFO - [2023-04-07T18:02:35.845+0200] {dag.py:2705} INFO - Sync 1 DAGs
[2023-04-07T18:02:35.858+0200] {logging_mixin.py:137} INFO - [2023-04-07T18:02:35.858+0200] {dag.py:3452} INFO - Setting next_dagrun for example_nested_branch_dag to 2023-04-06T00:00:00+00:00, run_after=2023-04-07T00:00:00+00:00
[2023-04-07T18:02:35.871+0200] {processor.py:175} INFO - Processing /Users/oanottage/opt/anaconda3/envs/energyvenv/lib/python3.9/site-packages/airflow/example_dags/example_nested_branch_dag.py took 0.741 seconds
[2023-04-07T18:05:16.437+0200] {processor.py:153} INFO - Started process (PID=18654) to work on /Users/oanottage/opt/anaconda3/envs/energyvenv/lib/python3.9/site-packages/airflow/example_dags/example_nested_branch_dag.py
[2023-04-07T18:05:16.441+0200] {processor.py:743} INFO - Processing file /Users/oanottage/opt/anaconda3/envs/energyvenv/lib/python3.9/site-packages/airflow/example_dags/example_nested_branch_dag.py for tasks to queue
[2023-04-07T18:05:16.441+0200] {logging_mixin.py:137} INFO - [2023-04-07T18:05:16.441+0200] {dagbag.py:532} INFO - Filling up the DagBag from /Users/oanottage/opt/anaconda3/envs/energyvenv/lib/python3.9/site-packages/airflow/example_dags/example_nested_branch_dag.py
[2023-04-07T18:05:16.495+0200] {processor.py:753} INFO - DAG(s) dict_keys(['example_nested_branch_dag']) retrieved from /Users/oanottage/opt/anaconda3/envs/energyvenv/lib/python3.9/site-packages/airflow/example_dags/example_nested_branch_dag.py
[2023-04-07T18:05:17.171+0200] {logging_mixin.py:137} INFO - [2023-04-07T18:05:17.170+0200] {dag.py:2705} INFO - Sync 1 DAGs
[2023-04-07T18:05:17.182+0200] {logging_mixin.py:137} INFO - [2023-04-07T18:05:17.182+0200] {dag.py:3452} INFO - Setting next_dagrun for example_nested_branch_dag to 2023-04-06T00:00:00+00:00, run_after=2023-04-07T00:00:00+00:00
[2023-04-07T18:05:17.195+0200] {processor.py:175} INFO - Processing /Users/oanottage/opt/anaconda3/envs/energyvenv/lib/python3.9/site-packages/airflow/example_dags/example_nested_branch_dag.py took 0.758 seconds
[2023-04-07T18:07:10.762+0200] {processor.py:153} INFO - Started process (PID=18803) to work on /Users/oanottage/opt/anaconda3/envs/energyvenv/lib/python3.9/site-packages/airflow/example_dags/example_nested_branch_dag.py
[2023-04-07T18:07:10.765+0200] {processor.py:743} INFO - Processing file /Users/oanottage/opt/anaconda3/envs/energyvenv/lib/python3.9/site-packages/airflow/example_dags/example_nested_branch_dag.py for tasks to queue
[2023-04-07T18:07:10.765+0200] {logging_mixin.py:137} INFO - [2023-04-07T18:07:10.765+0200] {dagbag.py:532} INFO - Filling up the DagBag from /Users/oanottage/opt/anaconda3/envs/energyvenv/lib/python3.9/site-packages/airflow/example_dags/example_nested_branch_dag.py
[2023-04-07T18:07:10.834+0200] {processor.py:753} INFO - DAG(s) dict_keys(['example_nested_branch_dag']) retrieved from /Users/oanottage/opt/anaconda3/envs/energyvenv/lib/python3.9/site-packages/airflow/example_dags/example_nested_branch_dag.py
[2023-04-07T18:07:11.543+0200] {logging_mixin.py:137} INFO - [2023-04-07T18:07:11.543+0200] {dag.py:2705} INFO - Sync 1 DAGs
[2023-04-07T18:07:11.556+0200] {logging_mixin.py:137} INFO - [2023-04-07T18:07:11.556+0200] {dag.py:3452} INFO - Setting next_dagrun for example_nested_branch_dag to 2023-04-06T00:00:00+00:00, run_after=2023-04-07T00:00:00+00:00
[2023-04-07T18:07:11.568+0200] {processor.py:175} INFO - Processing /Users/oanottage/opt/anaconda3/envs/energyvenv/lib/python3.9/site-packages/airflow/example_dags/example_nested_branch_dag.py took 0.807 seconds
[2023-04-07T18:08:44.506+0200] {processor.py:153} INFO - Started process (PID=18934) to work on /Users/oanottage/opt/anaconda3/envs/energyvenv/lib/python3.9/site-packages/airflow/example_dags/example_nested_branch_dag.py
[2023-04-07T18:08:44.510+0200] {processor.py:743} INFO - Processing file /Users/oanottage/opt/anaconda3/envs/energyvenv/lib/python3.9/site-packages/airflow/example_dags/example_nested_branch_dag.py for tasks to queue
[2023-04-07T18:08:44.511+0200] {logging_mixin.py:137} INFO - [2023-04-07T18:08:44.511+0200] {dagbag.py:532} INFO - Filling up the DagBag from /Users/oanottage/opt/anaconda3/envs/energyvenv/lib/python3.9/site-packages/airflow/example_dags/example_nested_branch_dag.py
[2023-04-07T18:08:44.583+0200] {processor.py:753} INFO - DAG(s) dict_keys(['example_nested_branch_dag']) retrieved from /Users/oanottage/opt/anaconda3/envs/energyvenv/lib/python3.9/site-packages/airflow/example_dags/example_nested_branch_dag.py
[2023-04-07T18:08:45.300+0200] {logging_mixin.py:137} INFO - [2023-04-07T18:08:45.300+0200] {dag.py:2705} INFO - Sync 1 DAGs
[2023-04-07T18:08:45.313+0200] {logging_mixin.py:137} INFO - [2023-04-07T18:08:45.313+0200] {dag.py:3452} INFO - Setting next_dagrun for example_nested_branch_dag to 2023-04-06T00:00:00+00:00, run_after=2023-04-07T00:00:00+00:00
[2023-04-07T18:08:45.326+0200] {processor.py:175} INFO - Processing /Users/oanottage/opt/anaconda3/envs/energyvenv/lib/python3.9/site-packages/airflow/example_dags/example_nested_branch_dag.py took 0.820 seconds
[2023-04-07T18:10:33.832+0200] {processor.py:153} INFO - Started process (PID=19137) to work on /Users/oanottage/opt/anaconda3/envs/energyvenv/lib/python3.9/site-packages/airflow/example_dags/example_nested_branch_dag.py
[2023-04-07T18:10:33.836+0200] {processor.py:743} INFO - Processing file /Users/oanottage/opt/anaconda3/envs/energyvenv/lib/python3.9/site-packages/airflow/example_dags/example_nested_branch_dag.py for tasks to queue
[2023-04-07T18:10:33.836+0200] {logging_mixin.py:137} INFO - [2023-04-07T18:10:33.836+0200] {dagbag.py:532} INFO - Filling up the DagBag from /Users/oanottage/opt/anaconda3/envs/energyvenv/lib/python3.9/site-packages/airflow/example_dags/example_nested_branch_dag.py
[2023-04-07T18:10:33.898+0200] {processor.py:753} INFO - DAG(s) dict_keys(['example_nested_branch_dag']) retrieved from /Users/oanottage/opt/anaconda3/envs/energyvenv/lib/python3.9/site-packages/airflow/example_dags/example_nested_branch_dag.py
[2023-04-07T18:10:34.538+0200] {logging_mixin.py:137} INFO - [2023-04-07T18:10:34.537+0200] {dag.py:2705} INFO - Sync 1 DAGs
[2023-04-07T18:10:34.549+0200] {logging_mixin.py:137} INFO - [2023-04-07T18:10:34.549+0200] {dag.py:3452} INFO - Setting next_dagrun for example_nested_branch_dag to 2023-04-06T00:00:00+00:00, run_after=2023-04-07T00:00:00+00:00
[2023-04-07T18:10:34.562+0200] {processor.py:175} INFO - Processing /Users/oanottage/opt/anaconda3/envs/energyvenv/lib/python3.9/site-packages/airflow/example_dags/example_nested_branch_dag.py took 0.730 seconds
[2023-04-07T18:13:57.537+0200] {processor.py:153} INFO - Started process (PID=19422) to work on /Users/oanottage/opt/anaconda3/envs/energyvenv/lib/python3.9/site-packages/airflow/example_dags/example_nested_branch_dag.py
[2023-04-07T18:13:57.541+0200] {processor.py:743} INFO - Processing file /Users/oanottage/opt/anaconda3/envs/energyvenv/lib/python3.9/site-packages/airflow/example_dags/example_nested_branch_dag.py for tasks to queue
[2023-04-07T18:13:57.541+0200] {logging_mixin.py:137} INFO - [2023-04-07T18:13:57.541+0200] {dagbag.py:532} INFO - Filling up the DagBag from /Users/oanottage/opt/anaconda3/envs/energyvenv/lib/python3.9/site-packages/airflow/example_dags/example_nested_branch_dag.py
[2023-04-07T18:13:57.608+0200] {processor.py:753} INFO - DAG(s) dict_keys(['example_nested_branch_dag']) retrieved from /Users/oanottage/opt/anaconda3/envs/energyvenv/lib/python3.9/site-packages/airflow/example_dags/example_nested_branch_dag.py
[2023-04-07T18:13:58.303+0200] {logging_mixin.py:137} INFO - [2023-04-07T18:13:58.303+0200] {dag.py:2705} INFO - Sync 1 DAGs
[2023-04-07T18:13:58.318+0200] {logging_mixin.py:137} INFO - [2023-04-07T18:13:58.318+0200] {dag.py:3452} INFO - Setting next_dagrun for example_nested_branch_dag to 2023-04-06T00:00:00+00:00, run_after=2023-04-07T00:00:00+00:00
[2023-04-07T18:13:58.332+0200] {processor.py:175} INFO - Processing /Users/oanottage/opt/anaconda3/envs/energyvenv/lib/python3.9/site-packages/airflow/example_dags/example_nested_branch_dag.py took 0.796 seconds
[2023-04-07T18:16:25.431+0200] {processor.py:153} INFO - Started process (PID=19619) to work on /Users/oanottage/opt/anaconda3/envs/energyvenv/lib/python3.9/site-packages/airflow/example_dags/example_nested_branch_dag.py
[2023-04-07T18:16:25.434+0200] {processor.py:743} INFO - Processing file /Users/oanottage/opt/anaconda3/envs/energyvenv/lib/python3.9/site-packages/airflow/example_dags/example_nested_branch_dag.py for tasks to queue
[2023-04-07T18:16:25.434+0200] {logging_mixin.py:137} INFO - [2023-04-07T18:16:25.434+0200] {dagbag.py:532} INFO - Filling up the DagBag from /Users/oanottage/opt/anaconda3/envs/energyvenv/lib/python3.9/site-packages/airflow/example_dags/example_nested_branch_dag.py
[2023-04-07T18:16:25.488+0200] {processor.py:753} INFO - DAG(s) dict_keys(['example_nested_branch_dag']) retrieved from /Users/oanottage/opt/anaconda3/envs/energyvenv/lib/python3.9/site-packages/airflow/example_dags/example_nested_branch_dag.py
[2023-04-07T18:16:26.115+0200] {logging_mixin.py:137} INFO - [2023-04-07T18:16:26.114+0200] {dag.py:2705} INFO - Sync 1 DAGs
[2023-04-07T18:16:26.127+0200] {logging_mixin.py:137} INFO - [2023-04-07T18:16:26.127+0200] {dag.py:3452} INFO - Setting next_dagrun for example_nested_branch_dag to 2023-04-06T00:00:00+00:00, run_after=2023-04-07T00:00:00+00:00
[2023-04-07T18:16:26.140+0200] {processor.py:175} INFO - Processing /Users/oanottage/opt/anaconda3/envs/energyvenv/lib/python3.9/site-packages/airflow/example_dags/example_nested_branch_dag.py took 0.710 seconds
[2023-04-07T18:18:18.874+0200] {processor.py:153} INFO - Started process (PID=19748) to work on /Users/oanottage/opt/anaconda3/envs/energyvenv/lib/python3.9/site-packages/airflow/example_dags/example_nested_branch_dag.py
[2023-04-07T18:18:18.879+0200] {processor.py:743} INFO - Processing file /Users/oanottage/opt/anaconda3/envs/energyvenv/lib/python3.9/site-packages/airflow/example_dags/example_nested_branch_dag.py for tasks to queue
[2023-04-07T18:18:18.880+0200] {logging_mixin.py:137} INFO - [2023-04-07T18:18:18.879+0200] {dagbag.py:532} INFO - Filling up the DagBag from /Users/oanottage/opt/anaconda3/envs/energyvenv/lib/python3.9/site-packages/airflow/example_dags/example_nested_branch_dag.py
[2023-04-07T18:18:18.954+0200] {processor.py:753} INFO - DAG(s) dict_keys(['example_nested_branch_dag']) retrieved from /Users/oanottage/opt/anaconda3/envs/energyvenv/lib/python3.9/site-packages/airflow/example_dags/example_nested_branch_dag.py
[2023-04-07T18:18:19.649+0200] {logging_mixin.py:137} INFO - [2023-04-07T18:18:19.649+0200] {dag.py:2705} INFO - Sync 1 DAGs
[2023-04-07T18:18:19.661+0200] {logging_mixin.py:137} INFO - [2023-04-07T18:18:19.661+0200] {dag.py:3452} INFO - Setting next_dagrun for example_nested_branch_dag to 2023-04-06T00:00:00+00:00, run_after=2023-04-07T00:00:00+00:00
[2023-04-07T18:18:19.674+0200] {processor.py:175} INFO - Processing /Users/oanottage/opt/anaconda3/envs/energyvenv/lib/python3.9/site-packages/airflow/example_dags/example_nested_branch_dag.py took 0.801 seconds
[2023-04-07T18:21:03.190+0200] {processor.py:153} INFO - Started process (PID=20012) to work on /Users/oanottage/opt/anaconda3/envs/energyvenv/lib/python3.9/site-packages/airflow/example_dags/example_nested_branch_dag.py
[2023-04-07T18:21:03.193+0200] {processor.py:743} INFO - Processing file /Users/oanottage/opt/anaconda3/envs/energyvenv/lib/python3.9/site-packages/airflow/example_dags/example_nested_branch_dag.py for tasks to queue
[2023-04-07T18:21:03.194+0200] {logging_mixin.py:137} INFO - [2023-04-07T18:21:03.193+0200] {dagbag.py:532} INFO - Filling up the DagBag from /Users/oanottage/opt/anaconda3/envs/energyvenv/lib/python3.9/site-packages/airflow/example_dags/example_nested_branch_dag.py
[2023-04-07T18:21:03.248+0200] {processor.py:753} INFO - DAG(s) dict_keys(['example_nested_branch_dag']) retrieved from /Users/oanottage/opt/anaconda3/envs/energyvenv/lib/python3.9/site-packages/airflow/example_dags/example_nested_branch_dag.py
[2023-04-07T18:21:03.871+0200] {logging_mixin.py:137} INFO - [2023-04-07T18:21:03.870+0200] {dag.py:2705} INFO - Sync 1 DAGs
[2023-04-07T18:21:03.882+0200] {logging_mixin.py:137} INFO - [2023-04-07T18:21:03.882+0200] {dag.py:3452} INFO - Setting next_dagrun for example_nested_branch_dag to 2023-04-06T00:00:00+00:00, run_after=2023-04-07T00:00:00+00:00
[2023-04-07T18:21:03.910+0200] {processor.py:175} INFO - Processing /Users/oanottage/opt/anaconda3/envs/energyvenv/lib/python3.9/site-packages/airflow/example_dags/example_nested_branch_dag.py took 0.721 seconds
[2023-04-07T18:23:43.011+0200] {processor.py:153} INFO - Started process (PID=20187) to work on /Users/oanottage/opt/anaconda3/envs/energyvenv/lib/python3.9/site-packages/airflow/example_dags/example_nested_branch_dag.py
[2023-04-07T18:23:43.017+0200] {processor.py:743} INFO - Processing file /Users/oanottage/opt/anaconda3/envs/energyvenv/lib/python3.9/site-packages/airflow/example_dags/example_nested_branch_dag.py for tasks to queue
[2023-04-07T18:23:43.017+0200] {logging_mixin.py:137} INFO - [2023-04-07T18:23:43.017+0200] {dagbag.py:532} INFO - Filling up the DagBag from /Users/oanottage/opt/anaconda3/envs/energyvenv/lib/python3.9/site-packages/airflow/example_dags/example_nested_branch_dag.py
[2023-04-07T18:23:43.095+0200] {processor.py:753} INFO - DAG(s) dict_keys(['example_nested_branch_dag']) retrieved from /Users/oanottage/opt/anaconda3/envs/energyvenv/lib/python3.9/site-packages/airflow/example_dags/example_nested_branch_dag.py
[2023-04-07T18:23:43.980+0200] {logging_mixin.py:137} INFO - [2023-04-07T18:23:43.980+0200] {dag.py:2705} INFO - Sync 1 DAGs
[2023-04-07T18:23:43.994+0200] {logging_mixin.py:137} INFO - [2023-04-07T18:23:43.994+0200] {dag.py:3452} INFO - Setting next_dagrun for example_nested_branch_dag to 2023-04-06T00:00:00+00:00, run_after=2023-04-07T00:00:00+00:00
[2023-04-07T18:23:44.007+0200] {processor.py:175} INFO - Processing /Users/oanottage/opt/anaconda3/envs/energyvenv/lib/python3.9/site-packages/airflow/example_dags/example_nested_branch_dag.py took 0.998 seconds
[2023-04-07T18:26:30.188+0200] {processor.py:153} INFO - Started process (PID=20393) to work on /Users/oanottage/opt/anaconda3/envs/energyvenv/lib/python3.9/site-packages/airflow/example_dags/example_nested_branch_dag.py
[2023-04-07T18:26:30.192+0200] {processor.py:743} INFO - Processing file /Users/oanottage/opt/anaconda3/envs/energyvenv/lib/python3.9/site-packages/airflow/example_dags/example_nested_branch_dag.py for tasks to queue
[2023-04-07T18:26:30.192+0200] {logging_mixin.py:137} INFO - [2023-04-07T18:26:30.192+0200] {dagbag.py:532} INFO - Filling up the DagBag from /Users/oanottage/opt/anaconda3/envs/energyvenv/lib/python3.9/site-packages/airflow/example_dags/example_nested_branch_dag.py
[2023-04-07T18:26:30.248+0200] {processor.py:753} INFO - DAG(s) dict_keys(['example_nested_branch_dag']) retrieved from /Users/oanottage/opt/anaconda3/envs/energyvenv/lib/python3.9/site-packages/airflow/example_dags/example_nested_branch_dag.py
[2023-04-07T18:26:30.967+0200] {logging_mixin.py:137} INFO - [2023-04-07T18:26:30.966+0200] {dag.py:2705} INFO - Sync 1 DAGs
[2023-04-07T18:26:30.982+0200] {logging_mixin.py:137} INFO - [2023-04-07T18:26:30.982+0200] {dag.py:3452} INFO - Setting next_dagrun for example_nested_branch_dag to 2023-04-06T00:00:00+00:00, run_after=2023-04-07T00:00:00+00:00
[2023-04-07T18:26:30.996+0200] {processor.py:175} INFO - Processing /Users/oanottage/opt/anaconda3/envs/energyvenv/lib/python3.9/site-packages/airflow/example_dags/example_nested_branch_dag.py took 0.809 seconds
[2023-04-07T18:29:36.201+0200] {processor.py:153} INFO - Started process (PID=20638) to work on /Users/oanottage/opt/anaconda3/envs/energyvenv/lib/python3.9/site-packages/airflow/example_dags/example_nested_branch_dag.py
[2023-04-07T18:29:36.204+0200] {processor.py:743} INFO - Processing file /Users/oanottage/opt/anaconda3/envs/energyvenv/lib/python3.9/site-packages/airflow/example_dags/example_nested_branch_dag.py for tasks to queue
[2023-04-07T18:29:36.204+0200] {logging_mixin.py:137} INFO - [2023-04-07T18:29:36.204+0200] {dagbag.py:532} INFO - Filling up the DagBag from /Users/oanottage/opt/anaconda3/envs/energyvenv/lib/python3.9/site-packages/airflow/example_dags/example_nested_branch_dag.py
[2023-04-07T18:29:36.264+0200] {processor.py:753} INFO - DAG(s) dict_keys(['example_nested_branch_dag']) retrieved from /Users/oanottage/opt/anaconda3/envs/energyvenv/lib/python3.9/site-packages/airflow/example_dags/example_nested_branch_dag.py
[2023-04-07T18:29:37.013+0200] {logging_mixin.py:137} INFO - [2023-04-07T18:29:37.013+0200] {dag.py:2705} INFO - Sync 1 DAGs
[2023-04-07T18:29:37.026+0200] {logging_mixin.py:137} INFO - [2023-04-07T18:29:37.025+0200] {dag.py:3452} INFO - Setting next_dagrun for example_nested_branch_dag to 2023-04-06T00:00:00+00:00, run_after=2023-04-07T00:00:00+00:00
[2023-04-07T18:29:37.039+0200] {processor.py:175} INFO - Processing /Users/oanottage/opt/anaconda3/envs/energyvenv/lib/python3.9/site-packages/airflow/example_dags/example_nested_branch_dag.py took 0.839 seconds
[2023-04-07T18:30:56.099+0200] {processor.py:153} INFO - Started process (PID=20812) to work on /Users/oanottage/opt/anaconda3/envs/energyvenv/lib/python3.9/site-packages/airflow/example_dags/example_nested_branch_dag.py
[2023-04-07T18:30:56.103+0200] {processor.py:743} INFO - Processing file /Users/oanottage/opt/anaconda3/envs/energyvenv/lib/python3.9/site-packages/airflow/example_dags/example_nested_branch_dag.py for tasks to queue
[2023-04-07T18:30:56.103+0200] {logging_mixin.py:137} INFO - [2023-04-07T18:30:56.103+0200] {dagbag.py:532} INFO - Filling up the DagBag from /Users/oanottage/opt/anaconda3/envs/energyvenv/lib/python3.9/site-packages/airflow/example_dags/example_nested_branch_dag.py
[2023-04-07T18:30:56.159+0200] {processor.py:753} INFO - DAG(s) dict_keys(['example_nested_branch_dag']) retrieved from /Users/oanottage/opt/anaconda3/envs/energyvenv/lib/python3.9/site-packages/airflow/example_dags/example_nested_branch_dag.py
[2023-04-07T18:30:56.774+0200] {logging_mixin.py:137} INFO - [2023-04-07T18:30:56.774+0200] {dag.py:2705} INFO - Sync 1 DAGs
[2023-04-07T18:30:56.791+0200] {logging_mixin.py:137} INFO - [2023-04-07T18:30:56.791+0200] {dag.py:3452} INFO - Setting next_dagrun for example_nested_branch_dag to 2023-04-06T00:00:00+00:00, run_after=2023-04-07T00:00:00+00:00
[2023-04-07T18:30:56.806+0200] {processor.py:175} INFO - Processing /Users/oanottage/opt/anaconda3/envs/energyvenv/lib/python3.9/site-packages/airflow/example_dags/example_nested_branch_dag.py took 0.707 seconds
[2023-04-07T18:42:57.077+0200] {processor.py:153} INFO - Started process (PID=21453) to work on /Users/oanottage/opt/anaconda3/envs/energyvenv/lib/python3.9/site-packages/airflow/example_dags/example_nested_branch_dag.py
[2023-04-07T18:42:57.081+0200] {processor.py:743} INFO - Processing file /Users/oanottage/opt/anaconda3/envs/energyvenv/lib/python3.9/site-packages/airflow/example_dags/example_nested_branch_dag.py for tasks to queue
[2023-04-07T18:42:57.081+0200] {logging_mixin.py:137} INFO - [2023-04-07T18:42:57.081+0200] {dagbag.py:532} INFO - Filling up the DagBag from /Users/oanottage/opt/anaconda3/envs/energyvenv/lib/python3.9/site-packages/airflow/example_dags/example_nested_branch_dag.py
[2023-04-07T18:42:57.146+0200] {processor.py:753} INFO - DAG(s) dict_keys(['example_nested_branch_dag']) retrieved from /Users/oanottage/opt/anaconda3/envs/energyvenv/lib/python3.9/site-packages/airflow/example_dags/example_nested_branch_dag.py
[2023-04-07T18:42:57.902+0200] {logging_mixin.py:137} INFO - [2023-04-07T18:42:57.901+0200] {dag.py:2705} INFO - Sync 1 DAGs
[2023-04-07T18:42:57.917+0200] {logging_mixin.py:137} INFO - [2023-04-07T18:42:57.917+0200] {dag.py:3452} INFO - Setting next_dagrun for example_nested_branch_dag to 2023-04-06T00:00:00+00:00, run_after=2023-04-07T00:00:00+00:00
[2023-04-07T18:42:57.932+0200] {processor.py:175} INFO - Processing /Users/oanottage/opt/anaconda3/envs/energyvenv/lib/python3.9/site-packages/airflow/example_dags/example_nested_branch_dag.py took 0.856 seconds
[2023-04-07T18:45:51.155+0200] {processor.py:153} INFO - Started process (PID=21667) to work on /Users/oanottage/opt/anaconda3/envs/energyvenv/lib/python3.9/site-packages/airflow/example_dags/example_nested_branch_dag.py
[2023-04-07T18:45:51.159+0200] {processor.py:743} INFO - Processing file /Users/oanottage/opt/anaconda3/envs/energyvenv/lib/python3.9/site-packages/airflow/example_dags/example_nested_branch_dag.py for tasks to queue
[2023-04-07T18:45:51.159+0200] {logging_mixin.py:137} INFO - [2023-04-07T18:45:51.159+0200] {dagbag.py:532} INFO - Filling up the DagBag from /Users/oanottage/opt/anaconda3/envs/energyvenv/lib/python3.9/site-packages/airflow/example_dags/example_nested_branch_dag.py
[2023-04-07T18:45:51.213+0200] {processor.py:753} INFO - DAG(s) dict_keys(['example_nested_branch_dag']) retrieved from /Users/oanottage/opt/anaconda3/envs/energyvenv/lib/python3.9/site-packages/airflow/example_dags/example_nested_branch_dag.py
[2023-04-07T18:45:51.816+0200] {logging_mixin.py:137} INFO - [2023-04-07T18:45:51.816+0200] {dag.py:2705} INFO - Sync 1 DAGs
[2023-04-07T18:45:51.829+0200] {logging_mixin.py:137} INFO - [2023-04-07T18:45:51.829+0200] {dag.py:3452} INFO - Setting next_dagrun for example_nested_branch_dag to 2023-04-06T00:00:00+00:00, run_after=2023-04-07T00:00:00+00:00
[2023-04-07T18:45:51.843+0200] {processor.py:175} INFO - Processing /Users/oanottage/opt/anaconda3/envs/energyvenv/lib/python3.9/site-packages/airflow/example_dags/example_nested_branch_dag.py took 0.688 seconds
