[2023-04-07T17:54:54.108+0200] {processor.py:153} INFO - Started process (PID=17881) to work on /Users/oanottage/opt/anaconda3/envs/energyvenv/lib/python3.9/site-packages/airflow/example_dags/example_sensor_decorator.py
[2023-04-07T17:54:54.111+0200] {processor.py:743} INFO - Processing file /Users/oanottage/opt/anaconda3/envs/energyvenv/lib/python3.9/site-packages/airflow/example_dags/example_sensor_decorator.py for tasks to queue
[2023-04-07T17:54:54.111+0200] {logging_mixin.py:137} INFO - [2023-04-07T17:54:54.111+0200] {dagbag.py:532} INFO - Filling up the DagBag from /Users/oanottage/opt/anaconda3/envs/energyvenv/lib/python3.9/site-packages/airflow/example_dags/example_sensor_decorator.py
[2023-04-07T17:54:54.163+0200] {processor.py:753} INFO - DAG(s) dict_keys(['example_sensor_decorator']) retrieved from /Users/oanottage/opt/anaconda3/envs/energyvenv/lib/python3.9/site-packages/airflow/example_dags/example_sensor_decorator.py
[2023-04-07T17:54:54.928+0200] {logging_mixin.py:137} INFO - [2023-04-07T17:54:54.928+0200] {dag.py:2705} INFO - Sync 1 DAGs
[2023-04-07T17:54:54.941+0200] {logging_mixin.py:137} INFO - [2023-04-07T17:54:54.941+0200] {dag.py:3452} INFO - Setting next_dagrun for example_sensor_decorator to None, run_after=None
[2023-04-07T17:54:54.958+0200] {processor.py:175} INFO - Processing /Users/oanottage/opt/anaconda3/envs/energyvenv/lib/python3.9/site-packages/airflow/example_dags/example_sensor_decorator.py took 0.850 seconds
[2023-04-07T17:57:02.791+0200] {processor.py:153} INFO - Started process (PID=18050) to work on /Users/oanottage/opt/anaconda3/envs/energyvenv/lib/python3.9/site-packages/airflow/example_dags/example_sensor_decorator.py
[2023-04-07T17:57:02.794+0200] {processor.py:743} INFO - Processing file /Users/oanottage/opt/anaconda3/envs/energyvenv/lib/python3.9/site-packages/airflow/example_dags/example_sensor_decorator.py for tasks to queue
[2023-04-07T17:57:02.794+0200] {logging_mixin.py:137} INFO - [2023-04-07T17:57:02.794+0200] {dagbag.py:532} INFO - Filling up the DagBag from /Users/oanottage/opt/anaconda3/envs/energyvenv/lib/python3.9/site-packages/airflow/example_dags/example_sensor_decorator.py
[2023-04-07T17:57:02.851+0200] {processor.py:753} INFO - DAG(s) dict_keys(['example_sensor_decorator']) retrieved from /Users/oanottage/opt/anaconda3/envs/energyvenv/lib/python3.9/site-packages/airflow/example_dags/example_sensor_decorator.py
[2023-04-07T17:57:03.571+0200] {logging_mixin.py:137} INFO - [2023-04-07T17:57:03.571+0200] {dag.py:2705} INFO - Sync 1 DAGs
[2023-04-07T17:57:03.584+0200] {logging_mixin.py:137} INFO - [2023-04-07T17:57:03.583+0200] {dag.py:3452} INFO - Setting next_dagrun for example_sensor_decorator to None, run_after=None
[2023-04-07T17:57:03.597+0200] {processor.py:175} INFO - Processing /Users/oanottage/opt/anaconda3/envs/energyvenv/lib/python3.9/site-packages/airflow/example_dags/example_sensor_decorator.py took 0.807 seconds
[2023-04-07T17:58:38.375+0200] {processor.py:153} INFO - Started process (PID=18156) to work on /Users/oanottage/opt/anaconda3/envs/energyvenv/lib/python3.9/site-packages/airflow/example_dags/example_sensor_decorator.py
[2023-04-07T17:58:38.379+0200] {processor.py:743} INFO - Processing file /Users/oanottage/opt/anaconda3/envs/energyvenv/lib/python3.9/site-packages/airflow/example_dags/example_sensor_decorator.py for tasks to queue
[2023-04-07T17:58:38.379+0200] {logging_mixin.py:137} INFO - [2023-04-07T17:58:38.379+0200] {dagbag.py:532} INFO - Filling up the DagBag from /Users/oanottage/opt/anaconda3/envs/energyvenv/lib/python3.9/site-packages/airflow/example_dags/example_sensor_decorator.py
[2023-04-07T17:58:38.437+0200] {processor.py:753} INFO - DAG(s) dict_keys(['example_sensor_decorator']) retrieved from /Users/oanottage/opt/anaconda3/envs/energyvenv/lib/python3.9/site-packages/airflow/example_dags/example_sensor_decorator.py
[2023-04-07T17:58:39.156+0200] {logging_mixin.py:137} INFO - [2023-04-07T17:58:39.155+0200] {dag.py:2705} INFO - Sync 1 DAGs
[2023-04-07T17:58:39.169+0200] {logging_mixin.py:137} INFO - [2023-04-07T17:58:39.169+0200] {dag.py:3452} INFO - Setting next_dagrun for example_sensor_decorator to None, run_after=None
[2023-04-07T17:58:39.184+0200] {processor.py:175} INFO - Processing /Users/oanottage/opt/anaconda3/envs/energyvenv/lib/python3.9/site-packages/airflow/example_dags/example_sensor_decorator.py took 0.809 seconds
[2023-04-07T18:01:18.299+0200] {processor.py:153} INFO - Started process (PID=18352) to work on /Users/oanottage/opt/anaconda3/envs/energyvenv/lib/python3.9/site-packages/airflow/example_dags/example_sensor_decorator.py
[2023-04-07T18:01:18.302+0200] {processor.py:743} INFO - Processing file /Users/oanottage/opt/anaconda3/envs/energyvenv/lib/python3.9/site-packages/airflow/example_dags/example_sensor_decorator.py for tasks to queue
[2023-04-07T18:01:18.302+0200] {logging_mixin.py:137} INFO - [2023-04-07T18:01:18.302+0200] {dagbag.py:532} INFO - Filling up the DagBag from /Users/oanottage/opt/anaconda3/envs/energyvenv/lib/python3.9/site-packages/airflow/example_dags/example_sensor_decorator.py
[2023-04-07T18:01:18.354+0200] {processor.py:753} INFO - DAG(s) dict_keys(['example_sensor_decorator']) retrieved from /Users/oanottage/opt/anaconda3/envs/energyvenv/lib/python3.9/site-packages/airflow/example_dags/example_sensor_decorator.py
[2023-04-07T18:01:19.032+0200] {logging_mixin.py:137} INFO - [2023-04-07T18:01:19.032+0200] {dag.py:2705} INFO - Sync 1 DAGs
[2023-04-07T18:01:19.043+0200] {logging_mixin.py:137} INFO - [2023-04-07T18:01:19.043+0200] {dag.py:3452} INFO - Setting next_dagrun for example_sensor_decorator to None, run_after=None
[2023-04-07T18:01:19.056+0200] {processor.py:175} INFO - Processing /Users/oanottage/opt/anaconda3/envs/energyvenv/lib/python3.9/site-packages/airflow/example_dags/example_sensor_decorator.py took 0.757 seconds
[2023-04-07T18:05:05.675+0200] {processor.py:153} INFO - Started process (PID=18640) to work on /Users/oanottage/opt/anaconda3/envs/energyvenv/lib/python3.9/site-packages/airflow/example_dags/example_sensor_decorator.py
[2023-04-07T18:05:05.678+0200] {processor.py:743} INFO - Processing file /Users/oanottage/opt/anaconda3/envs/energyvenv/lib/python3.9/site-packages/airflow/example_dags/example_sensor_decorator.py for tasks to queue
[2023-04-07T18:05:05.679+0200] {logging_mixin.py:137} INFO - [2023-04-07T18:05:05.679+0200] {dagbag.py:532} INFO - Filling up the DagBag from /Users/oanottage/opt/anaconda3/envs/energyvenv/lib/python3.9/site-packages/airflow/example_dags/example_sensor_decorator.py
[2023-04-07T18:05:05.739+0200] {processor.py:753} INFO - DAG(s) dict_keys(['example_sensor_decorator']) retrieved from /Users/oanottage/opt/anaconda3/envs/energyvenv/lib/python3.9/site-packages/airflow/example_dags/example_sensor_decorator.py
[2023-04-07T18:05:06.466+0200] {logging_mixin.py:137} INFO - [2023-04-07T18:05:06.465+0200] {dag.py:2705} INFO - Sync 1 DAGs
[2023-04-07T18:05:06.476+0200] {logging_mixin.py:137} INFO - [2023-04-07T18:05:06.476+0200] {dag.py:3452} INFO - Setting next_dagrun for example_sensor_decorator to None, run_after=None
[2023-04-07T18:05:06.492+0200] {processor.py:175} INFO - Processing /Users/oanottage/opt/anaconda3/envs/energyvenv/lib/python3.9/site-packages/airflow/example_dags/example_sensor_decorator.py took 0.818 seconds
[2023-04-07T18:06:59.562+0200] {processor.py:153} INFO - Started process (PID=18782) to work on /Users/oanottage/opt/anaconda3/envs/energyvenv/lib/python3.9/site-packages/airflow/example_dags/example_sensor_decorator.py
[2023-04-07T18:06:59.566+0200] {processor.py:743} INFO - Processing file /Users/oanottage/opt/anaconda3/envs/energyvenv/lib/python3.9/site-packages/airflow/example_dags/example_sensor_decorator.py for tasks to queue
[2023-04-07T18:06:59.566+0200] {logging_mixin.py:137} INFO - [2023-04-07T18:06:59.566+0200] {dagbag.py:532} INFO - Filling up the DagBag from /Users/oanottage/opt/anaconda3/envs/energyvenv/lib/python3.9/site-packages/airflow/example_dags/example_sensor_decorator.py
[2023-04-07T18:06:59.628+0200] {processor.py:753} INFO - DAG(s) dict_keys(['example_sensor_decorator']) retrieved from /Users/oanottage/opt/anaconda3/envs/energyvenv/lib/python3.9/site-packages/airflow/example_dags/example_sensor_decorator.py
[2023-04-07T18:07:00.457+0200] {logging_mixin.py:137} INFO - [2023-04-07T18:07:00.457+0200] {dag.py:2705} INFO - Sync 1 DAGs
[2023-04-07T18:07:00.471+0200] {logging_mixin.py:137} INFO - [2023-04-07T18:07:00.471+0200] {dag.py:3452} INFO - Setting next_dagrun for example_sensor_decorator to None, run_after=None
[2023-04-07T18:07:00.485+0200] {processor.py:175} INFO - Processing /Users/oanottage/opt/anaconda3/envs/energyvenv/lib/python3.9/site-packages/airflow/example_dags/example_sensor_decorator.py took 0.924 seconds
[2023-04-07T18:08:35.432+0200] {processor.py:153} INFO - Started process (PID=18924) to work on /Users/oanottage/opt/anaconda3/envs/energyvenv/lib/python3.9/site-packages/airflow/example_dags/example_sensor_decorator.py
[2023-04-07T18:08:35.435+0200] {processor.py:743} INFO - Processing file /Users/oanottage/opt/anaconda3/envs/energyvenv/lib/python3.9/site-packages/airflow/example_dags/example_sensor_decorator.py for tasks to queue
[2023-04-07T18:08:35.436+0200] {logging_mixin.py:137} INFO - [2023-04-07T18:08:35.436+0200] {dagbag.py:532} INFO - Filling up the DagBag from /Users/oanottage/opt/anaconda3/envs/energyvenv/lib/python3.9/site-packages/airflow/example_dags/example_sensor_decorator.py
[2023-04-07T18:08:35.498+0200] {processor.py:753} INFO - DAG(s) dict_keys(['example_sensor_decorator']) retrieved from /Users/oanottage/opt/anaconda3/envs/energyvenv/lib/python3.9/site-packages/airflow/example_dags/example_sensor_decorator.py
[2023-04-07T18:08:36.237+0200] {logging_mixin.py:137} INFO - [2023-04-07T18:08:36.236+0200] {dag.py:2705} INFO - Sync 1 DAGs
[2023-04-07T18:08:36.250+0200] {logging_mixin.py:137} INFO - [2023-04-07T18:08:36.250+0200] {dag.py:3452} INFO - Setting next_dagrun for example_sensor_decorator to None, run_after=None
[2023-04-07T18:08:36.264+0200] {processor.py:175} INFO - Processing /Users/oanottage/opt/anaconda3/envs/energyvenv/lib/python3.9/site-packages/airflow/example_dags/example_sensor_decorator.py took 0.833 seconds
[2023-04-07T18:10:22.744+0200] {processor.py:153} INFO - Started process (PID=19125) to work on /Users/oanottage/opt/anaconda3/envs/energyvenv/lib/python3.9/site-packages/airflow/example_dags/example_sensor_decorator.py
[2023-04-07T18:10:22.748+0200] {processor.py:743} INFO - Processing file /Users/oanottage/opt/anaconda3/envs/energyvenv/lib/python3.9/site-packages/airflow/example_dags/example_sensor_decorator.py for tasks to queue
[2023-04-07T18:10:22.748+0200] {logging_mixin.py:137} INFO - [2023-04-07T18:10:22.748+0200] {dagbag.py:532} INFO - Filling up the DagBag from /Users/oanottage/opt/anaconda3/envs/energyvenv/lib/python3.9/site-packages/airflow/example_dags/example_sensor_decorator.py
[2023-04-07T18:10:22.809+0200] {processor.py:753} INFO - DAG(s) dict_keys(['example_sensor_decorator']) retrieved from /Users/oanottage/opt/anaconda3/envs/energyvenv/lib/python3.9/site-packages/airflow/example_dags/example_sensor_decorator.py
[2023-04-07T18:10:23.669+0200] {logging_mixin.py:137} INFO - [2023-04-07T18:10:23.669+0200] {dag.py:2705} INFO - Sync 1 DAGs
[2023-04-07T18:10:23.683+0200] {logging_mixin.py:137} INFO - [2023-04-07T18:10:23.683+0200] {dag.py:3452} INFO - Setting next_dagrun for example_sensor_decorator to None, run_after=None
[2023-04-07T18:10:23.699+0200] {processor.py:175} INFO - Processing /Users/oanottage/opt/anaconda3/envs/energyvenv/lib/python3.9/site-packages/airflow/example_dags/example_sensor_decorator.py took 0.956 seconds
[2023-04-07T18:13:45.811+0200] {processor.py:153} INFO - Started process (PID=19408) to work on /Users/oanottage/opt/anaconda3/envs/energyvenv/lib/python3.9/site-packages/airflow/example_dags/example_sensor_decorator.py
[2023-04-07T18:13:45.814+0200] {processor.py:743} INFO - Processing file /Users/oanottage/opt/anaconda3/envs/energyvenv/lib/python3.9/site-packages/airflow/example_dags/example_sensor_decorator.py for tasks to queue
[2023-04-07T18:13:45.815+0200] {logging_mixin.py:137} INFO - [2023-04-07T18:13:45.815+0200] {dagbag.py:532} INFO - Filling up the DagBag from /Users/oanottage/opt/anaconda3/envs/energyvenv/lib/python3.9/site-packages/airflow/example_dags/example_sensor_decorator.py
[2023-04-07T18:13:45.867+0200] {processor.py:753} INFO - DAG(s) dict_keys(['example_sensor_decorator']) retrieved from /Users/oanottage/opt/anaconda3/envs/energyvenv/lib/python3.9/site-packages/airflow/example_dags/example_sensor_decorator.py
[2023-04-07T18:13:46.557+0200] {logging_mixin.py:137} INFO - [2023-04-07T18:13:46.557+0200] {dag.py:2705} INFO - Sync 1 DAGs
[2023-04-07T18:13:46.567+0200] {logging_mixin.py:137} INFO - [2023-04-07T18:13:46.567+0200] {dag.py:3452} INFO - Setting next_dagrun for example_sensor_decorator to None, run_after=None
[2023-04-07T18:13:46.580+0200] {processor.py:175} INFO - Processing /Users/oanottage/opt/anaconda3/envs/energyvenv/lib/python3.9/site-packages/airflow/example_dags/example_sensor_decorator.py took 0.770 seconds
[2023-04-07T18:16:16.154+0200] {processor.py:153} INFO - Started process (PID=19608) to work on /Users/oanottage/opt/anaconda3/envs/energyvenv/lib/python3.9/site-packages/airflow/example_dags/example_sensor_decorator.py
[2023-04-07T18:16:16.158+0200] {processor.py:743} INFO - Processing file /Users/oanottage/opt/anaconda3/envs/energyvenv/lib/python3.9/site-packages/airflow/example_dags/example_sensor_decorator.py for tasks to queue
[2023-04-07T18:16:16.158+0200] {logging_mixin.py:137} INFO - [2023-04-07T18:16:16.158+0200] {dagbag.py:532} INFO - Filling up the DagBag from /Users/oanottage/opt/anaconda3/envs/energyvenv/lib/python3.9/site-packages/airflow/example_dags/example_sensor_decorator.py
[2023-04-07T18:16:16.209+0200] {processor.py:753} INFO - DAG(s) dict_keys(['example_sensor_decorator']) retrieved from /Users/oanottage/opt/anaconda3/envs/energyvenv/lib/python3.9/site-packages/airflow/example_dags/example_sensor_decorator.py
[2023-04-07T18:16:16.913+0200] {logging_mixin.py:137} INFO - [2023-04-07T18:16:16.912+0200] {dag.py:2705} INFO - Sync 1 DAGs
[2023-04-07T18:16:16.923+0200] {logging_mixin.py:137} INFO - [2023-04-07T18:16:16.923+0200] {dag.py:3452} INFO - Setting next_dagrun for example_sensor_decorator to None, run_after=None
[2023-04-07T18:16:16.936+0200] {processor.py:175} INFO - Processing /Users/oanottage/opt/anaconda3/envs/energyvenv/lib/python3.9/site-packages/airflow/example_dags/example_sensor_decorator.py took 0.782 seconds
[2023-04-07T18:18:08.054+0200] {processor.py:153} INFO - Started process (PID=19738) to work on /Users/oanottage/opt/anaconda3/envs/energyvenv/lib/python3.9/site-packages/airflow/example_dags/example_sensor_decorator.py
[2023-04-07T18:18:08.058+0200] {processor.py:743} INFO - Processing file /Users/oanottage/opt/anaconda3/envs/energyvenv/lib/python3.9/site-packages/airflow/example_dags/example_sensor_decorator.py for tasks to queue
[2023-04-07T18:18:08.058+0200] {logging_mixin.py:137} INFO - [2023-04-07T18:18:08.058+0200] {dagbag.py:532} INFO - Filling up the DagBag from /Users/oanottage/opt/anaconda3/envs/energyvenv/lib/python3.9/site-packages/airflow/example_dags/example_sensor_decorator.py
[2023-04-07T18:18:08.110+0200] {processor.py:753} INFO - DAG(s) dict_keys(['example_sensor_decorator']) retrieved from /Users/oanottage/opt/anaconda3/envs/energyvenv/lib/python3.9/site-packages/airflow/example_dags/example_sensor_decorator.py
[2023-04-07T18:18:08.914+0200] {logging_mixin.py:137} INFO - [2023-04-07T18:18:08.914+0200] {dag.py:2705} INFO - Sync 1 DAGs
[2023-04-07T18:18:08.928+0200] {logging_mixin.py:137} INFO - [2023-04-07T18:18:08.928+0200] {dag.py:3452} INFO - Setting next_dagrun for example_sensor_decorator to None, run_after=None
[2023-04-07T18:18:08.942+0200] {processor.py:175} INFO - Processing /Users/oanottage/opt/anaconda3/envs/energyvenv/lib/python3.9/site-packages/airflow/example_dags/example_sensor_decorator.py took 0.888 seconds
[2023-04-07T18:20:52.257+0200] {processor.py:153} INFO - Started process (PID=20001) to work on /Users/oanottage/opt/anaconda3/envs/energyvenv/lib/python3.9/site-packages/airflow/example_dags/example_sensor_decorator.py
[2023-04-07T18:20:52.261+0200] {processor.py:743} INFO - Processing file /Users/oanottage/opt/anaconda3/envs/energyvenv/lib/python3.9/site-packages/airflow/example_dags/example_sensor_decorator.py for tasks to queue
[2023-04-07T18:20:52.261+0200] {logging_mixin.py:137} INFO - [2023-04-07T18:20:52.261+0200] {dagbag.py:532} INFO - Filling up the DagBag from /Users/oanottage/opt/anaconda3/envs/energyvenv/lib/python3.9/site-packages/airflow/example_dags/example_sensor_decorator.py
[2023-04-07T18:20:52.320+0200] {processor.py:753} INFO - DAG(s) dict_keys(['example_sensor_decorator']) retrieved from /Users/oanottage/opt/anaconda3/envs/energyvenv/lib/python3.9/site-packages/airflow/example_dags/example_sensor_decorator.py
[2023-04-07T18:20:53.109+0200] {logging_mixin.py:137} INFO - [2023-04-07T18:20:53.108+0200] {dag.py:2705} INFO - Sync 1 DAGs
[2023-04-07T18:20:53.121+0200] {logging_mixin.py:137} INFO - [2023-04-07T18:20:53.121+0200] {dag.py:3452} INFO - Setting next_dagrun for example_sensor_decorator to None, run_after=None
[2023-04-07T18:20:53.135+0200] {processor.py:175} INFO - Processing /Users/oanottage/opt/anaconda3/envs/energyvenv/lib/python3.9/site-packages/airflow/example_dags/example_sensor_decorator.py took 0.878 seconds
[2023-04-07T18:23:31.916+0200] {processor.py:153} INFO - Started process (PID=20175) to work on /Users/oanottage/opt/anaconda3/envs/energyvenv/lib/python3.9/site-packages/airflow/example_dags/example_sensor_decorator.py
[2023-04-07T18:23:31.923+0200] {processor.py:743} INFO - Processing file /Users/oanottage/opt/anaconda3/envs/energyvenv/lib/python3.9/site-packages/airflow/example_dags/example_sensor_decorator.py for tasks to queue
[2023-04-07T18:23:31.923+0200] {logging_mixin.py:137} INFO - [2023-04-07T18:23:31.923+0200] {dagbag.py:532} INFO - Filling up the DagBag from /Users/oanottage/opt/anaconda3/envs/energyvenv/lib/python3.9/site-packages/airflow/example_dags/example_sensor_decorator.py
[2023-04-07T18:23:31.987+0200] {processor.py:753} INFO - DAG(s) dict_keys(['example_sensor_decorator']) retrieved from /Users/oanottage/opt/anaconda3/envs/energyvenv/lib/python3.9/site-packages/airflow/example_dags/example_sensor_decorator.py
[2023-04-07T18:23:32.791+0200] {logging_mixin.py:137} INFO - [2023-04-07T18:23:32.790+0200] {dag.py:2705} INFO - Sync 1 DAGs
[2023-04-07T18:23:32.801+0200] {logging_mixin.py:137} INFO - [2023-04-07T18:23:32.801+0200] {dag.py:3452} INFO - Setting next_dagrun for example_sensor_decorator to None, run_after=None
[2023-04-07T18:23:32.813+0200] {processor.py:175} INFO - Processing /Users/oanottage/opt/anaconda3/envs/energyvenv/lib/python3.9/site-packages/airflow/example_dags/example_sensor_decorator.py took 0.897 seconds
[2023-04-07T18:26:20.609+0200] {processor.py:153} INFO - Started process (PID=20371) to work on /Users/oanottage/opt/anaconda3/envs/energyvenv/lib/python3.9/site-packages/airflow/example_dags/example_sensor_decorator.py
[2023-04-07T18:26:20.615+0200] {processor.py:743} INFO - Processing file /Users/oanottage/opt/anaconda3/envs/energyvenv/lib/python3.9/site-packages/airflow/example_dags/example_sensor_decorator.py for tasks to queue
[2023-04-07T18:26:20.616+0200] {logging_mixin.py:137} INFO - [2023-04-07T18:26:20.615+0200] {dagbag.py:532} INFO - Filling up the DagBag from /Users/oanottage/opt/anaconda3/envs/energyvenv/lib/python3.9/site-packages/airflow/example_dags/example_sensor_decorator.py
[2023-04-07T18:26:20.679+0200] {processor.py:753} INFO - DAG(s) dict_keys(['example_sensor_decorator']) retrieved from /Users/oanottage/opt/anaconda3/envs/energyvenv/lib/python3.9/site-packages/airflow/example_dags/example_sensor_decorator.py
[2023-04-07T18:26:21.427+0200] {logging_mixin.py:137} INFO - [2023-04-07T18:26:21.427+0200] {dag.py:2705} INFO - Sync 1 DAGs
[2023-04-07T18:26:21.438+0200] {logging_mixin.py:137} INFO - [2023-04-07T18:26:21.438+0200] {dag.py:3452} INFO - Setting next_dagrun for example_sensor_decorator to None, run_after=None
[2023-04-07T18:26:21.454+0200] {processor.py:175} INFO - Processing /Users/oanottage/opt/anaconda3/envs/energyvenv/lib/python3.9/site-packages/airflow/example_dags/example_sensor_decorator.py took 0.846 seconds
[2023-04-07T18:29:25.374+0200] {processor.py:153} INFO - Started process (PID=20622) to work on /Users/oanottage/opt/anaconda3/envs/energyvenv/lib/python3.9/site-packages/airflow/example_dags/example_sensor_decorator.py
[2023-04-07T18:29:25.377+0200] {processor.py:743} INFO - Processing file /Users/oanottage/opt/anaconda3/envs/energyvenv/lib/python3.9/site-packages/airflow/example_dags/example_sensor_decorator.py for tasks to queue
[2023-04-07T18:29:25.377+0200] {logging_mixin.py:137} INFO - [2023-04-07T18:29:25.377+0200] {dagbag.py:532} INFO - Filling up the DagBag from /Users/oanottage/opt/anaconda3/envs/energyvenv/lib/python3.9/site-packages/airflow/example_dags/example_sensor_decorator.py
[2023-04-07T18:29:25.433+0200] {processor.py:753} INFO - DAG(s) dict_keys(['example_sensor_decorator']) retrieved from /Users/oanottage/opt/anaconda3/envs/energyvenv/lib/python3.9/site-packages/airflow/example_dags/example_sensor_decorator.py
[2023-04-07T18:29:26.133+0200] {logging_mixin.py:137} INFO - [2023-04-07T18:29:26.132+0200] {dag.py:2705} INFO - Sync 1 DAGs
[2023-04-07T18:29:26.143+0200] {logging_mixin.py:137} INFO - [2023-04-07T18:29:26.143+0200] {dag.py:3452} INFO - Setting next_dagrun for example_sensor_decorator to None, run_after=None
[2023-04-07T18:29:26.155+0200] {processor.py:175} INFO - Processing /Users/oanottage/opt/anaconda3/envs/energyvenv/lib/python3.9/site-packages/airflow/example_dags/example_sensor_decorator.py took 0.782 seconds
[2023-04-07T18:30:47.005+0200] {processor.py:153} INFO - Started process (PID=20792) to work on /Users/oanottage/opt/anaconda3/envs/energyvenv/lib/python3.9/site-packages/airflow/example_dags/example_sensor_decorator.py
[2023-04-07T18:30:47.008+0200] {processor.py:743} INFO - Processing file /Users/oanottage/opt/anaconda3/envs/energyvenv/lib/python3.9/site-packages/airflow/example_dags/example_sensor_decorator.py for tasks to queue
[2023-04-07T18:30:47.009+0200] {logging_mixin.py:137} INFO - [2023-04-07T18:30:47.009+0200] {dagbag.py:532} INFO - Filling up the DagBag from /Users/oanottage/opt/anaconda3/envs/energyvenv/lib/python3.9/site-packages/airflow/example_dags/example_sensor_decorator.py
[2023-04-07T18:30:47.065+0200] {processor.py:753} INFO - DAG(s) dict_keys(['example_sensor_decorator']) retrieved from /Users/oanottage/opt/anaconda3/envs/energyvenv/lib/python3.9/site-packages/airflow/example_dags/example_sensor_decorator.py
[2023-04-07T18:30:47.813+0200] {logging_mixin.py:137} INFO - [2023-04-07T18:30:47.812+0200] {dag.py:2705} INFO - Sync 1 DAGs
[2023-04-07T18:30:47.823+0200] {logging_mixin.py:137} INFO - [2023-04-07T18:30:47.823+0200] {dag.py:3452} INFO - Setting next_dagrun for example_sensor_decorator to None, run_after=None
[2023-04-07T18:30:47.836+0200] {processor.py:175} INFO - Processing /Users/oanottage/opt/anaconda3/envs/energyvenv/lib/python3.9/site-packages/airflow/example_dags/example_sensor_decorator.py took 0.832 seconds
[2023-04-07T18:42:45.936+0200] {processor.py:153} INFO - Started process (PID=21439) to work on /Users/oanottage/opt/anaconda3/envs/energyvenv/lib/python3.9/site-packages/airflow/example_dags/example_sensor_decorator.py
[2023-04-07T18:42:45.942+0200] {processor.py:743} INFO - Processing file /Users/oanottage/opt/anaconda3/envs/energyvenv/lib/python3.9/site-packages/airflow/example_dags/example_sensor_decorator.py for tasks to queue
[2023-04-07T18:42:45.942+0200] {logging_mixin.py:137} INFO - [2023-04-07T18:42:45.942+0200] {dagbag.py:532} INFO - Filling up the DagBag from /Users/oanottage/opt/anaconda3/envs/energyvenv/lib/python3.9/site-packages/airflow/example_dags/example_sensor_decorator.py
[2023-04-07T18:42:46.014+0200] {processor.py:753} INFO - DAG(s) dict_keys(['example_sensor_decorator']) retrieved from /Users/oanottage/opt/anaconda3/envs/energyvenv/lib/python3.9/site-packages/airflow/example_dags/example_sensor_decorator.py
[2023-04-07T18:42:46.862+0200] {logging_mixin.py:137} INFO - [2023-04-07T18:42:46.861+0200] {dag.py:2705} INFO - Sync 1 DAGs
[2023-04-07T18:42:46.875+0200] {logging_mixin.py:137} INFO - [2023-04-07T18:42:46.875+0200] {dag.py:3452} INFO - Setting next_dagrun for example_sensor_decorator to None, run_after=None
[2023-04-07T18:42:46.889+0200] {processor.py:175} INFO - Processing /Users/oanottage/opt/anaconda3/envs/energyvenv/lib/python3.9/site-packages/airflow/example_dags/example_sensor_decorator.py took 0.953 seconds
[2023-04-07T18:45:40.645+0200] {processor.py:153} INFO - Started process (PID=21657) to work on /Users/oanottage/opt/anaconda3/envs/energyvenv/lib/python3.9/site-packages/airflow/example_dags/example_sensor_decorator.py
[2023-04-07T18:45:40.649+0200] {processor.py:743} INFO - Processing file /Users/oanottage/opt/anaconda3/envs/energyvenv/lib/python3.9/site-packages/airflow/example_dags/example_sensor_decorator.py for tasks to queue
[2023-04-07T18:45:40.650+0200] {logging_mixin.py:137} INFO - [2023-04-07T18:45:40.650+0200] {dagbag.py:532} INFO - Filling up the DagBag from /Users/oanottage/opt/anaconda3/envs/energyvenv/lib/python3.9/site-packages/airflow/example_dags/example_sensor_decorator.py
[2023-04-07T18:45:40.706+0200] {processor.py:753} INFO - DAG(s) dict_keys(['example_sensor_decorator']) retrieved from /Users/oanottage/opt/anaconda3/envs/energyvenv/lib/python3.9/site-packages/airflow/example_dags/example_sensor_decorator.py
[2023-04-07T18:45:41.421+0200] {logging_mixin.py:137} INFO - [2023-04-07T18:45:41.421+0200] {dag.py:2705} INFO - Sync 1 DAGs
[2023-04-07T18:45:41.432+0200] {logging_mixin.py:137} INFO - [2023-04-07T18:45:41.432+0200] {dag.py:3452} INFO - Setting next_dagrun for example_sensor_decorator to None, run_after=None
[2023-04-07T18:45:41.445+0200] {processor.py:175} INFO - Processing /Users/oanottage/opt/anaconda3/envs/energyvenv/lib/python3.9/site-packages/airflow/example_dags/example_sensor_decorator.py took 0.800 seconds
