[2023-04-07T17:55:00.938+0200] {processor.py:153} INFO - Started process (PID=17888) to work on /Users/oanottage/opt/anaconda3/envs/energyvenv/lib/python3.9/site-packages/airflow/example_dags/example_params_ui_tutorial.py
[2023-04-07T17:55:00.942+0200] {processor.py:743} INFO - Processing file /Users/oanottage/opt/anaconda3/envs/energyvenv/lib/python3.9/site-packages/airflow/example_dags/example_params_ui_tutorial.py for tasks to queue
[2023-04-07T17:55:00.942+0200] {logging_mixin.py:137} INFO - [2023-04-07T17:55:00.942+0200] {dagbag.py:532} INFO - Filling up the DagBag from /Users/oanottage/opt/anaconda3/envs/energyvenv/lib/python3.9/site-packages/airflow/example_dags/example_params_ui_tutorial.py
[2023-04-07T17:55:01.078+0200] {processor.py:753} INFO - DAG(s) dict_keys(['example_params_ui_tutorial']) retrieved from /Users/oanottage/opt/anaconda3/envs/energyvenv/lib/python3.9/site-packages/airflow/example_dags/example_params_ui_tutorial.py
[2023-04-07T17:55:01.874+0200] {logging_mixin.py:137} INFO - [2023-04-07T17:55:01.874+0200] {manager.py:504} INFO - Created Permission View: can read on DAG:example_params_ui_tutorial
[2023-04-07T17:55:01.879+0200] {logging_mixin.py:137} INFO - [2023-04-07T17:55:01.879+0200] {manager.py:504} INFO - Created Permission View: can delete on DAG:example_params_ui_tutorial
[2023-04-07T17:55:01.883+0200] {logging_mixin.py:137} INFO - [2023-04-07T17:55:01.883+0200] {manager.py:504} INFO - Created Permission View: can edit on DAG:example_params_ui_tutorial
[2023-04-07T17:55:01.884+0200] {logging_mixin.py:137} INFO - [2023-04-07T17:55:01.883+0200] {dag.py:2705} INFO - Sync 1 DAGs
[2023-04-07T17:55:01.895+0200] {logging_mixin.py:137} INFO - [2023-04-07T17:55:01.895+0200] {dag.py:2726} INFO - Creating ORM DAG for example_params_ui_tutorial
[2023-04-07T17:55:01.902+0200] {logging_mixin.py:137} INFO - [2023-04-07T17:55:01.902+0200] {dag.py:3452} INFO - Setting next_dagrun for example_params_ui_tutorial to None, run_after=None
[2023-04-07T17:55:01.916+0200] {processor.py:175} INFO - Processing /Users/oanottage/opt/anaconda3/envs/energyvenv/lib/python3.9/site-packages/airflow/example_dags/example_params_ui_tutorial.py took 0.979 seconds
[2023-04-07T17:57:10.892+0200] {processor.py:153} INFO - Started process (PID=18059) to work on /Users/oanottage/opt/anaconda3/envs/energyvenv/lib/python3.9/site-packages/airflow/example_dags/example_params_ui_tutorial.py
[2023-04-07T17:57:10.897+0200] {processor.py:743} INFO - Processing file /Users/oanottage/opt/anaconda3/envs/energyvenv/lib/python3.9/site-packages/airflow/example_dags/example_params_ui_tutorial.py for tasks to queue
[2023-04-07T17:57:10.898+0200] {logging_mixin.py:137} INFO - [2023-04-07T17:57:10.898+0200] {dagbag.py:532} INFO - Filling up the DagBag from /Users/oanottage/opt/anaconda3/envs/energyvenv/lib/python3.9/site-packages/airflow/example_dags/example_params_ui_tutorial.py
[2023-04-07T17:57:11.047+0200] {processor.py:753} INFO - DAG(s) dict_keys(['example_params_ui_tutorial']) retrieved from /Users/oanottage/opt/anaconda3/envs/energyvenv/lib/python3.9/site-packages/airflow/example_dags/example_params_ui_tutorial.py
[2023-04-07T17:57:11.748+0200] {logging_mixin.py:137} INFO - [2023-04-07T17:57:11.748+0200] {dag.py:2705} INFO - Sync 1 DAGs
[2023-04-07T17:57:11.760+0200] {logging_mixin.py:137} INFO - [2023-04-07T17:57:11.760+0200] {dag.py:3452} INFO - Setting next_dagrun for example_params_ui_tutorial to None, run_after=None
[2023-04-07T17:57:11.774+0200] {processor.py:175} INFO - Processing /Users/oanottage/opt/anaconda3/envs/energyvenv/lib/python3.9/site-packages/airflow/example_dags/example_params_ui_tutorial.py took 0.883 seconds
[2023-04-07T17:58:46.398+0200] {processor.py:153} INFO - Started process (PID=18168) to work on /Users/oanottage/opt/anaconda3/envs/energyvenv/lib/python3.9/site-packages/airflow/example_dags/example_params_ui_tutorial.py
[2023-04-07T17:58:46.401+0200] {processor.py:743} INFO - Processing file /Users/oanottage/opt/anaconda3/envs/energyvenv/lib/python3.9/site-packages/airflow/example_dags/example_params_ui_tutorial.py for tasks to queue
[2023-04-07T17:58:46.401+0200] {logging_mixin.py:137} INFO - [2023-04-07T17:58:46.401+0200] {dagbag.py:532} INFO - Filling up the DagBag from /Users/oanottage/opt/anaconda3/envs/energyvenv/lib/python3.9/site-packages/airflow/example_dags/example_params_ui_tutorial.py
[2023-04-07T17:58:46.516+0200] {processor.py:753} INFO - DAG(s) dict_keys(['example_params_ui_tutorial']) retrieved from /Users/oanottage/opt/anaconda3/envs/energyvenv/lib/python3.9/site-packages/airflow/example_dags/example_params_ui_tutorial.py
[2023-04-07T17:58:47.113+0200] {logging_mixin.py:137} INFO - [2023-04-07T17:58:47.113+0200] {dag.py:2705} INFO - Sync 1 DAGs
[2023-04-07T17:58:47.124+0200] {logging_mixin.py:137} INFO - [2023-04-07T17:58:47.123+0200] {dag.py:3452} INFO - Setting next_dagrun for example_params_ui_tutorial to None, run_after=None
[2023-04-07T17:58:47.137+0200] {processor.py:175} INFO - Processing /Users/oanottage/opt/anaconda3/envs/energyvenv/lib/python3.9/site-packages/airflow/example_dags/example_params_ui_tutorial.py took 0.741 seconds
[2023-04-07T18:01:26.098+0200] {processor.py:153} INFO - Started process (PID=18361) to work on /Users/oanottage/opt/anaconda3/envs/energyvenv/lib/python3.9/site-packages/airflow/example_dags/example_params_ui_tutorial.py
[2023-04-07T18:01:26.101+0200] {processor.py:743} INFO - Processing file /Users/oanottage/opt/anaconda3/envs/energyvenv/lib/python3.9/site-packages/airflow/example_dags/example_params_ui_tutorial.py for tasks to queue
[2023-04-07T18:01:26.101+0200] {logging_mixin.py:137} INFO - [2023-04-07T18:01:26.101+0200] {dagbag.py:532} INFO - Filling up the DagBag from /Users/oanottage/opt/anaconda3/envs/energyvenv/lib/python3.9/site-packages/airflow/example_dags/example_params_ui_tutorial.py
[2023-04-07T18:01:26.214+0200] {processor.py:753} INFO - DAG(s) dict_keys(['example_params_ui_tutorial']) retrieved from /Users/oanottage/opt/anaconda3/envs/energyvenv/lib/python3.9/site-packages/airflow/example_dags/example_params_ui_tutorial.py
[2023-04-07T18:01:26.816+0200] {logging_mixin.py:137} INFO - [2023-04-07T18:01:26.816+0200] {dag.py:2705} INFO - Sync 1 DAGs
[2023-04-07T18:01:26.828+0200] {logging_mixin.py:137} INFO - [2023-04-07T18:01:26.828+0200] {dag.py:3452} INFO - Setting next_dagrun for example_params_ui_tutorial to None, run_after=None
[2023-04-07T18:01:26.841+0200] {processor.py:175} INFO - Processing /Users/oanottage/opt/anaconda3/envs/energyvenv/lib/python3.9/site-packages/airflow/example_dags/example_params_ui_tutorial.py took 0.743 seconds
[2023-04-07T18:05:13.704+0200] {processor.py:153} INFO - Started process (PID=18649) to work on /Users/oanottage/opt/anaconda3/envs/energyvenv/lib/python3.9/site-packages/airflow/example_dags/example_params_ui_tutorial.py
[2023-04-07T18:05:13.707+0200] {processor.py:743} INFO - Processing file /Users/oanottage/opt/anaconda3/envs/energyvenv/lib/python3.9/site-packages/airflow/example_dags/example_params_ui_tutorial.py for tasks to queue
[2023-04-07T18:05:13.707+0200] {logging_mixin.py:137} INFO - [2023-04-07T18:05:13.707+0200] {dagbag.py:532} INFO - Filling up the DagBag from /Users/oanottage/opt/anaconda3/envs/energyvenv/lib/python3.9/site-packages/airflow/example_dags/example_params_ui_tutorial.py
[2023-04-07T18:05:13.818+0200] {processor.py:753} INFO - DAG(s) dict_keys(['example_params_ui_tutorial']) retrieved from /Users/oanottage/opt/anaconda3/envs/energyvenv/lib/python3.9/site-packages/airflow/example_dags/example_params_ui_tutorial.py
[2023-04-07T18:05:14.459+0200] {logging_mixin.py:137} INFO - [2023-04-07T18:05:14.459+0200] {dag.py:2705} INFO - Sync 1 DAGs
[2023-04-07T18:05:14.475+0200] {logging_mixin.py:137} INFO - [2023-04-07T18:05:14.475+0200] {dag.py:3452} INFO - Setting next_dagrun for example_params_ui_tutorial to None, run_after=None
[2023-04-07T18:05:14.493+0200] {processor.py:175} INFO - Processing /Users/oanottage/opt/anaconda3/envs/energyvenv/lib/python3.9/site-packages/airflow/example_dags/example_params_ui_tutorial.py took 0.789 seconds
[2023-04-07T18:07:07.826+0200] {processor.py:153} INFO - Started process (PID=18800) to work on /Users/oanottage/opt/anaconda3/envs/energyvenv/lib/python3.9/site-packages/airflow/example_dags/example_params_ui_tutorial.py
[2023-04-07T18:07:07.829+0200] {processor.py:743} INFO - Processing file /Users/oanottage/opt/anaconda3/envs/energyvenv/lib/python3.9/site-packages/airflow/example_dags/example_params_ui_tutorial.py for tasks to queue
[2023-04-07T18:07:07.829+0200] {logging_mixin.py:137} INFO - [2023-04-07T18:07:07.829+0200] {dagbag.py:532} INFO - Filling up the DagBag from /Users/oanottage/opt/anaconda3/envs/energyvenv/lib/python3.9/site-packages/airflow/example_dags/example_params_ui_tutorial.py
[2023-04-07T18:07:07.947+0200] {processor.py:753} INFO - DAG(s) dict_keys(['example_params_ui_tutorial']) retrieved from /Users/oanottage/opt/anaconda3/envs/energyvenv/lib/python3.9/site-packages/airflow/example_dags/example_params_ui_tutorial.py
[2023-04-07T18:07:08.638+0200] {logging_mixin.py:137} INFO - [2023-04-07T18:07:08.637+0200] {dag.py:2705} INFO - Sync 1 DAGs
[2023-04-07T18:07:08.661+0200] {logging_mixin.py:137} INFO - [2023-04-07T18:07:08.661+0200] {dag.py:3452} INFO - Setting next_dagrun for example_params_ui_tutorial to None, run_after=None
[2023-04-07T18:07:08.687+0200] {processor.py:175} INFO - Processing /Users/oanottage/opt/anaconda3/envs/energyvenv/lib/python3.9/site-packages/airflow/example_dags/example_params_ui_tutorial.py took 0.862 seconds
[2023-04-07T18:08:41.700+0200] {processor.py:153} INFO - Started process (PID=18931) to work on /Users/oanottage/opt/anaconda3/envs/energyvenv/lib/python3.9/site-packages/airflow/example_dags/example_params_ui_tutorial.py
[2023-04-07T18:08:41.704+0200] {processor.py:743} INFO - Processing file /Users/oanottage/opt/anaconda3/envs/energyvenv/lib/python3.9/site-packages/airflow/example_dags/example_params_ui_tutorial.py for tasks to queue
[2023-04-07T18:08:41.704+0200] {logging_mixin.py:137} INFO - [2023-04-07T18:08:41.704+0200] {dagbag.py:532} INFO - Filling up the DagBag from /Users/oanottage/opt/anaconda3/envs/energyvenv/lib/python3.9/site-packages/airflow/example_dags/example_params_ui_tutorial.py
[2023-04-07T18:08:41.833+0200] {processor.py:753} INFO - DAG(s) dict_keys(['example_params_ui_tutorial']) retrieved from /Users/oanottage/opt/anaconda3/envs/energyvenv/lib/python3.9/site-packages/airflow/example_dags/example_params_ui_tutorial.py
[2023-04-07T18:08:42.541+0200] {logging_mixin.py:137} INFO - [2023-04-07T18:08:42.541+0200] {dag.py:2705} INFO - Sync 1 DAGs
[2023-04-07T18:08:42.552+0200] {logging_mixin.py:137} INFO - [2023-04-07T18:08:42.552+0200] {dag.py:3452} INFO - Setting next_dagrun for example_params_ui_tutorial to None, run_after=None
[2023-04-07T18:08:42.565+0200] {processor.py:175} INFO - Processing /Users/oanottage/opt/anaconda3/envs/energyvenv/lib/python3.9/site-packages/airflow/example_dags/example_params_ui_tutorial.py took 0.865 seconds
[2023-04-07T18:10:31.167+0200] {processor.py:153} INFO - Started process (PID=19133) to work on /Users/oanottage/opt/anaconda3/envs/energyvenv/lib/python3.9/site-packages/airflow/example_dags/example_params_ui_tutorial.py
[2023-04-07T18:10:31.172+0200] {processor.py:743} INFO - Processing file /Users/oanottage/opt/anaconda3/envs/energyvenv/lib/python3.9/site-packages/airflow/example_dags/example_params_ui_tutorial.py for tasks to queue
[2023-04-07T18:10:31.173+0200] {logging_mixin.py:137} INFO - [2023-04-07T18:10:31.173+0200] {dagbag.py:532} INFO - Filling up the DagBag from /Users/oanottage/opt/anaconda3/envs/energyvenv/lib/python3.9/site-packages/airflow/example_dags/example_params_ui_tutorial.py
[2023-04-07T18:10:31.318+0200] {processor.py:753} INFO - DAG(s) dict_keys(['example_params_ui_tutorial']) retrieved from /Users/oanottage/opt/anaconda3/envs/energyvenv/lib/python3.9/site-packages/airflow/example_dags/example_params_ui_tutorial.py
[2023-04-07T18:10:31.954+0200] {logging_mixin.py:137} INFO - [2023-04-07T18:10:31.953+0200] {dag.py:2705} INFO - Sync 1 DAGs
[2023-04-07T18:10:31.964+0200] {logging_mixin.py:137} INFO - [2023-04-07T18:10:31.964+0200] {dag.py:3452} INFO - Setting next_dagrun for example_params_ui_tutorial to None, run_after=None
[2023-04-07T18:10:31.977+0200] {processor.py:175} INFO - Processing /Users/oanottage/opt/anaconda3/envs/energyvenv/lib/python3.9/site-packages/airflow/example_dags/example_params_ui_tutorial.py took 0.811 seconds
[2023-04-07T18:13:54.815+0200] {processor.py:153} INFO - Started process (PID=19419) to work on /Users/oanottage/opt/anaconda3/envs/energyvenv/lib/python3.9/site-packages/airflow/example_dags/example_params_ui_tutorial.py
[2023-04-07T18:13:54.821+0200] {processor.py:743} INFO - Processing file /Users/oanottage/opt/anaconda3/envs/energyvenv/lib/python3.9/site-packages/airflow/example_dags/example_params_ui_tutorial.py for tasks to queue
[2023-04-07T18:13:54.822+0200] {logging_mixin.py:137} INFO - [2023-04-07T18:13:54.822+0200] {dagbag.py:532} INFO - Filling up the DagBag from /Users/oanottage/opt/anaconda3/envs/energyvenv/lib/python3.9/site-packages/airflow/example_dags/example_params_ui_tutorial.py
[2023-04-07T18:13:54.969+0200] {processor.py:753} INFO - DAG(s) dict_keys(['example_params_ui_tutorial']) retrieved from /Users/oanottage/opt/anaconda3/envs/energyvenv/lib/python3.9/site-packages/airflow/example_dags/example_params_ui_tutorial.py
[2023-04-07T18:13:55.609+0200] {logging_mixin.py:137} INFO - [2023-04-07T18:13:55.608+0200] {dag.py:2705} INFO - Sync 1 DAGs
[2023-04-07T18:13:55.621+0200] {logging_mixin.py:137} INFO - [2023-04-07T18:13:55.621+0200] {dag.py:3452} INFO - Setting next_dagrun for example_params_ui_tutorial to None, run_after=None
[2023-04-07T18:13:55.635+0200] {processor.py:175} INFO - Processing /Users/oanottage/opt/anaconda3/envs/energyvenv/lib/python3.9/site-packages/airflow/example_dags/example_params_ui_tutorial.py took 0.821 seconds
[2023-04-07T18:16:22.620+0200] {processor.py:153} INFO - Started process (PID=19617) to work on /Users/oanottage/opt/anaconda3/envs/energyvenv/lib/python3.9/site-packages/airflow/example_dags/example_params_ui_tutorial.py
[2023-04-07T18:16:22.623+0200] {processor.py:743} INFO - Processing file /Users/oanottage/opt/anaconda3/envs/energyvenv/lib/python3.9/site-packages/airflow/example_dags/example_params_ui_tutorial.py for tasks to queue
[2023-04-07T18:16:22.623+0200] {logging_mixin.py:137} INFO - [2023-04-07T18:16:22.623+0200] {dagbag.py:532} INFO - Filling up the DagBag from /Users/oanottage/opt/anaconda3/envs/energyvenv/lib/python3.9/site-packages/airflow/example_dags/example_params_ui_tutorial.py
[2023-04-07T18:16:22.754+0200] {processor.py:753} INFO - DAG(s) dict_keys(['example_params_ui_tutorial']) retrieved from /Users/oanottage/opt/anaconda3/envs/energyvenv/lib/python3.9/site-packages/airflow/example_dags/example_params_ui_tutorial.py
[2023-04-07T18:16:23.432+0200] {logging_mixin.py:137} INFO - [2023-04-07T18:16:23.431+0200] {dag.py:2705} INFO - Sync 1 DAGs
[2023-04-07T18:16:23.446+0200] {logging_mixin.py:137} INFO - [2023-04-07T18:16:23.445+0200] {dag.py:3452} INFO - Setting next_dagrun for example_params_ui_tutorial to None, run_after=None
[2023-04-07T18:16:23.460+0200] {processor.py:175} INFO - Processing /Users/oanottage/opt/anaconda3/envs/energyvenv/lib/python3.9/site-packages/airflow/example_dags/example_params_ui_tutorial.py took 0.841 seconds
[2023-04-07T18:18:16.183+0200] {processor.py:153} INFO - Started process (PID=19745) to work on /Users/oanottage/opt/anaconda3/envs/energyvenv/lib/python3.9/site-packages/airflow/example_dags/example_params_ui_tutorial.py
[2023-04-07T18:18:16.187+0200] {processor.py:743} INFO - Processing file /Users/oanottage/opt/anaconda3/envs/energyvenv/lib/python3.9/site-packages/airflow/example_dags/example_params_ui_tutorial.py for tasks to queue
[2023-04-07T18:18:16.188+0200] {logging_mixin.py:137} INFO - [2023-04-07T18:18:16.187+0200] {dagbag.py:532} INFO - Filling up the DagBag from /Users/oanottage/opt/anaconda3/envs/energyvenv/lib/python3.9/site-packages/airflow/example_dags/example_params_ui_tutorial.py
[2023-04-07T18:18:16.300+0200] {processor.py:753} INFO - DAG(s) dict_keys(['example_params_ui_tutorial']) retrieved from /Users/oanottage/opt/anaconda3/envs/energyvenv/lib/python3.9/site-packages/airflow/example_dags/example_params_ui_tutorial.py
[2023-04-07T18:18:16.932+0200] {logging_mixin.py:137} INFO - [2023-04-07T18:18:16.932+0200] {dag.py:2705} INFO - Sync 1 DAGs
[2023-04-07T18:18:16.946+0200] {logging_mixin.py:137} INFO - [2023-04-07T18:18:16.946+0200] {dag.py:3452} INFO - Setting next_dagrun for example_params_ui_tutorial to None, run_after=None
[2023-04-07T18:18:16.961+0200] {processor.py:175} INFO - Processing /Users/oanottage/opt/anaconda3/envs/energyvenv/lib/python3.9/site-packages/airflow/example_dags/example_params_ui_tutorial.py took 0.779 seconds
[2023-04-07T18:21:00.533+0200] {processor.py:153} INFO - Started process (PID=20007) to work on /Users/oanottage/opt/anaconda3/envs/energyvenv/lib/python3.9/site-packages/airflow/example_dags/example_params_ui_tutorial.py
[2023-04-07T18:21:00.536+0200] {processor.py:743} INFO - Processing file /Users/oanottage/opt/anaconda3/envs/energyvenv/lib/python3.9/site-packages/airflow/example_dags/example_params_ui_tutorial.py for tasks to queue
[2023-04-07T18:21:00.537+0200] {logging_mixin.py:137} INFO - [2023-04-07T18:21:00.536+0200] {dagbag.py:532} INFO - Filling up the DagBag from /Users/oanottage/opt/anaconda3/envs/energyvenv/lib/python3.9/site-packages/airflow/example_dags/example_params_ui_tutorial.py
[2023-04-07T18:21:00.653+0200] {processor.py:753} INFO - DAG(s) dict_keys(['example_params_ui_tutorial']) retrieved from /Users/oanottage/opt/anaconda3/envs/energyvenv/lib/python3.9/site-packages/airflow/example_dags/example_params_ui_tutorial.py
[2023-04-07T18:21:01.300+0200] {logging_mixin.py:137} INFO - [2023-04-07T18:21:01.299+0200] {dag.py:2705} INFO - Sync 1 DAGs
[2023-04-07T18:21:01.313+0200] {logging_mixin.py:137} INFO - [2023-04-07T18:21:01.313+0200] {dag.py:3452} INFO - Setting next_dagrun for example_params_ui_tutorial to None, run_after=None
[2023-04-07T18:21:01.328+0200] {processor.py:175} INFO - Processing /Users/oanottage/opt/anaconda3/envs/energyvenv/lib/python3.9/site-packages/airflow/example_dags/example_params_ui_tutorial.py took 0.796 seconds
[2023-04-07T18:23:40.225+0200] {processor.py:153} INFO - Started process (PID=20183) to work on /Users/oanottage/opt/anaconda3/envs/energyvenv/lib/python3.9/site-packages/airflow/example_dags/example_params_ui_tutorial.py
[2023-04-07T18:23:40.228+0200] {processor.py:743} INFO - Processing file /Users/oanottage/opt/anaconda3/envs/energyvenv/lib/python3.9/site-packages/airflow/example_dags/example_params_ui_tutorial.py for tasks to queue
[2023-04-07T18:23:40.228+0200] {logging_mixin.py:137} INFO - [2023-04-07T18:23:40.228+0200] {dagbag.py:532} INFO - Filling up the DagBag from /Users/oanottage/opt/anaconda3/envs/energyvenv/lib/python3.9/site-packages/airflow/example_dags/example_params_ui_tutorial.py
[2023-04-07T18:23:40.346+0200] {processor.py:753} INFO - DAG(s) dict_keys(['example_params_ui_tutorial']) retrieved from /Users/oanottage/opt/anaconda3/envs/energyvenv/lib/python3.9/site-packages/airflow/example_dags/example_params_ui_tutorial.py
[2023-04-07T18:23:40.999+0200] {logging_mixin.py:137} INFO - [2023-04-07T18:23:40.999+0200] {dag.py:2705} INFO - Sync 1 DAGs
[2023-04-07T18:23:41.010+0200] {logging_mixin.py:137} INFO - [2023-04-07T18:23:41.010+0200] {dag.py:3452} INFO - Setting next_dagrun for example_params_ui_tutorial to None, run_after=None
[2023-04-07T18:23:41.022+0200] {processor.py:175} INFO - Processing /Users/oanottage/opt/anaconda3/envs/energyvenv/lib/python3.9/site-packages/airflow/example_dags/example_params_ui_tutorial.py took 0.798 seconds
[2023-04-07T18:26:28.366+0200] {processor.py:153} INFO - Started process (PID=20392) to work on /Users/oanottage/opt/anaconda3/envs/energyvenv/lib/python3.9/site-packages/airflow/example_dags/example_params_ui_tutorial.py
[2023-04-07T18:26:28.370+0200] {processor.py:743} INFO - Processing file /Users/oanottage/opt/anaconda3/envs/energyvenv/lib/python3.9/site-packages/airflow/example_dags/example_params_ui_tutorial.py for tasks to queue
[2023-04-07T18:26:28.370+0200] {logging_mixin.py:137} INFO - [2023-04-07T18:26:28.370+0200] {dagbag.py:532} INFO - Filling up the DagBag from /Users/oanottage/opt/anaconda3/envs/energyvenv/lib/python3.9/site-packages/airflow/example_dags/example_params_ui_tutorial.py
[2023-04-07T18:26:28.489+0200] {processor.py:753} INFO - DAG(s) dict_keys(['example_params_ui_tutorial']) retrieved from /Users/oanottage/opt/anaconda3/envs/energyvenv/lib/python3.9/site-packages/airflow/example_dags/example_params_ui_tutorial.py
[2023-04-07T18:26:29.103+0200] {logging_mixin.py:137} INFO - [2023-04-07T18:26:29.103+0200] {dag.py:2705} INFO - Sync 1 DAGs
[2023-04-07T18:26:29.118+0200] {logging_mixin.py:137} INFO - [2023-04-07T18:26:29.118+0200] {dag.py:3452} INFO - Setting next_dagrun for example_params_ui_tutorial to None, run_after=None
[2023-04-07T18:26:29.134+0200] {processor.py:175} INFO - Processing /Users/oanottage/opt/anaconda3/envs/energyvenv/lib/python3.9/site-packages/airflow/example_dags/example_params_ui_tutorial.py took 0.769 seconds
[2023-04-07T18:29:33.516+0200] {processor.py:153} INFO - Started process (PID=20634) to work on /Users/oanottage/opt/anaconda3/envs/energyvenv/lib/python3.9/site-packages/airflow/example_dags/example_params_ui_tutorial.py
[2023-04-07T18:29:33.519+0200] {processor.py:743} INFO - Processing file /Users/oanottage/opt/anaconda3/envs/energyvenv/lib/python3.9/site-packages/airflow/example_dags/example_params_ui_tutorial.py for tasks to queue
[2023-04-07T18:29:33.520+0200] {logging_mixin.py:137} INFO - [2023-04-07T18:29:33.520+0200] {dagbag.py:532} INFO - Filling up the DagBag from /Users/oanottage/opt/anaconda3/envs/energyvenv/lib/python3.9/site-packages/airflow/example_dags/example_params_ui_tutorial.py
[2023-04-07T18:29:33.643+0200] {processor.py:753} INFO - DAG(s) dict_keys(['example_params_ui_tutorial']) retrieved from /Users/oanottage/opt/anaconda3/envs/energyvenv/lib/python3.9/site-packages/airflow/example_dags/example_params_ui_tutorial.py
[2023-04-07T18:29:34.279+0200] {logging_mixin.py:137} INFO - [2023-04-07T18:29:34.279+0200] {dag.py:2705} INFO - Sync 1 DAGs
[2023-04-07T18:29:34.290+0200] {logging_mixin.py:137} INFO - [2023-04-07T18:29:34.290+0200] {dag.py:3452} INFO - Setting next_dagrun for example_params_ui_tutorial to None, run_after=None
[2023-04-07T18:29:34.303+0200] {processor.py:175} INFO - Processing /Users/oanottage/opt/anaconda3/envs/energyvenv/lib/python3.9/site-packages/airflow/example_dags/example_params_ui_tutorial.py took 0.787 seconds
[2023-04-07T18:30:53.175+0200] {processor.py:153} INFO - Started process (PID=20803) to work on /Users/oanottage/opt/anaconda3/envs/energyvenv/lib/python3.9/site-packages/airflow/example_dags/example_params_ui_tutorial.py
[2023-04-07T18:30:53.179+0200] {processor.py:743} INFO - Processing file /Users/oanottage/opt/anaconda3/envs/energyvenv/lib/python3.9/site-packages/airflow/example_dags/example_params_ui_tutorial.py for tasks to queue
[2023-04-07T18:30:53.180+0200] {logging_mixin.py:137} INFO - [2023-04-07T18:30:53.180+0200] {dagbag.py:532} INFO - Filling up the DagBag from /Users/oanottage/opt/anaconda3/envs/energyvenv/lib/python3.9/site-packages/airflow/example_dags/example_params_ui_tutorial.py
[2023-04-07T18:30:53.320+0200] {processor.py:753} INFO - DAG(s) dict_keys(['example_params_ui_tutorial']) retrieved from /Users/oanottage/opt/anaconda3/envs/energyvenv/lib/python3.9/site-packages/airflow/example_dags/example_params_ui_tutorial.py
[2023-04-07T18:30:54.162+0200] {logging_mixin.py:137} INFO - [2023-04-07T18:30:54.162+0200] {dag.py:2705} INFO - Sync 1 DAGs
[2023-04-07T18:30:54.176+0200] {logging_mixin.py:137} INFO - [2023-04-07T18:30:54.176+0200] {dag.py:3452} INFO - Setting next_dagrun for example_params_ui_tutorial to None, run_after=None
[2023-04-07T18:30:54.192+0200] {processor.py:175} INFO - Processing /Users/oanottage/opt/anaconda3/envs/energyvenv/lib/python3.9/site-packages/airflow/example_dags/example_params_ui_tutorial.py took 1.018 seconds
[2023-04-07T18:42:54.256+0200] {processor.py:153} INFO - Started process (PID=21449) to work on /Users/oanottage/opt/anaconda3/envs/energyvenv/lib/python3.9/site-packages/airflow/example_dags/example_params_ui_tutorial.py
[2023-04-07T18:42:54.259+0200] {processor.py:743} INFO - Processing file /Users/oanottage/opt/anaconda3/envs/energyvenv/lib/python3.9/site-packages/airflow/example_dags/example_params_ui_tutorial.py for tasks to queue
[2023-04-07T18:42:54.260+0200] {logging_mixin.py:137} INFO - [2023-04-07T18:42:54.260+0200] {dagbag.py:532} INFO - Filling up the DagBag from /Users/oanottage/opt/anaconda3/envs/energyvenv/lib/python3.9/site-packages/airflow/example_dags/example_params_ui_tutorial.py
[2023-04-07T18:42:54.395+0200] {processor.py:753} INFO - DAG(s) dict_keys(['example_params_ui_tutorial']) retrieved from /Users/oanottage/opt/anaconda3/envs/energyvenv/lib/python3.9/site-packages/airflow/example_dags/example_params_ui_tutorial.py
[2023-04-07T18:42:55.109+0200] {logging_mixin.py:137} INFO - [2023-04-07T18:42:55.108+0200] {dag.py:2705} INFO - Sync 1 DAGs
[2023-04-07T18:42:55.122+0200] {logging_mixin.py:137} INFO - [2023-04-07T18:42:55.122+0200] {dag.py:3452} INFO - Setting next_dagrun for example_params_ui_tutorial to None, run_after=None
[2023-04-07T18:42:55.137+0200] {processor.py:175} INFO - Processing /Users/oanottage/opt/anaconda3/envs/energyvenv/lib/python3.9/site-packages/airflow/example_dags/example_params_ui_tutorial.py took 0.882 seconds
[2023-04-07T18:45:48.549+0200] {processor.py:153} INFO - Started process (PID=21664) to work on /Users/oanottage/opt/anaconda3/envs/energyvenv/lib/python3.9/site-packages/airflow/example_dags/example_params_ui_tutorial.py
[2023-04-07T18:45:48.553+0200] {processor.py:743} INFO - Processing file /Users/oanottage/opt/anaconda3/envs/energyvenv/lib/python3.9/site-packages/airflow/example_dags/example_params_ui_tutorial.py for tasks to queue
[2023-04-07T18:45:48.554+0200] {logging_mixin.py:137} INFO - [2023-04-07T18:45:48.553+0200] {dagbag.py:532} INFO - Filling up the DagBag from /Users/oanottage/opt/anaconda3/envs/energyvenv/lib/python3.9/site-packages/airflow/example_dags/example_params_ui_tutorial.py
[2023-04-07T18:45:48.670+0200] {processor.py:753} INFO - DAG(s) dict_keys(['example_params_ui_tutorial']) retrieved from /Users/oanottage/opt/anaconda3/envs/energyvenv/lib/python3.9/site-packages/airflow/example_dags/example_params_ui_tutorial.py
[2023-04-07T18:45:49.283+0200] {logging_mixin.py:137} INFO - [2023-04-07T18:45:49.283+0200] {dag.py:2705} INFO - Sync 1 DAGs
[2023-04-07T18:45:49.294+0200] {logging_mixin.py:137} INFO - [2023-04-07T18:45:49.294+0200] {dag.py:3452} INFO - Setting next_dagrun for example_params_ui_tutorial to None, run_after=None
[2023-04-07T18:45:49.308+0200] {processor.py:175} INFO - Processing /Users/oanottage/opt/anaconda3/envs/energyvenv/lib/python3.9/site-packages/airflow/example_dags/example_params_ui_tutorial.py took 0.759 seconds
