[2023-04-07T17:54:21.074+0200] {processor.py:153} INFO - Started process (PID=17803) to work on /Users/oanottage/opt/anaconda3/envs/energyvenv/lib/python3.9/site-packages/airflow/example_dags/example_xcom.py
[2023-04-07T17:54:21.077+0200] {processor.py:743} INFO - Processing file /Users/oanottage/opt/anaconda3/envs/energyvenv/lib/python3.9/site-packages/airflow/example_dags/example_xcom.py for tasks to queue
[2023-04-07T17:54:21.077+0200] {logging_mixin.py:137} INFO - [2023-04-07T17:54:21.077+0200] {dagbag.py:532} INFO - Filling up the DagBag from /Users/oanottage/opt/anaconda3/envs/energyvenv/lib/python3.9/site-packages/airflow/example_dags/example_xcom.py
[2023-04-07T17:54:21.131+0200] {processor.py:753} INFO - DAG(s) dict_keys(['example_xcom']) retrieved from /Users/oanottage/opt/anaconda3/envs/energyvenv/lib/python3.9/site-packages/airflow/example_dags/example_xcom.py
[2023-04-07T17:54:21.756+0200] {logging_mixin.py:137} INFO - [2023-04-07T17:54:21.756+0200] {dag.py:2705} INFO - Sync 1 DAGs
[2023-04-07T17:54:21.767+0200] {logging_mixin.py:137} INFO - [2023-04-07T17:54:21.767+0200] {dag.py:3452} INFO - Setting next_dagrun for example_xcom to 2021-01-01T00:00:00+00:00, run_after=2021-01-01T00:00:00+00:00
[2023-04-07T17:54:21.782+0200] {processor.py:175} INFO - Processing /Users/oanottage/opt/anaconda3/envs/energyvenv/lib/python3.9/site-packages/airflow/example_dags/example_xcom.py took 0.709 seconds
[2023-04-07T17:56:29.901+0200] {processor.py:153} INFO - Started process (PID=18018) to work on /Users/oanottage/opt/anaconda3/envs/energyvenv/lib/python3.9/site-packages/airflow/example_dags/example_xcom.py
[2023-04-07T17:56:29.904+0200] {processor.py:743} INFO - Processing file /Users/oanottage/opt/anaconda3/envs/energyvenv/lib/python3.9/site-packages/airflow/example_dags/example_xcom.py for tasks to queue
[2023-04-07T17:56:29.904+0200] {logging_mixin.py:137} INFO - [2023-04-07T17:56:29.904+0200] {dagbag.py:532} INFO - Filling up the DagBag from /Users/oanottage/opt/anaconda3/envs/energyvenv/lib/python3.9/site-packages/airflow/example_dags/example_xcom.py
[2023-04-07T17:56:29.969+0200] {processor.py:753} INFO - DAG(s) dict_keys(['example_xcom']) retrieved from /Users/oanottage/opt/anaconda3/envs/energyvenv/lib/python3.9/site-packages/airflow/example_dags/example_xcom.py
[2023-04-07T17:56:30.674+0200] {logging_mixin.py:137} INFO - [2023-04-07T17:56:30.674+0200] {dag.py:2705} INFO - Sync 1 DAGs
[2023-04-07T17:56:30.688+0200] {logging_mixin.py:137} INFO - [2023-04-07T17:56:30.688+0200] {dag.py:3452} INFO - Setting next_dagrun for example_xcom to 2021-01-01T00:00:00+00:00, run_after=2021-01-01T00:00:00+00:00
[2023-04-07T17:56:30.702+0200] {processor.py:175} INFO - Processing /Users/oanottage/opt/anaconda3/envs/energyvenv/lib/python3.9/site-packages/airflow/example_dags/example_xcom.py took 0.802 seconds
[2023-04-07T17:58:07.078+0200] {processor.py:153} INFO - Started process (PID=18120) to work on /Users/oanottage/opt/anaconda3/envs/energyvenv/lib/python3.9/site-packages/airflow/example_dags/example_xcom.py
[2023-04-07T17:58:07.081+0200] {processor.py:743} INFO - Processing file /Users/oanottage/opt/anaconda3/envs/energyvenv/lib/python3.9/site-packages/airflow/example_dags/example_xcom.py for tasks to queue
[2023-04-07T17:58:07.082+0200] {logging_mixin.py:137} INFO - [2023-04-07T17:58:07.082+0200] {dagbag.py:532} INFO - Filling up the DagBag from /Users/oanottage/opt/anaconda3/envs/energyvenv/lib/python3.9/site-packages/airflow/example_dags/example_xcom.py
[2023-04-07T17:58:07.145+0200] {processor.py:753} INFO - DAG(s) dict_keys(['example_xcom']) retrieved from /Users/oanottage/opt/anaconda3/envs/energyvenv/lib/python3.9/site-packages/airflow/example_dags/example_xcom.py
[2023-04-07T17:58:07.768+0200] {logging_mixin.py:137} INFO - [2023-04-07T17:58:07.768+0200] {dag.py:2705} INFO - Sync 1 DAGs
[2023-04-07T17:58:07.779+0200] {logging_mixin.py:137} INFO - [2023-04-07T17:58:07.779+0200] {dag.py:3452} INFO - Setting next_dagrun for example_xcom to 2021-01-01T00:00:00+00:00, run_after=2021-01-01T00:00:00+00:00
[2023-04-07T17:58:07.791+0200] {processor.py:175} INFO - Processing /Users/oanottage/opt/anaconda3/envs/energyvenv/lib/python3.9/site-packages/airflow/example_dags/example_xcom.py took 0.714 seconds
[2023-04-07T17:59:26.899+0200] {processor.py:153} INFO - Started process (PID=18217) to work on /Users/oanottage/opt/anaconda3/envs/energyvenv/lib/python3.9/site-packages/airflow/example_dags/example_xcom.py
[2023-04-07T17:59:26.902+0200] {processor.py:743} INFO - Processing file /Users/oanottage/opt/anaconda3/envs/energyvenv/lib/python3.9/site-packages/airflow/example_dags/example_xcom.py for tasks to queue
[2023-04-07T17:59:26.902+0200] {logging_mixin.py:137} INFO - [2023-04-07T17:59:26.902+0200] {dagbag.py:532} INFO - Filling up the DagBag from /Users/oanottage/opt/anaconda3/envs/energyvenv/lib/python3.9/site-packages/airflow/example_dags/example_xcom.py
[2023-04-07T17:59:26.955+0200] {processor.py:753} INFO - DAG(s) dict_keys(['example_xcom']) retrieved from /Users/oanottage/opt/anaconda3/envs/energyvenv/lib/python3.9/site-packages/airflow/example_dags/example_xcom.py
[2023-04-07T17:59:27.587+0200] {logging_mixin.py:137} INFO - [2023-04-07T17:59:27.587+0200] {dag.py:2705} INFO - Sync 1 DAGs
[2023-04-07T17:59:27.598+0200] {logging_mixin.py:137} INFO - [2023-04-07T17:59:27.598+0200] {dag.py:3452} INFO - Setting next_dagrun for example_xcom to 2021-01-01T00:00:00+00:00, run_after=2021-01-01T00:00:00+00:00
[2023-04-07T17:59:27.611+0200] {processor.py:175} INFO - Processing /Users/oanottage/opt/anaconda3/envs/energyvenv/lib/python3.9/site-packages/airflow/example_dags/example_xcom.py took 0.713 seconds
[2023-04-07T18:00:46.475+0200] {processor.py:153} INFO - Started process (PID=18313) to work on /Users/oanottage/opt/anaconda3/envs/energyvenv/lib/python3.9/site-packages/airflow/example_dags/example_xcom.py
[2023-04-07T18:00:46.480+0200] {processor.py:743} INFO - Processing file /Users/oanottage/opt/anaconda3/envs/energyvenv/lib/python3.9/site-packages/airflow/example_dags/example_xcom.py for tasks to queue
[2023-04-07T18:00:46.481+0200] {logging_mixin.py:137} INFO - [2023-04-07T18:00:46.481+0200] {dagbag.py:532} INFO - Filling up the DagBag from /Users/oanottage/opt/anaconda3/envs/energyvenv/lib/python3.9/site-packages/airflow/example_dags/example_xcom.py
[2023-04-07T18:00:46.555+0200] {processor.py:753} INFO - DAG(s) dict_keys(['example_xcom']) retrieved from /Users/oanottage/opt/anaconda3/envs/energyvenv/lib/python3.9/site-packages/airflow/example_dags/example_xcom.py
[2023-04-07T18:00:47.316+0200] {logging_mixin.py:137} INFO - [2023-04-07T18:00:47.315+0200] {dag.py:2705} INFO - Sync 1 DAGs
[2023-04-07T18:00:47.330+0200] {logging_mixin.py:137} INFO - [2023-04-07T18:00:47.330+0200] {dag.py:3452} INFO - Setting next_dagrun for example_xcom to 2021-01-01T00:00:00+00:00, run_after=2021-01-01T00:00:00+00:00
[2023-04-07T18:00:47.345+0200] {processor.py:175} INFO - Processing /Users/oanottage/opt/anaconda3/envs/energyvenv/lib/python3.9/site-packages/airflow/example_dags/example_xcom.py took 0.871 seconds
[2023-04-07T18:02:08.822+0200] {processor.py:153} INFO - Started process (PID=18411) to work on /Users/oanottage/opt/anaconda3/envs/energyvenv/lib/python3.9/site-packages/airflow/example_dags/example_xcom.py
[2023-04-07T18:02:08.825+0200] {processor.py:743} INFO - Processing file /Users/oanottage/opt/anaconda3/envs/energyvenv/lib/python3.9/site-packages/airflow/example_dags/example_xcom.py for tasks to queue
[2023-04-07T18:02:08.825+0200] {logging_mixin.py:137} INFO - [2023-04-07T18:02:08.825+0200] {dagbag.py:532} INFO - Filling up the DagBag from /Users/oanottage/opt/anaconda3/envs/energyvenv/lib/python3.9/site-packages/airflow/example_dags/example_xcom.py
[2023-04-07T18:02:08.896+0200] {processor.py:753} INFO - DAG(s) dict_keys(['example_xcom']) retrieved from /Users/oanottage/opt/anaconda3/envs/energyvenv/lib/python3.9/site-packages/airflow/example_dags/example_xcom.py
[2023-04-07T18:02:09.562+0200] {logging_mixin.py:137} INFO - [2023-04-07T18:02:09.562+0200] {dag.py:2705} INFO - Sync 1 DAGs
[2023-04-07T18:02:09.576+0200] {logging_mixin.py:137} INFO - [2023-04-07T18:02:09.576+0200] {dag.py:3452} INFO - Setting next_dagrun for example_xcom to 2021-01-01T00:00:00+00:00, run_after=2021-01-01T00:00:00+00:00
[2023-04-07T18:02:09.592+0200] {processor.py:175} INFO - Processing /Users/oanottage/opt/anaconda3/envs/energyvenv/lib/python3.9/site-packages/airflow/example_dags/example_xcom.py took 0.770 seconds
[2023-04-07T18:03:28.911+0200] {processor.py:153} INFO - Started process (PID=18494) to work on /Users/oanottage/opt/anaconda3/envs/energyvenv/lib/python3.9/site-packages/airflow/example_dags/example_xcom.py
[2023-04-07T18:03:28.914+0200] {processor.py:743} INFO - Processing file /Users/oanottage/opt/anaconda3/envs/energyvenv/lib/python3.9/site-packages/airflow/example_dags/example_xcom.py for tasks to queue
[2023-04-07T18:03:28.914+0200] {logging_mixin.py:137} INFO - [2023-04-07T18:03:28.914+0200] {dagbag.py:532} INFO - Filling up the DagBag from /Users/oanottage/opt/anaconda3/envs/energyvenv/lib/python3.9/site-packages/airflow/example_dags/example_xcom.py
[2023-04-07T18:03:28.983+0200] {processor.py:753} INFO - DAG(s) dict_keys(['example_xcom']) retrieved from /Users/oanottage/opt/anaconda3/envs/energyvenv/lib/python3.9/site-packages/airflow/example_dags/example_xcom.py
[2023-04-07T18:03:29.664+0200] {logging_mixin.py:137} INFO - [2023-04-07T18:03:29.663+0200] {dag.py:2705} INFO - Sync 1 DAGs
[2023-04-07T18:03:29.674+0200] {logging_mixin.py:137} INFO - [2023-04-07T18:03:29.674+0200] {dag.py:3452} INFO - Setting next_dagrun for example_xcom to 2021-01-01T00:00:00+00:00, run_after=2021-01-01T00:00:00+00:00
[2023-04-07T18:03:29.687+0200] {processor.py:175} INFO - Processing /Users/oanottage/opt/anaconda3/envs/energyvenv/lib/python3.9/site-packages/airflow/example_dags/example_xcom.py took 0.777 seconds
[2023-04-07T18:04:32.884+0200] {processor.py:153} INFO - Started process (PID=18583) to work on /Users/oanottage/opt/anaconda3/envs/energyvenv/lib/python3.9/site-packages/airflow/example_dags/example_xcom.py
[2023-04-07T18:04:32.888+0200] {processor.py:743} INFO - Processing file /Users/oanottage/opt/anaconda3/envs/energyvenv/lib/python3.9/site-packages/airflow/example_dags/example_xcom.py for tasks to queue
[2023-04-07T18:04:32.888+0200] {logging_mixin.py:137} INFO - [2023-04-07T18:04:32.888+0200] {dagbag.py:532} INFO - Filling up the DagBag from /Users/oanottage/opt/anaconda3/envs/energyvenv/lib/python3.9/site-packages/airflow/example_dags/example_xcom.py
[2023-04-07T18:04:32.948+0200] {processor.py:753} INFO - DAG(s) dict_keys(['example_xcom']) retrieved from /Users/oanottage/opt/anaconda3/envs/energyvenv/lib/python3.9/site-packages/airflow/example_dags/example_xcom.py
[2023-04-07T18:04:33.653+0200] {logging_mixin.py:137} INFO - [2023-04-07T18:04:33.653+0200] {dag.py:2705} INFO - Sync 1 DAGs
[2023-04-07T18:04:33.667+0200] {logging_mixin.py:137} INFO - [2023-04-07T18:04:33.667+0200] {dag.py:3452} INFO - Setting next_dagrun for example_xcom to 2021-01-01T00:00:00+00:00, run_after=2021-01-01T00:00:00+00:00
[2023-04-07T18:04:33.722+0200] {processor.py:175} INFO - Processing /Users/oanottage/opt/anaconda3/envs/energyvenv/lib/python3.9/site-packages/airflow/example_dags/example_xcom.py took 0.838 seconds
[2023-04-07T18:06:26.402+0200] {processor.py:153} INFO - Started process (PID=18736) to work on /Users/oanottage/opt/anaconda3/envs/energyvenv/lib/python3.9/site-packages/airflow/example_dags/example_xcom.py
[2023-04-07T18:06:26.409+0200] {processor.py:743} INFO - Processing file /Users/oanottage/opt/anaconda3/envs/energyvenv/lib/python3.9/site-packages/airflow/example_dags/example_xcom.py for tasks to queue
[2023-04-07T18:06:26.410+0200] {logging_mixin.py:137} INFO - [2023-04-07T18:06:26.410+0200] {dagbag.py:532} INFO - Filling up the DagBag from /Users/oanottage/opt/anaconda3/envs/energyvenv/lib/python3.9/site-packages/airflow/example_dags/example_xcom.py
[2023-04-07T18:06:26.496+0200] {processor.py:753} INFO - DAG(s) dict_keys(['example_xcom']) retrieved from /Users/oanottage/opt/anaconda3/envs/energyvenv/lib/python3.9/site-packages/airflow/example_dags/example_xcom.py
[2023-04-07T18:06:27.229+0200] {logging_mixin.py:137} INFO - [2023-04-07T18:06:27.229+0200] {dag.py:2705} INFO - Sync 1 DAGs
[2023-04-07T18:06:27.240+0200] {logging_mixin.py:137} INFO - [2023-04-07T18:06:27.240+0200] {dag.py:3452} INFO - Setting next_dagrun for example_xcom to 2021-01-01T00:00:00+00:00, run_after=2021-01-01T00:00:00+00:00
[2023-04-07T18:06:27.253+0200] {processor.py:175} INFO - Processing /Users/oanottage/opt/anaconda3/envs/energyvenv/lib/python3.9/site-packages/airflow/example_dags/example_xcom.py took 0.852 seconds
[2023-04-07T18:08:02.660+0200] {processor.py:153} INFO - Started process (PID=18892) to work on /Users/oanottage/opt/anaconda3/envs/energyvenv/lib/python3.9/site-packages/airflow/example_dags/example_xcom.py
[2023-04-07T18:08:02.664+0200] {processor.py:743} INFO - Processing file /Users/oanottage/opt/anaconda3/envs/energyvenv/lib/python3.9/site-packages/airflow/example_dags/example_xcom.py for tasks to queue
[2023-04-07T18:08:02.664+0200] {logging_mixin.py:137} INFO - [2023-04-07T18:08:02.664+0200] {dagbag.py:532} INFO - Filling up the DagBag from /Users/oanottage/opt/anaconda3/envs/energyvenv/lib/python3.9/site-packages/airflow/example_dags/example_xcom.py
[2023-04-07T18:08:02.731+0200] {processor.py:753} INFO - DAG(s) dict_keys(['example_xcom']) retrieved from /Users/oanottage/opt/anaconda3/envs/energyvenv/lib/python3.9/site-packages/airflow/example_dags/example_xcom.py
[2023-04-07T18:08:03.381+0200] {logging_mixin.py:137} INFO - [2023-04-07T18:08:03.381+0200] {dag.py:2705} INFO - Sync 1 DAGs
[2023-04-07T18:08:03.392+0200] {logging_mixin.py:137} INFO - [2023-04-07T18:08:03.392+0200] {dag.py:3452} INFO - Setting next_dagrun for example_xcom to 2021-01-01T00:00:00+00:00, run_after=2021-01-01T00:00:00+00:00
[2023-04-07T18:08:03.406+0200] {processor.py:175} INFO - Processing /Users/oanottage/opt/anaconda3/envs/energyvenv/lib/python3.9/site-packages/airflow/example_dags/example_xcom.py took 0.746 seconds
[2023-04-07T18:09:53.066+0200] {processor.py:153} INFO - Started process (PID=19093) to work on /Users/oanottage/opt/anaconda3/envs/energyvenv/lib/python3.9/site-packages/airflow/example_dags/example_xcom.py
[2023-04-07T18:09:53.070+0200] {processor.py:743} INFO - Processing file /Users/oanottage/opt/anaconda3/envs/energyvenv/lib/python3.9/site-packages/airflow/example_dags/example_xcom.py for tasks to queue
[2023-04-07T18:09:53.071+0200] {logging_mixin.py:137} INFO - [2023-04-07T18:09:53.071+0200] {dagbag.py:532} INFO - Filling up the DagBag from /Users/oanottage/opt/anaconda3/envs/energyvenv/lib/python3.9/site-packages/airflow/example_dags/example_xcom.py
[2023-04-07T18:09:53.130+0200] {processor.py:753} INFO - DAG(s) dict_keys(['example_xcom']) retrieved from /Users/oanottage/opt/anaconda3/envs/energyvenv/lib/python3.9/site-packages/airflow/example_dags/example_xcom.py
[2023-04-07T18:09:53.739+0200] {logging_mixin.py:137} INFO - [2023-04-07T18:09:53.738+0200] {dag.py:2705} INFO - Sync 1 DAGs
[2023-04-07T18:09:53.750+0200] {logging_mixin.py:137} INFO - [2023-04-07T18:09:53.750+0200] {dag.py:3452} INFO - Setting next_dagrun for example_xcom to 2021-01-01T00:00:00+00:00, run_after=2021-01-01T00:00:00+00:00
[2023-04-07T18:09:53.763+0200] {processor.py:175} INFO - Processing /Users/oanottage/opt/anaconda3/envs/energyvenv/lib/python3.9/site-packages/airflow/example_dags/example_xcom.py took 0.697 seconds
[2023-04-07T18:11:14.314+0200] {processor.py:153} INFO - Started process (PID=19199) to work on /Users/oanottage/opt/anaconda3/envs/energyvenv/lib/python3.9/site-packages/airflow/example_dags/example_xcom.py
[2023-04-07T18:11:14.318+0200] {processor.py:743} INFO - Processing file /Users/oanottage/opt/anaconda3/envs/energyvenv/lib/python3.9/site-packages/airflow/example_dags/example_xcom.py for tasks to queue
[2023-04-07T18:11:14.318+0200] {logging_mixin.py:137} INFO - [2023-04-07T18:11:14.318+0200] {dagbag.py:532} INFO - Filling up the DagBag from /Users/oanottage/opt/anaconda3/envs/energyvenv/lib/python3.9/site-packages/airflow/example_dags/example_xcom.py
[2023-04-07T18:11:14.379+0200] {processor.py:753} INFO - DAG(s) dict_keys(['example_xcom']) retrieved from /Users/oanottage/opt/anaconda3/envs/energyvenv/lib/python3.9/site-packages/airflow/example_dags/example_xcom.py
[2023-04-07T18:11:15.040+0200] {logging_mixin.py:137} INFO - [2023-04-07T18:11:15.040+0200] {dag.py:2705} INFO - Sync 1 DAGs
[2023-04-07T18:11:15.051+0200] {logging_mixin.py:137} INFO - [2023-04-07T18:11:15.051+0200] {dag.py:3452} INFO - Setting next_dagrun for example_xcom to 2021-01-01T00:00:00+00:00, run_after=2021-01-01T00:00:00+00:00
[2023-04-07T18:11:15.063+0200] {processor.py:175} INFO - Processing /Users/oanottage/opt/anaconda3/envs/energyvenv/lib/python3.9/site-packages/airflow/example_dags/example_xcom.py took 0.749 seconds
[2023-04-07T18:12:37.470+0200] {processor.py:153} INFO - Started process (PID=19294) to work on /Users/oanottage/opt/anaconda3/envs/energyvenv/lib/python3.9/site-packages/airflow/example_dags/example_xcom.py
[2023-04-07T18:12:37.474+0200] {processor.py:743} INFO - Processing file /Users/oanottage/opt/anaconda3/envs/energyvenv/lib/python3.9/site-packages/airflow/example_dags/example_xcom.py for tasks to queue
[2023-04-07T18:12:37.474+0200] {logging_mixin.py:137} INFO - [2023-04-07T18:12:37.474+0200] {dagbag.py:532} INFO - Filling up the DagBag from /Users/oanottage/opt/anaconda3/envs/energyvenv/lib/python3.9/site-packages/airflow/example_dags/example_xcom.py
[2023-04-07T18:12:37.547+0200] {processor.py:753} INFO - DAG(s) dict_keys(['example_xcom']) retrieved from /Users/oanottage/opt/anaconda3/envs/energyvenv/lib/python3.9/site-packages/airflow/example_dags/example_xcom.py
[2023-04-07T18:12:38.294+0200] {logging_mixin.py:137} INFO - [2023-04-07T18:12:38.294+0200] {dag.py:2705} INFO - Sync 1 DAGs
[2023-04-07T18:12:38.308+0200] {logging_mixin.py:137} INFO - [2023-04-07T18:12:38.308+0200] {dag.py:3452} INFO - Setting next_dagrun for example_xcom to 2021-01-01T00:00:00+00:00, run_after=2021-01-01T00:00:00+00:00
[2023-04-07T18:12:38.323+0200] {processor.py:175} INFO - Processing /Users/oanottage/opt/anaconda3/envs/energyvenv/lib/python3.9/site-packages/airflow/example_dags/example_xcom.py took 0.853 seconds
[2023-04-07T18:13:12.252+0200] {processor.py:153} INFO - Started process (PID=19368) to work on /Users/oanottage/opt/anaconda3/envs/energyvenv/lib/python3.9/site-packages/airflow/example_dags/example_xcom.py
[2023-04-07T18:13:12.256+0200] {processor.py:743} INFO - Processing file /Users/oanottage/opt/anaconda3/envs/energyvenv/lib/python3.9/site-packages/airflow/example_dags/example_xcom.py for tasks to queue
[2023-04-07T18:13:12.256+0200] {logging_mixin.py:137} INFO - [2023-04-07T18:13:12.256+0200] {dagbag.py:532} INFO - Filling up the DagBag from /Users/oanottage/opt/anaconda3/envs/energyvenv/lib/python3.9/site-packages/airflow/example_dags/example_xcom.py
[2023-04-07T18:13:12.313+0200] {processor.py:753} INFO - DAG(s) dict_keys(['example_xcom']) retrieved from /Users/oanottage/opt/anaconda3/envs/energyvenv/lib/python3.9/site-packages/airflow/example_dags/example_xcom.py
[2023-04-07T18:13:12.962+0200] {logging_mixin.py:137} INFO - [2023-04-07T18:13:12.961+0200] {dag.py:2705} INFO - Sync 1 DAGs
[2023-04-07T18:13:12.973+0200] {logging_mixin.py:137} INFO - [2023-04-07T18:13:12.973+0200] {dag.py:3452} INFO - Setting next_dagrun for example_xcom to 2021-01-01T00:00:00+00:00, run_after=2021-01-01T00:00:00+00:00
[2023-04-07T18:13:12.985+0200] {processor.py:175} INFO - Processing /Users/oanottage/opt/anaconda3/envs/energyvenv/lib/python3.9/site-packages/airflow/example_dags/example_xcom.py took 0.734 seconds
[2023-04-07T18:15:43.829+0200] {processor.py:153} INFO - Started process (PID=19564) to work on /Users/oanottage/opt/anaconda3/envs/energyvenv/lib/python3.9/site-packages/airflow/example_dags/example_xcom.py
[2023-04-07T18:15:43.833+0200] {processor.py:743} INFO - Processing file /Users/oanottage/opt/anaconda3/envs/energyvenv/lib/python3.9/site-packages/airflow/example_dags/example_xcom.py for tasks to queue
[2023-04-07T18:15:43.834+0200] {logging_mixin.py:137} INFO - [2023-04-07T18:15:43.834+0200] {dagbag.py:532} INFO - Filling up the DagBag from /Users/oanottage/opt/anaconda3/envs/energyvenv/lib/python3.9/site-packages/airflow/example_dags/example_xcom.py
[2023-04-07T18:15:43.900+0200] {processor.py:753} INFO - DAG(s) dict_keys(['example_xcom']) retrieved from /Users/oanottage/opt/anaconda3/envs/energyvenv/lib/python3.9/site-packages/airflow/example_dags/example_xcom.py
[2023-04-07T18:15:44.666+0200] {logging_mixin.py:137} INFO - [2023-04-07T18:15:44.666+0200] {dag.py:2705} INFO - Sync 1 DAGs
[2023-04-07T18:15:44.681+0200] {logging_mixin.py:137} INFO - [2023-04-07T18:15:44.681+0200] {dag.py:3452} INFO - Setting next_dagrun for example_xcom to 2021-01-01T00:00:00+00:00, run_after=2021-01-01T00:00:00+00:00
[2023-04-07T18:15:44.696+0200] {processor.py:175} INFO - Processing /Users/oanottage/opt/anaconda3/envs/energyvenv/lib/python3.9/site-packages/airflow/example_dags/example_xcom.py took 0.867 seconds
[2023-04-07T18:17:35.420+0200] {processor.py:153} INFO - Started process (PID=19706) to work on /Users/oanottage/opt/anaconda3/envs/energyvenv/lib/python3.9/site-packages/airflow/example_dags/example_xcom.py
[2023-04-07T18:17:35.424+0200] {processor.py:743} INFO - Processing file /Users/oanottage/opt/anaconda3/envs/energyvenv/lib/python3.9/site-packages/airflow/example_dags/example_xcom.py for tasks to queue
[2023-04-07T18:17:35.425+0200] {logging_mixin.py:137} INFO - [2023-04-07T18:17:35.425+0200] {dagbag.py:532} INFO - Filling up the DagBag from /Users/oanottage/opt/anaconda3/envs/energyvenv/lib/python3.9/site-packages/airflow/example_dags/example_xcom.py
[2023-04-07T18:17:35.497+0200] {processor.py:753} INFO - DAG(s) dict_keys(['example_xcom']) retrieved from /Users/oanottage/opt/anaconda3/envs/energyvenv/lib/python3.9/site-packages/airflow/example_dags/example_xcom.py
[2023-04-07T18:17:36.226+0200] {logging_mixin.py:137} INFO - [2023-04-07T18:17:36.225+0200] {dag.py:2705} INFO - Sync 1 DAGs
[2023-04-07T18:17:36.241+0200] {logging_mixin.py:137} INFO - [2023-04-07T18:17:36.241+0200] {dag.py:3452} INFO - Setting next_dagrun for example_xcom to 2021-01-01T00:00:00+00:00, run_after=2021-01-01T00:00:00+00:00
[2023-04-07T18:17:36.255+0200] {processor.py:175} INFO - Processing /Users/oanottage/opt/anaconda3/envs/energyvenv/lib/python3.9/site-packages/airflow/example_dags/example_xcom.py took 0.836 seconds
[2023-04-07T18:18:56.921+0200] {processor.py:153} INFO - Started process (PID=19795) to work on /Users/oanottage/opt/anaconda3/envs/energyvenv/lib/python3.9/site-packages/airflow/example_dags/example_xcom.py
[2023-04-07T18:18:56.924+0200] {processor.py:743} INFO - Processing file /Users/oanottage/opt/anaconda3/envs/energyvenv/lib/python3.9/site-packages/airflow/example_dags/example_xcom.py for tasks to queue
[2023-04-07T18:18:56.925+0200] {logging_mixin.py:137} INFO - [2023-04-07T18:18:56.925+0200] {dagbag.py:532} INFO - Filling up the DagBag from /Users/oanottage/opt/anaconda3/envs/energyvenv/lib/python3.9/site-packages/airflow/example_dags/example_xcom.py
[2023-04-07T18:18:56.982+0200] {processor.py:753} INFO - DAG(s) dict_keys(['example_xcom']) retrieved from /Users/oanottage/opt/anaconda3/envs/energyvenv/lib/python3.9/site-packages/airflow/example_dags/example_xcom.py
[2023-04-07T18:18:57.689+0200] {logging_mixin.py:137} INFO - [2023-04-07T18:18:57.689+0200] {dag.py:2705} INFO - Sync 1 DAGs
[2023-04-07T18:18:57.704+0200] {logging_mixin.py:137} INFO - [2023-04-07T18:18:57.704+0200] {dag.py:3452} INFO - Setting next_dagrun for example_xcom to 2021-01-01T00:00:00+00:00, run_after=2021-01-01T00:00:00+00:00
[2023-04-07T18:18:57.720+0200] {processor.py:175} INFO - Processing /Users/oanottage/opt/anaconda3/envs/energyvenv/lib/python3.9/site-packages/airflow/example_dags/example_xcom.py took 0.799 seconds
[2023-04-07T18:20:19.963+0200] {processor.py:153} INFO - Started process (PID=19963) to work on /Users/oanottage/opt/anaconda3/envs/energyvenv/lib/python3.9/site-packages/airflow/example_dags/example_xcom.py
[2023-04-07T18:20:19.966+0200] {processor.py:743} INFO - Processing file /Users/oanottage/opt/anaconda3/envs/energyvenv/lib/python3.9/site-packages/airflow/example_dags/example_xcom.py for tasks to queue
[2023-04-07T18:20:19.966+0200] {logging_mixin.py:137} INFO - [2023-04-07T18:20:19.966+0200] {dagbag.py:532} INFO - Filling up the DagBag from /Users/oanottage/opt/anaconda3/envs/energyvenv/lib/python3.9/site-packages/airflow/example_dags/example_xcom.py
[2023-04-07T18:20:20.022+0200] {processor.py:753} INFO - DAG(s) dict_keys(['example_xcom']) retrieved from /Users/oanottage/opt/anaconda3/envs/energyvenv/lib/python3.9/site-packages/airflow/example_dags/example_xcom.py
[2023-04-07T18:20:20.683+0200] {logging_mixin.py:137} INFO - [2023-04-07T18:20:20.683+0200] {dag.py:2705} INFO - Sync 1 DAGs
[2023-04-07T18:20:20.695+0200] {logging_mixin.py:137} INFO - [2023-04-07T18:20:20.695+0200] {dag.py:3452} INFO - Setting next_dagrun for example_xcom to 2021-01-01T00:00:00+00:00, run_after=2021-01-01T00:00:00+00:00
[2023-04-07T18:20:20.707+0200] {processor.py:175} INFO - Processing /Users/oanottage/opt/anaconda3/envs/energyvenv/lib/python3.9/site-packages/airflow/example_dags/example_xcom.py took 0.745 seconds
[2023-04-07T18:21:40.862+0200] {processor.py:153} INFO - Started process (PID=20057) to work on /Users/oanottage/opt/anaconda3/envs/energyvenv/lib/python3.9/site-packages/airflow/example_dags/example_xcom.py
[2023-04-07T18:21:40.865+0200] {processor.py:743} INFO - Processing file /Users/oanottage/opt/anaconda3/envs/energyvenv/lib/python3.9/site-packages/airflow/example_dags/example_xcom.py for tasks to queue
[2023-04-07T18:21:40.866+0200] {logging_mixin.py:137} INFO - [2023-04-07T18:21:40.866+0200] {dagbag.py:532} INFO - Filling up the DagBag from /Users/oanottage/opt/anaconda3/envs/energyvenv/lib/python3.9/site-packages/airflow/example_dags/example_xcom.py
[2023-04-07T18:21:40.937+0200] {processor.py:753} INFO - DAG(s) dict_keys(['example_xcom']) retrieved from /Users/oanottage/opt/anaconda3/envs/energyvenv/lib/python3.9/site-packages/airflow/example_dags/example_xcom.py
[2023-04-07T18:21:41.625+0200] {logging_mixin.py:137} INFO - [2023-04-07T18:21:41.625+0200] {dag.py:2705} INFO - Sync 1 DAGs
[2023-04-07T18:21:41.636+0200] {logging_mixin.py:137} INFO - [2023-04-07T18:21:41.636+0200] {dag.py:3452} INFO - Setting next_dagrun for example_xcom to 2021-01-01T00:00:00+00:00, run_after=2021-01-01T00:00:00+00:00
[2023-04-07T18:21:41.649+0200] {processor.py:175} INFO - Processing /Users/oanottage/opt/anaconda3/envs/energyvenv/lib/python3.9/site-packages/airflow/example_dags/example_xcom.py took 0.787 seconds
[2023-04-07T18:23:02.064+0200] {processor.py:153} INFO - Started process (PID=20142) to work on /Users/oanottage/opt/anaconda3/envs/energyvenv/lib/python3.9/site-packages/airflow/example_dags/example_xcom.py
[2023-04-07T18:23:02.068+0200] {processor.py:743} INFO - Processing file /Users/oanottage/opt/anaconda3/envs/energyvenv/lib/python3.9/site-packages/airflow/example_dags/example_xcom.py for tasks to queue
[2023-04-07T18:23:02.068+0200] {logging_mixin.py:137} INFO - [2023-04-07T18:23:02.068+0200] {dagbag.py:532} INFO - Filling up the DagBag from /Users/oanottage/opt/anaconda3/envs/energyvenv/lib/python3.9/site-packages/airflow/example_dags/example_xcom.py
[2023-04-07T18:23:02.125+0200] {processor.py:753} INFO - DAG(s) dict_keys(['example_xcom']) retrieved from /Users/oanottage/opt/anaconda3/envs/energyvenv/lib/python3.9/site-packages/airflow/example_dags/example_xcom.py
[2023-04-07T18:23:02.785+0200] {logging_mixin.py:137} INFO - [2023-04-07T18:23:02.785+0200] {dag.py:2705} INFO - Sync 1 DAGs
[2023-04-07T18:23:02.797+0200] {logging_mixin.py:137} INFO - [2023-04-07T18:23:02.797+0200] {dag.py:3452} INFO - Setting next_dagrun for example_xcom to 2021-01-01T00:00:00+00:00, run_after=2021-01-01T00:00:00+00:00
[2023-04-07T18:23:02.809+0200] {processor.py:175} INFO - Processing /Users/oanottage/opt/anaconda3/envs/energyvenv/lib/python3.9/site-packages/airflow/example_dags/example_xcom.py took 0.745 seconds
[2023-04-07T18:24:23.924+0200] {processor.py:153} INFO - Started process (PID=20230) to work on /Users/oanottage/opt/anaconda3/envs/energyvenv/lib/python3.9/site-packages/airflow/example_dags/example_xcom.py
[2023-04-07T18:24:23.928+0200] {processor.py:743} INFO - Processing file /Users/oanottage/opt/anaconda3/envs/energyvenv/lib/python3.9/site-packages/airflow/example_dags/example_xcom.py for tasks to queue
[2023-04-07T18:24:23.929+0200] {logging_mixin.py:137} INFO - [2023-04-07T18:24:23.929+0200] {dagbag.py:532} INFO - Filling up the DagBag from /Users/oanottage/opt/anaconda3/envs/energyvenv/lib/python3.9/site-packages/airflow/example_dags/example_xcom.py
[2023-04-07T18:24:23.998+0200] {processor.py:753} INFO - DAG(s) dict_keys(['example_xcom']) retrieved from /Users/oanottage/opt/anaconda3/envs/energyvenv/lib/python3.9/site-packages/airflow/example_dags/example_xcom.py
[2023-04-07T18:24:24.752+0200] {logging_mixin.py:137} INFO - [2023-04-07T18:24:24.752+0200] {dag.py:2705} INFO - Sync 1 DAGs
[2023-04-07T18:24:24.767+0200] {logging_mixin.py:137} INFO - [2023-04-07T18:24:24.767+0200] {dag.py:3452} INFO - Setting next_dagrun for example_xcom to 2021-01-01T00:00:00+00:00, run_after=2021-01-01T00:00:00+00:00
[2023-04-07T18:24:24.781+0200] {processor.py:175} INFO - Processing /Users/oanottage/opt/anaconda3/envs/energyvenv/lib/python3.9/site-packages/airflow/example_dags/example_xcom.py took 0.857 seconds
[2023-04-07T18:25:47.818+0200] {processor.py:153} INFO - Started process (PID=20341) to work on /Users/oanottage/opt/anaconda3/envs/energyvenv/lib/python3.9/site-packages/airflow/example_dags/example_xcom.py
[2023-04-07T18:25:47.823+0200] {processor.py:743} INFO - Processing file /Users/oanottage/opt/anaconda3/envs/energyvenv/lib/python3.9/site-packages/airflow/example_dags/example_xcom.py for tasks to queue
[2023-04-07T18:25:47.824+0200] {logging_mixin.py:137} INFO - [2023-04-07T18:25:47.824+0200] {dagbag.py:532} INFO - Filling up the DagBag from /Users/oanottage/opt/anaconda3/envs/energyvenv/lib/python3.9/site-packages/airflow/example_dags/example_xcom.py
[2023-04-07T18:25:47.894+0200] {processor.py:753} INFO - DAG(s) dict_keys(['example_xcom']) retrieved from /Users/oanottage/opt/anaconda3/envs/energyvenv/lib/python3.9/site-packages/airflow/example_dags/example_xcom.py
[2023-04-07T18:25:48.598+0200] {logging_mixin.py:137} INFO - [2023-04-07T18:25:48.597+0200] {dag.py:2705} INFO - Sync 1 DAGs
[2023-04-07T18:25:48.610+0200] {logging_mixin.py:137} INFO - [2023-04-07T18:25:48.610+0200] {dag.py:3452} INFO - Setting next_dagrun for example_xcom to 2021-01-01T00:00:00+00:00, run_after=2021-01-01T00:00:00+00:00
[2023-04-07T18:25:48.625+0200] {processor.py:175} INFO - Processing /Users/oanottage/opt/anaconda3/envs/energyvenv/lib/python3.9/site-packages/airflow/example_dags/example_xcom.py took 0.808 seconds
[2023-04-07T18:27:05.880+0200] {processor.py:153} INFO - Started process (PID=20431) to work on /Users/oanottage/opt/anaconda3/envs/energyvenv/lib/python3.9/site-packages/airflow/example_dags/example_xcom.py
[2023-04-07T18:27:05.883+0200] {processor.py:743} INFO - Processing file /Users/oanottage/opt/anaconda3/envs/energyvenv/lib/python3.9/site-packages/airflow/example_dags/example_xcom.py for tasks to queue
[2023-04-07T18:27:05.883+0200] {logging_mixin.py:137} INFO - [2023-04-07T18:27:05.883+0200] {dagbag.py:532} INFO - Filling up the DagBag from /Users/oanottage/opt/anaconda3/envs/energyvenv/lib/python3.9/site-packages/airflow/example_dags/example_xcom.py
[2023-04-07T18:27:05.938+0200] {processor.py:753} INFO - DAG(s) dict_keys(['example_xcom']) retrieved from /Users/oanottage/opt/anaconda3/envs/energyvenv/lib/python3.9/site-packages/airflow/example_dags/example_xcom.py
[2023-04-07T18:27:06.586+0200] {logging_mixin.py:137} INFO - [2023-04-07T18:27:06.586+0200] {dag.py:2705} INFO - Sync 1 DAGs
[2023-04-07T18:27:06.597+0200] {logging_mixin.py:137} INFO - [2023-04-07T18:27:06.597+0200] {dag.py:3452} INFO - Setting next_dagrun for example_xcom to 2021-01-01T00:00:00+00:00, run_after=2021-01-01T00:00:00+00:00
[2023-04-07T18:27:06.610+0200] {processor.py:175} INFO - Processing /Users/oanottage/opt/anaconda3/envs/energyvenv/lib/python3.9/site-packages/airflow/example_dags/example_xcom.py took 0.731 seconds
[2023-04-07T18:28:52.636+0200] {processor.py:153} INFO - Started process (PID=20552) to work on /Users/oanottage/opt/anaconda3/envs/energyvenv/lib/python3.9/site-packages/airflow/example_dags/example_xcom.py
[2023-04-07T18:28:52.648+0200] {processor.py:743} INFO - Processing file /Users/oanottage/opt/anaconda3/envs/energyvenv/lib/python3.9/site-packages/airflow/example_dags/example_xcom.py for tasks to queue
[2023-04-07T18:28:52.650+0200] {logging_mixin.py:137} INFO - [2023-04-07T18:28:52.649+0200] {dagbag.py:532} INFO - Filling up the DagBag from /Users/oanottage/opt/anaconda3/envs/energyvenv/lib/python3.9/site-packages/airflow/example_dags/example_xcom.py
[2023-04-07T18:28:52.714+0200] {processor.py:753} INFO - DAG(s) dict_keys(['example_xcom']) retrieved from /Users/oanottage/opt/anaconda3/envs/energyvenv/lib/python3.9/site-packages/airflow/example_dags/example_xcom.py
[2023-04-07T18:28:53.452+0200] {logging_mixin.py:137} INFO - [2023-04-07T18:28:53.451+0200] {dag.py:2705} INFO - Sync 1 DAGs
[2023-04-07T18:28:53.466+0200] {logging_mixin.py:137} INFO - [2023-04-07T18:28:53.466+0200] {dag.py:3452} INFO - Setting next_dagrun for example_xcom to 2021-01-01T00:00:00+00:00, run_after=2021-01-01T00:00:00+00:00
[2023-04-07T18:28:53.480+0200] {processor.py:175} INFO - Processing /Users/oanottage/opt/anaconda3/envs/energyvenv/lib/python3.9/site-packages/airflow/example_dags/example_xcom.py took 0.845 seconds
[2023-04-07T18:30:15.837+0200] {processor.py:153} INFO - Started process (PID=20735) to work on /Users/oanottage/opt/anaconda3/envs/energyvenv/lib/python3.9/site-packages/airflow/example_dags/example_xcom.py
[2023-04-07T18:30:15.841+0200] {processor.py:743} INFO - Processing file /Users/oanottage/opt/anaconda3/envs/energyvenv/lib/python3.9/site-packages/airflow/example_dags/example_xcom.py for tasks to queue
[2023-04-07T18:30:15.841+0200] {logging_mixin.py:137} INFO - [2023-04-07T18:30:15.841+0200] {dagbag.py:532} INFO - Filling up the DagBag from /Users/oanottage/opt/anaconda3/envs/energyvenv/lib/python3.9/site-packages/airflow/example_dags/example_xcom.py
[2023-04-07T18:30:15.898+0200] {processor.py:753} INFO - DAG(s) dict_keys(['example_xcom']) retrieved from /Users/oanottage/opt/anaconda3/envs/energyvenv/lib/python3.9/site-packages/airflow/example_dags/example_xcom.py
[2023-04-07T18:30:16.568+0200] {logging_mixin.py:137} INFO - [2023-04-07T18:30:16.567+0200] {dag.py:2705} INFO - Sync 1 DAGs
[2023-04-07T18:30:16.579+0200] {logging_mixin.py:137} INFO - [2023-04-07T18:30:16.579+0200] {dag.py:3452} INFO - Setting next_dagrun for example_xcom to 2021-01-01T00:00:00+00:00, run_after=2021-01-01T00:00:00+00:00
[2023-04-07T18:30:16.591+0200] {processor.py:175} INFO - Processing /Users/oanottage/opt/anaconda3/envs/energyvenv/lib/python3.9/site-packages/airflow/example_dags/example_xcom.py took 0.754 seconds
[2023-04-07T18:42:13.179+0200] {processor.py:153} INFO - Started process (PID=21400) to work on /Users/oanottage/opt/anaconda3/envs/energyvenv/lib/python3.9/site-packages/airflow/example_dags/example_xcom.py
[2023-04-07T18:42:13.182+0200] {processor.py:743} INFO - Processing file /Users/oanottage/opt/anaconda3/envs/energyvenv/lib/python3.9/site-packages/airflow/example_dags/example_xcom.py for tasks to queue
[2023-04-07T18:42:13.183+0200] {logging_mixin.py:137} INFO - [2023-04-07T18:42:13.183+0200] {dagbag.py:532} INFO - Filling up the DagBag from /Users/oanottage/opt/anaconda3/envs/energyvenv/lib/python3.9/site-packages/airflow/example_dags/example_xcom.py
[2023-04-07T18:42:13.254+0200] {processor.py:753} INFO - DAG(s) dict_keys(['example_xcom']) retrieved from /Users/oanottage/opt/anaconda3/envs/energyvenv/lib/python3.9/site-packages/airflow/example_dags/example_xcom.py
[2023-04-07T18:42:13.936+0200] {logging_mixin.py:137} INFO - [2023-04-07T18:42:13.936+0200] {dag.py:2705} INFO - Sync 1 DAGs
[2023-04-07T18:42:13.949+0200] {logging_mixin.py:137} INFO - [2023-04-07T18:42:13.949+0200] {dag.py:3452} INFO - Setting next_dagrun for example_xcom to 2021-01-01T00:00:00+00:00, run_after=2021-01-01T00:00:00+00:00
[2023-04-07T18:42:13.961+0200] {processor.py:175} INFO - Processing /Users/oanottage/opt/anaconda3/envs/energyvenv/lib/python3.9/site-packages/airflow/example_dags/example_xcom.py took 0.783 seconds
[2023-04-07T18:44:08.024+0200] {processor.py:153} INFO - Started process (PID=21536) to work on /Users/oanottage/opt/anaconda3/envs/energyvenv/lib/python3.9/site-packages/airflow/example_dags/example_xcom.py
[2023-04-07T18:44:08.027+0200] {processor.py:743} INFO - Processing file /Users/oanottage/opt/anaconda3/envs/energyvenv/lib/python3.9/site-packages/airflow/example_dags/example_xcom.py for tasks to queue
[2023-04-07T18:44:08.027+0200] {logging_mixin.py:137} INFO - [2023-04-07T18:44:08.027+0200] {dagbag.py:532} INFO - Filling up the DagBag from /Users/oanottage/opt/anaconda3/envs/energyvenv/lib/python3.9/site-packages/airflow/example_dags/example_xcom.py
[2023-04-07T18:44:08.092+0200] {processor.py:753} INFO - DAG(s) dict_keys(['example_xcom']) retrieved from /Users/oanottage/opt/anaconda3/envs/energyvenv/lib/python3.9/site-packages/airflow/example_dags/example_xcom.py
[2023-04-07T18:44:08.813+0200] {logging_mixin.py:137} INFO - [2023-04-07T18:44:08.813+0200] {dag.py:2705} INFO - Sync 1 DAGs
[2023-04-07T18:44:08.826+0200] {logging_mixin.py:137} INFO - [2023-04-07T18:44:08.826+0200] {dag.py:3452} INFO - Setting next_dagrun for example_xcom to 2021-01-01T00:00:00+00:00, run_after=2021-01-01T00:00:00+00:00
[2023-04-07T18:44:08.841+0200] {processor.py:175} INFO - Processing /Users/oanottage/opt/anaconda3/envs/energyvenv/lib/python3.9/site-packages/airflow/example_dags/example_xcom.py took 0.817 seconds
[2023-04-07T18:45:08.118+0200] {processor.py:153} INFO - Started process (PID=21622) to work on /Users/oanottage/opt/anaconda3/envs/energyvenv/lib/python3.9/site-packages/airflow/example_dags/example_xcom.py
[2023-04-07T18:45:08.121+0200] {processor.py:743} INFO - Processing file /Users/oanottage/opt/anaconda3/envs/energyvenv/lib/python3.9/site-packages/airflow/example_dags/example_xcom.py for tasks to queue
[2023-04-07T18:45:08.122+0200] {logging_mixin.py:137} INFO - [2023-04-07T18:45:08.122+0200] {dagbag.py:532} INFO - Filling up the DagBag from /Users/oanottage/opt/anaconda3/envs/energyvenv/lib/python3.9/site-packages/airflow/example_dags/example_xcom.py
[2023-04-07T18:45:08.181+0200] {processor.py:753} INFO - DAG(s) dict_keys(['example_xcom']) retrieved from /Users/oanottage/opt/anaconda3/envs/energyvenv/lib/python3.9/site-packages/airflow/example_dags/example_xcom.py
[2023-04-07T18:45:08.897+0200] {logging_mixin.py:137} INFO - [2023-04-07T18:45:08.897+0200] {dag.py:2705} INFO - Sync 1 DAGs
[2023-04-07T18:45:08.909+0200] {logging_mixin.py:137} INFO - [2023-04-07T18:45:08.908+0200] {dag.py:3452} INFO - Setting next_dagrun for example_xcom to 2021-01-01T00:00:00+00:00, run_after=2021-01-01T00:00:00+00:00
[2023-04-07T18:45:08.922+0200] {processor.py:175} INFO - Processing /Users/oanottage/opt/anaconda3/envs/energyvenv/lib/python3.9/site-packages/airflow/example_dags/example_xcom.py took 0.805 seconds
