[2023-04-07T17:55:30.539+0200] {processor.py:153} INFO - Started process (PID=17931) to work on /Users/oanottage/opt/anaconda3/envs/energyvenv/lib/python3.9/site-packages/airflow/example_dags/example_branch_python_dop_operator_3.py
[2023-04-07T17:55:30.542+0200] {processor.py:743} INFO - Processing file /Users/oanottage/opt/anaconda3/envs/energyvenv/lib/python3.9/site-packages/airflow/example_dags/example_branch_python_dop_operator_3.py for tasks to queue
[2023-04-07T17:55:30.542+0200] {logging_mixin.py:137} INFO - [2023-04-07T17:55:30.542+0200] {dagbag.py:532} INFO - Filling up the DagBag from /Users/oanottage/opt/anaconda3/envs/energyvenv/lib/python3.9/site-packages/airflow/example_dags/example_branch_python_dop_operator_3.py
[2023-04-07T17:55:30.603+0200] {processor.py:753} INFO - DAG(s) dict_keys(['example_branch_dop_operator_v3']) retrieved from /Users/oanottage/opt/anaconda3/envs/energyvenv/lib/python3.9/site-packages/airflow/example_dags/example_branch_python_dop_operator_3.py
[2023-04-07T17:55:31.337+0200] {logging_mixin.py:137} INFO - [2023-04-07T17:55:31.337+0200] {dag.py:2705} INFO - Sync 1 DAGs
[2023-04-07T17:55:31.355+0200] {logging_mixin.py:137} INFO - [2023-04-07T17:55:31.355+0200] {dag.py:3452} INFO - Setting next_dagrun for example_branch_dop_operator_v3 to 2023-04-07T15:54:00+00:00, run_after=2023-04-07T15:55:00+00:00
[2023-04-07T17:55:31.373+0200] {processor.py:175} INFO - Processing /Users/oanottage/opt/anaconda3/envs/energyvenv/lib/python3.9/site-packages/airflow/example_dags/example_branch_python_dop_operator_3.py took 0.835 seconds
[2023-04-07T17:57:40.657+0200] {processor.py:153} INFO - Started process (PID=18094) to work on /Users/oanottage/opt/anaconda3/envs/energyvenv/lib/python3.9/site-packages/airflow/example_dags/example_branch_python_dop_operator_3.py
[2023-04-07T17:57:40.660+0200] {processor.py:743} INFO - Processing file /Users/oanottage/opt/anaconda3/envs/energyvenv/lib/python3.9/site-packages/airflow/example_dags/example_branch_python_dop_operator_3.py for tasks to queue
[2023-04-07T17:57:40.661+0200] {logging_mixin.py:137} INFO - [2023-04-07T17:57:40.661+0200] {dagbag.py:532} INFO - Filling up the DagBag from /Users/oanottage/opt/anaconda3/envs/energyvenv/lib/python3.9/site-packages/airflow/example_dags/example_branch_python_dop_operator_3.py
[2023-04-07T17:57:40.728+0200] {processor.py:753} INFO - DAG(s) dict_keys(['example_branch_dop_operator_v3']) retrieved from /Users/oanottage/opt/anaconda3/envs/energyvenv/lib/python3.9/site-packages/airflow/example_dags/example_branch_python_dop_operator_3.py
[2023-04-07T17:57:41.404+0200] {logging_mixin.py:137} INFO - [2023-04-07T17:57:41.404+0200] {dag.py:2705} INFO - Sync 1 DAGs
[2023-04-07T17:57:41.419+0200] {logging_mixin.py:137} INFO - [2023-04-07T17:57:41.419+0200] {dag.py:3452} INFO - Setting next_dagrun for example_branch_dop_operator_v3 to 2023-04-07T15:56:00+00:00, run_after=2023-04-07T15:57:00+00:00
[2023-04-07T17:57:41.432+0200] {processor.py:175} INFO - Processing /Users/oanottage/opt/anaconda3/envs/energyvenv/lib/python3.9/site-packages/airflow/example_dags/example_branch_python_dop_operator_3.py took 0.776 seconds
[2023-04-07T18:00:19.777+0200] {processor.py:153} INFO - Started process (PID=18275) to work on /Users/oanottage/opt/anaconda3/envs/energyvenv/lib/python3.9/site-packages/airflow/example_dags/example_branch_python_dop_operator_3.py
[2023-04-07T18:00:19.780+0200] {processor.py:743} INFO - Processing file /Users/oanottage/opt/anaconda3/envs/energyvenv/lib/python3.9/site-packages/airflow/example_dags/example_branch_python_dop_operator_3.py for tasks to queue
[2023-04-07T18:00:19.780+0200] {logging_mixin.py:137} INFO - [2023-04-07T18:00:19.780+0200] {dagbag.py:532} INFO - Filling up the DagBag from /Users/oanottage/opt/anaconda3/envs/energyvenv/lib/python3.9/site-packages/airflow/example_dags/example_branch_python_dop_operator_3.py
[2023-04-07T18:00:19.834+0200] {processor.py:753} INFO - DAG(s) dict_keys(['example_branch_dop_operator_v3']) retrieved from /Users/oanottage/opt/anaconda3/envs/energyvenv/lib/python3.9/site-packages/airflow/example_dags/example_branch_python_dop_operator_3.py
[2023-04-07T18:00:20.442+0200] {logging_mixin.py:137} INFO - [2023-04-07T18:00:20.442+0200] {dag.py:2705} INFO - Sync 1 DAGs
[2023-04-07T18:00:20.457+0200] {logging_mixin.py:137} INFO - [2023-04-07T18:00:20.457+0200] {dag.py:3452} INFO - Setting next_dagrun for example_branch_dop_operator_v3 to 2023-04-07T15:59:00+00:00, run_after=2023-04-07T16:00:00+00:00
[2023-04-07T18:00:20.470+0200] {processor.py:175} INFO - Processing /Users/oanottage/opt/anaconda3/envs/energyvenv/lib/python3.9/site-packages/airflow/example_dags/example_branch_python_dop_operator_3.py took 0.694 seconds
[2023-04-07T18:03:01.905+0200] {processor.py:153} INFO - Started process (PID=18467) to work on /Users/oanottage/opt/anaconda3/envs/energyvenv/lib/python3.9/site-packages/airflow/example_dags/example_branch_python_dop_operator_3.py
[2023-04-07T18:03:01.908+0200] {processor.py:743} INFO - Processing file /Users/oanottage/opt/anaconda3/envs/energyvenv/lib/python3.9/site-packages/airflow/example_dags/example_branch_python_dop_operator_3.py for tasks to queue
[2023-04-07T18:03:01.908+0200] {logging_mixin.py:137} INFO - [2023-04-07T18:03:01.908+0200] {dagbag.py:532} INFO - Filling up the DagBag from /Users/oanottage/opt/anaconda3/envs/energyvenv/lib/python3.9/site-packages/airflow/example_dags/example_branch_python_dop_operator_3.py
[2023-04-07T18:03:01.965+0200] {processor.py:753} INFO - DAG(s) dict_keys(['example_branch_dop_operator_v3']) retrieved from /Users/oanottage/opt/anaconda3/envs/energyvenv/lib/python3.9/site-packages/airflow/example_dags/example_branch_python_dop_operator_3.py
[2023-04-07T18:03:02.729+0200] {logging_mixin.py:137} INFO - [2023-04-07T18:03:02.728+0200] {dag.py:2705} INFO - Sync 1 DAGs
[2023-04-07T18:03:02.746+0200] {logging_mixin.py:137} INFO - [2023-04-07T18:03:02.746+0200] {dag.py:3452} INFO - Setting next_dagrun for example_branch_dop_operator_v3 to 2023-04-07T16:02:00+00:00, run_after=2023-04-07T16:03:00+00:00
[2023-04-07T18:03:02.760+0200] {processor.py:175} INFO - Processing /Users/oanottage/opt/anaconda3/envs/energyvenv/lib/python3.9/site-packages/airflow/example_dags/example_branch_python_dop_operator_3.py took 0.856 seconds
[2023-04-07T18:05:42.635+0200] {processor.py:153} INFO - Started process (PID=18686) to work on /Users/oanottage/opt/anaconda3/envs/energyvenv/lib/python3.9/site-packages/airflow/example_dags/example_branch_python_dop_operator_3.py
[2023-04-07T18:05:42.638+0200] {processor.py:743} INFO - Processing file /Users/oanottage/opt/anaconda3/envs/energyvenv/lib/python3.9/site-packages/airflow/example_dags/example_branch_python_dop_operator_3.py for tasks to queue
[2023-04-07T18:05:42.638+0200] {logging_mixin.py:137} INFO - [2023-04-07T18:05:42.638+0200] {dagbag.py:532} INFO - Filling up the DagBag from /Users/oanottage/opt/anaconda3/envs/energyvenv/lib/python3.9/site-packages/airflow/example_dags/example_branch_python_dop_operator_3.py
[2023-04-07T18:05:42.693+0200] {processor.py:753} INFO - DAG(s) dict_keys(['example_branch_dop_operator_v3']) retrieved from /Users/oanottage/opt/anaconda3/envs/energyvenv/lib/python3.9/site-packages/airflow/example_dags/example_branch_python_dop_operator_3.py
[2023-04-07T18:05:43.325+0200] {logging_mixin.py:137} INFO - [2023-04-07T18:05:43.325+0200] {dag.py:2705} INFO - Sync 1 DAGs
[2023-04-07T18:05:43.339+0200] {logging_mixin.py:137} INFO - [2023-04-07T18:05:43.339+0200] {dag.py:3452} INFO - Setting next_dagrun for example_branch_dop_operator_v3 to 2023-04-07T16:04:00+00:00, run_after=2023-04-07T16:05:00+00:00
[2023-04-07T18:05:43.351+0200] {processor.py:175} INFO - Processing /Users/oanottage/opt/anaconda3/envs/energyvenv/lib/python3.9/site-packages/airflow/example_dags/example_branch_python_dop_operator_3.py took 0.717 seconds
[2023-04-07T18:09:12.327+0200] {processor.py:153} INFO - Started process (PID=19033) to work on /Users/oanottage/opt/anaconda3/envs/energyvenv/lib/python3.9/site-packages/airflow/example_dags/example_branch_python_dop_operator_3.py
[2023-04-07T18:09:12.331+0200] {processor.py:743} INFO - Processing file /Users/oanottage/opt/anaconda3/envs/energyvenv/lib/python3.9/site-packages/airflow/example_dags/example_branch_python_dop_operator_3.py for tasks to queue
[2023-04-07T18:09:12.331+0200] {logging_mixin.py:137} INFO - [2023-04-07T18:09:12.331+0200] {dagbag.py:532} INFO - Filling up the DagBag from /Users/oanottage/opt/anaconda3/envs/energyvenv/lib/python3.9/site-packages/airflow/example_dags/example_branch_python_dop_operator_3.py
[2023-04-07T18:09:12.391+0200] {processor.py:753} INFO - DAG(s) dict_keys(['example_branch_dop_operator_v3']) retrieved from /Users/oanottage/opt/anaconda3/envs/energyvenv/lib/python3.9/site-packages/airflow/example_dags/example_branch_python_dop_operator_3.py
[2023-04-07T18:09:13.010+0200] {logging_mixin.py:137} INFO - [2023-04-07T18:09:13.010+0200] {dag.py:2705} INFO - Sync 1 DAGs
[2023-04-07T18:09:13.024+0200] {logging_mixin.py:137} INFO - [2023-04-07T18:09:13.024+0200] {dag.py:3452} INFO - Setting next_dagrun for example_branch_dop_operator_v3 to 2023-04-07T16:08:00+00:00, run_after=2023-04-07T16:09:00+00:00
[2023-04-07T18:09:13.036+0200] {processor.py:175} INFO - Processing /Users/oanottage/opt/anaconda3/envs/energyvenv/lib/python3.9/site-packages/airflow/example_dags/example_branch_python_dop_operator_3.py took 0.710 seconds
[2023-04-07T18:11:54.613+0200] {processor.py:153} INFO - Started process (PID=19249) to work on /Users/oanottage/opt/anaconda3/envs/energyvenv/lib/python3.9/site-packages/airflow/example_dags/example_branch_python_dop_operator_3.py
[2023-04-07T18:11:54.616+0200] {processor.py:743} INFO - Processing file /Users/oanottage/opt/anaconda3/envs/energyvenv/lib/python3.9/site-packages/airflow/example_dags/example_branch_python_dop_operator_3.py for tasks to queue
[2023-04-07T18:11:54.617+0200] {logging_mixin.py:137} INFO - [2023-04-07T18:11:54.616+0200] {dagbag.py:532} INFO - Filling up the DagBag from /Users/oanottage/opt/anaconda3/envs/energyvenv/lib/python3.9/site-packages/airflow/example_dags/example_branch_python_dop_operator_3.py
[2023-04-07T18:11:54.680+0200] {processor.py:753} INFO - DAG(s) dict_keys(['example_branch_dop_operator_v3']) retrieved from /Users/oanottage/opt/anaconda3/envs/energyvenv/lib/python3.9/site-packages/airflow/example_dags/example_branch_python_dop_operator_3.py
[2023-04-07T18:11:55.419+0200] {logging_mixin.py:137} INFO - [2023-04-07T18:11:55.419+0200] {dag.py:2705} INFO - Sync 1 DAGs
[2023-04-07T18:11:55.433+0200] {logging_mixin.py:137} INFO - [2023-04-07T18:11:55.433+0200] {dag.py:3452} INFO - Setting next_dagrun for example_branch_dop_operator_v3 to 2023-04-07T16:10:00+00:00, run_after=2023-04-07T16:11:00+00:00
[2023-04-07T18:11:55.445+0200] {processor.py:175} INFO - Processing /Users/oanottage/opt/anaconda3/envs/energyvenv/lib/python3.9/site-packages/airflow/example_dags/example_branch_python_dop_operator_3.py took 0.832 seconds
[2023-04-07T18:14:24.181+0200] {processor.py:153} INFO - Started process (PID=19449) to work on /Users/oanottage/opt/anaconda3/envs/energyvenv/lib/python3.9/site-packages/airflow/example_dags/example_branch_python_dop_operator_3.py
[2023-04-07T18:14:24.185+0200] {processor.py:743} INFO - Processing file /Users/oanottage/opt/anaconda3/envs/energyvenv/lib/python3.9/site-packages/airflow/example_dags/example_branch_python_dop_operator_3.py for tasks to queue
[2023-04-07T18:14:24.186+0200] {logging_mixin.py:137} INFO - [2023-04-07T18:14:24.185+0200] {dagbag.py:532} INFO - Filling up the DagBag from /Users/oanottage/opt/anaconda3/envs/energyvenv/lib/python3.9/site-packages/airflow/example_dags/example_branch_python_dop_operator_3.py
[2023-04-07T18:14:24.244+0200] {processor.py:753} INFO - DAG(s) dict_keys(['example_branch_dop_operator_v3']) retrieved from /Users/oanottage/opt/anaconda3/envs/energyvenv/lib/python3.9/site-packages/airflow/example_dags/example_branch_python_dop_operator_3.py
[2023-04-07T18:14:24.910+0200] {logging_mixin.py:137} INFO - [2023-04-07T18:14:24.910+0200] {dag.py:2705} INFO - Sync 1 DAGs
[2023-04-07T18:14:24.926+0200] {logging_mixin.py:137} INFO - [2023-04-07T18:14:24.926+0200] {dag.py:3452} INFO - Setting next_dagrun for example_branch_dop_operator_v3 to 2023-04-07T16:13:00+00:00, run_after=2023-04-07T16:14:00+00:00
[2023-04-07T18:14:24.938+0200] {processor.py:175} INFO - Processing /Users/oanottage/opt/anaconda3/envs/energyvenv/lib/python3.9/site-packages/airflow/example_dags/example_branch_python_dop_operator_3.py took 0.758 seconds
[2023-04-07T18:16:52.422+0200] {processor.py:153} INFO - Started process (PID=19659) to work on /Users/oanottage/opt/anaconda3/envs/energyvenv/lib/python3.9/site-packages/airflow/example_dags/example_branch_python_dop_operator_3.py
[2023-04-07T18:16:52.426+0200] {processor.py:743} INFO - Processing file /Users/oanottage/opt/anaconda3/envs/energyvenv/lib/python3.9/site-packages/airflow/example_dags/example_branch_python_dop_operator_3.py for tasks to queue
[2023-04-07T18:16:52.426+0200] {logging_mixin.py:137} INFO - [2023-04-07T18:16:52.426+0200] {dagbag.py:532} INFO - Filling up the DagBag from /Users/oanottage/opt/anaconda3/envs/energyvenv/lib/python3.9/site-packages/airflow/example_dags/example_branch_python_dop_operator_3.py
[2023-04-07T18:16:52.487+0200] {processor.py:753} INFO - DAG(s) dict_keys(['example_branch_dop_operator_v3']) retrieved from /Users/oanottage/opt/anaconda3/envs/energyvenv/lib/python3.9/site-packages/airflow/example_dags/example_branch_python_dop_operator_3.py
[2023-04-07T18:16:53.141+0200] {logging_mixin.py:137} INFO - [2023-04-07T18:16:53.141+0200] {dag.py:2705} INFO - Sync 1 DAGs
[2023-04-07T18:16:53.156+0200] {logging_mixin.py:137} INFO - [2023-04-07T18:16:53.155+0200] {dag.py:3452} INFO - Setting next_dagrun for example_branch_dop_operator_v3 to 2023-04-07T16:15:00+00:00, run_after=2023-04-07T16:16:00+00:00
[2023-04-07T18:16:53.168+0200] {processor.py:175} INFO - Processing /Users/oanottage/opt/anaconda3/envs/energyvenv/lib/python3.9/site-packages/airflow/example_dags/example_branch_python_dop_operator_3.py took 0.746 seconds
[2023-04-07T18:19:34.591+0200] {processor.py:153} INFO - Started process (PID=19845) to work on /Users/oanottage/opt/anaconda3/envs/energyvenv/lib/python3.9/site-packages/airflow/example_dags/example_branch_python_dop_operator_3.py
[2023-04-07T18:19:34.594+0200] {processor.py:743} INFO - Processing file /Users/oanottage/opt/anaconda3/envs/energyvenv/lib/python3.9/site-packages/airflow/example_dags/example_branch_python_dop_operator_3.py for tasks to queue
[2023-04-07T18:19:34.594+0200] {logging_mixin.py:137} INFO - [2023-04-07T18:19:34.594+0200] {dagbag.py:532} INFO - Filling up the DagBag from /Users/oanottage/opt/anaconda3/envs/energyvenv/lib/python3.9/site-packages/airflow/example_dags/example_branch_python_dop_operator_3.py
[2023-04-07T18:19:34.647+0200] {processor.py:753} INFO - DAG(s) dict_keys(['example_branch_dop_operator_v3']) retrieved from /Users/oanottage/opt/anaconda3/envs/energyvenv/lib/python3.9/site-packages/airflow/example_dags/example_branch_python_dop_operator_3.py
[2023-04-07T18:19:35.258+0200] {logging_mixin.py:137} INFO - [2023-04-07T18:19:35.258+0200] {dag.py:2705} INFO - Sync 1 DAGs
[2023-04-07T18:19:35.272+0200] {logging_mixin.py:137} INFO - [2023-04-07T18:19:35.272+0200] {dag.py:3452} INFO - Setting next_dagrun for example_branch_dop_operator_v3 to 2023-04-07T16:18:00+00:00, run_after=2023-04-07T16:19:00+00:00
[2023-04-07T18:19:35.284+0200] {processor.py:175} INFO - Processing /Users/oanottage/opt/anaconda3/envs/energyvenv/lib/python3.9/site-packages/airflow/example_dags/example_branch_python_dop_operator_3.py took 0.694 seconds
[2023-04-07T18:22:21.119+0200] {processor.py:153} INFO - Started process (PID=20096) to work on /Users/oanottage/opt/anaconda3/envs/energyvenv/lib/python3.9/site-packages/airflow/example_dags/example_branch_python_dop_operator_3.py
[2023-04-07T18:22:21.124+0200] {processor.py:743} INFO - Processing file /Users/oanottage/opt/anaconda3/envs/energyvenv/lib/python3.9/site-packages/airflow/example_dags/example_branch_python_dop_operator_3.py for tasks to queue
[2023-04-07T18:22:21.125+0200] {logging_mixin.py:137} INFO - [2023-04-07T18:22:21.125+0200] {dagbag.py:532} INFO - Filling up the DagBag from /Users/oanottage/opt/anaconda3/envs/energyvenv/lib/python3.9/site-packages/airflow/example_dags/example_branch_python_dop_operator_3.py
[2023-04-07T18:22:21.183+0200] {processor.py:753} INFO - DAG(s) dict_keys(['example_branch_dop_operator_v3']) retrieved from /Users/oanottage/opt/anaconda3/envs/energyvenv/lib/python3.9/site-packages/airflow/example_dags/example_branch_python_dop_operator_3.py
[2023-04-07T18:22:21.799+0200] {logging_mixin.py:137} INFO - [2023-04-07T18:22:21.799+0200] {dag.py:2705} INFO - Sync 1 DAGs
[2023-04-07T18:22:21.814+0200] {logging_mixin.py:137} INFO - [2023-04-07T18:22:21.814+0200] {dag.py:3452} INFO - Setting next_dagrun for example_branch_dop_operator_v3 to 2023-04-07T16:21:00+00:00, run_after=2023-04-07T16:22:00+00:00
[2023-04-07T18:22:21.827+0200] {processor.py:175} INFO - Processing /Users/oanottage/opt/anaconda3/envs/energyvenv/lib/python3.9/site-packages/airflow/example_dags/example_branch_python_dop_operator_3.py took 0.709 seconds
[2023-04-07T18:25:05.870+0200] {processor.py:153} INFO - Started process (PID=20285) to work on /Users/oanottage/opt/anaconda3/envs/energyvenv/lib/python3.9/site-packages/airflow/example_dags/example_branch_python_dop_operator_3.py
[2023-04-07T18:25:05.874+0200] {processor.py:743} INFO - Processing file /Users/oanottage/opt/anaconda3/envs/energyvenv/lib/python3.9/site-packages/airflow/example_dags/example_branch_python_dop_operator_3.py for tasks to queue
[2023-04-07T18:25:05.874+0200] {logging_mixin.py:137} INFO - [2023-04-07T18:25:05.874+0200] {dagbag.py:532} INFO - Filling up the DagBag from /Users/oanottage/opt/anaconda3/envs/energyvenv/lib/python3.9/site-packages/airflow/example_dags/example_branch_python_dop_operator_3.py
[2023-04-07T18:25:05.935+0200] {processor.py:753} INFO - DAG(s) dict_keys(['example_branch_dop_operator_v3']) retrieved from /Users/oanottage/opt/anaconda3/envs/energyvenv/lib/python3.9/site-packages/airflow/example_dags/example_branch_python_dop_operator_3.py
[2023-04-07T18:25:06.643+0200] {logging_mixin.py:137} INFO - [2023-04-07T18:25:06.642+0200] {dag.py:2705} INFO - Sync 1 DAGs
[2023-04-07T18:25:06.659+0200] {logging_mixin.py:137} INFO - [2023-04-07T18:25:06.658+0200] {dag.py:3452} INFO - Setting next_dagrun for example_branch_dop_operator_v3 to 2023-04-07T16:24:00+00:00, run_after=2023-04-07T16:25:00+00:00
[2023-04-07T18:25:06.672+0200] {processor.py:175} INFO - Processing /Users/oanottage/opt/anaconda3/envs/energyvenv/lib/python3.9/site-packages/airflow/example_dags/example_branch_python_dop_operator_3.py took 0.802 seconds
[2023-04-07T18:27:41.567+0200] {processor.py:153} INFO - Started process (PID=20466) to work on /Users/oanottage/opt/anaconda3/envs/energyvenv/lib/python3.9/site-packages/airflow/example_dags/example_branch_python_dop_operator_3.py
[2023-04-07T18:27:41.571+0200] {processor.py:743} INFO - Processing file /Users/oanottage/opt/anaconda3/envs/energyvenv/lib/python3.9/site-packages/airflow/example_dags/example_branch_python_dop_operator_3.py for tasks to queue
[2023-04-07T18:27:41.572+0200] {logging_mixin.py:137} INFO - [2023-04-07T18:27:41.572+0200] {dagbag.py:532} INFO - Filling up the DagBag from /Users/oanottage/opt/anaconda3/envs/energyvenv/lib/python3.9/site-packages/airflow/example_dags/example_branch_python_dop_operator_3.py
[2023-04-07T18:27:41.636+0200] {processor.py:753} INFO - DAG(s) dict_keys(['example_branch_dop_operator_v3']) retrieved from /Users/oanottage/opt/anaconda3/envs/energyvenv/lib/python3.9/site-packages/airflow/example_dags/example_branch_python_dop_operator_3.py
[2023-04-07T18:27:42.336+0200] {logging_mixin.py:137} INFO - [2023-04-07T18:27:42.336+0200] {dag.py:2705} INFO - Sync 1 DAGs
[2023-04-07T18:27:42.354+0200] {logging_mixin.py:137} INFO - [2023-04-07T18:27:42.354+0200] {dag.py:3452} INFO - Setting next_dagrun for example_branch_dop_operator_v3 to 2023-04-07T16:26:00+00:00, run_after=2023-04-07T16:27:00+00:00
[2023-04-07T18:27:42.429+0200] {processor.py:175} INFO - Processing /Users/oanottage/opt/anaconda3/envs/energyvenv/lib/python3.9/site-packages/airflow/example_dags/example_branch_python_dop_operator_3.py took 0.862 seconds
[2023-04-07T18:31:21.132+0200] {processor.py:153} INFO - Started process (PID=20861) to work on /Users/oanottage/opt/anaconda3/envs/energyvenv/lib/python3.9/site-packages/airflow/example_dags/example_branch_python_dop_operator_3.py
[2023-04-07T18:31:21.136+0200] {processor.py:743} INFO - Processing file /Users/oanottage/opt/anaconda3/envs/energyvenv/lib/python3.9/site-packages/airflow/example_dags/example_branch_python_dop_operator_3.py for tasks to queue
[2023-04-07T18:31:21.136+0200] {logging_mixin.py:137} INFO - [2023-04-07T18:31:21.136+0200] {dagbag.py:532} INFO - Filling up the DagBag from /Users/oanottage/opt/anaconda3/envs/energyvenv/lib/python3.9/site-packages/airflow/example_dags/example_branch_python_dop_operator_3.py
[2023-04-07T18:31:21.198+0200] {processor.py:753} INFO - DAG(s) dict_keys(['example_branch_dop_operator_v3']) retrieved from /Users/oanottage/opt/anaconda3/envs/energyvenv/lib/python3.9/site-packages/airflow/example_dags/example_branch_python_dop_operator_3.py
[2023-04-07T18:31:21.957+0200] {logging_mixin.py:137} INFO - [2023-04-07T18:31:21.956+0200] {dag.py:2705} INFO - Sync 1 DAGs
[2023-04-07T18:31:21.979+0200] {logging_mixin.py:137} INFO - [2023-04-07T18:31:21.979+0200] {dag.py:3452} INFO - Setting next_dagrun for example_branch_dop_operator_v3 to 2023-04-07T16:30:00+00:00, run_after=2023-04-07T16:31:00+00:00
[2023-04-07T18:31:21.997+0200] {processor.py:175} INFO - Processing /Users/oanottage/opt/anaconda3/envs/energyvenv/lib/python3.9/site-packages/airflow/example_dags/example_branch_python_dop_operator_3.py took 0.866 seconds
[2023-04-07T18:43:24.865+0200] {processor.py:153} INFO - Started process (PID=21484) to work on /Users/oanottage/opt/anaconda3/envs/energyvenv/lib/python3.9/site-packages/airflow/example_dags/example_branch_python_dop_operator_3.py
[2023-04-07T18:43:24.869+0200] {processor.py:743} INFO - Processing file /Users/oanottage/opt/anaconda3/envs/energyvenv/lib/python3.9/site-packages/airflow/example_dags/example_branch_python_dop_operator_3.py for tasks to queue
[2023-04-07T18:43:24.870+0200] {logging_mixin.py:137} INFO - [2023-04-07T18:43:24.870+0200] {dagbag.py:532} INFO - Filling up the DagBag from /Users/oanottage/opt/anaconda3/envs/energyvenv/lib/python3.9/site-packages/airflow/example_dags/example_branch_python_dop_operator_3.py
[2023-04-07T18:43:24.935+0200] {processor.py:753} INFO - DAG(s) dict_keys(['example_branch_dop_operator_v3']) retrieved from /Users/oanottage/opt/anaconda3/envs/energyvenv/lib/python3.9/site-packages/airflow/example_dags/example_branch_python_dop_operator_3.py
[2023-04-07T18:43:25.631+0200] {logging_mixin.py:137} INFO - [2023-04-07T18:43:25.630+0200] {dag.py:2705} INFO - Sync 1 DAGs
[2023-04-07T18:43:25.648+0200] {logging_mixin.py:137} INFO - [2023-04-07T18:43:25.648+0200] {dag.py:3452} INFO - Setting next_dagrun for example_branch_dop_operator_v3 to 2023-04-07T16:42:00+00:00, run_after=2023-04-07T16:43:00+00:00
[2023-04-07T18:43:25.663+0200] {processor.py:175} INFO - Processing /Users/oanottage/opt/anaconda3/envs/energyvenv/lib/python3.9/site-packages/airflow/example_dags/example_branch_python_dop_operator_3.py took 0.798 seconds
[2023-04-07T18:46:17.666+0200] {processor.py:153} INFO - Started process (PID=21698) to work on /Users/oanottage/opt/anaconda3/envs/energyvenv/lib/python3.9/site-packages/airflow/example_dags/example_branch_python_dop_operator_3.py
[2023-04-07T18:46:17.670+0200] {processor.py:743} INFO - Processing file /Users/oanottage/opt/anaconda3/envs/energyvenv/lib/python3.9/site-packages/airflow/example_dags/example_branch_python_dop_operator_3.py for tasks to queue
[2023-04-07T18:46:17.670+0200] {logging_mixin.py:137} INFO - [2023-04-07T18:46:17.670+0200] {dagbag.py:532} INFO - Filling up the DagBag from /Users/oanottage/opt/anaconda3/envs/energyvenv/lib/python3.9/site-packages/airflow/example_dags/example_branch_python_dop_operator_3.py
[2023-04-07T18:46:17.724+0200] {processor.py:753} INFO - DAG(s) dict_keys(['example_branch_dop_operator_v3']) retrieved from /Users/oanottage/opt/anaconda3/envs/energyvenv/lib/python3.9/site-packages/airflow/example_dags/example_branch_python_dop_operator_3.py
[2023-04-07T18:46:18.334+0200] {logging_mixin.py:137} INFO - [2023-04-07T18:46:18.334+0200] {dag.py:2705} INFO - Sync 1 DAGs
[2023-04-07T18:46:18.348+0200] {logging_mixin.py:137} INFO - [2023-04-07T18:46:18.348+0200] {dag.py:3452} INFO - Setting next_dagrun for example_branch_dop_operator_v3 to 2023-04-07T16:45:00+00:00, run_after=2023-04-07T16:46:00+00:00
[2023-04-07T18:46:18.362+0200] {processor.py:175} INFO - Processing /Users/oanottage/opt/anaconda3/envs/energyvenv/lib/python3.9/site-packages/airflow/example_dags/example_branch_python_dop_operator_3.py took 0.696 seconds
