[2023-04-07T17:54:40.222+0200] {processor.py:153} INFO - Started process (PID=17823) to work on /Users/oanottage/opt/anaconda3/envs/energyvenv/lib/python3.9/site-packages/airflow/example_dags/example_sla_dag.py
[2023-04-07T17:54:40.225+0200] {processor.py:743} INFO - Processing file /Users/oanottage/opt/anaconda3/envs/energyvenv/lib/python3.9/site-packages/airflow/example_dags/example_sla_dag.py for tasks to queue
[2023-04-07T17:54:40.226+0200] {logging_mixin.py:137} INFO - [2023-04-07T17:54:40.226+0200] {dagbag.py:532} INFO - Filling up the DagBag from /Users/oanottage/opt/anaconda3/envs/energyvenv/lib/python3.9/site-packages/airflow/example_dags/example_sla_dag.py
[2023-04-07T17:54:40.291+0200] {processor.py:753} INFO - DAG(s) dict_keys(['example_sla_dag']) retrieved from /Users/oanottage/opt/anaconda3/envs/energyvenv/lib/python3.9/site-packages/airflow/example_dags/example_sla_dag.py
[2023-04-07T17:54:41.110+0200] {logging_mixin.py:137} INFO - [2023-04-07T17:54:41.110+0200] {dag.py:2705} INFO - Sync 1 DAGs
[2023-04-07T17:54:41.126+0200] {logging_mixin.py:137} INFO - [2023-04-07T17:54:41.126+0200] {dag.py:3452} INFO - Setting next_dagrun for example_sla_dag to 2023-04-07T15:52:00+00:00, run_after=2023-04-07T15:54:00+00:00
[2023-04-07T17:54:41.141+0200] {processor.py:175} INFO - Processing /Users/oanottage/opt/anaconda3/envs/energyvenv/lib/python3.9/site-packages/airflow/example_dags/example_sla_dag.py took 0.919 seconds
[2023-04-07T17:56:49.227+0200] {processor.py:153} INFO - Started process (PID=18038) to work on /Users/oanottage/opt/anaconda3/envs/energyvenv/lib/python3.9/site-packages/airflow/example_dags/example_sla_dag.py
[2023-04-07T17:56:49.230+0200] {processor.py:743} INFO - Processing file /Users/oanottage/opt/anaconda3/envs/energyvenv/lib/python3.9/site-packages/airflow/example_dags/example_sla_dag.py for tasks to queue
[2023-04-07T17:56:49.231+0200] {logging_mixin.py:137} INFO - [2023-04-07T17:56:49.230+0200] {dagbag.py:532} INFO - Filling up the DagBag from /Users/oanottage/opt/anaconda3/envs/energyvenv/lib/python3.9/site-packages/airflow/example_dags/example_sla_dag.py
[2023-04-07T17:56:49.297+0200] {processor.py:753} INFO - DAG(s) dict_keys(['example_sla_dag']) retrieved from /Users/oanottage/opt/anaconda3/envs/energyvenv/lib/python3.9/site-packages/airflow/example_dags/example_sla_dag.py
[2023-04-07T17:56:49.992+0200] {logging_mixin.py:137} INFO - [2023-04-07T17:56:49.991+0200] {dag.py:2705} INFO - Sync 1 DAGs
[2023-04-07T17:56:50.007+0200] {logging_mixin.py:137} INFO - [2023-04-07T17:56:50.007+0200] {dag.py:3452} INFO - Setting next_dagrun for example_sla_dag to 2023-04-07T15:54:00+00:00, run_after=2023-04-07T15:56:00+00:00
[2023-04-07T17:56:50.020+0200] {processor.py:175} INFO - Processing /Users/oanottage/opt/anaconda3/envs/energyvenv/lib/python3.9/site-packages/airflow/example_dags/example_sla_dag.py took 0.794 seconds
[2023-04-07T17:58:25.326+0200] {processor.py:153} INFO - Started process (PID=18145) to work on /Users/oanottage/opt/anaconda3/envs/energyvenv/lib/python3.9/site-packages/airflow/example_dags/example_sla_dag.py
[2023-04-07T17:58:25.329+0200] {processor.py:743} INFO - Processing file /Users/oanottage/opt/anaconda3/envs/energyvenv/lib/python3.9/site-packages/airflow/example_dags/example_sla_dag.py for tasks to queue
[2023-04-07T17:58:25.330+0200] {logging_mixin.py:137} INFO - [2023-04-07T17:58:25.330+0200] {dagbag.py:532} INFO - Filling up the DagBag from /Users/oanottage/opt/anaconda3/envs/energyvenv/lib/python3.9/site-packages/airflow/example_dags/example_sla_dag.py
[2023-04-07T17:58:25.382+0200] {processor.py:753} INFO - DAG(s) dict_keys(['example_sla_dag']) retrieved from /Users/oanottage/opt/anaconda3/envs/energyvenv/lib/python3.9/site-packages/airflow/example_dags/example_sla_dag.py
[2023-04-07T17:58:26.005+0200] {logging_mixin.py:137} INFO - [2023-04-07T17:58:26.005+0200] {dag.py:2705} INFO - Sync 1 DAGs
[2023-04-07T17:58:26.018+0200] {logging_mixin.py:137} INFO - [2023-04-07T17:58:26.018+0200] {dag.py:3452} INFO - Setting next_dagrun for example_sla_dag to 2023-04-07T15:56:00+00:00, run_after=2023-04-07T15:58:00+00:00
[2023-04-07T17:58:26.032+0200] {processor.py:175} INFO - Processing /Users/oanottage/opt/anaconda3/envs/energyvenv/lib/python3.9/site-packages/airflow/example_dags/example_sla_dag.py took 0.706 seconds
[2023-04-07T17:59:45.452+0200] {processor.py:153} INFO - Started process (PID=18238) to work on /Users/oanottage/opt/anaconda3/envs/energyvenv/lib/python3.9/site-packages/airflow/example_dags/example_sla_dag.py
[2023-04-07T17:59:45.455+0200] {processor.py:743} INFO - Processing file /Users/oanottage/opt/anaconda3/envs/energyvenv/lib/python3.9/site-packages/airflow/example_dags/example_sla_dag.py for tasks to queue
[2023-04-07T17:59:45.456+0200] {logging_mixin.py:137} INFO - [2023-04-07T17:59:45.456+0200] {dagbag.py:532} INFO - Filling up the DagBag from /Users/oanottage/opt/anaconda3/envs/energyvenv/lib/python3.9/site-packages/airflow/example_dags/example_sla_dag.py
[2023-04-07T17:59:45.520+0200] {processor.py:753} INFO - DAG(s) dict_keys(['example_sla_dag']) retrieved from /Users/oanottage/opt/anaconda3/envs/energyvenv/lib/python3.9/site-packages/airflow/example_dags/example_sla_dag.py
[2023-04-07T17:59:46.236+0200] {logging_mixin.py:137} INFO - [2023-04-07T17:59:46.236+0200] {dag.py:2705} INFO - Sync 1 DAGs
[2023-04-07T17:59:46.254+0200] {logging_mixin.py:137} INFO - [2023-04-07T17:59:46.253+0200] {dag.py:3452} INFO - Setting next_dagrun for example_sla_dag to 2023-04-07T15:56:00+00:00, run_after=2023-04-07T15:58:00+00:00
[2023-04-07T17:59:46.268+0200] {processor.py:175} INFO - Processing /Users/oanottage/opt/anaconda3/envs/energyvenv/lib/python3.9/site-packages/airflow/example_dags/example_sla_dag.py took 0.817 seconds
[2023-04-07T18:01:05.127+0200] {processor.py:153} INFO - Started process (PID=18340) to work on /Users/oanottage/opt/anaconda3/envs/energyvenv/lib/python3.9/site-packages/airflow/example_dags/example_sla_dag.py
[2023-04-07T18:01:05.130+0200] {processor.py:743} INFO - Processing file /Users/oanottage/opt/anaconda3/envs/energyvenv/lib/python3.9/site-packages/airflow/example_dags/example_sla_dag.py for tasks to queue
[2023-04-07T18:01:05.130+0200] {logging_mixin.py:137} INFO - [2023-04-07T18:01:05.130+0200] {dagbag.py:532} INFO - Filling up the DagBag from /Users/oanottage/opt/anaconda3/envs/energyvenv/lib/python3.9/site-packages/airflow/example_dags/example_sla_dag.py
[2023-04-07T18:01:05.186+0200] {processor.py:753} INFO - DAG(s) dict_keys(['example_sla_dag']) retrieved from /Users/oanottage/opt/anaconda3/envs/energyvenv/lib/python3.9/site-packages/airflow/example_dags/example_sla_dag.py
[2023-04-07T18:01:05.806+0200] {logging_mixin.py:137} INFO - [2023-04-07T18:01:05.806+0200] {dag.py:2705} INFO - Sync 1 DAGs
[2023-04-07T18:01:05.820+0200] {logging_mixin.py:137} INFO - [2023-04-07T18:01:05.820+0200] {dag.py:3452} INFO - Setting next_dagrun for example_sla_dag to 2023-04-07T15:58:00+00:00, run_after=2023-04-07T16:00:00+00:00
[2023-04-07T18:01:05.834+0200] {processor.py:175} INFO - Processing /Users/oanottage/opt/anaconda3/envs/energyvenv/lib/python3.9/site-packages/airflow/example_dags/example_sla_dag.py took 0.708 seconds
[2023-04-07T18:02:27.290+0200] {processor.py:153} INFO - Started process (PID=18430) to work on /Users/oanottage/opt/anaconda3/envs/energyvenv/lib/python3.9/site-packages/airflow/example_dags/example_sla_dag.py
[2023-04-07T18:02:27.294+0200] {processor.py:743} INFO - Processing file /Users/oanottage/opt/anaconda3/envs/energyvenv/lib/python3.9/site-packages/airflow/example_dags/example_sla_dag.py for tasks to queue
[2023-04-07T18:02:27.294+0200] {logging_mixin.py:137} INFO - [2023-04-07T18:02:27.294+0200] {dagbag.py:532} INFO - Filling up the DagBag from /Users/oanottage/opt/anaconda3/envs/energyvenv/lib/python3.9/site-packages/airflow/example_dags/example_sla_dag.py
[2023-04-07T18:02:27.346+0200] {processor.py:753} INFO - DAG(s) dict_keys(['example_sla_dag']) retrieved from /Users/oanottage/opt/anaconda3/envs/energyvenv/lib/python3.9/site-packages/airflow/example_dags/example_sla_dag.py
[2023-04-07T18:02:27.963+0200] {logging_mixin.py:137} INFO - [2023-04-07T18:02:27.963+0200] {dag.py:2705} INFO - Sync 1 DAGs
[2023-04-07T18:02:27.981+0200] {logging_mixin.py:137} INFO - [2023-04-07T18:02:27.981+0200] {dag.py:3452} INFO - Setting next_dagrun for example_sla_dag to 2023-04-07T16:00:00+00:00, run_after=2023-04-07T16:02:00+00:00
[2023-04-07T18:02:27.996+0200] {processor.py:175} INFO - Processing /Users/oanottage/opt/anaconda3/envs/energyvenv/lib/python3.9/site-packages/airflow/example_dags/example_sla_dag.py took 0.706 seconds
[2023-04-07T18:04:51.760+0200] {processor.py:153} INFO - Started process (PID=18623) to work on /Users/oanottage/opt/anaconda3/envs/energyvenv/lib/python3.9/site-packages/airflow/example_dags/example_sla_dag.py
[2023-04-07T18:04:51.764+0200] {processor.py:743} INFO - Processing file /Users/oanottage/opt/anaconda3/envs/energyvenv/lib/python3.9/site-packages/airflow/example_dags/example_sla_dag.py for tasks to queue
[2023-04-07T18:04:51.764+0200] {logging_mixin.py:137} INFO - [2023-04-07T18:04:51.764+0200] {dagbag.py:532} INFO - Filling up the DagBag from /Users/oanottage/opt/anaconda3/envs/energyvenv/lib/python3.9/site-packages/airflow/example_dags/example_sla_dag.py
[2023-04-07T18:04:51.833+0200] {processor.py:753} INFO - DAG(s) dict_keys(['example_sla_dag']) retrieved from /Users/oanottage/opt/anaconda3/envs/energyvenv/lib/python3.9/site-packages/airflow/example_dags/example_sla_dag.py
[2023-04-07T18:04:52.640+0200] {logging_mixin.py:137} INFO - [2023-04-07T18:04:52.639+0200] {dag.py:2705} INFO - Sync 1 DAGs
[2023-04-07T18:04:52.658+0200] {logging_mixin.py:137} INFO - [2023-04-07T18:04:52.658+0200] {dag.py:3452} INFO - Setting next_dagrun for example_sla_dag to 2023-04-07T16:02:00+00:00, run_after=2023-04-07T16:04:00+00:00
[2023-04-07T18:04:52.672+0200] {processor.py:175} INFO - Processing /Users/oanottage/opt/anaconda3/envs/energyvenv/lib/python3.9/site-packages/airflow/example_dags/example_sla_dag.py took 0.913 seconds
[2023-04-07T18:06:46.134+0200] {processor.py:153} INFO - Started process (PID=18767) to work on /Users/oanottage/opt/anaconda3/envs/energyvenv/lib/python3.9/site-packages/airflow/example_dags/example_sla_dag.py
[2023-04-07T18:06:46.137+0200] {processor.py:743} INFO - Processing file /Users/oanottage/opt/anaconda3/envs/energyvenv/lib/python3.9/site-packages/airflow/example_dags/example_sla_dag.py for tasks to queue
[2023-04-07T18:06:46.137+0200] {logging_mixin.py:137} INFO - [2023-04-07T18:06:46.137+0200] {dagbag.py:532} INFO - Filling up the DagBag from /Users/oanottage/opt/anaconda3/envs/energyvenv/lib/python3.9/site-packages/airflow/example_dags/example_sla_dag.py
[2023-04-07T18:06:46.192+0200] {processor.py:753} INFO - DAG(s) dict_keys(['example_sla_dag']) retrieved from /Users/oanottage/opt/anaconda3/envs/energyvenv/lib/python3.9/site-packages/airflow/example_dags/example_sla_dag.py
[2023-04-07T18:06:46.818+0200] {logging_mixin.py:137} INFO - [2023-04-07T18:06:46.818+0200] {dag.py:2705} INFO - Sync 1 DAGs
[2023-04-07T18:06:46.834+0200] {logging_mixin.py:137} INFO - [2023-04-07T18:06:46.834+0200] {dag.py:3452} INFO - Setting next_dagrun for example_sla_dag to 2023-04-07T16:04:00+00:00, run_after=2023-04-07T16:06:00+00:00
[2023-04-07T18:06:46.849+0200] {processor.py:175} INFO - Processing /Users/oanottage/opt/anaconda3/envs/energyvenv/lib/python3.9/site-packages/airflow/example_dags/example_sla_dag.py took 0.715 seconds
[2023-04-07T18:08:22.171+0200] {processor.py:153} INFO - Started process (PID=18913) to work on /Users/oanottage/opt/anaconda3/envs/energyvenv/lib/python3.9/site-packages/airflow/example_dags/example_sla_dag.py
[2023-04-07T18:08:22.174+0200] {processor.py:743} INFO - Processing file /Users/oanottage/opt/anaconda3/envs/energyvenv/lib/python3.9/site-packages/airflow/example_dags/example_sla_dag.py for tasks to queue
[2023-04-07T18:08:22.174+0200] {logging_mixin.py:137} INFO - [2023-04-07T18:08:22.174+0200] {dagbag.py:532} INFO - Filling up the DagBag from /Users/oanottage/opt/anaconda3/envs/energyvenv/lib/python3.9/site-packages/airflow/example_dags/example_sla_dag.py
[2023-04-07T18:08:22.228+0200] {processor.py:753} INFO - DAG(s) dict_keys(['example_sla_dag']) retrieved from /Users/oanottage/opt/anaconda3/envs/energyvenv/lib/python3.9/site-packages/airflow/example_dags/example_sla_dag.py
[2023-04-07T18:08:22.941+0200] {logging_mixin.py:137} INFO - [2023-04-07T18:08:22.941+0200] {dag.py:2705} INFO - Sync 1 DAGs
[2023-04-07T18:08:22.957+0200] {logging_mixin.py:137} INFO - [2023-04-07T18:08:22.956+0200] {dag.py:3452} INFO - Setting next_dagrun for example_sla_dag to 2023-04-07T16:06:00+00:00, run_after=2023-04-07T16:08:00+00:00
[2023-04-07T18:08:22.971+0200] {processor.py:175} INFO - Processing /Users/oanottage/opt/anaconda3/envs/energyvenv/lib/python3.9/site-packages/airflow/example_dags/example_sla_dag.py took 0.801 seconds
[2023-04-07T18:10:10.284+0200] {processor.py:153} INFO - Started process (PID=19109) to work on /Users/oanottage/opt/anaconda3/envs/energyvenv/lib/python3.9/site-packages/airflow/example_dags/example_sla_dag.py
[2023-04-07T18:10:10.288+0200] {processor.py:743} INFO - Processing file /Users/oanottage/opt/anaconda3/envs/energyvenv/lib/python3.9/site-packages/airflow/example_dags/example_sla_dag.py for tasks to queue
[2023-04-07T18:10:10.289+0200] {logging_mixin.py:137} INFO - [2023-04-07T18:10:10.288+0200] {dagbag.py:532} INFO - Filling up the DagBag from /Users/oanottage/opt/anaconda3/envs/energyvenv/lib/python3.9/site-packages/airflow/example_dags/example_sla_dag.py
[2023-04-07T18:10:10.341+0200] {processor.py:753} INFO - DAG(s) dict_keys(['example_sla_dag']) retrieved from /Users/oanottage/opt/anaconda3/envs/energyvenv/lib/python3.9/site-packages/airflow/example_dags/example_sla_dag.py
[2023-04-07T18:10:10.988+0200] {logging_mixin.py:137} INFO - [2023-04-07T18:10:10.988+0200] {dag.py:2705} INFO - Sync 1 DAGs
[2023-04-07T18:10:11.008+0200] {logging_mixin.py:137} INFO - [2023-04-07T18:10:11.008+0200] {dag.py:3452} INFO - Setting next_dagrun for example_sla_dag to 2023-04-07T16:08:00+00:00, run_after=2023-04-07T16:10:00+00:00
[2023-04-07T18:10:11.029+0200] {processor.py:175} INFO - Processing /Users/oanottage/opt/anaconda3/envs/energyvenv/lib/python3.9/site-packages/airflow/example_dags/example_sla_dag.py took 0.745 seconds
[2023-04-07T18:11:32.903+0200] {processor.py:153} INFO - Started process (PID=19227) to work on /Users/oanottage/opt/anaconda3/envs/energyvenv/lib/python3.9/site-packages/airflow/example_dags/example_sla_dag.py
[2023-04-07T18:11:32.906+0200] {processor.py:743} INFO - Processing file /Users/oanottage/opt/anaconda3/envs/energyvenv/lib/python3.9/site-packages/airflow/example_dags/example_sla_dag.py for tasks to queue
[2023-04-07T18:11:32.906+0200] {logging_mixin.py:137} INFO - [2023-04-07T18:11:32.906+0200] {dagbag.py:532} INFO - Filling up the DagBag from /Users/oanottage/opt/anaconda3/envs/energyvenv/lib/python3.9/site-packages/airflow/example_dags/example_sla_dag.py
[2023-04-07T18:11:32.960+0200] {processor.py:753} INFO - DAG(s) dict_keys(['example_sla_dag']) retrieved from /Users/oanottage/opt/anaconda3/envs/energyvenv/lib/python3.9/site-packages/airflow/example_dags/example_sla_dag.py
[2023-04-07T18:11:33.633+0200] {logging_mixin.py:137} INFO - [2023-04-07T18:11:33.633+0200] {dag.py:2705} INFO - Sync 1 DAGs
[2023-04-07T18:11:33.649+0200] {logging_mixin.py:137} INFO - [2023-04-07T18:11:33.649+0200] {dag.py:3452} INFO - Setting next_dagrun for example_sla_dag to 2023-04-07T16:08:00+00:00, run_after=2023-04-07T16:10:00+00:00
[2023-04-07T18:11:33.663+0200] {processor.py:175} INFO - Processing /Users/oanottage/opt/anaconda3/envs/energyvenv/lib/python3.9/site-packages/airflow/example_dags/example_sla_dag.py took 0.760 seconds
[2023-04-07T18:13:32.351+0200] {processor.py:153} INFO - Started process (PID=19392) to work on /Users/oanottage/opt/anaconda3/envs/energyvenv/lib/python3.9/site-packages/airflow/example_dags/example_sla_dag.py
[2023-04-07T18:13:32.356+0200] {processor.py:743} INFO - Processing file /Users/oanottage/opt/anaconda3/envs/energyvenv/lib/python3.9/site-packages/airflow/example_dags/example_sla_dag.py for tasks to queue
[2023-04-07T18:13:32.357+0200] {logging_mixin.py:137} INFO - [2023-04-07T18:13:32.357+0200] {dagbag.py:532} INFO - Filling up the DagBag from /Users/oanottage/opt/anaconda3/envs/energyvenv/lib/python3.9/site-packages/airflow/example_dags/example_sla_dag.py
[2023-04-07T18:13:32.426+0200] {processor.py:753} INFO - DAG(s) dict_keys(['example_sla_dag']) retrieved from /Users/oanottage/opt/anaconda3/envs/energyvenv/lib/python3.9/site-packages/airflow/example_dags/example_sla_dag.py
[2023-04-07T18:13:33.181+0200] {logging_mixin.py:137} INFO - [2023-04-07T18:13:33.181+0200] {dag.py:2705} INFO - Sync 1 DAGs
[2023-04-07T18:13:33.199+0200] {logging_mixin.py:137} INFO - [2023-04-07T18:13:33.199+0200] {dag.py:3452} INFO - Setting next_dagrun for example_sla_dag to 2023-04-07T16:10:00+00:00, run_after=2023-04-07T16:12:00+00:00
[2023-04-07T18:13:33.214+0200] {processor.py:175} INFO - Processing /Users/oanottage/opt/anaconda3/envs/energyvenv/lib/python3.9/site-packages/airflow/example_dags/example_sla_dag.py took 0.864 seconds
[2023-04-07T18:16:03.117+0200] {processor.py:153} INFO - Started process (PID=19592) to work on /Users/oanottage/opt/anaconda3/envs/energyvenv/lib/python3.9/site-packages/airflow/example_dags/example_sla_dag.py
[2023-04-07T18:16:03.120+0200] {processor.py:743} INFO - Processing file /Users/oanottage/opt/anaconda3/envs/energyvenv/lib/python3.9/site-packages/airflow/example_dags/example_sla_dag.py for tasks to queue
[2023-04-07T18:16:03.120+0200] {logging_mixin.py:137} INFO - [2023-04-07T18:16:03.120+0200] {dagbag.py:532} INFO - Filling up the DagBag from /Users/oanottage/opt/anaconda3/envs/energyvenv/lib/python3.9/site-packages/airflow/example_dags/example_sla_dag.py
[2023-04-07T18:16:03.172+0200] {processor.py:753} INFO - DAG(s) dict_keys(['example_sla_dag']) retrieved from /Users/oanottage/opt/anaconda3/envs/energyvenv/lib/python3.9/site-packages/airflow/example_dags/example_sla_dag.py
[2023-04-07T18:16:03.819+0200] {logging_mixin.py:137} INFO - [2023-04-07T18:16:03.819+0200] {dag.py:2705} INFO - Sync 1 DAGs
[2023-04-07T18:16:03.832+0200] {logging_mixin.py:137} INFO - [2023-04-07T18:16:03.832+0200] {dag.py:3452} INFO - Setting next_dagrun for example_sla_dag to 2023-04-07T16:14:00+00:00, run_after=2023-04-07T16:16:00+00:00
[2023-04-07T18:16:03.843+0200] {processor.py:175} INFO - Processing /Users/oanottage/opt/anaconda3/envs/energyvenv/lib/python3.9/site-packages/airflow/example_dags/example_sla_dag.py took 0.727 seconds
[2023-04-07T18:17:54.477+0200] {processor.py:153} INFO - Started process (PID=19725) to work on /Users/oanottage/opt/anaconda3/envs/energyvenv/lib/python3.9/site-packages/airflow/example_dags/example_sla_dag.py
[2023-04-07T18:17:54.481+0200] {processor.py:743} INFO - Processing file /Users/oanottage/opt/anaconda3/envs/energyvenv/lib/python3.9/site-packages/airflow/example_dags/example_sla_dag.py for tasks to queue
[2023-04-07T18:17:54.481+0200] {logging_mixin.py:137} INFO - [2023-04-07T18:17:54.481+0200] {dagbag.py:532} INFO - Filling up the DagBag from /Users/oanottage/opt/anaconda3/envs/energyvenv/lib/python3.9/site-packages/airflow/example_dags/example_sla_dag.py
[2023-04-07T18:17:54.539+0200] {processor.py:753} INFO - DAG(s) dict_keys(['example_sla_dag']) retrieved from /Users/oanottage/opt/anaconda3/envs/energyvenv/lib/python3.9/site-packages/airflow/example_dags/example_sla_dag.py
[2023-04-07T18:17:55.164+0200] {logging_mixin.py:137} INFO - [2023-04-07T18:17:55.164+0200] {dag.py:2705} INFO - Sync 1 DAGs
[2023-04-07T18:17:55.177+0200] {logging_mixin.py:137} INFO - [2023-04-07T18:17:55.177+0200] {dag.py:3452} INFO - Setting next_dagrun for example_sla_dag to 2023-04-07T16:14:00+00:00, run_after=2023-04-07T16:16:00+00:00
[2023-04-07T18:17:55.190+0200] {processor.py:175} INFO - Processing /Users/oanottage/opt/anaconda3/envs/energyvenv/lib/python3.9/site-packages/airflow/example_dags/example_sla_dag.py took 0.713 seconds
[2023-04-07T18:19:16.109+0200] {processor.py:153} INFO - Started process (PID=19823) to work on /Users/oanottage/opt/anaconda3/envs/energyvenv/lib/python3.9/site-packages/airflow/example_dags/example_sla_dag.py
[2023-04-07T18:19:16.112+0200] {processor.py:743} INFO - Processing file /Users/oanottage/opt/anaconda3/envs/energyvenv/lib/python3.9/site-packages/airflow/example_dags/example_sla_dag.py for tasks to queue
[2023-04-07T18:19:16.112+0200] {logging_mixin.py:137} INFO - [2023-04-07T18:19:16.112+0200] {dagbag.py:532} INFO - Filling up the DagBag from /Users/oanottage/opt/anaconda3/envs/energyvenv/lib/python3.9/site-packages/airflow/example_dags/example_sla_dag.py
[2023-04-07T18:19:16.166+0200] {processor.py:753} INFO - DAG(s) dict_keys(['example_sla_dag']) retrieved from /Users/oanottage/opt/anaconda3/envs/energyvenv/lib/python3.9/site-packages/airflow/example_dags/example_sla_dag.py
[2023-04-07T18:19:16.827+0200] {logging_mixin.py:137} INFO - [2023-04-07T18:19:16.827+0200] {dag.py:2705} INFO - Sync 1 DAGs
[2023-04-07T18:19:16.840+0200] {logging_mixin.py:137} INFO - [2023-04-07T18:19:16.840+0200] {dag.py:3452} INFO - Setting next_dagrun for example_sla_dag to 2023-04-07T16:16:00+00:00, run_after=2023-04-07T16:18:00+00:00
[2023-04-07T18:19:16.852+0200] {processor.py:175} INFO - Processing /Users/oanottage/opt/anaconda3/envs/energyvenv/lib/python3.9/site-packages/airflow/example_dags/example_sla_dag.py took 0.743 seconds
[2023-04-07T18:20:38.786+0200] {processor.py:153} INFO - Started process (PID=19985) to work on /Users/oanottage/opt/anaconda3/envs/energyvenv/lib/python3.9/site-packages/airflow/example_dags/example_sla_dag.py
[2023-04-07T18:20:38.790+0200] {processor.py:743} INFO - Processing file /Users/oanottage/opt/anaconda3/envs/energyvenv/lib/python3.9/site-packages/airflow/example_dags/example_sla_dag.py for tasks to queue
[2023-04-07T18:20:38.790+0200] {logging_mixin.py:137} INFO - [2023-04-07T18:20:38.790+0200] {dagbag.py:532} INFO - Filling up the DagBag from /Users/oanottage/opt/anaconda3/envs/energyvenv/lib/python3.9/site-packages/airflow/example_dags/example_sla_dag.py
[2023-04-07T18:20:38.854+0200] {processor.py:753} INFO - DAG(s) dict_keys(['example_sla_dag']) retrieved from /Users/oanottage/opt/anaconda3/envs/energyvenv/lib/python3.9/site-packages/airflow/example_dags/example_sla_dag.py
[2023-04-07T18:20:39.511+0200] {logging_mixin.py:137} INFO - [2023-04-07T18:20:39.511+0200] {dag.py:2705} INFO - Sync 1 DAGs
[2023-04-07T18:20:39.526+0200] {logging_mixin.py:137} INFO - [2023-04-07T18:20:39.526+0200] {dag.py:3452} INFO - Setting next_dagrun for example_sla_dag to 2023-04-07T16:18:00+00:00, run_after=2023-04-07T16:20:00+00:00
[2023-04-07T18:20:39.540+0200] {processor.py:175} INFO - Processing /Users/oanottage/opt/anaconda3/envs/energyvenv/lib/python3.9/site-packages/airflow/example_dags/example_sla_dag.py took 0.754 seconds
[2023-04-07T18:21:59.392+0200] {processor.py:153} INFO - Started process (PID=20076) to work on /Users/oanottage/opt/anaconda3/envs/energyvenv/lib/python3.9/site-packages/airflow/example_dags/example_sla_dag.py
[2023-04-07T18:21:59.395+0200] {processor.py:743} INFO - Processing file /Users/oanottage/opt/anaconda3/envs/energyvenv/lib/python3.9/site-packages/airflow/example_dags/example_sla_dag.py for tasks to queue
[2023-04-07T18:21:59.395+0200] {logging_mixin.py:137} INFO - [2023-04-07T18:21:59.395+0200] {dagbag.py:532} INFO - Filling up the DagBag from /Users/oanottage/opt/anaconda3/envs/energyvenv/lib/python3.9/site-packages/airflow/example_dags/example_sla_dag.py
[2023-04-07T18:21:59.449+0200] {processor.py:753} INFO - DAG(s) dict_keys(['example_sla_dag']) retrieved from /Users/oanottage/opt/anaconda3/envs/energyvenv/lib/python3.9/site-packages/airflow/example_dags/example_sla_dag.py
[2023-04-07T18:22:00.131+0200] {logging_mixin.py:137} INFO - [2023-04-07T18:22:00.131+0200] {dag.py:2705} INFO - Sync 1 DAGs
[2023-04-07T18:22:00.146+0200] {logging_mixin.py:137} INFO - [2023-04-07T18:22:00.146+0200] {dag.py:3452} INFO - Setting next_dagrun for example_sla_dag to 2023-04-07T16:20:00+00:00, run_after=2023-04-07T16:22:00+00:00
[2023-04-07T18:22:00.159+0200] {processor.py:175} INFO - Processing /Users/oanottage/opt/anaconda3/envs/energyvenv/lib/python3.9/site-packages/airflow/example_dags/example_sla_dag.py took 0.768 seconds
[2023-04-07T18:23:20.958+0200] {processor.py:153} INFO - Started process (PID=20160) to work on /Users/oanottage/opt/anaconda3/envs/energyvenv/lib/python3.9/site-packages/airflow/example_dags/example_sla_dag.py
[2023-04-07T18:23:20.961+0200] {processor.py:743} INFO - Processing file /Users/oanottage/opt/anaconda3/envs/energyvenv/lib/python3.9/site-packages/airflow/example_dags/example_sla_dag.py for tasks to queue
[2023-04-07T18:23:20.961+0200] {logging_mixin.py:137} INFO - [2023-04-07T18:23:20.961+0200] {dagbag.py:532} INFO - Filling up the DagBag from /Users/oanottage/opt/anaconda3/envs/energyvenv/lib/python3.9/site-packages/airflow/example_dags/example_sla_dag.py
[2023-04-07T18:23:21.025+0200] {processor.py:753} INFO - DAG(s) dict_keys(['example_sla_dag']) retrieved from /Users/oanottage/opt/anaconda3/envs/energyvenv/lib/python3.9/site-packages/airflow/example_dags/example_sla_dag.py
[2023-04-07T18:23:21.696+0200] {logging_mixin.py:137} INFO - [2023-04-07T18:23:21.696+0200] {dag.py:2705} INFO - Sync 1 DAGs
[2023-04-07T18:23:21.709+0200] {logging_mixin.py:137} INFO - [2023-04-07T18:23:21.709+0200] {dag.py:3452} INFO - Setting next_dagrun for example_sla_dag to 2023-04-07T16:20:00+00:00, run_after=2023-04-07T16:22:00+00:00
[2023-04-07T18:23:21.722+0200] {processor.py:175} INFO - Processing /Users/oanottage/opt/anaconda3/envs/energyvenv/lib/python3.9/site-packages/airflow/example_dags/example_sla_dag.py took 0.764 seconds
[2023-04-07T18:24:43.592+0200] {processor.py:153} INFO - Started process (PID=20262) to work on /Users/oanottage/opt/anaconda3/envs/energyvenv/lib/python3.9/site-packages/airflow/example_dags/example_sla_dag.py
[2023-04-07T18:24:43.597+0200] {processor.py:743} INFO - Processing file /Users/oanottage/opt/anaconda3/envs/energyvenv/lib/python3.9/site-packages/airflow/example_dags/example_sla_dag.py for tasks to queue
[2023-04-07T18:24:43.598+0200] {logging_mixin.py:137} INFO - [2023-04-07T18:24:43.597+0200] {dagbag.py:532} INFO - Filling up the DagBag from /Users/oanottage/opt/anaconda3/envs/energyvenv/lib/python3.9/site-packages/airflow/example_dags/example_sla_dag.py
[2023-04-07T18:24:43.665+0200] {processor.py:753} INFO - DAG(s) dict_keys(['example_sla_dag']) retrieved from /Users/oanottage/opt/anaconda3/envs/energyvenv/lib/python3.9/site-packages/airflow/example_dags/example_sla_dag.py
[2023-04-07T18:24:44.425+0200] {logging_mixin.py:137} INFO - [2023-04-07T18:24:44.425+0200] {dag.py:2705} INFO - Sync 1 DAGs
[2023-04-07T18:24:44.439+0200] {logging_mixin.py:137} INFO - [2023-04-07T18:24:44.439+0200] {dag.py:3452} INFO - Setting next_dagrun for example_sla_dag to 2023-04-07T16:22:00+00:00, run_after=2023-04-07T16:24:00+00:00
[2023-04-07T18:24:44.453+0200] {processor.py:175} INFO - Processing /Users/oanottage/opt/anaconda3/envs/energyvenv/lib/python3.9/site-packages/airflow/example_dags/example_sla_dag.py took 0.862 seconds
[2023-04-07T18:26:07.177+0200] {processor.py:153} INFO - Started process (PID=20358) to work on /Users/oanottage/opt/anaconda3/envs/energyvenv/lib/python3.9/site-packages/airflow/example_dags/example_sla_dag.py
[2023-04-07T18:26:07.181+0200] {processor.py:743} INFO - Processing file /Users/oanottage/opt/anaconda3/envs/energyvenv/lib/python3.9/site-packages/airflow/example_dags/example_sla_dag.py for tasks to queue
[2023-04-07T18:26:07.182+0200] {logging_mixin.py:137} INFO - [2023-04-07T18:26:07.181+0200] {dagbag.py:532} INFO - Filling up the DagBag from /Users/oanottage/opt/anaconda3/envs/energyvenv/lib/python3.9/site-packages/airflow/example_dags/example_sla_dag.py
[2023-04-07T18:26:07.243+0200] {processor.py:753} INFO - DAG(s) dict_keys(['example_sla_dag']) retrieved from /Users/oanottage/opt/anaconda3/envs/energyvenv/lib/python3.9/site-packages/airflow/example_dags/example_sla_dag.py
[2023-04-07T18:26:07.883+0200] {logging_mixin.py:137} INFO - [2023-04-07T18:26:07.882+0200] {dag.py:2705} INFO - Sync 1 DAGs
[2023-04-07T18:26:07.896+0200] {logging_mixin.py:137} INFO - [2023-04-07T18:26:07.895+0200] {dag.py:3452} INFO - Setting next_dagrun for example_sla_dag to 2023-04-07T16:24:00+00:00, run_after=2023-04-07T16:26:00+00:00
[2023-04-07T18:26:07.908+0200] {processor.py:175} INFO - Processing /Users/oanottage/opt/anaconda3/envs/energyvenv/lib/python3.9/site-packages/airflow/example_dags/example_sla_dag.py took 0.731 seconds
[2023-04-07T18:27:23.131+0200] {processor.py:153} INFO - Started process (PID=20450) to work on /Users/oanottage/opt/anaconda3/envs/energyvenv/lib/python3.9/site-packages/airflow/example_dags/example_sla_dag.py
[2023-04-07T18:27:23.135+0200] {processor.py:743} INFO - Processing file /Users/oanottage/opt/anaconda3/envs/energyvenv/lib/python3.9/site-packages/airflow/example_dags/example_sla_dag.py for tasks to queue
[2023-04-07T18:27:23.135+0200] {logging_mixin.py:137} INFO - [2023-04-07T18:27:23.135+0200] {dagbag.py:532} INFO - Filling up the DagBag from /Users/oanottage/opt/anaconda3/envs/energyvenv/lib/python3.9/site-packages/airflow/example_dags/example_sla_dag.py
[2023-04-07T18:27:23.198+0200] {processor.py:753} INFO - DAG(s) dict_keys(['example_sla_dag']) retrieved from /Users/oanottage/opt/anaconda3/envs/energyvenv/lib/python3.9/site-packages/airflow/example_dags/example_sla_dag.py
[2023-04-07T18:27:23.865+0200] {logging_mixin.py:137} INFO - [2023-04-07T18:27:23.864+0200] {dag.py:2705} INFO - Sync 1 DAGs
[2023-04-07T18:27:23.877+0200] {logging_mixin.py:137} INFO - [2023-04-07T18:27:23.877+0200] {dag.py:3452} INFO - Setting next_dagrun for example_sla_dag to 2023-04-07T16:24:00+00:00, run_after=2023-04-07T16:26:00+00:00
[2023-04-07T18:27:23.889+0200] {processor.py:175} INFO - Processing /Users/oanottage/opt/anaconda3/envs/energyvenv/lib/python3.9/site-packages/airflow/example_dags/example_sla_dag.py took 0.758 seconds
[2023-04-07T18:29:12.193+0200] {processor.py:153} INFO - Started process (PID=20594) to work on /Users/oanottage/opt/anaconda3/envs/energyvenv/lib/python3.9/site-packages/airflow/example_dags/example_sla_dag.py
[2023-04-07T18:29:12.196+0200] {processor.py:743} INFO - Processing file /Users/oanottage/opt/anaconda3/envs/energyvenv/lib/python3.9/site-packages/airflow/example_dags/example_sla_dag.py for tasks to queue
[2023-04-07T18:29:12.196+0200] {logging_mixin.py:137} INFO - [2023-04-07T18:29:12.196+0200] {dagbag.py:532} INFO - Filling up the DagBag from /Users/oanottage/opt/anaconda3/envs/energyvenv/lib/python3.9/site-packages/airflow/example_dags/example_sla_dag.py
[2023-04-07T18:29:12.250+0200] {processor.py:753} INFO - DAG(s) dict_keys(['example_sla_dag']) retrieved from /Users/oanottage/opt/anaconda3/envs/energyvenv/lib/python3.9/site-packages/airflow/example_dags/example_sla_dag.py
[2023-04-07T18:29:12.866+0200] {logging_mixin.py:137} INFO - [2023-04-07T18:29:12.866+0200] {dag.py:2705} INFO - Sync 1 DAGs
[2023-04-07T18:29:12.879+0200] {logging_mixin.py:137} INFO - [2023-04-07T18:29:12.879+0200] {dag.py:3452} INFO - Setting next_dagrun for example_sla_dag to 2023-04-07T16:26:00+00:00, run_after=2023-04-07T16:28:00+00:00
[2023-04-07T18:29:12.891+0200] {processor.py:175} INFO - Processing /Users/oanottage/opt/anaconda3/envs/energyvenv/lib/python3.9/site-packages/airflow/example_dags/example_sla_dag.py took 0.699 seconds
[2023-04-07T18:30:33.441+0200] {processor.py:153} INFO - Started process (PID=20764) to work on /Users/oanottage/opt/anaconda3/envs/energyvenv/lib/python3.9/site-packages/airflow/example_dags/example_sla_dag.py
[2023-04-07T18:30:33.445+0200] {processor.py:743} INFO - Processing file /Users/oanottage/opt/anaconda3/envs/energyvenv/lib/python3.9/site-packages/airflow/example_dags/example_sla_dag.py for tasks to queue
[2023-04-07T18:30:33.446+0200] {logging_mixin.py:137} INFO - [2023-04-07T18:30:33.446+0200] {dagbag.py:532} INFO - Filling up the DagBag from /Users/oanottage/opt/anaconda3/envs/energyvenv/lib/python3.9/site-packages/airflow/example_dags/example_sla_dag.py
[2023-04-07T18:30:33.503+0200] {processor.py:753} INFO - DAG(s) dict_keys(['example_sla_dag']) retrieved from /Users/oanottage/opt/anaconda3/envs/energyvenv/lib/python3.9/site-packages/airflow/example_dags/example_sla_dag.py
[2023-04-07T18:30:34.205+0200] {logging_mixin.py:137} INFO - [2023-04-07T18:30:34.205+0200] {dag.py:2705} INFO - Sync 1 DAGs
[2023-04-07T18:30:34.219+0200] {logging_mixin.py:137} INFO - [2023-04-07T18:30:34.219+0200] {dag.py:3452} INFO - Setting next_dagrun for example_sla_dag to 2023-04-07T16:28:00+00:00, run_after=2023-04-07T16:30:00+00:00
[2023-04-07T18:30:34.231+0200] {processor.py:175} INFO - Processing /Users/oanottage/opt/anaconda3/envs/energyvenv/lib/python3.9/site-packages/airflow/example_dags/example_sla_dag.py took 0.791 seconds
[2023-04-07T18:42:32.201+0200] {processor.py:153} INFO - Started process (PID=21423) to work on /Users/oanottage/opt/anaconda3/envs/energyvenv/lib/python3.9/site-packages/airflow/example_dags/example_sla_dag.py
[2023-04-07T18:42:32.205+0200] {processor.py:743} INFO - Processing file /Users/oanottage/opt/anaconda3/envs/energyvenv/lib/python3.9/site-packages/airflow/example_dags/example_sla_dag.py for tasks to queue
[2023-04-07T18:42:32.205+0200] {logging_mixin.py:137} INFO - [2023-04-07T18:42:32.205+0200] {dagbag.py:532} INFO - Filling up the DagBag from /Users/oanottage/opt/anaconda3/envs/energyvenv/lib/python3.9/site-packages/airflow/example_dags/example_sla_dag.py
[2023-04-07T18:42:32.266+0200] {processor.py:753} INFO - DAG(s) dict_keys(['example_sla_dag']) retrieved from /Users/oanottage/opt/anaconda3/envs/energyvenv/lib/python3.9/site-packages/airflow/example_dags/example_sla_dag.py
[2023-04-07T18:42:32.975+0200] {logging_mixin.py:137} INFO - [2023-04-07T18:42:32.975+0200] {dag.py:2705} INFO - Sync 1 DAGs
[2023-04-07T18:42:32.992+0200] {logging_mixin.py:137} INFO - [2023-04-07T18:42:32.992+0200] {dag.py:3452} INFO - Setting next_dagrun for example_sla_dag to 2023-04-07T16:40:00+00:00, run_after=2023-04-07T16:42:00+00:00
[2023-04-07T18:42:33.007+0200] {processor.py:175} INFO - Processing /Users/oanottage/opt/anaconda3/envs/energyvenv/lib/python3.9/site-packages/airflow/example_dags/example_sla_dag.py took 0.806 seconds
[2023-04-07T18:45:26.791+0200] {processor.py:153} INFO - Started process (PID=21643) to work on /Users/oanottage/opt/anaconda3/envs/energyvenv/lib/python3.9/site-packages/airflow/example_dags/example_sla_dag.py
[2023-04-07T18:45:26.795+0200] {processor.py:743} INFO - Processing file /Users/oanottage/opt/anaconda3/envs/energyvenv/lib/python3.9/site-packages/airflow/example_dags/example_sla_dag.py for tasks to queue
[2023-04-07T18:45:26.795+0200] {logging_mixin.py:137} INFO - [2023-04-07T18:45:26.795+0200] {dagbag.py:532} INFO - Filling up the DagBag from /Users/oanottage/opt/anaconda3/envs/energyvenv/lib/python3.9/site-packages/airflow/example_dags/example_sla_dag.py
[2023-04-07T18:45:26.859+0200] {processor.py:753} INFO - DAG(s) dict_keys(['example_sla_dag']) retrieved from /Users/oanottage/opt/anaconda3/envs/energyvenv/lib/python3.9/site-packages/airflow/example_dags/example_sla_dag.py
[2023-04-07T18:45:27.513+0200] {logging_mixin.py:137} INFO - [2023-04-07T18:45:27.512+0200] {dag.py:2705} INFO - Sync 1 DAGs
[2023-04-07T18:45:27.526+0200] {logging_mixin.py:137} INFO - [2023-04-07T18:45:27.525+0200] {dag.py:3452} INFO - Setting next_dagrun for example_sla_dag to 2023-04-07T16:42:00+00:00, run_after=2023-04-07T16:44:00+00:00
[2023-04-07T18:45:27.538+0200] {processor.py:175} INFO - Processing /Users/oanottage/opt/anaconda3/envs/energyvenv/lib/python3.9/site-packages/airflow/example_dags/example_sla_dag.py took 0.748 seconds
