[2023-04-07T17:55:14.530+0200] {processor.py:153} INFO - Started process (PID=17912) to work on /Users/oanottage/opt/anaconda3/envs/energyvenv/lib/python3.9/site-packages/airflow/example_dags/example_kubernetes_executor.py
[2023-04-07T17:55:14.533+0200] {processor.py:743} INFO - Processing file /Users/oanottage/opt/anaconda3/envs/energyvenv/lib/python3.9/site-packages/airflow/example_dags/example_kubernetes_executor.py for tasks to queue
[2023-04-07T17:55:14.534+0200] {logging_mixin.py:137} INFO - [2023-04-07T17:55:14.534+0200] {dagbag.py:532} INFO - Filling up the DagBag from /Users/oanottage/opt/anaconda3/envs/energyvenv/lib/python3.9/site-packages/airflow/example_dags/example_kubernetes_executor.py
[2023-04-07T17:55:14.587+0200] {logging_mixin.py:137} INFO - [2023-04-07T17:55:14.586+0200] {example_kubernetes_executor.py:41} WARNING - The example_kubernetes_executor example DAG requires the kubernetes provider. Please install it with: pip install apache-airflow[cncf.kubernetes]
[2023-04-07T17:55:14.587+0200] {processor.py:755} WARNING - No viable dags retrieved from /Users/oanottage/opt/anaconda3/envs/energyvenv/lib/python3.9/site-packages/airflow/example_dags/example_kubernetes_executor.py
[2023-04-07T17:55:15.250+0200] {processor.py:175} INFO - Processing /Users/oanottage/opt/anaconda3/envs/energyvenv/lib/python3.9/site-packages/airflow/example_dags/example_kubernetes_executor.py took 0.720 seconds
[2023-04-07T17:57:24.528+0200] {processor.py:153} INFO - Started process (PID=18078) to work on /Users/oanottage/opt/anaconda3/envs/energyvenv/lib/python3.9/site-packages/airflow/example_dags/example_kubernetes_executor.py
[2023-04-07T17:57:24.531+0200] {processor.py:743} INFO - Processing file /Users/oanottage/opt/anaconda3/envs/energyvenv/lib/python3.9/site-packages/airflow/example_dags/example_kubernetes_executor.py for tasks to queue
[2023-04-07T17:57:24.532+0200] {logging_mixin.py:137} INFO - [2023-04-07T17:57:24.531+0200] {dagbag.py:532} INFO - Filling up the DagBag from /Users/oanottage/opt/anaconda3/envs/energyvenv/lib/python3.9/site-packages/airflow/example_dags/example_kubernetes_executor.py
[2023-04-07T17:57:24.586+0200] {logging_mixin.py:137} INFO - [2023-04-07T17:57:24.586+0200] {example_kubernetes_executor.py:41} WARNING - The example_kubernetes_executor example DAG requires the kubernetes provider. Please install it with: pip install apache-airflow[cncf.kubernetes]
[2023-04-07T17:57:24.586+0200] {processor.py:755} WARNING - No viable dags retrieved from /Users/oanottage/opt/anaconda3/envs/energyvenv/lib/python3.9/site-packages/airflow/example_dags/example_kubernetes_executor.py
[2023-04-07T17:57:25.247+0200] {processor.py:175} INFO - Processing /Users/oanottage/opt/anaconda3/envs/energyvenv/lib/python3.9/site-packages/airflow/example_dags/example_kubernetes_executor.py took 0.719 seconds
[2023-04-07T18:00:03.852+0200] {processor.py:153} INFO - Started process (PID=18260) to work on /Users/oanottage/opt/anaconda3/envs/energyvenv/lib/python3.9/site-packages/airflow/example_dags/example_kubernetes_executor.py
[2023-04-07T18:00:03.855+0200] {processor.py:743} INFO - Processing file /Users/oanottage/opt/anaconda3/envs/energyvenv/lib/python3.9/site-packages/airflow/example_dags/example_kubernetes_executor.py for tasks to queue
[2023-04-07T18:00:03.855+0200] {logging_mixin.py:137} INFO - [2023-04-07T18:00:03.855+0200] {dagbag.py:532} INFO - Filling up the DagBag from /Users/oanottage/opt/anaconda3/envs/energyvenv/lib/python3.9/site-packages/airflow/example_dags/example_kubernetes_executor.py
[2023-04-07T18:00:03.905+0200] {logging_mixin.py:137} INFO - [2023-04-07T18:00:03.905+0200] {example_kubernetes_executor.py:41} WARNING - The example_kubernetes_executor example DAG requires the kubernetes provider. Please install it with: pip install apache-airflow[cncf.kubernetes]
[2023-04-07T18:00:03.905+0200] {processor.py:755} WARNING - No viable dags retrieved from /Users/oanottage/opt/anaconda3/envs/energyvenv/lib/python3.9/site-packages/airflow/example_dags/example_kubernetes_executor.py
[2023-04-07T18:00:04.507+0200] {processor.py:175} INFO - Processing /Users/oanottage/opt/anaconda3/envs/energyvenv/lib/python3.9/site-packages/airflow/example_dags/example_kubernetes_executor.py took 0.656 seconds
[2023-04-07T18:02:45.780+0200] {processor.py:153} INFO - Started process (PID=18452) to work on /Users/oanottage/opt/anaconda3/envs/energyvenv/lib/python3.9/site-packages/airflow/example_dags/example_kubernetes_executor.py
[2023-04-07T18:02:45.783+0200] {processor.py:743} INFO - Processing file /Users/oanottage/opt/anaconda3/envs/energyvenv/lib/python3.9/site-packages/airflow/example_dags/example_kubernetes_executor.py for tasks to queue
[2023-04-07T18:02:45.783+0200] {logging_mixin.py:137} INFO - [2023-04-07T18:02:45.783+0200] {dagbag.py:532} INFO - Filling up the DagBag from /Users/oanottage/opt/anaconda3/envs/energyvenv/lib/python3.9/site-packages/airflow/example_dags/example_kubernetes_executor.py
[2023-04-07T18:02:45.831+0200] {logging_mixin.py:137} INFO - [2023-04-07T18:02:45.831+0200] {example_kubernetes_executor.py:41} WARNING - The example_kubernetes_executor example DAG requires the kubernetes provider. Please install it with: pip install apache-airflow[cncf.kubernetes]
[2023-04-07T18:02:45.831+0200] {processor.py:755} WARNING - No viable dags retrieved from /Users/oanottage/opt/anaconda3/envs/energyvenv/lib/python3.9/site-packages/airflow/example_dags/example_kubernetes_executor.py
[2023-04-07T18:02:46.487+0200] {processor.py:175} INFO - Processing /Users/oanottage/opt/anaconda3/envs/energyvenv/lib/python3.9/site-packages/airflow/example_dags/example_kubernetes_executor.py took 0.708 seconds
[2023-04-07T18:05:26.810+0200] {processor.py:153} INFO - Started process (PID=18666) to work on /Users/oanottage/opt/anaconda3/envs/energyvenv/lib/python3.9/site-packages/airflow/example_dags/example_kubernetes_executor.py
[2023-04-07T18:05:26.813+0200] {processor.py:743} INFO - Processing file /Users/oanottage/opt/anaconda3/envs/energyvenv/lib/python3.9/site-packages/airflow/example_dags/example_kubernetes_executor.py for tasks to queue
[2023-04-07T18:05:26.813+0200] {logging_mixin.py:137} INFO - [2023-04-07T18:05:26.813+0200] {dagbag.py:532} INFO - Filling up the DagBag from /Users/oanottage/opt/anaconda3/envs/energyvenv/lib/python3.9/site-packages/airflow/example_dags/example_kubernetes_executor.py
[2023-04-07T18:05:26.861+0200] {logging_mixin.py:137} INFO - [2023-04-07T18:05:26.860+0200] {example_kubernetes_executor.py:41} WARNING - The example_kubernetes_executor example DAG requires the kubernetes provider. Please install it with: pip install apache-airflow[cncf.kubernetes]
[2023-04-07T18:05:26.861+0200] {processor.py:755} WARNING - No viable dags retrieved from /Users/oanottage/opt/anaconda3/envs/energyvenv/lib/python3.9/site-packages/airflow/example_dags/example_kubernetes_executor.py
[2023-04-07T18:05:27.515+0200] {processor.py:175} INFO - Processing /Users/oanottage/opt/anaconda3/envs/energyvenv/lib/python3.9/site-packages/airflow/example_dags/example_kubernetes_executor.py took 0.706 seconds
[2023-04-07T18:08:55.594+0200] {processor.py:153} INFO - Started process (PID=18952) to work on /Users/oanottage/opt/anaconda3/envs/energyvenv/lib/python3.9/site-packages/airflow/example_dags/example_kubernetes_executor.py
[2023-04-07T18:08:55.599+0200] {processor.py:743} INFO - Processing file /Users/oanottage/opt/anaconda3/envs/energyvenv/lib/python3.9/site-packages/airflow/example_dags/example_kubernetes_executor.py for tasks to queue
[2023-04-07T18:08:55.600+0200] {logging_mixin.py:137} INFO - [2023-04-07T18:08:55.599+0200] {dagbag.py:532} INFO - Filling up the DagBag from /Users/oanottage/opt/anaconda3/envs/energyvenv/lib/python3.9/site-packages/airflow/example_dags/example_kubernetes_executor.py
[2023-04-07T18:08:55.665+0200] {logging_mixin.py:137} INFO - [2023-04-07T18:08:55.665+0200] {example_kubernetes_executor.py:41} WARNING - The example_kubernetes_executor example DAG requires the kubernetes provider. Please install it with: pip install apache-airflow[cncf.kubernetes]
[2023-04-07T18:08:55.666+0200] {processor.py:755} WARNING - No viable dags retrieved from /Users/oanottage/opt/anaconda3/envs/energyvenv/lib/python3.9/site-packages/airflow/example_dags/example_kubernetes_executor.py
[2023-04-07T18:08:56.383+0200] {processor.py:175} INFO - Processing /Users/oanottage/opt/anaconda3/envs/energyvenv/lib/python3.9/site-packages/airflow/example_dags/example_kubernetes_executor.py took 0.789 seconds
[2023-04-07T18:10:44.574+0200] {processor.py:153} INFO - Started process (PID=19148) to work on /Users/oanottage/opt/anaconda3/envs/energyvenv/lib/python3.9/site-packages/airflow/example_dags/example_kubernetes_executor.py
[2023-04-07T18:10:44.577+0200] {processor.py:743} INFO - Processing file /Users/oanottage/opt/anaconda3/envs/energyvenv/lib/python3.9/site-packages/airflow/example_dags/example_kubernetes_executor.py for tasks to queue
[2023-04-07T18:10:44.577+0200] {logging_mixin.py:137} INFO - [2023-04-07T18:10:44.577+0200] {dagbag.py:532} INFO - Filling up the DagBag from /Users/oanottage/opt/anaconda3/envs/energyvenv/lib/python3.9/site-packages/airflow/example_dags/example_kubernetes_executor.py
[2023-04-07T18:10:44.625+0200] {logging_mixin.py:137} INFO - [2023-04-07T18:10:44.625+0200] {example_kubernetes_executor.py:41} WARNING - The example_kubernetes_executor example DAG requires the kubernetes provider. Please install it with: pip install apache-airflow[cncf.kubernetes]
[2023-04-07T18:10:44.625+0200] {processor.py:755} WARNING - No viable dags retrieved from /Users/oanottage/opt/anaconda3/envs/energyvenv/lib/python3.9/site-packages/airflow/example_dags/example_kubernetes_executor.py
[2023-04-07T18:10:45.343+0200] {processor.py:175} INFO - Processing /Users/oanottage/opt/anaconda3/envs/energyvenv/lib/python3.9/site-packages/airflow/example_dags/example_kubernetes_executor.py took 0.770 seconds
[2023-04-07T18:14:08.047+0200] {processor.py:153} INFO - Started process (PID=19432) to work on /Users/oanottage/opt/anaconda3/envs/energyvenv/lib/python3.9/site-packages/airflow/example_dags/example_kubernetes_executor.py
[2023-04-07T18:14:08.051+0200] {processor.py:743} INFO - Processing file /Users/oanottage/opt/anaconda3/envs/energyvenv/lib/python3.9/site-packages/airflow/example_dags/example_kubernetes_executor.py for tasks to queue
[2023-04-07T18:14:08.051+0200] {logging_mixin.py:137} INFO - [2023-04-07T18:14:08.051+0200] {dagbag.py:532} INFO - Filling up the DagBag from /Users/oanottage/opt/anaconda3/envs/energyvenv/lib/python3.9/site-packages/airflow/example_dags/example_kubernetes_executor.py
[2023-04-07T18:14:08.101+0200] {logging_mixin.py:137} INFO - [2023-04-07T18:14:08.101+0200] {example_kubernetes_executor.py:41} WARNING - The example_kubernetes_executor example DAG requires the kubernetes provider. Please install it with: pip install apache-airflow[cncf.kubernetes]
[2023-04-07T18:14:08.101+0200] {processor.py:755} WARNING - No viable dags retrieved from /Users/oanottage/opt/anaconda3/envs/energyvenv/lib/python3.9/site-packages/airflow/example_dags/example_kubernetes_executor.py
[2023-04-07T18:14:08.824+0200] {processor.py:175} INFO - Processing /Users/oanottage/opt/anaconda3/envs/energyvenv/lib/python3.9/site-packages/airflow/example_dags/example_kubernetes_executor.py took 0.777 seconds
[2023-04-07T18:16:35.768+0200] {processor.py:153} INFO - Started process (PID=19633) to work on /Users/oanottage/opt/anaconda3/envs/energyvenv/lib/python3.9/site-packages/airflow/example_dags/example_kubernetes_executor.py
[2023-04-07T18:16:35.771+0200] {processor.py:743} INFO - Processing file /Users/oanottage/opt/anaconda3/envs/energyvenv/lib/python3.9/site-packages/airflow/example_dags/example_kubernetes_executor.py for tasks to queue
[2023-04-07T18:16:35.771+0200] {logging_mixin.py:137} INFO - [2023-04-07T18:16:35.771+0200] {dagbag.py:532} INFO - Filling up the DagBag from /Users/oanottage/opt/anaconda3/envs/energyvenv/lib/python3.9/site-packages/airflow/example_dags/example_kubernetes_executor.py
[2023-04-07T18:16:35.822+0200] {logging_mixin.py:137} INFO - [2023-04-07T18:16:35.821+0200] {example_kubernetes_executor.py:41} WARNING - The example_kubernetes_executor example DAG requires the kubernetes provider. Please install it with: pip install apache-airflow[cncf.kubernetes]
[2023-04-07T18:16:35.822+0200] {processor.py:755} WARNING - No viable dags retrieved from /Users/oanottage/opt/anaconda3/envs/energyvenv/lib/python3.9/site-packages/airflow/example_dags/example_kubernetes_executor.py
[2023-04-07T18:16:36.517+0200] {processor.py:175} INFO - Processing /Users/oanottage/opt/anaconda3/envs/energyvenv/lib/python3.9/site-packages/airflow/example_dags/example_kubernetes_executor.py took 0.749 seconds
[2023-04-07T18:18:28.384+0200] {processor.py:153} INFO - Started process (PID=19759) to work on /Users/oanottage/opt/anaconda3/envs/energyvenv/lib/python3.9/site-packages/airflow/example_dags/example_kubernetes_executor.py
[2023-04-07T18:18:28.388+0200] {processor.py:743} INFO - Processing file /Users/oanottage/opt/anaconda3/envs/energyvenv/lib/python3.9/site-packages/airflow/example_dags/example_kubernetes_executor.py for tasks to queue
[2023-04-07T18:18:28.388+0200] {logging_mixin.py:137} INFO - [2023-04-07T18:18:28.388+0200] {dagbag.py:532} INFO - Filling up the DagBag from /Users/oanottage/opt/anaconda3/envs/energyvenv/lib/python3.9/site-packages/airflow/example_dags/example_kubernetes_executor.py
[2023-04-07T18:18:28.445+0200] {logging_mixin.py:137} INFO - [2023-04-07T18:18:28.445+0200] {example_kubernetes_executor.py:41} WARNING - The example_kubernetes_executor example DAG requires the kubernetes provider. Please install it with: pip install apache-airflow[cncf.kubernetes]
[2023-04-07T18:18:28.445+0200] {processor.py:755} WARNING - No viable dags retrieved from /Users/oanottage/opt/anaconda3/envs/energyvenv/lib/python3.9/site-packages/airflow/example_dags/example_kubernetes_executor.py
[2023-04-07T18:18:29.101+0200] {processor.py:175} INFO - Processing /Users/oanottage/opt/anaconda3/envs/energyvenv/lib/python3.9/site-packages/airflow/example_dags/example_kubernetes_executor.py took 0.718 seconds
[2023-04-07T18:21:13.820+0200] {processor.py:153} INFO - Started process (PID=20023) to work on /Users/oanottage/opt/anaconda3/envs/energyvenv/lib/python3.9/site-packages/airflow/example_dags/example_kubernetes_executor.py
[2023-04-07T18:21:13.823+0200] {processor.py:743} INFO - Processing file /Users/oanottage/opt/anaconda3/envs/energyvenv/lib/python3.9/site-packages/airflow/example_dags/example_kubernetes_executor.py for tasks to queue
[2023-04-07T18:21:13.824+0200] {logging_mixin.py:137} INFO - [2023-04-07T18:21:13.824+0200] {dagbag.py:532} INFO - Filling up the DagBag from /Users/oanottage/opt/anaconda3/envs/energyvenv/lib/python3.9/site-packages/airflow/example_dags/example_kubernetes_executor.py
[2023-04-07T18:21:13.874+0200] {logging_mixin.py:137} INFO - [2023-04-07T18:21:13.874+0200] {example_kubernetes_executor.py:41} WARNING - The example_kubernetes_executor example DAG requires the kubernetes provider. Please install it with: pip install apache-airflow[cncf.kubernetes]
[2023-04-07T18:21:13.874+0200] {processor.py:755} WARNING - No viable dags retrieved from /Users/oanottage/opt/anaconda3/envs/energyvenv/lib/python3.9/site-packages/airflow/example_dags/example_kubernetes_executor.py
[2023-04-07T18:21:14.476+0200] {processor.py:175} INFO - Processing /Users/oanottage/opt/anaconda3/envs/energyvenv/lib/python3.9/site-packages/airflow/example_dags/example_kubernetes_executor.py took 0.657 seconds
[2023-04-07T18:23:53.965+0200] {processor.py:153} INFO - Started process (PID=20200) to work on /Users/oanottage/opt/anaconda3/envs/energyvenv/lib/python3.9/site-packages/airflow/example_dags/example_kubernetes_executor.py
[2023-04-07T18:23:53.968+0200] {processor.py:743} INFO - Processing file /Users/oanottage/opt/anaconda3/envs/energyvenv/lib/python3.9/site-packages/airflow/example_dags/example_kubernetes_executor.py for tasks to queue
[2023-04-07T18:23:53.969+0200] {logging_mixin.py:137} INFO - [2023-04-07T18:23:53.969+0200] {dagbag.py:532} INFO - Filling up the DagBag from /Users/oanottage/opt/anaconda3/envs/energyvenv/lib/python3.9/site-packages/airflow/example_dags/example_kubernetes_executor.py
[2023-04-07T18:23:54.020+0200] {logging_mixin.py:137} INFO - [2023-04-07T18:23:54.020+0200] {example_kubernetes_executor.py:41} WARNING - The example_kubernetes_executor example DAG requires the kubernetes provider. Please install it with: pip install apache-airflow[cncf.kubernetes]
[2023-04-07T18:23:54.020+0200] {processor.py:755} WARNING - No viable dags retrieved from /Users/oanottage/opt/anaconda3/envs/energyvenv/lib/python3.9/site-packages/airflow/example_dags/example_kubernetes_executor.py
[2023-04-07T18:23:54.618+0200] {processor.py:175} INFO - Processing /Users/oanottage/opt/anaconda3/envs/energyvenv/lib/python3.9/site-packages/airflow/example_dags/example_kubernetes_executor.py took 0.654 seconds
[2023-04-07T18:26:39.458+0200] {processor.py:153} INFO - Started process (PID=20403) to work on /Users/oanottage/opt/anaconda3/envs/energyvenv/lib/python3.9/site-packages/airflow/example_dags/example_kubernetes_executor.py
[2023-04-07T18:26:39.462+0200] {processor.py:743} INFO - Processing file /Users/oanottage/opt/anaconda3/envs/energyvenv/lib/python3.9/site-packages/airflow/example_dags/example_kubernetes_executor.py for tasks to queue
[2023-04-07T18:26:39.463+0200] {logging_mixin.py:137} INFO - [2023-04-07T18:26:39.463+0200] {dagbag.py:532} INFO - Filling up the DagBag from /Users/oanottage/opt/anaconda3/envs/energyvenv/lib/python3.9/site-packages/airflow/example_dags/example_kubernetes_executor.py
[2023-04-07T18:26:39.512+0200] {logging_mixin.py:137} INFO - [2023-04-07T18:26:39.512+0200] {example_kubernetes_executor.py:41} WARNING - The example_kubernetes_executor example DAG requires the kubernetes provider. Please install it with: pip install apache-airflow[cncf.kubernetes]
[2023-04-07T18:26:39.513+0200] {processor.py:755} WARNING - No viable dags retrieved from /Users/oanottage/opt/anaconda3/envs/energyvenv/lib/python3.9/site-packages/airflow/example_dags/example_kubernetes_executor.py
[2023-04-07T18:26:40.126+0200] {processor.py:175} INFO - Processing /Users/oanottage/opt/anaconda3/envs/energyvenv/lib/python3.9/site-packages/airflow/example_dags/example_kubernetes_executor.py took 0.669 seconds
[2023-04-07T18:31:05.168+0200] {processor.py:153} INFO - Started process (PID=20833) to work on /Users/oanottage/opt/anaconda3/envs/energyvenv/lib/python3.9/site-packages/airflow/example_dags/example_kubernetes_executor.py
[2023-04-07T18:31:05.173+0200] {processor.py:743} INFO - Processing file /Users/oanottage/opt/anaconda3/envs/energyvenv/lib/python3.9/site-packages/airflow/example_dags/example_kubernetes_executor.py for tasks to queue
[2023-04-07T18:31:05.174+0200] {logging_mixin.py:137} INFO - [2023-04-07T18:31:05.174+0200] {dagbag.py:532} INFO - Filling up the DagBag from /Users/oanottage/opt/anaconda3/envs/energyvenv/lib/python3.9/site-packages/airflow/example_dags/example_kubernetes_executor.py
[2023-04-07T18:31:05.230+0200] {logging_mixin.py:137} INFO - [2023-04-07T18:31:05.230+0200] {example_kubernetes_executor.py:41} WARNING - The example_kubernetes_executor example DAG requires the kubernetes provider. Please install it with: pip install apache-airflow[cncf.kubernetes]
[2023-04-07T18:31:05.230+0200] {processor.py:755} WARNING - No viable dags retrieved from /Users/oanottage/opt/anaconda3/envs/energyvenv/lib/python3.9/site-packages/airflow/example_dags/example_kubernetes_executor.py
[2023-04-07T18:31:05.922+0200] {processor.py:175} INFO - Processing /Users/oanottage/opt/anaconda3/envs/energyvenv/lib/python3.9/site-packages/airflow/example_dags/example_kubernetes_executor.py took 0.755 seconds
[2023-04-07T18:43:08.258+0200] {processor.py:153} INFO - Started process (PID=21468) to work on /Users/oanottage/opt/anaconda3/envs/energyvenv/lib/python3.9/site-packages/airflow/example_dags/example_kubernetes_executor.py
[2023-04-07T18:43:08.261+0200] {processor.py:743} INFO - Processing file /Users/oanottage/opt/anaconda3/envs/energyvenv/lib/python3.9/site-packages/airflow/example_dags/example_kubernetes_executor.py for tasks to queue
[2023-04-07T18:43:08.262+0200] {logging_mixin.py:137} INFO - [2023-04-07T18:43:08.262+0200] {dagbag.py:532} INFO - Filling up the DagBag from /Users/oanottage/opt/anaconda3/envs/energyvenv/lib/python3.9/site-packages/airflow/example_dags/example_kubernetes_executor.py
[2023-04-07T18:43:08.323+0200] {logging_mixin.py:137} INFO - [2023-04-07T18:43:08.322+0200] {example_kubernetes_executor.py:41} WARNING - The example_kubernetes_executor example DAG requires the kubernetes provider. Please install it with: pip install apache-airflow[cncf.kubernetes]
[2023-04-07T18:43:08.323+0200] {processor.py:755} WARNING - No viable dags retrieved from /Users/oanottage/opt/anaconda3/envs/energyvenv/lib/python3.9/site-packages/airflow/example_dags/example_kubernetes_executor.py
[2023-04-07T18:43:08.989+0200] {processor.py:175} INFO - Processing /Users/oanottage/opt/anaconda3/envs/energyvenv/lib/python3.9/site-packages/airflow/example_dags/example_kubernetes_executor.py took 0.732 seconds
[2023-04-07T18:46:01.507+0200] {processor.py:153} INFO - Started process (PID=21680) to work on /Users/oanottage/opt/anaconda3/envs/energyvenv/lib/python3.9/site-packages/airflow/example_dags/example_kubernetes_executor.py
[2023-04-07T18:46:01.511+0200] {processor.py:743} INFO - Processing file /Users/oanottage/opt/anaconda3/envs/energyvenv/lib/python3.9/site-packages/airflow/example_dags/example_kubernetes_executor.py for tasks to queue
[2023-04-07T18:46:01.511+0200] {logging_mixin.py:137} INFO - [2023-04-07T18:46:01.511+0200] {dagbag.py:532} INFO - Filling up the DagBag from /Users/oanottage/opt/anaconda3/envs/energyvenv/lib/python3.9/site-packages/airflow/example_dags/example_kubernetes_executor.py
[2023-04-07T18:46:01.563+0200] {logging_mixin.py:137} INFO - [2023-04-07T18:46:01.563+0200] {example_kubernetes_executor.py:41} WARNING - The example_kubernetes_executor example DAG requires the kubernetes provider. Please install it with: pip install apache-airflow[cncf.kubernetes]
[2023-04-07T18:46:01.563+0200] {processor.py:755} WARNING - No viable dags retrieved from /Users/oanottage/opt/anaconda3/envs/energyvenv/lib/python3.9/site-packages/airflow/example_dags/example_kubernetes_executor.py
[2023-04-07T18:46:02.167+0200] {processor.py:175} INFO - Processing /Users/oanottage/opt/anaconda3/envs/energyvenv/lib/python3.9/site-packages/airflow/example_dags/example_kubernetes_executor.py took 0.661 seconds
