[2023-04-07T17:54:42.957+0200] {processor.py:153} INFO - Started process (PID=17857) to work on /Users/oanottage/opt/anaconda3/envs/energyvenv/lib/python3.9/site-packages/airflow/example_dags/example_skip_dag.py
[2023-04-07T17:54:42.960+0200] {processor.py:743} INFO - Processing file /Users/oanottage/opt/anaconda3/envs/energyvenv/lib/python3.9/site-packages/airflow/example_dags/example_skip_dag.py for tasks to queue
[2023-04-07T17:54:42.960+0200] {logging_mixin.py:137} INFO - [2023-04-07T17:54:42.960+0200] {dagbag.py:532} INFO - Filling up the DagBag from /Users/oanottage/opt/anaconda3/envs/energyvenv/lib/python3.9/site-packages/airflow/example_dags/example_skip_dag.py
[2023-04-07T17:54:43.000+0200] {processor.py:753} INFO - DAG(s) dict_keys(['example_skip_dag']) retrieved from /Users/oanottage/opt/anaconda3/envs/energyvenv/lib/python3.9/site-packages/airflow/example_dags/example_skip_dag.py
[2023-04-07T17:54:43.727+0200] {logging_mixin.py:137} INFO - [2023-04-07T17:54:43.727+0200] {dag.py:2705} INFO - Sync 1 DAGs
[2023-04-07T17:54:43.739+0200] {logging_mixin.py:137} INFO - [2023-04-07T17:54:43.738+0200] {dag.py:3452} INFO - Setting next_dagrun for example_skip_dag to 2023-04-06T15:54:43.738806+00:00, run_after=2023-04-07T15:54:43.738806+00:00
[2023-04-07T17:54:43.752+0200] {processor.py:175} INFO - Processing /Users/oanottage/opt/anaconda3/envs/energyvenv/lib/python3.9/site-packages/airflow/example_dags/example_skip_dag.py took 0.796 seconds
[2023-04-07T17:56:51.922+0200] {processor.py:153} INFO - Started process (PID=18040) to work on /Users/oanottage/opt/anaconda3/envs/energyvenv/lib/python3.9/site-packages/airflow/example_dags/example_skip_dag.py
[2023-04-07T17:56:51.925+0200] {processor.py:743} INFO - Processing file /Users/oanottage/opt/anaconda3/envs/energyvenv/lib/python3.9/site-packages/airflow/example_dags/example_skip_dag.py for tasks to queue
[2023-04-07T17:56:51.925+0200] {logging_mixin.py:137} INFO - [2023-04-07T17:56:51.925+0200] {dagbag.py:532} INFO - Filling up the DagBag from /Users/oanottage/opt/anaconda3/envs/energyvenv/lib/python3.9/site-packages/airflow/example_dags/example_skip_dag.py
[2023-04-07T17:56:51.965+0200] {processor.py:753} INFO - DAG(s) dict_keys(['example_skip_dag']) retrieved from /Users/oanottage/opt/anaconda3/envs/energyvenv/lib/python3.9/site-packages/airflow/example_dags/example_skip_dag.py
[2023-04-07T17:56:52.656+0200] {logging_mixin.py:137} INFO - [2023-04-07T17:56:52.655+0200] {dag.py:2705} INFO - Sync 1 DAGs
[2023-04-07T17:56:52.667+0200] {logging_mixin.py:137} INFO - [2023-04-07T17:56:52.667+0200] {dag.py:3452} INFO - Setting next_dagrun for example_skip_dag to 2023-04-06T15:56:52.667734+00:00, run_after=2023-04-07T15:56:52.667734+00:00
[2023-04-07T17:56:52.679+0200] {processor.py:175} INFO - Processing /Users/oanottage/opt/anaconda3/envs/energyvenv/lib/python3.9/site-packages/airflow/example_dags/example_skip_dag.py took 0.758 seconds
[2023-04-07T17:58:27.922+0200] {processor.py:153} INFO - Started process (PID=18146) to work on /Users/oanottage/opt/anaconda3/envs/energyvenv/lib/python3.9/site-packages/airflow/example_dags/example_skip_dag.py
[2023-04-07T17:58:27.925+0200] {processor.py:743} INFO - Processing file /Users/oanottage/opt/anaconda3/envs/energyvenv/lib/python3.9/site-packages/airflow/example_dags/example_skip_dag.py for tasks to queue
[2023-04-07T17:58:27.925+0200] {logging_mixin.py:137} INFO - [2023-04-07T17:58:27.925+0200] {dagbag.py:532} INFO - Filling up the DagBag from /Users/oanottage/opt/anaconda3/envs/energyvenv/lib/python3.9/site-packages/airflow/example_dags/example_skip_dag.py
[2023-04-07T17:58:27.962+0200] {processor.py:753} INFO - DAG(s) dict_keys(['example_skip_dag']) retrieved from /Users/oanottage/opt/anaconda3/envs/energyvenv/lib/python3.9/site-packages/airflow/example_dags/example_skip_dag.py
[2023-04-07T17:58:28.633+0200] {logging_mixin.py:137} INFO - [2023-04-07T17:58:28.633+0200] {dag.py:2705} INFO - Sync 1 DAGs
[2023-04-07T17:58:28.645+0200] {logging_mixin.py:137} INFO - [2023-04-07T17:58:28.645+0200] {dag.py:3452} INFO - Setting next_dagrun for example_skip_dag to 2023-04-06T15:58:28.644982+00:00, run_after=2023-04-07T15:58:28.644982+00:00
[2023-04-07T17:58:28.658+0200] {processor.py:175} INFO - Processing /Users/oanottage/opt/anaconda3/envs/energyvenv/lib/python3.9/site-packages/airflow/example_dags/example_skip_dag.py took 0.737 seconds
[2023-04-07T17:59:48.178+0200] {processor.py:153} INFO - Started process (PID=18241) to work on /Users/oanottage/opt/anaconda3/envs/energyvenv/lib/python3.9/site-packages/airflow/example_dags/example_skip_dag.py
[2023-04-07T17:59:48.181+0200] {processor.py:743} INFO - Processing file /Users/oanottage/opt/anaconda3/envs/energyvenv/lib/python3.9/site-packages/airflow/example_dags/example_skip_dag.py for tasks to queue
[2023-04-07T17:59:48.181+0200] {logging_mixin.py:137} INFO - [2023-04-07T17:59:48.181+0200] {dagbag.py:532} INFO - Filling up the DagBag from /Users/oanottage/opt/anaconda3/envs/energyvenv/lib/python3.9/site-packages/airflow/example_dags/example_skip_dag.py
[2023-04-07T17:59:48.224+0200] {processor.py:753} INFO - DAG(s) dict_keys(['example_skip_dag']) retrieved from /Users/oanottage/opt/anaconda3/envs/energyvenv/lib/python3.9/site-packages/airflow/example_dags/example_skip_dag.py
[2023-04-07T17:59:48.877+0200] {logging_mixin.py:137} INFO - [2023-04-07T17:59:48.877+0200] {dag.py:2705} INFO - Sync 1 DAGs
[2023-04-07T17:59:48.889+0200] {logging_mixin.py:137} INFO - [2023-04-07T17:59:48.889+0200] {dag.py:3452} INFO - Setting next_dagrun for example_skip_dag to 2023-04-06T15:59:48.889043+00:00, run_after=2023-04-07T15:59:48.889043+00:00
[2023-04-07T17:59:48.900+0200] {processor.py:175} INFO - Processing /Users/oanottage/opt/anaconda3/envs/energyvenv/lib/python3.9/site-packages/airflow/example_dags/example_skip_dag.py took 0.723 seconds
[2023-04-07T18:01:07.747+0200] {processor.py:153} INFO - Started process (PID=18341) to work on /Users/oanottage/opt/anaconda3/envs/energyvenv/lib/python3.9/site-packages/airflow/example_dags/example_skip_dag.py
[2023-04-07T18:01:07.750+0200] {processor.py:743} INFO - Processing file /Users/oanottage/opt/anaconda3/envs/energyvenv/lib/python3.9/site-packages/airflow/example_dags/example_skip_dag.py for tasks to queue
[2023-04-07T18:01:07.751+0200] {logging_mixin.py:137} INFO - [2023-04-07T18:01:07.751+0200] {dagbag.py:532} INFO - Filling up the DagBag from /Users/oanottage/opt/anaconda3/envs/energyvenv/lib/python3.9/site-packages/airflow/example_dags/example_skip_dag.py
[2023-04-07T18:01:07.786+0200] {processor.py:753} INFO - DAG(s) dict_keys(['example_skip_dag']) retrieved from /Users/oanottage/opt/anaconda3/envs/energyvenv/lib/python3.9/site-packages/airflow/example_dags/example_skip_dag.py
[2023-04-07T18:01:08.442+0200] {logging_mixin.py:137} INFO - [2023-04-07T18:01:08.442+0200] {dag.py:2705} INFO - Sync 1 DAGs
[2023-04-07T18:01:08.454+0200] {logging_mixin.py:137} INFO - [2023-04-07T18:01:08.454+0200] {dag.py:3452} INFO - Setting next_dagrun for example_skip_dag to 2023-04-06T16:01:08.454204+00:00, run_after=2023-04-07T16:01:08.454204+00:00
[2023-04-07T18:01:08.467+0200] {processor.py:175} INFO - Processing /Users/oanottage/opt/anaconda3/envs/energyvenv/lib/python3.9/site-packages/airflow/example_dags/example_skip_dag.py took 0.720 seconds
[2023-04-07T18:02:29.859+0200] {processor.py:153} INFO - Started process (PID=18433) to work on /Users/oanottage/opt/anaconda3/envs/energyvenv/lib/python3.9/site-packages/airflow/example_dags/example_skip_dag.py
[2023-04-07T18:02:29.862+0200] {processor.py:743} INFO - Processing file /Users/oanottage/opt/anaconda3/envs/energyvenv/lib/python3.9/site-packages/airflow/example_dags/example_skip_dag.py for tasks to queue
[2023-04-07T18:02:29.863+0200] {logging_mixin.py:137} INFO - [2023-04-07T18:02:29.863+0200] {dagbag.py:532} INFO - Filling up the DagBag from /Users/oanottage/opt/anaconda3/envs/energyvenv/lib/python3.9/site-packages/airflow/example_dags/example_skip_dag.py
[2023-04-07T18:02:29.902+0200] {processor.py:753} INFO - DAG(s) dict_keys(['example_skip_dag']) retrieved from /Users/oanottage/opt/anaconda3/envs/energyvenv/lib/python3.9/site-packages/airflow/example_dags/example_skip_dag.py
[2023-04-07T18:02:30.536+0200] {logging_mixin.py:137} INFO - [2023-04-07T18:02:30.536+0200] {dag.py:2705} INFO - Sync 1 DAGs
[2023-04-07T18:02:30.547+0200] {logging_mixin.py:137} INFO - [2023-04-07T18:02:30.547+0200] {dag.py:3452} INFO - Setting next_dagrun for example_skip_dag to 2023-04-06T16:02:30.547600+00:00, run_after=2023-04-07T16:02:30.547600+00:00
[2023-04-07T18:02:30.559+0200] {processor.py:175} INFO - Processing /Users/oanottage/opt/anaconda3/envs/energyvenv/lib/python3.9/site-packages/airflow/example_dags/example_skip_dag.py took 0.700 seconds
[2023-04-07T18:04:54.634+0200] {processor.py:153} INFO - Started process (PID=18625) to work on /Users/oanottage/opt/anaconda3/envs/energyvenv/lib/python3.9/site-packages/airflow/example_dags/example_skip_dag.py
[2023-04-07T18:04:54.638+0200] {processor.py:743} INFO - Processing file /Users/oanottage/opt/anaconda3/envs/energyvenv/lib/python3.9/site-packages/airflow/example_dags/example_skip_dag.py for tasks to queue
[2023-04-07T18:04:54.638+0200] {logging_mixin.py:137} INFO - [2023-04-07T18:04:54.638+0200] {dagbag.py:532} INFO - Filling up the DagBag from /Users/oanottage/opt/anaconda3/envs/energyvenv/lib/python3.9/site-packages/airflow/example_dags/example_skip_dag.py
[2023-04-07T18:04:54.691+0200] {processor.py:753} INFO - DAG(s) dict_keys(['example_skip_dag']) retrieved from /Users/oanottage/opt/anaconda3/envs/energyvenv/lib/python3.9/site-packages/airflow/example_dags/example_skip_dag.py
[2023-04-07T18:04:55.576+0200] {logging_mixin.py:137} INFO - [2023-04-07T18:04:55.576+0200] {dag.py:2705} INFO - Sync 1 DAGs
[2023-04-07T18:04:55.589+0200] {logging_mixin.py:137} INFO - [2023-04-07T18:04:55.589+0200] {dag.py:3452} INFO - Setting next_dagrun for example_skip_dag to 2023-04-06T16:04:55.589350+00:00, run_after=2023-04-07T16:04:55.589350+00:00
[2023-04-07T18:04:55.603+0200] {processor.py:175} INFO - Processing /Users/oanottage/opt/anaconda3/envs/energyvenv/lib/python3.9/site-packages/airflow/example_dags/example_skip_dag.py took 0.969 seconds
[2023-04-07T18:06:48.569+0200] {processor.py:153} INFO - Started process (PID=18772) to work on /Users/oanottage/opt/anaconda3/envs/energyvenv/lib/python3.9/site-packages/airflow/example_dags/example_skip_dag.py
[2023-04-07T18:06:48.572+0200] {processor.py:743} INFO - Processing file /Users/oanottage/opt/anaconda3/envs/energyvenv/lib/python3.9/site-packages/airflow/example_dags/example_skip_dag.py for tasks to queue
[2023-04-07T18:06:48.573+0200] {logging_mixin.py:137} INFO - [2023-04-07T18:06:48.573+0200] {dagbag.py:532} INFO - Filling up the DagBag from /Users/oanottage/opt/anaconda3/envs/energyvenv/lib/python3.9/site-packages/airflow/example_dags/example_skip_dag.py
[2023-04-07T18:06:48.613+0200] {processor.py:753} INFO - DAG(s) dict_keys(['example_skip_dag']) retrieved from /Users/oanottage/opt/anaconda3/envs/energyvenv/lib/python3.9/site-packages/airflow/example_dags/example_skip_dag.py
[2023-04-07T18:06:49.226+0200] {logging_mixin.py:137} INFO - [2023-04-07T18:06:49.226+0200] {dag.py:2705} INFO - Sync 1 DAGs
[2023-04-07T18:06:49.238+0200] {logging_mixin.py:137} INFO - [2023-04-07T18:06:49.238+0200] {dag.py:3452} INFO - Setting next_dagrun for example_skip_dag to 2023-04-06T16:06:49.238363+00:00, run_after=2023-04-07T16:06:49.238363+00:00
[2023-04-07T18:06:49.251+0200] {processor.py:175} INFO - Processing /Users/oanottage/opt/anaconda3/envs/energyvenv/lib/python3.9/site-packages/airflow/example_dags/example_skip_dag.py took 0.683 seconds
[2023-04-07T18:08:24.810+0200] {processor.py:153} INFO - Started process (PID=18914) to work on /Users/oanottage/opt/anaconda3/envs/energyvenv/lib/python3.9/site-packages/airflow/example_dags/example_skip_dag.py
[2023-04-07T18:08:24.814+0200] {processor.py:743} INFO - Processing file /Users/oanottage/opt/anaconda3/envs/energyvenv/lib/python3.9/site-packages/airflow/example_dags/example_skip_dag.py for tasks to queue
[2023-04-07T18:08:24.815+0200] {logging_mixin.py:137} INFO - [2023-04-07T18:08:24.815+0200] {dagbag.py:532} INFO - Filling up the DagBag from /Users/oanottage/opt/anaconda3/envs/energyvenv/lib/python3.9/site-packages/airflow/example_dags/example_skip_dag.py
[2023-04-07T18:08:24.860+0200] {processor.py:753} INFO - DAG(s) dict_keys(['example_skip_dag']) retrieved from /Users/oanottage/opt/anaconda3/envs/energyvenv/lib/python3.9/site-packages/airflow/example_dags/example_skip_dag.py
[2023-04-07T18:08:25.521+0200] {logging_mixin.py:137} INFO - [2023-04-07T18:08:25.521+0200] {dag.py:2705} INFO - Sync 1 DAGs
[2023-04-07T18:08:25.532+0200] {logging_mixin.py:137} INFO - [2023-04-07T18:08:25.532+0200] {dag.py:3452} INFO - Setting next_dagrun for example_skip_dag to 2023-04-06T16:08:25.532263+00:00, run_after=2023-04-07T16:08:25.532263+00:00
[2023-04-07T18:08:25.548+0200] {processor.py:175} INFO - Processing /Users/oanottage/opt/anaconda3/envs/energyvenv/lib/python3.9/site-packages/airflow/example_dags/example_skip_dag.py took 0.739 seconds
[2023-04-07T18:10:12.094+0200] {processor.py:153} INFO - Started process (PID=19113) to work on /Users/oanottage/opt/anaconda3/envs/energyvenv/lib/python3.9/site-packages/airflow/example_dags/example_skip_dag.py
[2023-04-07T18:10:12.098+0200] {processor.py:743} INFO - Processing file /Users/oanottage/opt/anaconda3/envs/energyvenv/lib/python3.9/site-packages/airflow/example_dags/example_skip_dag.py for tasks to queue
[2023-04-07T18:10:12.099+0200] {logging_mixin.py:137} INFO - [2023-04-07T18:10:12.099+0200] {dagbag.py:532} INFO - Filling up the DagBag from /Users/oanottage/opt/anaconda3/envs/energyvenv/lib/python3.9/site-packages/airflow/example_dags/example_skip_dag.py
[2023-04-07T18:10:12.137+0200] {processor.py:753} INFO - DAG(s) dict_keys(['example_skip_dag']) retrieved from /Users/oanottage/opt/anaconda3/envs/energyvenv/lib/python3.9/site-packages/airflow/example_dags/example_skip_dag.py
[2023-04-07T18:10:12.761+0200] {logging_mixin.py:137} INFO - [2023-04-07T18:10:12.761+0200] {dag.py:2705} INFO - Sync 1 DAGs
[2023-04-07T18:10:12.772+0200] {logging_mixin.py:137} INFO - [2023-04-07T18:10:12.772+0200] {dag.py:3452} INFO - Setting next_dagrun for example_skip_dag to 2023-04-06T16:10:12.772379+00:00, run_after=2023-04-07T16:10:12.772379+00:00
[2023-04-07T18:10:12.785+0200] {processor.py:175} INFO - Processing /Users/oanottage/opt/anaconda3/envs/energyvenv/lib/python3.9/site-packages/airflow/example_dags/example_skip_dag.py took 0.691 seconds
[2023-04-07T18:11:35.561+0200] {processor.py:153} INFO - Started process (PID=19228) to work on /Users/oanottage/opt/anaconda3/envs/energyvenv/lib/python3.9/site-packages/airflow/example_dags/example_skip_dag.py
[2023-04-07T18:11:35.564+0200] {processor.py:743} INFO - Processing file /Users/oanottage/opt/anaconda3/envs/energyvenv/lib/python3.9/site-packages/airflow/example_dags/example_skip_dag.py for tasks to queue
[2023-04-07T18:11:35.564+0200] {logging_mixin.py:137} INFO - [2023-04-07T18:11:35.564+0200] {dagbag.py:532} INFO - Filling up the DagBag from /Users/oanottage/opt/anaconda3/envs/energyvenv/lib/python3.9/site-packages/airflow/example_dags/example_skip_dag.py
[2023-04-07T18:11:35.613+0200] {processor.py:753} INFO - DAG(s) dict_keys(['example_skip_dag']) retrieved from /Users/oanottage/opt/anaconda3/envs/energyvenv/lib/python3.9/site-packages/airflow/example_dags/example_skip_dag.py
[2023-04-07T18:11:36.290+0200] {logging_mixin.py:137} INFO - [2023-04-07T18:11:36.290+0200] {dag.py:2705} INFO - Sync 1 DAGs
[2023-04-07T18:11:36.303+0200] {logging_mixin.py:137} INFO - [2023-04-07T18:11:36.303+0200] {dag.py:3452} INFO - Setting next_dagrun for example_skip_dag to 2023-04-06T16:11:36.303724+00:00, run_after=2023-04-07T16:11:36.303724+00:00
[2023-04-07T18:11:36.317+0200] {processor.py:175} INFO - Processing /Users/oanottage/opt/anaconda3/envs/energyvenv/lib/python3.9/site-packages/airflow/example_dags/example_skip_dag.py took 0.757 seconds
[2023-04-07T18:13:34.824+0200] {processor.py:153} INFO - Started process (PID=19396) to work on /Users/oanottage/opt/anaconda3/envs/energyvenv/lib/python3.9/site-packages/airflow/example_dags/example_skip_dag.py
[2023-04-07T18:13:34.828+0200] {processor.py:743} INFO - Processing file /Users/oanottage/opt/anaconda3/envs/energyvenv/lib/python3.9/site-packages/airflow/example_dags/example_skip_dag.py for tasks to queue
[2023-04-07T18:13:34.828+0200] {logging_mixin.py:137} INFO - [2023-04-07T18:13:34.828+0200] {dagbag.py:532} INFO - Filling up the DagBag from /Users/oanottage/opt/anaconda3/envs/energyvenv/lib/python3.9/site-packages/airflow/example_dags/example_skip_dag.py
[2023-04-07T18:13:34.873+0200] {processor.py:753} INFO - DAG(s) dict_keys(['example_skip_dag']) retrieved from /Users/oanottage/opt/anaconda3/envs/energyvenv/lib/python3.9/site-packages/airflow/example_dags/example_skip_dag.py
[2023-04-07T18:13:35.638+0200] {logging_mixin.py:137} INFO - [2023-04-07T18:13:35.638+0200] {dag.py:2705} INFO - Sync 1 DAGs
[2023-04-07T18:13:35.652+0200] {logging_mixin.py:137} INFO - [2023-04-07T18:13:35.652+0200] {dag.py:3452} INFO - Setting next_dagrun for example_skip_dag to 2023-04-06T16:13:35.652369+00:00, run_after=2023-04-07T16:13:35.652369+00:00
[2023-04-07T18:13:35.666+0200] {processor.py:175} INFO - Processing /Users/oanottage/opt/anaconda3/envs/energyvenv/lib/python3.9/site-packages/airflow/example_dags/example_skip_dag.py took 0.842 seconds
[2023-04-07T18:16:05.691+0200] {processor.py:153} INFO - Started process (PID=19593) to work on /Users/oanottage/opt/anaconda3/envs/energyvenv/lib/python3.9/site-packages/airflow/example_dags/example_skip_dag.py
[2023-04-07T18:16:05.694+0200] {processor.py:743} INFO - Processing file /Users/oanottage/opt/anaconda3/envs/energyvenv/lib/python3.9/site-packages/airflow/example_dags/example_skip_dag.py for tasks to queue
[2023-04-07T18:16:05.695+0200] {logging_mixin.py:137} INFO - [2023-04-07T18:16:05.694+0200] {dagbag.py:532} INFO - Filling up the DagBag from /Users/oanottage/opt/anaconda3/envs/energyvenv/lib/python3.9/site-packages/airflow/example_dags/example_skip_dag.py
[2023-04-07T18:16:05.731+0200] {processor.py:753} INFO - DAG(s) dict_keys(['example_skip_dag']) retrieved from /Users/oanottage/opt/anaconda3/envs/energyvenv/lib/python3.9/site-packages/airflow/example_dags/example_skip_dag.py
[2023-04-07T18:16:06.354+0200] {logging_mixin.py:137} INFO - [2023-04-07T18:16:06.354+0200] {dag.py:2705} INFO - Sync 1 DAGs
[2023-04-07T18:16:06.366+0200] {logging_mixin.py:137} INFO - [2023-04-07T18:16:06.366+0200] {dag.py:3452} INFO - Setting next_dagrun for example_skip_dag to 2023-04-06T16:16:06.366511+00:00, run_after=2023-04-07T16:16:06.366511+00:00
[2023-04-07T18:16:06.379+0200] {processor.py:175} INFO - Processing /Users/oanottage/opt/anaconda3/envs/energyvenv/lib/python3.9/site-packages/airflow/example_dags/example_skip_dag.py took 0.688 seconds
[2023-04-07T18:17:57.165+0200] {processor.py:153} INFO - Started process (PID=19728) to work on /Users/oanottage/opt/anaconda3/envs/energyvenv/lib/python3.9/site-packages/airflow/example_dags/example_skip_dag.py
[2023-04-07T18:17:57.171+0200] {processor.py:743} INFO - Processing file /Users/oanottage/opt/anaconda3/envs/energyvenv/lib/python3.9/site-packages/airflow/example_dags/example_skip_dag.py for tasks to queue
[2023-04-07T18:17:57.172+0200] {logging_mixin.py:137} INFO - [2023-04-07T18:17:57.172+0200] {dagbag.py:532} INFO - Filling up the DagBag from /Users/oanottage/opt/anaconda3/envs/energyvenv/lib/python3.9/site-packages/airflow/example_dags/example_skip_dag.py
[2023-04-07T18:17:57.225+0200] {processor.py:753} INFO - DAG(s) dict_keys(['example_skip_dag']) retrieved from /Users/oanottage/opt/anaconda3/envs/energyvenv/lib/python3.9/site-packages/airflow/example_dags/example_skip_dag.py
[2023-04-07T18:17:57.958+0200] {logging_mixin.py:137} INFO - [2023-04-07T18:17:57.958+0200] {dag.py:2705} INFO - Sync 1 DAGs
[2023-04-07T18:17:57.973+0200] {logging_mixin.py:137} INFO - [2023-04-07T18:17:57.973+0200] {dag.py:3452} INFO - Setting next_dagrun for example_skip_dag to 2023-04-06T16:17:57.973324+00:00, run_after=2023-04-07T16:17:57.973324+00:00
[2023-04-07T18:17:57.988+0200] {processor.py:175} INFO - Processing /Users/oanottage/opt/anaconda3/envs/energyvenv/lib/python3.9/site-packages/airflow/example_dags/example_skip_dag.py took 0.824 seconds
[2023-04-07T18:19:18.694+0200] {processor.py:153} INFO - Started process (PID=19826) to work on /Users/oanottage/opt/anaconda3/envs/energyvenv/lib/python3.9/site-packages/airflow/example_dags/example_skip_dag.py
[2023-04-07T18:19:18.697+0200] {processor.py:743} INFO - Processing file /Users/oanottage/opt/anaconda3/envs/energyvenv/lib/python3.9/site-packages/airflow/example_dags/example_skip_dag.py for tasks to queue
[2023-04-07T18:19:18.697+0200] {logging_mixin.py:137} INFO - [2023-04-07T18:19:18.697+0200] {dagbag.py:532} INFO - Filling up the DagBag from /Users/oanottage/opt/anaconda3/envs/energyvenv/lib/python3.9/site-packages/airflow/example_dags/example_skip_dag.py
[2023-04-07T18:19:18.733+0200] {processor.py:753} INFO - DAG(s) dict_keys(['example_skip_dag']) retrieved from /Users/oanottage/opt/anaconda3/envs/energyvenv/lib/python3.9/site-packages/airflow/example_dags/example_skip_dag.py
[2023-04-07T18:19:19.378+0200] {logging_mixin.py:137} INFO - [2023-04-07T18:19:19.378+0200] {dag.py:2705} INFO - Sync 1 DAGs
[2023-04-07T18:19:19.390+0200] {logging_mixin.py:137} INFO - [2023-04-07T18:19:19.390+0200] {dag.py:3452} INFO - Setting next_dagrun for example_skip_dag to 2023-04-06T16:19:19.390138+00:00, run_after=2023-04-07T16:19:19.390138+00:00
[2023-04-07T18:19:19.403+0200] {processor.py:175} INFO - Processing /Users/oanottage/opt/anaconda3/envs/energyvenv/lib/python3.9/site-packages/airflow/example_dags/example_skip_dag.py took 0.709 seconds
[2023-04-07T18:20:41.471+0200] {processor.py:153} INFO - Started process (PID=19989) to work on /Users/oanottage/opt/anaconda3/envs/energyvenv/lib/python3.9/site-packages/airflow/example_dags/example_skip_dag.py
[2023-04-07T18:20:41.474+0200] {processor.py:743} INFO - Processing file /Users/oanottage/opt/anaconda3/envs/energyvenv/lib/python3.9/site-packages/airflow/example_dags/example_skip_dag.py for tasks to queue
[2023-04-07T18:20:41.475+0200] {logging_mixin.py:137} INFO - [2023-04-07T18:20:41.475+0200] {dagbag.py:532} INFO - Filling up the DagBag from /Users/oanottage/opt/anaconda3/envs/energyvenv/lib/python3.9/site-packages/airflow/example_dags/example_skip_dag.py
[2023-04-07T18:20:41.517+0200] {processor.py:753} INFO - DAG(s) dict_keys(['example_skip_dag']) retrieved from /Users/oanottage/opt/anaconda3/envs/energyvenv/lib/python3.9/site-packages/airflow/example_dags/example_skip_dag.py
[2023-04-07T18:20:42.225+0200] {logging_mixin.py:137} INFO - [2023-04-07T18:20:42.225+0200] {dag.py:2705} INFO - Sync 1 DAGs
[2023-04-07T18:20:42.239+0200] {logging_mixin.py:137} INFO - [2023-04-07T18:20:42.239+0200] {dag.py:3452} INFO - Setting next_dagrun for example_skip_dag to 2023-04-06T16:20:42.239626+00:00, run_after=2023-04-07T16:20:42.239626+00:00
[2023-04-07T18:20:42.253+0200] {processor.py:175} INFO - Processing /Users/oanottage/opt/anaconda3/envs/energyvenv/lib/python3.9/site-packages/airflow/example_dags/example_skip_dag.py took 0.783 seconds
[2023-04-07T18:22:02.098+0200] {processor.py:153} INFO - Started process (PID=20078) to work on /Users/oanottage/opt/anaconda3/envs/energyvenv/lib/python3.9/site-packages/airflow/example_dags/example_skip_dag.py
[2023-04-07T18:22:02.103+0200] {processor.py:743} INFO - Processing file /Users/oanottage/opt/anaconda3/envs/energyvenv/lib/python3.9/site-packages/airflow/example_dags/example_skip_dag.py for tasks to queue
[2023-04-07T18:22:02.103+0200] {logging_mixin.py:137} INFO - [2023-04-07T18:22:02.103+0200] {dagbag.py:532} INFO - Filling up the DagBag from /Users/oanottage/opt/anaconda3/envs/energyvenv/lib/python3.9/site-packages/airflow/example_dags/example_skip_dag.py
[2023-04-07T18:22:02.154+0200] {processor.py:753} INFO - DAG(s) dict_keys(['example_skip_dag']) retrieved from /Users/oanottage/opt/anaconda3/envs/energyvenv/lib/python3.9/site-packages/airflow/example_dags/example_skip_dag.py
[2023-04-07T18:22:02.858+0200] {logging_mixin.py:137} INFO - [2023-04-07T18:22:02.858+0200] {dag.py:2705} INFO - Sync 1 DAGs
[2023-04-07T18:22:02.871+0200] {logging_mixin.py:137} INFO - [2023-04-07T18:22:02.871+0200] {dag.py:3452} INFO - Setting next_dagrun for example_skip_dag to 2023-04-06T16:22:02.871583+00:00, run_after=2023-04-07T16:22:02.871583+00:00
[2023-04-07T18:22:02.884+0200] {processor.py:175} INFO - Processing /Users/oanottage/opt/anaconda3/envs/energyvenv/lib/python3.9/site-packages/airflow/example_dags/example_skip_dag.py took 0.787 seconds
[2023-04-07T18:23:23.643+0200] {processor.py:153} INFO - Started process (PID=20168) to work on /Users/oanottage/opt/anaconda3/envs/energyvenv/lib/python3.9/site-packages/airflow/example_dags/example_skip_dag.py
[2023-04-07T18:23:23.646+0200] {processor.py:743} INFO - Processing file /Users/oanottage/opt/anaconda3/envs/energyvenv/lib/python3.9/site-packages/airflow/example_dags/example_skip_dag.py for tasks to queue
[2023-04-07T18:23:23.647+0200] {logging_mixin.py:137} INFO - [2023-04-07T18:23:23.647+0200] {dagbag.py:532} INFO - Filling up the DagBag from /Users/oanottage/opt/anaconda3/envs/energyvenv/lib/python3.9/site-packages/airflow/example_dags/example_skip_dag.py
[2023-04-07T18:23:23.691+0200] {processor.py:753} INFO - DAG(s) dict_keys(['example_skip_dag']) retrieved from /Users/oanottage/opt/anaconda3/envs/energyvenv/lib/python3.9/site-packages/airflow/example_dags/example_skip_dag.py
[2023-04-07T18:23:24.446+0200] {logging_mixin.py:137} INFO - [2023-04-07T18:23:24.445+0200] {dag.py:2705} INFO - Sync 1 DAGs
[2023-04-07T18:23:24.463+0200] {logging_mixin.py:137} INFO - [2023-04-07T18:23:24.462+0200] {dag.py:3452} INFO - Setting next_dagrun for example_skip_dag to 2023-04-06T16:23:24.462780+00:00, run_after=2023-04-07T16:23:24.462780+00:00
[2023-04-07T18:23:24.479+0200] {processor.py:175} INFO - Processing /Users/oanottage/opt/anaconda3/envs/energyvenv/lib/python3.9/site-packages/airflow/example_dags/example_skip_dag.py took 0.837 seconds
[2023-04-07T18:24:46.339+0200] {processor.py:153} INFO - Started process (PID=20264) to work on /Users/oanottage/opt/anaconda3/envs/energyvenv/lib/python3.9/site-packages/airflow/example_dags/example_skip_dag.py
[2023-04-07T18:24:46.345+0200] {processor.py:743} INFO - Processing file /Users/oanottage/opt/anaconda3/envs/energyvenv/lib/python3.9/site-packages/airflow/example_dags/example_skip_dag.py for tasks to queue
[2023-04-07T18:24:46.345+0200] {logging_mixin.py:137} INFO - [2023-04-07T18:24:46.345+0200] {dagbag.py:532} INFO - Filling up the DagBag from /Users/oanottage/opt/anaconda3/envs/energyvenv/lib/python3.9/site-packages/airflow/example_dags/example_skip_dag.py
[2023-04-07T18:24:46.384+0200] {processor.py:753} INFO - DAG(s) dict_keys(['example_skip_dag']) retrieved from /Users/oanottage/opt/anaconda3/envs/energyvenv/lib/python3.9/site-packages/airflow/example_dags/example_skip_dag.py
[2023-04-07T18:24:47.056+0200] {logging_mixin.py:137} INFO - [2023-04-07T18:24:47.055+0200] {dag.py:2705} INFO - Sync 1 DAGs
[2023-04-07T18:24:47.072+0200] {logging_mixin.py:137} INFO - [2023-04-07T18:24:47.072+0200] {dag.py:3452} INFO - Setting next_dagrun for example_skip_dag to 2023-04-06T16:24:47.072039+00:00, run_after=2023-04-07T16:24:47.072039+00:00
[2023-04-07T18:24:47.087+0200] {processor.py:175} INFO - Processing /Users/oanottage/opt/anaconda3/envs/energyvenv/lib/python3.9/site-packages/airflow/example_dags/example_skip_dag.py took 0.748 seconds
[2023-04-07T18:26:09.820+0200] {processor.py:153} INFO - Started process (PID=20361) to work on /Users/oanottage/opt/anaconda3/envs/energyvenv/lib/python3.9/site-packages/airflow/example_dags/example_skip_dag.py
[2023-04-07T18:26:09.825+0200] {processor.py:743} INFO - Processing file /Users/oanottage/opt/anaconda3/envs/energyvenv/lib/python3.9/site-packages/airflow/example_dags/example_skip_dag.py for tasks to queue
[2023-04-07T18:26:09.826+0200] {logging_mixin.py:137} INFO - [2023-04-07T18:26:09.826+0200] {dagbag.py:532} INFO - Filling up the DagBag from /Users/oanottage/opt/anaconda3/envs/energyvenv/lib/python3.9/site-packages/airflow/example_dags/example_skip_dag.py
[2023-04-07T18:26:09.868+0200] {processor.py:753} INFO - DAG(s) dict_keys(['example_skip_dag']) retrieved from /Users/oanottage/opt/anaconda3/envs/energyvenv/lib/python3.9/site-packages/airflow/example_dags/example_skip_dag.py
[2023-04-07T18:26:10.523+0200] {logging_mixin.py:137} INFO - [2023-04-07T18:26:10.523+0200] {dag.py:2705} INFO - Sync 1 DAGs
[2023-04-07T18:26:10.535+0200] {logging_mixin.py:137} INFO - [2023-04-07T18:26:10.535+0200] {dag.py:3452} INFO - Setting next_dagrun for example_skip_dag to 2023-04-06T16:26:10.534985+00:00, run_after=2023-04-07T16:26:10.534985+00:00
[2023-04-07T18:26:10.567+0200] {processor.py:175} INFO - Processing /Users/oanottage/opt/anaconda3/envs/energyvenv/lib/python3.9/site-packages/airflow/example_dags/example_skip_dag.py took 0.747 seconds
[2023-04-07T18:27:25.790+0200] {processor.py:153} INFO - Started process (PID=20452) to work on /Users/oanottage/opt/anaconda3/envs/energyvenv/lib/python3.9/site-packages/airflow/example_dags/example_skip_dag.py
[2023-04-07T18:27:25.792+0200] {processor.py:743} INFO - Processing file /Users/oanottage/opt/anaconda3/envs/energyvenv/lib/python3.9/site-packages/airflow/example_dags/example_skip_dag.py for tasks to queue
[2023-04-07T18:27:25.793+0200] {logging_mixin.py:137} INFO - [2023-04-07T18:27:25.793+0200] {dagbag.py:532} INFO - Filling up the DagBag from /Users/oanottage/opt/anaconda3/envs/energyvenv/lib/python3.9/site-packages/airflow/example_dags/example_skip_dag.py
[2023-04-07T18:27:25.832+0200] {processor.py:753} INFO - DAG(s) dict_keys(['example_skip_dag']) retrieved from /Users/oanottage/opt/anaconda3/envs/energyvenv/lib/python3.9/site-packages/airflow/example_dags/example_skip_dag.py
[2023-04-07T18:27:26.527+0200] {logging_mixin.py:137} INFO - [2023-04-07T18:27:26.527+0200] {dag.py:2705} INFO - Sync 1 DAGs
[2023-04-07T18:27:26.543+0200] {logging_mixin.py:137} INFO - [2023-04-07T18:27:26.543+0200] {dag.py:3452} INFO - Setting next_dagrun for example_skip_dag to 2023-04-06T16:27:26.543591+00:00, run_after=2023-04-07T16:27:26.543591+00:00
[2023-04-07T18:27:26.558+0200] {processor.py:175} INFO - Processing /Users/oanottage/opt/anaconda3/envs/energyvenv/lib/python3.9/site-packages/airflow/example_dags/example_skip_dag.py took 0.769 seconds
[2023-04-07T18:29:14.862+0200] {processor.py:153} INFO - Started process (PID=20599) to work on /Users/oanottage/opt/anaconda3/envs/energyvenv/lib/python3.9/site-packages/airflow/example_dags/example_skip_dag.py
[2023-04-07T18:29:14.865+0200] {processor.py:743} INFO - Processing file /Users/oanottage/opt/anaconda3/envs/energyvenv/lib/python3.9/site-packages/airflow/example_dags/example_skip_dag.py for tasks to queue
[2023-04-07T18:29:14.865+0200] {logging_mixin.py:137} INFO - [2023-04-07T18:29:14.865+0200] {dagbag.py:532} INFO - Filling up the DagBag from /Users/oanottage/opt/anaconda3/envs/energyvenv/lib/python3.9/site-packages/airflow/example_dags/example_skip_dag.py
[2023-04-07T18:29:14.903+0200] {processor.py:753} INFO - DAG(s) dict_keys(['example_skip_dag']) retrieved from /Users/oanottage/opt/anaconda3/envs/energyvenv/lib/python3.9/site-packages/airflow/example_dags/example_skip_dag.py
[2023-04-07T18:29:15.540+0200] {logging_mixin.py:137} INFO - [2023-04-07T18:29:15.540+0200] {dag.py:2705} INFO - Sync 1 DAGs
[2023-04-07T18:29:15.555+0200] {logging_mixin.py:137} INFO - [2023-04-07T18:29:15.554+0200] {dag.py:3452} INFO - Setting next_dagrun for example_skip_dag to 2023-04-06T16:29:15.554872+00:00, run_after=2023-04-07T16:29:15.554872+00:00
[2023-04-07T18:29:15.568+0200] {processor.py:175} INFO - Processing /Users/oanottage/opt/anaconda3/envs/energyvenv/lib/python3.9/site-packages/airflow/example_dags/example_skip_dag.py took 0.707 seconds
[2023-04-07T18:30:36.195+0200] {processor.py:153} INFO - Started process (PID=20769) to work on /Users/oanottage/opt/anaconda3/envs/energyvenv/lib/python3.9/site-packages/airflow/example_dags/example_skip_dag.py
[2023-04-07T18:30:36.201+0200] {processor.py:743} INFO - Processing file /Users/oanottage/opt/anaconda3/envs/energyvenv/lib/python3.9/site-packages/airflow/example_dags/example_skip_dag.py for tasks to queue
[2023-04-07T18:30:36.201+0200] {logging_mixin.py:137} INFO - [2023-04-07T18:30:36.201+0200] {dagbag.py:532} INFO - Filling up the DagBag from /Users/oanottage/opt/anaconda3/envs/energyvenv/lib/python3.9/site-packages/airflow/example_dags/example_skip_dag.py
[2023-04-07T18:30:36.246+0200] {processor.py:753} INFO - DAG(s) dict_keys(['example_skip_dag']) retrieved from /Users/oanottage/opt/anaconda3/envs/energyvenv/lib/python3.9/site-packages/airflow/example_dags/example_skip_dag.py
[2023-04-07T18:30:36.994+0200] {logging_mixin.py:137} INFO - [2023-04-07T18:30:36.994+0200] {dag.py:2705} INFO - Sync 1 DAGs
[2023-04-07T18:30:37.008+0200] {logging_mixin.py:137} INFO - [2023-04-07T18:30:37.008+0200] {dag.py:3452} INFO - Setting next_dagrun for example_skip_dag to 2023-04-06T16:30:37.008328+00:00, run_after=2023-04-07T16:30:37.008328+00:00
[2023-04-07T18:30:37.025+0200] {processor.py:175} INFO - Processing /Users/oanottage/opt/anaconda3/envs/energyvenv/lib/python3.9/site-packages/airflow/example_dags/example_skip_dag.py took 0.831 seconds
[2023-04-07T18:42:34.886+0200] {processor.py:153} INFO - Started process (PID=21424) to work on /Users/oanottage/opt/anaconda3/envs/energyvenv/lib/python3.9/site-packages/airflow/example_dags/example_skip_dag.py
[2023-04-07T18:42:34.890+0200] {processor.py:743} INFO - Processing file /Users/oanottage/opt/anaconda3/envs/energyvenv/lib/python3.9/site-packages/airflow/example_dags/example_skip_dag.py for tasks to queue
[2023-04-07T18:42:34.891+0200] {logging_mixin.py:137} INFO - [2023-04-07T18:42:34.891+0200] {dagbag.py:532} INFO - Filling up the DagBag from /Users/oanottage/opt/anaconda3/envs/energyvenv/lib/python3.9/site-packages/airflow/example_dags/example_skip_dag.py
[2023-04-07T18:42:34.934+0200] {processor.py:753} INFO - DAG(s) dict_keys(['example_skip_dag']) retrieved from /Users/oanottage/opt/anaconda3/envs/energyvenv/lib/python3.9/site-packages/airflow/example_dags/example_skip_dag.py
[2023-04-07T18:42:35.629+0200] {logging_mixin.py:137} INFO - [2023-04-07T18:42:35.629+0200] {dag.py:2705} INFO - Sync 1 DAGs
[2023-04-07T18:42:35.645+0200] {logging_mixin.py:137} INFO - [2023-04-07T18:42:35.645+0200] {dag.py:3452} INFO - Setting next_dagrun for example_skip_dag to 2023-04-06T16:42:35.645130+00:00, run_after=2023-04-07T16:42:35.645130+00:00
[2023-04-07T18:42:35.661+0200] {processor.py:175} INFO - Processing /Users/oanottage/opt/anaconda3/envs/energyvenv/lib/python3.9/site-packages/airflow/example_dags/example_skip_dag.py took 0.775 seconds
[2023-04-07T18:45:29.479+0200] {processor.py:153} INFO - Started process (PID=21645) to work on /Users/oanottage/opt/anaconda3/envs/energyvenv/lib/python3.9/site-packages/airflow/example_dags/example_skip_dag.py
[2023-04-07T18:45:29.483+0200] {processor.py:743} INFO - Processing file /Users/oanottage/opt/anaconda3/envs/energyvenv/lib/python3.9/site-packages/airflow/example_dags/example_skip_dag.py for tasks to queue
[2023-04-07T18:45:29.483+0200] {logging_mixin.py:137} INFO - [2023-04-07T18:45:29.483+0200] {dagbag.py:532} INFO - Filling up the DagBag from /Users/oanottage/opt/anaconda3/envs/energyvenv/lib/python3.9/site-packages/airflow/example_dags/example_skip_dag.py
[2023-04-07T18:45:29.529+0200] {processor.py:753} INFO - DAG(s) dict_keys(['example_skip_dag']) retrieved from /Users/oanottage/opt/anaconda3/envs/energyvenv/lib/python3.9/site-packages/airflow/example_dags/example_skip_dag.py
[2023-04-07T18:45:30.218+0200] {logging_mixin.py:137} INFO - [2023-04-07T18:45:30.218+0200] {dag.py:2705} INFO - Sync 1 DAGs
[2023-04-07T18:45:30.230+0200] {logging_mixin.py:137} INFO - [2023-04-07T18:45:30.230+0200] {dag.py:3452} INFO - Setting next_dagrun for example_skip_dag to 2023-04-06T16:45:30.230326+00:00, run_after=2023-04-07T16:45:30.230326+00:00
[2023-04-07T18:45:30.244+0200] {processor.py:175} INFO - Processing /Users/oanottage/opt/anaconda3/envs/energyvenv/lib/python3.9/site-packages/airflow/example_dags/example_skip_dag.py took 0.765 seconds
