[2023-04-07T17:54:48.527+0200] {processor.py:153} INFO - Started process (PID=17867) to work on /Users/oanottage/opt/anaconda3/envs/energyvenv/lib/python3.9/site-packages/airflow/example_dags/example_short_circuit_decorator.py
[2023-04-07T17:54:48.530+0200] {processor.py:743} INFO - Processing file /Users/oanottage/opt/anaconda3/envs/energyvenv/lib/python3.9/site-packages/airflow/example_dags/example_short_circuit_decorator.py for tasks to queue
[2023-04-07T17:54:48.530+0200] {logging_mixin.py:137} INFO - [2023-04-07T17:54:48.530+0200] {dagbag.py:532} INFO - Filling up the DagBag from /Users/oanottage/opt/anaconda3/envs/energyvenv/lib/python3.9/site-packages/airflow/example_dags/example_short_circuit_decorator.py
[2023-04-07T17:54:48.600+0200] {processor.py:753} INFO - DAG(s) dict_keys(['example_short_circuit_decorator']) retrieved from /Users/oanottage/opt/anaconda3/envs/energyvenv/lib/python3.9/site-packages/airflow/example_dags/example_short_circuit_decorator.py
[2023-04-07T17:54:49.366+0200] {logging_mixin.py:137} INFO - [2023-04-07T17:54:49.365+0200] {dag.py:2705} INFO - Sync 1 DAGs
[2023-04-07T17:54:49.380+0200] {logging_mixin.py:137} INFO - [2023-04-07T17:54:49.380+0200] {dag.py:3452} INFO - Setting next_dagrun for example_short_circuit_decorator to 2023-04-06T15:54:49.379879+00:00, run_after=2023-04-07T15:54:49.379879+00:00
[2023-04-07T17:54:49.398+0200] {processor.py:175} INFO - Processing /Users/oanottage/opt/anaconda3/envs/energyvenv/lib/python3.9/site-packages/airflow/example_dags/example_short_circuit_decorator.py took 0.872 seconds
[2023-04-07T17:56:57.215+0200] {processor.py:153} INFO - Started process (PID=18045) to work on /Users/oanottage/opt/anaconda3/envs/energyvenv/lib/python3.9/site-packages/airflow/example_dags/example_short_circuit_decorator.py
[2023-04-07T17:56:57.218+0200] {processor.py:743} INFO - Processing file /Users/oanottage/opt/anaconda3/envs/energyvenv/lib/python3.9/site-packages/airflow/example_dags/example_short_circuit_decorator.py for tasks to queue
[2023-04-07T17:56:57.219+0200] {logging_mixin.py:137} INFO - [2023-04-07T17:56:57.219+0200] {dagbag.py:532} INFO - Filling up the DagBag from /Users/oanottage/opt/anaconda3/envs/energyvenv/lib/python3.9/site-packages/airflow/example_dags/example_short_circuit_decorator.py
[2023-04-07T17:56:57.280+0200] {processor.py:753} INFO - DAG(s) dict_keys(['example_short_circuit_decorator']) retrieved from /Users/oanottage/opt/anaconda3/envs/energyvenv/lib/python3.9/site-packages/airflow/example_dags/example_short_circuit_decorator.py
[2023-04-07T17:56:57.936+0200] {logging_mixin.py:137} INFO - [2023-04-07T17:56:57.936+0200] {dag.py:2705} INFO - Sync 1 DAGs
[2023-04-07T17:56:57.947+0200] {logging_mixin.py:137} INFO - [2023-04-07T17:56:57.947+0200] {dag.py:3452} INFO - Setting next_dagrun for example_short_circuit_decorator to 2023-04-06T15:56:57.947471+00:00, run_after=2023-04-07T15:56:57.947471+00:00
[2023-04-07T17:56:57.961+0200] {processor.py:175} INFO - Processing /Users/oanottage/opt/anaconda3/envs/energyvenv/lib/python3.9/site-packages/airflow/example_dags/example_short_circuit_decorator.py took 0.746 seconds
[2023-04-07T17:58:33.136+0200] {processor.py:153} INFO - Started process (PID=18151) to work on /Users/oanottage/opt/anaconda3/envs/energyvenv/lib/python3.9/site-packages/airflow/example_dags/example_short_circuit_decorator.py
[2023-04-07T17:58:33.139+0200] {processor.py:743} INFO - Processing file /Users/oanottage/opt/anaconda3/envs/energyvenv/lib/python3.9/site-packages/airflow/example_dags/example_short_circuit_decorator.py for tasks to queue
[2023-04-07T17:58:33.139+0200] {logging_mixin.py:137} INFO - [2023-04-07T17:58:33.139+0200] {dagbag.py:532} INFO - Filling up the DagBag from /Users/oanottage/opt/anaconda3/envs/energyvenv/lib/python3.9/site-packages/airflow/example_dags/example_short_circuit_decorator.py
[2023-04-07T17:58:33.199+0200] {processor.py:753} INFO - DAG(s) dict_keys(['example_short_circuit_decorator']) retrieved from /Users/oanottage/opt/anaconda3/envs/energyvenv/lib/python3.9/site-packages/airflow/example_dags/example_short_circuit_decorator.py
[2023-04-07T17:58:33.852+0200] {logging_mixin.py:137} INFO - [2023-04-07T17:58:33.852+0200] {dag.py:2705} INFO - Sync 1 DAGs
[2023-04-07T17:58:33.863+0200] {logging_mixin.py:137} INFO - [2023-04-07T17:58:33.863+0200] {dag.py:3452} INFO - Setting next_dagrun for example_short_circuit_decorator to 2023-04-06T15:58:33.863347+00:00, run_after=2023-04-07T15:58:33.863347+00:00
[2023-04-07T17:58:33.876+0200] {processor.py:175} INFO - Processing /Users/oanottage/opt/anaconda3/envs/energyvenv/lib/python3.9/site-packages/airflow/example_dags/example_short_circuit_decorator.py took 0.742 seconds
[2023-04-07T18:01:12.960+0200] {processor.py:153} INFO - Started process (PID=18346) to work on /Users/oanottage/opt/anaconda3/envs/energyvenv/lib/python3.9/site-packages/airflow/example_dags/example_short_circuit_decorator.py
[2023-04-07T18:01:12.963+0200] {processor.py:743} INFO - Processing file /Users/oanottage/opt/anaconda3/envs/energyvenv/lib/python3.9/site-packages/airflow/example_dags/example_short_circuit_decorator.py for tasks to queue
[2023-04-07T18:01:12.963+0200] {logging_mixin.py:137} INFO - [2023-04-07T18:01:12.963+0200] {dagbag.py:532} INFO - Filling up the DagBag from /Users/oanottage/opt/anaconda3/envs/energyvenv/lib/python3.9/site-packages/airflow/example_dags/example_short_circuit_decorator.py
[2023-04-07T18:01:13.024+0200] {processor.py:753} INFO - DAG(s) dict_keys(['example_short_circuit_decorator']) retrieved from /Users/oanottage/opt/anaconda3/envs/energyvenv/lib/python3.9/site-packages/airflow/example_dags/example_short_circuit_decorator.py
[2023-04-07T18:01:13.704+0200] {logging_mixin.py:137} INFO - [2023-04-07T18:01:13.704+0200] {dag.py:2705} INFO - Sync 1 DAGs
[2023-04-07T18:01:13.716+0200] {logging_mixin.py:137} INFO - [2023-04-07T18:01:13.716+0200] {dag.py:3452} INFO - Setting next_dagrun for example_short_circuit_decorator to 2023-04-06T16:01:13.716081+00:00, run_after=2023-04-07T16:01:13.716081+00:00
[2023-04-07T18:01:13.728+0200] {processor.py:175} INFO - Processing /Users/oanottage/opt/anaconda3/envs/energyvenv/lib/python3.9/site-packages/airflow/example_dags/example_short_circuit_decorator.py took 0.769 seconds
[2023-04-07T18:05:00.236+0200] {processor.py:153} INFO - Started process (PID=18633) to work on /Users/oanottage/opt/anaconda3/envs/energyvenv/lib/python3.9/site-packages/airflow/example_dags/example_short_circuit_decorator.py
[2023-04-07T18:05:00.239+0200] {processor.py:743} INFO - Processing file /Users/oanottage/opt/anaconda3/envs/energyvenv/lib/python3.9/site-packages/airflow/example_dags/example_short_circuit_decorator.py for tasks to queue
[2023-04-07T18:05:00.240+0200] {logging_mixin.py:137} INFO - [2023-04-07T18:05:00.240+0200] {dagbag.py:532} INFO - Filling up the DagBag from /Users/oanottage/opt/anaconda3/envs/energyvenv/lib/python3.9/site-packages/airflow/example_dags/example_short_circuit_decorator.py
[2023-04-07T18:05:00.300+0200] {processor.py:753} INFO - DAG(s) dict_keys(['example_short_circuit_decorator']) retrieved from /Users/oanottage/opt/anaconda3/envs/energyvenv/lib/python3.9/site-packages/airflow/example_dags/example_short_circuit_decorator.py
[2023-04-07T18:05:00.979+0200] {logging_mixin.py:137} INFO - [2023-04-07T18:05:00.979+0200] {dag.py:2705} INFO - Sync 1 DAGs
[2023-04-07T18:05:00.991+0200] {logging_mixin.py:137} INFO - [2023-04-07T18:05:00.991+0200] {dag.py:3452} INFO - Setting next_dagrun for example_short_circuit_decorator to 2023-04-06T16:05:00.991707+00:00, run_after=2023-04-07T16:05:00.991707+00:00
[2023-04-07T18:05:01.004+0200] {processor.py:175} INFO - Processing /Users/oanottage/opt/anaconda3/envs/energyvenv/lib/python3.9/site-packages/airflow/example_dags/example_short_circuit_decorator.py took 0.768 seconds
[2023-04-07T18:06:53.991+0200] {processor.py:153} INFO - Started process (PID=18777) to work on /Users/oanottage/opt/anaconda3/envs/energyvenv/lib/python3.9/site-packages/airflow/example_dags/example_short_circuit_decorator.py
[2023-04-07T18:06:53.995+0200] {processor.py:743} INFO - Processing file /Users/oanottage/opt/anaconda3/envs/energyvenv/lib/python3.9/site-packages/airflow/example_dags/example_short_circuit_decorator.py for tasks to queue
[2023-04-07T18:06:53.995+0200] {logging_mixin.py:137} INFO - [2023-04-07T18:06:53.995+0200] {dagbag.py:532} INFO - Filling up the DagBag from /Users/oanottage/opt/anaconda3/envs/energyvenv/lib/python3.9/site-packages/airflow/example_dags/example_short_circuit_decorator.py
[2023-04-07T18:06:54.054+0200] {processor.py:753} INFO - DAG(s) dict_keys(['example_short_circuit_decorator']) retrieved from /Users/oanottage/opt/anaconda3/envs/energyvenv/lib/python3.9/site-packages/airflow/example_dags/example_short_circuit_decorator.py
[2023-04-07T18:06:54.772+0200] {logging_mixin.py:137} INFO - [2023-04-07T18:06:54.771+0200] {dag.py:2705} INFO - Sync 1 DAGs
[2023-04-07T18:06:54.783+0200] {logging_mixin.py:137} INFO - [2023-04-07T18:06:54.783+0200] {dag.py:3452} INFO - Setting next_dagrun for example_short_circuit_decorator to 2023-04-06T16:06:54.782935+00:00, run_after=2023-04-07T16:06:54.782935+00:00
[2023-04-07T18:06:54.795+0200] {processor.py:175} INFO - Processing /Users/oanottage/opt/anaconda3/envs/energyvenv/lib/python3.9/site-packages/airflow/example_dags/example_short_circuit_decorator.py took 0.805 seconds
[2023-04-07T18:08:30.001+0200] {processor.py:153} INFO - Started process (PID=18919) to work on /Users/oanottage/opt/anaconda3/envs/energyvenv/lib/python3.9/site-packages/airflow/example_dags/example_short_circuit_decorator.py
[2023-04-07T18:08:30.005+0200] {processor.py:743} INFO - Processing file /Users/oanottage/opt/anaconda3/envs/energyvenv/lib/python3.9/site-packages/airflow/example_dags/example_short_circuit_decorator.py for tasks to queue
[2023-04-07T18:08:30.005+0200] {logging_mixin.py:137} INFO - [2023-04-07T18:08:30.005+0200] {dagbag.py:532} INFO - Filling up the DagBag from /Users/oanottage/opt/anaconda3/envs/energyvenv/lib/python3.9/site-packages/airflow/example_dags/example_short_circuit_decorator.py
[2023-04-07T18:08:30.063+0200] {processor.py:753} INFO - DAG(s) dict_keys(['example_short_circuit_decorator']) retrieved from /Users/oanottage/opt/anaconda3/envs/energyvenv/lib/python3.9/site-packages/airflow/example_dags/example_short_circuit_decorator.py
[2023-04-07T18:08:30.752+0200] {logging_mixin.py:137} INFO - [2023-04-07T18:08:30.751+0200] {dag.py:2705} INFO - Sync 1 DAGs
[2023-04-07T18:08:30.763+0200] {logging_mixin.py:137} INFO - [2023-04-07T18:08:30.763+0200] {dag.py:3452} INFO - Setting next_dagrun for example_short_circuit_decorator to 2023-04-06T16:08:30.763649+00:00, run_after=2023-04-07T16:08:30.763649+00:00
[2023-04-07T18:08:30.776+0200] {processor.py:175} INFO - Processing /Users/oanottage/opt/anaconda3/envs/energyvenv/lib/python3.9/site-packages/airflow/example_dags/example_short_circuit_decorator.py took 0.776 seconds
[2023-04-07T18:10:17.096+0200] {processor.py:153} INFO - Started process (PID=19118) to work on /Users/oanottage/opt/anaconda3/envs/energyvenv/lib/python3.9/site-packages/airflow/example_dags/example_short_circuit_decorator.py
[2023-04-07T18:10:17.100+0200] {processor.py:743} INFO - Processing file /Users/oanottage/opt/anaconda3/envs/energyvenv/lib/python3.9/site-packages/airflow/example_dags/example_short_circuit_decorator.py for tasks to queue
[2023-04-07T18:10:17.100+0200] {logging_mixin.py:137} INFO - [2023-04-07T18:10:17.100+0200] {dagbag.py:532} INFO - Filling up the DagBag from /Users/oanottage/opt/anaconda3/envs/energyvenv/lib/python3.9/site-packages/airflow/example_dags/example_short_circuit_decorator.py
[2023-04-07T18:10:17.154+0200] {processor.py:753} INFO - DAG(s) dict_keys(['example_short_circuit_decorator']) retrieved from /Users/oanottage/opt/anaconda3/envs/energyvenv/lib/python3.9/site-packages/airflow/example_dags/example_short_circuit_decorator.py
[2023-04-07T18:10:17.915+0200] {logging_mixin.py:137} INFO - [2023-04-07T18:10:17.914+0200] {dag.py:2705} INFO - Sync 1 DAGs
[2023-04-07T18:10:17.930+0200] {logging_mixin.py:137} INFO - [2023-04-07T18:10:17.930+0200] {dag.py:3452} INFO - Setting next_dagrun for example_short_circuit_decorator to 2023-04-06T16:10:17.930237+00:00, run_after=2023-04-07T16:10:17.930237+00:00
[2023-04-07T18:10:17.947+0200] {processor.py:175} INFO - Processing /Users/oanottage/opt/anaconda3/envs/energyvenv/lib/python3.9/site-packages/airflow/example_dags/example_short_circuit_decorator.py took 0.852 seconds
[2023-04-07T18:11:40.971+0200] {processor.py:153} INFO - Started process (PID=19235) to work on /Users/oanottage/opt/anaconda3/envs/energyvenv/lib/python3.9/site-packages/airflow/example_dags/example_short_circuit_decorator.py
[2023-04-07T18:11:40.976+0200] {processor.py:743} INFO - Processing file /Users/oanottage/opt/anaconda3/envs/energyvenv/lib/python3.9/site-packages/airflow/example_dags/example_short_circuit_decorator.py for tasks to queue
[2023-04-07T18:11:40.977+0200] {logging_mixin.py:137} INFO - [2023-04-07T18:11:40.977+0200] {dagbag.py:532} INFO - Filling up the DagBag from /Users/oanottage/opt/anaconda3/envs/energyvenv/lib/python3.9/site-packages/airflow/example_dags/example_short_circuit_decorator.py
[2023-04-07T18:11:41.041+0200] {processor.py:753} INFO - DAG(s) dict_keys(['example_short_circuit_decorator']) retrieved from /Users/oanottage/opt/anaconda3/envs/energyvenv/lib/python3.9/site-packages/airflow/example_dags/example_short_circuit_decorator.py
[2023-04-07T18:11:41.794+0200] {logging_mixin.py:137} INFO - [2023-04-07T18:11:41.794+0200] {dag.py:2705} INFO - Sync 1 DAGs
[2023-04-07T18:11:41.810+0200] {logging_mixin.py:137} INFO - [2023-04-07T18:11:41.809+0200] {dag.py:3452} INFO - Setting next_dagrun for example_short_circuit_decorator to 2023-04-06T16:11:41.809869+00:00, run_after=2023-04-07T16:11:41.809869+00:00
[2023-04-07T18:11:41.824+0200] {processor.py:175} INFO - Processing /Users/oanottage/opt/anaconda3/envs/energyvenv/lib/python3.9/site-packages/airflow/example_dags/example_short_circuit_decorator.py took 0.854 seconds
[2023-04-07T18:13:40.406+0200] {processor.py:153} INFO - Started process (PID=19403) to work on /Users/oanottage/opt/anaconda3/envs/energyvenv/lib/python3.9/site-packages/airflow/example_dags/example_short_circuit_decorator.py
[2023-04-07T18:13:40.411+0200] {processor.py:743} INFO - Processing file /Users/oanottage/opt/anaconda3/envs/energyvenv/lib/python3.9/site-packages/airflow/example_dags/example_short_circuit_decorator.py for tasks to queue
[2023-04-07T18:13:40.412+0200] {logging_mixin.py:137} INFO - [2023-04-07T18:13:40.411+0200] {dagbag.py:532} INFO - Filling up the DagBag from /Users/oanottage/opt/anaconda3/envs/energyvenv/lib/python3.9/site-packages/airflow/example_dags/example_short_circuit_decorator.py
[2023-04-07T18:13:40.481+0200] {processor.py:753} INFO - DAG(s) dict_keys(['example_short_circuit_decorator']) retrieved from /Users/oanottage/opt/anaconda3/envs/energyvenv/lib/python3.9/site-packages/airflow/example_dags/example_short_circuit_decorator.py
[2023-04-07T18:13:41.160+0200] {logging_mixin.py:137} INFO - [2023-04-07T18:13:41.160+0200] {dag.py:2705} INFO - Sync 1 DAGs
[2023-04-07T18:13:41.171+0200] {logging_mixin.py:137} INFO - [2023-04-07T18:13:41.171+0200] {dag.py:3452} INFO - Setting next_dagrun for example_short_circuit_decorator to 2023-04-06T16:13:41.171495+00:00, run_after=2023-04-07T16:13:41.171495+00:00
[2023-04-07T18:13:41.186+0200] {processor.py:175} INFO - Processing /Users/oanottage/opt/anaconda3/envs/energyvenv/lib/python3.9/site-packages/airflow/example_dags/example_short_circuit_decorator.py took 0.781 seconds
[2023-04-07T18:16:10.955+0200] {processor.py:153} INFO - Started process (PID=19601) to work on /Users/oanottage/opt/anaconda3/envs/energyvenv/lib/python3.9/site-packages/airflow/example_dags/example_short_circuit_decorator.py
[2023-04-07T18:16:10.958+0200] {processor.py:743} INFO - Processing file /Users/oanottage/opt/anaconda3/envs/energyvenv/lib/python3.9/site-packages/airflow/example_dags/example_short_circuit_decorator.py for tasks to queue
[2023-04-07T18:16:10.958+0200] {logging_mixin.py:137} INFO - [2023-04-07T18:16:10.958+0200] {dagbag.py:532} INFO - Filling up the DagBag from /Users/oanottage/opt/anaconda3/envs/energyvenv/lib/python3.9/site-packages/airflow/example_dags/example_short_circuit_decorator.py
[2023-04-07T18:16:11.012+0200] {processor.py:753} INFO - DAG(s) dict_keys(['example_short_circuit_decorator']) retrieved from /Users/oanottage/opt/anaconda3/envs/energyvenv/lib/python3.9/site-packages/airflow/example_dags/example_short_circuit_decorator.py
[2023-04-07T18:16:11.671+0200] {logging_mixin.py:137} INFO - [2023-04-07T18:16:11.671+0200] {dag.py:2705} INFO - Sync 1 DAGs
[2023-04-07T18:16:11.682+0200] {logging_mixin.py:137} INFO - [2023-04-07T18:16:11.682+0200] {dag.py:3452} INFO - Setting next_dagrun for example_short_circuit_decorator to 2023-04-06T16:16:11.682347+00:00, run_after=2023-04-07T16:16:11.682347+00:00
[2023-04-07T18:16:11.694+0200] {processor.py:175} INFO - Processing /Users/oanottage/opt/anaconda3/envs/energyvenv/lib/python3.9/site-packages/airflow/example_dags/example_short_circuit_decorator.py took 0.740 seconds
[2023-04-07T18:18:02.542+0200] {processor.py:153} INFO - Started process (PID=19733) to work on /Users/oanottage/opt/anaconda3/envs/energyvenv/lib/python3.9/site-packages/airflow/example_dags/example_short_circuit_decorator.py
[2023-04-07T18:18:02.547+0200] {processor.py:743} INFO - Processing file /Users/oanottage/opt/anaconda3/envs/energyvenv/lib/python3.9/site-packages/airflow/example_dags/example_short_circuit_decorator.py for tasks to queue
[2023-04-07T18:18:02.547+0200] {logging_mixin.py:137} INFO - [2023-04-07T18:18:02.547+0200] {dagbag.py:532} INFO - Filling up the DagBag from /Users/oanottage/opt/anaconda3/envs/energyvenv/lib/python3.9/site-packages/airflow/example_dags/example_short_circuit_decorator.py
[2023-04-07T18:18:02.619+0200] {processor.py:753} INFO - DAG(s) dict_keys(['example_short_circuit_decorator']) retrieved from /Users/oanottage/opt/anaconda3/envs/energyvenv/lib/python3.9/site-packages/airflow/example_dags/example_short_circuit_decorator.py
[2023-04-07T18:18:03.363+0200] {logging_mixin.py:137} INFO - [2023-04-07T18:18:03.363+0200] {dag.py:2705} INFO - Sync 1 DAGs
[2023-04-07T18:18:03.377+0200] {logging_mixin.py:137} INFO - [2023-04-07T18:18:03.377+0200] {dag.py:3452} INFO - Setting next_dagrun for example_short_circuit_decorator to 2023-04-06T16:18:03.376975+00:00, run_after=2023-04-07T16:18:03.376975+00:00
[2023-04-07T18:18:03.392+0200] {processor.py:175} INFO - Processing /Users/oanottage/opt/anaconda3/envs/energyvenv/lib/python3.9/site-packages/airflow/example_dags/example_short_circuit_decorator.py took 0.850 seconds
[2023-04-07T18:20:46.782+0200] {processor.py:153} INFO - Started process (PID=19994) to work on /Users/oanottage/opt/anaconda3/envs/energyvenv/lib/python3.9/site-packages/airflow/example_dags/example_short_circuit_decorator.py
[2023-04-07T18:20:46.786+0200] {processor.py:743} INFO - Processing file /Users/oanottage/opt/anaconda3/envs/energyvenv/lib/python3.9/site-packages/airflow/example_dags/example_short_circuit_decorator.py for tasks to queue
[2023-04-07T18:20:46.786+0200] {logging_mixin.py:137} INFO - [2023-04-07T18:20:46.786+0200] {dagbag.py:532} INFO - Filling up the DagBag from /Users/oanottage/opt/anaconda3/envs/energyvenv/lib/python3.9/site-packages/airflow/example_dags/example_short_circuit_decorator.py
[2023-04-07T18:20:46.841+0200] {processor.py:753} INFO - DAG(s) dict_keys(['example_short_circuit_decorator']) retrieved from /Users/oanottage/opt/anaconda3/envs/energyvenv/lib/python3.9/site-packages/airflow/example_dags/example_short_circuit_decorator.py
[2023-04-07T18:20:47.507+0200] {logging_mixin.py:137} INFO - [2023-04-07T18:20:47.507+0200] {dag.py:2705} INFO - Sync 1 DAGs
[2023-04-07T18:20:47.518+0200] {logging_mixin.py:137} INFO - [2023-04-07T18:20:47.518+0200] {dag.py:3452} INFO - Setting next_dagrun for example_short_circuit_decorator to 2023-04-06T16:20:47.518546+00:00, run_after=2023-04-07T16:20:47.518546+00:00
[2023-04-07T18:20:47.533+0200] {processor.py:175} INFO - Processing /Users/oanottage/opt/anaconda3/envs/energyvenv/lib/python3.9/site-packages/airflow/example_dags/example_short_circuit_decorator.py took 0.752 seconds
[2023-04-07T18:22:07.565+0200] {processor.py:153} INFO - Started process (PID=20085) to work on /Users/oanottage/opt/anaconda3/envs/energyvenv/lib/python3.9/site-packages/airflow/example_dags/example_short_circuit_decorator.py
[2023-04-07T18:22:07.582+0200] {processor.py:743} INFO - Processing file /Users/oanottage/opt/anaconda3/envs/energyvenv/lib/python3.9/site-packages/airflow/example_dags/example_short_circuit_decorator.py for tasks to queue
[2023-04-07T18:22:07.583+0200] {logging_mixin.py:137} INFO - [2023-04-07T18:22:07.583+0200] {dagbag.py:532} INFO - Filling up the DagBag from /Users/oanottage/opt/anaconda3/envs/energyvenv/lib/python3.9/site-packages/airflow/example_dags/example_short_circuit_decorator.py
[2023-04-07T18:22:07.641+0200] {processor.py:753} INFO - DAG(s) dict_keys(['example_short_circuit_decorator']) retrieved from /Users/oanottage/opt/anaconda3/envs/energyvenv/lib/python3.9/site-packages/airflow/example_dags/example_short_circuit_decorator.py
[2023-04-07T18:22:08.317+0200] {logging_mixin.py:137} INFO - [2023-04-07T18:22:08.317+0200] {dag.py:2705} INFO - Sync 1 DAGs
[2023-04-07T18:22:08.328+0200] {logging_mixin.py:137} INFO - [2023-04-07T18:22:08.328+0200] {dag.py:3452} INFO - Setting next_dagrun for example_short_circuit_decorator to 2023-04-06T16:22:08.328417+00:00, run_after=2023-04-07T16:22:08.328417+00:00
[2023-04-07T18:22:08.340+0200] {processor.py:175} INFO - Processing /Users/oanottage/opt/anaconda3/envs/energyvenv/lib/python3.9/site-packages/airflow/example_dags/example_short_circuit_decorator.py took 0.775 seconds
[2023-04-07T18:24:51.804+0200] {processor.py:153} INFO - Started process (PID=20268) to work on /Users/oanottage/opt/anaconda3/envs/energyvenv/lib/python3.9/site-packages/airflow/example_dags/example_short_circuit_decorator.py
[2023-04-07T18:24:51.808+0200] {processor.py:743} INFO - Processing file /Users/oanottage/opt/anaconda3/envs/energyvenv/lib/python3.9/site-packages/airflow/example_dags/example_short_circuit_decorator.py for tasks to queue
[2023-04-07T18:24:51.809+0200] {logging_mixin.py:137} INFO - [2023-04-07T18:24:51.809+0200] {dagbag.py:532} INFO - Filling up the DagBag from /Users/oanottage/opt/anaconda3/envs/energyvenv/lib/python3.9/site-packages/airflow/example_dags/example_short_circuit_decorator.py
[2023-04-07T18:24:51.886+0200] {processor.py:753} INFO - DAG(s) dict_keys(['example_short_circuit_decorator']) retrieved from /Users/oanottage/opt/anaconda3/envs/energyvenv/lib/python3.9/site-packages/airflow/example_dags/example_short_circuit_decorator.py
[2023-04-07T18:24:52.586+0200] {logging_mixin.py:137} INFO - [2023-04-07T18:24:52.586+0200] {dag.py:2705} INFO - Sync 1 DAGs
[2023-04-07T18:24:52.597+0200] {logging_mixin.py:137} INFO - [2023-04-07T18:24:52.597+0200] {dag.py:3452} INFO - Setting next_dagrun for example_short_circuit_decorator to 2023-04-06T16:24:52.597250+00:00, run_after=2023-04-07T16:24:52.597250+00:00
[2023-04-07T18:24:52.611+0200] {processor.py:175} INFO - Processing /Users/oanottage/opt/anaconda3/envs/energyvenv/lib/python3.9/site-packages/airflow/example_dags/example_short_circuit_decorator.py took 0.807 seconds
[2023-04-07T18:26:15.105+0200] {processor.py:153} INFO - Started process (PID=20367) to work on /Users/oanottage/opt/anaconda3/envs/energyvenv/lib/python3.9/site-packages/airflow/example_dags/example_short_circuit_decorator.py
[2023-04-07T18:26:15.109+0200] {processor.py:743} INFO - Processing file /Users/oanottage/opt/anaconda3/envs/energyvenv/lib/python3.9/site-packages/airflow/example_dags/example_short_circuit_decorator.py for tasks to queue
[2023-04-07T18:26:15.110+0200] {logging_mixin.py:137} INFO - [2023-04-07T18:26:15.110+0200] {dagbag.py:532} INFO - Filling up the DagBag from /Users/oanottage/opt/anaconda3/envs/energyvenv/lib/python3.9/site-packages/airflow/example_dags/example_short_circuit_decorator.py
[2023-04-07T18:26:15.168+0200] {processor.py:753} INFO - DAG(s) dict_keys(['example_short_circuit_decorator']) retrieved from /Users/oanottage/opt/anaconda3/envs/energyvenv/lib/python3.9/site-packages/airflow/example_dags/example_short_circuit_decorator.py
[2023-04-07T18:26:15.799+0200] {logging_mixin.py:137} INFO - [2023-04-07T18:26:15.799+0200] {dag.py:2705} INFO - Sync 1 DAGs
[2023-04-07T18:26:15.811+0200] {logging_mixin.py:137} INFO - [2023-04-07T18:26:15.811+0200] {dag.py:3452} INFO - Setting next_dagrun for example_short_circuit_decorator to 2023-04-06T16:26:15.811090+00:00, run_after=2023-04-07T16:26:15.811090+00:00
[2023-04-07T18:26:15.822+0200] {processor.py:175} INFO - Processing /Users/oanottage/opt/anaconda3/envs/energyvenv/lib/python3.9/site-packages/airflow/example_dags/example_short_circuit_decorator.py took 0.718 seconds
[2023-04-07T18:29:20.103+0200] {processor.py:153} INFO - Started process (PID=20607) to work on /Users/oanottage/opt/anaconda3/envs/energyvenv/lib/python3.9/site-packages/airflow/example_dags/example_short_circuit_decorator.py
[2023-04-07T18:29:20.107+0200] {processor.py:743} INFO - Processing file /Users/oanottage/opt/anaconda3/envs/energyvenv/lib/python3.9/site-packages/airflow/example_dags/example_short_circuit_decorator.py for tasks to queue
[2023-04-07T18:29:20.107+0200] {logging_mixin.py:137} INFO - [2023-04-07T18:29:20.107+0200] {dagbag.py:532} INFO - Filling up the DagBag from /Users/oanottage/opt/anaconda3/envs/energyvenv/lib/python3.9/site-packages/airflow/example_dags/example_short_circuit_decorator.py
[2023-04-07T18:29:20.166+0200] {processor.py:753} INFO - DAG(s) dict_keys(['example_short_circuit_decorator']) retrieved from /Users/oanottage/opt/anaconda3/envs/energyvenv/lib/python3.9/site-packages/airflow/example_dags/example_short_circuit_decorator.py
[2023-04-07T18:29:20.811+0200] {logging_mixin.py:137} INFO - [2023-04-07T18:29:20.811+0200] {dag.py:2705} INFO - Sync 1 DAGs
[2023-04-07T18:29:20.824+0200] {logging_mixin.py:137} INFO - [2023-04-07T18:29:20.824+0200] {dag.py:3452} INFO - Setting next_dagrun for example_short_circuit_decorator to 2023-04-06T16:29:20.823963+00:00, run_after=2023-04-07T16:29:20.823963+00:00
[2023-04-07T18:29:20.838+0200] {processor.py:175} INFO - Processing /Users/oanottage/opt/anaconda3/envs/energyvenv/lib/python3.9/site-packages/airflow/example_dags/example_short_circuit_decorator.py took 0.735 seconds
[2023-04-07T18:30:41.655+0200] {processor.py:153} INFO - Started process (PID=20775) to work on /Users/oanottage/opt/anaconda3/envs/energyvenv/lib/python3.9/site-packages/airflow/example_dags/example_short_circuit_decorator.py
[2023-04-07T18:30:41.659+0200] {processor.py:743} INFO - Processing file /Users/oanottage/opt/anaconda3/envs/energyvenv/lib/python3.9/site-packages/airflow/example_dags/example_short_circuit_decorator.py for tasks to queue
[2023-04-07T18:30:41.659+0200] {logging_mixin.py:137} INFO - [2023-04-07T18:30:41.659+0200] {dagbag.py:532} INFO - Filling up the DagBag from /Users/oanottage/opt/anaconda3/envs/energyvenv/lib/python3.9/site-packages/airflow/example_dags/example_short_circuit_decorator.py
[2023-04-07T18:30:41.720+0200] {processor.py:753} INFO - DAG(s) dict_keys(['example_short_circuit_decorator']) retrieved from /Users/oanottage/opt/anaconda3/envs/energyvenv/lib/python3.9/site-packages/airflow/example_dags/example_short_circuit_decorator.py
[2023-04-07T18:30:42.386+0200] {logging_mixin.py:137} INFO - [2023-04-07T18:30:42.385+0200] {dag.py:2705} INFO - Sync 1 DAGs
[2023-04-07T18:30:42.397+0200] {logging_mixin.py:137} INFO - [2023-04-07T18:30:42.397+0200] {dag.py:3452} INFO - Setting next_dagrun for example_short_circuit_decorator to 2023-04-06T16:30:42.397491+00:00, run_after=2023-04-07T16:30:42.397491+00:00
[2023-04-07T18:30:42.409+0200] {processor.py:175} INFO - Processing /Users/oanottage/opt/anaconda3/envs/energyvenv/lib/python3.9/site-packages/airflow/example_dags/example_short_circuit_decorator.py took 0.755 seconds
[2023-04-07T18:42:40.346+0200] {processor.py:153} INFO - Started process (PID=21430) to work on /Users/oanottage/opt/anaconda3/envs/energyvenv/lib/python3.9/site-packages/airflow/example_dags/example_short_circuit_decorator.py
[2023-04-07T18:42:40.349+0200] {processor.py:743} INFO - Processing file /Users/oanottage/opt/anaconda3/envs/energyvenv/lib/python3.9/site-packages/airflow/example_dags/example_short_circuit_decorator.py for tasks to queue
[2023-04-07T18:42:40.350+0200] {logging_mixin.py:137} INFO - [2023-04-07T18:42:40.350+0200] {dagbag.py:532} INFO - Filling up the DagBag from /Users/oanottage/opt/anaconda3/envs/energyvenv/lib/python3.9/site-packages/airflow/example_dags/example_short_circuit_decorator.py
[2023-04-07T18:42:40.409+0200] {processor.py:753} INFO - DAG(s) dict_keys(['example_short_circuit_decorator']) retrieved from /Users/oanottage/opt/anaconda3/envs/energyvenv/lib/python3.9/site-packages/airflow/example_dags/example_short_circuit_decorator.py
[2023-04-07T18:42:41.085+0200] {logging_mixin.py:137} INFO - [2023-04-07T18:42:41.085+0200] {dag.py:2705} INFO - Sync 1 DAGs
[2023-04-07T18:42:41.099+0200] {logging_mixin.py:137} INFO - [2023-04-07T18:42:41.099+0200] {dag.py:3452} INFO - Setting next_dagrun for example_short_circuit_decorator to 2023-04-06T16:42:41.098942+00:00, run_after=2023-04-07T16:42:41.098942+00:00
[2023-04-07T18:42:41.113+0200] {processor.py:175} INFO - Processing /Users/oanottage/opt/anaconda3/envs/energyvenv/lib/python3.9/site-packages/airflow/example_dags/example_short_circuit_decorator.py took 0.768 seconds
[2023-04-07T18:45:35.008+0200] {processor.py:153} INFO - Started process (PID=21651) to work on /Users/oanottage/opt/anaconda3/envs/energyvenv/lib/python3.9/site-packages/airflow/example_dags/example_short_circuit_decorator.py
[2023-04-07T18:45:35.012+0200] {processor.py:743} INFO - Processing file /Users/oanottage/opt/anaconda3/envs/energyvenv/lib/python3.9/site-packages/airflow/example_dags/example_short_circuit_decorator.py for tasks to queue
[2023-04-07T18:45:35.013+0200] {logging_mixin.py:137} INFO - [2023-04-07T18:45:35.012+0200] {dagbag.py:532} INFO - Filling up the DagBag from /Users/oanottage/opt/anaconda3/envs/energyvenv/lib/python3.9/site-packages/airflow/example_dags/example_short_circuit_decorator.py
[2023-04-07T18:45:35.070+0200] {processor.py:753} INFO - DAG(s) dict_keys(['example_short_circuit_decorator']) retrieved from /Users/oanottage/opt/anaconda3/envs/energyvenv/lib/python3.9/site-packages/airflow/example_dags/example_short_circuit_decorator.py
[2023-04-07T18:45:35.827+0200] {logging_mixin.py:137} INFO - [2023-04-07T18:45:35.827+0200] {dag.py:2705} INFO - Sync 1 DAGs
[2023-04-07T18:45:35.839+0200] {logging_mixin.py:137} INFO - [2023-04-07T18:45:35.839+0200] {dag.py:3452} INFO - Setting next_dagrun for example_short_circuit_decorator to 2023-04-06T16:45:35.839221+00:00, run_after=2023-04-07T16:45:35.839221+00:00
[2023-04-07T18:45:35.851+0200] {processor.py:175} INFO - Processing /Users/oanottage/opt/anaconda3/envs/energyvenv/lib/python3.9/site-packages/airflow/example_dags/example_short_circuit_decorator.py took 0.844 seconds
