[2023-04-07T17:55:41.229+0200] {processor.py:153} INFO - Started process (PID=17941) to work on /Users/oanottage/opt/anaconda3/envs/energyvenv/lib/python3.9/site-packages/airflow/example_dags/example_branch_day_of_week_operator.py
[2023-04-07T17:55:41.232+0200] {processor.py:743} INFO - Processing file /Users/oanottage/opt/anaconda3/envs/energyvenv/lib/python3.9/site-packages/airflow/example_dags/example_branch_day_of_week_operator.py for tasks to queue
[2023-04-07T17:55:41.232+0200] {logging_mixin.py:137} INFO - [2023-04-07T17:55:41.232+0200] {dagbag.py:532} INFO - Filling up the DagBag from /Users/oanottage/opt/anaconda3/envs/energyvenv/lib/python3.9/site-packages/airflow/example_dags/example_branch_day_of_week_operator.py
[2023-04-07T17:55:41.270+0200] {processor.py:753} INFO - DAG(s) dict_keys(['example_weekday_branch_operator']) retrieved from /Users/oanottage/opt/anaconda3/envs/energyvenv/lib/python3.9/site-packages/airflow/example_dags/example_branch_day_of_week_operator.py
[2023-04-07T17:55:41.922+0200] {logging_mixin.py:137} INFO - [2023-04-07T17:55:41.922+0200] {dag.py:2705} INFO - Sync 1 DAGs
[2023-04-07T17:55:41.935+0200] {logging_mixin.py:137} INFO - [2023-04-07T17:55:41.935+0200] {dag.py:3452} INFO - Setting next_dagrun for example_weekday_branch_operator to 2023-04-06T00:00:00+00:00, run_after=2023-04-07T00:00:00+00:00
[2023-04-07T17:55:41.948+0200] {processor.py:175} INFO - Processing /Users/oanottage/opt/anaconda3/envs/energyvenv/lib/python3.9/site-packages/airflow/example_dags/example_branch_day_of_week_operator.py took 0.720 seconds
[2023-04-07T17:58:55.872+0200] {processor.py:153} INFO - Started process (PID=18178) to work on /Users/oanottage/opt/anaconda3/envs/energyvenv/lib/python3.9/site-packages/airflow/example_dags/example_branch_day_of_week_operator.py
[2023-04-07T17:58:55.875+0200] {processor.py:743} INFO - Processing file /Users/oanottage/opt/anaconda3/envs/energyvenv/lib/python3.9/site-packages/airflow/example_dags/example_branch_day_of_week_operator.py for tasks to queue
[2023-04-07T17:58:55.876+0200] {logging_mixin.py:137} INFO - [2023-04-07T17:58:55.876+0200] {dagbag.py:532} INFO - Filling up the DagBag from /Users/oanottage/opt/anaconda3/envs/energyvenv/lib/python3.9/site-packages/airflow/example_dags/example_branch_day_of_week_operator.py
[2023-04-07T17:58:55.913+0200] {processor.py:753} INFO - DAG(s) dict_keys(['example_weekday_branch_operator']) retrieved from /Users/oanottage/opt/anaconda3/envs/energyvenv/lib/python3.9/site-packages/airflow/example_dags/example_branch_day_of_week_operator.py
[2023-04-07T17:58:56.565+0200] {logging_mixin.py:137} INFO - [2023-04-07T17:58:56.565+0200] {dag.py:2705} INFO - Sync 1 DAGs
[2023-04-07T17:58:56.579+0200] {logging_mixin.py:137} INFO - [2023-04-07T17:58:56.579+0200] {dag.py:3452} INFO - Setting next_dagrun for example_weekday_branch_operator to 2023-04-06T00:00:00+00:00, run_after=2023-04-07T00:00:00+00:00
[2023-04-07T17:58:56.592+0200] {processor.py:175} INFO - Processing /Users/oanottage/opt/anaconda3/envs/energyvenv/lib/python3.9/site-packages/airflow/example_dags/example_branch_day_of_week_operator.py took 0.721 seconds
[2023-04-07T18:01:36.509+0200] {processor.py:153} INFO - Started process (PID=18372) to work on /Users/oanottage/opt/anaconda3/envs/energyvenv/lib/python3.9/site-packages/airflow/example_dags/example_branch_day_of_week_operator.py
[2023-04-07T18:01:36.512+0200] {processor.py:743} INFO - Processing file /Users/oanottage/opt/anaconda3/envs/energyvenv/lib/python3.9/site-packages/airflow/example_dags/example_branch_day_of_week_operator.py for tasks to queue
[2023-04-07T18:01:36.513+0200] {logging_mixin.py:137} INFO - [2023-04-07T18:01:36.513+0200] {dagbag.py:532} INFO - Filling up the DagBag from /Users/oanottage/opt/anaconda3/envs/energyvenv/lib/python3.9/site-packages/airflow/example_dags/example_branch_day_of_week_operator.py
[2023-04-07T18:01:36.551+0200] {processor.py:753} INFO - DAG(s) dict_keys(['example_weekday_branch_operator']) retrieved from /Users/oanottage/opt/anaconda3/envs/energyvenv/lib/python3.9/site-packages/airflow/example_dags/example_branch_day_of_week_operator.py
[2023-04-07T18:01:37.154+0200] {logging_mixin.py:137} INFO - [2023-04-07T18:01:37.154+0200] {dag.py:2705} INFO - Sync 1 DAGs
[2023-04-07T18:01:37.167+0200] {logging_mixin.py:137} INFO - [2023-04-07T18:01:37.167+0200] {dag.py:3452} INFO - Setting next_dagrun for example_weekday_branch_operator to 2023-04-06T00:00:00+00:00, run_after=2023-04-07T00:00:00+00:00
[2023-04-07T18:01:37.180+0200] {processor.py:175} INFO - Processing /Users/oanottage/opt/anaconda3/envs/energyvenv/lib/python3.9/site-packages/airflow/example_dags/example_branch_day_of_week_operator.py took 0.671 seconds
[2023-04-07T18:05:53.175+0200] {processor.py:153} INFO - Started process (PID=18696) to work on /Users/oanottage/opt/anaconda3/envs/energyvenv/lib/python3.9/site-packages/airflow/example_dags/example_branch_day_of_week_operator.py
[2023-04-07T18:05:53.179+0200] {processor.py:743} INFO - Processing file /Users/oanottage/opt/anaconda3/envs/energyvenv/lib/python3.9/site-packages/airflow/example_dags/example_branch_day_of_week_operator.py for tasks to queue
[2023-04-07T18:05:53.179+0200] {logging_mixin.py:137} INFO - [2023-04-07T18:05:53.179+0200] {dagbag.py:532} INFO - Filling up the DagBag from /Users/oanottage/opt/anaconda3/envs/energyvenv/lib/python3.9/site-packages/airflow/example_dags/example_branch_day_of_week_operator.py
[2023-04-07T18:05:53.227+0200] {processor.py:753} INFO - DAG(s) dict_keys(['example_weekday_branch_operator']) retrieved from /Users/oanottage/opt/anaconda3/envs/energyvenv/lib/python3.9/site-packages/airflow/example_dags/example_branch_day_of_week_operator.py
[2023-04-07T18:05:53.995+0200] {logging_mixin.py:137} INFO - [2023-04-07T18:05:53.995+0200] {dag.py:2705} INFO - Sync 1 DAGs
[2023-04-07T18:05:54.011+0200] {logging_mixin.py:137} INFO - [2023-04-07T18:05:54.011+0200] {dag.py:3452} INFO - Setting next_dagrun for example_weekday_branch_operator to 2023-04-06T00:00:00+00:00, run_after=2023-04-07T00:00:00+00:00
[2023-04-07T18:05:54.027+0200] {processor.py:175} INFO - Processing /Users/oanottage/opt/anaconda3/envs/energyvenv/lib/python3.9/site-packages/airflow/example_dags/example_branch_day_of_week_operator.py took 0.852 seconds
[2023-04-07T18:09:22.813+0200] {processor.py:153} INFO - Started process (PID=19044) to work on /Users/oanottage/opt/anaconda3/envs/energyvenv/lib/python3.9/site-packages/airflow/example_dags/example_branch_day_of_week_operator.py
[2023-04-07T18:09:22.817+0200] {processor.py:743} INFO - Processing file /Users/oanottage/opt/anaconda3/envs/energyvenv/lib/python3.9/site-packages/airflow/example_dags/example_branch_day_of_week_operator.py for tasks to queue
[2023-04-07T18:09:22.817+0200] {logging_mixin.py:137} INFO - [2023-04-07T18:09:22.817+0200] {dagbag.py:532} INFO - Filling up the DagBag from /Users/oanottage/opt/anaconda3/envs/energyvenv/lib/python3.9/site-packages/airflow/example_dags/example_branch_day_of_week_operator.py
[2023-04-07T18:09:22.875+0200] {processor.py:753} INFO - DAG(s) dict_keys(['example_weekday_branch_operator']) retrieved from /Users/oanottage/opt/anaconda3/envs/energyvenv/lib/python3.9/site-packages/airflow/example_dags/example_branch_day_of_week_operator.py
[2023-04-07T18:09:23.670+0200] {logging_mixin.py:137} INFO - [2023-04-07T18:09:23.669+0200] {dag.py:2705} INFO - Sync 1 DAGs
[2023-04-07T18:09:23.685+0200] {logging_mixin.py:137} INFO - [2023-04-07T18:09:23.685+0200] {dag.py:3452} INFO - Setting next_dagrun for example_weekday_branch_operator to 2023-04-06T00:00:00+00:00, run_after=2023-04-07T00:00:00+00:00
[2023-04-07T18:09:23.699+0200] {processor.py:175} INFO - Processing /Users/oanottage/opt/anaconda3/envs/energyvenv/lib/python3.9/site-packages/airflow/example_dags/example_branch_day_of_week_operator.py took 0.886 seconds
[2023-04-07T18:12:05.307+0200] {processor.py:153} INFO - Started process (PID=19260) to work on /Users/oanottage/opt/anaconda3/envs/energyvenv/lib/python3.9/site-packages/airflow/example_dags/example_branch_day_of_week_operator.py
[2023-04-07T18:12:05.310+0200] {processor.py:743} INFO - Processing file /Users/oanottage/opt/anaconda3/envs/energyvenv/lib/python3.9/site-packages/airflow/example_dags/example_branch_day_of_week_operator.py for tasks to queue
[2023-04-07T18:12:05.310+0200] {logging_mixin.py:137} INFO - [2023-04-07T18:12:05.310+0200] {dagbag.py:532} INFO - Filling up the DagBag from /Users/oanottage/opt/anaconda3/envs/energyvenv/lib/python3.9/site-packages/airflow/example_dags/example_branch_day_of_week_operator.py
[2023-04-07T18:12:05.353+0200] {processor.py:753} INFO - DAG(s) dict_keys(['example_weekday_branch_operator']) retrieved from /Users/oanottage/opt/anaconda3/envs/energyvenv/lib/python3.9/site-packages/airflow/example_dags/example_branch_day_of_week_operator.py
[2023-04-07T18:12:05.961+0200] {logging_mixin.py:137} INFO - [2023-04-07T18:12:05.961+0200] {dag.py:2705} INFO - Sync 1 DAGs
[2023-04-07T18:12:05.974+0200] {logging_mixin.py:137} INFO - [2023-04-07T18:12:05.974+0200] {dag.py:3452} INFO - Setting next_dagrun for example_weekday_branch_operator to 2023-04-06T00:00:00+00:00, run_after=2023-04-07T00:00:00+00:00
[2023-04-07T18:12:06.008+0200] {processor.py:175} INFO - Processing /Users/oanottage/opt/anaconda3/envs/energyvenv/lib/python3.9/site-packages/airflow/example_dags/example_branch_day_of_week_operator.py took 0.701 seconds
[2023-04-07T18:14:34.599+0200] {processor.py:153} INFO - Started process (PID=19459) to work on /Users/oanottage/opt/anaconda3/envs/energyvenv/lib/python3.9/site-packages/airflow/example_dags/example_branch_day_of_week_operator.py
[2023-04-07T18:14:34.602+0200] {processor.py:743} INFO - Processing file /Users/oanottage/opt/anaconda3/envs/energyvenv/lib/python3.9/site-packages/airflow/example_dags/example_branch_day_of_week_operator.py for tasks to queue
[2023-04-07T18:14:34.603+0200] {logging_mixin.py:137} INFO - [2023-04-07T18:14:34.603+0200] {dagbag.py:532} INFO - Filling up the DagBag from /Users/oanottage/opt/anaconda3/envs/energyvenv/lib/python3.9/site-packages/airflow/example_dags/example_branch_day_of_week_operator.py
[2023-04-07T18:14:34.643+0200] {processor.py:753} INFO - DAG(s) dict_keys(['example_weekday_branch_operator']) retrieved from /Users/oanottage/opt/anaconda3/envs/energyvenv/lib/python3.9/site-packages/airflow/example_dags/example_branch_day_of_week_operator.py
[2023-04-07T18:14:35.253+0200] {logging_mixin.py:137} INFO - [2023-04-07T18:14:35.253+0200] {dag.py:2705} INFO - Sync 1 DAGs
[2023-04-07T18:14:35.267+0200] {logging_mixin.py:137} INFO - [2023-04-07T18:14:35.267+0200] {dag.py:3452} INFO - Setting next_dagrun for example_weekday_branch_operator to 2023-04-06T00:00:00+00:00, run_after=2023-04-07T00:00:00+00:00
[2023-04-07T18:14:35.280+0200] {processor.py:175} INFO - Processing /Users/oanottage/opt/anaconda3/envs/energyvenv/lib/python3.9/site-packages/airflow/example_dags/example_branch_day_of_week_operator.py took 0.682 seconds
[2023-04-07T18:17:03.246+0200] {processor.py:153} INFO - Started process (PID=19676) to work on /Users/oanottage/opt/anaconda3/envs/energyvenv/lib/python3.9/site-packages/airflow/example_dags/example_branch_day_of_week_operator.py
[2023-04-07T18:17:03.249+0200] {processor.py:743} INFO - Processing file /Users/oanottage/opt/anaconda3/envs/energyvenv/lib/python3.9/site-packages/airflow/example_dags/example_branch_day_of_week_operator.py for tasks to queue
[2023-04-07T18:17:03.250+0200] {logging_mixin.py:137} INFO - [2023-04-07T18:17:03.250+0200] {dagbag.py:532} INFO - Filling up the DagBag from /Users/oanottage/opt/anaconda3/envs/energyvenv/lib/python3.9/site-packages/airflow/example_dags/example_branch_day_of_week_operator.py
[2023-04-07T18:17:03.296+0200] {processor.py:753} INFO - DAG(s) dict_keys(['example_weekday_branch_operator']) retrieved from /Users/oanottage/opt/anaconda3/envs/energyvenv/lib/python3.9/site-packages/airflow/example_dags/example_branch_day_of_week_operator.py
[2023-04-07T18:17:03.951+0200] {logging_mixin.py:137} INFO - [2023-04-07T18:17:03.950+0200] {dag.py:2705} INFO - Sync 1 DAGs
[2023-04-07T18:17:03.963+0200] {logging_mixin.py:137} INFO - [2023-04-07T18:17:03.963+0200] {dag.py:3452} INFO - Setting next_dagrun for example_weekday_branch_operator to 2023-04-06T00:00:00+00:00, run_after=2023-04-07T00:00:00+00:00
[2023-04-07T18:17:03.975+0200] {processor.py:175} INFO - Processing /Users/oanottage/opt/anaconda3/envs/energyvenv/lib/python3.9/site-packages/airflow/example_dags/example_branch_day_of_week_operator.py took 0.730 seconds
[2023-04-07T18:19:46.093+0200] {processor.py:153} INFO - Started process (PID=19900) to work on /Users/oanottage/opt/anaconda3/envs/energyvenv/lib/python3.9/site-packages/airflow/example_dags/example_branch_day_of_week_operator.py
[2023-04-07T18:19:46.097+0200] {processor.py:743} INFO - Processing file /Users/oanottage/opt/anaconda3/envs/energyvenv/lib/python3.9/site-packages/airflow/example_dags/example_branch_day_of_week_operator.py for tasks to queue
[2023-04-07T18:19:46.098+0200] {logging_mixin.py:137} INFO - [2023-04-07T18:19:46.097+0200] {dagbag.py:532} INFO - Filling up the DagBag from /Users/oanottage/opt/anaconda3/envs/energyvenv/lib/python3.9/site-packages/airflow/example_dags/example_branch_day_of_week_operator.py
[2023-04-07T18:19:46.156+0200] {processor.py:753} INFO - DAG(s) dict_keys(['example_weekday_branch_operator']) retrieved from /Users/oanottage/opt/anaconda3/envs/energyvenv/lib/python3.9/site-packages/airflow/example_dags/example_branch_day_of_week_operator.py
[2023-04-07T18:19:47.020+0200] {logging_mixin.py:137} INFO - [2023-04-07T18:19:47.019+0200] {dag.py:2705} INFO - Sync 1 DAGs
[2023-04-07T18:19:47.040+0200] {logging_mixin.py:137} INFO - [2023-04-07T18:19:47.040+0200] {dag.py:3452} INFO - Setting next_dagrun for example_weekday_branch_operator to 2023-04-06T00:00:00+00:00, run_after=2023-04-07T00:00:00+00:00
[2023-04-07T18:19:47.056+0200] {processor.py:175} INFO - Processing /Users/oanottage/opt/anaconda3/envs/energyvenv/lib/python3.9/site-packages/airflow/example_dags/example_branch_day_of_week_operator.py took 0.963 seconds
[2023-04-07T18:22:30.273+0200] {processor.py:153} INFO - Started process (PID=20108) to work on /Users/oanottage/opt/anaconda3/envs/energyvenv/lib/python3.9/site-packages/airflow/example_dags/example_branch_day_of_week_operator.py
[2023-04-07T18:22:30.277+0200] {processor.py:743} INFO - Processing file /Users/oanottage/opt/anaconda3/envs/energyvenv/lib/python3.9/site-packages/airflow/example_dags/example_branch_day_of_week_operator.py for tasks to queue
[2023-04-07T18:22:30.277+0200] {logging_mixin.py:137} INFO - [2023-04-07T18:22:30.277+0200] {dagbag.py:532} INFO - Filling up the DagBag from /Users/oanottage/opt/anaconda3/envs/energyvenv/lib/python3.9/site-packages/airflow/example_dags/example_branch_day_of_week_operator.py
[2023-04-07T18:22:30.321+0200] {processor.py:753} INFO - DAG(s) dict_keys(['example_weekday_branch_operator']) retrieved from /Users/oanottage/opt/anaconda3/envs/energyvenv/lib/python3.9/site-packages/airflow/example_dags/example_branch_day_of_week_operator.py
[2023-04-07T18:22:31.072+0200] {logging_mixin.py:137} INFO - [2023-04-07T18:22:31.072+0200] {dag.py:2705} INFO - Sync 1 DAGs
[2023-04-07T18:22:31.089+0200] {logging_mixin.py:137} INFO - [2023-04-07T18:22:31.089+0200] {dag.py:3452} INFO - Setting next_dagrun for example_weekday_branch_operator to 2023-04-06T00:00:00+00:00, run_after=2023-04-07T00:00:00+00:00
[2023-04-07T18:22:31.104+0200] {processor.py:175} INFO - Processing /Users/oanottage/opt/anaconda3/envs/energyvenv/lib/python3.9/site-packages/airflow/example_dags/example_branch_day_of_week_operator.py took 0.831 seconds
[2023-04-07T18:25:17.161+0200] {processor.py:153} INFO - Started process (PID=20299) to work on /Users/oanottage/opt/anaconda3/envs/energyvenv/lib/python3.9/site-packages/airflow/example_dags/example_branch_day_of_week_operator.py
[2023-04-07T18:25:17.165+0200] {processor.py:743} INFO - Processing file /Users/oanottage/opt/anaconda3/envs/energyvenv/lib/python3.9/site-packages/airflow/example_dags/example_branch_day_of_week_operator.py for tasks to queue
[2023-04-07T18:25:17.166+0200] {logging_mixin.py:137} INFO - [2023-04-07T18:25:17.166+0200] {dagbag.py:532} INFO - Filling up the DagBag from /Users/oanottage/opt/anaconda3/envs/energyvenv/lib/python3.9/site-packages/airflow/example_dags/example_branch_day_of_week_operator.py
[2023-04-07T18:25:17.210+0200] {processor.py:753} INFO - DAG(s) dict_keys(['example_weekday_branch_operator']) retrieved from /Users/oanottage/opt/anaconda3/envs/energyvenv/lib/python3.9/site-packages/airflow/example_dags/example_branch_day_of_week_operator.py
[2023-04-07T18:25:17.829+0200] {logging_mixin.py:137} INFO - [2023-04-07T18:25:17.828+0200] {dag.py:2705} INFO - Sync 1 DAGs
[2023-04-07T18:25:17.841+0200] {logging_mixin.py:137} INFO - [2023-04-07T18:25:17.841+0200] {dag.py:3452} INFO - Setting next_dagrun for example_weekday_branch_operator to 2023-04-06T00:00:00+00:00, run_after=2023-04-07T00:00:00+00:00
[2023-04-07T18:25:17.854+0200] {processor.py:175} INFO - Processing /Users/oanottage/opt/anaconda3/envs/energyvenv/lib/python3.9/site-packages/airflow/example_dags/example_branch_day_of_week_operator.py took 0.693 seconds
[2023-04-07T18:31:32.335+0200] {processor.py:153} INFO - Started process (PID=20873) to work on /Users/oanottage/opt/anaconda3/envs/energyvenv/lib/python3.9/site-packages/airflow/example_dags/example_branch_day_of_week_operator.py
[2023-04-07T18:31:32.340+0200] {processor.py:743} INFO - Processing file /Users/oanottage/opt/anaconda3/envs/energyvenv/lib/python3.9/site-packages/airflow/example_dags/example_branch_day_of_week_operator.py for tasks to queue
[2023-04-07T18:31:32.341+0200] {logging_mixin.py:137} INFO - [2023-04-07T18:31:32.341+0200] {dagbag.py:532} INFO - Filling up the DagBag from /Users/oanottage/opt/anaconda3/envs/energyvenv/lib/python3.9/site-packages/airflow/example_dags/example_branch_day_of_week_operator.py
[2023-04-07T18:31:32.389+0200] {processor.py:753} INFO - DAG(s) dict_keys(['example_weekday_branch_operator']) retrieved from /Users/oanottage/opt/anaconda3/envs/energyvenv/lib/python3.9/site-packages/airflow/example_dags/example_branch_day_of_week_operator.py
[2023-04-07T18:31:33.123+0200] {logging_mixin.py:137} INFO - [2023-04-07T18:31:33.123+0200] {dag.py:2705} INFO - Sync 1 DAGs
[2023-04-07T18:31:33.140+0200] {logging_mixin.py:137} INFO - [2023-04-07T18:31:33.140+0200] {dag.py:3452} INFO - Setting next_dagrun for example_weekday_branch_operator to 2023-04-06T00:00:00+00:00, run_after=2023-04-07T00:00:00+00:00
[2023-04-07T18:31:33.156+0200] {processor.py:175} INFO - Processing /Users/oanottage/opt/anaconda3/envs/energyvenv/lib/python3.9/site-packages/airflow/example_dags/example_branch_day_of_week_operator.py took 0.821 seconds
[2023-04-07T18:43:35.314+0200] {processor.py:153} INFO - Started process (PID=21494) to work on /Users/oanottage/opt/anaconda3/envs/energyvenv/lib/python3.9/site-packages/airflow/example_dags/example_branch_day_of_week_operator.py
[2023-04-07T18:43:35.318+0200] {processor.py:743} INFO - Processing file /Users/oanottage/opt/anaconda3/envs/energyvenv/lib/python3.9/site-packages/airflow/example_dags/example_branch_day_of_week_operator.py for tasks to queue
[2023-04-07T18:43:35.318+0200] {logging_mixin.py:137} INFO - [2023-04-07T18:43:35.318+0200] {dagbag.py:532} INFO - Filling up the DagBag from /Users/oanottage/opt/anaconda3/envs/energyvenv/lib/python3.9/site-packages/airflow/example_dags/example_branch_day_of_week_operator.py
[2023-04-07T18:43:35.357+0200] {processor.py:753} INFO - DAG(s) dict_keys(['example_weekday_branch_operator']) retrieved from /Users/oanottage/opt/anaconda3/envs/energyvenv/lib/python3.9/site-packages/airflow/example_dags/example_branch_day_of_week_operator.py
[2023-04-07T18:43:35.978+0200] {logging_mixin.py:137} INFO - [2023-04-07T18:43:35.978+0200] {dag.py:2705} INFO - Sync 1 DAGs
[2023-04-07T18:43:35.990+0200] {logging_mixin.py:137} INFO - [2023-04-07T18:43:35.990+0200] {dag.py:3452} INFO - Setting next_dagrun for example_weekday_branch_operator to 2023-04-06T00:00:00+00:00, run_after=2023-04-07T00:00:00+00:00
[2023-04-07T18:43:36.003+0200] {processor.py:175} INFO - Processing /Users/oanottage/opt/anaconda3/envs/energyvenv/lib/python3.9/site-packages/airflow/example_dags/example_branch_day_of_week_operator.py took 0.690 seconds
[2023-04-07T18:46:28.569+0200] {processor.py:153} INFO - Started process (PID=21716) to work on /Users/oanottage/opt/anaconda3/envs/energyvenv/lib/python3.9/site-packages/airflow/example_dags/example_branch_day_of_week_operator.py
[2023-04-07T18:46:28.573+0200] {processor.py:743} INFO - Processing file /Users/oanottage/opt/anaconda3/envs/energyvenv/lib/python3.9/site-packages/airflow/example_dags/example_branch_day_of_week_operator.py for tasks to queue
[2023-04-07T18:46:28.574+0200] {logging_mixin.py:137} INFO - [2023-04-07T18:46:28.573+0200] {dagbag.py:532} INFO - Filling up the DagBag from /Users/oanottage/opt/anaconda3/envs/energyvenv/lib/python3.9/site-packages/airflow/example_dags/example_branch_day_of_week_operator.py
[2023-04-07T18:46:28.623+0200] {processor.py:753} INFO - DAG(s) dict_keys(['example_weekday_branch_operator']) retrieved from /Users/oanottage/opt/anaconda3/envs/energyvenv/lib/python3.9/site-packages/airflow/example_dags/example_branch_day_of_week_operator.py
[2023-04-07T18:46:29.355+0200] {logging_mixin.py:137} INFO - [2023-04-07T18:46:29.355+0200] {dag.py:2705} INFO - Sync 1 DAGs
[2023-04-07T18:46:29.368+0200] {logging_mixin.py:137} INFO - [2023-04-07T18:46:29.368+0200] {dag.py:3452} INFO - Setting next_dagrun for example_weekday_branch_operator to 2023-04-06T00:00:00+00:00, run_after=2023-04-07T00:00:00+00:00
[2023-04-07T18:46:29.380+0200] {processor.py:175} INFO - Processing /Users/oanottage/opt/anaconda3/envs/energyvenv/lib/python3.9/site-packages/airflow/example_dags/example_branch_day_of_week_operator.py took 0.812 seconds
