[2023-04-07T17:55:19.761+0200] {processor.py:153} INFO - Started process (PID=17918) to work on /Users/oanottage/opt/anaconda3/envs/energyvenv/lib/python3.9/site-packages/airflow/example_dags/example_dynamic_task_mapping.py
[2023-04-07T17:55:19.764+0200] {processor.py:743} INFO - Processing file /Users/oanottage/opt/anaconda3/envs/energyvenv/lib/python3.9/site-packages/airflow/example_dags/example_dynamic_task_mapping.py for tasks to queue
[2023-04-07T17:55:19.764+0200] {logging_mixin.py:137} INFO - [2023-04-07T17:55:19.764+0200] {dagbag.py:532} INFO - Filling up the DagBag from /Users/oanottage/opt/anaconda3/envs/energyvenv/lib/python3.9/site-packages/airflow/example_dags/example_dynamic_task_mapping.py
[2023-04-07T17:55:19.817+0200] {processor.py:753} INFO - DAG(s) dict_keys(['example_dynamic_task_mapping']) retrieved from /Users/oanottage/opt/anaconda3/envs/energyvenv/lib/python3.9/site-packages/airflow/example_dags/example_dynamic_task_mapping.py
[2023-04-07T17:55:20.447+0200] {logging_mixin.py:137} INFO - [2023-04-07T17:55:20.447+0200] {dag.py:2705} INFO - Sync 1 DAGs
[2023-04-07T17:55:20.458+0200] {logging_mixin.py:137} INFO - [2023-04-07T17:55:20.458+0200] {dag.py:3452} INFO - Setting next_dagrun for example_dynamic_task_mapping to 2022-03-04T00:00:00+00:00, run_after=2022-03-05T00:00:00+00:00
[2023-04-07T17:55:20.472+0200] {processor.py:175} INFO - Processing /Users/oanottage/opt/anaconda3/envs/energyvenv/lib/python3.9/site-packages/airflow/example_dags/example_dynamic_task_mapping.py took 0.712 seconds
[2023-04-07T17:57:29.986+0200] {processor.py:153} INFO - Started process (PID=18082) to work on /Users/oanottage/opt/anaconda3/envs/energyvenv/lib/python3.9/site-packages/airflow/example_dags/example_dynamic_task_mapping.py
[2023-04-07T17:57:29.989+0200] {processor.py:743} INFO - Processing file /Users/oanottage/opt/anaconda3/envs/energyvenv/lib/python3.9/site-packages/airflow/example_dags/example_dynamic_task_mapping.py for tasks to queue
[2023-04-07T17:57:29.990+0200] {logging_mixin.py:137} INFO - [2023-04-07T17:57:29.990+0200] {dagbag.py:532} INFO - Filling up the DagBag from /Users/oanottage/opt/anaconda3/envs/energyvenv/lib/python3.9/site-packages/airflow/example_dags/example_dynamic_task_mapping.py
[2023-04-07T17:57:30.046+0200] {processor.py:753} INFO - DAG(s) dict_keys(['example_dynamic_task_mapping']) retrieved from /Users/oanottage/opt/anaconda3/envs/energyvenv/lib/python3.9/site-packages/airflow/example_dags/example_dynamic_task_mapping.py
[2023-04-07T17:57:30.720+0200] {logging_mixin.py:137} INFO - [2023-04-07T17:57:30.719+0200] {dag.py:2705} INFO - Sync 1 DAGs
[2023-04-07T17:57:30.730+0200] {logging_mixin.py:137} INFO - [2023-04-07T17:57:30.730+0200] {dag.py:3452} INFO - Setting next_dagrun for example_dynamic_task_mapping to 2022-03-04T00:00:00+00:00, run_after=2022-03-05T00:00:00+00:00
[2023-04-07T17:57:30.743+0200] {processor.py:175} INFO - Processing /Users/oanottage/opt/anaconda3/envs/energyvenv/lib/python3.9/site-packages/airflow/example_dags/example_dynamic_task_mapping.py took 0.757 seconds
[2023-04-07T18:00:09.142+0200] {processor.py:153} INFO - Started process (PID=18265) to work on /Users/oanottage/opt/anaconda3/envs/energyvenv/lib/python3.9/site-packages/airflow/example_dags/example_dynamic_task_mapping.py
[2023-04-07T18:00:09.145+0200] {processor.py:743} INFO - Processing file /Users/oanottage/opt/anaconda3/envs/energyvenv/lib/python3.9/site-packages/airflow/example_dags/example_dynamic_task_mapping.py for tasks to queue
[2023-04-07T18:00:09.145+0200] {logging_mixin.py:137} INFO - [2023-04-07T18:00:09.145+0200] {dagbag.py:532} INFO - Filling up the DagBag from /Users/oanottage/opt/anaconda3/envs/energyvenv/lib/python3.9/site-packages/airflow/example_dags/example_dynamic_task_mapping.py
[2023-04-07T18:00:09.196+0200] {processor.py:753} INFO - DAG(s) dict_keys(['example_dynamic_task_mapping']) retrieved from /Users/oanottage/opt/anaconda3/envs/energyvenv/lib/python3.9/site-packages/airflow/example_dags/example_dynamic_task_mapping.py
[2023-04-07T18:00:09.847+0200] {logging_mixin.py:137} INFO - [2023-04-07T18:00:09.847+0200] {dag.py:2705} INFO - Sync 1 DAGs
[2023-04-07T18:00:09.860+0200] {logging_mixin.py:137} INFO - [2023-04-07T18:00:09.860+0200] {dag.py:3452} INFO - Setting next_dagrun for example_dynamic_task_mapping to 2022-03-04T00:00:00+00:00, run_after=2022-03-05T00:00:00+00:00
[2023-04-07T18:00:09.874+0200] {processor.py:175} INFO - Processing /Users/oanottage/opt/anaconda3/envs/energyvenv/lib/python3.9/site-packages/airflow/example_dags/example_dynamic_task_mapping.py took 0.732 seconds
[2023-04-07T18:02:51.008+0200] {processor.py:153} INFO - Started process (PID=18457) to work on /Users/oanottage/opt/anaconda3/envs/energyvenv/lib/python3.9/site-packages/airflow/example_dags/example_dynamic_task_mapping.py
[2023-04-07T18:02:51.011+0200] {processor.py:743} INFO - Processing file /Users/oanottage/opt/anaconda3/envs/energyvenv/lib/python3.9/site-packages/airflow/example_dags/example_dynamic_task_mapping.py for tasks to queue
[2023-04-07T18:02:51.012+0200] {logging_mixin.py:137} INFO - [2023-04-07T18:02:51.011+0200] {dagbag.py:532} INFO - Filling up the DagBag from /Users/oanottage/opt/anaconda3/envs/energyvenv/lib/python3.9/site-packages/airflow/example_dags/example_dynamic_task_mapping.py
[2023-04-07T18:02:51.063+0200] {processor.py:753} INFO - DAG(s) dict_keys(['example_dynamic_task_mapping']) retrieved from /Users/oanottage/opt/anaconda3/envs/energyvenv/lib/python3.9/site-packages/airflow/example_dags/example_dynamic_task_mapping.py
[2023-04-07T18:02:51.693+0200] {logging_mixin.py:137} INFO - [2023-04-07T18:02:51.692+0200] {dag.py:2705} INFO - Sync 1 DAGs
[2023-04-07T18:02:51.706+0200] {logging_mixin.py:137} INFO - [2023-04-07T18:02:51.705+0200] {dag.py:3452} INFO - Setting next_dagrun for example_dynamic_task_mapping to 2022-03-04T00:00:00+00:00, run_after=2022-03-05T00:00:00+00:00
[2023-04-07T18:02:51.719+0200] {processor.py:175} INFO - Processing /Users/oanottage/opt/anaconda3/envs/energyvenv/lib/python3.9/site-packages/airflow/example_dags/example_dynamic_task_mapping.py took 0.712 seconds
[2023-04-07T18:05:32.068+0200] {processor.py:153} INFO - Started process (PID=18674) to work on /Users/oanottage/opt/anaconda3/envs/energyvenv/lib/python3.9/site-packages/airflow/example_dags/example_dynamic_task_mapping.py
[2023-04-07T18:05:32.071+0200] {processor.py:743} INFO - Processing file /Users/oanottage/opt/anaconda3/envs/energyvenv/lib/python3.9/site-packages/airflow/example_dags/example_dynamic_task_mapping.py for tasks to queue
[2023-04-07T18:05:32.071+0200] {logging_mixin.py:137} INFO - [2023-04-07T18:05:32.071+0200] {dagbag.py:532} INFO - Filling up the DagBag from /Users/oanottage/opt/anaconda3/envs/energyvenv/lib/python3.9/site-packages/airflow/example_dags/example_dynamic_task_mapping.py
[2023-04-07T18:05:32.126+0200] {processor.py:753} INFO - DAG(s) dict_keys(['example_dynamic_task_mapping']) retrieved from /Users/oanottage/opt/anaconda3/envs/energyvenv/lib/python3.9/site-packages/airflow/example_dags/example_dynamic_task_mapping.py
[2023-04-07T18:05:32.802+0200] {logging_mixin.py:137} INFO - [2023-04-07T18:05:32.802+0200] {dag.py:2705} INFO - Sync 1 DAGs
[2023-04-07T18:05:32.814+0200] {logging_mixin.py:137} INFO - [2023-04-07T18:05:32.814+0200] {dag.py:3452} INFO - Setting next_dagrun for example_dynamic_task_mapping to 2022-03-04T00:00:00+00:00, run_after=2022-03-05T00:00:00+00:00
[2023-04-07T18:05:32.827+0200] {processor.py:175} INFO - Processing /Users/oanottage/opt/anaconda3/envs/energyvenv/lib/python3.9/site-packages/airflow/example_dags/example_dynamic_task_mapping.py took 0.760 seconds
[2023-04-07T18:09:01.222+0200] {processor.py:153} INFO - Started process (PID=18977) to work on /Users/oanottage/opt/anaconda3/envs/energyvenv/lib/python3.9/site-packages/airflow/example_dags/example_dynamic_task_mapping.py
[2023-04-07T18:09:01.226+0200] {processor.py:743} INFO - Processing file /Users/oanottage/opt/anaconda3/envs/energyvenv/lib/python3.9/site-packages/airflow/example_dags/example_dynamic_task_mapping.py for tasks to queue
[2023-04-07T18:09:01.227+0200] {logging_mixin.py:137} INFO - [2023-04-07T18:09:01.227+0200] {dagbag.py:532} INFO - Filling up the DagBag from /Users/oanottage/opt/anaconda3/envs/energyvenv/lib/python3.9/site-packages/airflow/example_dags/example_dynamic_task_mapping.py
[2023-04-07T18:09:01.307+0200] {processor.py:753} INFO - DAG(s) dict_keys(['example_dynamic_task_mapping']) retrieved from /Users/oanottage/opt/anaconda3/envs/energyvenv/lib/python3.9/site-packages/airflow/example_dags/example_dynamic_task_mapping.py
[2023-04-07T18:09:02.211+0200] {logging_mixin.py:137} INFO - [2023-04-07T18:09:02.211+0200] {dag.py:2705} INFO - Sync 1 DAGs
[2023-04-07T18:09:02.225+0200] {logging_mixin.py:137} INFO - [2023-04-07T18:09:02.225+0200] {dag.py:3452} INFO - Setting next_dagrun for example_dynamic_task_mapping to 2022-03-04T00:00:00+00:00, run_after=2022-03-05T00:00:00+00:00
[2023-04-07T18:09:02.240+0200] {processor.py:175} INFO - Processing /Users/oanottage/opt/anaconda3/envs/energyvenv/lib/python3.9/site-packages/airflow/example_dags/example_dynamic_task_mapping.py took 1.019 seconds
[2023-04-07T18:11:43.785+0200] {processor.py:153} INFO - Started process (PID=19239) to work on /Users/oanottage/opt/anaconda3/envs/energyvenv/lib/python3.9/site-packages/airflow/example_dags/example_dynamic_task_mapping.py
[2023-04-07T18:11:43.788+0200] {processor.py:743} INFO - Processing file /Users/oanottage/opt/anaconda3/envs/energyvenv/lib/python3.9/site-packages/airflow/example_dags/example_dynamic_task_mapping.py for tasks to queue
[2023-04-07T18:11:43.789+0200] {logging_mixin.py:137} INFO - [2023-04-07T18:11:43.789+0200] {dagbag.py:532} INFO - Filling up the DagBag from /Users/oanottage/opt/anaconda3/envs/energyvenv/lib/python3.9/site-packages/airflow/example_dags/example_dynamic_task_mapping.py
[2023-04-07T18:11:43.851+0200] {processor.py:753} INFO - DAG(s) dict_keys(['example_dynamic_task_mapping']) retrieved from /Users/oanottage/opt/anaconda3/envs/energyvenv/lib/python3.9/site-packages/airflow/example_dags/example_dynamic_task_mapping.py
[2023-04-07T18:11:44.521+0200] {logging_mixin.py:137} INFO - [2023-04-07T18:11:44.521+0200] {dag.py:2705} INFO - Sync 1 DAGs
[2023-04-07T18:11:44.532+0200] {logging_mixin.py:137} INFO - [2023-04-07T18:11:44.532+0200] {dag.py:3452} INFO - Setting next_dagrun for example_dynamic_task_mapping to 2022-03-04T00:00:00+00:00, run_after=2022-03-05T00:00:00+00:00
[2023-04-07T18:11:44.544+0200] {processor.py:175} INFO - Processing /Users/oanottage/opt/anaconda3/envs/energyvenv/lib/python3.9/site-packages/airflow/example_dags/example_dynamic_task_mapping.py took 0.760 seconds
[2023-04-07T18:14:13.449+0200] {processor.py:153} INFO - Started process (PID=19438) to work on /Users/oanottage/opt/anaconda3/envs/energyvenv/lib/python3.9/site-packages/airflow/example_dags/example_dynamic_task_mapping.py
[2023-04-07T18:14:13.453+0200] {processor.py:743} INFO - Processing file /Users/oanottage/opt/anaconda3/envs/energyvenv/lib/python3.9/site-packages/airflow/example_dags/example_dynamic_task_mapping.py for tasks to queue
[2023-04-07T18:14:13.454+0200] {logging_mixin.py:137} INFO - [2023-04-07T18:14:13.454+0200] {dagbag.py:532} INFO - Filling up the DagBag from /Users/oanottage/opt/anaconda3/envs/energyvenv/lib/python3.9/site-packages/airflow/example_dags/example_dynamic_task_mapping.py
[2023-04-07T18:14:13.506+0200] {processor.py:753} INFO - DAG(s) dict_keys(['example_dynamic_task_mapping']) retrieved from /Users/oanottage/opt/anaconda3/envs/energyvenv/lib/python3.9/site-packages/airflow/example_dags/example_dynamic_task_mapping.py
[2023-04-07T18:14:14.160+0200] {logging_mixin.py:137} INFO - [2023-04-07T18:14:14.160+0200] {dag.py:2705} INFO - Sync 1 DAGs
[2023-04-07T18:14:14.173+0200] {logging_mixin.py:137} INFO - [2023-04-07T18:14:14.173+0200] {dag.py:3452} INFO - Setting next_dagrun for example_dynamic_task_mapping to 2022-03-04T00:00:00+00:00, run_after=2022-03-05T00:00:00+00:00
[2023-04-07T18:14:14.187+0200] {processor.py:175} INFO - Processing /Users/oanottage/opt/anaconda3/envs/energyvenv/lib/python3.9/site-packages/airflow/example_dags/example_dynamic_task_mapping.py took 0.738 seconds
[2023-04-07T18:16:41.153+0200] {processor.py:153} INFO - Started process (PID=19639) to work on /Users/oanottage/opt/anaconda3/envs/energyvenv/lib/python3.9/site-packages/airflow/example_dags/example_dynamic_task_mapping.py
[2023-04-07T18:16:41.157+0200] {processor.py:743} INFO - Processing file /Users/oanottage/opt/anaconda3/envs/energyvenv/lib/python3.9/site-packages/airflow/example_dags/example_dynamic_task_mapping.py for tasks to queue
[2023-04-07T18:16:41.157+0200] {logging_mixin.py:137} INFO - [2023-04-07T18:16:41.157+0200] {dagbag.py:532} INFO - Filling up the DagBag from /Users/oanottage/opt/anaconda3/envs/energyvenv/lib/python3.9/site-packages/airflow/example_dags/example_dynamic_task_mapping.py
[2023-04-07T18:16:41.209+0200] {processor.py:753} INFO - DAG(s) dict_keys(['example_dynamic_task_mapping']) retrieved from /Users/oanottage/opt/anaconda3/envs/energyvenv/lib/python3.9/site-packages/airflow/example_dags/example_dynamic_task_mapping.py
[2023-04-07T18:16:41.909+0200] {logging_mixin.py:137} INFO - [2023-04-07T18:16:41.909+0200] {dag.py:2705} INFO - Sync 1 DAGs
[2023-04-07T18:16:41.924+0200] {logging_mixin.py:137} INFO - [2023-04-07T18:16:41.924+0200] {dag.py:3452} INFO - Setting next_dagrun for example_dynamic_task_mapping to 2022-03-04T00:00:00+00:00, run_after=2022-03-05T00:00:00+00:00
[2023-04-07T18:16:41.938+0200] {processor.py:175} INFO - Processing /Users/oanottage/opt/anaconda3/envs/energyvenv/lib/python3.9/site-packages/airflow/example_dags/example_dynamic_task_mapping.py took 0.785 seconds
[2023-04-07T18:19:23.859+0200] {processor.py:153} INFO - Started process (PID=19832) to work on /Users/oanottage/opt/anaconda3/envs/energyvenv/lib/python3.9/site-packages/airflow/example_dags/example_dynamic_task_mapping.py
[2023-04-07T18:19:23.862+0200] {processor.py:743} INFO - Processing file /Users/oanottage/opt/anaconda3/envs/energyvenv/lib/python3.9/site-packages/airflow/example_dags/example_dynamic_task_mapping.py for tasks to queue
[2023-04-07T18:19:23.862+0200] {logging_mixin.py:137} INFO - [2023-04-07T18:19:23.862+0200] {dagbag.py:532} INFO - Filling up the DagBag from /Users/oanottage/opt/anaconda3/envs/energyvenv/lib/python3.9/site-packages/airflow/example_dags/example_dynamic_task_mapping.py
[2023-04-07T18:19:23.917+0200] {processor.py:753} INFO - DAG(s) dict_keys(['example_dynamic_task_mapping']) retrieved from /Users/oanottage/opt/anaconda3/envs/energyvenv/lib/python3.9/site-packages/airflow/example_dags/example_dynamic_task_mapping.py
[2023-04-07T18:19:24.530+0200] {logging_mixin.py:137} INFO - [2023-04-07T18:19:24.530+0200] {dag.py:2705} INFO - Sync 1 DAGs
[2023-04-07T18:19:24.541+0200] {logging_mixin.py:137} INFO - [2023-04-07T18:19:24.541+0200] {dag.py:3452} INFO - Setting next_dagrun for example_dynamic_task_mapping to 2022-03-04T00:00:00+00:00, run_after=2022-03-05T00:00:00+00:00
[2023-04-07T18:19:24.554+0200] {processor.py:175} INFO - Processing /Users/oanottage/opt/anaconda3/envs/energyvenv/lib/python3.9/site-packages/airflow/example_dags/example_dynamic_task_mapping.py took 0.696 seconds
[2023-04-07T18:22:10.288+0200] {processor.py:153} INFO - Started process (PID=20086) to work on /Users/oanottage/opt/anaconda3/envs/energyvenv/lib/python3.9/site-packages/airflow/example_dags/example_dynamic_task_mapping.py
[2023-04-07T18:22:10.291+0200] {processor.py:743} INFO - Processing file /Users/oanottage/opt/anaconda3/envs/energyvenv/lib/python3.9/site-packages/airflow/example_dags/example_dynamic_task_mapping.py for tasks to queue
[2023-04-07T18:22:10.292+0200] {logging_mixin.py:137} INFO - [2023-04-07T18:22:10.292+0200] {dagbag.py:532} INFO - Filling up the DagBag from /Users/oanottage/opt/anaconda3/envs/energyvenv/lib/python3.9/site-packages/airflow/example_dags/example_dynamic_task_mapping.py
[2023-04-07T18:22:10.347+0200] {processor.py:753} INFO - DAG(s) dict_keys(['example_dynamic_task_mapping']) retrieved from /Users/oanottage/opt/anaconda3/envs/energyvenv/lib/python3.9/site-packages/airflow/example_dags/example_dynamic_task_mapping.py
[2023-04-07T18:22:11.043+0200] {logging_mixin.py:137} INFO - [2023-04-07T18:22:11.043+0200] {dag.py:2705} INFO - Sync 1 DAGs
[2023-04-07T18:22:11.057+0200] {logging_mixin.py:137} INFO - [2023-04-07T18:22:11.056+0200] {dag.py:3452} INFO - Setting next_dagrun for example_dynamic_task_mapping to 2022-03-04T00:00:00+00:00, run_after=2022-03-05T00:00:00+00:00
[2023-04-07T18:22:11.070+0200] {processor.py:175} INFO - Processing /Users/oanottage/opt/anaconda3/envs/energyvenv/lib/python3.9/site-packages/airflow/example_dags/example_dynamic_task_mapping.py took 0.783 seconds
[2023-04-07T18:24:54.585+0200] {processor.py:153} INFO - Started process (PID=20273) to work on /Users/oanottage/opt/anaconda3/envs/energyvenv/lib/python3.9/site-packages/airflow/example_dags/example_dynamic_task_mapping.py
[2023-04-07T18:24:54.589+0200] {processor.py:743} INFO - Processing file /Users/oanottage/opt/anaconda3/envs/energyvenv/lib/python3.9/site-packages/airflow/example_dags/example_dynamic_task_mapping.py for tasks to queue
[2023-04-07T18:24:54.589+0200] {logging_mixin.py:137} INFO - [2023-04-07T18:24:54.589+0200] {dagbag.py:532} INFO - Filling up the DagBag from /Users/oanottage/opt/anaconda3/envs/energyvenv/lib/python3.9/site-packages/airflow/example_dags/example_dynamic_task_mapping.py
[2023-04-07T18:24:54.653+0200] {processor.py:753} INFO - DAG(s) dict_keys(['example_dynamic_task_mapping']) retrieved from /Users/oanottage/opt/anaconda3/envs/energyvenv/lib/python3.9/site-packages/airflow/example_dags/example_dynamic_task_mapping.py
[2023-04-07T18:24:55.381+0200] {logging_mixin.py:137} INFO - [2023-04-07T18:24:55.381+0200] {dag.py:2705} INFO - Sync 1 DAGs
[2023-04-07T18:24:55.394+0200] {logging_mixin.py:137} INFO - [2023-04-07T18:24:55.394+0200] {dag.py:3452} INFO - Setting next_dagrun for example_dynamic_task_mapping to 2022-03-04T00:00:00+00:00, run_after=2022-03-05T00:00:00+00:00
[2023-04-07T18:24:55.408+0200] {processor.py:175} INFO - Processing /Users/oanottage/opt/anaconda3/envs/energyvenv/lib/python3.9/site-packages/airflow/example_dags/example_dynamic_task_mapping.py took 0.824 seconds
[2023-04-07T18:27:31.032+0200] {processor.py:153} INFO - Started process (PID=20456) to work on /Users/oanottage/opt/anaconda3/envs/energyvenv/lib/python3.9/site-packages/airflow/example_dags/example_dynamic_task_mapping.py
[2023-04-07T18:27:31.036+0200] {processor.py:743} INFO - Processing file /Users/oanottage/opt/anaconda3/envs/energyvenv/lib/python3.9/site-packages/airflow/example_dags/example_dynamic_task_mapping.py for tasks to queue
[2023-04-07T18:27:31.037+0200] {logging_mixin.py:137} INFO - [2023-04-07T18:27:31.037+0200] {dagbag.py:532} INFO - Filling up the DagBag from /Users/oanottage/opt/anaconda3/envs/energyvenv/lib/python3.9/site-packages/airflow/example_dags/example_dynamic_task_mapping.py
[2023-04-07T18:27:31.094+0200] {processor.py:753} INFO - DAG(s) dict_keys(['example_dynamic_task_mapping']) retrieved from /Users/oanottage/opt/anaconda3/envs/energyvenv/lib/python3.9/site-packages/airflow/example_dags/example_dynamic_task_mapping.py
[2023-04-07T18:27:31.719+0200] {logging_mixin.py:137} INFO - [2023-04-07T18:27:31.719+0200] {dag.py:2705} INFO - Sync 1 DAGs
[2023-04-07T18:27:31.730+0200] {logging_mixin.py:137} INFO - [2023-04-07T18:27:31.730+0200] {dag.py:3452} INFO - Setting next_dagrun for example_dynamic_task_mapping to 2022-03-04T00:00:00+00:00, run_after=2022-03-05T00:00:00+00:00
[2023-04-07T18:27:31.742+0200] {processor.py:175} INFO - Processing /Users/oanottage/opt/anaconda3/envs/energyvenv/lib/python3.9/site-packages/airflow/example_dags/example_dynamic_task_mapping.py took 0.711 seconds
[2023-04-07T18:31:10.164+0200] {processor.py:153} INFO - Started process (PID=20839) to work on /Users/oanottage/opt/anaconda3/envs/energyvenv/lib/python3.9/site-packages/airflow/example_dags/example_dynamic_task_mapping.py
[2023-04-07T18:31:10.168+0200] {processor.py:743} INFO - Processing file /Users/oanottage/opt/anaconda3/envs/energyvenv/lib/python3.9/site-packages/airflow/example_dags/example_dynamic_task_mapping.py for tasks to queue
[2023-04-07T18:31:10.169+0200] {logging_mixin.py:137} INFO - [2023-04-07T18:31:10.169+0200] {dagbag.py:532} INFO - Filling up the DagBag from /Users/oanottage/opt/anaconda3/envs/energyvenv/lib/python3.9/site-packages/airflow/example_dags/example_dynamic_task_mapping.py
[2023-04-07T18:31:10.230+0200] {processor.py:753} INFO - DAG(s) dict_keys(['example_dynamic_task_mapping']) retrieved from /Users/oanottage/opt/anaconda3/envs/energyvenv/lib/python3.9/site-packages/airflow/example_dags/example_dynamic_task_mapping.py
[2023-04-07T18:31:10.999+0200] {logging_mixin.py:137} INFO - [2023-04-07T18:31:10.999+0200] {dag.py:2705} INFO - Sync 1 DAGs
[2023-04-07T18:31:11.017+0200] {logging_mixin.py:137} INFO - [2023-04-07T18:31:11.016+0200] {dag.py:3452} INFO - Setting next_dagrun for example_dynamic_task_mapping to 2022-03-04T00:00:00+00:00, run_after=2022-03-05T00:00:00+00:00
[2023-04-07T18:31:11.035+0200] {processor.py:175} INFO - Processing /Users/oanottage/opt/anaconda3/envs/energyvenv/lib/python3.9/site-packages/airflow/example_dags/example_dynamic_task_mapping.py took 0.872 seconds
[2023-04-07T18:43:13.676+0200] {processor.py:153} INFO - Started process (PID=21473) to work on /Users/oanottage/opt/anaconda3/envs/energyvenv/lib/python3.9/site-packages/airflow/example_dags/example_dynamic_task_mapping.py
[2023-04-07T18:43:13.681+0200] {processor.py:743} INFO - Processing file /Users/oanottage/opt/anaconda3/envs/energyvenv/lib/python3.9/site-packages/airflow/example_dags/example_dynamic_task_mapping.py for tasks to queue
[2023-04-07T18:43:13.681+0200] {logging_mixin.py:137} INFO - [2023-04-07T18:43:13.681+0200] {dagbag.py:532} INFO - Filling up the DagBag from /Users/oanottage/opt/anaconda3/envs/energyvenv/lib/python3.9/site-packages/airflow/example_dags/example_dynamic_task_mapping.py
[2023-04-07T18:43:13.754+0200] {processor.py:753} INFO - DAG(s) dict_keys(['example_dynamic_task_mapping']) retrieved from /Users/oanottage/opt/anaconda3/envs/energyvenv/lib/python3.9/site-packages/airflow/example_dags/example_dynamic_task_mapping.py
[2023-04-07T18:43:14.524+0200] {logging_mixin.py:137} INFO - [2023-04-07T18:43:14.523+0200] {dag.py:2705} INFO - Sync 1 DAGs
[2023-04-07T18:43:14.541+0200] {logging_mixin.py:137} INFO - [2023-04-07T18:43:14.541+0200] {dag.py:3452} INFO - Setting next_dagrun for example_dynamic_task_mapping to 2022-03-04T00:00:00+00:00, run_after=2022-03-05T00:00:00+00:00
[2023-04-07T18:43:14.559+0200] {processor.py:175} INFO - Processing /Users/oanottage/opt/anaconda3/envs/energyvenv/lib/python3.9/site-packages/airflow/example_dags/example_dynamic_task_mapping.py took 0.885 seconds
[2023-04-07T18:46:06.706+0200] {processor.py:153} INFO - Started process (PID=21685) to work on /Users/oanottage/opt/anaconda3/envs/energyvenv/lib/python3.9/site-packages/airflow/example_dags/example_dynamic_task_mapping.py
[2023-04-07T18:46:06.712+0200] {processor.py:743} INFO - Processing file /Users/oanottage/opt/anaconda3/envs/energyvenv/lib/python3.9/site-packages/airflow/example_dags/example_dynamic_task_mapping.py for tasks to queue
[2023-04-07T18:46:06.713+0200] {logging_mixin.py:137} INFO - [2023-04-07T18:46:06.712+0200] {dagbag.py:532} INFO - Filling up the DagBag from /Users/oanottage/opt/anaconda3/envs/energyvenv/lib/python3.9/site-packages/airflow/example_dags/example_dynamic_task_mapping.py
[2023-04-07T18:46:06.777+0200] {processor.py:753} INFO - DAG(s) dict_keys(['example_dynamic_task_mapping']) retrieved from /Users/oanottage/opt/anaconda3/envs/energyvenv/lib/python3.9/site-packages/airflow/example_dags/example_dynamic_task_mapping.py
[2023-04-07T18:46:07.474+0200] {logging_mixin.py:137} INFO - [2023-04-07T18:46:07.473+0200] {dag.py:2705} INFO - Sync 1 DAGs
[2023-04-07T18:46:07.486+0200] {logging_mixin.py:137} INFO - [2023-04-07T18:46:07.486+0200] {dag.py:3452} INFO - Setting next_dagrun for example_dynamic_task_mapping to 2022-03-04T00:00:00+00:00, run_after=2022-03-05T00:00:00+00:00
[2023-04-07T18:46:07.499+0200] {processor.py:175} INFO - Processing /Users/oanottage/opt/anaconda3/envs/energyvenv/lib/python3.9/site-packages/airflow/example_dags/example_dynamic_task_mapping.py took 0.794 seconds
