[2023-04-07T17:55:46.610+0200] {processor.py:153} INFO - Started process (PID=17946) to work on /Users/oanottage/opt/anaconda3/envs/energyvenv/lib/python3.9/site-packages/airflow/example_dags/example_bash_operator.py
[2023-04-07T17:55:46.613+0200] {processor.py:743} INFO - Processing file /Users/oanottage/opt/anaconda3/envs/energyvenv/lib/python3.9/site-packages/airflow/example_dags/example_bash_operator.py for tasks to queue
[2023-04-07T17:55:46.613+0200] {logging_mixin.py:137} INFO - [2023-04-07T17:55:46.613+0200] {dagbag.py:532} INFO - Filling up the DagBag from /Users/oanottage/opt/anaconda3/envs/energyvenv/lib/python3.9/site-packages/airflow/example_dags/example_bash_operator.py
[2023-04-07T17:55:46.717+0200] {processor.py:753} INFO - DAG(s) dict_keys(['example_bash_operator']) retrieved from /Users/oanottage/opt/anaconda3/envs/energyvenv/lib/python3.9/site-packages/airflow/example_dags/example_bash_operator.py
[2023-04-07T17:55:47.356+0200] {logging_mixin.py:137} INFO - [2023-04-07T17:55:47.356+0200] {dag.py:2705} INFO - Sync 1 DAGs
[2023-04-07T17:55:47.368+0200] {logging_mixin.py:137} INFO - [2023-04-07T17:55:47.368+0200] {dag.py:3452} INFO - Setting next_dagrun for example_bash_operator to 2023-04-06T00:00:00+00:00, run_after=2023-04-07T00:00:00+00:00
[2023-04-07T17:55:47.383+0200] {processor.py:175} INFO - Processing /Users/oanottage/opt/anaconda3/envs/energyvenv/lib/python3.9/site-packages/airflow/example_dags/example_bash_operator.py took 0.774 seconds
[2023-04-07T17:59:00.412+0200] {processor.py:153} INFO - Started process (PID=18182) to work on /Users/oanottage/opt/anaconda3/envs/energyvenv/lib/python3.9/site-packages/airflow/example_dags/example_bash_operator.py
[2023-04-07T17:59:00.415+0200] {processor.py:743} INFO - Processing file /Users/oanottage/opt/anaconda3/envs/energyvenv/lib/python3.9/site-packages/airflow/example_dags/example_bash_operator.py for tasks to queue
[2023-04-07T17:59:00.415+0200] {logging_mixin.py:137} INFO - [2023-04-07T17:59:00.415+0200] {dagbag.py:532} INFO - Filling up the DagBag from /Users/oanottage/opt/anaconda3/envs/energyvenv/lib/python3.9/site-packages/airflow/example_dags/example_bash_operator.py
[2023-04-07T17:59:00.513+0200] {processor.py:753} INFO - DAG(s) dict_keys(['example_bash_operator']) retrieved from /Users/oanottage/opt/anaconda3/envs/energyvenv/lib/python3.9/site-packages/airflow/example_dags/example_bash_operator.py
[2023-04-07T17:59:01.123+0200] {logging_mixin.py:137} INFO - [2023-04-07T17:59:01.123+0200] {dag.py:2705} INFO - Sync 1 DAGs
[2023-04-07T17:59:01.135+0200] {logging_mixin.py:137} INFO - [2023-04-07T17:59:01.135+0200] {dag.py:3452} INFO - Setting next_dagrun for example_bash_operator to 2023-04-07T00:00:00+00:00, run_after=2023-04-08T00:00:00+00:00
[2023-04-07T17:59:01.148+0200] {processor.py:175} INFO - Processing /Users/oanottage/opt/anaconda3/envs/energyvenv/lib/python3.9/site-packages/airflow/example_dags/example_bash_operator.py took 0.737 seconds
[2023-04-07T18:01:41.861+0200] {processor.py:153} INFO - Started process (PID=18377) to work on /Users/oanottage/opt/anaconda3/envs/energyvenv/lib/python3.9/site-packages/airflow/example_dags/example_bash_operator.py
[2023-04-07T18:01:41.865+0200] {processor.py:743} INFO - Processing file /Users/oanottage/opt/anaconda3/envs/energyvenv/lib/python3.9/site-packages/airflow/example_dags/example_bash_operator.py for tasks to queue
[2023-04-07T18:01:41.865+0200] {logging_mixin.py:137} INFO - [2023-04-07T18:01:41.865+0200] {dagbag.py:532} INFO - Filling up the DagBag from /Users/oanottage/opt/anaconda3/envs/energyvenv/lib/python3.9/site-packages/airflow/example_dags/example_bash_operator.py
[2023-04-07T18:01:41.971+0200] {processor.py:753} INFO - DAG(s) dict_keys(['example_bash_operator']) retrieved from /Users/oanottage/opt/anaconda3/envs/energyvenv/lib/python3.9/site-packages/airflow/example_dags/example_bash_operator.py
[2023-04-07T18:01:42.608+0200] {logging_mixin.py:137} INFO - [2023-04-07T18:01:42.608+0200] {dag.py:2705} INFO - Sync 1 DAGs
[2023-04-07T18:01:42.623+0200] {logging_mixin.py:137} INFO - [2023-04-07T18:01:42.623+0200] {dag.py:3452} INFO - Setting next_dagrun for example_bash_operator to 2023-04-07T00:00:00+00:00, run_after=2023-04-08T00:00:00+00:00
[2023-04-07T18:01:42.637+0200] {processor.py:175} INFO - Processing /Users/oanottage/opt/anaconda3/envs/energyvenv/lib/python3.9/site-packages/airflow/example_dags/example_bash_operator.py took 0.776 seconds
[2023-04-07T18:05:58.681+0200] {processor.py:153} INFO - Started process (PID=18702) to work on /Users/oanottage/opt/anaconda3/envs/energyvenv/lib/python3.9/site-packages/airflow/example_dags/example_bash_operator.py
[2023-04-07T18:05:58.685+0200] {processor.py:743} INFO - Processing file /Users/oanottage/opt/anaconda3/envs/energyvenv/lib/python3.9/site-packages/airflow/example_dags/example_bash_operator.py for tasks to queue
[2023-04-07T18:05:58.685+0200] {logging_mixin.py:137} INFO - [2023-04-07T18:05:58.685+0200] {dagbag.py:532} INFO - Filling up the DagBag from /Users/oanottage/opt/anaconda3/envs/energyvenv/lib/python3.9/site-packages/airflow/example_dags/example_bash_operator.py
[2023-04-07T18:05:58.777+0200] {processor.py:753} INFO - DAG(s) dict_keys(['example_bash_operator']) retrieved from /Users/oanottage/opt/anaconda3/envs/energyvenv/lib/python3.9/site-packages/airflow/example_dags/example_bash_operator.py
[2023-04-07T18:05:59.434+0200] {logging_mixin.py:137} INFO - [2023-04-07T18:05:59.434+0200] {dag.py:2705} INFO - Sync 1 DAGs
[2023-04-07T18:05:59.447+0200] {logging_mixin.py:137} INFO - [2023-04-07T18:05:59.447+0200] {dag.py:3452} INFO - Setting next_dagrun for example_bash_operator to 2023-04-07T00:00:00+00:00, run_after=2023-04-08T00:00:00+00:00
[2023-04-07T18:05:59.460+0200] {processor.py:175} INFO - Processing /Users/oanottage/opt/anaconda3/envs/energyvenv/lib/python3.9/site-packages/airflow/example_dags/example_bash_operator.py took 0.779 seconds
[2023-04-07T18:09:28.419+0200] {processor.py:153} INFO - Started process (PID=19049) to work on /Users/oanottage/opt/anaconda3/envs/energyvenv/lib/python3.9/site-packages/airflow/example_dags/example_bash_operator.py
[2023-04-07T18:09:28.422+0200] {processor.py:743} INFO - Processing file /Users/oanottage/opt/anaconda3/envs/energyvenv/lib/python3.9/site-packages/airflow/example_dags/example_bash_operator.py for tasks to queue
[2023-04-07T18:09:28.423+0200] {logging_mixin.py:137} INFO - [2023-04-07T18:09:28.423+0200] {dagbag.py:532} INFO - Filling up the DagBag from /Users/oanottage/opt/anaconda3/envs/energyvenv/lib/python3.9/site-packages/airflow/example_dags/example_bash_operator.py
[2023-04-07T18:09:28.513+0200] {processor.py:753} INFO - DAG(s) dict_keys(['example_bash_operator']) retrieved from /Users/oanottage/opt/anaconda3/envs/energyvenv/lib/python3.9/site-packages/airflow/example_dags/example_bash_operator.py
[2023-04-07T18:09:29.113+0200] {logging_mixin.py:137} INFO - [2023-04-07T18:09:29.113+0200] {dag.py:2705} INFO - Sync 1 DAGs
[2023-04-07T18:09:29.126+0200] {logging_mixin.py:137} INFO - [2023-04-07T18:09:29.126+0200] {dag.py:3452} INFO - Setting next_dagrun for example_bash_operator to 2023-04-07T00:00:00+00:00, run_after=2023-04-08T00:00:00+00:00
[2023-04-07T18:09:29.138+0200] {processor.py:175} INFO - Processing /Users/oanottage/opt/anaconda3/envs/energyvenv/lib/python3.9/site-packages/airflow/example_dags/example_bash_operator.py took 0.720 seconds
[2023-04-07T18:12:10.435+0200] {processor.py:153} INFO - Started process (PID=19265) to work on /Users/oanottage/opt/anaconda3/envs/energyvenv/lib/python3.9/site-packages/airflow/example_dags/example_bash_operator.py
[2023-04-07T18:12:10.439+0200] {processor.py:743} INFO - Processing file /Users/oanottage/opt/anaconda3/envs/energyvenv/lib/python3.9/site-packages/airflow/example_dags/example_bash_operator.py for tasks to queue
[2023-04-07T18:12:10.439+0200] {logging_mixin.py:137} INFO - [2023-04-07T18:12:10.439+0200] {dagbag.py:532} INFO - Filling up the DagBag from /Users/oanottage/opt/anaconda3/envs/energyvenv/lib/python3.9/site-packages/airflow/example_dags/example_bash_operator.py
[2023-04-07T18:12:10.524+0200] {processor.py:753} INFO - DAG(s) dict_keys(['example_bash_operator']) retrieved from /Users/oanottage/opt/anaconda3/envs/energyvenv/lib/python3.9/site-packages/airflow/example_dags/example_bash_operator.py
[2023-04-07T18:12:11.106+0200] {logging_mixin.py:137} INFO - [2023-04-07T18:12:11.106+0200] {dag.py:2705} INFO - Sync 1 DAGs
[2023-04-07T18:12:11.118+0200] {logging_mixin.py:137} INFO - [2023-04-07T18:12:11.118+0200] {dag.py:3452} INFO - Setting next_dagrun for example_bash_operator to 2023-04-07T00:00:00+00:00, run_after=2023-04-08T00:00:00+00:00
[2023-04-07T18:12:11.131+0200] {processor.py:175} INFO - Processing /Users/oanottage/opt/anaconda3/envs/energyvenv/lib/python3.9/site-packages/airflow/example_dags/example_bash_operator.py took 0.697 seconds
[2023-04-07T18:14:40.204+0200] {processor.py:153} INFO - Started process (PID=19464) to work on /Users/oanottage/opt/anaconda3/envs/energyvenv/lib/python3.9/site-packages/airflow/example_dags/example_bash_operator.py
[2023-04-07T18:14:40.211+0200] {processor.py:743} INFO - Processing file /Users/oanottage/opt/anaconda3/envs/energyvenv/lib/python3.9/site-packages/airflow/example_dags/example_bash_operator.py for tasks to queue
[2023-04-07T18:14:40.212+0200] {logging_mixin.py:137} INFO - [2023-04-07T18:14:40.212+0200] {dagbag.py:532} INFO - Filling up the DagBag from /Users/oanottage/opt/anaconda3/envs/energyvenv/lib/python3.9/site-packages/airflow/example_dags/example_bash_operator.py
[2023-04-07T18:14:40.403+0200] {processor.py:753} INFO - DAG(s) dict_keys(['example_bash_operator']) retrieved from /Users/oanottage/opt/anaconda3/envs/energyvenv/lib/python3.9/site-packages/airflow/example_dags/example_bash_operator.py
[2023-04-07T18:14:41.297+0200] {logging_mixin.py:137} INFO - [2023-04-07T18:14:41.297+0200] {dag.py:2705} INFO - Sync 1 DAGs
[2023-04-07T18:14:41.317+0200] {logging_mixin.py:137} INFO - [2023-04-07T18:14:41.317+0200] {dag.py:3452} INFO - Setting next_dagrun for example_bash_operator to 2023-04-07T00:00:00+00:00, run_after=2023-04-08T00:00:00+00:00
[2023-04-07T18:14:41.334+0200] {processor.py:175} INFO - Processing /Users/oanottage/opt/anaconda3/envs/energyvenv/lib/python3.9/site-packages/airflow/example_dags/example_bash_operator.py took 1.132 seconds
[2023-04-07T18:17:08.652+0200] {processor.py:153} INFO - Started process (PID=19680) to work on /Users/oanottage/opt/anaconda3/envs/energyvenv/lib/python3.9/site-packages/airflow/example_dags/example_bash_operator.py
[2023-04-07T18:17:08.656+0200] {processor.py:743} INFO - Processing file /Users/oanottage/opt/anaconda3/envs/energyvenv/lib/python3.9/site-packages/airflow/example_dags/example_bash_operator.py for tasks to queue
[2023-04-07T18:17:08.656+0200] {logging_mixin.py:137} INFO - [2023-04-07T18:17:08.656+0200] {dagbag.py:532} INFO - Filling up the DagBag from /Users/oanottage/opt/anaconda3/envs/energyvenv/lib/python3.9/site-packages/airflow/example_dags/example_bash_operator.py
[2023-04-07T18:17:08.760+0200] {processor.py:753} INFO - DAG(s) dict_keys(['example_bash_operator']) retrieved from /Users/oanottage/opt/anaconda3/envs/energyvenv/lib/python3.9/site-packages/airflow/example_dags/example_bash_operator.py
[2023-04-07T18:17:09.429+0200] {logging_mixin.py:137} INFO - [2023-04-07T18:17:09.429+0200] {dag.py:2705} INFO - Sync 1 DAGs
[2023-04-07T18:17:09.442+0200] {logging_mixin.py:137} INFO - [2023-04-07T18:17:09.441+0200] {dag.py:3452} INFO - Setting next_dagrun for example_bash_operator to 2023-04-07T00:00:00+00:00, run_after=2023-04-08T00:00:00+00:00
[2023-04-07T18:17:09.454+0200] {processor.py:175} INFO - Processing /Users/oanottage/opt/anaconda3/envs/energyvenv/lib/python3.9/site-packages/airflow/example_dags/example_bash_operator.py took 0.803 seconds
[2023-04-07T18:19:52.350+0200] {processor.py:153} INFO - Started process (PID=19923) to work on /Users/oanottage/opt/anaconda3/envs/energyvenv/lib/python3.9/site-packages/airflow/example_dags/example_bash_operator.py
[2023-04-07T18:19:52.354+0200] {processor.py:743} INFO - Processing file /Users/oanottage/opt/anaconda3/envs/energyvenv/lib/python3.9/site-packages/airflow/example_dags/example_bash_operator.py for tasks to queue
[2023-04-07T18:19:52.354+0200] {logging_mixin.py:137} INFO - [2023-04-07T18:19:52.354+0200] {dagbag.py:532} INFO - Filling up the DagBag from /Users/oanottage/opt/anaconda3/envs/energyvenv/lib/python3.9/site-packages/airflow/example_dags/example_bash_operator.py
[2023-04-07T18:19:52.465+0200] {processor.py:753} INFO - DAG(s) dict_keys(['example_bash_operator']) retrieved from /Users/oanottage/opt/anaconda3/envs/energyvenv/lib/python3.9/site-packages/airflow/example_dags/example_bash_operator.py
[2023-04-07T18:19:53.242+0200] {logging_mixin.py:137} INFO - [2023-04-07T18:19:53.242+0200] {dag.py:2705} INFO - Sync 1 DAGs
[2023-04-07T18:19:53.260+0200] {logging_mixin.py:137} INFO - [2023-04-07T18:19:53.260+0200] {dag.py:3452} INFO - Setting next_dagrun for example_bash_operator to 2023-04-07T00:00:00+00:00, run_after=2023-04-08T00:00:00+00:00
[2023-04-07T18:19:53.281+0200] {processor.py:175} INFO - Processing /Users/oanottage/opt/anaconda3/envs/energyvenv/lib/python3.9/site-packages/airflow/example_dags/example_bash_operator.py took 0.932 seconds
[2023-04-07T18:22:35.036+0200] {processor.py:153} INFO - Started process (PID=20114) to work on /Users/oanottage/opt/anaconda3/envs/energyvenv/lib/python3.9/site-packages/airflow/example_dags/example_bash_operator.py
[2023-04-07T18:22:35.040+0200] {processor.py:743} INFO - Processing file /Users/oanottage/opt/anaconda3/envs/energyvenv/lib/python3.9/site-packages/airflow/example_dags/example_bash_operator.py for tasks to queue
[2023-04-07T18:22:35.040+0200] {logging_mixin.py:137} INFO - [2023-04-07T18:22:35.040+0200] {dagbag.py:532} INFO - Filling up the DagBag from /Users/oanottage/opt/anaconda3/envs/energyvenv/lib/python3.9/site-packages/airflow/example_dags/example_bash_operator.py
[2023-04-07T18:22:35.148+0200] {processor.py:753} INFO - DAG(s) dict_keys(['example_bash_operator']) retrieved from /Users/oanottage/opt/anaconda3/envs/energyvenv/lib/python3.9/site-packages/airflow/example_dags/example_bash_operator.py
[2023-04-07T18:22:35.901+0200] {logging_mixin.py:137} INFO - [2023-04-07T18:22:35.900+0200] {dag.py:2705} INFO - Sync 1 DAGs
[2023-04-07T18:22:35.918+0200] {logging_mixin.py:137} INFO - [2023-04-07T18:22:35.918+0200] {dag.py:3452} INFO - Setting next_dagrun for example_bash_operator to 2023-04-07T00:00:00+00:00, run_after=2023-04-08T00:00:00+00:00
[2023-04-07T18:22:35.932+0200] {processor.py:175} INFO - Processing /Users/oanottage/opt/anaconda3/envs/energyvenv/lib/python3.9/site-packages/airflow/example_dags/example_bash_operator.py took 0.896 seconds
[2023-04-07T18:25:21.669+0200] {processor.py:153} INFO - Started process (PID=20305) to work on /Users/oanottage/opt/anaconda3/envs/energyvenv/lib/python3.9/site-packages/airflow/example_dags/example_bash_operator.py
[2023-04-07T18:25:21.674+0200] {processor.py:743} INFO - Processing file /Users/oanottage/opt/anaconda3/envs/energyvenv/lib/python3.9/site-packages/airflow/example_dags/example_bash_operator.py for tasks to queue
[2023-04-07T18:25:21.674+0200] {logging_mixin.py:137} INFO - [2023-04-07T18:25:21.674+0200] {dagbag.py:532} INFO - Filling up the DagBag from /Users/oanottage/opt/anaconda3/envs/energyvenv/lib/python3.9/site-packages/airflow/example_dags/example_bash_operator.py
[2023-04-07T18:25:21.771+0200] {processor.py:753} INFO - DAG(s) dict_keys(['example_bash_operator']) retrieved from /Users/oanottage/opt/anaconda3/envs/energyvenv/lib/python3.9/site-packages/airflow/example_dags/example_bash_operator.py
[2023-04-07T18:25:22.420+0200] {logging_mixin.py:137} INFO - [2023-04-07T18:25:22.420+0200] {dag.py:2705} INFO - Sync 1 DAGs
[2023-04-07T18:25:22.433+0200] {logging_mixin.py:137} INFO - [2023-04-07T18:25:22.433+0200] {dag.py:3452} INFO - Setting next_dagrun for example_bash_operator to 2023-04-07T00:00:00+00:00, run_after=2023-04-08T00:00:00+00:00
[2023-04-07T18:25:22.445+0200] {processor.py:175} INFO - Processing /Users/oanottage/opt/anaconda3/envs/energyvenv/lib/python3.9/site-packages/airflow/example_dags/example_bash_operator.py took 0.776 seconds
[2023-04-07T18:31:37.871+0200] {processor.py:153} INFO - Started process (PID=20879) to work on /Users/oanottage/opt/anaconda3/envs/energyvenv/lib/python3.9/site-packages/airflow/example_dags/example_bash_operator.py
[2023-04-07T18:31:37.876+0200] {processor.py:743} INFO - Processing file /Users/oanottage/opt/anaconda3/envs/energyvenv/lib/python3.9/site-packages/airflow/example_dags/example_bash_operator.py for tasks to queue
[2023-04-07T18:31:37.876+0200] {logging_mixin.py:137} INFO - [2023-04-07T18:31:37.876+0200] {dagbag.py:532} INFO - Filling up the DagBag from /Users/oanottage/opt/anaconda3/envs/energyvenv/lib/python3.9/site-packages/airflow/example_dags/example_bash_operator.py
[2023-04-07T18:31:37.974+0200] {processor.py:753} INFO - DAG(s) dict_keys(['example_bash_operator']) retrieved from /Users/oanottage/opt/anaconda3/envs/energyvenv/lib/python3.9/site-packages/airflow/example_dags/example_bash_operator.py
[2023-04-07T18:31:38.681+0200] {logging_mixin.py:137} INFO - [2023-04-07T18:31:38.681+0200] {dag.py:2705} INFO - Sync 1 DAGs
[2023-04-07T18:31:38.695+0200] {logging_mixin.py:137} INFO - [2023-04-07T18:31:38.695+0200] {dag.py:3452} INFO - Setting next_dagrun for example_bash_operator to 2023-04-07T00:00:00+00:00, run_after=2023-04-08T00:00:00+00:00
[2023-04-07T18:31:38.708+0200] {processor.py:175} INFO - Processing /Users/oanottage/opt/anaconda3/envs/energyvenv/lib/python3.9/site-packages/airflow/example_dags/example_bash_operator.py took 0.837 seconds
[2023-04-07T18:43:40.683+0200] {processor.py:153} INFO - Started process (PID=21501) to work on /Users/oanottage/opt/anaconda3/envs/energyvenv/lib/python3.9/site-packages/airflow/example_dags/example_bash_operator.py
[2023-04-07T18:43:40.686+0200] {processor.py:743} INFO - Processing file /Users/oanottage/opt/anaconda3/envs/energyvenv/lib/python3.9/site-packages/airflow/example_dags/example_bash_operator.py for tasks to queue
[2023-04-07T18:43:40.687+0200] {logging_mixin.py:137} INFO - [2023-04-07T18:43:40.686+0200] {dagbag.py:532} INFO - Filling up the DagBag from /Users/oanottage/opt/anaconda3/envs/energyvenv/lib/python3.9/site-packages/airflow/example_dags/example_bash_operator.py
[2023-04-07T18:43:40.771+0200] {processor.py:753} INFO - DAG(s) dict_keys(['example_bash_operator']) retrieved from /Users/oanottage/opt/anaconda3/envs/energyvenv/lib/python3.9/site-packages/airflow/example_dags/example_bash_operator.py
[2023-04-07T18:43:41.364+0200] {logging_mixin.py:137} INFO - [2023-04-07T18:43:41.363+0200] {dag.py:2705} INFO - Sync 1 DAGs
[2023-04-07T18:43:41.376+0200] {logging_mixin.py:137} INFO - [2023-04-07T18:43:41.376+0200] {dag.py:3452} INFO - Setting next_dagrun for example_bash_operator to 2023-04-07T00:00:00+00:00, run_after=2023-04-08T00:00:00+00:00
[2023-04-07T18:43:41.393+0200] {processor.py:175} INFO - Processing /Users/oanottage/opt/anaconda3/envs/energyvenv/lib/python3.9/site-packages/airflow/example_dags/example_bash_operator.py took 0.711 seconds
[2023-04-07T18:46:33.923+0200] {processor.py:153} INFO - Started process (PID=21721) to work on /Users/oanottage/opt/anaconda3/envs/energyvenv/lib/python3.9/site-packages/airflow/example_dags/example_bash_operator.py
[2023-04-07T18:46:33.927+0200] {processor.py:743} INFO - Processing file /Users/oanottage/opt/anaconda3/envs/energyvenv/lib/python3.9/site-packages/airflow/example_dags/example_bash_operator.py for tasks to queue
[2023-04-07T18:46:33.927+0200] {logging_mixin.py:137} INFO - [2023-04-07T18:46:33.927+0200] {dagbag.py:532} INFO - Filling up the DagBag from /Users/oanottage/opt/anaconda3/envs/energyvenv/lib/python3.9/site-packages/airflow/example_dags/example_bash_operator.py
[2023-04-07T18:46:34.035+0200] {processor.py:753} INFO - DAG(s) dict_keys(['example_bash_operator']) retrieved from /Users/oanottage/opt/anaconda3/envs/energyvenv/lib/python3.9/site-packages/airflow/example_dags/example_bash_operator.py
[2023-04-07T18:46:34.694+0200] {logging_mixin.py:137} INFO - [2023-04-07T18:46:34.694+0200] {dag.py:2705} INFO - Sync 1 DAGs
[2023-04-07T18:46:34.710+0200] {logging_mixin.py:137} INFO - [2023-04-07T18:46:34.710+0200] {dag.py:3452} INFO - Setting next_dagrun for example_bash_operator to 2023-04-07T00:00:00+00:00, run_after=2023-04-08T00:00:00+00:00
[2023-04-07T18:46:34.724+0200] {processor.py:175} INFO - Processing /Users/oanottage/opt/anaconda3/envs/energyvenv/lib/python3.9/site-packages/airflow/example_dags/example_bash_operator.py took 0.802 seconds
