[2023-04-07T17:54:18.418+0200] {processor.py:153} INFO - Started process (PID=17797) to work on /Users/oanottage/opt/anaconda3/envs/energyvenv/lib/python3.9/site-packages/airflow/example_dags/example_xcomargs.py
[2023-04-07T17:54:18.422+0200] {processor.py:743} INFO - Processing file /Users/oanottage/opt/anaconda3/envs/energyvenv/lib/python3.9/site-packages/airflow/example_dags/example_xcomargs.py for tasks to queue
[2023-04-07T17:54:18.423+0200] {logging_mixin.py:137} INFO - [2023-04-07T17:54:18.423+0200] {dagbag.py:532} INFO - Filling up the DagBag from /Users/oanottage/opt/anaconda3/envs/energyvenv/lib/python3.9/site-packages/airflow/example_dags/example_xcomargs.py
[2023-04-07T17:54:18.500+0200] {processor.py:753} INFO - DAG(s) dict_keys(['example_xcom_args_with_operators', 'example_xcom_args']) retrieved from /Users/oanottage/opt/anaconda3/envs/energyvenv/lib/python3.9/site-packages/airflow/example_dags/example_xcomargs.py
[2023-04-07T17:54:19.150+0200] {logging_mixin.py:137} INFO - [2023-04-07T17:54:19.150+0200] {dag.py:2705} INFO - Sync 2 DAGs
[2023-04-07T17:54:19.160+0200] {logging_mixin.py:137} INFO - [2023-04-07T17:54:19.160+0200] {dag.py:3452} INFO - Setting next_dagrun for example_xcom_args to None, run_after=None
[2023-04-07T17:54:19.162+0200] {logging_mixin.py:137} INFO - [2023-04-07T17:54:19.162+0200] {dag.py:3452} INFO - Setting next_dagrun for example_xcom_args_with_operators to None, run_after=None
[2023-04-07T17:54:19.176+0200] {processor.py:175} INFO - Processing /Users/oanottage/opt/anaconda3/envs/energyvenv/lib/python3.9/site-packages/airflow/example_dags/example_xcomargs.py took 0.759 seconds
[2023-04-07T17:56:27.165+0200] {processor.py:153} INFO - Started process (PID=18015) to work on /Users/oanottage/opt/anaconda3/envs/energyvenv/lib/python3.9/site-packages/airflow/example_dags/example_xcomargs.py
[2023-04-07T17:56:27.168+0200] {processor.py:743} INFO - Processing file /Users/oanottage/opt/anaconda3/envs/energyvenv/lib/python3.9/site-packages/airflow/example_dags/example_xcomargs.py for tasks to queue
[2023-04-07T17:56:27.168+0200] {logging_mixin.py:137} INFO - [2023-04-07T17:56:27.168+0200] {dagbag.py:532} INFO - Filling up the DagBag from /Users/oanottage/opt/anaconda3/envs/energyvenv/lib/python3.9/site-packages/airflow/example_dags/example_xcomargs.py
[2023-04-07T17:56:27.228+0200] {processor.py:753} INFO - DAG(s) dict_keys(['example_xcom_args', 'example_xcom_args_with_operators']) retrieved from /Users/oanottage/opt/anaconda3/envs/energyvenv/lib/python3.9/site-packages/airflow/example_dags/example_xcomargs.py
[2023-04-07T17:56:27.860+0200] {logging_mixin.py:137} INFO - [2023-04-07T17:56:27.860+0200] {dag.py:2705} INFO - Sync 2 DAGs
[2023-04-07T17:56:27.873+0200] {logging_mixin.py:137} INFO - [2023-04-07T17:56:27.873+0200] {dag.py:3452} INFO - Setting next_dagrun for example_xcom_args to None, run_after=None
[2023-04-07T17:56:27.876+0200] {logging_mixin.py:137} INFO - [2023-04-07T17:56:27.876+0200] {dag.py:3452} INFO - Setting next_dagrun for example_xcom_args_with_operators to None, run_after=None
[2023-04-07T17:56:27.888+0200] {processor.py:175} INFO - Processing /Users/oanottage/opt/anaconda3/envs/energyvenv/lib/python3.9/site-packages/airflow/example_dags/example_xcomargs.py took 0.724 seconds
[2023-04-07T17:58:04.481+0200] {processor.py:153} INFO - Started process (PID=18118) to work on /Users/oanottage/opt/anaconda3/envs/energyvenv/lib/python3.9/site-packages/airflow/example_dags/example_xcomargs.py
[2023-04-07T17:58:04.484+0200] {processor.py:743} INFO - Processing file /Users/oanottage/opt/anaconda3/envs/energyvenv/lib/python3.9/site-packages/airflow/example_dags/example_xcomargs.py for tasks to queue
[2023-04-07T17:58:04.484+0200] {logging_mixin.py:137} INFO - [2023-04-07T17:58:04.484+0200] {dagbag.py:532} INFO - Filling up the DagBag from /Users/oanottage/opt/anaconda3/envs/energyvenv/lib/python3.9/site-packages/airflow/example_dags/example_xcomargs.py
[2023-04-07T17:58:04.542+0200] {processor.py:753} INFO - DAG(s) dict_keys(['example_xcom_args_with_operators', 'example_xcom_args']) retrieved from /Users/oanottage/opt/anaconda3/envs/energyvenv/lib/python3.9/site-packages/airflow/example_dags/example_xcomargs.py
[2023-04-07T17:58:05.175+0200] {logging_mixin.py:137} INFO - [2023-04-07T17:58:05.175+0200] {dag.py:2705} INFO - Sync 2 DAGs
[2023-04-07T17:58:05.189+0200] {logging_mixin.py:137} INFO - [2023-04-07T17:58:05.189+0200] {dag.py:3452} INFO - Setting next_dagrun for example_xcom_args to None, run_after=None
[2023-04-07T17:58:05.191+0200] {logging_mixin.py:137} INFO - [2023-04-07T17:58:05.191+0200] {dag.py:3452} INFO - Setting next_dagrun for example_xcom_args_with_operators to None, run_after=None
[2023-04-07T17:58:05.204+0200] {processor.py:175} INFO - Processing /Users/oanottage/opt/anaconda3/envs/energyvenv/lib/python3.9/site-packages/airflow/example_dags/example_xcomargs.py took 0.724 seconds
[2023-04-07T17:59:24.275+0200] {processor.py:153} INFO - Started process (PID=18216) to work on /Users/oanottage/opt/anaconda3/envs/energyvenv/lib/python3.9/site-packages/airflow/example_dags/example_xcomargs.py
[2023-04-07T17:59:24.278+0200] {processor.py:743} INFO - Processing file /Users/oanottage/opt/anaconda3/envs/energyvenv/lib/python3.9/site-packages/airflow/example_dags/example_xcomargs.py for tasks to queue
[2023-04-07T17:59:24.278+0200] {logging_mixin.py:137} INFO - [2023-04-07T17:59:24.278+0200] {dagbag.py:532} INFO - Filling up the DagBag from /Users/oanottage/opt/anaconda3/envs/energyvenv/lib/python3.9/site-packages/airflow/example_dags/example_xcomargs.py
[2023-04-07T17:59:24.342+0200] {processor.py:753} INFO - DAG(s) dict_keys(['example_xcom_args_with_operators', 'example_xcom_args']) retrieved from /Users/oanottage/opt/anaconda3/envs/energyvenv/lib/python3.9/site-packages/airflow/example_dags/example_xcomargs.py
[2023-04-07T17:59:24.977+0200] {logging_mixin.py:137} INFO - [2023-04-07T17:59:24.977+0200] {dag.py:2705} INFO - Sync 2 DAGs
[2023-04-07T17:59:24.991+0200] {logging_mixin.py:137} INFO - [2023-04-07T17:59:24.991+0200] {dag.py:3452} INFO - Setting next_dagrun for example_xcom_args to None, run_after=None
[2023-04-07T17:59:24.993+0200] {logging_mixin.py:137} INFO - [2023-04-07T17:59:24.993+0200] {dag.py:3452} INFO - Setting next_dagrun for example_xcom_args_with_operators to None, run_after=None
[2023-04-07T17:59:25.006+0200] {processor.py:175} INFO - Processing /Users/oanottage/opt/anaconda3/envs/energyvenv/lib/python3.9/site-packages/airflow/example_dags/example_xcomargs.py took 0.732 seconds
[2023-04-07T18:00:43.733+0200] {processor.py:153} INFO - Started process (PID=18304) to work on /Users/oanottage/opt/anaconda3/envs/energyvenv/lib/python3.9/site-packages/airflow/example_dags/example_xcomargs.py
[2023-04-07T18:00:43.736+0200] {processor.py:743} INFO - Processing file /Users/oanottage/opt/anaconda3/envs/energyvenv/lib/python3.9/site-packages/airflow/example_dags/example_xcomargs.py for tasks to queue
[2023-04-07T18:00:43.737+0200] {logging_mixin.py:137} INFO - [2023-04-07T18:00:43.736+0200] {dagbag.py:532} INFO - Filling up the DagBag from /Users/oanottage/opt/anaconda3/envs/energyvenv/lib/python3.9/site-packages/airflow/example_dags/example_xcomargs.py
[2023-04-07T18:00:43.802+0200] {processor.py:753} INFO - DAG(s) dict_keys(['example_xcom_args_with_operators', 'example_xcom_args']) retrieved from /Users/oanottage/opt/anaconda3/envs/energyvenv/lib/python3.9/site-packages/airflow/example_dags/example_xcomargs.py
[2023-04-07T18:00:44.460+0200] {logging_mixin.py:137} INFO - [2023-04-07T18:00:44.460+0200] {dag.py:2705} INFO - Sync 2 DAGs
[2023-04-07T18:00:44.472+0200] {logging_mixin.py:137} INFO - [2023-04-07T18:00:44.472+0200] {dag.py:3452} INFO - Setting next_dagrun for example_xcom_args to None, run_after=None
[2023-04-07T18:00:44.473+0200] {logging_mixin.py:137} INFO - [2023-04-07T18:00:44.473+0200] {dag.py:3452} INFO - Setting next_dagrun for example_xcom_args_with_operators to None, run_after=None
[2023-04-07T18:00:44.485+0200] {processor.py:175} INFO - Processing /Users/oanottage/opt/anaconda3/envs/energyvenv/lib/python3.9/site-packages/airflow/example_dags/example_xcomargs.py took 0.753 seconds
[2023-04-07T18:02:06.179+0200] {processor.py:153} INFO - Started process (PID=18410) to work on /Users/oanottage/opt/anaconda3/envs/energyvenv/lib/python3.9/site-packages/airflow/example_dags/example_xcomargs.py
[2023-04-07T18:02:06.182+0200] {processor.py:743} INFO - Processing file /Users/oanottage/opt/anaconda3/envs/energyvenv/lib/python3.9/site-packages/airflow/example_dags/example_xcomargs.py for tasks to queue
[2023-04-07T18:02:06.182+0200] {logging_mixin.py:137} INFO - [2023-04-07T18:02:06.182+0200] {dagbag.py:532} INFO - Filling up the DagBag from /Users/oanottage/opt/anaconda3/envs/energyvenv/lib/python3.9/site-packages/airflow/example_dags/example_xcomargs.py
[2023-04-07T18:02:06.236+0200] {processor.py:753} INFO - DAG(s) dict_keys(['example_xcom_args_with_operators', 'example_xcom_args']) retrieved from /Users/oanottage/opt/anaconda3/envs/energyvenv/lib/python3.9/site-packages/airflow/example_dags/example_xcomargs.py
[2023-04-07T18:02:06.862+0200] {logging_mixin.py:137} INFO - [2023-04-07T18:02:06.862+0200] {dag.py:2705} INFO - Sync 2 DAGs
[2023-04-07T18:02:06.874+0200] {logging_mixin.py:137} INFO - [2023-04-07T18:02:06.873+0200] {dag.py:3452} INFO - Setting next_dagrun for example_xcom_args to None, run_after=None
[2023-04-07T18:02:06.875+0200] {logging_mixin.py:137} INFO - [2023-04-07T18:02:06.875+0200] {dag.py:3452} INFO - Setting next_dagrun for example_xcom_args_with_operators to None, run_after=None
[2023-04-07T18:02:06.886+0200] {processor.py:175} INFO - Processing /Users/oanottage/opt/anaconda3/envs/energyvenv/lib/python3.9/site-packages/airflow/example_dags/example_xcomargs.py took 0.708 seconds
[2023-04-07T18:03:26.144+0200] {processor.py:153} INFO - Started process (PID=18493) to work on /Users/oanottage/opt/anaconda3/envs/energyvenv/lib/python3.9/site-packages/airflow/example_dags/example_xcomargs.py
[2023-04-07T18:03:26.148+0200] {processor.py:743} INFO - Processing file /Users/oanottage/opt/anaconda3/envs/energyvenv/lib/python3.9/site-packages/airflow/example_dags/example_xcomargs.py for tasks to queue
[2023-04-07T18:03:26.149+0200] {logging_mixin.py:137} INFO - [2023-04-07T18:03:26.149+0200] {dagbag.py:532} INFO - Filling up the DagBag from /Users/oanottage/opt/anaconda3/envs/energyvenv/lib/python3.9/site-packages/airflow/example_dags/example_xcomargs.py
[2023-04-07T18:03:26.214+0200] {processor.py:753} INFO - DAG(s) dict_keys(['example_xcom_args_with_operators', 'example_xcom_args']) retrieved from /Users/oanottage/opt/anaconda3/envs/energyvenv/lib/python3.9/site-packages/airflow/example_dags/example_xcomargs.py
[2023-04-07T18:03:26.905+0200] {logging_mixin.py:137} INFO - [2023-04-07T18:03:26.905+0200] {dag.py:2705} INFO - Sync 2 DAGs
[2023-04-07T18:03:26.920+0200] {logging_mixin.py:137} INFO - [2023-04-07T18:03:26.920+0200] {dag.py:3452} INFO - Setting next_dagrun for example_xcom_args to None, run_after=None
[2023-04-07T18:03:26.922+0200] {logging_mixin.py:137} INFO - [2023-04-07T18:03:26.922+0200] {dag.py:3452} INFO - Setting next_dagrun for example_xcom_args_with_operators to None, run_after=None
[2023-04-07T18:03:26.936+0200] {processor.py:175} INFO - Processing /Users/oanottage/opt/anaconda3/envs/energyvenv/lib/python3.9/site-packages/airflow/example_dags/example_xcomargs.py took 0.792 seconds
[2023-04-07T18:04:30.115+0200] {processor.py:153} INFO - Started process (PID=18575) to work on /Users/oanottage/opt/anaconda3/envs/energyvenv/lib/python3.9/site-packages/airflow/example_dags/example_xcomargs.py
[2023-04-07T18:04:30.118+0200] {processor.py:743} INFO - Processing file /Users/oanottage/opt/anaconda3/envs/energyvenv/lib/python3.9/site-packages/airflow/example_dags/example_xcomargs.py for tasks to queue
[2023-04-07T18:04:30.119+0200] {logging_mixin.py:137} INFO - [2023-04-07T18:04:30.119+0200] {dagbag.py:532} INFO - Filling up the DagBag from /Users/oanottage/opt/anaconda3/envs/energyvenv/lib/python3.9/site-packages/airflow/example_dags/example_xcomargs.py
[2023-04-07T18:04:30.188+0200] {processor.py:753} INFO - DAG(s) dict_keys(['example_xcom_args', 'example_xcom_args_with_operators']) retrieved from /Users/oanottage/opt/anaconda3/envs/energyvenv/lib/python3.9/site-packages/airflow/example_dags/example_xcomargs.py
[2023-04-07T18:04:30.970+0200] {logging_mixin.py:137} INFO - [2023-04-07T18:04:30.970+0200] {dag.py:2705} INFO - Sync 2 DAGs
[2023-04-07T18:04:30.986+0200] {logging_mixin.py:137} INFO - [2023-04-07T18:04:30.986+0200] {dag.py:3452} INFO - Setting next_dagrun for example_xcom_args to None, run_after=None
[2023-04-07T18:04:30.988+0200] {logging_mixin.py:137} INFO - [2023-04-07T18:04:30.988+0200] {dag.py:3452} INFO - Setting next_dagrun for example_xcom_args_with_operators to None, run_after=None
[2023-04-07T18:04:31.002+0200] {processor.py:175} INFO - Processing /Users/oanottage/opt/anaconda3/envs/energyvenv/lib/python3.9/site-packages/airflow/example_dags/example_xcomargs.py took 0.888 seconds
[2023-04-07T18:06:23.483+0200] {processor.py:153} INFO - Started process (PID=18735) to work on /Users/oanottage/opt/anaconda3/envs/energyvenv/lib/python3.9/site-packages/airflow/example_dags/example_xcomargs.py
[2023-04-07T18:06:23.486+0200] {processor.py:743} INFO - Processing file /Users/oanottage/opt/anaconda3/envs/energyvenv/lib/python3.9/site-packages/airflow/example_dags/example_xcomargs.py for tasks to queue
[2023-04-07T18:06:23.486+0200] {logging_mixin.py:137} INFO - [2023-04-07T18:06:23.486+0200] {dagbag.py:532} INFO - Filling up the DagBag from /Users/oanottage/opt/anaconda3/envs/energyvenv/lib/python3.9/site-packages/airflow/example_dags/example_xcomargs.py
[2023-04-07T18:06:23.544+0200] {processor.py:753} INFO - DAG(s) dict_keys(['example_xcom_args', 'example_xcom_args_with_operators']) retrieved from /Users/oanottage/opt/anaconda3/envs/energyvenv/lib/python3.9/site-packages/airflow/example_dags/example_xcomargs.py
[2023-04-07T18:06:24.269+0200] {logging_mixin.py:137} INFO - [2023-04-07T18:06:24.268+0200] {dag.py:2705} INFO - Sync 2 DAGs
[2023-04-07T18:06:24.283+0200] {logging_mixin.py:137} INFO - [2023-04-07T18:06:24.282+0200] {dag.py:3452} INFO - Setting next_dagrun for example_xcom_args to None, run_after=None
[2023-04-07T18:06:24.285+0200] {logging_mixin.py:137} INFO - [2023-04-07T18:06:24.285+0200] {dag.py:3452} INFO - Setting next_dagrun for example_xcom_args_with_operators to None, run_after=None
[2023-04-07T18:06:24.299+0200] {processor.py:175} INFO - Processing /Users/oanottage/opt/anaconda3/envs/energyvenv/lib/python3.9/site-packages/airflow/example_dags/example_xcomargs.py took 0.817 seconds
[2023-04-07T18:08:00.059+0200] {processor.py:153} INFO - Started process (PID=18888) to work on /Users/oanottage/opt/anaconda3/envs/energyvenv/lib/python3.9/site-packages/airflow/example_dags/example_xcomargs.py
[2023-04-07T18:08:00.062+0200] {processor.py:743} INFO - Processing file /Users/oanottage/opt/anaconda3/envs/energyvenv/lib/python3.9/site-packages/airflow/example_dags/example_xcomargs.py for tasks to queue
[2023-04-07T18:08:00.063+0200] {logging_mixin.py:137} INFO - [2023-04-07T18:08:00.063+0200] {dagbag.py:532} INFO - Filling up the DagBag from /Users/oanottage/opt/anaconda3/envs/energyvenv/lib/python3.9/site-packages/airflow/example_dags/example_xcomargs.py
[2023-04-07T18:08:00.123+0200] {processor.py:753} INFO - DAG(s) dict_keys(['example_xcom_args', 'example_xcom_args_with_operators']) retrieved from /Users/oanottage/opt/anaconda3/envs/energyvenv/lib/python3.9/site-packages/airflow/example_dags/example_xcomargs.py
[2023-04-07T18:08:00.754+0200] {logging_mixin.py:137} INFO - [2023-04-07T18:08:00.754+0200] {dag.py:2705} INFO - Sync 2 DAGs
[2023-04-07T18:08:00.766+0200] {logging_mixin.py:137} INFO - [2023-04-07T18:08:00.765+0200] {dag.py:3452} INFO - Setting next_dagrun for example_xcom_args to None, run_after=None
[2023-04-07T18:08:00.767+0200] {logging_mixin.py:137} INFO - [2023-04-07T18:08:00.767+0200] {dag.py:3452} INFO - Setting next_dagrun for example_xcom_args_with_operators to None, run_after=None
[2023-04-07T18:08:00.780+0200] {processor.py:175} INFO - Processing /Users/oanottage/opt/anaconda3/envs/energyvenv/lib/python3.9/site-packages/airflow/example_dags/example_xcomargs.py took 0.722 seconds
[2023-04-07T18:09:50.496+0200] {processor.py:153} INFO - Started process (PID=19089) to work on /Users/oanottage/opt/anaconda3/envs/energyvenv/lib/python3.9/site-packages/airflow/example_dags/example_xcomargs.py
[2023-04-07T18:09:50.500+0200] {processor.py:743} INFO - Processing file /Users/oanottage/opt/anaconda3/envs/energyvenv/lib/python3.9/site-packages/airflow/example_dags/example_xcomargs.py for tasks to queue
[2023-04-07T18:09:50.500+0200] {logging_mixin.py:137} INFO - [2023-04-07T18:09:50.500+0200] {dagbag.py:532} INFO - Filling up the DagBag from /Users/oanottage/opt/anaconda3/envs/energyvenv/lib/python3.9/site-packages/airflow/example_dags/example_xcomargs.py
[2023-04-07T18:09:50.561+0200] {processor.py:753} INFO - DAG(s) dict_keys(['example_xcom_args_with_operators', 'example_xcom_args']) retrieved from /Users/oanottage/opt/anaconda3/envs/energyvenv/lib/python3.9/site-packages/airflow/example_dags/example_xcomargs.py
[2023-04-07T18:09:51.190+0200] {logging_mixin.py:137} INFO - [2023-04-07T18:09:51.190+0200] {dag.py:2705} INFO - Sync 2 DAGs
[2023-04-07T18:09:51.202+0200] {logging_mixin.py:137} INFO - [2023-04-07T18:09:51.202+0200] {dag.py:3452} INFO - Setting next_dagrun for example_xcom_args to None, run_after=None
[2023-04-07T18:09:51.204+0200] {logging_mixin.py:137} INFO - [2023-04-07T18:09:51.204+0200] {dag.py:3452} INFO - Setting next_dagrun for example_xcom_args_with_operators to None, run_after=None
[2023-04-07T18:09:51.214+0200] {processor.py:175} INFO - Processing /Users/oanottage/opt/anaconda3/envs/energyvenv/lib/python3.9/site-packages/airflow/example_dags/example_xcomargs.py took 0.719 seconds
[2023-04-07T18:11:11.713+0200] {processor.py:153} INFO - Started process (PID=19195) to work on /Users/oanottage/opt/anaconda3/envs/energyvenv/lib/python3.9/site-packages/airflow/example_dags/example_xcomargs.py
[2023-04-07T18:11:11.717+0200] {processor.py:743} INFO - Processing file /Users/oanottage/opt/anaconda3/envs/energyvenv/lib/python3.9/site-packages/airflow/example_dags/example_xcomargs.py for tasks to queue
[2023-04-07T18:11:11.717+0200] {logging_mixin.py:137} INFO - [2023-04-07T18:11:11.717+0200] {dagbag.py:532} INFO - Filling up the DagBag from /Users/oanottage/opt/anaconda3/envs/energyvenv/lib/python3.9/site-packages/airflow/example_dags/example_xcomargs.py
[2023-04-07T18:11:11.777+0200] {processor.py:753} INFO - DAG(s) dict_keys(['example_xcom_args', 'example_xcom_args_with_operators']) retrieved from /Users/oanottage/opt/anaconda3/envs/energyvenv/lib/python3.9/site-packages/airflow/example_dags/example_xcomargs.py
[2023-04-07T18:11:12.417+0200] {logging_mixin.py:137} INFO - [2023-04-07T18:11:12.416+0200] {dag.py:2705} INFO - Sync 2 DAGs
[2023-04-07T18:11:12.428+0200] {logging_mixin.py:137} INFO - [2023-04-07T18:11:12.428+0200] {dag.py:3452} INFO - Setting next_dagrun for example_xcom_args to None, run_after=None
[2023-04-07T18:11:12.430+0200] {logging_mixin.py:137} INFO - [2023-04-07T18:11:12.430+0200] {dag.py:3452} INFO - Setting next_dagrun for example_xcom_args_with_operators to None, run_after=None
[2023-04-07T18:11:12.441+0200] {processor.py:175} INFO - Processing /Users/oanottage/opt/anaconda3/envs/energyvenv/lib/python3.9/site-packages/airflow/example_dags/example_xcomargs.py took 0.728 seconds
[2023-04-07T18:12:34.354+0200] {processor.py:153} INFO - Started process (PID=19291) to work on /Users/oanottage/opt/anaconda3/envs/energyvenv/lib/python3.9/site-packages/airflow/example_dags/example_xcomargs.py
[2023-04-07T18:12:34.358+0200] {processor.py:743} INFO - Processing file /Users/oanottage/opt/anaconda3/envs/energyvenv/lib/python3.9/site-packages/airflow/example_dags/example_xcomargs.py for tasks to queue
[2023-04-07T18:12:34.359+0200] {logging_mixin.py:137} INFO - [2023-04-07T18:12:34.359+0200] {dagbag.py:532} INFO - Filling up the DagBag from /Users/oanottage/opt/anaconda3/envs/energyvenv/lib/python3.9/site-packages/airflow/example_dags/example_xcomargs.py
[2023-04-07T18:12:34.432+0200] {processor.py:753} INFO - DAG(s) dict_keys(['example_xcom_args', 'example_xcom_args_with_operators']) retrieved from /Users/oanottage/opt/anaconda3/envs/energyvenv/lib/python3.9/site-packages/airflow/example_dags/example_xcomargs.py
[2023-04-07T18:12:35.145+0200] {logging_mixin.py:137} INFO - [2023-04-07T18:12:35.145+0200] {dag.py:2705} INFO - Sync 2 DAGs
[2023-04-07T18:12:35.158+0200] {logging_mixin.py:137} INFO - [2023-04-07T18:12:35.158+0200] {dag.py:3452} INFO - Setting next_dagrun for example_xcom_args to None, run_after=None
[2023-04-07T18:12:35.161+0200] {logging_mixin.py:137} INFO - [2023-04-07T18:12:35.160+0200] {dag.py:3452} INFO - Setting next_dagrun for example_xcom_args_with_operators to None, run_after=None
[2023-04-07T18:12:35.174+0200] {processor.py:175} INFO - Processing /Users/oanottage/opt/anaconda3/envs/energyvenv/lib/python3.9/site-packages/airflow/example_dags/example_xcomargs.py took 0.821 seconds
[2023-04-07T18:13:09.661+0200] {processor.py:153} INFO - Started process (PID=19361) to work on /Users/oanottage/opt/anaconda3/envs/energyvenv/lib/python3.9/site-packages/airflow/example_dags/example_xcomargs.py
[2023-04-07T18:13:09.664+0200] {processor.py:743} INFO - Processing file /Users/oanottage/opt/anaconda3/envs/energyvenv/lib/python3.9/site-packages/airflow/example_dags/example_xcomargs.py for tasks to queue
[2023-04-07T18:13:09.665+0200] {logging_mixin.py:137} INFO - [2023-04-07T18:13:09.664+0200] {dagbag.py:532} INFO - Filling up the DagBag from /Users/oanottage/opt/anaconda3/envs/energyvenv/lib/python3.9/site-packages/airflow/example_dags/example_xcomargs.py
[2023-04-07T18:13:09.726+0200] {processor.py:753} INFO - DAG(s) dict_keys(['example_xcom_args', 'example_xcom_args_with_operators']) retrieved from /Users/oanottage/opt/anaconda3/envs/energyvenv/lib/python3.9/site-packages/airflow/example_dags/example_xcomargs.py
[2023-04-07T18:13:10.382+0200] {logging_mixin.py:137} INFO - [2023-04-07T18:13:10.382+0200] {dag.py:2705} INFO - Sync 2 DAGs
[2023-04-07T18:13:10.396+0200] {logging_mixin.py:137} INFO - [2023-04-07T18:13:10.396+0200] {dag.py:3452} INFO - Setting next_dagrun for example_xcom_args to None, run_after=None
[2023-04-07T18:13:10.398+0200] {logging_mixin.py:137} INFO - [2023-04-07T18:13:10.398+0200] {dag.py:3452} INFO - Setting next_dagrun for example_xcom_args_with_operators to None, run_after=None
[2023-04-07T18:13:10.411+0200] {processor.py:175} INFO - Processing /Users/oanottage/opt/anaconda3/envs/energyvenv/lib/python3.9/site-packages/airflow/example_dags/example_xcomargs.py took 0.751 seconds
[2023-04-07T18:15:40.976+0200] {processor.py:153} INFO - Started process (PID=19560) to work on /Users/oanottage/opt/anaconda3/envs/energyvenv/lib/python3.9/site-packages/airflow/example_dags/example_xcomargs.py
[2023-04-07T18:15:40.979+0200] {processor.py:743} INFO - Processing file /Users/oanottage/opt/anaconda3/envs/energyvenv/lib/python3.9/site-packages/airflow/example_dags/example_xcomargs.py for tasks to queue
[2023-04-07T18:15:40.980+0200] {logging_mixin.py:137} INFO - [2023-04-07T18:15:40.980+0200] {dagbag.py:532} INFO - Filling up the DagBag from /Users/oanottage/opt/anaconda3/envs/energyvenv/lib/python3.9/site-packages/airflow/example_dags/example_xcomargs.py
[2023-04-07T18:15:41.035+0200] {processor.py:753} INFO - DAG(s) dict_keys(['example_xcom_args', 'example_xcom_args_with_operators']) retrieved from /Users/oanottage/opt/anaconda3/envs/energyvenv/lib/python3.9/site-packages/airflow/example_dags/example_xcomargs.py
[2023-04-07T18:15:41.759+0200] {logging_mixin.py:137} INFO - [2023-04-07T18:15:41.759+0200] {dag.py:2705} INFO - Sync 2 DAGs
[2023-04-07T18:15:41.770+0200] {logging_mixin.py:137} INFO - [2023-04-07T18:15:41.770+0200] {dag.py:3452} INFO - Setting next_dagrun for example_xcom_args to None, run_after=None
[2023-04-07T18:15:41.772+0200] {logging_mixin.py:137} INFO - [2023-04-07T18:15:41.772+0200] {dag.py:3452} INFO - Setting next_dagrun for example_xcom_args_with_operators to None, run_after=None
[2023-04-07T18:15:41.784+0200] {processor.py:175} INFO - Processing /Users/oanottage/opt/anaconda3/envs/energyvenv/lib/python3.9/site-packages/airflow/example_dags/example_xcomargs.py took 0.808 seconds
[2023-04-07T18:17:32.738+0200] {processor.py:153} INFO - Started process (PID=19704) to work on /Users/oanottage/opt/anaconda3/envs/energyvenv/lib/python3.9/site-packages/airflow/example_dags/example_xcomargs.py
[2023-04-07T18:17:32.741+0200] {processor.py:743} INFO - Processing file /Users/oanottage/opt/anaconda3/envs/energyvenv/lib/python3.9/site-packages/airflow/example_dags/example_xcomargs.py for tasks to queue
[2023-04-07T18:17:32.742+0200] {logging_mixin.py:137} INFO - [2023-04-07T18:17:32.742+0200] {dagbag.py:532} INFO - Filling up the DagBag from /Users/oanottage/opt/anaconda3/envs/energyvenv/lib/python3.9/site-packages/airflow/example_dags/example_xcomargs.py
[2023-04-07T18:17:32.804+0200] {processor.py:753} INFO - DAG(s) dict_keys(['example_xcom_args_with_operators', 'example_xcom_args']) retrieved from /Users/oanottage/opt/anaconda3/envs/energyvenv/lib/python3.9/site-packages/airflow/example_dags/example_xcomargs.py
[2023-04-07T18:17:33.478+0200] {logging_mixin.py:137} INFO - [2023-04-07T18:17:33.477+0200] {dag.py:2705} INFO - Sync 2 DAGs
[2023-04-07T18:17:33.489+0200] {logging_mixin.py:137} INFO - [2023-04-07T18:17:33.489+0200] {dag.py:3452} INFO - Setting next_dagrun for example_xcom_args to None, run_after=None
[2023-04-07T18:17:33.491+0200] {logging_mixin.py:137} INFO - [2023-04-07T18:17:33.491+0200] {dag.py:3452} INFO - Setting next_dagrun for example_xcom_args_with_operators to None, run_after=None
[2023-04-07T18:17:33.503+0200] {processor.py:175} INFO - Processing /Users/oanottage/opt/anaconda3/envs/energyvenv/lib/python3.9/site-packages/airflow/example_dags/example_xcomargs.py took 0.766 seconds
[2023-04-07T18:18:54.179+0200] {processor.py:153} INFO - Started process (PID=19794) to work on /Users/oanottage/opt/anaconda3/envs/energyvenv/lib/python3.9/site-packages/airflow/example_dags/example_xcomargs.py
[2023-04-07T18:18:54.184+0200] {processor.py:743} INFO - Processing file /Users/oanottage/opt/anaconda3/envs/energyvenv/lib/python3.9/site-packages/airflow/example_dags/example_xcomargs.py for tasks to queue
[2023-04-07T18:18:54.184+0200] {logging_mixin.py:137} INFO - [2023-04-07T18:18:54.184+0200] {dagbag.py:532} INFO - Filling up the DagBag from /Users/oanottage/opt/anaconda3/envs/energyvenv/lib/python3.9/site-packages/airflow/example_dags/example_xcomargs.py
[2023-04-07T18:18:54.257+0200] {processor.py:753} INFO - DAG(s) dict_keys(['example_xcom_args', 'example_xcom_args_with_operators']) retrieved from /Users/oanottage/opt/anaconda3/envs/energyvenv/lib/python3.9/site-packages/airflow/example_dags/example_xcomargs.py
[2023-04-07T18:18:54.982+0200] {logging_mixin.py:137} INFO - [2023-04-07T18:18:54.982+0200] {dag.py:2705} INFO - Sync 2 DAGs
[2023-04-07T18:18:54.995+0200] {logging_mixin.py:137} INFO - [2023-04-07T18:18:54.995+0200] {dag.py:3452} INFO - Setting next_dagrun for example_xcom_args to None, run_after=None
[2023-04-07T18:18:54.997+0200] {logging_mixin.py:137} INFO - [2023-04-07T18:18:54.997+0200] {dag.py:3452} INFO - Setting next_dagrun for example_xcom_args_with_operators to None, run_after=None
[2023-04-07T18:18:55.010+0200] {processor.py:175} INFO - Processing /Users/oanottage/opt/anaconda3/envs/energyvenv/lib/python3.9/site-packages/airflow/example_dags/example_xcomargs.py took 0.832 seconds
[2023-04-07T18:20:17.222+0200] {processor.py:153} INFO - Started process (PID=19961) to work on /Users/oanottage/opt/anaconda3/envs/energyvenv/lib/python3.9/site-packages/airflow/example_dags/example_xcomargs.py
[2023-04-07T18:20:17.226+0200] {processor.py:743} INFO - Processing file /Users/oanottage/opt/anaconda3/envs/energyvenv/lib/python3.9/site-packages/airflow/example_dags/example_xcomargs.py for tasks to queue
[2023-04-07T18:20:17.227+0200] {logging_mixin.py:137} INFO - [2023-04-07T18:20:17.226+0200] {dagbag.py:532} INFO - Filling up the DagBag from /Users/oanottage/opt/anaconda3/envs/energyvenv/lib/python3.9/site-packages/airflow/example_dags/example_xcomargs.py
[2023-04-07T18:20:17.295+0200] {processor.py:753} INFO - DAG(s) dict_keys(['example_xcom_args_with_operators', 'example_xcom_args']) retrieved from /Users/oanottage/opt/anaconda3/envs/energyvenv/lib/python3.9/site-packages/airflow/example_dags/example_xcomargs.py
[2023-04-07T18:20:17.979+0200] {logging_mixin.py:137} INFO - [2023-04-07T18:20:17.979+0200] {dag.py:2705} INFO - Sync 2 DAGs
[2023-04-07T18:20:17.990+0200] {logging_mixin.py:137} INFO - [2023-04-07T18:20:17.990+0200] {dag.py:3452} INFO - Setting next_dagrun for example_xcom_args to None, run_after=None
[2023-04-07T18:20:17.992+0200] {logging_mixin.py:137} INFO - [2023-04-07T18:20:17.992+0200] {dag.py:3452} INFO - Setting next_dagrun for example_xcom_args_with_operators to None, run_after=None
[2023-04-07T18:20:18.004+0200] {processor.py:175} INFO - Processing /Users/oanottage/opt/anaconda3/envs/energyvenv/lib/python3.9/site-packages/airflow/example_dags/example_xcomargs.py took 0.782 seconds
[2023-04-07T18:21:38.701+0200] {processor.py:153} INFO - Started process (PID=20056) to work on /Users/oanottage/opt/anaconda3/envs/energyvenv/lib/python3.9/site-packages/airflow/example_dags/example_xcomargs.py
[2023-04-07T18:21:38.704+0200] {processor.py:743} INFO - Processing file /Users/oanottage/opt/anaconda3/envs/energyvenv/lib/python3.9/site-packages/airflow/example_dags/example_xcomargs.py for tasks to queue
[2023-04-07T18:21:38.704+0200] {logging_mixin.py:137} INFO - [2023-04-07T18:21:38.704+0200] {dagbag.py:532} INFO - Filling up the DagBag from /Users/oanottage/opt/anaconda3/envs/energyvenv/lib/python3.9/site-packages/airflow/example_dags/example_xcomargs.py
[2023-04-07T18:21:38.760+0200] {processor.py:753} INFO - DAG(s) dict_keys(['example_xcom_args', 'example_xcom_args_with_operators']) retrieved from /Users/oanottage/opt/anaconda3/envs/energyvenv/lib/python3.9/site-packages/airflow/example_dags/example_xcomargs.py
[2023-04-07T18:21:39.381+0200] {logging_mixin.py:137} INFO - [2023-04-07T18:21:39.381+0200] {dag.py:2705} INFO - Sync 2 DAGs
[2023-04-07T18:21:39.392+0200] {logging_mixin.py:137} INFO - [2023-04-07T18:21:39.392+0200] {dag.py:3452} INFO - Setting next_dagrun for example_xcom_args to None, run_after=None
[2023-04-07T18:21:39.394+0200] {logging_mixin.py:137} INFO - [2023-04-07T18:21:39.394+0200] {dag.py:3452} INFO - Setting next_dagrun for example_xcom_args_with_operators to None, run_after=None
[2023-04-07T18:21:39.406+0200] {processor.py:175} INFO - Processing /Users/oanottage/opt/anaconda3/envs/energyvenv/lib/python3.9/site-packages/airflow/example_dags/example_xcomargs.py took 0.706 seconds
[2023-04-07T18:22:59.395+0200] {processor.py:153} INFO - Started process (PID=20140) to work on /Users/oanottage/opt/anaconda3/envs/energyvenv/lib/python3.9/site-packages/airflow/example_dags/example_xcomargs.py
[2023-04-07T18:22:59.399+0200] {processor.py:743} INFO - Processing file /Users/oanottage/opt/anaconda3/envs/energyvenv/lib/python3.9/site-packages/airflow/example_dags/example_xcomargs.py for tasks to queue
[2023-04-07T18:22:59.399+0200] {logging_mixin.py:137} INFO - [2023-04-07T18:22:59.399+0200] {dagbag.py:532} INFO - Filling up the DagBag from /Users/oanottage/opt/anaconda3/envs/energyvenv/lib/python3.9/site-packages/airflow/example_dags/example_xcomargs.py
[2023-04-07T18:22:59.457+0200] {processor.py:753} INFO - DAG(s) dict_keys(['example_xcom_args_with_operators', 'example_xcom_args']) retrieved from /Users/oanottage/opt/anaconda3/envs/energyvenv/lib/python3.9/site-packages/airflow/example_dags/example_xcomargs.py
[2023-04-07T18:23:00.098+0200] {logging_mixin.py:137} INFO - [2023-04-07T18:23:00.098+0200] {dag.py:2705} INFO - Sync 2 DAGs
[2023-04-07T18:23:00.110+0200] {logging_mixin.py:137} INFO - [2023-04-07T18:23:00.109+0200] {dag.py:3452} INFO - Setting next_dagrun for example_xcom_args to None, run_after=None
[2023-04-07T18:23:00.112+0200] {logging_mixin.py:137} INFO - [2023-04-07T18:23:00.112+0200] {dag.py:3452} INFO - Setting next_dagrun for example_xcom_args_with_operators to None, run_after=None
[2023-04-07T18:23:00.124+0200] {processor.py:175} INFO - Processing /Users/oanottage/opt/anaconda3/envs/energyvenv/lib/python3.9/site-packages/airflow/example_dags/example_xcomargs.py took 0.729 seconds
[2023-04-07T18:24:21.277+0200] {processor.py:153} INFO - Started process (PID=20224) to work on /Users/oanottage/opt/anaconda3/envs/energyvenv/lib/python3.9/site-packages/airflow/example_dags/example_xcomargs.py
[2023-04-07T18:24:21.280+0200] {processor.py:743} INFO - Processing file /Users/oanottage/opt/anaconda3/envs/energyvenv/lib/python3.9/site-packages/airflow/example_dags/example_xcomargs.py for tasks to queue
[2023-04-07T18:24:21.280+0200] {logging_mixin.py:137} INFO - [2023-04-07T18:24:21.280+0200] {dagbag.py:532} INFO - Filling up the DagBag from /Users/oanottage/opt/anaconda3/envs/energyvenv/lib/python3.9/site-packages/airflow/example_dags/example_xcomargs.py
[2023-04-07T18:24:21.337+0200] {processor.py:753} INFO - DAG(s) dict_keys(['example_xcom_args', 'example_xcom_args_with_operators']) retrieved from /Users/oanottage/opt/anaconda3/envs/energyvenv/lib/python3.9/site-packages/airflow/example_dags/example_xcomargs.py
[2023-04-07T18:24:21.966+0200] {logging_mixin.py:137} INFO - [2023-04-07T18:24:21.966+0200] {dag.py:2705} INFO - Sync 2 DAGs
[2023-04-07T18:24:21.977+0200] {logging_mixin.py:137} INFO - [2023-04-07T18:24:21.977+0200] {dag.py:3452} INFO - Setting next_dagrun for example_xcom_args to None, run_after=None
[2023-04-07T18:24:21.978+0200] {logging_mixin.py:137} INFO - [2023-04-07T18:24:21.978+0200] {dag.py:3452} INFO - Setting next_dagrun for example_xcom_args_with_operators to None, run_after=None
[2023-04-07T18:24:21.990+0200] {processor.py:175} INFO - Processing /Users/oanottage/opt/anaconda3/envs/energyvenv/lib/python3.9/site-packages/airflow/example_dags/example_xcomargs.py took 0.714 seconds
[2023-04-07T18:25:44.938+0200] {processor.py:153} INFO - Started process (PID=20338) to work on /Users/oanottage/opt/anaconda3/envs/energyvenv/lib/python3.9/site-packages/airflow/example_dags/example_xcomargs.py
[2023-04-07T18:25:44.943+0200] {processor.py:743} INFO - Processing file /Users/oanottage/opt/anaconda3/envs/energyvenv/lib/python3.9/site-packages/airflow/example_dags/example_xcomargs.py for tasks to queue
[2023-04-07T18:25:44.944+0200] {logging_mixin.py:137} INFO - [2023-04-07T18:25:44.944+0200] {dagbag.py:532} INFO - Filling up the DagBag from /Users/oanottage/opt/anaconda3/envs/energyvenv/lib/python3.9/site-packages/airflow/example_dags/example_xcomargs.py
[2023-04-07T18:25:45.015+0200] {processor.py:753} INFO - DAG(s) dict_keys(['example_xcom_args_with_operators', 'example_xcom_args']) retrieved from /Users/oanottage/opt/anaconda3/envs/energyvenv/lib/python3.9/site-packages/airflow/example_dags/example_xcomargs.py
[2023-04-07T18:25:45.780+0200] {logging_mixin.py:137} INFO - [2023-04-07T18:25:45.780+0200] {dag.py:2705} INFO - Sync 2 DAGs
[2023-04-07T18:25:45.794+0200] {logging_mixin.py:137} INFO - [2023-04-07T18:25:45.794+0200] {dag.py:3452} INFO - Setting next_dagrun for example_xcom_args to None, run_after=None
[2023-04-07T18:25:45.796+0200] {logging_mixin.py:137} INFO - [2023-04-07T18:25:45.796+0200] {dag.py:3452} INFO - Setting next_dagrun for example_xcom_args_with_operators to None, run_after=None
[2023-04-07T18:25:45.809+0200] {processor.py:175} INFO - Processing /Users/oanottage/opt/anaconda3/envs/energyvenv/lib/python3.9/site-packages/airflow/example_dags/example_xcomargs.py took 0.872 seconds
[2023-04-07T18:27:03.311+0200] {processor.py:153} INFO - Started process (PID=20429) to work on /Users/oanottage/opt/anaconda3/envs/energyvenv/lib/python3.9/site-packages/airflow/example_dags/example_xcomargs.py
[2023-04-07T18:27:03.314+0200] {processor.py:743} INFO - Processing file /Users/oanottage/opt/anaconda3/envs/energyvenv/lib/python3.9/site-packages/airflow/example_dags/example_xcomargs.py for tasks to queue
[2023-04-07T18:27:03.315+0200] {logging_mixin.py:137} INFO - [2023-04-07T18:27:03.315+0200] {dagbag.py:532} INFO - Filling up the DagBag from /Users/oanottage/opt/anaconda3/envs/energyvenv/lib/python3.9/site-packages/airflow/example_dags/example_xcomargs.py
[2023-04-07T18:27:03.369+0200] {processor.py:753} INFO - DAG(s) dict_keys(['example_xcom_args', 'example_xcom_args_with_operators']) retrieved from /Users/oanottage/opt/anaconda3/envs/energyvenv/lib/python3.9/site-packages/airflow/example_dags/example_xcomargs.py
[2023-04-07T18:27:04.003+0200] {logging_mixin.py:137} INFO - [2023-04-07T18:27:04.003+0200] {dag.py:2705} INFO - Sync 2 DAGs
[2023-04-07T18:27:04.014+0200] {logging_mixin.py:137} INFO - [2023-04-07T18:27:04.014+0200] {dag.py:3452} INFO - Setting next_dagrun for example_xcom_args to None, run_after=None
[2023-04-07T18:27:04.016+0200] {logging_mixin.py:137} INFO - [2023-04-07T18:27:04.016+0200] {dag.py:3452} INFO - Setting next_dagrun for example_xcom_args_with_operators to None, run_after=None
[2023-04-07T18:27:04.028+0200] {processor.py:175} INFO - Processing /Users/oanottage/opt/anaconda3/envs/energyvenv/lib/python3.9/site-packages/airflow/example_dags/example_xcomargs.py took 0.718 seconds
[2023-04-07T18:28:49.879+0200] {processor.py:153} INFO - Started process (PID=20549) to work on /Users/oanottage/opt/anaconda3/envs/energyvenv/lib/python3.9/site-packages/airflow/example_dags/example_xcomargs.py
[2023-04-07T18:28:49.885+0200] {processor.py:743} INFO - Processing file /Users/oanottage/opt/anaconda3/envs/energyvenv/lib/python3.9/site-packages/airflow/example_dags/example_xcomargs.py for tasks to queue
[2023-04-07T18:28:49.885+0200] {logging_mixin.py:137} INFO - [2023-04-07T18:28:49.885+0200] {dagbag.py:532} INFO - Filling up the DagBag from /Users/oanottage/opt/anaconda3/envs/energyvenv/lib/python3.9/site-packages/airflow/example_dags/example_xcomargs.py
[2023-04-07T18:28:49.954+0200] {processor.py:753} INFO - DAG(s) dict_keys(['example_xcom_args', 'example_xcom_args_with_operators']) retrieved from /Users/oanottage/opt/anaconda3/envs/energyvenv/lib/python3.9/site-packages/airflow/example_dags/example_xcomargs.py
[2023-04-07T18:28:50.658+0200] {logging_mixin.py:137} INFO - [2023-04-07T18:28:50.658+0200] {dag.py:2705} INFO - Sync 2 DAGs
[2023-04-07T18:28:50.674+0200] {logging_mixin.py:137} INFO - [2023-04-07T18:28:50.673+0200] {dag.py:3452} INFO - Setting next_dagrun for example_xcom_args to None, run_after=None
[2023-04-07T18:28:50.676+0200] {logging_mixin.py:137} INFO - [2023-04-07T18:28:50.676+0200] {dag.py:3452} INFO - Setting next_dagrun for example_xcom_args_with_operators to None, run_after=None
[2023-04-07T18:28:50.690+0200] {processor.py:175} INFO - Processing /Users/oanottage/opt/anaconda3/envs/energyvenv/lib/python3.9/site-packages/airflow/example_dags/example_xcomargs.py took 0.811 seconds
[2023-04-07T18:30:12.838+0200] {processor.py:153} INFO - Started process (PID=20724) to work on /Users/oanottage/opt/anaconda3/envs/energyvenv/lib/python3.9/site-packages/airflow/example_dags/example_xcomargs.py
[2023-04-07T18:30:12.842+0200] {processor.py:743} INFO - Processing file /Users/oanottage/opt/anaconda3/envs/energyvenv/lib/python3.9/site-packages/airflow/example_dags/example_xcomargs.py for tasks to queue
[2023-04-07T18:30:12.842+0200] {logging_mixin.py:137} INFO - [2023-04-07T18:30:12.842+0200] {dagbag.py:532} INFO - Filling up the DagBag from /Users/oanottage/opt/anaconda3/envs/energyvenv/lib/python3.9/site-packages/airflow/example_dags/example_xcomargs.py
[2023-04-07T18:30:12.936+0200] {processor.py:753} INFO - DAG(s) dict_keys(['example_xcom_args_with_operators', 'example_xcom_args']) retrieved from /Users/oanottage/opt/anaconda3/envs/energyvenv/lib/python3.9/site-packages/airflow/example_dags/example_xcomargs.py
[2023-04-07T18:30:13.825+0200] {logging_mixin.py:137} INFO - [2023-04-07T18:30:13.824+0200] {dag.py:2705} INFO - Sync 2 DAGs
[2023-04-07T18:30:13.840+0200] {logging_mixin.py:137} INFO - [2023-04-07T18:30:13.840+0200] {dag.py:3452} INFO - Setting next_dagrun for example_xcom_args to None, run_after=None
[2023-04-07T18:30:13.843+0200] {logging_mixin.py:137} INFO - [2023-04-07T18:30:13.843+0200] {dag.py:3452} INFO - Setting next_dagrun for example_xcom_args_with_operators to None, run_after=None
[2023-04-07T18:30:13.857+0200] {processor.py:175} INFO - Processing /Users/oanottage/opt/anaconda3/envs/energyvenv/lib/python3.9/site-packages/airflow/example_dags/example_xcomargs.py took 1.020 seconds
[2023-04-07T18:42:09.915+0200] {processor.py:153} INFO - Started process (PID=21395) to work on /Users/oanottage/opt/anaconda3/envs/energyvenv/lib/python3.9/site-packages/airflow/example_dags/example_xcomargs.py
[2023-04-07T18:42:09.918+0200] {processor.py:743} INFO - Processing file /Users/oanottage/opt/anaconda3/envs/energyvenv/lib/python3.9/site-packages/airflow/example_dags/example_xcomargs.py for tasks to queue
[2023-04-07T18:42:09.918+0200] {logging_mixin.py:137} INFO - [2023-04-07T18:42:09.918+0200] {dagbag.py:532} INFO - Filling up the DagBag from /Users/oanottage/opt/anaconda3/envs/energyvenv/lib/python3.9/site-packages/airflow/example_dags/example_xcomargs.py
[2023-04-07T18:42:09.987+0200] {processor.py:753} INFO - DAG(s) dict_keys(['example_xcom_args', 'example_xcom_args_with_operators']) retrieved from /Users/oanottage/opt/anaconda3/envs/energyvenv/lib/python3.9/site-packages/airflow/example_dags/example_xcomargs.py
[2023-04-07T18:42:10.817+0200] {logging_mixin.py:137} INFO - [2023-04-07T18:42:10.817+0200] {dag.py:2705} INFO - Sync 2 DAGs
[2023-04-07T18:42:10.832+0200] {logging_mixin.py:137} INFO - [2023-04-07T18:42:10.831+0200] {dag.py:3452} INFO - Setting next_dagrun for example_xcom_args to None, run_after=None
[2023-04-07T18:42:10.834+0200] {logging_mixin.py:137} INFO - [2023-04-07T18:42:10.834+0200] {dag.py:3452} INFO - Setting next_dagrun for example_xcom_args_with_operators to None, run_after=None
[2023-04-07T18:42:10.849+0200] {processor.py:175} INFO - Processing /Users/oanottage/opt/anaconda3/envs/energyvenv/lib/python3.9/site-packages/airflow/example_dags/example_xcomargs.py took 0.935 seconds
[2023-04-07T18:44:05.415+0200] {processor.py:153} INFO - Started process (PID=21531) to work on /Users/oanottage/opt/anaconda3/envs/energyvenv/lib/python3.9/site-packages/airflow/example_dags/example_xcomargs.py
[2023-04-07T18:44:05.418+0200] {processor.py:743} INFO - Processing file /Users/oanottage/opt/anaconda3/envs/energyvenv/lib/python3.9/site-packages/airflow/example_dags/example_xcomargs.py for tasks to queue
[2023-04-07T18:44:05.418+0200] {logging_mixin.py:137} INFO - [2023-04-07T18:44:05.418+0200] {dagbag.py:532} INFO - Filling up the DagBag from /Users/oanottage/opt/anaconda3/envs/energyvenv/lib/python3.9/site-packages/airflow/example_dags/example_xcomargs.py
[2023-04-07T18:44:05.473+0200] {processor.py:753} INFO - DAG(s) dict_keys(['example_xcom_args_with_operators', 'example_xcom_args']) retrieved from /Users/oanottage/opt/anaconda3/envs/energyvenv/lib/python3.9/site-packages/airflow/example_dags/example_xcomargs.py
[2023-04-07T18:44:06.107+0200] {logging_mixin.py:137} INFO - [2023-04-07T18:44:06.107+0200] {dag.py:2705} INFO - Sync 2 DAGs
[2023-04-07T18:44:06.118+0200] {logging_mixin.py:137} INFO - [2023-04-07T18:44:06.118+0200] {dag.py:3452} INFO - Setting next_dagrun for example_xcom_args to None, run_after=None
[2023-04-07T18:44:06.120+0200] {logging_mixin.py:137} INFO - [2023-04-07T18:44:06.120+0200] {dag.py:3452} INFO - Setting next_dagrun for example_xcom_args_with_operators to None, run_after=None
[2023-04-07T18:44:06.131+0200] {processor.py:175} INFO - Processing /Users/oanottage/opt/anaconda3/envs/energyvenv/lib/python3.9/site-packages/airflow/example_dags/example_xcomargs.py took 0.717 seconds
[2023-04-07T18:45:05.477+0200] {processor.py:153} INFO - Started process (PID=21619) to work on /Users/oanottage/opt/anaconda3/envs/energyvenv/lib/python3.9/site-packages/airflow/example_dags/example_xcomargs.py
[2023-04-07T18:45:05.480+0200] {processor.py:743} INFO - Processing file /Users/oanottage/opt/anaconda3/envs/energyvenv/lib/python3.9/site-packages/airflow/example_dags/example_xcomargs.py for tasks to queue
[2023-04-07T18:45:05.480+0200] {logging_mixin.py:137} INFO - [2023-04-07T18:45:05.480+0200] {dagbag.py:532} INFO - Filling up the DagBag from /Users/oanottage/opt/anaconda3/envs/energyvenv/lib/python3.9/site-packages/airflow/example_dags/example_xcomargs.py
[2023-04-07T18:45:05.538+0200] {processor.py:753} INFO - DAG(s) dict_keys(['example_xcom_args', 'example_xcom_args_with_operators']) retrieved from /Users/oanottage/opt/anaconda3/envs/energyvenv/lib/python3.9/site-packages/airflow/example_dags/example_xcomargs.py
[2023-04-07T18:45:06.188+0200] {logging_mixin.py:137} INFO - [2023-04-07T18:45:06.188+0200] {dag.py:2705} INFO - Sync 2 DAGs
[2023-04-07T18:45:06.202+0200] {logging_mixin.py:137} INFO - [2023-04-07T18:45:06.202+0200] {dag.py:3452} INFO - Setting next_dagrun for example_xcom_args to None, run_after=None
[2023-04-07T18:45:06.204+0200] {logging_mixin.py:137} INFO - [2023-04-07T18:45:06.204+0200] {dag.py:3452} INFO - Setting next_dagrun for example_xcom_args_with_operators to None, run_after=None
[2023-04-07T18:45:06.218+0200] {processor.py:175} INFO - Processing /Users/oanottage/opt/anaconda3/envs/energyvenv/lib/python3.9/site-packages/airflow/example_dags/example_xcomargs.py took 0.742 seconds
