[2023-04-07T17:54:45.623+0200] {processor.py:153} INFO - Started process (PID=17864) to work on /Users/oanottage/opt/anaconda3/envs/energyvenv/lib/python3.9/site-packages/airflow/example_dags/example_short_circuit_operator.py
[2023-04-07T17:54:45.627+0200] {processor.py:743} INFO - Processing file /Users/oanottage/opt/anaconda3/envs/energyvenv/lib/python3.9/site-packages/airflow/example_dags/example_short_circuit_operator.py for tasks to queue
[2023-04-07T17:54:45.628+0200] {logging_mixin.py:137} INFO - [2023-04-07T17:54:45.628+0200] {dagbag.py:532} INFO - Filling up the DagBag from /Users/oanottage/opt/anaconda3/envs/energyvenv/lib/python3.9/site-packages/airflow/example_dags/example_short_circuit_operator.py
[2023-04-07T17:54:45.693+0200] {processor.py:753} INFO - DAG(s) dict_keys(['example_short_circuit_operator']) retrieved from /Users/oanottage/opt/anaconda3/envs/energyvenv/lib/python3.9/site-packages/airflow/example_dags/example_short_circuit_operator.py
[2023-04-07T17:54:46.520+0200] {logging_mixin.py:137} INFO - [2023-04-07T17:54:46.519+0200] {dag.py:2705} INFO - Sync 1 DAGs
[2023-04-07T17:54:46.533+0200] {logging_mixin.py:137} INFO - [2023-04-07T17:54:46.533+0200] {dag.py:3452} INFO - Setting next_dagrun for example_short_circuit_operator to 2023-04-06T15:54:46.533191+00:00, run_after=2023-04-07T15:54:46.533191+00:00
[2023-04-07T17:54:46.549+0200] {processor.py:175} INFO - Processing /Users/oanottage/opt/anaconda3/envs/energyvenv/lib/python3.9/site-packages/airflow/example_dags/example_short_circuit_operator.py took 0.927 seconds
[2023-04-07T17:56:54.542+0200] {processor.py:153} INFO - Started process (PID=18044) to work on /Users/oanottage/opt/anaconda3/envs/energyvenv/lib/python3.9/site-packages/airflow/example_dags/example_short_circuit_operator.py
[2023-04-07T17:56:54.545+0200] {processor.py:743} INFO - Processing file /Users/oanottage/opt/anaconda3/envs/energyvenv/lib/python3.9/site-packages/airflow/example_dags/example_short_circuit_operator.py for tasks to queue
[2023-04-07T17:56:54.545+0200] {logging_mixin.py:137} INFO - [2023-04-07T17:56:54.545+0200] {dagbag.py:532} INFO - Filling up the DagBag from /Users/oanottage/opt/anaconda3/envs/energyvenv/lib/python3.9/site-packages/airflow/example_dags/example_short_circuit_operator.py
[2023-04-07T17:56:54.592+0200] {processor.py:753} INFO - DAG(s) dict_keys(['example_short_circuit_operator']) retrieved from /Users/oanottage/opt/anaconda3/envs/energyvenv/lib/python3.9/site-packages/airflow/example_dags/example_short_circuit_operator.py
[2023-04-07T17:56:55.234+0200] {logging_mixin.py:137} INFO - [2023-04-07T17:56:55.234+0200] {dag.py:2705} INFO - Sync 1 DAGs
[2023-04-07T17:56:55.245+0200] {logging_mixin.py:137} INFO - [2023-04-07T17:56:55.245+0200] {dag.py:3452} INFO - Setting next_dagrun for example_short_circuit_operator to 2023-04-06T15:56:55.245167+00:00, run_after=2023-04-07T15:56:55.245167+00:00
[2023-04-07T17:56:55.257+0200] {processor.py:175} INFO - Processing /Users/oanottage/opt/anaconda3/envs/energyvenv/lib/python3.9/site-packages/airflow/example_dags/example_short_circuit_operator.py took 0.716 seconds
[2023-04-07T17:58:30.519+0200] {processor.py:153} INFO - Started process (PID=18150) to work on /Users/oanottage/opt/anaconda3/envs/energyvenv/lib/python3.9/site-packages/airflow/example_dags/example_short_circuit_operator.py
[2023-04-07T17:58:30.522+0200] {processor.py:743} INFO - Processing file /Users/oanottage/opt/anaconda3/envs/energyvenv/lib/python3.9/site-packages/airflow/example_dags/example_short_circuit_operator.py for tasks to queue
[2023-04-07T17:58:30.523+0200] {logging_mixin.py:137} INFO - [2023-04-07T17:58:30.523+0200] {dagbag.py:532} INFO - Filling up the DagBag from /Users/oanottage/opt/anaconda3/envs/energyvenv/lib/python3.9/site-packages/airflow/example_dags/example_short_circuit_operator.py
[2023-04-07T17:58:30.573+0200] {processor.py:753} INFO - DAG(s) dict_keys(['example_short_circuit_operator']) retrieved from /Users/oanottage/opt/anaconda3/envs/energyvenv/lib/python3.9/site-packages/airflow/example_dags/example_short_circuit_operator.py
[2023-04-07T17:58:31.203+0200] {logging_mixin.py:137} INFO - [2023-04-07T17:58:31.203+0200] {dag.py:2705} INFO - Sync 1 DAGs
[2023-04-07T17:58:31.215+0200] {logging_mixin.py:137} INFO - [2023-04-07T17:58:31.214+0200] {dag.py:3452} INFO - Setting next_dagrun for example_short_circuit_operator to 2023-04-06T15:58:31.214901+00:00, run_after=2023-04-07T15:58:31.214901+00:00
[2023-04-07T17:58:31.228+0200] {processor.py:175} INFO - Processing /Users/oanottage/opt/anaconda3/envs/energyvenv/lib/python3.9/site-packages/airflow/example_dags/example_short_circuit_operator.py took 0.709 seconds
[2023-04-07T17:59:50.794+0200] {processor.py:153} INFO - Started process (PID=18247) to work on /Users/oanottage/opt/anaconda3/envs/energyvenv/lib/python3.9/site-packages/airflow/example_dags/example_short_circuit_operator.py
[2023-04-07T17:59:50.797+0200] {processor.py:743} INFO - Processing file /Users/oanottage/opt/anaconda3/envs/energyvenv/lib/python3.9/site-packages/airflow/example_dags/example_short_circuit_operator.py for tasks to queue
[2023-04-07T17:59:50.797+0200] {logging_mixin.py:137} INFO - [2023-04-07T17:59:50.797+0200] {dagbag.py:532} INFO - Filling up the DagBag from /Users/oanottage/opt/anaconda3/envs/energyvenv/lib/python3.9/site-packages/airflow/example_dags/example_short_circuit_operator.py
[2023-04-07T17:59:50.849+0200] {processor.py:753} INFO - DAG(s) dict_keys(['example_short_circuit_operator']) retrieved from /Users/oanottage/opt/anaconda3/envs/energyvenv/lib/python3.9/site-packages/airflow/example_dags/example_short_circuit_operator.py
[2023-04-07T17:59:51.503+0200] {logging_mixin.py:137} INFO - [2023-04-07T17:59:51.503+0200] {dag.py:2705} INFO - Sync 1 DAGs
[2023-04-07T17:59:51.514+0200] {logging_mixin.py:137} INFO - [2023-04-07T17:59:51.514+0200] {dag.py:3452} INFO - Setting next_dagrun for example_short_circuit_operator to 2023-04-06T15:59:51.514682+00:00, run_after=2023-04-07T15:59:51.514682+00:00
[2023-04-07T17:59:51.527+0200] {processor.py:175} INFO - Processing /Users/oanottage/opt/anaconda3/envs/energyvenv/lib/python3.9/site-packages/airflow/example_dags/example_short_circuit_operator.py took 0.734 seconds
[2023-04-07T18:01:10.405+0200] {processor.py:153} INFO - Started process (PID=18344) to work on /Users/oanottage/opt/anaconda3/envs/energyvenv/lib/python3.9/site-packages/airflow/example_dags/example_short_circuit_operator.py
[2023-04-07T18:01:10.408+0200] {processor.py:743} INFO - Processing file /Users/oanottage/opt/anaconda3/envs/energyvenv/lib/python3.9/site-packages/airflow/example_dags/example_short_circuit_operator.py for tasks to queue
[2023-04-07T18:01:10.409+0200] {logging_mixin.py:137} INFO - [2023-04-07T18:01:10.409+0200] {dagbag.py:532} INFO - Filling up the DagBag from /Users/oanottage/opt/anaconda3/envs/energyvenv/lib/python3.9/site-packages/airflow/example_dags/example_short_circuit_operator.py
[2023-04-07T18:01:10.453+0200] {processor.py:753} INFO - DAG(s) dict_keys(['example_short_circuit_operator']) retrieved from /Users/oanottage/opt/anaconda3/envs/energyvenv/lib/python3.9/site-packages/airflow/example_dags/example_short_circuit_operator.py
[2023-04-07T18:01:11.084+0200] {logging_mixin.py:137} INFO - [2023-04-07T18:01:11.084+0200] {dag.py:2705} INFO - Sync 1 DAGs
[2023-04-07T18:01:11.096+0200] {logging_mixin.py:137} INFO - [2023-04-07T18:01:11.096+0200] {dag.py:3452} INFO - Setting next_dagrun for example_short_circuit_operator to 2023-04-06T16:01:11.096409+00:00, run_after=2023-04-07T16:01:11.096409+00:00
[2023-04-07T18:01:11.109+0200] {processor.py:175} INFO - Processing /Users/oanottage/opt/anaconda3/envs/energyvenv/lib/python3.9/site-packages/airflow/example_dags/example_short_circuit_operator.py took 0.705 seconds
[2023-04-07T18:02:32.434+0200] {processor.py:153} INFO - Started process (PID=18435) to work on /Users/oanottage/opt/anaconda3/envs/energyvenv/lib/python3.9/site-packages/airflow/example_dags/example_short_circuit_operator.py
[2023-04-07T18:02:32.437+0200] {processor.py:743} INFO - Processing file /Users/oanottage/opt/anaconda3/envs/energyvenv/lib/python3.9/site-packages/airflow/example_dags/example_short_circuit_operator.py for tasks to queue
[2023-04-07T18:02:32.437+0200] {logging_mixin.py:137} INFO - [2023-04-07T18:02:32.437+0200] {dagbag.py:532} INFO - Filling up the DagBag from /Users/oanottage/opt/anaconda3/envs/energyvenv/lib/python3.9/site-packages/airflow/example_dags/example_short_circuit_operator.py
[2023-04-07T18:02:32.483+0200] {processor.py:753} INFO - DAG(s) dict_keys(['example_short_circuit_operator']) retrieved from /Users/oanottage/opt/anaconda3/envs/energyvenv/lib/python3.9/site-packages/airflow/example_dags/example_short_circuit_operator.py
[2023-04-07T18:02:33.167+0200] {logging_mixin.py:137} INFO - [2023-04-07T18:02:33.167+0200] {dag.py:2705} INFO - Sync 1 DAGs
[2023-04-07T18:02:33.182+0200] {logging_mixin.py:137} INFO - [2023-04-07T18:02:33.182+0200] {dag.py:3452} INFO - Setting next_dagrun for example_short_circuit_operator to 2023-04-06T16:02:33.182222+00:00, run_after=2023-04-07T16:02:33.182222+00:00
[2023-04-07T18:02:33.197+0200] {processor.py:175} INFO - Processing /Users/oanottage/opt/anaconda3/envs/energyvenv/lib/python3.9/site-packages/airflow/example_dags/example_short_circuit_operator.py took 0.763 seconds
[2023-04-07T18:04:57.578+0200] {processor.py:153} INFO - Started process (PID=18632) to work on /Users/oanottage/opt/anaconda3/envs/energyvenv/lib/python3.9/site-packages/airflow/example_dags/example_short_circuit_operator.py
[2023-04-07T18:04:57.581+0200] {processor.py:743} INFO - Processing file /Users/oanottage/opt/anaconda3/envs/energyvenv/lib/python3.9/site-packages/airflow/example_dags/example_short_circuit_operator.py for tasks to queue
[2023-04-07T18:04:57.582+0200] {logging_mixin.py:137} INFO - [2023-04-07T18:04:57.582+0200] {dagbag.py:532} INFO - Filling up the DagBag from /Users/oanottage/opt/anaconda3/envs/energyvenv/lib/python3.9/site-packages/airflow/example_dags/example_short_circuit_operator.py
[2023-04-07T18:04:57.632+0200] {processor.py:753} INFO - DAG(s) dict_keys(['example_short_circuit_operator']) retrieved from /Users/oanottage/opt/anaconda3/envs/energyvenv/lib/python3.9/site-packages/airflow/example_dags/example_short_circuit_operator.py
[2023-04-07T18:04:58.337+0200] {logging_mixin.py:137} INFO - [2023-04-07T18:04:58.337+0200] {dag.py:2705} INFO - Sync 1 DAGs
[2023-04-07T18:04:58.351+0200] {logging_mixin.py:137} INFO - [2023-04-07T18:04:58.351+0200] {dag.py:3452} INFO - Setting next_dagrun for example_short_circuit_operator to 2023-04-06T16:04:58.351483+00:00, run_after=2023-04-07T16:04:58.351483+00:00
[2023-04-07T18:04:58.366+0200] {processor.py:175} INFO - Processing /Users/oanottage/opt/anaconda3/envs/energyvenv/lib/python3.9/site-packages/airflow/example_dags/example_short_circuit_operator.py took 0.788 seconds
[2023-04-07T18:06:51.232+0200] {processor.py:153} INFO - Started process (PID=18773) to work on /Users/oanottage/opt/anaconda3/envs/energyvenv/lib/python3.9/site-packages/airflow/example_dags/example_short_circuit_operator.py
[2023-04-07T18:06:51.236+0200] {processor.py:743} INFO - Processing file /Users/oanottage/opt/anaconda3/envs/energyvenv/lib/python3.9/site-packages/airflow/example_dags/example_short_circuit_operator.py for tasks to queue
[2023-04-07T18:06:51.236+0200] {logging_mixin.py:137} INFO - [2023-04-07T18:06:51.236+0200] {dagbag.py:532} INFO - Filling up the DagBag from /Users/oanottage/opt/anaconda3/envs/energyvenv/lib/python3.9/site-packages/airflow/example_dags/example_short_circuit_operator.py
[2023-04-07T18:06:51.289+0200] {processor.py:753} INFO - DAG(s) dict_keys(['example_short_circuit_operator']) retrieved from /Users/oanottage/opt/anaconda3/envs/energyvenv/lib/python3.9/site-packages/airflow/example_dags/example_short_circuit_operator.py
[2023-04-07T18:06:52.016+0200] {logging_mixin.py:137} INFO - [2023-04-07T18:06:52.015+0200] {dag.py:2705} INFO - Sync 1 DAGs
[2023-04-07T18:06:52.032+0200] {logging_mixin.py:137} INFO - [2023-04-07T18:06:52.031+0200] {dag.py:3452} INFO - Setting next_dagrun for example_short_circuit_operator to 2023-04-06T16:06:52.031838+00:00, run_after=2023-04-07T16:06:52.031838+00:00
[2023-04-07T18:06:52.047+0200] {processor.py:175} INFO - Processing /Users/oanottage/opt/anaconda3/envs/energyvenv/lib/python3.9/site-packages/airflow/example_dags/example_short_circuit_operator.py took 0.815 seconds
[2023-04-07T18:08:27.364+0200] {processor.py:153} INFO - Started process (PID=18918) to work on /Users/oanottage/opt/anaconda3/envs/energyvenv/lib/python3.9/site-packages/airflow/example_dags/example_short_circuit_operator.py
[2023-04-07T18:08:27.368+0200] {processor.py:743} INFO - Processing file /Users/oanottage/opt/anaconda3/envs/energyvenv/lib/python3.9/site-packages/airflow/example_dags/example_short_circuit_operator.py for tasks to queue
[2023-04-07T18:08:27.368+0200] {logging_mixin.py:137} INFO - [2023-04-07T18:08:27.368+0200] {dagbag.py:532} INFO - Filling up the DagBag from /Users/oanottage/opt/anaconda3/envs/energyvenv/lib/python3.9/site-packages/airflow/example_dags/example_short_circuit_operator.py
[2023-04-07T18:08:27.415+0200] {processor.py:753} INFO - DAG(s) dict_keys(['example_short_circuit_operator']) retrieved from /Users/oanottage/opt/anaconda3/envs/energyvenv/lib/python3.9/site-packages/airflow/example_dags/example_short_circuit_operator.py
[2023-04-07T18:08:28.091+0200] {logging_mixin.py:137} INFO - [2023-04-07T18:08:28.091+0200] {dag.py:2705} INFO - Sync 1 DAGs
[2023-04-07T18:08:28.103+0200] {logging_mixin.py:137} INFO - [2023-04-07T18:08:28.103+0200] {dag.py:3452} INFO - Setting next_dagrun for example_short_circuit_operator to 2023-04-06T16:08:28.103280+00:00, run_after=2023-04-07T16:08:28.103280+00:00
[2023-04-07T18:08:28.115+0200] {processor.py:175} INFO - Processing /Users/oanottage/opt/anaconda3/envs/energyvenv/lib/python3.9/site-packages/airflow/example_dags/example_short_circuit_operator.py took 0.752 seconds
[2023-04-07T18:10:14.310+0200] {processor.py:153} INFO - Started process (PID=19114) to work on /Users/oanottage/opt/anaconda3/envs/energyvenv/lib/python3.9/site-packages/airflow/example_dags/example_short_circuit_operator.py
[2023-04-07T18:10:14.314+0200] {processor.py:743} INFO - Processing file /Users/oanottage/opt/anaconda3/envs/energyvenv/lib/python3.9/site-packages/airflow/example_dags/example_short_circuit_operator.py for tasks to queue
[2023-04-07T18:10:14.315+0200] {logging_mixin.py:137} INFO - [2023-04-07T18:10:14.315+0200] {dagbag.py:532} INFO - Filling up the DagBag from /Users/oanottage/opt/anaconda3/envs/energyvenv/lib/python3.9/site-packages/airflow/example_dags/example_short_circuit_operator.py
[2023-04-07T18:10:14.365+0200] {processor.py:753} INFO - DAG(s) dict_keys(['example_short_circuit_operator']) retrieved from /Users/oanottage/opt/anaconda3/envs/energyvenv/lib/python3.9/site-packages/airflow/example_dags/example_short_circuit_operator.py
[2023-04-07T18:10:15.107+0200] {logging_mixin.py:137} INFO - [2023-04-07T18:10:15.107+0200] {dag.py:2705} INFO - Sync 1 DAGs
[2023-04-07T18:10:15.121+0200] {logging_mixin.py:137} INFO - [2023-04-07T18:10:15.121+0200] {dag.py:3452} INFO - Setting next_dagrun for example_short_circuit_operator to 2023-04-06T16:10:15.121433+00:00, run_after=2023-04-07T16:10:15.121433+00:00
[2023-04-07T18:10:15.135+0200] {processor.py:175} INFO - Processing /Users/oanottage/opt/anaconda3/envs/energyvenv/lib/python3.9/site-packages/airflow/example_dags/example_short_circuit_operator.py took 0.826 seconds
[2023-04-07T18:11:38.244+0200] {processor.py:153} INFO - Started process (PID=19234) to work on /Users/oanottage/opt/anaconda3/envs/energyvenv/lib/python3.9/site-packages/airflow/example_dags/example_short_circuit_operator.py
[2023-04-07T18:11:38.247+0200] {processor.py:743} INFO - Processing file /Users/oanottage/opt/anaconda3/envs/energyvenv/lib/python3.9/site-packages/airflow/example_dags/example_short_circuit_operator.py for tasks to queue
[2023-04-07T18:11:38.247+0200] {logging_mixin.py:137} INFO - [2023-04-07T18:11:38.247+0200] {dagbag.py:532} INFO - Filling up the DagBag from /Users/oanottage/opt/anaconda3/envs/energyvenv/lib/python3.9/site-packages/airflow/example_dags/example_short_circuit_operator.py
[2023-04-07T18:11:38.293+0200] {processor.py:753} INFO - DAG(s) dict_keys(['example_short_circuit_operator']) retrieved from /Users/oanottage/opt/anaconda3/envs/energyvenv/lib/python3.9/site-packages/airflow/example_dags/example_short_circuit_operator.py
[2023-04-07T18:11:38.958+0200] {logging_mixin.py:137} INFO - [2023-04-07T18:11:38.958+0200] {dag.py:2705} INFO - Sync 1 DAGs
[2023-04-07T18:11:38.972+0200] {logging_mixin.py:137} INFO - [2023-04-07T18:11:38.972+0200] {dag.py:3452} INFO - Setting next_dagrun for example_short_circuit_operator to 2023-04-06T16:11:38.972331+00:00, run_after=2023-04-07T16:11:38.972331+00:00
[2023-04-07T18:11:38.987+0200] {processor.py:175} INFO - Processing /Users/oanottage/opt/anaconda3/envs/energyvenv/lib/python3.9/site-packages/airflow/example_dags/example_short_circuit_operator.py took 0.744 seconds
[2023-04-07T18:13:37.614+0200] {processor.py:153} INFO - Started process (PID=19400) to work on /Users/oanottage/opt/anaconda3/envs/energyvenv/lib/python3.9/site-packages/airflow/example_dags/example_short_circuit_operator.py
[2023-04-07T18:13:37.621+0200] {processor.py:743} INFO - Processing file /Users/oanottage/opt/anaconda3/envs/energyvenv/lib/python3.9/site-packages/airflow/example_dags/example_short_circuit_operator.py for tasks to queue
[2023-04-07T18:13:37.622+0200] {logging_mixin.py:137} INFO - [2023-04-07T18:13:37.622+0200] {dagbag.py:532} INFO - Filling up the DagBag from /Users/oanottage/opt/anaconda3/envs/energyvenv/lib/python3.9/site-packages/airflow/example_dags/example_short_circuit_operator.py
[2023-04-07T18:13:37.689+0200] {processor.py:753} INFO - DAG(s) dict_keys(['example_short_circuit_operator']) retrieved from /Users/oanottage/opt/anaconda3/envs/energyvenv/lib/python3.9/site-packages/airflow/example_dags/example_short_circuit_operator.py
[2023-04-07T18:13:38.464+0200] {logging_mixin.py:137} INFO - [2023-04-07T18:13:38.464+0200] {dag.py:2705} INFO - Sync 1 DAGs
[2023-04-07T18:13:38.479+0200] {logging_mixin.py:137} INFO - [2023-04-07T18:13:38.479+0200] {dag.py:3452} INFO - Setting next_dagrun for example_short_circuit_operator to 2023-04-06T16:13:38.479379+00:00, run_after=2023-04-07T16:13:38.479379+00:00
[2023-04-07T18:13:38.494+0200] {processor.py:175} INFO - Processing /Users/oanottage/opt/anaconda3/envs/energyvenv/lib/python3.9/site-packages/airflow/example_dags/example_short_circuit_operator.py took 0.881 seconds
[2023-04-07T18:16:08.288+0200] {processor.py:153} INFO - Started process (PID=19598) to work on /Users/oanottage/opt/anaconda3/envs/energyvenv/lib/python3.9/site-packages/airflow/example_dags/example_short_circuit_operator.py
[2023-04-07T18:16:08.292+0200] {processor.py:743} INFO - Processing file /Users/oanottage/opt/anaconda3/envs/energyvenv/lib/python3.9/site-packages/airflow/example_dags/example_short_circuit_operator.py for tasks to queue
[2023-04-07T18:16:08.292+0200] {logging_mixin.py:137} INFO - [2023-04-07T18:16:08.292+0200] {dagbag.py:532} INFO - Filling up the DagBag from /Users/oanottage/opt/anaconda3/envs/energyvenv/lib/python3.9/site-packages/airflow/example_dags/example_short_circuit_operator.py
[2023-04-07T18:16:08.356+0200] {processor.py:753} INFO - DAG(s) dict_keys(['example_short_circuit_operator']) retrieved from /Users/oanottage/opt/anaconda3/envs/energyvenv/lib/python3.9/site-packages/airflow/example_dags/example_short_circuit_operator.py
[2023-04-07T18:16:09.026+0200] {logging_mixin.py:137} INFO - [2023-04-07T18:16:09.026+0200] {dag.py:2705} INFO - Sync 1 DAGs
[2023-04-07T18:16:09.038+0200] {logging_mixin.py:137} INFO - [2023-04-07T18:16:09.038+0200] {dag.py:3452} INFO - Setting next_dagrun for example_short_circuit_operator to 2023-04-06T16:16:09.038160+00:00, run_after=2023-04-07T16:16:09.038160+00:00
[2023-04-07T18:16:09.052+0200] {processor.py:175} INFO - Processing /Users/oanottage/opt/anaconda3/envs/energyvenv/lib/python3.9/site-packages/airflow/example_dags/example_short_circuit_operator.py took 0.765 seconds
[2023-04-07T18:17:59.947+0200] {processor.py:153} INFO - Started process (PID=19730) to work on /Users/oanottage/opt/anaconda3/envs/energyvenv/lib/python3.9/site-packages/airflow/example_dags/example_short_circuit_operator.py
[2023-04-07T18:17:59.951+0200] {processor.py:743} INFO - Processing file /Users/oanottage/opt/anaconda3/envs/energyvenv/lib/python3.9/site-packages/airflow/example_dags/example_short_circuit_operator.py for tasks to queue
[2023-04-07T18:17:59.951+0200] {logging_mixin.py:137} INFO - [2023-04-07T18:17:59.951+0200] {dagbag.py:532} INFO - Filling up the DagBag from /Users/oanottage/opt/anaconda3/envs/energyvenv/lib/python3.9/site-packages/airflow/example_dags/example_short_circuit_operator.py
[2023-04-07T18:18:00.001+0200] {processor.py:753} INFO - DAG(s) dict_keys(['example_short_circuit_operator']) retrieved from /Users/oanottage/opt/anaconda3/envs/energyvenv/lib/python3.9/site-packages/airflow/example_dags/example_short_circuit_operator.py
[2023-04-07T18:18:00.634+0200] {logging_mixin.py:137} INFO - [2023-04-07T18:18:00.634+0200] {dag.py:2705} INFO - Sync 1 DAGs
[2023-04-07T18:18:00.646+0200] {logging_mixin.py:137} INFO - [2023-04-07T18:18:00.645+0200] {dag.py:3452} INFO - Setting next_dagrun for example_short_circuit_operator to 2023-04-06T16:18:00.645722+00:00, run_after=2023-04-07T16:18:00.645722+00:00
[2023-04-07T18:18:00.658+0200] {processor.py:175} INFO - Processing /Users/oanottage/opt/anaconda3/envs/energyvenv/lib/python3.9/site-packages/airflow/example_dags/example_short_circuit_operator.py took 0.712 seconds
[2023-04-07T18:19:21.290+0200] {processor.py:153} INFO - Started process (PID=19828) to work on /Users/oanottage/opt/anaconda3/envs/energyvenv/lib/python3.9/site-packages/airflow/example_dags/example_short_circuit_operator.py
[2023-04-07T18:19:21.293+0200] {processor.py:743} INFO - Processing file /Users/oanottage/opt/anaconda3/envs/energyvenv/lib/python3.9/site-packages/airflow/example_dags/example_short_circuit_operator.py for tasks to queue
[2023-04-07T18:19:21.294+0200] {logging_mixin.py:137} INFO - [2023-04-07T18:19:21.293+0200] {dagbag.py:532} INFO - Filling up the DagBag from /Users/oanottage/opt/anaconda3/envs/energyvenv/lib/python3.9/site-packages/airflow/example_dags/example_short_circuit_operator.py
[2023-04-07T18:19:21.337+0200] {processor.py:753} INFO - DAG(s) dict_keys(['example_short_circuit_operator']) retrieved from /Users/oanottage/opt/anaconda3/envs/energyvenv/lib/python3.9/site-packages/airflow/example_dags/example_short_circuit_operator.py
[2023-04-07T18:19:21.971+0200] {logging_mixin.py:137} INFO - [2023-04-07T18:19:21.971+0200] {dag.py:2705} INFO - Sync 1 DAGs
[2023-04-07T18:19:21.983+0200] {logging_mixin.py:137} INFO - [2023-04-07T18:19:21.983+0200] {dag.py:3452} INFO - Setting next_dagrun for example_short_circuit_operator to 2023-04-06T16:19:21.983275+00:00, run_after=2023-04-07T16:19:21.983275+00:00
[2023-04-07T18:19:21.997+0200] {processor.py:175} INFO - Processing /Users/oanottage/opt/anaconda3/envs/energyvenv/lib/python3.9/site-packages/airflow/example_dags/example_short_circuit_operator.py took 0.707 seconds
[2023-04-07T18:20:44.151+0200] {processor.py:153} INFO - Started process (PID=19993) to work on /Users/oanottage/opt/anaconda3/envs/energyvenv/lib/python3.9/site-packages/airflow/example_dags/example_short_circuit_operator.py
[2023-04-07T18:20:44.154+0200] {processor.py:743} INFO - Processing file /Users/oanottage/opt/anaconda3/envs/energyvenv/lib/python3.9/site-packages/airflow/example_dags/example_short_circuit_operator.py for tasks to queue
[2023-04-07T18:20:44.154+0200] {logging_mixin.py:137} INFO - [2023-04-07T18:20:44.154+0200] {dagbag.py:532} INFO - Filling up the DagBag from /Users/oanottage/opt/anaconda3/envs/energyvenv/lib/python3.9/site-packages/airflow/example_dags/example_short_circuit_operator.py
[2023-04-07T18:20:44.204+0200] {processor.py:753} INFO - DAG(s) dict_keys(['example_short_circuit_operator']) retrieved from /Users/oanottage/opt/anaconda3/envs/energyvenv/lib/python3.9/site-packages/airflow/example_dags/example_short_circuit_operator.py
[2023-04-07T18:20:44.850+0200] {logging_mixin.py:137} INFO - [2023-04-07T18:20:44.850+0200] {dag.py:2705} INFO - Sync 1 DAGs
[2023-04-07T18:20:44.865+0200] {logging_mixin.py:137} INFO - [2023-04-07T18:20:44.865+0200] {dag.py:3452} INFO - Setting next_dagrun for example_short_circuit_operator to 2023-04-06T16:20:44.864999+00:00, run_after=2023-04-07T16:20:44.864999+00:00
[2023-04-07T18:20:44.879+0200] {processor.py:175} INFO - Processing /Users/oanottage/opt/anaconda3/envs/energyvenv/lib/python3.9/site-packages/airflow/example_dags/example_short_circuit_operator.py took 0.729 seconds
[2023-04-07T18:22:04.818+0200] {processor.py:153} INFO - Started process (PID=20082) to work on /Users/oanottage/opt/anaconda3/envs/energyvenv/lib/python3.9/site-packages/airflow/example_dags/example_short_circuit_operator.py
[2023-04-07T18:22:04.822+0200] {processor.py:743} INFO - Processing file /Users/oanottage/opt/anaconda3/envs/energyvenv/lib/python3.9/site-packages/airflow/example_dags/example_short_circuit_operator.py for tasks to queue
[2023-04-07T18:22:04.822+0200] {logging_mixin.py:137} INFO - [2023-04-07T18:22:04.822+0200] {dagbag.py:532} INFO - Filling up the DagBag from /Users/oanottage/opt/anaconda3/envs/energyvenv/lib/python3.9/site-packages/airflow/example_dags/example_short_circuit_operator.py
[2023-04-07T18:22:04.872+0200] {processor.py:753} INFO - DAG(s) dict_keys(['example_short_circuit_operator']) retrieved from /Users/oanottage/opt/anaconda3/envs/energyvenv/lib/python3.9/site-packages/airflow/example_dags/example_short_circuit_operator.py
[2023-04-07T18:22:05.627+0200] {logging_mixin.py:137} INFO - [2023-04-07T18:22:05.627+0200] {dag.py:2705} INFO - Sync 1 DAGs
[2023-04-07T18:22:05.642+0200] {logging_mixin.py:137} INFO - [2023-04-07T18:22:05.641+0200] {dag.py:3452} INFO - Setting next_dagrun for example_short_circuit_operator to 2023-04-06T16:22:05.641810+00:00, run_after=2023-04-07T16:22:05.641810+00:00
[2023-04-07T18:22:05.656+0200] {processor.py:175} INFO - Processing /Users/oanottage/opt/anaconda3/envs/energyvenv/lib/python3.9/site-packages/airflow/example_dags/example_short_circuit_operator.py took 0.839 seconds
[2023-04-07T18:23:26.422+0200] {processor.py:153} INFO - Started process (PID=20170) to work on /Users/oanottage/opt/anaconda3/envs/energyvenv/lib/python3.9/site-packages/airflow/example_dags/example_short_circuit_operator.py
[2023-04-07T18:23:26.425+0200] {processor.py:743} INFO - Processing file /Users/oanottage/opt/anaconda3/envs/energyvenv/lib/python3.9/site-packages/airflow/example_dags/example_short_circuit_operator.py for tasks to queue
[2023-04-07T18:23:26.426+0200] {logging_mixin.py:137} INFO - [2023-04-07T18:23:26.426+0200] {dagbag.py:532} INFO - Filling up the DagBag from /Users/oanottage/opt/anaconda3/envs/energyvenv/lib/python3.9/site-packages/airflow/example_dags/example_short_circuit_operator.py
[2023-04-07T18:23:26.474+0200] {processor.py:753} INFO - DAG(s) dict_keys(['example_short_circuit_operator']) retrieved from /Users/oanottage/opt/anaconda3/envs/energyvenv/lib/python3.9/site-packages/airflow/example_dags/example_short_circuit_operator.py
[2023-04-07T18:23:27.225+0200] {logging_mixin.py:137} INFO - [2023-04-07T18:23:27.225+0200] {dag.py:2705} INFO - Sync 1 DAGs
[2023-04-07T18:23:27.239+0200] {logging_mixin.py:137} INFO - [2023-04-07T18:23:27.238+0200] {dag.py:3452} INFO - Setting next_dagrun for example_short_circuit_operator to 2023-04-06T16:23:27.238875+00:00, run_after=2023-04-07T16:23:27.238875+00:00
[2023-04-07T18:23:27.254+0200] {processor.py:175} INFO - Processing /Users/oanottage/opt/anaconda3/envs/energyvenv/lib/python3.9/site-packages/airflow/example_dags/example_short_circuit_operator.py took 0.833 seconds
[2023-04-07T18:24:49.040+0200] {processor.py:153} INFO - Started process (PID=20267) to work on /Users/oanottage/opt/anaconda3/envs/energyvenv/lib/python3.9/site-packages/airflow/example_dags/example_short_circuit_operator.py
[2023-04-07T18:24:49.043+0200] {processor.py:743} INFO - Processing file /Users/oanottage/opt/anaconda3/envs/energyvenv/lib/python3.9/site-packages/airflow/example_dags/example_short_circuit_operator.py for tasks to queue
[2023-04-07T18:24:49.044+0200] {logging_mixin.py:137} INFO - [2023-04-07T18:24:49.044+0200] {dagbag.py:532} INFO - Filling up the DagBag from /Users/oanottage/opt/anaconda3/envs/energyvenv/lib/python3.9/site-packages/airflow/example_dags/example_short_circuit_operator.py
[2023-04-07T18:24:49.097+0200] {processor.py:753} INFO - DAG(s) dict_keys(['example_short_circuit_operator']) retrieved from /Users/oanottage/opt/anaconda3/envs/energyvenv/lib/python3.9/site-packages/airflow/example_dags/example_short_circuit_operator.py
[2023-04-07T18:24:49.779+0200] {logging_mixin.py:137} INFO - [2023-04-07T18:24:49.779+0200] {dag.py:2705} INFO - Sync 1 DAGs
[2023-04-07T18:24:49.793+0200] {logging_mixin.py:137} INFO - [2023-04-07T18:24:49.793+0200] {dag.py:3452} INFO - Setting next_dagrun for example_short_circuit_operator to 2023-04-06T16:24:49.793587+00:00, run_after=2023-04-07T16:24:49.793587+00:00
[2023-04-07T18:24:49.808+0200] {processor.py:175} INFO - Processing /Users/oanottage/opt/anaconda3/envs/energyvenv/lib/python3.9/site-packages/airflow/example_dags/example_short_circuit_operator.py took 0.769 seconds
[2023-04-07T18:26:12.477+0200] {processor.py:153} INFO - Started process (PID=20365) to work on /Users/oanottage/opt/anaconda3/envs/energyvenv/lib/python3.9/site-packages/airflow/example_dags/example_short_circuit_operator.py
[2023-04-07T18:26:12.480+0200] {processor.py:743} INFO - Processing file /Users/oanottage/opt/anaconda3/envs/energyvenv/lib/python3.9/site-packages/airflow/example_dags/example_short_circuit_operator.py for tasks to queue
[2023-04-07T18:26:12.480+0200] {logging_mixin.py:137} INFO - [2023-04-07T18:26:12.480+0200] {dagbag.py:532} INFO - Filling up the DagBag from /Users/oanottage/opt/anaconda3/envs/energyvenv/lib/python3.9/site-packages/airflow/example_dags/example_short_circuit_operator.py
[2023-04-07T18:26:12.528+0200] {processor.py:753} INFO - DAG(s) dict_keys(['example_short_circuit_operator']) retrieved from /Users/oanottage/opt/anaconda3/envs/energyvenv/lib/python3.9/site-packages/airflow/example_dags/example_short_circuit_operator.py
[2023-04-07T18:26:13.157+0200] {logging_mixin.py:137} INFO - [2023-04-07T18:26:13.157+0200] {dag.py:2705} INFO - Sync 1 DAGs
[2023-04-07T18:26:13.171+0200] {logging_mixin.py:137} INFO - [2023-04-07T18:26:13.171+0200] {dag.py:3452} INFO - Setting next_dagrun for example_short_circuit_operator to 2023-04-06T16:26:13.171157+00:00, run_after=2023-04-07T16:26:13.171157+00:00
[2023-04-07T18:26:13.185+0200] {processor.py:175} INFO - Processing /Users/oanottage/opt/anaconda3/envs/energyvenv/lib/python3.9/site-packages/airflow/example_dags/example_short_circuit_operator.py took 0.709 seconds
[2023-04-07T18:27:28.448+0200] {processor.py:153} INFO - Started process (PID=20455) to work on /Users/oanottage/opt/anaconda3/envs/energyvenv/lib/python3.9/site-packages/airflow/example_dags/example_short_circuit_operator.py
[2023-04-07T18:27:28.452+0200] {processor.py:743} INFO - Processing file /Users/oanottage/opt/anaconda3/envs/energyvenv/lib/python3.9/site-packages/airflow/example_dags/example_short_circuit_operator.py for tasks to queue
[2023-04-07T18:27:28.452+0200] {logging_mixin.py:137} INFO - [2023-04-07T18:27:28.452+0200] {dagbag.py:532} INFO - Filling up the DagBag from /Users/oanottage/opt/anaconda3/envs/energyvenv/lib/python3.9/site-packages/airflow/example_dags/example_short_circuit_operator.py
[2023-04-07T18:27:28.516+0200] {processor.py:753} INFO - DAG(s) dict_keys(['example_short_circuit_operator']) retrieved from /Users/oanottage/opt/anaconda3/envs/energyvenv/lib/python3.9/site-packages/airflow/example_dags/example_short_circuit_operator.py
[2023-04-07T18:27:29.173+0200] {logging_mixin.py:137} INFO - [2023-04-07T18:27:29.173+0200] {dag.py:2705} INFO - Sync 1 DAGs
[2023-04-07T18:27:29.185+0200] {logging_mixin.py:137} INFO - [2023-04-07T18:27:29.185+0200] {dag.py:3452} INFO - Setting next_dagrun for example_short_circuit_operator to 2023-04-06T16:27:29.185062+00:00, run_after=2023-04-07T16:27:29.185062+00:00
[2023-04-07T18:27:29.197+0200] {processor.py:175} INFO - Processing /Users/oanottage/opt/anaconda3/envs/energyvenv/lib/python3.9/site-packages/airflow/example_dags/example_short_circuit_operator.py took 0.749 seconds
[2023-04-07T18:29:17.469+0200] {processor.py:153} INFO - Started process (PID=20602) to work on /Users/oanottage/opt/anaconda3/envs/energyvenv/lib/python3.9/site-packages/airflow/example_dags/example_short_circuit_operator.py
[2023-04-07T18:29:17.472+0200] {processor.py:743} INFO - Processing file /Users/oanottage/opt/anaconda3/envs/energyvenv/lib/python3.9/site-packages/airflow/example_dags/example_short_circuit_operator.py for tasks to queue
[2023-04-07T18:29:17.473+0200] {logging_mixin.py:137} INFO - [2023-04-07T18:29:17.473+0200] {dagbag.py:532} INFO - Filling up the DagBag from /Users/oanottage/opt/anaconda3/envs/energyvenv/lib/python3.9/site-packages/airflow/example_dags/example_short_circuit_operator.py
[2023-04-07T18:29:17.520+0200] {processor.py:753} INFO - DAG(s) dict_keys(['example_short_circuit_operator']) retrieved from /Users/oanottage/opt/anaconda3/envs/energyvenv/lib/python3.9/site-packages/airflow/example_dags/example_short_circuit_operator.py
[2023-04-07T18:29:18.164+0200] {logging_mixin.py:137} INFO - [2023-04-07T18:29:18.164+0200] {dag.py:2705} INFO - Sync 1 DAGs
[2023-04-07T18:29:18.176+0200] {logging_mixin.py:137} INFO - [2023-04-07T18:29:18.176+0200] {dag.py:3452} INFO - Setting next_dagrun for example_short_circuit_operator to 2023-04-06T16:29:18.176338+00:00, run_after=2023-04-07T16:29:18.176338+00:00
[2023-04-07T18:29:18.192+0200] {processor.py:175} INFO - Processing /Users/oanottage/opt/anaconda3/envs/energyvenv/lib/python3.9/site-packages/airflow/example_dags/example_short_circuit_operator.py took 0.723 seconds
[2023-04-07T18:30:38.964+0200] {processor.py:153} INFO - Started process (PID=20770) to work on /Users/oanottage/opt/anaconda3/envs/energyvenv/lib/python3.9/site-packages/airflow/example_dags/example_short_circuit_operator.py
[2023-04-07T18:30:38.968+0200] {processor.py:743} INFO - Processing file /Users/oanottage/opt/anaconda3/envs/energyvenv/lib/python3.9/site-packages/airflow/example_dags/example_short_circuit_operator.py for tasks to queue
[2023-04-07T18:30:38.969+0200] {logging_mixin.py:137} INFO - [2023-04-07T18:30:38.968+0200] {dagbag.py:532} INFO - Filling up the DagBag from /Users/oanottage/opt/anaconda3/envs/energyvenv/lib/python3.9/site-packages/airflow/example_dags/example_short_circuit_operator.py
[2023-04-07T18:30:39.024+0200] {processor.py:753} INFO - DAG(s) dict_keys(['example_short_circuit_operator']) retrieved from /Users/oanottage/opt/anaconda3/envs/energyvenv/lib/python3.9/site-packages/airflow/example_dags/example_short_circuit_operator.py
[2023-04-07T18:30:39.762+0200] {logging_mixin.py:137} INFO - [2023-04-07T18:30:39.762+0200] {dag.py:2705} INFO - Sync 1 DAGs
[2023-04-07T18:30:39.774+0200] {logging_mixin.py:137} INFO - [2023-04-07T18:30:39.774+0200] {dag.py:3452} INFO - Setting next_dagrun for example_short_circuit_operator to 2023-04-06T16:30:39.774248+00:00, run_after=2023-04-07T16:30:39.774248+00:00
[2023-04-07T18:30:39.786+0200] {processor.py:175} INFO - Processing /Users/oanottage/opt/anaconda3/envs/energyvenv/lib/python3.9/site-packages/airflow/example_dags/example_short_circuit_operator.py took 0.823 seconds
[2023-04-07T18:42:37.602+0200] {processor.py:153} INFO - Started process (PID=21429) to work on /Users/oanottage/opt/anaconda3/envs/energyvenv/lib/python3.9/site-packages/airflow/example_dags/example_short_circuit_operator.py
[2023-04-07T18:42:37.605+0200] {processor.py:743} INFO - Processing file /Users/oanottage/opt/anaconda3/envs/energyvenv/lib/python3.9/site-packages/airflow/example_dags/example_short_circuit_operator.py for tasks to queue
[2023-04-07T18:42:37.606+0200] {logging_mixin.py:137} INFO - [2023-04-07T18:42:37.606+0200] {dagbag.py:532} INFO - Filling up the DagBag from /Users/oanottage/opt/anaconda3/envs/energyvenv/lib/python3.9/site-packages/airflow/example_dags/example_short_circuit_operator.py
[2023-04-07T18:42:37.661+0200] {processor.py:753} INFO - DAG(s) dict_keys(['example_short_circuit_operator']) retrieved from /Users/oanottage/opt/anaconda3/envs/energyvenv/lib/python3.9/site-packages/airflow/example_dags/example_short_circuit_operator.py
[2023-04-07T18:42:38.387+0200] {logging_mixin.py:137} INFO - [2023-04-07T18:42:38.387+0200] {dag.py:2705} INFO - Sync 1 DAGs
[2023-04-07T18:42:38.401+0200] {logging_mixin.py:137} INFO - [2023-04-07T18:42:38.401+0200] {dag.py:3452} INFO - Setting next_dagrun for example_short_circuit_operator to 2023-04-06T16:42:38.401228+00:00, run_after=2023-04-07T16:42:38.401228+00:00
[2023-04-07T18:42:38.415+0200] {processor.py:175} INFO - Processing /Users/oanottage/opt/anaconda3/envs/energyvenv/lib/python3.9/site-packages/airflow/example_dags/example_short_circuit_operator.py took 0.814 seconds
[2023-04-07T18:45:32.210+0200] {processor.py:153} INFO - Started process (PID=21648) to work on /Users/oanottage/opt/anaconda3/envs/energyvenv/lib/python3.9/site-packages/airflow/example_dags/example_short_circuit_operator.py
[2023-04-07T18:45:32.214+0200] {processor.py:743} INFO - Processing file /Users/oanottage/opt/anaconda3/envs/energyvenv/lib/python3.9/site-packages/airflow/example_dags/example_short_circuit_operator.py for tasks to queue
[2023-04-07T18:45:32.214+0200] {logging_mixin.py:137} INFO - [2023-04-07T18:45:32.214+0200] {dagbag.py:532} INFO - Filling up the DagBag from /Users/oanottage/opt/anaconda3/envs/energyvenv/lib/python3.9/site-packages/airflow/example_dags/example_short_circuit_operator.py
[2023-04-07T18:45:32.268+0200] {processor.py:753} INFO - DAG(s) dict_keys(['example_short_circuit_operator']) retrieved from /Users/oanottage/opt/anaconda3/envs/energyvenv/lib/python3.9/site-packages/airflow/example_dags/example_short_circuit_operator.py
[2023-04-07T18:45:33.007+0200] {logging_mixin.py:137} INFO - [2023-04-07T18:45:33.007+0200] {dag.py:2705} INFO - Sync 1 DAGs
[2023-04-07T18:45:33.023+0200] {logging_mixin.py:137} INFO - [2023-04-07T18:45:33.023+0200] {dag.py:3452} INFO - Setting next_dagrun for example_short_circuit_operator to 2023-04-06T16:45:33.023535+00:00, run_after=2023-04-07T16:45:33.023535+00:00
[2023-04-07T18:45:33.040+0200] {processor.py:175} INFO - Processing /Users/oanottage/opt/anaconda3/envs/energyvenv/lib/python3.9/site-packages/airflow/example_dags/example_short_circuit_operator.py took 0.830 seconds
