[2023-04-07T17:54:37.334+0200] {processor.py:153} INFO - Started process (PID=17819) to work on /Users/oanottage/opt/anaconda3/envs/energyvenv/lib/python3.9/site-packages/airflow/example_dags/example_subdag_operator.py
[2023-04-07T17:54:37.338+0200] {processor.py:743} INFO - Processing file /Users/oanottage/opt/anaconda3/envs/energyvenv/lib/python3.9/site-packages/airflow/example_dags/example_subdag_operator.py for tasks to queue
[2023-04-07T17:54:37.338+0200] {logging_mixin.py:137} INFO - [2023-04-07T17:54:37.338+0200] {dagbag.py:532} INFO - Filling up the DagBag from /Users/oanottage/opt/anaconda3/envs/energyvenv/lib/python3.9/site-packages/airflow/example_dags/example_subdag_operator.py
[2023-04-07T17:54:38.018+0200] {processor.py:753} INFO - DAG(s) dict_keys(['example_subdag_operator.section-1', 'example_subdag_operator.section-2', 'example_subdag_operator']) retrieved from /Users/oanottage/opt/anaconda3/envs/energyvenv/lib/python3.9/site-packages/airflow/example_dags/example_subdag_operator.py
[2023-04-07T17:54:38.135+0200] {logging_mixin.py:137} INFO - [2023-04-07T17:54:38.134+0200] {dag.py:2705} INFO - Sync 3 DAGs
[2023-04-07T17:54:38.146+0200] {logging_mixin.py:137} INFO - [2023-04-07T17:54:38.146+0200] {dag.py:3452} INFO - Setting next_dagrun for example_subdag_operator to 2022-01-01T00:00:00+00:00, run_after=2022-01-01T00:00:00+00:00
[2023-04-07T17:54:38.147+0200] {logging_mixin.py:137} INFO - [2023-04-07T17:54:38.147+0200] {dag.py:3452} INFO - Setting next_dagrun for example_subdag_operator.section-1 to None, run_after=None
[2023-04-07T17:54:38.148+0200] {logging_mixin.py:137} INFO - [2023-04-07T17:54:38.148+0200] {dag.py:3452} INFO - Setting next_dagrun for example_subdag_operator.section-2 to None, run_after=None
[2023-04-07T17:54:38.153+0200] {logging_mixin.py:137} INFO - [2023-04-07T17:54:38.153+0200] {dag.py:2705} INFO - Sync 2 DAGs
[2023-04-07T17:54:38.155+0200] {logging_mixin.py:137} INFO - [2023-04-07T17:54:38.155+0200] {dag.py:3452} INFO - Setting next_dagrun for example_subdag_operator.section-1 to None, run_after=None
[2023-04-07T17:54:38.155+0200] {logging_mixin.py:137} INFO - [2023-04-07T17:54:38.155+0200] {dag.py:3452} INFO - Setting next_dagrun for example_subdag_operator.section-2 to None, run_after=None
[2023-04-07T17:54:38.165+0200] {processor.py:175} INFO - Processing /Users/oanottage/opt/anaconda3/envs/energyvenv/lib/python3.9/site-packages/airflow/example_dags/example_subdag_operator.py took 0.831 seconds
[2023-04-07T17:56:46.485+0200] {processor.py:153} INFO - Started process (PID=18035) to work on /Users/oanottage/opt/anaconda3/envs/energyvenv/lib/python3.9/site-packages/airflow/example_dags/example_subdag_operator.py
[2023-04-07T17:56:46.488+0200] {processor.py:743} INFO - Processing file /Users/oanottage/opt/anaconda3/envs/energyvenv/lib/python3.9/site-packages/airflow/example_dags/example_subdag_operator.py for tasks to queue
[2023-04-07T17:56:46.489+0200] {logging_mixin.py:137} INFO - [2023-04-07T17:56:46.489+0200] {dagbag.py:532} INFO - Filling up the DagBag from /Users/oanottage/opt/anaconda3/envs/energyvenv/lib/python3.9/site-packages/airflow/example_dags/example_subdag_operator.py
[2023-04-07T17:56:47.174+0200] {processor.py:753} INFO - DAG(s) dict_keys(['example_subdag_operator.section-1', 'example_subdag_operator.section-2', 'example_subdag_operator']) retrieved from /Users/oanottage/opt/anaconda3/envs/energyvenv/lib/python3.9/site-packages/airflow/example_dags/example_subdag_operator.py
[2023-04-07T17:56:47.275+0200] {logging_mixin.py:137} INFO - [2023-04-07T17:56:47.275+0200] {dag.py:2705} INFO - Sync 3 DAGs
[2023-04-07T17:56:47.286+0200] {logging_mixin.py:137} INFO - [2023-04-07T17:56:47.286+0200] {dag.py:3452} INFO - Setting next_dagrun for example_subdag_operator to 2022-01-01T00:00:00+00:00, run_after=2022-01-01T00:00:00+00:00
[2023-04-07T17:56:47.287+0200] {logging_mixin.py:137} INFO - [2023-04-07T17:56:47.287+0200] {dag.py:3452} INFO - Setting next_dagrun for example_subdag_operator.section-1 to None, run_after=None
[2023-04-07T17:56:47.288+0200] {logging_mixin.py:137} INFO - [2023-04-07T17:56:47.288+0200] {dag.py:3452} INFO - Setting next_dagrun for example_subdag_operator.section-2 to None, run_after=None
[2023-04-07T17:56:47.291+0200] {logging_mixin.py:137} INFO - [2023-04-07T17:56:47.291+0200] {dag.py:2705} INFO - Sync 2 DAGs
[2023-04-07T17:56:47.294+0200] {logging_mixin.py:137} INFO - [2023-04-07T17:56:47.294+0200] {dag.py:3452} INFO - Setting next_dagrun for example_subdag_operator.section-1 to None, run_after=None
[2023-04-07T17:56:47.294+0200] {logging_mixin.py:137} INFO - [2023-04-07T17:56:47.294+0200] {dag.py:3452} INFO - Setting next_dagrun for example_subdag_operator.section-2 to None, run_after=None
[2023-04-07T17:56:47.307+0200] {processor.py:175} INFO - Processing /Users/oanottage/opt/anaconda3/envs/energyvenv/lib/python3.9/site-packages/airflow/example_dags/example_subdag_operator.py took 0.822 seconds
[2023-04-07T17:58:22.690+0200] {processor.py:153} INFO - Started process (PID=18141) to work on /Users/oanottage/opt/anaconda3/envs/energyvenv/lib/python3.9/site-packages/airflow/example_dags/example_subdag_operator.py
[2023-04-07T17:58:22.693+0200] {processor.py:743} INFO - Processing file /Users/oanottage/opt/anaconda3/envs/energyvenv/lib/python3.9/site-packages/airflow/example_dags/example_subdag_operator.py for tasks to queue
[2023-04-07T17:58:22.694+0200] {logging_mixin.py:137} INFO - [2023-04-07T17:58:22.693+0200] {dagbag.py:532} INFO - Filling up the DagBag from /Users/oanottage/opt/anaconda3/envs/energyvenv/lib/python3.9/site-packages/airflow/example_dags/example_subdag_operator.py
[2023-04-07T17:58:23.344+0200] {processor.py:753} INFO - DAG(s) dict_keys(['example_subdag_operator.section-1', 'example_subdag_operator.section-2', 'example_subdag_operator']) retrieved from /Users/oanottage/opt/anaconda3/envs/energyvenv/lib/python3.9/site-packages/airflow/example_dags/example_subdag_operator.py
[2023-04-07T17:58:23.442+0200] {logging_mixin.py:137} INFO - [2023-04-07T17:58:23.441+0200] {dag.py:2705} INFO - Sync 3 DAGs
[2023-04-07T17:58:23.452+0200] {logging_mixin.py:137} INFO - [2023-04-07T17:58:23.452+0200] {dag.py:3452} INFO - Setting next_dagrun for example_subdag_operator to 2022-01-01T00:00:00+00:00, run_after=2022-01-01T00:00:00+00:00
[2023-04-07T17:58:23.454+0200] {logging_mixin.py:137} INFO - [2023-04-07T17:58:23.454+0200] {dag.py:3452} INFO - Setting next_dagrun for example_subdag_operator.section-1 to None, run_after=None
[2023-04-07T17:58:23.455+0200] {logging_mixin.py:137} INFO - [2023-04-07T17:58:23.454+0200] {dag.py:3452} INFO - Setting next_dagrun for example_subdag_operator.section-2 to None, run_after=None
[2023-04-07T17:58:23.458+0200] {logging_mixin.py:137} INFO - [2023-04-07T17:58:23.458+0200] {dag.py:2705} INFO - Sync 2 DAGs
[2023-04-07T17:58:23.460+0200] {logging_mixin.py:137} INFO - [2023-04-07T17:58:23.460+0200] {dag.py:3452} INFO - Setting next_dagrun for example_subdag_operator.section-1 to None, run_after=None
[2023-04-07T17:58:23.461+0200] {logging_mixin.py:137} INFO - [2023-04-07T17:58:23.461+0200] {dag.py:3452} INFO - Setting next_dagrun for example_subdag_operator.section-2 to None, run_after=None
[2023-04-07T17:58:23.470+0200] {processor.py:175} INFO - Processing /Users/oanottage/opt/anaconda3/envs/energyvenv/lib/python3.9/site-packages/airflow/example_dags/example_subdag_operator.py took 0.781 seconds
[2023-04-07T17:59:42.653+0200] {processor.py:153} INFO - Started process (PID=18234) to work on /Users/oanottage/opt/anaconda3/envs/energyvenv/lib/python3.9/site-packages/airflow/example_dags/example_subdag_operator.py
[2023-04-07T17:59:42.656+0200] {processor.py:743} INFO - Processing file /Users/oanottage/opt/anaconda3/envs/energyvenv/lib/python3.9/site-packages/airflow/example_dags/example_subdag_operator.py for tasks to queue
[2023-04-07T17:59:42.656+0200] {logging_mixin.py:137} INFO - [2023-04-07T17:59:42.656+0200] {dagbag.py:532} INFO - Filling up the DagBag from /Users/oanottage/opt/anaconda3/envs/energyvenv/lib/python3.9/site-packages/airflow/example_dags/example_subdag_operator.py
[2023-04-07T17:59:43.367+0200] {processor.py:753} INFO - DAG(s) dict_keys(['example_subdag_operator.section-1', 'example_subdag_operator.section-2', 'example_subdag_operator']) retrieved from /Users/oanottage/opt/anaconda3/envs/energyvenv/lib/python3.9/site-packages/airflow/example_dags/example_subdag_operator.py
[2023-04-07T17:59:43.465+0200] {logging_mixin.py:137} INFO - [2023-04-07T17:59:43.465+0200] {dag.py:2705} INFO - Sync 3 DAGs
[2023-04-07T17:59:43.476+0200] {logging_mixin.py:137} INFO - [2023-04-07T17:59:43.476+0200] {dag.py:3452} INFO - Setting next_dagrun for example_subdag_operator to 2022-01-01T00:00:00+00:00, run_after=2022-01-01T00:00:00+00:00
[2023-04-07T17:59:43.478+0200] {logging_mixin.py:137} INFO - [2023-04-07T17:59:43.478+0200] {dag.py:3452} INFO - Setting next_dagrun for example_subdag_operator.section-1 to None, run_after=None
[2023-04-07T17:59:43.478+0200] {logging_mixin.py:137} INFO - [2023-04-07T17:59:43.478+0200] {dag.py:3452} INFO - Setting next_dagrun for example_subdag_operator.section-2 to None, run_after=None
[2023-04-07T17:59:43.482+0200] {logging_mixin.py:137} INFO - [2023-04-07T17:59:43.481+0200] {dag.py:2705} INFO - Sync 2 DAGs
[2023-04-07T17:59:43.484+0200] {logging_mixin.py:137} INFO - [2023-04-07T17:59:43.484+0200] {dag.py:3452} INFO - Setting next_dagrun for example_subdag_operator.section-1 to None, run_after=None
[2023-04-07T17:59:43.484+0200] {logging_mixin.py:137} INFO - [2023-04-07T17:59:43.484+0200] {dag.py:3452} INFO - Setting next_dagrun for example_subdag_operator.section-2 to None, run_after=None
[2023-04-07T17:59:43.493+0200] {processor.py:175} INFO - Processing /Users/oanottage/opt/anaconda3/envs/energyvenv/lib/python3.9/site-packages/airflow/example_dags/example_subdag_operator.py took 0.840 seconds
[2023-04-07T18:01:02.419+0200] {processor.py:153} INFO - Started process (PID=18335) to work on /Users/oanottage/opt/anaconda3/envs/energyvenv/lib/python3.9/site-packages/airflow/example_dags/example_subdag_operator.py
[2023-04-07T18:01:02.422+0200] {processor.py:743} INFO - Processing file /Users/oanottage/opt/anaconda3/envs/energyvenv/lib/python3.9/site-packages/airflow/example_dags/example_subdag_operator.py for tasks to queue
[2023-04-07T18:01:02.422+0200] {logging_mixin.py:137} INFO - [2023-04-07T18:01:02.422+0200] {dagbag.py:532} INFO - Filling up the DagBag from /Users/oanottage/opt/anaconda3/envs/energyvenv/lib/python3.9/site-packages/airflow/example_dags/example_subdag_operator.py
[2023-04-07T18:01:03.090+0200] {processor.py:753} INFO - DAG(s) dict_keys(['example_subdag_operator.section-1', 'example_subdag_operator.section-2', 'example_subdag_operator']) retrieved from /Users/oanottage/opt/anaconda3/envs/energyvenv/lib/python3.9/site-packages/airflow/example_dags/example_subdag_operator.py
[2023-04-07T18:01:03.198+0200] {logging_mixin.py:137} INFO - [2023-04-07T18:01:03.198+0200] {dag.py:2705} INFO - Sync 3 DAGs
[2023-04-07T18:01:03.209+0200] {logging_mixin.py:137} INFO - [2023-04-07T18:01:03.209+0200] {dag.py:3452} INFO - Setting next_dagrun for example_subdag_operator to 2022-01-01T00:00:00+00:00, run_after=2022-01-01T00:00:00+00:00
[2023-04-07T18:01:03.211+0200] {logging_mixin.py:137} INFO - [2023-04-07T18:01:03.211+0200] {dag.py:3452} INFO - Setting next_dagrun for example_subdag_operator.section-1 to None, run_after=None
[2023-04-07T18:01:03.212+0200] {logging_mixin.py:137} INFO - [2023-04-07T18:01:03.212+0200] {dag.py:3452} INFO - Setting next_dagrun for example_subdag_operator.section-2 to None, run_after=None
[2023-04-07T18:01:03.215+0200] {logging_mixin.py:137} INFO - [2023-04-07T18:01:03.215+0200] {dag.py:2705} INFO - Sync 2 DAGs
[2023-04-07T18:01:03.218+0200] {logging_mixin.py:137} INFO - [2023-04-07T18:01:03.218+0200] {dag.py:3452} INFO - Setting next_dagrun for example_subdag_operator.section-1 to None, run_after=None
[2023-04-07T18:01:03.218+0200] {logging_mixin.py:137} INFO - [2023-04-07T18:01:03.218+0200] {dag.py:3452} INFO - Setting next_dagrun for example_subdag_operator.section-2 to None, run_after=None
[2023-04-07T18:01:03.226+0200] {processor.py:175} INFO - Processing /Users/oanottage/opt/anaconda3/envs/energyvenv/lib/python3.9/site-packages/airflow/example_dags/example_subdag_operator.py took 0.808 seconds
[2023-04-07T18:02:24.660+0200] {processor.py:153} INFO - Started process (PID=18428) to work on /Users/oanottage/opt/anaconda3/envs/energyvenv/lib/python3.9/site-packages/airflow/example_dags/example_subdag_operator.py
[2023-04-07T18:02:24.663+0200] {processor.py:743} INFO - Processing file /Users/oanottage/opt/anaconda3/envs/energyvenv/lib/python3.9/site-packages/airflow/example_dags/example_subdag_operator.py for tasks to queue
[2023-04-07T18:02:24.664+0200] {logging_mixin.py:137} INFO - [2023-04-07T18:02:24.664+0200] {dagbag.py:532} INFO - Filling up the DagBag from /Users/oanottage/opt/anaconda3/envs/energyvenv/lib/python3.9/site-packages/airflow/example_dags/example_subdag_operator.py
[2023-04-07T18:02:25.303+0200] {processor.py:753} INFO - DAG(s) dict_keys(['example_subdag_operator.section-1', 'example_subdag_operator.section-2', 'example_subdag_operator']) retrieved from /Users/oanottage/opt/anaconda3/envs/energyvenv/lib/python3.9/site-packages/airflow/example_dags/example_subdag_operator.py
[2023-04-07T18:02:25.399+0200] {logging_mixin.py:137} INFO - [2023-04-07T18:02:25.398+0200] {dag.py:2705} INFO - Sync 3 DAGs
[2023-04-07T18:02:25.409+0200] {logging_mixin.py:137} INFO - [2023-04-07T18:02:25.409+0200] {dag.py:3452} INFO - Setting next_dagrun for example_subdag_operator to 2022-01-01T00:00:00+00:00, run_after=2022-01-01T00:00:00+00:00
[2023-04-07T18:02:25.411+0200] {logging_mixin.py:137} INFO - [2023-04-07T18:02:25.410+0200] {dag.py:3452} INFO - Setting next_dagrun for example_subdag_operator.section-1 to None, run_after=None
[2023-04-07T18:02:25.411+0200] {logging_mixin.py:137} INFO - [2023-04-07T18:02:25.411+0200] {dag.py:3452} INFO - Setting next_dagrun for example_subdag_operator.section-2 to None, run_after=None
[2023-04-07T18:02:25.414+0200] {logging_mixin.py:137} INFO - [2023-04-07T18:02:25.414+0200] {dag.py:2705} INFO - Sync 2 DAGs
[2023-04-07T18:02:25.417+0200] {logging_mixin.py:137} INFO - [2023-04-07T18:02:25.417+0200] {dag.py:3452} INFO - Setting next_dagrun for example_subdag_operator.section-1 to None, run_after=None
[2023-04-07T18:02:25.417+0200] {logging_mixin.py:137} INFO - [2023-04-07T18:02:25.417+0200] {dag.py:3452} INFO - Setting next_dagrun for example_subdag_operator.section-2 to None, run_after=None
[2023-04-07T18:02:25.426+0200] {processor.py:175} INFO - Processing /Users/oanottage/opt/anaconda3/envs/energyvenv/lib/python3.9/site-packages/airflow/example_dags/example_subdag_operator.py took 0.766 seconds
[2023-04-07T18:04:48.919+0200] {processor.py:153} INFO - Started process (PID=18617) to work on /Users/oanottage/opt/anaconda3/envs/energyvenv/lib/python3.9/site-packages/airflow/example_dags/example_subdag_operator.py
[2023-04-07T18:04:48.922+0200] {processor.py:743} INFO - Processing file /Users/oanottage/opt/anaconda3/envs/energyvenv/lib/python3.9/site-packages/airflow/example_dags/example_subdag_operator.py for tasks to queue
[2023-04-07T18:04:48.923+0200] {logging_mixin.py:137} INFO - [2023-04-07T18:04:48.923+0200] {dagbag.py:532} INFO - Filling up the DagBag from /Users/oanottage/opt/anaconda3/envs/energyvenv/lib/python3.9/site-packages/airflow/example_dags/example_subdag_operator.py
[2023-04-07T18:04:49.657+0200] {processor.py:753} INFO - DAG(s) dict_keys(['example_subdag_operator.section-1', 'example_subdag_operator.section-2', 'example_subdag_operator']) retrieved from /Users/oanottage/opt/anaconda3/envs/energyvenv/lib/python3.9/site-packages/airflow/example_dags/example_subdag_operator.py
[2023-04-07T18:04:49.784+0200] {logging_mixin.py:137} INFO - [2023-04-07T18:04:49.784+0200] {dag.py:2705} INFO - Sync 3 DAGs
[2023-04-07T18:04:49.798+0200] {logging_mixin.py:137} INFO - [2023-04-07T18:04:49.798+0200] {dag.py:3452} INFO - Setting next_dagrun for example_subdag_operator to 2022-01-01T00:00:00+00:00, run_after=2022-01-01T00:00:00+00:00
[2023-04-07T18:04:49.800+0200] {logging_mixin.py:137} INFO - [2023-04-07T18:04:49.800+0200] {dag.py:3452} INFO - Setting next_dagrun for example_subdag_operator.section-1 to None, run_after=None
[2023-04-07T18:04:49.801+0200] {logging_mixin.py:137} INFO - [2023-04-07T18:04:49.801+0200] {dag.py:3452} INFO - Setting next_dagrun for example_subdag_operator.section-2 to None, run_after=None
[2023-04-07T18:04:49.805+0200] {logging_mixin.py:137} INFO - [2023-04-07T18:04:49.805+0200] {dag.py:2705} INFO - Sync 2 DAGs
[2023-04-07T18:04:49.809+0200] {logging_mixin.py:137} INFO - [2023-04-07T18:04:49.809+0200] {dag.py:3452} INFO - Setting next_dagrun for example_subdag_operator.section-1 to None, run_after=None
[2023-04-07T18:04:49.809+0200] {logging_mixin.py:137} INFO - [2023-04-07T18:04:49.809+0200] {dag.py:3452} INFO - Setting next_dagrun for example_subdag_operator.section-2 to None, run_after=None
[2023-04-07T18:04:49.819+0200] {processor.py:175} INFO - Processing /Users/oanottage/opt/anaconda3/envs/energyvenv/lib/python3.9/site-packages/airflow/example_dags/example_subdag_operator.py took 0.900 seconds
[2023-04-07T18:06:43.217+0200] {processor.py:153} INFO - Started process (PID=18766) to work on /Users/oanottage/opt/anaconda3/envs/energyvenv/lib/python3.9/site-packages/airflow/example_dags/example_subdag_operator.py
[2023-04-07T18:06:43.220+0200] {processor.py:743} INFO - Processing file /Users/oanottage/opt/anaconda3/envs/energyvenv/lib/python3.9/site-packages/airflow/example_dags/example_subdag_operator.py for tasks to queue
[2023-04-07T18:06:43.221+0200] {logging_mixin.py:137} INFO - [2023-04-07T18:06:43.221+0200] {dagbag.py:532} INFO - Filling up the DagBag from /Users/oanottage/opt/anaconda3/envs/energyvenv/lib/python3.9/site-packages/airflow/example_dags/example_subdag_operator.py
[2023-04-07T18:06:44.019+0200] {processor.py:753} INFO - DAG(s) dict_keys(['example_subdag_operator.section-1', 'example_subdag_operator.section-2', 'example_subdag_operator']) retrieved from /Users/oanottage/opt/anaconda3/envs/energyvenv/lib/python3.9/site-packages/airflow/example_dags/example_subdag_operator.py
[2023-04-07T18:06:44.182+0200] {logging_mixin.py:137} INFO - [2023-04-07T18:06:44.182+0200] {dag.py:2705} INFO - Sync 3 DAGs
[2023-04-07T18:06:44.195+0200] {logging_mixin.py:137} INFO - [2023-04-07T18:06:44.195+0200] {dag.py:3452} INFO - Setting next_dagrun for example_subdag_operator to 2022-01-01T00:00:00+00:00, run_after=2022-01-01T00:00:00+00:00
[2023-04-07T18:06:44.197+0200] {logging_mixin.py:137} INFO - [2023-04-07T18:06:44.197+0200] {dag.py:3452} INFO - Setting next_dagrun for example_subdag_operator.section-1 to None, run_after=None
[2023-04-07T18:06:44.197+0200] {logging_mixin.py:137} INFO - [2023-04-07T18:06:44.197+0200] {dag.py:3452} INFO - Setting next_dagrun for example_subdag_operator.section-2 to None, run_after=None
[2023-04-07T18:06:44.201+0200] {logging_mixin.py:137} INFO - [2023-04-07T18:06:44.201+0200] {dag.py:2705} INFO - Sync 2 DAGs
[2023-04-07T18:06:44.204+0200] {logging_mixin.py:137} INFO - [2023-04-07T18:06:44.204+0200] {dag.py:3452} INFO - Setting next_dagrun for example_subdag_operator.section-1 to None, run_after=None
[2023-04-07T18:06:44.204+0200] {logging_mixin.py:137} INFO - [2023-04-07T18:06:44.204+0200] {dag.py:3452} INFO - Setting next_dagrun for example_subdag_operator.section-2 to None, run_after=None
[2023-04-07T18:06:44.213+0200] {processor.py:175} INFO - Processing /Users/oanottage/opt/anaconda3/envs/energyvenv/lib/python3.9/site-packages/airflow/example_dags/example_subdag_operator.py took 0.997 seconds
[2023-04-07T18:08:19.111+0200] {processor.py:153} INFO - Started process (PID=18908) to work on /Users/oanottage/opt/anaconda3/envs/energyvenv/lib/python3.9/site-packages/airflow/example_dags/example_subdag_operator.py
[2023-04-07T18:08:19.114+0200] {processor.py:743} INFO - Processing file /Users/oanottage/opt/anaconda3/envs/energyvenv/lib/python3.9/site-packages/airflow/example_dags/example_subdag_operator.py for tasks to queue
[2023-04-07T18:08:19.115+0200] {logging_mixin.py:137} INFO - [2023-04-07T18:08:19.115+0200] {dagbag.py:532} INFO - Filling up the DagBag from /Users/oanottage/opt/anaconda3/envs/energyvenv/lib/python3.9/site-packages/airflow/example_dags/example_subdag_operator.py
[2023-04-07T18:08:19.932+0200] {processor.py:753} INFO - DAG(s) dict_keys(['example_subdag_operator.section-1', 'example_subdag_operator.section-2', 'example_subdag_operator']) retrieved from /Users/oanottage/opt/anaconda3/envs/energyvenv/lib/python3.9/site-packages/airflow/example_dags/example_subdag_operator.py
[2023-04-07T18:08:20.054+0200] {logging_mixin.py:137} INFO - [2023-04-07T18:08:20.054+0200] {dag.py:2705} INFO - Sync 3 DAGs
[2023-04-07T18:08:20.067+0200] {logging_mixin.py:137} INFO - [2023-04-07T18:08:20.067+0200] {dag.py:3452} INFO - Setting next_dagrun for example_subdag_operator to 2022-01-01T00:00:00+00:00, run_after=2022-01-01T00:00:00+00:00
[2023-04-07T18:08:20.069+0200] {logging_mixin.py:137} INFO - [2023-04-07T18:08:20.069+0200] {dag.py:3452} INFO - Setting next_dagrun for example_subdag_operator.section-1 to None, run_after=None
[2023-04-07T18:08:20.070+0200] {logging_mixin.py:137} INFO - [2023-04-07T18:08:20.070+0200] {dag.py:3452} INFO - Setting next_dagrun for example_subdag_operator.section-2 to None, run_after=None
[2023-04-07T18:08:20.074+0200] {logging_mixin.py:137} INFO - [2023-04-07T18:08:20.074+0200] {dag.py:2705} INFO - Sync 2 DAGs
[2023-04-07T18:08:20.077+0200] {logging_mixin.py:137} INFO - [2023-04-07T18:08:20.077+0200] {dag.py:3452} INFO - Setting next_dagrun for example_subdag_operator.section-1 to None, run_after=None
[2023-04-07T18:08:20.077+0200] {logging_mixin.py:137} INFO - [2023-04-07T18:08:20.077+0200] {dag.py:3452} INFO - Setting next_dagrun for example_subdag_operator.section-2 to None, run_after=None
[2023-04-07T18:08:20.088+0200] {processor.py:175} INFO - Processing /Users/oanottage/opt/anaconda3/envs/energyvenv/lib/python3.9/site-packages/airflow/example_dags/example_subdag_operator.py took 0.977 seconds
[2023-04-07T18:10:07.591+0200] {processor.py:153} INFO - Started process (PID=19108) to work on /Users/oanottage/opt/anaconda3/envs/energyvenv/lib/python3.9/site-packages/airflow/example_dags/example_subdag_operator.py
[2023-04-07T18:10:07.595+0200] {processor.py:743} INFO - Processing file /Users/oanottage/opt/anaconda3/envs/energyvenv/lib/python3.9/site-packages/airflow/example_dags/example_subdag_operator.py for tasks to queue
[2023-04-07T18:10:07.596+0200] {logging_mixin.py:137} INFO - [2023-04-07T18:10:07.596+0200] {dagbag.py:532} INFO - Filling up the DagBag from /Users/oanottage/opt/anaconda3/envs/energyvenv/lib/python3.9/site-packages/airflow/example_dags/example_subdag_operator.py
[2023-04-07T18:10:08.256+0200] {processor.py:753} INFO - DAG(s) dict_keys(['example_subdag_operator.section-1', 'example_subdag_operator.section-2', 'example_subdag_operator']) retrieved from /Users/oanottage/opt/anaconda3/envs/energyvenv/lib/python3.9/site-packages/airflow/example_dags/example_subdag_operator.py
[2023-04-07T18:10:08.370+0200] {logging_mixin.py:137} INFO - [2023-04-07T18:10:08.370+0200] {dag.py:2705} INFO - Sync 3 DAGs
[2023-04-07T18:10:08.382+0200] {logging_mixin.py:137} INFO - [2023-04-07T18:10:08.382+0200] {dag.py:3452} INFO - Setting next_dagrun for example_subdag_operator to 2022-01-01T00:00:00+00:00, run_after=2022-01-01T00:00:00+00:00
[2023-04-07T18:10:08.384+0200] {logging_mixin.py:137} INFO - [2023-04-07T18:10:08.384+0200] {dag.py:3452} INFO - Setting next_dagrun for example_subdag_operator.section-1 to None, run_after=None
[2023-04-07T18:10:08.384+0200] {logging_mixin.py:137} INFO - [2023-04-07T18:10:08.384+0200] {dag.py:3452} INFO - Setting next_dagrun for example_subdag_operator.section-2 to None, run_after=None
[2023-04-07T18:10:08.388+0200] {logging_mixin.py:137} INFO - [2023-04-07T18:10:08.388+0200] {dag.py:2705} INFO - Sync 2 DAGs
[2023-04-07T18:10:08.391+0200] {logging_mixin.py:137} INFO - [2023-04-07T18:10:08.391+0200] {dag.py:3452} INFO - Setting next_dagrun for example_subdag_operator.section-1 to None, run_after=None
[2023-04-07T18:10:08.391+0200] {logging_mixin.py:137} INFO - [2023-04-07T18:10:08.391+0200] {dag.py:3452} INFO - Setting next_dagrun for example_subdag_operator.section-2 to None, run_after=None
[2023-04-07T18:10:08.402+0200] {processor.py:175} INFO - Processing /Users/oanottage/opt/anaconda3/envs/energyvenv/lib/python3.9/site-packages/airflow/example_dags/example_subdag_operator.py took 0.811 seconds
[2023-04-07T18:11:30.141+0200] {processor.py:153} INFO - Started process (PID=19221) to work on /Users/oanottage/opt/anaconda3/envs/energyvenv/lib/python3.9/site-packages/airflow/example_dags/example_subdag_operator.py
[2023-04-07T18:11:30.144+0200] {processor.py:743} INFO - Processing file /Users/oanottage/opt/anaconda3/envs/energyvenv/lib/python3.9/site-packages/airflow/example_dags/example_subdag_operator.py for tasks to queue
[2023-04-07T18:11:30.145+0200] {logging_mixin.py:137} INFO - [2023-04-07T18:11:30.145+0200] {dagbag.py:532} INFO - Filling up the DagBag from /Users/oanottage/opt/anaconda3/envs/energyvenv/lib/python3.9/site-packages/airflow/example_dags/example_subdag_operator.py
[2023-04-07T18:11:30.820+0200] {processor.py:753} INFO - DAG(s) dict_keys(['example_subdag_operator.section-1', 'example_subdag_operator.section-2', 'example_subdag_operator']) retrieved from /Users/oanottage/opt/anaconda3/envs/energyvenv/lib/python3.9/site-packages/airflow/example_dags/example_subdag_operator.py
[2023-04-07T18:11:30.919+0200] {logging_mixin.py:137} INFO - [2023-04-07T18:11:30.918+0200] {dag.py:2705} INFO - Sync 3 DAGs
[2023-04-07T18:11:30.929+0200] {logging_mixin.py:137} INFO - [2023-04-07T18:11:30.929+0200] {dag.py:3452} INFO - Setting next_dagrun for example_subdag_operator to 2022-01-01T00:00:00+00:00, run_after=2022-01-01T00:00:00+00:00
[2023-04-07T18:11:30.931+0200] {logging_mixin.py:137} INFO - [2023-04-07T18:11:30.931+0200] {dag.py:3452} INFO - Setting next_dagrun for example_subdag_operator.section-1 to None, run_after=None
[2023-04-07T18:11:30.932+0200] {logging_mixin.py:137} INFO - [2023-04-07T18:11:30.931+0200] {dag.py:3452} INFO - Setting next_dagrun for example_subdag_operator.section-2 to None, run_after=None
[2023-04-07T18:11:30.936+0200] {logging_mixin.py:137} INFO - [2023-04-07T18:11:30.936+0200] {dag.py:2705} INFO - Sync 2 DAGs
[2023-04-07T18:11:30.939+0200] {logging_mixin.py:137} INFO - [2023-04-07T18:11:30.939+0200] {dag.py:3452} INFO - Setting next_dagrun for example_subdag_operator.section-1 to None, run_after=None
[2023-04-07T18:11:30.939+0200] {logging_mixin.py:137} INFO - [2023-04-07T18:11:30.939+0200] {dag.py:3452} INFO - Setting next_dagrun for example_subdag_operator.section-2 to None, run_after=None
[2023-04-07T18:11:30.948+0200] {processor.py:175} INFO - Processing /Users/oanottage/opt/anaconda3/envs/energyvenv/lib/python3.9/site-packages/airflow/example_dags/example_subdag_operator.py took 0.808 seconds
[2023-04-07T18:13:29.233+0200] {processor.py:153} INFO - Started process (PID=19387) to work on /Users/oanottage/opt/anaconda3/envs/energyvenv/lib/python3.9/site-packages/airflow/example_dags/example_subdag_operator.py
[2023-04-07T18:13:29.239+0200] {processor.py:743} INFO - Processing file /Users/oanottage/opt/anaconda3/envs/energyvenv/lib/python3.9/site-packages/airflow/example_dags/example_subdag_operator.py for tasks to queue
[2023-04-07T18:13:29.239+0200] {logging_mixin.py:137} INFO - [2023-04-07T18:13:29.239+0200] {dagbag.py:532} INFO - Filling up the DagBag from /Users/oanottage/opt/anaconda3/envs/energyvenv/lib/python3.9/site-packages/airflow/example_dags/example_subdag_operator.py
[2023-04-07T18:13:30.100+0200] {processor.py:753} INFO - DAG(s) dict_keys(['example_subdag_operator.section-1', 'example_subdag_operator.section-2', 'example_subdag_operator']) retrieved from /Users/oanottage/opt/anaconda3/envs/energyvenv/lib/python3.9/site-packages/airflow/example_dags/example_subdag_operator.py
[2023-04-07T18:13:30.203+0200] {logging_mixin.py:137} INFO - [2023-04-07T18:13:30.203+0200] {dag.py:2705} INFO - Sync 3 DAGs
[2023-04-07T18:13:30.214+0200] {logging_mixin.py:137} INFO - [2023-04-07T18:13:30.214+0200] {dag.py:3452} INFO - Setting next_dagrun for example_subdag_operator to 2022-01-01T00:00:00+00:00, run_after=2022-01-01T00:00:00+00:00
[2023-04-07T18:13:30.216+0200] {logging_mixin.py:137} INFO - [2023-04-07T18:13:30.216+0200] {dag.py:3452} INFO - Setting next_dagrun for example_subdag_operator.section-1 to None, run_after=None
[2023-04-07T18:13:30.216+0200] {logging_mixin.py:137} INFO - [2023-04-07T18:13:30.216+0200] {dag.py:3452} INFO - Setting next_dagrun for example_subdag_operator.section-2 to None, run_after=None
[2023-04-07T18:13:30.220+0200] {logging_mixin.py:137} INFO - [2023-04-07T18:13:30.220+0200] {dag.py:2705} INFO - Sync 2 DAGs
[2023-04-07T18:13:30.222+0200] {logging_mixin.py:137} INFO - [2023-04-07T18:13:30.222+0200] {dag.py:3452} INFO - Setting next_dagrun for example_subdag_operator.section-1 to None, run_after=None
[2023-04-07T18:13:30.222+0200] {logging_mixin.py:137} INFO - [2023-04-07T18:13:30.222+0200] {dag.py:3452} INFO - Setting next_dagrun for example_subdag_operator.section-2 to None, run_after=None
[2023-04-07T18:13:30.230+0200] {processor.py:175} INFO - Processing /Users/oanottage/opt/anaconda3/envs/energyvenv/lib/python3.9/site-packages/airflow/example_dags/example_subdag_operator.py took 0.998 seconds
[2023-04-07T18:16:00.374+0200] {processor.py:153} INFO - Started process (PID=19586) to work on /Users/oanottage/opt/anaconda3/envs/energyvenv/lib/python3.9/site-packages/airflow/example_dags/example_subdag_operator.py
[2023-04-07T18:16:00.379+0200] {processor.py:743} INFO - Processing file /Users/oanottage/opt/anaconda3/envs/energyvenv/lib/python3.9/site-packages/airflow/example_dags/example_subdag_operator.py for tasks to queue
[2023-04-07T18:16:00.379+0200] {logging_mixin.py:137} INFO - [2023-04-07T18:16:00.379+0200] {dagbag.py:532} INFO - Filling up the DagBag from /Users/oanottage/opt/anaconda3/envs/energyvenv/lib/python3.9/site-packages/airflow/example_dags/example_subdag_operator.py
[2023-04-07T18:16:01.086+0200] {processor.py:753} INFO - DAG(s) dict_keys(['example_subdag_operator.section-1', 'example_subdag_operator.section-2', 'example_subdag_operator']) retrieved from /Users/oanottage/opt/anaconda3/envs/energyvenv/lib/python3.9/site-packages/airflow/example_dags/example_subdag_operator.py
[2023-04-07T18:16:01.235+0200] {logging_mixin.py:137} INFO - [2023-04-07T18:16:01.234+0200] {dag.py:2705} INFO - Sync 3 DAGs
[2023-04-07T18:16:01.249+0200] {logging_mixin.py:137} INFO - [2023-04-07T18:16:01.249+0200] {dag.py:3452} INFO - Setting next_dagrun for example_subdag_operator to 2022-01-01T00:00:00+00:00, run_after=2022-01-01T00:00:00+00:00
[2023-04-07T18:16:01.252+0200] {logging_mixin.py:137} INFO - [2023-04-07T18:16:01.251+0200] {dag.py:3452} INFO - Setting next_dagrun for example_subdag_operator.section-1 to None, run_after=None
[2023-04-07T18:16:01.252+0200] {logging_mixin.py:137} INFO - [2023-04-07T18:16:01.252+0200] {dag.py:3452} INFO - Setting next_dagrun for example_subdag_operator.section-2 to None, run_after=None
[2023-04-07T18:16:01.257+0200] {logging_mixin.py:137} INFO - [2023-04-07T18:16:01.257+0200] {dag.py:2705} INFO - Sync 2 DAGs
[2023-04-07T18:16:01.260+0200] {logging_mixin.py:137} INFO - [2023-04-07T18:16:01.260+0200] {dag.py:3452} INFO - Setting next_dagrun for example_subdag_operator.section-1 to None, run_after=None
[2023-04-07T18:16:01.260+0200] {logging_mixin.py:137} INFO - [2023-04-07T18:16:01.260+0200] {dag.py:3452} INFO - Setting next_dagrun for example_subdag_operator.section-2 to None, run_after=None
[2023-04-07T18:16:01.270+0200] {processor.py:175} INFO - Processing /Users/oanottage/opt/anaconda3/envs/energyvenv/lib/python3.9/site-packages/airflow/example_dags/example_subdag_operator.py took 0.897 seconds
[2023-04-07T18:17:51.731+0200] {processor.py:153} INFO - Started process (PID=19721) to work on /Users/oanottage/opt/anaconda3/envs/energyvenv/lib/python3.9/site-packages/airflow/example_dags/example_subdag_operator.py
[2023-04-07T18:17:51.735+0200] {processor.py:743} INFO - Processing file /Users/oanottage/opt/anaconda3/envs/energyvenv/lib/python3.9/site-packages/airflow/example_dags/example_subdag_operator.py for tasks to queue
[2023-04-07T18:17:51.735+0200] {logging_mixin.py:137} INFO - [2023-04-07T18:17:51.735+0200] {dagbag.py:532} INFO - Filling up the DagBag from /Users/oanottage/opt/anaconda3/envs/energyvenv/lib/python3.9/site-packages/airflow/example_dags/example_subdag_operator.py
[2023-04-07T18:17:52.389+0200] {processor.py:753} INFO - DAG(s) dict_keys(['example_subdag_operator.section-1', 'example_subdag_operator.section-2', 'example_subdag_operator']) retrieved from /Users/oanottage/opt/anaconda3/envs/energyvenv/lib/python3.9/site-packages/airflow/example_dags/example_subdag_operator.py
[2023-04-07T18:17:52.487+0200] {logging_mixin.py:137} INFO - [2023-04-07T18:17:52.487+0200] {dag.py:2705} INFO - Sync 3 DAGs
[2023-04-07T18:17:52.497+0200] {logging_mixin.py:137} INFO - [2023-04-07T18:17:52.497+0200] {dag.py:3452} INFO - Setting next_dagrun for example_subdag_operator to 2022-01-01T00:00:00+00:00, run_after=2022-01-01T00:00:00+00:00
[2023-04-07T18:17:52.499+0200] {logging_mixin.py:137} INFO - [2023-04-07T18:17:52.499+0200] {dag.py:3452} INFO - Setting next_dagrun for example_subdag_operator.section-1 to None, run_after=None
[2023-04-07T18:17:52.500+0200] {logging_mixin.py:137} INFO - [2023-04-07T18:17:52.500+0200] {dag.py:3452} INFO - Setting next_dagrun for example_subdag_operator.section-2 to None, run_after=None
[2023-04-07T18:17:52.503+0200] {logging_mixin.py:137} INFO - [2023-04-07T18:17:52.503+0200] {dag.py:2705} INFO - Sync 2 DAGs
[2023-04-07T18:17:52.506+0200] {logging_mixin.py:137} INFO - [2023-04-07T18:17:52.505+0200] {dag.py:3452} INFO - Setting next_dagrun for example_subdag_operator.section-1 to None, run_after=None
[2023-04-07T18:17:52.506+0200] {logging_mixin.py:137} INFO - [2023-04-07T18:17:52.506+0200] {dag.py:3452} INFO - Setting next_dagrun for example_subdag_operator.section-2 to None, run_after=None
[2023-04-07T18:17:52.514+0200] {processor.py:175} INFO - Processing /Users/oanottage/opt/anaconda3/envs/energyvenv/lib/python3.9/site-packages/airflow/example_dags/example_subdag_operator.py took 0.784 seconds
[2023-04-07T18:19:13.262+0200] {processor.py:153} INFO - Started process (PID=19822) to work on /Users/oanottage/opt/anaconda3/envs/energyvenv/lib/python3.9/site-packages/airflow/example_dags/example_subdag_operator.py
[2023-04-07T18:19:13.265+0200] {processor.py:743} INFO - Processing file /Users/oanottage/opt/anaconda3/envs/energyvenv/lib/python3.9/site-packages/airflow/example_dags/example_subdag_operator.py for tasks to queue
[2023-04-07T18:19:13.266+0200] {logging_mixin.py:137} INFO - [2023-04-07T18:19:13.266+0200] {dagbag.py:532} INFO - Filling up the DagBag from /Users/oanottage/opt/anaconda3/envs/energyvenv/lib/python3.9/site-packages/airflow/example_dags/example_subdag_operator.py
[2023-04-07T18:19:14.024+0200] {processor.py:753} INFO - DAG(s) dict_keys(['example_subdag_operator.section-1', 'example_subdag_operator.section-2', 'example_subdag_operator']) retrieved from /Users/oanottage/opt/anaconda3/envs/energyvenv/lib/python3.9/site-packages/airflow/example_dags/example_subdag_operator.py
[2023-04-07T18:19:14.139+0200] {logging_mixin.py:137} INFO - [2023-04-07T18:19:14.139+0200] {dag.py:2705} INFO - Sync 3 DAGs
[2023-04-07T18:19:14.152+0200] {logging_mixin.py:137} INFO - [2023-04-07T18:19:14.152+0200] {dag.py:3452} INFO - Setting next_dagrun for example_subdag_operator to 2022-01-01T00:00:00+00:00, run_after=2022-01-01T00:00:00+00:00
[2023-04-07T18:19:14.154+0200] {logging_mixin.py:137} INFO - [2023-04-07T18:19:14.154+0200] {dag.py:3452} INFO - Setting next_dagrun for example_subdag_operator.section-1 to None, run_after=None
[2023-04-07T18:19:14.155+0200] {logging_mixin.py:137} INFO - [2023-04-07T18:19:14.155+0200] {dag.py:3452} INFO - Setting next_dagrun for example_subdag_operator.section-2 to None, run_after=None
[2023-04-07T18:19:14.159+0200] {logging_mixin.py:137} INFO - [2023-04-07T18:19:14.159+0200] {dag.py:2705} INFO - Sync 2 DAGs
[2023-04-07T18:19:14.162+0200] {logging_mixin.py:137} INFO - [2023-04-07T18:19:14.162+0200] {dag.py:3452} INFO - Setting next_dagrun for example_subdag_operator.section-1 to None, run_after=None
[2023-04-07T18:19:14.162+0200] {logging_mixin.py:137} INFO - [2023-04-07T18:19:14.162+0200] {dag.py:3452} INFO - Setting next_dagrun for example_subdag_operator.section-2 to None, run_after=None
[2023-04-07T18:19:14.173+0200] {processor.py:175} INFO - Processing /Users/oanottage/opt/anaconda3/envs/energyvenv/lib/python3.9/site-packages/airflow/example_dags/example_subdag_operator.py took 0.911 seconds
[2023-04-07T18:20:36.042+0200] {processor.py:153} INFO - Started process (PID=19982) to work on /Users/oanottage/opt/anaconda3/envs/energyvenv/lib/python3.9/site-packages/airflow/example_dags/example_subdag_operator.py
[2023-04-07T18:20:36.046+0200] {processor.py:743} INFO - Processing file /Users/oanottage/opt/anaconda3/envs/energyvenv/lib/python3.9/site-packages/airflow/example_dags/example_subdag_operator.py for tasks to queue
[2023-04-07T18:20:36.046+0200] {logging_mixin.py:137} INFO - [2023-04-07T18:20:36.046+0200] {dagbag.py:532} INFO - Filling up the DagBag from /Users/oanottage/opt/anaconda3/envs/energyvenv/lib/python3.9/site-packages/airflow/example_dags/example_subdag_operator.py
[2023-04-07T18:20:36.744+0200] {processor.py:753} INFO - DAG(s) dict_keys(['example_subdag_operator.section-1', 'example_subdag_operator.section-2', 'example_subdag_operator']) retrieved from /Users/oanottage/opt/anaconda3/envs/energyvenv/lib/python3.9/site-packages/airflow/example_dags/example_subdag_operator.py
[2023-04-07T18:20:36.862+0200] {logging_mixin.py:137} INFO - [2023-04-07T18:20:36.862+0200] {dag.py:2705} INFO - Sync 3 DAGs
[2023-04-07T18:20:36.875+0200] {logging_mixin.py:137} INFO - [2023-04-07T18:20:36.875+0200] {dag.py:3452} INFO - Setting next_dagrun for example_subdag_operator to 2022-01-01T00:00:00+00:00, run_after=2022-01-01T00:00:00+00:00
[2023-04-07T18:20:36.877+0200] {logging_mixin.py:137} INFO - [2023-04-07T18:20:36.877+0200] {dag.py:3452} INFO - Setting next_dagrun for example_subdag_operator.section-1 to None, run_after=None
[2023-04-07T18:20:36.878+0200] {logging_mixin.py:137} INFO - [2023-04-07T18:20:36.878+0200] {dag.py:3452} INFO - Setting next_dagrun for example_subdag_operator.section-2 to None, run_after=None
[2023-04-07T18:20:36.882+0200] {logging_mixin.py:137} INFO - [2023-04-07T18:20:36.882+0200] {dag.py:2705} INFO - Sync 2 DAGs
[2023-04-07T18:20:36.885+0200] {logging_mixin.py:137} INFO - [2023-04-07T18:20:36.885+0200] {dag.py:3452} INFO - Setting next_dagrun for example_subdag_operator.section-1 to None, run_after=None
[2023-04-07T18:20:36.886+0200] {logging_mixin.py:137} INFO - [2023-04-07T18:20:36.886+0200] {dag.py:3452} INFO - Setting next_dagrun for example_subdag_operator.section-2 to None, run_after=None
[2023-04-07T18:20:36.895+0200] {processor.py:175} INFO - Processing /Users/oanottage/opt/anaconda3/envs/energyvenv/lib/python3.9/site-packages/airflow/example_dags/example_subdag_operator.py took 0.854 seconds
[2023-04-07T18:21:56.638+0200] {processor.py:153} INFO - Started process (PID=20073) to work on /Users/oanottage/opt/anaconda3/envs/energyvenv/lib/python3.9/site-packages/airflow/example_dags/example_subdag_operator.py
[2023-04-07T18:21:56.641+0200] {processor.py:743} INFO - Processing file /Users/oanottage/opt/anaconda3/envs/energyvenv/lib/python3.9/site-packages/airflow/example_dags/example_subdag_operator.py for tasks to queue
[2023-04-07T18:21:56.641+0200] {logging_mixin.py:137} INFO - [2023-04-07T18:21:56.641+0200] {dagbag.py:532} INFO - Filling up the DagBag from /Users/oanottage/opt/anaconda3/envs/energyvenv/lib/python3.9/site-packages/airflow/example_dags/example_subdag_operator.py
[2023-04-07T18:21:57.389+0200] {processor.py:753} INFO - DAG(s) dict_keys(['example_subdag_operator.section-1', 'example_subdag_operator.section-2', 'example_subdag_operator']) retrieved from /Users/oanottage/opt/anaconda3/envs/energyvenv/lib/python3.9/site-packages/airflow/example_dags/example_subdag_operator.py
[2023-04-07T18:21:57.490+0200] {logging_mixin.py:137} INFO - [2023-04-07T18:21:57.490+0200] {dag.py:2705} INFO - Sync 3 DAGs
[2023-04-07T18:21:57.502+0200] {logging_mixin.py:137} INFO - [2023-04-07T18:21:57.502+0200] {dag.py:3452} INFO - Setting next_dagrun for example_subdag_operator to 2022-01-01T00:00:00+00:00, run_after=2022-01-01T00:00:00+00:00
[2023-04-07T18:21:57.504+0200] {logging_mixin.py:137} INFO - [2023-04-07T18:21:57.504+0200] {dag.py:3452} INFO - Setting next_dagrun for example_subdag_operator.section-1 to None, run_after=None
[2023-04-07T18:21:57.504+0200] {logging_mixin.py:137} INFO - [2023-04-07T18:21:57.504+0200] {dag.py:3452} INFO - Setting next_dagrun for example_subdag_operator.section-2 to None, run_after=None
[2023-04-07T18:21:57.508+0200] {logging_mixin.py:137} INFO - [2023-04-07T18:21:57.508+0200] {dag.py:2705} INFO - Sync 2 DAGs
[2023-04-07T18:21:57.510+0200] {logging_mixin.py:137} INFO - [2023-04-07T18:21:57.510+0200] {dag.py:3452} INFO - Setting next_dagrun for example_subdag_operator.section-1 to None, run_after=None
[2023-04-07T18:21:57.511+0200] {logging_mixin.py:137} INFO - [2023-04-07T18:21:57.510+0200] {dag.py:3452} INFO - Setting next_dagrun for example_subdag_operator.section-2 to None, run_after=None
[2023-04-07T18:21:57.519+0200] {processor.py:175} INFO - Processing /Users/oanottage/opt/anaconda3/envs/energyvenv/lib/python3.9/site-packages/airflow/example_dags/example_subdag_operator.py took 0.882 seconds
[2023-04-07T18:23:18.197+0200] {processor.py:153} INFO - Started process (PID=20159) to work on /Users/oanottage/opt/anaconda3/envs/energyvenv/lib/python3.9/site-packages/airflow/example_dags/example_subdag_operator.py
[2023-04-07T18:23:18.200+0200] {processor.py:743} INFO - Processing file /Users/oanottage/opt/anaconda3/envs/energyvenv/lib/python3.9/site-packages/airflow/example_dags/example_subdag_operator.py for tasks to queue
[2023-04-07T18:23:18.200+0200] {logging_mixin.py:137} INFO - [2023-04-07T18:23:18.200+0200] {dagbag.py:532} INFO - Filling up the DagBag from /Users/oanottage/opt/anaconda3/envs/energyvenv/lib/python3.9/site-packages/airflow/example_dags/example_subdag_operator.py
[2023-04-07T18:23:18.839+0200] {processor.py:753} INFO - DAG(s) dict_keys(['example_subdag_operator.section-1', 'example_subdag_operator.section-2', 'example_subdag_operator']) retrieved from /Users/oanottage/opt/anaconda3/envs/energyvenv/lib/python3.9/site-packages/airflow/example_dags/example_subdag_operator.py
[2023-04-07T18:23:18.962+0200] {logging_mixin.py:137} INFO - [2023-04-07T18:23:18.962+0200] {dag.py:2705} INFO - Sync 3 DAGs
[2023-04-07T18:23:18.977+0200] {logging_mixin.py:137} INFO - [2023-04-07T18:23:18.976+0200] {dag.py:3452} INFO - Setting next_dagrun for example_subdag_operator to 2022-01-01T00:00:00+00:00, run_after=2022-01-01T00:00:00+00:00
[2023-04-07T18:23:18.979+0200] {logging_mixin.py:137} INFO - [2023-04-07T18:23:18.979+0200] {dag.py:3452} INFO - Setting next_dagrun for example_subdag_operator.section-1 to None, run_after=None
[2023-04-07T18:23:18.980+0200] {logging_mixin.py:137} INFO - [2023-04-07T18:23:18.980+0200] {dag.py:3452} INFO - Setting next_dagrun for example_subdag_operator.section-2 to None, run_after=None
[2023-04-07T18:23:18.984+0200] {logging_mixin.py:137} INFO - [2023-04-07T18:23:18.984+0200] {dag.py:2705} INFO - Sync 2 DAGs
[2023-04-07T18:23:18.988+0200] {logging_mixin.py:137} INFO - [2023-04-07T18:23:18.987+0200] {dag.py:3452} INFO - Setting next_dagrun for example_subdag_operator.section-1 to None, run_after=None
[2023-04-07T18:23:18.988+0200] {logging_mixin.py:137} INFO - [2023-04-07T18:23:18.988+0200] {dag.py:3452} INFO - Setting next_dagrun for example_subdag_operator.section-2 to None, run_after=None
[2023-04-07T18:23:18.999+0200] {processor.py:175} INFO - Processing /Users/oanottage/opt/anaconda3/envs/energyvenv/lib/python3.9/site-packages/airflow/example_dags/example_subdag_operator.py took 0.802 seconds
[2023-04-07T18:24:40.707+0200] {processor.py:153} INFO - Started process (PID=20258) to work on /Users/oanottage/opt/anaconda3/envs/energyvenv/lib/python3.9/site-packages/airflow/example_dags/example_subdag_operator.py
[2023-04-07T18:24:40.711+0200] {processor.py:743} INFO - Processing file /Users/oanottage/opt/anaconda3/envs/energyvenv/lib/python3.9/site-packages/airflow/example_dags/example_subdag_operator.py for tasks to queue
[2023-04-07T18:24:40.711+0200] {logging_mixin.py:137} INFO - [2023-04-07T18:24:40.711+0200] {dagbag.py:532} INFO - Filling up the DagBag from /Users/oanottage/opt/anaconda3/envs/energyvenv/lib/python3.9/site-packages/airflow/example_dags/example_subdag_operator.py
[2023-04-07T18:24:41.465+0200] {processor.py:753} INFO - DAG(s) dict_keys(['example_subdag_operator.section-1', 'example_subdag_operator.section-2', 'example_subdag_operator']) retrieved from /Users/oanottage/opt/anaconda3/envs/energyvenv/lib/python3.9/site-packages/airflow/example_dags/example_subdag_operator.py
[2023-04-07T18:24:41.597+0200] {logging_mixin.py:137} INFO - [2023-04-07T18:24:41.597+0200] {dag.py:2705} INFO - Sync 3 DAGs
[2023-04-07T18:24:41.614+0200] {logging_mixin.py:137} INFO - [2023-04-07T18:24:41.613+0200] {dag.py:3452} INFO - Setting next_dagrun for example_subdag_operator to 2022-01-01T00:00:00+00:00, run_after=2022-01-01T00:00:00+00:00
[2023-04-07T18:24:41.617+0200] {logging_mixin.py:137} INFO - [2023-04-07T18:24:41.616+0200] {dag.py:3452} INFO - Setting next_dagrun for example_subdag_operator.section-1 to None, run_after=None
[2023-04-07T18:24:41.617+0200] {logging_mixin.py:137} INFO - [2023-04-07T18:24:41.617+0200] {dag.py:3452} INFO - Setting next_dagrun for example_subdag_operator.section-2 to None, run_after=None
[2023-04-07T18:24:41.623+0200] {logging_mixin.py:137} INFO - [2023-04-07T18:24:41.623+0200] {dag.py:2705} INFO - Sync 2 DAGs
[2023-04-07T18:24:41.627+0200] {logging_mixin.py:137} INFO - [2023-04-07T18:24:41.627+0200] {dag.py:3452} INFO - Setting next_dagrun for example_subdag_operator.section-1 to None, run_after=None
[2023-04-07T18:24:41.627+0200] {logging_mixin.py:137} INFO - [2023-04-07T18:24:41.627+0200] {dag.py:3452} INFO - Setting next_dagrun for example_subdag_operator.section-2 to None, run_after=None
[2023-04-07T18:24:41.638+0200] {processor.py:175} INFO - Processing /Users/oanottage/opt/anaconda3/envs/energyvenv/lib/python3.9/site-packages/airflow/example_dags/example_subdag_operator.py took 0.931 seconds
[2023-04-07T18:26:04.236+0200] {processor.py:153} INFO - Started process (PID=20357) to work on /Users/oanottage/opt/anaconda3/envs/energyvenv/lib/python3.9/site-packages/airflow/example_dags/example_subdag_operator.py
[2023-04-07T18:26:04.244+0200] {processor.py:743} INFO - Processing file /Users/oanottage/opt/anaconda3/envs/energyvenv/lib/python3.9/site-packages/airflow/example_dags/example_subdag_operator.py for tasks to queue
[2023-04-07T18:26:04.245+0200] {logging_mixin.py:137} INFO - [2023-04-07T18:26:04.245+0200] {dagbag.py:532} INFO - Filling up the DagBag from /Users/oanottage/opt/anaconda3/envs/energyvenv/lib/python3.9/site-packages/airflow/example_dags/example_subdag_operator.py
[2023-04-07T18:26:05.077+0200] {processor.py:753} INFO - DAG(s) dict_keys(['example_subdag_operator.section-1', 'example_subdag_operator.section-2', 'example_subdag_operator']) retrieved from /Users/oanottage/opt/anaconda3/envs/energyvenv/lib/python3.9/site-packages/airflow/example_dags/example_subdag_operator.py
[2023-04-07T18:26:05.200+0200] {logging_mixin.py:137} INFO - [2023-04-07T18:26:05.199+0200] {dag.py:2705} INFO - Sync 3 DAGs
[2023-04-07T18:26:05.213+0200] {logging_mixin.py:137} INFO - [2023-04-07T18:26:05.213+0200] {dag.py:3452} INFO - Setting next_dagrun for example_subdag_operator to 2022-01-01T00:00:00+00:00, run_after=2022-01-01T00:00:00+00:00
[2023-04-07T18:26:05.215+0200] {logging_mixin.py:137} INFO - [2023-04-07T18:26:05.215+0200] {dag.py:3452} INFO - Setting next_dagrun for example_subdag_operator.section-1 to None, run_after=None
[2023-04-07T18:26:05.216+0200] {logging_mixin.py:137} INFO - [2023-04-07T18:26:05.216+0200] {dag.py:3452} INFO - Setting next_dagrun for example_subdag_operator.section-2 to None, run_after=None
[2023-04-07T18:26:05.220+0200] {logging_mixin.py:137} INFO - [2023-04-07T18:26:05.220+0200] {dag.py:2705} INFO - Sync 2 DAGs
[2023-04-07T18:26:05.223+0200] {logging_mixin.py:137} INFO - [2023-04-07T18:26:05.223+0200] {dag.py:3452} INFO - Setting next_dagrun for example_subdag_operator.section-1 to None, run_after=None
[2023-04-07T18:26:05.223+0200] {logging_mixin.py:137} INFO - [2023-04-07T18:26:05.223+0200] {dag.py:3452} INFO - Setting next_dagrun for example_subdag_operator.section-2 to None, run_after=None
[2023-04-07T18:26:05.236+0200] {processor.py:175} INFO - Processing /Users/oanottage/opt/anaconda3/envs/energyvenv/lib/python3.9/site-packages/airflow/example_dags/example_subdag_operator.py took 1.000 seconds
[2023-04-07T18:27:20.412+0200] {processor.py:153} INFO - Started process (PID=20446) to work on /Users/oanottage/opt/anaconda3/envs/energyvenv/lib/python3.9/site-packages/airflow/example_dags/example_subdag_operator.py
[2023-04-07T18:27:20.415+0200] {processor.py:743} INFO - Processing file /Users/oanottage/opt/anaconda3/envs/energyvenv/lib/python3.9/site-packages/airflow/example_dags/example_subdag_operator.py for tasks to queue
[2023-04-07T18:27:20.416+0200] {logging_mixin.py:137} INFO - [2023-04-07T18:27:20.416+0200] {dagbag.py:532} INFO - Filling up the DagBag from /Users/oanottage/opt/anaconda3/envs/energyvenv/lib/python3.9/site-packages/airflow/example_dags/example_subdag_operator.py
[2023-04-07T18:27:21.139+0200] {processor.py:753} INFO - DAG(s) dict_keys(['example_subdag_operator.section-1', 'example_subdag_operator.section-2', 'example_subdag_operator']) retrieved from /Users/oanottage/opt/anaconda3/envs/energyvenv/lib/python3.9/site-packages/airflow/example_dags/example_subdag_operator.py
[2023-04-07T18:27:21.260+0200] {logging_mixin.py:137} INFO - [2023-04-07T18:27:21.260+0200] {dag.py:2705} INFO - Sync 3 DAGs
[2023-04-07T18:27:21.273+0200] {logging_mixin.py:137} INFO - [2023-04-07T18:27:21.273+0200] {dag.py:3452} INFO - Setting next_dagrun for example_subdag_operator to 2022-01-01T00:00:00+00:00, run_after=2022-01-01T00:00:00+00:00
[2023-04-07T18:27:21.275+0200] {logging_mixin.py:137} INFO - [2023-04-07T18:27:21.275+0200] {dag.py:3452} INFO - Setting next_dagrun for example_subdag_operator.section-1 to None, run_after=None
[2023-04-07T18:27:21.276+0200] {logging_mixin.py:137} INFO - [2023-04-07T18:27:21.276+0200] {dag.py:3452} INFO - Setting next_dagrun for example_subdag_operator.section-2 to None, run_after=None
[2023-04-07T18:27:21.280+0200] {logging_mixin.py:137} INFO - [2023-04-07T18:27:21.280+0200] {dag.py:2705} INFO - Sync 2 DAGs
[2023-04-07T18:27:21.283+0200] {logging_mixin.py:137} INFO - [2023-04-07T18:27:21.283+0200] {dag.py:3452} INFO - Setting next_dagrun for example_subdag_operator.section-1 to None, run_after=None
[2023-04-07T18:27:21.283+0200] {logging_mixin.py:137} INFO - [2023-04-07T18:27:21.283+0200] {dag.py:3452} INFO - Setting next_dagrun for example_subdag_operator.section-2 to None, run_after=None
[2023-04-07T18:27:21.293+0200] {processor.py:175} INFO - Processing /Users/oanottage/opt/anaconda3/envs/energyvenv/lib/python3.9/site-packages/airflow/example_dags/example_subdag_operator.py took 0.882 seconds
[2023-04-07T18:29:09.411+0200] {processor.py:153} INFO - Started process (PID=20591) to work on /Users/oanottage/opt/anaconda3/envs/energyvenv/lib/python3.9/site-packages/airflow/example_dags/example_subdag_operator.py
[2023-04-07T18:29:09.415+0200] {processor.py:743} INFO - Processing file /Users/oanottage/opt/anaconda3/envs/energyvenv/lib/python3.9/site-packages/airflow/example_dags/example_subdag_operator.py for tasks to queue
[2023-04-07T18:29:09.415+0200] {logging_mixin.py:137} INFO - [2023-04-07T18:29:09.415+0200] {dagbag.py:532} INFO - Filling up the DagBag from /Users/oanottage/opt/anaconda3/envs/energyvenv/lib/python3.9/site-packages/airflow/example_dags/example_subdag_operator.py
[2023-04-07T18:29:10.075+0200] {processor.py:753} INFO - DAG(s) dict_keys(['example_subdag_operator.section-1', 'example_subdag_operator.section-2', 'example_subdag_operator']) retrieved from /Users/oanottage/opt/anaconda3/envs/energyvenv/lib/python3.9/site-packages/airflow/example_dags/example_subdag_operator.py
[2023-04-07T18:29:10.179+0200] {logging_mixin.py:137} INFO - [2023-04-07T18:29:10.179+0200] {dag.py:2705} INFO - Sync 3 DAGs
[2023-04-07T18:29:10.190+0200] {logging_mixin.py:137} INFO - [2023-04-07T18:29:10.190+0200] {dag.py:3452} INFO - Setting next_dagrun for example_subdag_operator to 2022-01-01T00:00:00+00:00, run_after=2022-01-01T00:00:00+00:00
[2023-04-07T18:29:10.192+0200] {logging_mixin.py:137} INFO - [2023-04-07T18:29:10.192+0200] {dag.py:3452} INFO - Setting next_dagrun for example_subdag_operator.section-1 to None, run_after=None
[2023-04-07T18:29:10.193+0200] {logging_mixin.py:137} INFO - [2023-04-07T18:29:10.193+0200] {dag.py:3452} INFO - Setting next_dagrun for example_subdag_operator.section-2 to None, run_after=None
[2023-04-07T18:29:10.196+0200] {logging_mixin.py:137} INFO - [2023-04-07T18:29:10.196+0200] {dag.py:2705} INFO - Sync 2 DAGs
[2023-04-07T18:29:10.199+0200] {logging_mixin.py:137} INFO - [2023-04-07T18:29:10.198+0200] {dag.py:3452} INFO - Setting next_dagrun for example_subdag_operator.section-1 to None, run_after=None
[2023-04-07T18:29:10.199+0200] {logging_mixin.py:137} INFO - [2023-04-07T18:29:10.199+0200] {dag.py:3452} INFO - Setting next_dagrun for example_subdag_operator.section-2 to None, run_after=None
[2023-04-07T18:29:10.207+0200] {processor.py:175} INFO - Processing /Users/oanottage/opt/anaconda3/envs/energyvenv/lib/python3.9/site-packages/airflow/example_dags/example_subdag_operator.py took 0.796 seconds
[2023-04-07T18:30:30.592+0200] {processor.py:153} INFO - Started process (PID=20763) to work on /Users/oanottage/opt/anaconda3/envs/energyvenv/lib/python3.9/site-packages/airflow/example_dags/example_subdag_operator.py
[2023-04-07T18:30:30.596+0200] {processor.py:743} INFO - Processing file /Users/oanottage/opt/anaconda3/envs/energyvenv/lib/python3.9/site-packages/airflow/example_dags/example_subdag_operator.py for tasks to queue
[2023-04-07T18:30:30.596+0200] {logging_mixin.py:137} INFO - [2023-04-07T18:30:30.596+0200] {dagbag.py:532} INFO - Filling up the DagBag from /Users/oanottage/opt/anaconda3/envs/energyvenv/lib/python3.9/site-packages/airflow/example_dags/example_subdag_operator.py
[2023-04-07T18:30:31.324+0200] {processor.py:753} INFO - DAG(s) dict_keys(['example_subdag_operator.section-1', 'example_subdag_operator.section-2', 'example_subdag_operator']) retrieved from /Users/oanottage/opt/anaconda3/envs/energyvenv/lib/python3.9/site-packages/airflow/example_dags/example_subdag_operator.py
[2023-04-07T18:30:31.451+0200] {logging_mixin.py:137} INFO - [2023-04-07T18:30:31.451+0200] {dag.py:2705} INFO - Sync 3 DAGs
[2023-04-07T18:30:31.465+0200] {logging_mixin.py:137} INFO - [2023-04-07T18:30:31.465+0200] {dag.py:3452} INFO - Setting next_dagrun for example_subdag_operator to 2022-01-01T00:00:00+00:00, run_after=2022-01-01T00:00:00+00:00
[2023-04-07T18:30:31.468+0200] {logging_mixin.py:137} INFO - [2023-04-07T18:30:31.468+0200] {dag.py:3452} INFO - Setting next_dagrun for example_subdag_operator.section-1 to None, run_after=None
[2023-04-07T18:30:31.469+0200] {logging_mixin.py:137} INFO - [2023-04-07T18:30:31.468+0200] {dag.py:3452} INFO - Setting next_dagrun for example_subdag_operator.section-2 to None, run_after=None
[2023-04-07T18:30:31.473+0200] {logging_mixin.py:137} INFO - [2023-04-07T18:30:31.473+0200] {dag.py:2705} INFO - Sync 2 DAGs
[2023-04-07T18:30:31.477+0200] {logging_mixin.py:137} INFO - [2023-04-07T18:30:31.476+0200] {dag.py:3452} INFO - Setting next_dagrun for example_subdag_operator.section-1 to None, run_after=None
[2023-04-07T18:30:31.477+0200] {logging_mixin.py:137} INFO - [2023-04-07T18:30:31.477+0200] {dag.py:3452} INFO - Setting next_dagrun for example_subdag_operator.section-2 to None, run_after=None
[2023-04-07T18:30:31.488+0200] {processor.py:175} INFO - Processing /Users/oanottage/opt/anaconda3/envs/energyvenv/lib/python3.9/site-packages/airflow/example_dags/example_subdag_operator.py took 0.897 seconds
[2023-04-07T18:42:29.415+0200] {processor.py:153} INFO - Started process (PID=21420) to work on /Users/oanottage/opt/anaconda3/envs/energyvenv/lib/python3.9/site-packages/airflow/example_dags/example_subdag_operator.py
[2023-04-07T18:42:29.418+0200] {processor.py:743} INFO - Processing file /Users/oanottage/opt/anaconda3/envs/energyvenv/lib/python3.9/site-packages/airflow/example_dags/example_subdag_operator.py for tasks to queue
[2023-04-07T18:42:29.419+0200] {logging_mixin.py:137} INFO - [2023-04-07T18:42:29.419+0200] {dagbag.py:532} INFO - Filling up the DagBag from /Users/oanottage/opt/anaconda3/envs/energyvenv/lib/python3.9/site-packages/airflow/example_dags/example_subdag_operator.py
[2023-04-07T18:42:30.164+0200] {processor.py:753} INFO - DAG(s) dict_keys(['example_subdag_operator.section-1', 'example_subdag_operator.section-2', 'example_subdag_operator']) retrieved from /Users/oanottage/opt/anaconda3/envs/energyvenv/lib/python3.9/site-packages/airflow/example_dags/example_subdag_operator.py
[2023-04-07T18:42:30.266+0200] {logging_mixin.py:137} INFO - [2023-04-07T18:42:30.266+0200] {dag.py:2705} INFO - Sync 3 DAGs
[2023-04-07T18:42:30.277+0200] {logging_mixin.py:137} INFO - [2023-04-07T18:42:30.277+0200] {dag.py:3452} INFO - Setting next_dagrun for example_subdag_operator to 2022-01-01T00:00:00+00:00, run_after=2022-01-01T00:00:00+00:00
[2023-04-07T18:42:30.279+0200] {logging_mixin.py:137} INFO - [2023-04-07T18:42:30.279+0200] {dag.py:3452} INFO - Setting next_dagrun for example_subdag_operator.section-1 to None, run_after=None
[2023-04-07T18:42:30.280+0200] {logging_mixin.py:137} INFO - [2023-04-07T18:42:30.279+0200] {dag.py:3452} INFO - Setting next_dagrun for example_subdag_operator.section-2 to None, run_after=None
[2023-04-07T18:42:30.283+0200] {logging_mixin.py:137} INFO - [2023-04-07T18:42:30.283+0200] {dag.py:2705} INFO - Sync 2 DAGs
[2023-04-07T18:42:30.285+0200] {logging_mixin.py:137} INFO - [2023-04-07T18:42:30.285+0200] {dag.py:3452} INFO - Setting next_dagrun for example_subdag_operator.section-1 to None, run_after=None
[2023-04-07T18:42:30.285+0200] {logging_mixin.py:137} INFO - [2023-04-07T18:42:30.285+0200] {dag.py:3452} INFO - Setting next_dagrun for example_subdag_operator.section-2 to None, run_after=None
[2023-04-07T18:42:30.294+0200] {processor.py:175} INFO - Processing /Users/oanottage/opt/anaconda3/envs/energyvenv/lib/python3.9/site-packages/airflow/example_dags/example_subdag_operator.py took 0.880 seconds
[2023-04-07T18:45:23.855+0200] {processor.py:153} INFO - Started process (PID=21636) to work on /Users/oanottage/opt/anaconda3/envs/energyvenv/lib/python3.9/site-packages/airflow/example_dags/example_subdag_operator.py
[2023-04-07T18:45:23.860+0200] {processor.py:743} INFO - Processing file /Users/oanottage/opt/anaconda3/envs/energyvenv/lib/python3.9/site-packages/airflow/example_dags/example_subdag_operator.py for tasks to queue
[2023-04-07T18:45:23.860+0200] {logging_mixin.py:137} INFO - [2023-04-07T18:45:23.860+0200] {dagbag.py:532} INFO - Filling up the DagBag from /Users/oanottage/opt/anaconda3/envs/energyvenv/lib/python3.9/site-packages/airflow/example_dags/example_subdag_operator.py
[2023-04-07T18:45:24.692+0200] {processor.py:753} INFO - DAG(s) dict_keys(['example_subdag_operator.section-1', 'example_subdag_operator.section-2', 'example_subdag_operator']) retrieved from /Users/oanottage/opt/anaconda3/envs/energyvenv/lib/python3.9/site-packages/airflow/example_dags/example_subdag_operator.py
[2023-04-07T18:45:24.816+0200] {logging_mixin.py:137} INFO - [2023-04-07T18:45:24.816+0200] {dag.py:2705} INFO - Sync 3 DAGs
[2023-04-07T18:45:24.829+0200] {logging_mixin.py:137} INFO - [2023-04-07T18:45:24.829+0200] {dag.py:3452} INFO - Setting next_dagrun for example_subdag_operator to 2022-01-01T00:00:00+00:00, run_after=2022-01-01T00:00:00+00:00
[2023-04-07T18:45:24.831+0200] {logging_mixin.py:137} INFO - [2023-04-07T18:45:24.831+0200] {dag.py:3452} INFO - Setting next_dagrun for example_subdag_operator.section-1 to None, run_after=None
[2023-04-07T18:45:24.832+0200] {logging_mixin.py:137} INFO - [2023-04-07T18:45:24.832+0200] {dag.py:3452} INFO - Setting next_dagrun for example_subdag_operator.section-2 to None, run_after=None
[2023-04-07T18:45:24.836+0200] {logging_mixin.py:137} INFO - [2023-04-07T18:45:24.836+0200] {dag.py:2705} INFO - Sync 2 DAGs
[2023-04-07T18:45:24.839+0200] {logging_mixin.py:137} INFO - [2023-04-07T18:45:24.839+0200] {dag.py:3452} INFO - Setting next_dagrun for example_subdag_operator.section-1 to None, run_after=None
[2023-04-07T18:45:24.839+0200] {logging_mixin.py:137} INFO - [2023-04-07T18:45:24.839+0200] {dag.py:3452} INFO - Setting next_dagrun for example_subdag_operator.section-2 to None, run_after=None
[2023-04-07T18:45:24.848+0200] {processor.py:175} INFO - Processing /Users/oanottage/opt/anaconda3/envs/energyvenv/lib/python3.9/site-packages/airflow/example_dags/example_subdag_operator.py took 0.993 seconds
