[2023-04-07T17:55:22.354+0200] {processor.py:153} INFO - Started process (PID=17921) to work on /Users/oanottage/opt/anaconda3/envs/energyvenv/lib/python3.9/site-packages/airflow/example_dags/example_datasets.py
[2023-04-07T17:55:22.357+0200] {processor.py:743} INFO - Processing file /Users/oanottage/opt/anaconda3/envs/energyvenv/lib/python3.9/site-packages/airflow/example_dags/example_datasets.py for tasks to queue
[2023-04-07T17:55:22.357+0200] {logging_mixin.py:137} INFO - [2023-04-07T17:55:22.357+0200] {dagbag.py:532} INFO - Filling up the DagBag from /Users/oanottage/opt/anaconda3/envs/energyvenv/lib/python3.9/site-packages/airflow/example_dags/example_datasets.py
[2023-04-07T17:55:22.395+0200] {processor.py:753} INFO - DAG(s) dict_keys(['dataset_consumes_1', 'dataset_consumes_1_and_2', 'dataset_produces_2', 'dataset_produces_1', 'dataset_consumes_1_never_scheduled', 'dataset_consumes_unknown_never_scheduled']) retrieved from /Users/oanottage/opt/anaconda3/envs/energyvenv/lib/python3.9/site-packages/airflow/example_dags/example_datasets.py
[2023-04-07T17:55:23.205+0200] {logging_mixin.py:137} INFO - [2023-04-07T17:55:23.205+0200] {dag.py:2705} INFO - Sync 6 DAGs
[2023-04-07T17:55:23.216+0200] {logging_mixin.py:137} INFO - [2023-04-07T17:55:23.216+0200] {dag.py:3452} INFO - Setting next_dagrun for dataset_consumes_1 to None, run_after=None
[2023-04-07T17:55:23.218+0200] {logging_mixin.py:137} INFO - [2023-04-07T17:55:23.218+0200] {dag.py:3452} INFO - Setting next_dagrun for dataset_consumes_1_and_2 to None, run_after=None
[2023-04-07T17:55:23.218+0200] {logging_mixin.py:137} INFO - [2023-04-07T17:55:23.218+0200] {dag.py:3452} INFO - Setting next_dagrun for dataset_consumes_1_never_scheduled to None, run_after=None
[2023-04-07T17:55:23.219+0200] {logging_mixin.py:137} INFO - [2023-04-07T17:55:23.219+0200] {dag.py:3452} INFO - Setting next_dagrun for dataset_consumes_unknown_never_scheduled to None, run_after=None
[2023-04-07T17:55:23.221+0200] {logging_mixin.py:137} INFO - [2023-04-07T17:55:23.220+0200] {dag.py:3452} INFO - Setting next_dagrun for dataset_produces_1 to 2023-04-06T00:00:00+00:00, run_after=2023-04-07T00:00:00+00:00
[2023-04-07T17:55:23.221+0200] {logging_mixin.py:137} INFO - [2023-04-07T17:55:23.221+0200] {dag.py:3452} INFO - Setting next_dagrun for dataset_produces_2 to None, run_after=None
[2023-04-07T17:55:23.243+0200] {processor.py:175} INFO - Processing /Users/oanottage/opt/anaconda3/envs/energyvenv/lib/python3.9/site-packages/airflow/example_dags/example_datasets.py took 0.890 seconds
[2023-04-07T17:57:32.676+0200] {processor.py:153} INFO - Started process (PID=18085) to work on /Users/oanottage/opt/anaconda3/envs/energyvenv/lib/python3.9/site-packages/airflow/example_dags/example_datasets.py
[2023-04-07T17:57:32.679+0200] {processor.py:743} INFO - Processing file /Users/oanottage/opt/anaconda3/envs/energyvenv/lib/python3.9/site-packages/airflow/example_dags/example_datasets.py for tasks to queue
[2023-04-07T17:57:32.679+0200] {logging_mixin.py:137} INFO - [2023-04-07T17:57:32.679+0200] {dagbag.py:532} INFO - Filling up the DagBag from /Users/oanottage/opt/anaconda3/envs/energyvenv/lib/python3.9/site-packages/airflow/example_dags/example_datasets.py
[2023-04-07T17:57:32.720+0200] {processor.py:753} INFO - DAG(s) dict_keys(['dataset_consumes_1_never_scheduled', 'dataset_consumes_unknown_never_scheduled', 'dataset_produces_1', 'dataset_produces_2', 'dataset_consumes_1', 'dataset_consumes_1_and_2']) retrieved from /Users/oanottage/opt/anaconda3/envs/energyvenv/lib/python3.9/site-packages/airflow/example_dags/example_datasets.py
[2023-04-07T17:57:33.392+0200] {logging_mixin.py:137} INFO - [2023-04-07T17:57:33.392+0200] {dag.py:2705} INFO - Sync 6 DAGs
[2023-04-07T17:57:33.406+0200] {logging_mixin.py:137} INFO - [2023-04-07T17:57:33.406+0200] {dag.py:3452} INFO - Setting next_dagrun for dataset_consumes_1 to None, run_after=None
[2023-04-07T17:57:33.408+0200] {logging_mixin.py:137} INFO - [2023-04-07T17:57:33.408+0200] {dag.py:3452} INFO - Setting next_dagrun for dataset_consumes_1_and_2 to None, run_after=None
[2023-04-07T17:57:33.409+0200] {logging_mixin.py:137} INFO - [2023-04-07T17:57:33.409+0200] {dag.py:3452} INFO - Setting next_dagrun for dataset_consumes_1_never_scheduled to None, run_after=None
[2023-04-07T17:57:33.410+0200] {logging_mixin.py:137} INFO - [2023-04-07T17:57:33.410+0200] {dag.py:3452} INFO - Setting next_dagrun for dataset_consumes_unknown_never_scheduled to None, run_after=None
[2023-04-07T17:57:33.412+0200] {logging_mixin.py:137} INFO - [2023-04-07T17:57:33.412+0200] {dag.py:3452} INFO - Setting next_dagrun for dataset_produces_1 to 2023-04-06T00:00:00+00:00, run_after=2023-04-07T00:00:00+00:00
[2023-04-07T17:57:33.413+0200] {logging_mixin.py:137} INFO - [2023-04-07T17:57:33.412+0200] {dag.py:3452} INFO - Setting next_dagrun for dataset_produces_2 to None, run_after=None
[2023-04-07T17:57:33.437+0200] {processor.py:175} INFO - Processing /Users/oanottage/opt/anaconda3/envs/energyvenv/lib/python3.9/site-packages/airflow/example_dags/example_datasets.py took 0.762 seconds
[2023-04-07T18:00:11.765+0200] {processor.py:153} INFO - Started process (PID=18267) to work on /Users/oanottage/opt/anaconda3/envs/energyvenv/lib/python3.9/site-packages/airflow/example_dags/example_datasets.py
[2023-04-07T18:00:11.768+0200] {processor.py:743} INFO - Processing file /Users/oanottage/opt/anaconda3/envs/energyvenv/lib/python3.9/site-packages/airflow/example_dags/example_datasets.py for tasks to queue
[2023-04-07T18:00:11.768+0200] {logging_mixin.py:137} INFO - [2023-04-07T18:00:11.768+0200] {dagbag.py:532} INFO - Filling up the DagBag from /Users/oanottage/opt/anaconda3/envs/energyvenv/lib/python3.9/site-packages/airflow/example_dags/example_datasets.py
[2023-04-07T18:00:11.820+0200] {processor.py:753} INFO - DAG(s) dict_keys(['dataset_consumes_1', 'dataset_consumes_1_never_scheduled', 'dataset_produces_1', 'dataset_produces_2', 'dataset_consumes_unknown_never_scheduled', 'dataset_consumes_1_and_2']) retrieved from /Users/oanottage/opt/anaconda3/envs/energyvenv/lib/python3.9/site-packages/airflow/example_dags/example_datasets.py
[2023-04-07T18:00:12.661+0200] {logging_mixin.py:137} INFO - [2023-04-07T18:00:12.660+0200] {dag.py:2705} INFO - Sync 6 DAGs
[2023-04-07T18:00:12.676+0200] {logging_mixin.py:137} INFO - [2023-04-07T18:00:12.676+0200] {dag.py:3452} INFO - Setting next_dagrun for dataset_consumes_1 to None, run_after=None
[2023-04-07T18:00:12.678+0200] {logging_mixin.py:137} INFO - [2023-04-07T18:00:12.678+0200] {dag.py:3452} INFO - Setting next_dagrun for dataset_consumes_1_and_2 to None, run_after=None
[2023-04-07T18:00:12.679+0200] {logging_mixin.py:137} INFO - [2023-04-07T18:00:12.679+0200] {dag.py:3452} INFO - Setting next_dagrun for dataset_consumes_1_never_scheduled to None, run_after=None
[2023-04-07T18:00:12.680+0200] {logging_mixin.py:137} INFO - [2023-04-07T18:00:12.680+0200] {dag.py:3452} INFO - Setting next_dagrun for dataset_consumes_unknown_never_scheduled to None, run_after=None
[2023-04-07T18:00:12.682+0200] {logging_mixin.py:137} INFO - [2023-04-07T18:00:12.682+0200] {dag.py:3452} INFO - Setting next_dagrun for dataset_produces_1 to 2023-04-06T00:00:00+00:00, run_after=2023-04-07T00:00:00+00:00
[2023-04-07T18:00:12.683+0200] {logging_mixin.py:137} INFO - [2023-04-07T18:00:12.683+0200] {dag.py:3452} INFO - Setting next_dagrun for dataset_produces_2 to None, run_after=None
[2023-04-07T18:00:12.708+0200] {processor.py:175} INFO - Processing /Users/oanottage/opt/anaconda3/envs/energyvenv/lib/python3.9/site-packages/airflow/example_dags/example_datasets.py took 0.944 seconds
[2023-04-07T18:02:53.638+0200] {processor.py:153} INFO - Started process (PID=18458) to work on /Users/oanottage/opt/anaconda3/envs/energyvenv/lib/python3.9/site-packages/airflow/example_dags/example_datasets.py
[2023-04-07T18:02:53.641+0200] {processor.py:743} INFO - Processing file /Users/oanottage/opt/anaconda3/envs/energyvenv/lib/python3.9/site-packages/airflow/example_dags/example_datasets.py for tasks to queue
[2023-04-07T18:02:53.642+0200] {logging_mixin.py:137} INFO - [2023-04-07T18:02:53.642+0200] {dagbag.py:532} INFO - Filling up the DagBag from /Users/oanottage/opt/anaconda3/envs/energyvenv/lib/python3.9/site-packages/airflow/example_dags/example_datasets.py
[2023-04-07T18:02:53.685+0200] {processor.py:753} INFO - DAG(s) dict_keys(['dataset_consumes_1_and_2', 'dataset_consumes_unknown_never_scheduled', 'dataset_produces_1', 'dataset_consumes_1_never_scheduled', 'dataset_produces_2', 'dataset_consumes_1']) retrieved from /Users/oanottage/opt/anaconda3/envs/energyvenv/lib/python3.9/site-packages/airflow/example_dags/example_datasets.py
[2023-04-07T18:02:54.406+0200] {logging_mixin.py:137} INFO - [2023-04-07T18:02:54.405+0200] {dag.py:2705} INFO - Sync 6 DAGs
[2023-04-07T18:02:54.418+0200] {logging_mixin.py:137} INFO - [2023-04-07T18:02:54.417+0200] {dag.py:3452} INFO - Setting next_dagrun for dataset_consumes_1 to None, run_after=None
[2023-04-07T18:02:54.419+0200] {logging_mixin.py:137} INFO - [2023-04-07T18:02:54.419+0200] {dag.py:3452} INFO - Setting next_dagrun for dataset_consumes_1_and_2 to None, run_after=None
[2023-04-07T18:02:54.420+0200] {logging_mixin.py:137} INFO - [2023-04-07T18:02:54.420+0200] {dag.py:3452} INFO - Setting next_dagrun for dataset_consumes_1_never_scheduled to None, run_after=None
[2023-04-07T18:02:54.421+0200] {logging_mixin.py:137} INFO - [2023-04-07T18:02:54.421+0200] {dag.py:3452} INFO - Setting next_dagrun for dataset_consumes_unknown_never_scheduled to None, run_after=None
[2023-04-07T18:02:54.422+0200] {logging_mixin.py:137} INFO - [2023-04-07T18:02:54.422+0200] {dag.py:3452} INFO - Setting next_dagrun for dataset_produces_1 to 2023-04-06T00:00:00+00:00, run_after=2023-04-07T00:00:00+00:00
[2023-04-07T18:02:54.423+0200] {logging_mixin.py:137} INFO - [2023-04-07T18:02:54.423+0200] {dag.py:3452} INFO - Setting next_dagrun for dataset_produces_2 to None, run_after=None
[2023-04-07T18:02:54.444+0200] {processor.py:175} INFO - Processing /Users/oanottage/opt/anaconda3/envs/energyvenv/lib/python3.9/site-packages/airflow/example_dags/example_datasets.py took 0.806 seconds
[2023-04-07T18:05:34.726+0200] {processor.py:153} INFO - Started process (PID=18677) to work on /Users/oanottage/opt/anaconda3/envs/energyvenv/lib/python3.9/site-packages/airflow/example_dags/example_datasets.py
[2023-04-07T18:05:34.729+0200] {processor.py:743} INFO - Processing file /Users/oanottage/opt/anaconda3/envs/energyvenv/lib/python3.9/site-packages/airflow/example_dags/example_datasets.py for tasks to queue
[2023-04-07T18:05:34.730+0200] {logging_mixin.py:137} INFO - [2023-04-07T18:05:34.730+0200] {dagbag.py:532} INFO - Filling up the DagBag from /Users/oanottage/opt/anaconda3/envs/energyvenv/lib/python3.9/site-packages/airflow/example_dags/example_datasets.py
[2023-04-07T18:05:34.773+0200] {processor.py:753} INFO - DAG(s) dict_keys(['dataset_consumes_1', 'dataset_consumes_1_and_2', 'dataset_consumes_unknown_never_scheduled', 'dataset_produces_2', 'dataset_produces_1', 'dataset_consumes_1_never_scheduled']) retrieved from /Users/oanottage/opt/anaconda3/envs/energyvenv/lib/python3.9/site-packages/airflow/example_dags/example_datasets.py
[2023-04-07T18:05:35.457+0200] {logging_mixin.py:137} INFO - [2023-04-07T18:05:35.456+0200] {dag.py:2705} INFO - Sync 6 DAGs
[2023-04-07T18:05:35.471+0200] {logging_mixin.py:137} INFO - [2023-04-07T18:05:35.471+0200] {dag.py:3452} INFO - Setting next_dagrun for dataset_consumes_1 to None, run_after=None
[2023-04-07T18:05:35.473+0200] {logging_mixin.py:137} INFO - [2023-04-07T18:05:35.473+0200] {dag.py:3452} INFO - Setting next_dagrun for dataset_consumes_1_and_2 to None, run_after=None
[2023-04-07T18:05:35.473+0200] {logging_mixin.py:137} INFO - [2023-04-07T18:05:35.473+0200] {dag.py:3452} INFO - Setting next_dagrun for dataset_consumes_1_never_scheduled to None, run_after=None
[2023-04-07T18:05:35.474+0200] {logging_mixin.py:137} INFO - [2023-04-07T18:05:35.474+0200] {dag.py:3452} INFO - Setting next_dagrun for dataset_consumes_unknown_never_scheduled to None, run_after=None
[2023-04-07T18:05:35.476+0200] {logging_mixin.py:137} INFO - [2023-04-07T18:05:35.476+0200] {dag.py:3452} INFO - Setting next_dagrun for dataset_produces_1 to 2023-04-06T00:00:00+00:00, run_after=2023-04-07T00:00:00+00:00
[2023-04-07T18:05:35.476+0200] {logging_mixin.py:137} INFO - [2023-04-07T18:05:35.476+0200] {dag.py:3452} INFO - Setting next_dagrun for dataset_produces_2 to None, run_after=None
[2023-04-07T18:05:35.499+0200] {processor.py:175} INFO - Processing /Users/oanottage/opt/anaconda3/envs/energyvenv/lib/python3.9/site-packages/airflow/example_dags/example_datasets.py took 0.774 seconds
[2023-04-07T18:09:04.166+0200] {processor.py:153} INFO - Started process (PID=18991) to work on /Users/oanottage/opt/anaconda3/envs/energyvenv/lib/python3.9/site-packages/airflow/example_dags/example_datasets.py
[2023-04-07T18:09:04.170+0200] {processor.py:743} INFO - Processing file /Users/oanottage/opt/anaconda3/envs/energyvenv/lib/python3.9/site-packages/airflow/example_dags/example_datasets.py for tasks to queue
[2023-04-07T18:09:04.170+0200] {logging_mixin.py:137} INFO - [2023-04-07T18:09:04.170+0200] {dagbag.py:532} INFO - Filling up the DagBag from /Users/oanottage/opt/anaconda3/envs/energyvenv/lib/python3.9/site-packages/airflow/example_dags/example_datasets.py
[2023-04-07T18:09:04.224+0200] {processor.py:753} INFO - DAG(s) dict_keys(['dataset_produces_1', 'dataset_consumes_1_never_scheduled', 'dataset_consumes_unknown_never_scheduled', 'dataset_produces_2', 'dataset_consumes_1_and_2', 'dataset_consumes_1']) retrieved from /Users/oanottage/opt/anaconda3/envs/energyvenv/lib/python3.9/site-packages/airflow/example_dags/example_datasets.py
[2023-04-07T18:09:04.963+0200] {logging_mixin.py:137} INFO - [2023-04-07T18:09:04.963+0200] {dag.py:2705} INFO - Sync 6 DAGs
[2023-04-07T18:09:04.976+0200] {logging_mixin.py:137} INFO - [2023-04-07T18:09:04.976+0200] {dag.py:3452} INFO - Setting next_dagrun for dataset_consumes_1 to None, run_after=None
[2023-04-07T18:09:04.978+0200] {logging_mixin.py:137} INFO - [2023-04-07T18:09:04.978+0200] {dag.py:3452} INFO - Setting next_dagrun for dataset_consumes_1_and_2 to None, run_after=None
[2023-04-07T18:09:04.979+0200] {logging_mixin.py:137} INFO - [2023-04-07T18:09:04.979+0200] {dag.py:3452} INFO - Setting next_dagrun for dataset_consumes_1_never_scheduled to None, run_after=None
[2023-04-07T18:09:04.979+0200] {logging_mixin.py:137} INFO - [2023-04-07T18:09:04.979+0200] {dag.py:3452} INFO - Setting next_dagrun for dataset_consumes_unknown_never_scheduled to None, run_after=None
[2023-04-07T18:09:04.981+0200] {logging_mixin.py:137} INFO - [2023-04-07T18:09:04.981+0200] {dag.py:3452} INFO - Setting next_dagrun for dataset_produces_1 to 2023-04-06T00:00:00+00:00, run_after=2023-04-07T00:00:00+00:00
[2023-04-07T18:09:04.982+0200] {logging_mixin.py:137} INFO - [2023-04-07T18:09:04.981+0200] {dag.py:3452} INFO - Setting next_dagrun for dataset_produces_2 to None, run_after=None
[2023-04-07T18:09:05.004+0200] {processor.py:175} INFO - Processing /Users/oanottage/opt/anaconda3/envs/energyvenv/lib/python3.9/site-packages/airflow/example_dags/example_datasets.py took 0.839 seconds
[2023-04-07T18:11:46.492+0200] {processor.py:153} INFO - Started process (PID=19240) to work on /Users/oanottage/opt/anaconda3/envs/energyvenv/lib/python3.9/site-packages/airflow/example_dags/example_datasets.py
[2023-04-07T18:11:46.496+0200] {processor.py:743} INFO - Processing file /Users/oanottage/opt/anaconda3/envs/energyvenv/lib/python3.9/site-packages/airflow/example_dags/example_datasets.py for tasks to queue
[2023-04-07T18:11:46.496+0200] {logging_mixin.py:137} INFO - [2023-04-07T18:11:46.496+0200] {dagbag.py:532} INFO - Filling up the DagBag from /Users/oanottage/opt/anaconda3/envs/energyvenv/lib/python3.9/site-packages/airflow/example_dags/example_datasets.py
[2023-04-07T18:11:46.545+0200] {processor.py:753} INFO - DAG(s) dict_keys(['dataset_consumes_1_never_scheduled', 'dataset_consumes_1', 'dataset_produces_2', 'dataset_consumes_unknown_never_scheduled', 'dataset_produces_1', 'dataset_consumes_1_and_2']) retrieved from /Users/oanottage/opt/anaconda3/envs/energyvenv/lib/python3.9/site-packages/airflow/example_dags/example_datasets.py
[2023-04-07T18:11:47.315+0200] {logging_mixin.py:137} INFO - [2023-04-07T18:11:47.315+0200] {dag.py:2705} INFO - Sync 6 DAGs
[2023-04-07T18:11:47.329+0200] {logging_mixin.py:137} INFO - [2023-04-07T18:11:47.329+0200] {dag.py:3452} INFO - Setting next_dagrun for dataset_consumes_1 to None, run_after=None
[2023-04-07T18:11:47.331+0200] {logging_mixin.py:137} INFO - [2023-04-07T18:11:47.331+0200] {dag.py:3452} INFO - Setting next_dagrun for dataset_consumes_1_and_2 to None, run_after=None
[2023-04-07T18:11:47.332+0200] {logging_mixin.py:137} INFO - [2023-04-07T18:11:47.332+0200] {dag.py:3452} INFO - Setting next_dagrun for dataset_consumes_1_never_scheduled to None, run_after=None
[2023-04-07T18:11:47.332+0200] {logging_mixin.py:137} INFO - [2023-04-07T18:11:47.332+0200] {dag.py:3452} INFO - Setting next_dagrun for dataset_consumes_unknown_never_scheduled to None, run_after=None
[2023-04-07T18:11:47.334+0200] {logging_mixin.py:137} INFO - [2023-04-07T18:11:47.334+0200] {dag.py:3452} INFO - Setting next_dagrun for dataset_produces_1 to 2023-04-06T00:00:00+00:00, run_after=2023-04-07T00:00:00+00:00
[2023-04-07T18:11:47.335+0200] {logging_mixin.py:137} INFO - [2023-04-07T18:11:47.335+0200] {dag.py:3452} INFO - Setting next_dagrun for dataset_produces_2 to None, run_after=None
[2023-04-07T18:11:47.360+0200] {processor.py:175} INFO - Processing /Users/oanottage/opt/anaconda3/envs/energyvenv/lib/python3.9/site-packages/airflow/example_dags/example_datasets.py took 0.868 seconds
[2023-04-07T18:14:16.117+0200] {processor.py:153} INFO - Started process (PID=19439) to work on /Users/oanottage/opt/anaconda3/envs/energyvenv/lib/python3.9/site-packages/airflow/example_dags/example_datasets.py
[2023-04-07T18:14:16.121+0200] {processor.py:743} INFO - Processing file /Users/oanottage/opt/anaconda3/envs/energyvenv/lib/python3.9/site-packages/airflow/example_dags/example_datasets.py for tasks to queue
[2023-04-07T18:14:16.121+0200] {logging_mixin.py:137} INFO - [2023-04-07T18:14:16.121+0200] {dagbag.py:532} INFO - Filling up the DagBag from /Users/oanottage/opt/anaconda3/envs/energyvenv/lib/python3.9/site-packages/airflow/example_dags/example_datasets.py
[2023-04-07T18:14:16.162+0200] {processor.py:753} INFO - DAG(s) dict_keys(['dataset_consumes_1_and_2', 'dataset_consumes_1_never_scheduled', 'dataset_produces_1', 'dataset_consumes_unknown_never_scheduled', 'dataset_produces_2', 'dataset_consumes_1']) retrieved from /Users/oanottage/opt/anaconda3/envs/energyvenv/lib/python3.9/site-packages/airflow/example_dags/example_datasets.py
[2023-04-07T18:14:16.818+0200] {logging_mixin.py:137} INFO - [2023-04-07T18:14:16.818+0200] {dag.py:2705} INFO - Sync 6 DAGs
[2023-04-07T18:14:16.829+0200] {logging_mixin.py:137} INFO - [2023-04-07T18:14:16.829+0200] {dag.py:3452} INFO - Setting next_dagrun for dataset_consumes_1 to None, run_after=None
[2023-04-07T18:14:16.830+0200] {logging_mixin.py:137} INFO - [2023-04-07T18:14:16.830+0200] {dag.py:3452} INFO - Setting next_dagrun for dataset_consumes_1_and_2 to None, run_after=None
[2023-04-07T18:14:16.831+0200] {logging_mixin.py:137} INFO - [2023-04-07T18:14:16.831+0200] {dag.py:3452} INFO - Setting next_dagrun for dataset_consumes_1_never_scheduled to None, run_after=None
[2023-04-07T18:14:16.832+0200] {logging_mixin.py:137} INFO - [2023-04-07T18:14:16.831+0200] {dag.py:3452} INFO - Setting next_dagrun for dataset_consumes_unknown_never_scheduled to None, run_after=None
[2023-04-07T18:14:16.833+0200] {logging_mixin.py:137} INFO - [2023-04-07T18:14:16.833+0200] {dag.py:3452} INFO - Setting next_dagrun for dataset_produces_1 to 2023-04-06T00:00:00+00:00, run_after=2023-04-07T00:00:00+00:00
[2023-04-07T18:14:16.834+0200] {logging_mixin.py:137} INFO - [2023-04-07T18:14:16.834+0200] {dag.py:3452} INFO - Setting next_dagrun for dataset_produces_2 to None, run_after=None
[2023-04-07T18:14:16.853+0200] {processor.py:175} INFO - Processing /Users/oanottage/opt/anaconda3/envs/energyvenv/lib/python3.9/site-packages/airflow/example_dags/example_datasets.py took 0.737 seconds
[2023-04-07T18:16:43.926+0200] {processor.py:153} INFO - Started process (PID=19646) to work on /Users/oanottage/opt/anaconda3/envs/energyvenv/lib/python3.9/site-packages/airflow/example_dags/example_datasets.py
[2023-04-07T18:16:43.931+0200] {processor.py:743} INFO - Processing file /Users/oanottage/opt/anaconda3/envs/energyvenv/lib/python3.9/site-packages/airflow/example_dags/example_datasets.py for tasks to queue
[2023-04-07T18:16:43.931+0200] {logging_mixin.py:137} INFO - [2023-04-07T18:16:43.931+0200] {dagbag.py:532} INFO - Filling up the DagBag from /Users/oanottage/opt/anaconda3/envs/energyvenv/lib/python3.9/site-packages/airflow/example_dags/example_datasets.py
[2023-04-07T18:16:43.981+0200] {processor.py:753} INFO - DAG(s) dict_keys(['dataset_produces_2', 'dataset_consumes_1', 'dataset_consumes_unknown_never_scheduled', 'dataset_consumes_1_never_scheduled', 'dataset_produces_1', 'dataset_consumes_1_and_2']) retrieved from /Users/oanottage/opt/anaconda3/envs/energyvenv/lib/python3.9/site-packages/airflow/example_dags/example_datasets.py
[2023-04-07T18:16:44.869+0200] {logging_mixin.py:137} INFO - [2023-04-07T18:16:44.869+0200] {dag.py:2705} INFO - Sync 6 DAGs
[2023-04-07T18:16:44.885+0200] {logging_mixin.py:137} INFO - [2023-04-07T18:16:44.885+0200] {dag.py:3452} INFO - Setting next_dagrun for dataset_consumes_1 to None, run_after=None
[2023-04-07T18:16:44.887+0200] {logging_mixin.py:137} INFO - [2023-04-07T18:16:44.887+0200] {dag.py:3452} INFO - Setting next_dagrun for dataset_consumes_1_and_2 to None, run_after=None
[2023-04-07T18:16:44.888+0200] {logging_mixin.py:137} INFO - [2023-04-07T18:16:44.888+0200] {dag.py:3452} INFO - Setting next_dagrun for dataset_consumes_1_never_scheduled to None, run_after=None
[2023-04-07T18:16:44.889+0200] {logging_mixin.py:137} INFO - [2023-04-07T18:16:44.889+0200] {dag.py:3452} INFO - Setting next_dagrun for dataset_consumes_unknown_never_scheduled to None, run_after=None
[2023-04-07T18:16:44.891+0200] {logging_mixin.py:137} INFO - [2023-04-07T18:16:44.891+0200] {dag.py:3452} INFO - Setting next_dagrun for dataset_produces_1 to 2023-04-06T00:00:00+00:00, run_after=2023-04-07T00:00:00+00:00
[2023-04-07T18:16:44.892+0200] {logging_mixin.py:137} INFO - [2023-04-07T18:16:44.891+0200] {dag.py:3452} INFO - Setting next_dagrun for dataset_produces_2 to None, run_after=None
[2023-04-07T18:16:44.924+0200] {processor.py:175} INFO - Processing /Users/oanottage/opt/anaconda3/envs/energyvenv/lib/python3.9/site-packages/airflow/example_dags/example_datasets.py took 0.999 seconds
[2023-04-07T18:19:26.514+0200] {processor.py:153} INFO - Started process (PID=19834) to work on /Users/oanottage/opt/anaconda3/envs/energyvenv/lib/python3.9/site-packages/airflow/example_dags/example_datasets.py
[2023-04-07T18:19:26.517+0200] {processor.py:743} INFO - Processing file /Users/oanottage/opt/anaconda3/envs/energyvenv/lib/python3.9/site-packages/airflow/example_dags/example_datasets.py for tasks to queue
[2023-04-07T18:19:26.517+0200] {logging_mixin.py:137} INFO - [2023-04-07T18:19:26.517+0200] {dagbag.py:532} INFO - Filling up the DagBag from /Users/oanottage/opt/anaconda3/envs/energyvenv/lib/python3.9/site-packages/airflow/example_dags/example_datasets.py
[2023-04-07T18:19:26.559+0200] {processor.py:753} INFO - DAG(s) dict_keys(['dataset_produces_1', 'dataset_consumes_1', 'dataset_consumes_1_and_2', 'dataset_produces_2', 'dataset_consumes_1_never_scheduled', 'dataset_consumes_unknown_never_scheduled']) retrieved from /Users/oanottage/opt/anaconda3/envs/energyvenv/lib/python3.9/site-packages/airflow/example_dags/example_datasets.py
[2023-04-07T18:19:27.203+0200] {logging_mixin.py:137} INFO - [2023-04-07T18:19:27.202+0200] {dag.py:2705} INFO - Sync 6 DAGs
[2023-04-07T18:19:27.214+0200] {logging_mixin.py:137} INFO - [2023-04-07T18:19:27.214+0200] {dag.py:3452} INFO - Setting next_dagrun for dataset_consumes_1 to None, run_after=None
[2023-04-07T18:19:27.215+0200] {logging_mixin.py:137} INFO - [2023-04-07T18:19:27.215+0200] {dag.py:3452} INFO - Setting next_dagrun for dataset_consumes_1_and_2 to None, run_after=None
[2023-04-07T18:19:27.216+0200] {logging_mixin.py:137} INFO - [2023-04-07T18:19:27.216+0200] {dag.py:3452} INFO - Setting next_dagrun for dataset_consumes_1_never_scheduled to None, run_after=None
[2023-04-07T18:19:27.217+0200] {logging_mixin.py:137} INFO - [2023-04-07T18:19:27.216+0200] {dag.py:3452} INFO - Setting next_dagrun for dataset_consumes_unknown_never_scheduled to None, run_after=None
[2023-04-07T18:19:27.218+0200] {logging_mixin.py:137} INFO - [2023-04-07T18:19:27.218+0200] {dag.py:3452} INFO - Setting next_dagrun for dataset_produces_1 to 2023-04-06T00:00:00+00:00, run_after=2023-04-07T00:00:00+00:00
[2023-04-07T18:19:27.219+0200] {logging_mixin.py:137} INFO - [2023-04-07T18:19:27.218+0200] {dag.py:3452} INFO - Setting next_dagrun for dataset_produces_2 to None, run_after=None
[2023-04-07T18:19:27.240+0200] {processor.py:175} INFO - Processing /Users/oanottage/opt/anaconda3/envs/energyvenv/lib/python3.9/site-packages/airflow/example_dags/example_datasets.py took 0.726 seconds
[2023-04-07T18:22:13.020+0200] {processor.py:153} INFO - Started process (PID=20090) to work on /Users/oanottage/opt/anaconda3/envs/energyvenv/lib/python3.9/site-packages/airflow/example_dags/example_datasets.py
[2023-04-07T18:22:13.024+0200] {processor.py:743} INFO - Processing file /Users/oanottage/opt/anaconda3/envs/energyvenv/lib/python3.9/site-packages/airflow/example_dags/example_datasets.py for tasks to queue
[2023-04-07T18:22:13.025+0200] {logging_mixin.py:137} INFO - [2023-04-07T18:22:13.024+0200] {dagbag.py:532} INFO - Filling up the DagBag from /Users/oanottage/opt/anaconda3/envs/energyvenv/lib/python3.9/site-packages/airflow/example_dags/example_datasets.py
[2023-04-07T18:22:13.075+0200] {processor.py:753} INFO - DAG(s) dict_keys(['dataset_produces_2', 'dataset_consumes_1_never_scheduled', 'dataset_consumes_1', 'dataset_consumes_unknown_never_scheduled', 'dataset_produces_1', 'dataset_consumes_1_and_2']) retrieved from /Users/oanottage/opt/anaconda3/envs/energyvenv/lib/python3.9/site-packages/airflow/example_dags/example_datasets.py
[2023-04-07T18:22:13.866+0200] {logging_mixin.py:137} INFO - [2023-04-07T18:22:13.866+0200] {dag.py:2705} INFO - Sync 6 DAGs
[2023-04-07T18:22:13.881+0200] {logging_mixin.py:137} INFO - [2023-04-07T18:22:13.880+0200] {dag.py:3452} INFO - Setting next_dagrun for dataset_consumes_1 to None, run_after=None
[2023-04-07T18:22:13.883+0200] {logging_mixin.py:137} INFO - [2023-04-07T18:22:13.882+0200] {dag.py:3452} INFO - Setting next_dagrun for dataset_consumes_1_and_2 to None, run_after=None
[2023-04-07T18:22:13.883+0200] {logging_mixin.py:137} INFO - [2023-04-07T18:22:13.883+0200] {dag.py:3452} INFO - Setting next_dagrun for dataset_consumes_1_never_scheduled to None, run_after=None
[2023-04-07T18:22:13.884+0200] {logging_mixin.py:137} INFO - [2023-04-07T18:22:13.884+0200] {dag.py:3452} INFO - Setting next_dagrun for dataset_consumes_unknown_never_scheduled to None, run_after=None
[2023-04-07T18:22:13.886+0200] {logging_mixin.py:137} INFO - [2023-04-07T18:22:13.886+0200] {dag.py:3452} INFO - Setting next_dagrun for dataset_produces_1 to 2023-04-06T00:00:00+00:00, run_after=2023-04-07T00:00:00+00:00
[2023-04-07T18:22:13.887+0200] {logging_mixin.py:137} INFO - [2023-04-07T18:22:13.887+0200] {dag.py:3452} INFO - Setting next_dagrun for dataset_produces_2 to None, run_after=None
[2023-04-07T18:22:13.913+0200] {processor.py:175} INFO - Processing /Users/oanottage/opt/anaconda3/envs/energyvenv/lib/python3.9/site-packages/airflow/example_dags/example_datasets.py took 0.893 seconds
[2023-04-07T18:24:57.316+0200] {processor.py:153} INFO - Started process (PID=20276) to work on /Users/oanottage/opt/anaconda3/envs/energyvenv/lib/python3.9/site-packages/airflow/example_dags/example_datasets.py
[2023-04-07T18:24:57.319+0200] {processor.py:743} INFO - Processing file /Users/oanottage/opt/anaconda3/envs/energyvenv/lib/python3.9/site-packages/airflow/example_dags/example_datasets.py for tasks to queue
[2023-04-07T18:24:57.320+0200] {logging_mixin.py:137} INFO - [2023-04-07T18:24:57.320+0200] {dagbag.py:532} INFO - Filling up the DagBag from /Users/oanottage/opt/anaconda3/envs/energyvenv/lib/python3.9/site-packages/airflow/example_dags/example_datasets.py
[2023-04-07T18:24:57.359+0200] {processor.py:753} INFO - DAG(s) dict_keys(['dataset_produces_2', 'dataset_produces_1', 'dataset_consumes_1_and_2', 'dataset_consumes_1_never_scheduled', 'dataset_consumes_1', 'dataset_consumes_unknown_never_scheduled']) retrieved from /Users/oanottage/opt/anaconda3/envs/energyvenv/lib/python3.9/site-packages/airflow/example_dags/example_datasets.py
[2023-04-07T18:24:58.098+0200] {logging_mixin.py:137} INFO - [2023-04-07T18:24:58.098+0200] {dag.py:2705} INFO - Sync 6 DAGs
[2023-04-07T18:24:58.113+0200] {logging_mixin.py:137} INFO - [2023-04-07T18:24:58.113+0200] {dag.py:3452} INFO - Setting next_dagrun for dataset_consumes_1 to None, run_after=None
[2023-04-07T18:24:58.115+0200] {logging_mixin.py:137} INFO - [2023-04-07T18:24:58.115+0200] {dag.py:3452} INFO - Setting next_dagrun for dataset_consumes_1_and_2 to None, run_after=None
[2023-04-07T18:24:58.116+0200] {logging_mixin.py:137} INFO - [2023-04-07T18:24:58.116+0200] {dag.py:3452} INFO - Setting next_dagrun for dataset_consumes_1_never_scheduled to None, run_after=None
[2023-04-07T18:24:58.117+0200] {logging_mixin.py:137} INFO - [2023-04-07T18:24:58.116+0200] {dag.py:3452} INFO - Setting next_dagrun for dataset_consumes_unknown_never_scheduled to None, run_after=None
[2023-04-07T18:24:58.119+0200] {logging_mixin.py:137} INFO - [2023-04-07T18:24:58.119+0200] {dag.py:3452} INFO - Setting next_dagrun for dataset_produces_1 to 2023-04-06T00:00:00+00:00, run_after=2023-04-07T00:00:00+00:00
[2023-04-07T18:24:58.119+0200] {logging_mixin.py:137} INFO - [2023-04-07T18:24:58.119+0200] {dag.py:3452} INFO - Setting next_dagrun for dataset_produces_2 to None, run_after=None
[2023-04-07T18:24:58.146+0200] {processor.py:175} INFO - Processing /Users/oanottage/opt/anaconda3/envs/energyvenv/lib/python3.9/site-packages/airflow/example_dags/example_datasets.py took 0.830 seconds
[2023-04-07T18:27:33.617+0200] {processor.py:153} INFO - Started process (PID=20460) to work on /Users/oanottage/opt/anaconda3/envs/energyvenv/lib/python3.9/site-packages/airflow/example_dags/example_datasets.py
[2023-04-07T18:27:33.621+0200] {processor.py:743} INFO - Processing file /Users/oanottage/opt/anaconda3/envs/energyvenv/lib/python3.9/site-packages/airflow/example_dags/example_datasets.py for tasks to queue
[2023-04-07T18:27:33.622+0200] {logging_mixin.py:137} INFO - [2023-04-07T18:27:33.621+0200] {dagbag.py:532} INFO - Filling up the DagBag from /Users/oanottage/opt/anaconda3/envs/energyvenv/lib/python3.9/site-packages/airflow/example_dags/example_datasets.py
[2023-04-07T18:27:33.668+0200] {processor.py:753} INFO - DAG(s) dict_keys(['dataset_produces_2', 'dataset_consumes_1', 'dataset_consumes_unknown_never_scheduled', 'dataset_produces_1', 'dataset_consumes_1_never_scheduled', 'dataset_consumes_1_and_2']) retrieved from /Users/oanottage/opt/anaconda3/envs/energyvenv/lib/python3.9/site-packages/airflow/example_dags/example_datasets.py
[2023-04-07T18:27:34.387+0200] {logging_mixin.py:137} INFO - [2023-04-07T18:27:34.387+0200] {dag.py:2705} INFO - Sync 6 DAGs
[2023-04-07T18:27:34.399+0200] {logging_mixin.py:137} INFO - [2023-04-07T18:27:34.399+0200] {dag.py:3452} INFO - Setting next_dagrun for dataset_consumes_1 to None, run_after=None
[2023-04-07T18:27:34.401+0200] {logging_mixin.py:137} INFO - [2023-04-07T18:27:34.401+0200] {dag.py:3452} INFO - Setting next_dagrun for dataset_consumes_1_and_2 to None, run_after=None
[2023-04-07T18:27:34.402+0200] {logging_mixin.py:137} INFO - [2023-04-07T18:27:34.401+0200] {dag.py:3452} INFO - Setting next_dagrun for dataset_consumes_1_never_scheduled to None, run_after=None
[2023-04-07T18:27:34.402+0200] {logging_mixin.py:137} INFO - [2023-04-07T18:27:34.402+0200] {dag.py:3452} INFO - Setting next_dagrun for dataset_consumes_unknown_never_scheduled to None, run_after=None
[2023-04-07T18:27:34.404+0200] {logging_mixin.py:137} INFO - [2023-04-07T18:27:34.404+0200] {dag.py:3452} INFO - Setting next_dagrun for dataset_produces_1 to 2023-04-06T00:00:00+00:00, run_after=2023-04-07T00:00:00+00:00
[2023-04-07T18:27:34.404+0200] {logging_mixin.py:137} INFO - [2023-04-07T18:27:34.404+0200] {dag.py:3452} INFO - Setting next_dagrun for dataset_produces_2 to None, run_after=None
[2023-04-07T18:27:34.424+0200] {processor.py:175} INFO - Processing /Users/oanottage/opt/anaconda3/envs/energyvenv/lib/python3.9/site-packages/airflow/example_dags/example_datasets.py took 0.807 seconds
[2023-04-07T18:31:13.079+0200] {processor.py:153} INFO - Started process (PID=20847) to work on /Users/oanottage/opt/anaconda3/envs/energyvenv/lib/python3.9/site-packages/airflow/example_dags/example_datasets.py
[2023-04-07T18:31:13.084+0200] {processor.py:743} INFO - Processing file /Users/oanottage/opt/anaconda3/envs/energyvenv/lib/python3.9/site-packages/airflow/example_dags/example_datasets.py for tasks to queue
[2023-04-07T18:31:13.085+0200] {logging_mixin.py:137} INFO - [2023-04-07T18:31:13.085+0200] {dagbag.py:532} INFO - Filling up the DagBag from /Users/oanottage/opt/anaconda3/envs/energyvenv/lib/python3.9/site-packages/airflow/example_dags/example_datasets.py
[2023-04-07T18:31:13.142+0200] {processor.py:753} INFO - DAG(s) dict_keys(['dataset_consumes_1_and_2', 'dataset_produces_1', 'dataset_consumes_1', 'dataset_consumes_unknown_never_scheduled', 'dataset_produces_2', 'dataset_consumes_1_never_scheduled']) retrieved from /Users/oanottage/opt/anaconda3/envs/energyvenv/lib/python3.9/site-packages/airflow/example_dags/example_datasets.py
[2023-04-07T18:31:13.959+0200] {logging_mixin.py:137} INFO - [2023-04-07T18:31:13.959+0200] {dag.py:2705} INFO - Sync 6 DAGs
[2023-04-07T18:31:13.975+0200] {logging_mixin.py:137} INFO - [2023-04-07T18:31:13.975+0200] {dag.py:3452} INFO - Setting next_dagrun for dataset_consumes_1 to None, run_after=None
[2023-04-07T18:31:13.977+0200] {logging_mixin.py:137} INFO - [2023-04-07T18:31:13.977+0200] {dag.py:3452} INFO - Setting next_dagrun for dataset_consumes_1_and_2 to None, run_after=None
[2023-04-07T18:31:13.978+0200] {logging_mixin.py:137} INFO - [2023-04-07T18:31:13.977+0200] {dag.py:3452} INFO - Setting next_dagrun for dataset_consumes_1_never_scheduled to None, run_after=None
[2023-04-07T18:31:13.978+0200] {logging_mixin.py:137} INFO - [2023-04-07T18:31:13.978+0200] {dag.py:3452} INFO - Setting next_dagrun for dataset_consumes_unknown_never_scheduled to None, run_after=None
[2023-04-07T18:31:13.980+0200] {logging_mixin.py:137} INFO - [2023-04-07T18:31:13.980+0200] {dag.py:3452} INFO - Setting next_dagrun for dataset_produces_1 to 2023-04-06T00:00:00+00:00, run_after=2023-04-07T00:00:00+00:00
[2023-04-07T18:31:13.981+0200] {logging_mixin.py:137} INFO - [2023-04-07T18:31:13.981+0200] {dag.py:3452} INFO - Setting next_dagrun for dataset_produces_2 to None, run_after=None
[2023-04-07T18:31:14.007+0200] {processor.py:175} INFO - Processing /Users/oanottage/opt/anaconda3/envs/energyvenv/lib/python3.9/site-packages/airflow/example_dags/example_datasets.py took 0.929 seconds
[2023-04-07T18:43:16.550+0200] {processor.py:153} INFO - Started process (PID=21477) to work on /Users/oanottage/opt/anaconda3/envs/energyvenv/lib/python3.9/site-packages/airflow/example_dags/example_datasets.py
[2023-04-07T18:43:16.562+0200] {processor.py:743} INFO - Processing file /Users/oanottage/opt/anaconda3/envs/energyvenv/lib/python3.9/site-packages/airflow/example_dags/example_datasets.py for tasks to queue
[2023-04-07T18:43:16.563+0200] {logging_mixin.py:137} INFO - [2023-04-07T18:43:16.563+0200] {dagbag.py:532} INFO - Filling up the DagBag from /Users/oanottage/opt/anaconda3/envs/energyvenv/lib/python3.9/site-packages/airflow/example_dags/example_datasets.py
[2023-04-07T18:43:16.633+0200] {processor.py:753} INFO - DAG(s) dict_keys(['dataset_consumes_1_never_scheduled', 'dataset_produces_2', 'dataset_consumes_1', 'dataset_produces_1', 'dataset_consumes_unknown_never_scheduled', 'dataset_consumes_1_and_2']) retrieved from /Users/oanottage/opt/anaconda3/envs/energyvenv/lib/python3.9/site-packages/airflow/example_dags/example_datasets.py
[2023-04-07T18:43:17.436+0200] {logging_mixin.py:137} INFO - [2023-04-07T18:43:17.436+0200] {dag.py:2705} INFO - Sync 6 DAGs
[2023-04-07T18:43:17.449+0200] {logging_mixin.py:137} INFO - [2023-04-07T18:43:17.449+0200] {dag.py:3452} INFO - Setting next_dagrun for dataset_consumes_1 to None, run_after=None
[2023-04-07T18:43:17.450+0200] {logging_mixin.py:137} INFO - [2023-04-07T18:43:17.450+0200] {dag.py:3452} INFO - Setting next_dagrun for dataset_consumes_1_and_2 to None, run_after=None
[2023-04-07T18:43:17.451+0200] {logging_mixin.py:137} INFO - [2023-04-07T18:43:17.451+0200] {dag.py:3452} INFO - Setting next_dagrun for dataset_consumes_1_never_scheduled to None, run_after=None
[2023-04-07T18:43:17.452+0200] {logging_mixin.py:137} INFO - [2023-04-07T18:43:17.451+0200] {dag.py:3452} INFO - Setting next_dagrun for dataset_consumes_unknown_never_scheduled to None, run_after=None
[2023-04-07T18:43:17.453+0200] {logging_mixin.py:137} INFO - [2023-04-07T18:43:17.453+0200] {dag.py:3452} INFO - Setting next_dagrun for dataset_produces_1 to 2023-04-06T00:00:00+00:00, run_after=2023-04-07T00:00:00+00:00
[2023-04-07T18:43:17.454+0200] {logging_mixin.py:137} INFO - [2023-04-07T18:43:17.454+0200] {dag.py:3452} INFO - Setting next_dagrun for dataset_produces_2 to None, run_after=None
[2023-04-07T18:43:17.474+0200] {processor.py:175} INFO - Processing /Users/oanottage/opt/anaconda3/envs/energyvenv/lib/python3.9/site-packages/airflow/example_dags/example_datasets.py took 0.925 seconds
[2023-04-07T18:46:09.394+0200] {processor.py:153} INFO - Started process (PID=21687) to work on /Users/oanottage/opt/anaconda3/envs/energyvenv/lib/python3.9/site-packages/airflow/example_dags/example_datasets.py
[2023-04-07T18:46:09.398+0200] {processor.py:743} INFO - Processing file /Users/oanottage/opt/anaconda3/envs/energyvenv/lib/python3.9/site-packages/airflow/example_dags/example_datasets.py for tasks to queue
[2023-04-07T18:46:09.398+0200] {logging_mixin.py:137} INFO - [2023-04-07T18:46:09.398+0200] {dagbag.py:532} INFO - Filling up the DagBag from /Users/oanottage/opt/anaconda3/envs/energyvenv/lib/python3.9/site-packages/airflow/example_dags/example_datasets.py
[2023-04-07T18:46:09.439+0200] {processor.py:753} INFO - DAG(s) dict_keys(['dataset_consumes_unknown_never_scheduled', 'dataset_produces_2', 'dataset_consumes_1_never_scheduled', 'dataset_consumes_1_and_2', 'dataset_produces_1', 'dataset_consumes_1']) retrieved from /Users/oanottage/opt/anaconda3/envs/energyvenv/lib/python3.9/site-packages/airflow/example_dags/example_datasets.py
[2023-04-07T18:46:10.193+0200] {logging_mixin.py:137} INFO - [2023-04-07T18:46:10.193+0200] {dag.py:2705} INFO - Sync 6 DAGs
[2023-04-07T18:46:10.211+0200] {logging_mixin.py:137} INFO - [2023-04-07T18:46:10.211+0200] {dag.py:3452} INFO - Setting next_dagrun for dataset_consumes_1 to None, run_after=None
[2023-04-07T18:46:10.214+0200] {logging_mixin.py:137} INFO - [2023-04-07T18:46:10.213+0200] {dag.py:3452} INFO - Setting next_dagrun for dataset_consumes_1_and_2 to None, run_after=None
[2023-04-07T18:46:10.214+0200] {logging_mixin.py:137} INFO - [2023-04-07T18:46:10.214+0200] {dag.py:3452} INFO - Setting next_dagrun for dataset_consumes_1_never_scheduled to None, run_after=None
[2023-04-07T18:46:10.215+0200] {logging_mixin.py:137} INFO - [2023-04-07T18:46:10.215+0200] {dag.py:3452} INFO - Setting next_dagrun for dataset_consumes_unknown_never_scheduled to None, run_after=None
[2023-04-07T18:46:10.218+0200] {logging_mixin.py:137} INFO - [2023-04-07T18:46:10.218+0200] {dag.py:3452} INFO - Setting next_dagrun for dataset_produces_1 to 2023-04-06T00:00:00+00:00, run_after=2023-04-07T00:00:00+00:00
[2023-04-07T18:46:10.219+0200] {logging_mixin.py:137} INFO - [2023-04-07T18:46:10.219+0200] {dag.py:3452} INFO - Setting next_dagrun for dataset_produces_2 to None, run_after=None
[2023-04-07T18:46:10.248+0200] {processor.py:175} INFO - Processing /Users/oanottage/opt/anaconda3/envs/energyvenv/lib/python3.9/site-packages/airflow/example_dags/example_datasets.py took 0.854 seconds
