[2023-04-07T17:55:33.295+0200] {processor.py:153} INFO - Started process (PID=17933) to work on /Users/oanottage/opt/anaconda3/envs/energyvenv/lib/python3.9/site-packages/airflow/example_dags/example_branch_operator_decorator.py
[2023-04-07T17:55:33.298+0200] {processor.py:743} INFO - Processing file /Users/oanottage/opt/anaconda3/envs/energyvenv/lib/python3.9/site-packages/airflow/example_dags/example_branch_operator_decorator.py for tasks to queue
[2023-04-07T17:55:33.298+0200] {logging_mixin.py:137} INFO - [2023-04-07T17:55:33.298+0200] {dagbag.py:532} INFO - Filling up the DagBag from /Users/oanottage/opt/anaconda3/envs/energyvenv/lib/python3.9/site-packages/airflow/example_dags/example_branch_operator_decorator.py
[2023-04-07T17:55:33.360+0200] {processor.py:753} INFO - DAG(s) dict_keys(['example_branch_python_operator_decorator']) retrieved from /Users/oanottage/opt/anaconda3/envs/energyvenv/lib/python3.9/site-packages/airflow/example_dags/example_branch_operator_decorator.py
[2023-04-07T17:55:34.070+0200] {logging_mixin.py:137} INFO - [2023-04-07T17:55:34.070+0200] {dag.py:2705} INFO - Sync 1 DAGs
[2023-04-07T17:55:34.081+0200] {logging_mixin.py:137} INFO - [2023-04-07T17:55:34.081+0200] {dag.py:3452} INFO - Setting next_dagrun for example_branch_python_operator_decorator to 2023-04-06T00:00:00+00:00, run_after=2023-04-07T00:00:00+00:00
[2023-04-07T17:55:34.096+0200] {processor.py:175} INFO - Processing /Users/oanottage/opt/anaconda3/envs/energyvenv/lib/python3.9/site-packages/airflow/example_dags/example_branch_operator_decorator.py took 0.803 seconds
[2023-04-07T17:58:49.012+0200] {processor.py:153} INFO - Started process (PID=18171) to work on /Users/oanottage/opt/anaconda3/envs/energyvenv/lib/python3.9/site-packages/airflow/example_dags/example_branch_operator_decorator.py
[2023-04-07T17:58:49.015+0200] {processor.py:743} INFO - Processing file /Users/oanottage/opt/anaconda3/envs/energyvenv/lib/python3.9/site-packages/airflow/example_dags/example_branch_operator_decorator.py for tasks to queue
[2023-04-07T17:58:49.015+0200] {logging_mixin.py:137} INFO - [2023-04-07T17:58:49.015+0200] {dagbag.py:532} INFO - Filling up the DagBag from /Users/oanottage/opt/anaconda3/envs/energyvenv/lib/python3.9/site-packages/airflow/example_dags/example_branch_operator_decorator.py
[2023-04-07T17:58:49.071+0200] {processor.py:753} INFO - DAG(s) dict_keys(['example_branch_python_operator_decorator']) retrieved from /Users/oanottage/opt/anaconda3/envs/energyvenv/lib/python3.9/site-packages/airflow/example_dags/example_branch_operator_decorator.py
[2023-04-07T17:58:49.688+0200] {logging_mixin.py:137} INFO - [2023-04-07T17:58:49.687+0200] {dag.py:2705} INFO - Sync 1 DAGs
[2023-04-07T17:58:49.700+0200] {logging_mixin.py:137} INFO - [2023-04-07T17:58:49.700+0200] {dag.py:3452} INFO - Setting next_dagrun for example_branch_python_operator_decorator to 2023-04-06T00:00:00+00:00, run_after=2023-04-07T00:00:00+00:00
[2023-04-07T17:58:49.712+0200] {processor.py:175} INFO - Processing /Users/oanottage/opt/anaconda3/envs/energyvenv/lib/python3.9/site-packages/airflow/example_dags/example_branch_operator_decorator.py took 0.700 seconds
[2023-04-07T18:01:28.697+0200] {processor.py:153} INFO - Started process (PID=18362) to work on /Users/oanottage/opt/anaconda3/envs/energyvenv/lib/python3.9/site-packages/airflow/example_dags/example_branch_operator_decorator.py
[2023-04-07T18:01:28.700+0200] {processor.py:743} INFO - Processing file /Users/oanottage/opt/anaconda3/envs/energyvenv/lib/python3.9/site-packages/airflow/example_dags/example_branch_operator_decorator.py for tasks to queue
[2023-04-07T18:01:28.701+0200] {logging_mixin.py:137} INFO - [2023-04-07T18:01:28.701+0200] {dagbag.py:532} INFO - Filling up the DagBag from /Users/oanottage/opt/anaconda3/envs/energyvenv/lib/python3.9/site-packages/airflow/example_dags/example_branch_operator_decorator.py
[2023-04-07T18:01:28.754+0200] {processor.py:753} INFO - DAG(s) dict_keys(['example_branch_python_operator_decorator']) retrieved from /Users/oanottage/opt/anaconda3/envs/energyvenv/lib/python3.9/site-packages/airflow/example_dags/example_branch_operator_decorator.py
[2023-04-07T18:01:29.375+0200] {logging_mixin.py:137} INFO - [2023-04-07T18:01:29.375+0200] {dag.py:2705} INFO - Sync 1 DAGs
[2023-04-07T18:01:29.387+0200] {logging_mixin.py:137} INFO - [2023-04-07T18:01:29.386+0200] {dag.py:3452} INFO - Setting next_dagrun for example_branch_python_operator_decorator to 2023-04-06T00:00:00+00:00, run_after=2023-04-07T00:00:00+00:00
[2023-04-07T18:01:29.399+0200] {processor.py:175} INFO - Processing /Users/oanottage/opt/anaconda3/envs/energyvenv/lib/python3.9/site-packages/airflow/example_dags/example_branch_operator_decorator.py took 0.702 seconds
[2023-04-07T18:05:45.323+0200] {processor.py:153} INFO - Started process (PID=18687) to work on /Users/oanottage/opt/anaconda3/envs/energyvenv/lib/python3.9/site-packages/airflow/example_dags/example_branch_operator_decorator.py
[2023-04-07T18:05:45.326+0200] {processor.py:743} INFO - Processing file /Users/oanottage/opt/anaconda3/envs/energyvenv/lib/python3.9/site-packages/airflow/example_dags/example_branch_operator_decorator.py for tasks to queue
[2023-04-07T18:05:45.327+0200] {logging_mixin.py:137} INFO - [2023-04-07T18:05:45.326+0200] {dagbag.py:532} INFO - Filling up the DagBag from /Users/oanottage/opt/anaconda3/envs/energyvenv/lib/python3.9/site-packages/airflow/example_dags/example_branch_operator_decorator.py
[2023-04-07T18:05:45.382+0200] {processor.py:753} INFO - DAG(s) dict_keys(['example_branch_python_operator_decorator']) retrieved from /Users/oanottage/opt/anaconda3/envs/energyvenv/lib/python3.9/site-packages/airflow/example_dags/example_branch_operator_decorator.py
[2023-04-07T18:05:46.022+0200] {logging_mixin.py:137} INFO - [2023-04-07T18:05:46.022+0200] {dag.py:2705} INFO - Sync 1 DAGs
[2023-04-07T18:05:46.035+0200] {logging_mixin.py:137} INFO - [2023-04-07T18:05:46.035+0200] {dag.py:3452} INFO - Setting next_dagrun for example_branch_python_operator_decorator to 2023-04-06T00:00:00+00:00, run_after=2023-04-07T00:00:00+00:00
[2023-04-07T18:05:46.047+0200] {processor.py:175} INFO - Processing /Users/oanottage/opt/anaconda3/envs/energyvenv/lib/python3.9/site-packages/airflow/example_dags/example_branch_operator_decorator.py took 0.724 seconds
[2023-04-07T18:09:14.956+0200] {processor.py:153} INFO - Started process (PID=19034) to work on /Users/oanottage/opt/anaconda3/envs/energyvenv/lib/python3.9/site-packages/airflow/example_dags/example_branch_operator_decorator.py
[2023-04-07T18:09:14.959+0200] {processor.py:743} INFO - Processing file /Users/oanottage/opt/anaconda3/envs/energyvenv/lib/python3.9/site-packages/airflow/example_dags/example_branch_operator_decorator.py for tasks to queue
[2023-04-07T18:09:14.960+0200] {logging_mixin.py:137} INFO - [2023-04-07T18:09:14.960+0200] {dagbag.py:532} INFO - Filling up the DagBag from /Users/oanottage/opt/anaconda3/envs/energyvenv/lib/python3.9/site-packages/airflow/example_dags/example_branch_operator_decorator.py
[2023-04-07T18:09:15.019+0200] {processor.py:753} INFO - DAG(s) dict_keys(['example_branch_python_operator_decorator']) retrieved from /Users/oanottage/opt/anaconda3/envs/energyvenv/lib/python3.9/site-packages/airflow/example_dags/example_branch_operator_decorator.py
[2023-04-07T18:09:15.650+0200] {logging_mixin.py:137} INFO - [2023-04-07T18:09:15.650+0200] {dag.py:2705} INFO - Sync 1 DAGs
[2023-04-07T18:09:15.662+0200] {logging_mixin.py:137} INFO - [2023-04-07T18:09:15.662+0200] {dag.py:3452} INFO - Setting next_dagrun for example_branch_python_operator_decorator to 2023-04-06T00:00:00+00:00, run_after=2023-04-07T00:00:00+00:00
[2023-04-07T18:09:15.675+0200] {processor.py:175} INFO - Processing /Users/oanottage/opt/anaconda3/envs/energyvenv/lib/python3.9/site-packages/airflow/example_dags/example_branch_operator_decorator.py took 0.719 seconds
[2023-04-07T18:11:57.406+0200] {processor.py:153} INFO - Started process (PID=19252) to work on /Users/oanottage/opt/anaconda3/envs/energyvenv/lib/python3.9/site-packages/airflow/example_dags/example_branch_operator_decorator.py
[2023-04-07T18:11:57.409+0200] {processor.py:743} INFO - Processing file /Users/oanottage/opt/anaconda3/envs/energyvenv/lib/python3.9/site-packages/airflow/example_dags/example_branch_operator_decorator.py for tasks to queue
[2023-04-07T18:11:57.410+0200] {logging_mixin.py:137} INFO - [2023-04-07T18:11:57.410+0200] {dagbag.py:532} INFO - Filling up the DagBag from /Users/oanottage/opt/anaconda3/envs/energyvenv/lib/python3.9/site-packages/airflow/example_dags/example_branch_operator_decorator.py
[2023-04-07T18:11:57.481+0200] {processor.py:753} INFO - DAG(s) dict_keys(['example_branch_python_operator_decorator']) retrieved from /Users/oanottage/opt/anaconda3/envs/energyvenv/lib/python3.9/site-packages/airflow/example_dags/example_branch_operator_decorator.py
[2023-04-07T18:11:58.133+0200] {logging_mixin.py:137} INFO - [2023-04-07T18:11:58.132+0200] {dag.py:2705} INFO - Sync 1 DAGs
[2023-04-07T18:11:58.147+0200] {logging_mixin.py:137} INFO - [2023-04-07T18:11:58.147+0200] {dag.py:3452} INFO - Setting next_dagrun for example_branch_python_operator_decorator to 2023-04-06T00:00:00+00:00, run_after=2023-04-07T00:00:00+00:00
[2023-04-07T18:11:58.160+0200] {processor.py:175} INFO - Processing /Users/oanottage/opt/anaconda3/envs/energyvenv/lib/python3.9/site-packages/airflow/example_dags/example_branch_operator_decorator.py took 0.755 seconds
[2023-04-07T18:14:26.824+0200] {processor.py:153} INFO - Started process (PID=19450) to work on /Users/oanottage/opt/anaconda3/envs/energyvenv/lib/python3.9/site-packages/airflow/example_dags/example_branch_operator_decorator.py
[2023-04-07T18:14:26.828+0200] {processor.py:743} INFO - Processing file /Users/oanottage/opt/anaconda3/envs/energyvenv/lib/python3.9/site-packages/airflow/example_dags/example_branch_operator_decorator.py for tasks to queue
[2023-04-07T18:14:26.828+0200] {logging_mixin.py:137} INFO - [2023-04-07T18:14:26.828+0200] {dagbag.py:532} INFO - Filling up the DagBag from /Users/oanottage/opt/anaconda3/envs/energyvenv/lib/python3.9/site-packages/airflow/example_dags/example_branch_operator_decorator.py
[2023-04-07T18:14:26.884+0200] {processor.py:753} INFO - DAG(s) dict_keys(['example_branch_python_operator_decorator']) retrieved from /Users/oanottage/opt/anaconda3/envs/energyvenv/lib/python3.9/site-packages/airflow/example_dags/example_branch_operator_decorator.py
[2023-04-07T18:14:27.514+0200] {logging_mixin.py:137} INFO - [2023-04-07T18:14:27.514+0200] {dag.py:2705} INFO - Sync 1 DAGs
[2023-04-07T18:14:27.526+0200] {logging_mixin.py:137} INFO - [2023-04-07T18:14:27.526+0200] {dag.py:3452} INFO - Setting next_dagrun for example_branch_python_operator_decorator to 2023-04-06T00:00:00+00:00, run_after=2023-04-07T00:00:00+00:00
[2023-04-07T18:14:27.539+0200] {processor.py:175} INFO - Processing /Users/oanottage/opt/anaconda3/envs/energyvenv/lib/python3.9/site-packages/airflow/example_dags/example_branch_operator_decorator.py took 0.715 seconds
[2023-04-07T18:16:55.181+0200] {processor.py:153} INFO - Started process (PID=19661) to work on /Users/oanottage/opt/anaconda3/envs/energyvenv/lib/python3.9/site-packages/airflow/example_dags/example_branch_operator_decorator.py
[2023-04-07T18:16:55.185+0200] {processor.py:743} INFO - Processing file /Users/oanottage/opt/anaconda3/envs/energyvenv/lib/python3.9/site-packages/airflow/example_dags/example_branch_operator_decorator.py for tasks to queue
[2023-04-07T18:16:55.186+0200] {logging_mixin.py:137} INFO - [2023-04-07T18:16:55.186+0200] {dagbag.py:532} INFO - Filling up the DagBag from /Users/oanottage/opt/anaconda3/envs/energyvenv/lib/python3.9/site-packages/airflow/example_dags/example_branch_operator_decorator.py
[2023-04-07T18:16:55.257+0200] {processor.py:753} INFO - DAG(s) dict_keys(['example_branch_python_operator_decorator']) retrieved from /Users/oanottage/opt/anaconda3/envs/energyvenv/lib/python3.9/site-packages/airflow/example_dags/example_branch_operator_decorator.py
[2023-04-07T18:16:56.019+0200] {logging_mixin.py:137} INFO - [2023-04-07T18:16:56.019+0200] {dag.py:2705} INFO - Sync 1 DAGs
[2023-04-07T18:16:56.034+0200] {logging_mixin.py:137} INFO - [2023-04-07T18:16:56.034+0200] {dag.py:3452} INFO - Setting next_dagrun for example_branch_python_operator_decorator to 2023-04-06T00:00:00+00:00, run_after=2023-04-07T00:00:00+00:00
[2023-04-07T18:16:56.049+0200] {processor.py:175} INFO - Processing /Users/oanottage/opt/anaconda3/envs/energyvenv/lib/python3.9/site-packages/airflow/example_dags/example_branch_operator_decorator.py took 0.868 seconds
[2023-04-07T18:19:37.200+0200] {processor.py:153} INFO - Started process (PID=19849) to work on /Users/oanottage/opt/anaconda3/envs/energyvenv/lib/python3.9/site-packages/airflow/example_dags/example_branch_operator_decorator.py
[2023-04-07T18:19:37.203+0200] {processor.py:743} INFO - Processing file /Users/oanottage/opt/anaconda3/envs/energyvenv/lib/python3.9/site-packages/airflow/example_dags/example_branch_operator_decorator.py for tasks to queue
[2023-04-07T18:19:37.203+0200] {logging_mixin.py:137} INFO - [2023-04-07T18:19:37.203+0200] {dagbag.py:532} INFO - Filling up the DagBag from /Users/oanottage/opt/anaconda3/envs/energyvenv/lib/python3.9/site-packages/airflow/example_dags/example_branch_operator_decorator.py
[2023-04-07T18:19:37.265+0200] {processor.py:753} INFO - DAG(s) dict_keys(['example_branch_python_operator_decorator']) retrieved from /Users/oanottage/opt/anaconda3/envs/energyvenv/lib/python3.9/site-packages/airflow/example_dags/example_branch_operator_decorator.py
[2023-04-07T18:19:38.075+0200] {logging_mixin.py:137} INFO - [2023-04-07T18:19:38.074+0200] {dag.py:2705} INFO - Sync 1 DAGs
[2023-04-07T18:19:38.087+0200] {logging_mixin.py:137} INFO - [2023-04-07T18:19:38.087+0200] {dag.py:3452} INFO - Setting next_dagrun for example_branch_python_operator_decorator to 2023-04-06T00:00:00+00:00, run_after=2023-04-07T00:00:00+00:00
[2023-04-07T18:19:38.099+0200] {processor.py:175} INFO - Processing /Users/oanottage/opt/anaconda3/envs/energyvenv/lib/python3.9/site-packages/airflow/example_dags/example_branch_operator_decorator.py took 0.899 seconds
[2023-04-07T18:22:23.678+0200] {processor.py:153} INFO - Started process (PID=20103) to work on /Users/oanottage/opt/anaconda3/envs/energyvenv/lib/python3.9/site-packages/airflow/example_dags/example_branch_operator_decorator.py
[2023-04-07T18:22:23.682+0200] {processor.py:743} INFO - Processing file /Users/oanottage/opt/anaconda3/envs/energyvenv/lib/python3.9/site-packages/airflow/example_dags/example_branch_operator_decorator.py for tasks to queue
[2023-04-07T18:22:23.682+0200] {logging_mixin.py:137} INFO - [2023-04-07T18:22:23.682+0200] {dagbag.py:532} INFO - Filling up the DagBag from /Users/oanottage/opt/anaconda3/envs/energyvenv/lib/python3.9/site-packages/airflow/example_dags/example_branch_operator_decorator.py
[2023-04-07T18:22:23.745+0200] {processor.py:753} INFO - DAG(s) dict_keys(['example_branch_python_operator_decorator']) retrieved from /Users/oanottage/opt/anaconda3/envs/energyvenv/lib/python3.9/site-packages/airflow/example_dags/example_branch_operator_decorator.py
[2023-04-07T18:22:24.394+0200] {logging_mixin.py:137} INFO - [2023-04-07T18:22:24.394+0200] {dag.py:2705} INFO - Sync 1 DAGs
[2023-04-07T18:22:24.406+0200] {logging_mixin.py:137} INFO - [2023-04-07T18:22:24.406+0200] {dag.py:3452} INFO - Setting next_dagrun for example_branch_python_operator_decorator to 2023-04-06T00:00:00+00:00, run_after=2023-04-07T00:00:00+00:00
[2023-04-07T18:22:24.420+0200] {processor.py:175} INFO - Processing /Users/oanottage/opt/anaconda3/envs/energyvenv/lib/python3.9/site-packages/airflow/example_dags/example_branch_operator_decorator.py took 0.742 seconds
[2023-04-07T18:25:08.597+0200] {processor.py:153} INFO - Started process (PID=20290) to work on /Users/oanottage/opt/anaconda3/envs/energyvenv/lib/python3.9/site-packages/airflow/example_dags/example_branch_operator_decorator.py
[2023-04-07T18:25:08.602+0200] {processor.py:743} INFO - Processing file /Users/oanottage/opt/anaconda3/envs/energyvenv/lib/python3.9/site-packages/airflow/example_dags/example_branch_operator_decorator.py for tasks to queue
[2023-04-07T18:25:08.602+0200] {logging_mixin.py:137} INFO - [2023-04-07T18:25:08.602+0200] {dagbag.py:532} INFO - Filling up the DagBag from /Users/oanottage/opt/anaconda3/envs/energyvenv/lib/python3.9/site-packages/airflow/example_dags/example_branch_operator_decorator.py
[2023-04-07T18:25:08.670+0200] {processor.py:753} INFO - DAG(s) dict_keys(['example_branch_python_operator_decorator']) retrieved from /Users/oanottage/opt/anaconda3/envs/energyvenv/lib/python3.9/site-packages/airflow/example_dags/example_branch_operator_decorator.py
[2023-04-07T18:25:09.371+0200] {logging_mixin.py:137} INFO - [2023-04-07T18:25:09.370+0200] {dag.py:2705} INFO - Sync 1 DAGs
[2023-04-07T18:25:09.385+0200] {logging_mixin.py:137} INFO - [2023-04-07T18:25:09.385+0200] {dag.py:3452} INFO - Setting next_dagrun for example_branch_python_operator_decorator to 2023-04-06T00:00:00+00:00, run_after=2023-04-07T00:00:00+00:00
[2023-04-07T18:25:09.401+0200] {processor.py:175} INFO - Processing /Users/oanottage/opt/anaconda3/envs/energyvenv/lib/python3.9/site-packages/airflow/example_dags/example_branch_operator_decorator.py took 0.804 seconds
[2023-04-07T18:27:44.425+0200] {processor.py:153} INFO - Started process (PID=20471) to work on /Users/oanottage/opt/anaconda3/envs/energyvenv/lib/python3.9/site-packages/airflow/example_dags/example_branch_operator_decorator.py
[2023-04-07T18:27:44.431+0200] {processor.py:743} INFO - Processing file /Users/oanottage/opt/anaconda3/envs/energyvenv/lib/python3.9/site-packages/airflow/example_dags/example_branch_operator_decorator.py for tasks to queue
[2023-04-07T18:27:44.431+0200] {logging_mixin.py:137} INFO - [2023-04-07T18:27:44.431+0200] {dagbag.py:532} INFO - Filling up the DagBag from /Users/oanottage/opt/anaconda3/envs/energyvenv/lib/python3.9/site-packages/airflow/example_dags/example_branch_operator_decorator.py
[2023-04-07T18:27:44.506+0200] {processor.py:753} INFO - DAG(s) dict_keys(['example_branch_python_operator_decorator']) retrieved from /Users/oanottage/opt/anaconda3/envs/energyvenv/lib/python3.9/site-packages/airflow/example_dags/example_branch_operator_decorator.py
[2023-04-07T18:27:45.261+0200] {logging_mixin.py:137} INFO - [2023-04-07T18:27:45.261+0200] {dag.py:2705} INFO - Sync 1 DAGs
[2023-04-07T18:27:45.277+0200] {logging_mixin.py:137} INFO - [2023-04-07T18:27:45.277+0200] {dag.py:3452} INFO - Setting next_dagrun for example_branch_python_operator_decorator to 2023-04-06T00:00:00+00:00, run_after=2023-04-07T00:00:00+00:00
[2023-04-07T18:27:45.292+0200] {processor.py:175} INFO - Processing /Users/oanottage/opt/anaconda3/envs/energyvenv/lib/python3.9/site-packages/airflow/example_dags/example_branch_operator_decorator.py took 0.869 seconds
[2023-04-07T18:31:23.911+0200] {processor.py:153} INFO - Started process (PID=20864) to work on /Users/oanottage/opt/anaconda3/envs/energyvenv/lib/python3.9/site-packages/airflow/example_dags/example_branch_operator_decorator.py
[2023-04-07T18:31:23.915+0200] {processor.py:743} INFO - Processing file /Users/oanottage/opt/anaconda3/envs/energyvenv/lib/python3.9/site-packages/airflow/example_dags/example_branch_operator_decorator.py for tasks to queue
[2023-04-07T18:31:23.916+0200] {logging_mixin.py:137} INFO - [2023-04-07T18:31:23.916+0200] {dagbag.py:532} INFO - Filling up the DagBag from /Users/oanottage/opt/anaconda3/envs/energyvenv/lib/python3.9/site-packages/airflow/example_dags/example_branch_operator_decorator.py
[2023-04-07T18:31:23.983+0200] {processor.py:753} INFO - DAG(s) dict_keys(['example_branch_python_operator_decorator']) retrieved from /Users/oanottage/opt/anaconda3/envs/energyvenv/lib/python3.9/site-packages/airflow/example_dags/example_branch_operator_decorator.py
[2023-04-07T18:31:24.660+0200] {logging_mixin.py:137} INFO - [2023-04-07T18:31:24.660+0200] {dag.py:2705} INFO - Sync 1 DAGs
[2023-04-07T18:31:24.674+0200] {logging_mixin.py:137} INFO - [2023-04-07T18:31:24.674+0200] {dag.py:3452} INFO - Setting next_dagrun for example_branch_python_operator_decorator to 2023-04-06T00:00:00+00:00, run_after=2023-04-07T00:00:00+00:00
[2023-04-07T18:31:24.688+0200] {processor.py:175} INFO - Processing /Users/oanottage/opt/anaconda3/envs/energyvenv/lib/python3.9/site-packages/airflow/example_dags/example_branch_operator_decorator.py took 0.778 seconds
[2023-04-07T18:43:27.638+0200] {processor.py:153} INFO - Started process (PID=21489) to work on /Users/oanottage/opt/anaconda3/envs/energyvenv/lib/python3.9/site-packages/airflow/example_dags/example_branch_operator_decorator.py
[2023-04-07T18:43:27.642+0200] {processor.py:743} INFO - Processing file /Users/oanottage/opt/anaconda3/envs/energyvenv/lib/python3.9/site-packages/airflow/example_dags/example_branch_operator_decorator.py for tasks to queue
[2023-04-07T18:43:27.642+0200] {logging_mixin.py:137} INFO - [2023-04-07T18:43:27.642+0200] {dagbag.py:532} INFO - Filling up the DagBag from /Users/oanottage/opt/anaconda3/envs/energyvenv/lib/python3.9/site-packages/airflow/example_dags/example_branch_operator_decorator.py
[2023-04-07T18:43:27.701+0200] {processor.py:753} INFO - DAG(s) dict_keys(['example_branch_python_operator_decorator']) retrieved from /Users/oanottage/opt/anaconda3/envs/energyvenv/lib/python3.9/site-packages/airflow/example_dags/example_branch_operator_decorator.py
[2023-04-07T18:43:28.312+0200] {logging_mixin.py:137} INFO - [2023-04-07T18:43:28.312+0200] {dag.py:2705} INFO - Sync 1 DAGs
[2023-04-07T18:43:28.324+0200] {logging_mixin.py:137} INFO - [2023-04-07T18:43:28.324+0200] {dag.py:3452} INFO - Setting next_dagrun for example_branch_python_operator_decorator to 2023-04-06T00:00:00+00:00, run_after=2023-04-07T00:00:00+00:00
[2023-04-07T18:43:28.338+0200] {processor.py:175} INFO - Processing /Users/oanottage/opt/anaconda3/envs/energyvenv/lib/python3.9/site-packages/airflow/example_dags/example_branch_operator_decorator.py took 0.701 seconds
[2023-04-07T18:46:20.220+0200] {processor.py:153} INFO - Started process (PID=21706) to work on /Users/oanottage/opt/anaconda3/envs/energyvenv/lib/python3.9/site-packages/airflow/example_dags/example_branch_operator_decorator.py
[2023-04-07T18:46:20.224+0200] {processor.py:743} INFO - Processing file /Users/oanottage/opt/anaconda3/envs/energyvenv/lib/python3.9/site-packages/airflow/example_dags/example_branch_operator_decorator.py for tasks to queue
[2023-04-07T18:46:20.224+0200] {logging_mixin.py:137} INFO - [2023-04-07T18:46:20.224+0200] {dagbag.py:532} INFO - Filling up the DagBag from /Users/oanottage/opt/anaconda3/envs/energyvenv/lib/python3.9/site-packages/airflow/example_dags/example_branch_operator_decorator.py
[2023-04-07T18:46:20.285+0200] {processor.py:753} INFO - DAG(s) dict_keys(['example_branch_python_operator_decorator']) retrieved from /Users/oanottage/opt/anaconda3/envs/energyvenv/lib/python3.9/site-packages/airflow/example_dags/example_branch_operator_decorator.py
[2023-04-07T18:46:20.938+0200] {logging_mixin.py:137} INFO - [2023-04-07T18:46:20.938+0200] {dag.py:2705} INFO - Sync 1 DAGs
[2023-04-07T18:46:20.954+0200] {logging_mixin.py:137} INFO - [2023-04-07T18:46:20.954+0200] {dag.py:3452} INFO - Setting next_dagrun for example_branch_python_operator_decorator to 2023-04-06T00:00:00+00:00, run_after=2023-04-07T00:00:00+00:00
[2023-04-07T18:46:20.969+0200] {processor.py:175} INFO - Processing /Users/oanottage/opt/anaconda3/envs/energyvenv/lib/python3.9/site-packages/airflow/example_dags/example_branch_operator_decorator.py took 0.750 seconds
