[2023-04-07T17:55:27.799+0200] {processor.py:153} INFO - Started process (PID=17927) to work on /Users/oanottage/opt/anaconda3/envs/energyvenv/lib/python3.9/site-packages/airflow/example_dags/example_complex.py
[2023-04-07T17:55:27.802+0200] {processor.py:743} INFO - Processing file /Users/oanottage/opt/anaconda3/envs/energyvenv/lib/python3.9/site-packages/airflow/example_dags/example_complex.py for tasks to queue
[2023-04-07T17:55:27.803+0200] {logging_mixin.py:137} INFO - [2023-04-07T17:55:27.803+0200] {dagbag.py:532} INFO - Filling up the DagBag from /Users/oanottage/opt/anaconda3/envs/energyvenv/lib/python3.9/site-packages/airflow/example_dags/example_complex.py
[2023-04-07T17:55:27.839+0200] {logging_mixin.py:137} INFO - [2023-04-07T17:55:27.838+0200] {taskmixin.py:211} WARNING - Dependency <Task(BashOperator): create_entry_group>, delete_entry_group already registered for DAG: example_complex
[2023-04-07T17:55:27.839+0200] {logging_mixin.py:137} INFO - [2023-04-07T17:55:27.839+0200] {taskmixin.py:211} WARNING - Dependency <Task(BashOperator): delete_entry_group>, create_entry_group already registered for DAG: example_complex
[2023-04-07T17:55:27.839+0200] {logging_mixin.py:137} INFO - [2023-04-07T17:55:27.839+0200] {taskmixin.py:211} WARNING - Dependency <Task(BashOperator): create_entry_gcs>, delete_entry already registered for DAG: example_complex
[2023-04-07T17:55:27.839+0200] {logging_mixin.py:137} INFO - [2023-04-07T17:55:27.839+0200] {taskmixin.py:211} WARNING - Dependency <Task(BashOperator): delete_entry>, create_entry_gcs already registered for DAG: example_complex
[2023-04-07T17:55:27.839+0200] {logging_mixin.py:137} INFO - [2023-04-07T17:55:27.839+0200] {taskmixin.py:211} WARNING - Dependency <Task(BashOperator): create_tag>, delete_tag already registered for DAG: example_complex
[2023-04-07T17:55:27.840+0200] {logging_mixin.py:137} INFO - [2023-04-07T17:55:27.839+0200] {taskmixin.py:211} WARNING - Dependency <Task(BashOperator): delete_tag>, create_tag already registered for DAG: example_complex
[2023-04-07T17:55:27.846+0200] {processor.py:753} INFO - DAG(s) dict_keys(['example_complex']) retrieved from /Users/oanottage/opt/anaconda3/envs/energyvenv/lib/python3.9/site-packages/airflow/example_dags/example_complex.py
[2023-04-07T17:55:28.554+0200] {logging_mixin.py:137} INFO - [2023-04-07T17:55:28.554+0200] {dag.py:2705} INFO - Sync 1 DAGs
[2023-04-07T17:55:28.565+0200] {logging_mixin.py:137} INFO - [2023-04-07T17:55:28.564+0200] {dag.py:3452} INFO - Setting next_dagrun for example_complex to None, run_after=None
[2023-04-07T17:55:28.579+0200] {processor.py:175} INFO - Processing /Users/oanottage/opt/anaconda3/envs/energyvenv/lib/python3.9/site-packages/airflow/example_dags/example_complex.py took 0.781 seconds
[2023-04-07T17:57:38.008+0200] {processor.py:153} INFO - Started process (PID=18090) to work on /Users/oanottage/opt/anaconda3/envs/energyvenv/lib/python3.9/site-packages/airflow/example_dags/example_complex.py
[2023-04-07T17:57:38.012+0200] {processor.py:743} INFO - Processing file /Users/oanottage/opt/anaconda3/envs/energyvenv/lib/python3.9/site-packages/airflow/example_dags/example_complex.py for tasks to queue
[2023-04-07T17:57:38.012+0200] {logging_mixin.py:137} INFO - [2023-04-07T17:57:38.012+0200] {dagbag.py:532} INFO - Filling up the DagBag from /Users/oanottage/opt/anaconda3/envs/energyvenv/lib/python3.9/site-packages/airflow/example_dags/example_complex.py
[2023-04-07T17:57:38.052+0200] {logging_mixin.py:137} INFO - [2023-04-07T17:57:38.052+0200] {taskmixin.py:211} WARNING - Dependency <Task(BashOperator): create_entry_group>, delete_entry_group already registered for DAG: example_complex
[2023-04-07T17:57:38.053+0200] {logging_mixin.py:137} INFO - [2023-04-07T17:57:38.053+0200] {taskmixin.py:211} WARNING - Dependency <Task(BashOperator): delete_entry_group>, create_entry_group already registered for DAG: example_complex
[2023-04-07T17:57:38.053+0200] {logging_mixin.py:137} INFO - [2023-04-07T17:57:38.053+0200] {taskmixin.py:211} WARNING - Dependency <Task(BashOperator): create_entry_gcs>, delete_entry already registered for DAG: example_complex
[2023-04-07T17:57:38.053+0200] {logging_mixin.py:137} INFO - [2023-04-07T17:57:38.053+0200] {taskmixin.py:211} WARNING - Dependency <Task(BashOperator): delete_entry>, create_entry_gcs already registered for DAG: example_complex
[2023-04-07T17:57:38.053+0200] {logging_mixin.py:137} INFO - [2023-04-07T17:57:38.053+0200] {taskmixin.py:211} WARNING - Dependency <Task(BashOperator): create_tag>, delete_tag already registered for DAG: example_complex
[2023-04-07T17:57:38.053+0200] {logging_mixin.py:137} INFO - [2023-04-07T17:57:38.053+0200] {taskmixin.py:211} WARNING - Dependency <Task(BashOperator): delete_tag>, create_tag already registered for DAG: example_complex
[2023-04-07T17:57:38.060+0200] {processor.py:753} INFO - DAG(s) dict_keys(['example_complex']) retrieved from /Users/oanottage/opt/anaconda3/envs/energyvenv/lib/python3.9/site-packages/airflow/example_dags/example_complex.py
[2023-04-07T17:57:38.741+0200] {logging_mixin.py:137} INFO - [2023-04-07T17:57:38.741+0200] {dag.py:2705} INFO - Sync 1 DAGs
[2023-04-07T17:57:38.753+0200] {logging_mixin.py:137} INFO - [2023-04-07T17:57:38.753+0200] {dag.py:3452} INFO - Setting next_dagrun for example_complex to None, run_after=None
[2023-04-07T17:57:38.765+0200] {processor.py:175} INFO - Processing /Users/oanottage/opt/anaconda3/envs/energyvenv/lib/python3.9/site-packages/airflow/example_dags/example_complex.py took 0.758 seconds
[2023-04-07T18:00:17.214+0200] {processor.py:153} INFO - Started process (PID=18272) to work on /Users/oanottage/opt/anaconda3/envs/energyvenv/lib/python3.9/site-packages/airflow/example_dags/example_complex.py
[2023-04-07T18:00:17.217+0200] {processor.py:743} INFO - Processing file /Users/oanottage/opt/anaconda3/envs/energyvenv/lib/python3.9/site-packages/airflow/example_dags/example_complex.py for tasks to queue
[2023-04-07T18:00:17.217+0200] {logging_mixin.py:137} INFO - [2023-04-07T18:00:17.217+0200] {dagbag.py:532} INFO - Filling up the DagBag from /Users/oanottage/opt/anaconda3/envs/energyvenv/lib/python3.9/site-packages/airflow/example_dags/example_complex.py
[2023-04-07T18:00:17.254+0200] {logging_mixin.py:137} INFO - [2023-04-07T18:00:17.254+0200] {taskmixin.py:211} WARNING - Dependency <Task(BashOperator): create_entry_group>, delete_entry_group already registered for DAG: example_complex
[2023-04-07T18:00:17.254+0200] {logging_mixin.py:137} INFO - [2023-04-07T18:00:17.254+0200] {taskmixin.py:211} WARNING - Dependency <Task(BashOperator): delete_entry_group>, create_entry_group already registered for DAG: example_complex
[2023-04-07T18:00:17.254+0200] {logging_mixin.py:137} INFO - [2023-04-07T18:00:17.254+0200] {taskmixin.py:211} WARNING - Dependency <Task(BashOperator): create_entry_gcs>, delete_entry already registered for DAG: example_complex
[2023-04-07T18:00:17.254+0200] {logging_mixin.py:137} INFO - [2023-04-07T18:00:17.254+0200] {taskmixin.py:211} WARNING - Dependency <Task(BashOperator): delete_entry>, create_entry_gcs already registered for DAG: example_complex
[2023-04-07T18:00:17.255+0200] {logging_mixin.py:137} INFO - [2023-04-07T18:00:17.255+0200] {taskmixin.py:211} WARNING - Dependency <Task(BashOperator): create_tag>, delete_tag already registered for DAG: example_complex
[2023-04-07T18:00:17.255+0200] {logging_mixin.py:137} INFO - [2023-04-07T18:00:17.255+0200] {taskmixin.py:211} WARNING - Dependency <Task(BashOperator): delete_tag>, create_tag already registered for DAG: example_complex
[2023-04-07T18:00:17.260+0200] {processor.py:753} INFO - DAG(s) dict_keys(['example_complex']) retrieved from /Users/oanottage/opt/anaconda3/envs/energyvenv/lib/python3.9/site-packages/airflow/example_dags/example_complex.py
[2023-04-07T18:00:17.891+0200] {logging_mixin.py:137} INFO - [2023-04-07T18:00:17.891+0200] {dag.py:2705} INFO - Sync 1 DAGs
[2023-04-07T18:00:17.903+0200] {logging_mixin.py:137} INFO - [2023-04-07T18:00:17.903+0200] {dag.py:3452} INFO - Setting next_dagrun for example_complex to None, run_after=None
[2023-04-07T18:00:17.916+0200] {processor.py:175} INFO - Processing /Users/oanottage/opt/anaconda3/envs/energyvenv/lib/python3.9/site-packages/airflow/example_dags/example_complex.py took 0.703 seconds
[2023-04-07T18:02:59.103+0200] {processor.py:153} INFO - Started process (PID=18465) to work on /Users/oanottage/opt/anaconda3/envs/energyvenv/lib/python3.9/site-packages/airflow/example_dags/example_complex.py
[2023-04-07T18:02:59.106+0200] {processor.py:743} INFO - Processing file /Users/oanottage/opt/anaconda3/envs/energyvenv/lib/python3.9/site-packages/airflow/example_dags/example_complex.py for tasks to queue
[2023-04-07T18:02:59.106+0200] {logging_mixin.py:137} INFO - [2023-04-07T18:02:59.106+0200] {dagbag.py:532} INFO - Filling up the DagBag from /Users/oanottage/opt/anaconda3/envs/energyvenv/lib/python3.9/site-packages/airflow/example_dags/example_complex.py
[2023-04-07T18:02:59.148+0200] {logging_mixin.py:137} INFO - [2023-04-07T18:02:59.148+0200] {taskmixin.py:211} WARNING - Dependency <Task(BashOperator): create_entry_group>, delete_entry_group already registered for DAG: example_complex
[2023-04-07T18:02:59.149+0200] {logging_mixin.py:137} INFO - [2023-04-07T18:02:59.149+0200] {taskmixin.py:211} WARNING - Dependency <Task(BashOperator): delete_entry_group>, create_entry_group already registered for DAG: example_complex
[2023-04-07T18:02:59.149+0200] {logging_mixin.py:137} INFO - [2023-04-07T18:02:59.149+0200] {taskmixin.py:211} WARNING - Dependency <Task(BashOperator): create_entry_gcs>, delete_entry already registered for DAG: example_complex
[2023-04-07T18:02:59.149+0200] {logging_mixin.py:137} INFO - [2023-04-07T18:02:59.149+0200] {taskmixin.py:211} WARNING - Dependency <Task(BashOperator): delete_entry>, create_entry_gcs already registered for DAG: example_complex
[2023-04-07T18:02:59.149+0200] {logging_mixin.py:137} INFO - [2023-04-07T18:02:59.149+0200] {taskmixin.py:211} WARNING - Dependency <Task(BashOperator): create_tag>, delete_tag already registered for DAG: example_complex
[2023-04-07T18:02:59.149+0200] {logging_mixin.py:137} INFO - [2023-04-07T18:02:59.149+0200] {taskmixin.py:211} WARNING - Dependency <Task(BashOperator): delete_tag>, create_tag already registered for DAG: example_complex
[2023-04-07T18:02:59.156+0200] {processor.py:753} INFO - DAG(s) dict_keys(['example_complex']) retrieved from /Users/oanottage/opt/anaconda3/envs/energyvenv/lib/python3.9/site-packages/airflow/example_dags/example_complex.py
[2023-04-07T18:02:59.887+0200] {logging_mixin.py:137} INFO - [2023-04-07T18:02:59.887+0200] {dag.py:2705} INFO - Sync 1 DAGs
[2023-04-07T18:02:59.903+0200] {logging_mixin.py:137} INFO - [2023-04-07T18:02:59.903+0200] {dag.py:3452} INFO - Setting next_dagrun for example_complex to None, run_after=None
[2023-04-07T18:02:59.918+0200] {processor.py:175} INFO - Processing /Users/oanottage/opt/anaconda3/envs/energyvenv/lib/python3.9/site-packages/airflow/example_dags/example_complex.py took 0.816 seconds
[2023-04-07T18:05:40.021+0200] {processor.py:153} INFO - Started process (PID=18682) to work on /Users/oanottage/opt/anaconda3/envs/energyvenv/lib/python3.9/site-packages/airflow/example_dags/example_complex.py
[2023-04-07T18:05:40.024+0200] {processor.py:743} INFO - Processing file /Users/oanottage/opt/anaconda3/envs/energyvenv/lib/python3.9/site-packages/airflow/example_dags/example_complex.py for tasks to queue
[2023-04-07T18:05:40.025+0200] {logging_mixin.py:137} INFO - [2023-04-07T18:05:40.025+0200] {dagbag.py:532} INFO - Filling up the DagBag from /Users/oanottage/opt/anaconda3/envs/energyvenv/lib/python3.9/site-packages/airflow/example_dags/example_complex.py
[2023-04-07T18:05:40.063+0200] {logging_mixin.py:137} INFO - [2023-04-07T18:05:40.063+0200] {taskmixin.py:211} WARNING - Dependency <Task(BashOperator): create_entry_group>, delete_entry_group already registered for DAG: example_complex
[2023-04-07T18:05:40.063+0200] {logging_mixin.py:137} INFO - [2023-04-07T18:05:40.063+0200] {taskmixin.py:211} WARNING - Dependency <Task(BashOperator): delete_entry_group>, create_entry_group already registered for DAG: example_complex
[2023-04-07T18:05:40.063+0200] {logging_mixin.py:137} INFO - [2023-04-07T18:05:40.063+0200] {taskmixin.py:211} WARNING - Dependency <Task(BashOperator): create_entry_gcs>, delete_entry already registered for DAG: example_complex
[2023-04-07T18:05:40.064+0200] {logging_mixin.py:137} INFO - [2023-04-07T18:05:40.063+0200] {taskmixin.py:211} WARNING - Dependency <Task(BashOperator): delete_entry>, create_entry_gcs already registered for DAG: example_complex
[2023-04-07T18:05:40.064+0200] {logging_mixin.py:137} INFO - [2023-04-07T18:05:40.064+0200] {taskmixin.py:211} WARNING - Dependency <Task(BashOperator): create_tag>, delete_tag already registered for DAG: example_complex
[2023-04-07T18:05:40.064+0200] {logging_mixin.py:137} INFO - [2023-04-07T18:05:40.064+0200] {taskmixin.py:211} WARNING - Dependency <Task(BashOperator): delete_tag>, create_tag already registered for DAG: example_complex
[2023-04-07T18:05:40.070+0200] {processor.py:753} INFO - DAG(s) dict_keys(['example_complex']) retrieved from /Users/oanottage/opt/anaconda3/envs/energyvenv/lib/python3.9/site-packages/airflow/example_dags/example_complex.py
[2023-04-07T18:05:40.754+0200] {logging_mixin.py:137} INFO - [2023-04-07T18:05:40.754+0200] {dag.py:2705} INFO - Sync 1 DAGs
[2023-04-07T18:05:40.770+0200] {logging_mixin.py:137} INFO - [2023-04-07T18:05:40.770+0200] {dag.py:3452} INFO - Setting next_dagrun for example_complex to None, run_after=None
[2023-04-07T18:05:40.785+0200] {processor.py:175} INFO - Processing /Users/oanottage/opt/anaconda3/envs/energyvenv/lib/python3.9/site-packages/airflow/example_dags/example_complex.py took 0.765 seconds
[2023-04-07T18:09:09.738+0200] {processor.py:153} INFO - Started process (PID=19029) to work on /Users/oanottage/opt/anaconda3/envs/energyvenv/lib/python3.9/site-packages/airflow/example_dags/example_complex.py
[2023-04-07T18:09:09.742+0200] {processor.py:743} INFO - Processing file /Users/oanottage/opt/anaconda3/envs/energyvenv/lib/python3.9/site-packages/airflow/example_dags/example_complex.py for tasks to queue
[2023-04-07T18:09:09.743+0200] {logging_mixin.py:137} INFO - [2023-04-07T18:09:09.743+0200] {dagbag.py:532} INFO - Filling up the DagBag from /Users/oanottage/opt/anaconda3/envs/energyvenv/lib/python3.9/site-packages/airflow/example_dags/example_complex.py
[2023-04-07T18:09:09.783+0200] {logging_mixin.py:137} INFO - [2023-04-07T18:09:09.783+0200] {taskmixin.py:211} WARNING - Dependency <Task(BashOperator): create_entry_group>, delete_entry_group already registered for DAG: example_complex
[2023-04-07T18:09:09.784+0200] {logging_mixin.py:137} INFO - [2023-04-07T18:09:09.784+0200] {taskmixin.py:211} WARNING - Dependency <Task(BashOperator): delete_entry_group>, create_entry_group already registered for DAG: example_complex
[2023-04-07T18:09:09.784+0200] {logging_mixin.py:137} INFO - [2023-04-07T18:09:09.784+0200] {taskmixin.py:211} WARNING - Dependency <Task(BashOperator): create_entry_gcs>, delete_entry already registered for DAG: example_complex
[2023-04-07T18:09:09.784+0200] {logging_mixin.py:137} INFO - [2023-04-07T18:09:09.784+0200] {taskmixin.py:211} WARNING - Dependency <Task(BashOperator): delete_entry>, create_entry_gcs already registered for DAG: example_complex
[2023-04-07T18:09:09.784+0200] {logging_mixin.py:137} INFO - [2023-04-07T18:09:09.784+0200] {taskmixin.py:211} WARNING - Dependency <Task(BashOperator): create_tag>, delete_tag already registered for DAG: example_complex
[2023-04-07T18:09:09.784+0200] {logging_mixin.py:137} INFO - [2023-04-07T18:09:09.784+0200] {taskmixin.py:211} WARNING - Dependency <Task(BashOperator): delete_tag>, create_tag already registered for DAG: example_complex
[2023-04-07T18:09:09.791+0200] {processor.py:753} INFO - DAG(s) dict_keys(['example_complex']) retrieved from /Users/oanottage/opt/anaconda3/envs/energyvenv/lib/python3.9/site-packages/airflow/example_dags/example_complex.py
[2023-04-07T18:09:10.536+0200] {logging_mixin.py:137} INFO - [2023-04-07T18:09:10.535+0200] {dag.py:2705} INFO - Sync 1 DAGs
[2023-04-07T18:09:10.553+0200] {logging_mixin.py:137} INFO - [2023-04-07T18:09:10.552+0200] {dag.py:3452} INFO - Setting next_dagrun for example_complex to None, run_after=None
[2023-04-07T18:09:10.569+0200] {processor.py:175} INFO - Processing /Users/oanottage/opt/anaconda3/envs/energyvenv/lib/python3.9/site-packages/airflow/example_dags/example_complex.py took 0.831 seconds
[2023-04-07T18:11:52.061+0200] {processor.py:153} INFO - Started process (PID=19248) to work on /Users/oanottage/opt/anaconda3/envs/energyvenv/lib/python3.9/site-packages/airflow/example_dags/example_complex.py
[2023-04-07T18:11:52.064+0200] {processor.py:743} INFO - Processing file /Users/oanottage/opt/anaconda3/envs/energyvenv/lib/python3.9/site-packages/airflow/example_dags/example_complex.py for tasks to queue
[2023-04-07T18:11:52.064+0200] {logging_mixin.py:137} INFO - [2023-04-07T18:11:52.064+0200] {dagbag.py:532} INFO - Filling up the DagBag from /Users/oanottage/opt/anaconda3/envs/energyvenv/lib/python3.9/site-packages/airflow/example_dags/example_complex.py
[2023-04-07T18:11:52.099+0200] {logging_mixin.py:137} INFO - [2023-04-07T18:11:52.098+0200] {taskmixin.py:211} WARNING - Dependency <Task(BashOperator): create_entry_group>, delete_entry_group already registered for DAG: example_complex
[2023-04-07T18:11:52.099+0200] {logging_mixin.py:137} INFO - [2023-04-07T18:11:52.099+0200] {taskmixin.py:211} WARNING - Dependency <Task(BashOperator): delete_entry_group>, create_entry_group already registered for DAG: example_complex
[2023-04-07T18:11:52.099+0200] {logging_mixin.py:137} INFO - [2023-04-07T18:11:52.099+0200] {taskmixin.py:211} WARNING - Dependency <Task(BashOperator): create_entry_gcs>, delete_entry already registered for DAG: example_complex
[2023-04-07T18:11:52.099+0200] {logging_mixin.py:137} INFO - [2023-04-07T18:11:52.099+0200] {taskmixin.py:211} WARNING - Dependency <Task(BashOperator): delete_entry>, create_entry_gcs already registered for DAG: example_complex
[2023-04-07T18:11:52.099+0200] {logging_mixin.py:137} INFO - [2023-04-07T18:11:52.099+0200] {taskmixin.py:211} WARNING - Dependency <Task(BashOperator): create_tag>, delete_tag already registered for DAG: example_complex
[2023-04-07T18:11:52.099+0200] {logging_mixin.py:137} INFO - [2023-04-07T18:11:52.099+0200] {taskmixin.py:211} WARNING - Dependency <Task(BashOperator): delete_tag>, create_tag already registered for DAG: example_complex
[2023-04-07T18:11:52.105+0200] {processor.py:753} INFO - DAG(s) dict_keys(['example_complex']) retrieved from /Users/oanottage/opt/anaconda3/envs/energyvenv/lib/python3.9/site-packages/airflow/example_dags/example_complex.py
[2023-04-07T18:11:52.719+0200] {logging_mixin.py:137} INFO - [2023-04-07T18:11:52.719+0200] {dag.py:2705} INFO - Sync 1 DAGs
[2023-04-07T18:11:52.732+0200] {logging_mixin.py:137} INFO - [2023-04-07T18:11:52.732+0200] {dag.py:3452} INFO - Setting next_dagrun for example_complex to None, run_after=None
[2023-04-07T18:11:52.744+0200] {processor.py:175} INFO - Processing /Users/oanottage/opt/anaconda3/envs/energyvenv/lib/python3.9/site-packages/airflow/example_dags/example_complex.py took 0.684 seconds
[2023-04-07T18:14:21.532+0200] {processor.py:153} INFO - Started process (PID=19445) to work on /Users/oanottage/opt/anaconda3/envs/energyvenv/lib/python3.9/site-packages/airflow/example_dags/example_complex.py
[2023-04-07T18:14:21.537+0200] {processor.py:743} INFO - Processing file /Users/oanottage/opt/anaconda3/envs/energyvenv/lib/python3.9/site-packages/airflow/example_dags/example_complex.py for tasks to queue
[2023-04-07T18:14:21.537+0200] {logging_mixin.py:137} INFO - [2023-04-07T18:14:21.537+0200] {dagbag.py:532} INFO - Filling up the DagBag from /Users/oanottage/opt/anaconda3/envs/energyvenv/lib/python3.9/site-packages/airflow/example_dags/example_complex.py
[2023-04-07T18:14:21.582+0200] {logging_mixin.py:137} INFO - [2023-04-07T18:14:21.582+0200] {taskmixin.py:211} WARNING - Dependency <Task(BashOperator): create_entry_group>, delete_entry_group already registered for DAG: example_complex
[2023-04-07T18:14:21.582+0200] {logging_mixin.py:137} INFO - [2023-04-07T18:14:21.582+0200] {taskmixin.py:211} WARNING - Dependency <Task(BashOperator): delete_entry_group>, create_entry_group already registered for DAG: example_complex
[2023-04-07T18:14:21.582+0200] {logging_mixin.py:137} INFO - [2023-04-07T18:14:21.582+0200] {taskmixin.py:211} WARNING - Dependency <Task(BashOperator): create_entry_gcs>, delete_entry already registered for DAG: example_complex
[2023-04-07T18:14:21.583+0200] {logging_mixin.py:137} INFO - [2023-04-07T18:14:21.583+0200] {taskmixin.py:211} WARNING - Dependency <Task(BashOperator): delete_entry>, create_entry_gcs already registered for DAG: example_complex
[2023-04-07T18:14:21.583+0200] {logging_mixin.py:137} INFO - [2023-04-07T18:14:21.583+0200] {taskmixin.py:211} WARNING - Dependency <Task(BashOperator): create_tag>, delete_tag already registered for DAG: example_complex
[2023-04-07T18:14:21.583+0200] {logging_mixin.py:137} INFO - [2023-04-07T18:14:21.583+0200] {taskmixin.py:211} WARNING - Dependency <Task(BashOperator): delete_tag>, create_tag already registered for DAG: example_complex
[2023-04-07T18:14:21.589+0200] {processor.py:753} INFO - DAG(s) dict_keys(['example_complex']) retrieved from /Users/oanottage/opt/anaconda3/envs/energyvenv/lib/python3.9/site-packages/airflow/example_dags/example_complex.py
[2023-04-07T18:14:22.283+0200] {logging_mixin.py:137} INFO - [2023-04-07T18:14:22.283+0200] {dag.py:2705} INFO - Sync 1 DAGs
[2023-04-07T18:14:22.297+0200] {logging_mixin.py:137} INFO - [2023-04-07T18:14:22.297+0200] {dag.py:3452} INFO - Setting next_dagrun for example_complex to None, run_after=None
[2023-04-07T18:14:22.310+0200] {processor.py:175} INFO - Processing /Users/oanottage/opt/anaconda3/envs/energyvenv/lib/python3.9/site-packages/airflow/example_dags/example_complex.py took 0.778 seconds
[2023-04-07T18:16:49.758+0200] {processor.py:153} INFO - Started process (PID=19654) to work on /Users/oanottage/opt/anaconda3/envs/energyvenv/lib/python3.9/site-packages/airflow/example_dags/example_complex.py
[2023-04-07T18:16:49.764+0200] {processor.py:743} INFO - Processing file /Users/oanottage/opt/anaconda3/envs/energyvenv/lib/python3.9/site-packages/airflow/example_dags/example_complex.py for tasks to queue
[2023-04-07T18:16:49.765+0200] {logging_mixin.py:137} INFO - [2023-04-07T18:16:49.765+0200] {dagbag.py:532} INFO - Filling up the DagBag from /Users/oanottage/opt/anaconda3/envs/energyvenv/lib/python3.9/site-packages/airflow/example_dags/example_complex.py
[2023-04-07T18:16:49.807+0200] {logging_mixin.py:137} INFO - [2023-04-07T18:16:49.807+0200] {taskmixin.py:211} WARNING - Dependency <Task(BashOperator): create_entry_group>, delete_entry_group already registered for DAG: example_complex
[2023-04-07T18:16:49.807+0200] {logging_mixin.py:137} INFO - [2023-04-07T18:16:49.807+0200] {taskmixin.py:211} WARNING - Dependency <Task(BashOperator): delete_entry_group>, create_entry_group already registered for DAG: example_complex
[2023-04-07T18:16:49.807+0200] {logging_mixin.py:137} INFO - [2023-04-07T18:16:49.807+0200] {taskmixin.py:211} WARNING - Dependency <Task(BashOperator): create_entry_gcs>, delete_entry already registered for DAG: example_complex
[2023-04-07T18:16:49.807+0200] {logging_mixin.py:137} INFO - [2023-04-07T18:16:49.807+0200] {taskmixin.py:211} WARNING - Dependency <Task(BashOperator): delete_entry>, create_entry_gcs already registered for DAG: example_complex
[2023-04-07T18:16:49.807+0200] {logging_mixin.py:137} INFO - [2023-04-07T18:16:49.807+0200] {taskmixin.py:211} WARNING - Dependency <Task(BashOperator): create_tag>, delete_tag already registered for DAG: example_complex
[2023-04-07T18:16:49.808+0200] {logging_mixin.py:137} INFO - [2023-04-07T18:16:49.808+0200] {taskmixin.py:211} WARNING - Dependency <Task(BashOperator): delete_tag>, create_tag already registered for DAG: example_complex
[2023-04-07T18:16:49.814+0200] {processor.py:753} INFO - DAG(s) dict_keys(['example_complex']) retrieved from /Users/oanottage/opt/anaconda3/envs/energyvenv/lib/python3.9/site-packages/airflow/example_dags/example_complex.py
[2023-04-07T18:16:50.569+0200] {logging_mixin.py:137} INFO - [2023-04-07T18:16:50.569+0200] {dag.py:2705} INFO - Sync 1 DAGs
[2023-04-07T18:16:50.584+0200] {logging_mixin.py:137} INFO - [2023-04-07T18:16:50.584+0200] {dag.py:3452} INFO - Setting next_dagrun for example_complex to None, run_after=None
[2023-04-07T18:16:50.599+0200] {processor.py:175} INFO - Processing /Users/oanottage/opt/anaconda3/envs/energyvenv/lib/python3.9/site-packages/airflow/example_dags/example_complex.py took 0.841 seconds
[2023-04-07T18:19:31.919+0200] {processor.py:153} INFO - Started process (PID=19839) to work on /Users/oanottage/opt/anaconda3/envs/energyvenv/lib/python3.9/site-packages/airflow/example_dags/example_complex.py
[2023-04-07T18:19:31.923+0200] {processor.py:743} INFO - Processing file /Users/oanottage/opt/anaconda3/envs/energyvenv/lib/python3.9/site-packages/airflow/example_dags/example_complex.py for tasks to queue
[2023-04-07T18:19:31.923+0200] {logging_mixin.py:137} INFO - [2023-04-07T18:19:31.923+0200] {dagbag.py:532} INFO - Filling up the DagBag from /Users/oanottage/opt/anaconda3/envs/energyvenv/lib/python3.9/site-packages/airflow/example_dags/example_complex.py
[2023-04-07T18:19:31.973+0200] {logging_mixin.py:137} INFO - [2023-04-07T18:19:31.972+0200] {taskmixin.py:211} WARNING - Dependency <Task(BashOperator): create_entry_group>, delete_entry_group already registered for DAG: example_complex
[2023-04-07T18:19:31.973+0200] {logging_mixin.py:137} INFO - [2023-04-07T18:19:31.973+0200] {taskmixin.py:211} WARNING - Dependency <Task(BashOperator): delete_entry_group>, create_entry_group already registered for DAG: example_complex
[2023-04-07T18:19:31.973+0200] {logging_mixin.py:137} INFO - [2023-04-07T18:19:31.973+0200] {taskmixin.py:211} WARNING - Dependency <Task(BashOperator): create_entry_gcs>, delete_entry already registered for DAG: example_complex
[2023-04-07T18:19:31.973+0200] {logging_mixin.py:137} INFO - [2023-04-07T18:19:31.973+0200] {taskmixin.py:211} WARNING - Dependency <Task(BashOperator): delete_entry>, create_entry_gcs already registered for DAG: example_complex
[2023-04-07T18:19:31.974+0200] {logging_mixin.py:137} INFO - [2023-04-07T18:19:31.973+0200] {taskmixin.py:211} WARNING - Dependency <Task(BashOperator): create_tag>, delete_tag already registered for DAG: example_complex
[2023-04-07T18:19:31.974+0200] {logging_mixin.py:137} INFO - [2023-04-07T18:19:31.974+0200] {taskmixin.py:211} WARNING - Dependency <Task(BashOperator): delete_tag>, create_tag already registered for DAG: example_complex
[2023-04-07T18:19:31.981+0200] {processor.py:753} INFO - DAG(s) dict_keys(['example_complex']) retrieved from /Users/oanottage/opt/anaconda3/envs/energyvenv/lib/python3.9/site-packages/airflow/example_dags/example_complex.py
[2023-04-07T18:19:32.696+0200] {logging_mixin.py:137} INFO - [2023-04-07T18:19:32.696+0200] {dag.py:2705} INFO - Sync 1 DAGs
[2023-04-07T18:19:32.708+0200] {logging_mixin.py:137} INFO - [2023-04-07T18:19:32.708+0200] {dag.py:3452} INFO - Setting next_dagrun for example_complex to None, run_after=None
[2023-04-07T18:19:32.722+0200] {processor.py:175} INFO - Processing /Users/oanottage/opt/anaconda3/envs/energyvenv/lib/python3.9/site-packages/airflow/example_dags/example_complex.py took 0.803 seconds
[2023-04-07T18:22:18.394+0200] {processor.py:153} INFO - Started process (PID=20095) to work on /Users/oanottage/opt/anaconda3/envs/energyvenv/lib/python3.9/site-packages/airflow/example_dags/example_complex.py
[2023-04-07T18:22:18.397+0200] {processor.py:743} INFO - Processing file /Users/oanottage/opt/anaconda3/envs/energyvenv/lib/python3.9/site-packages/airflow/example_dags/example_complex.py for tasks to queue
[2023-04-07T18:22:18.397+0200] {logging_mixin.py:137} INFO - [2023-04-07T18:22:18.397+0200] {dagbag.py:532} INFO - Filling up the DagBag from /Users/oanottage/opt/anaconda3/envs/energyvenv/lib/python3.9/site-packages/airflow/example_dags/example_complex.py
[2023-04-07T18:22:18.433+0200] {logging_mixin.py:137} INFO - [2023-04-07T18:22:18.433+0200] {taskmixin.py:211} WARNING - Dependency <Task(BashOperator): create_entry_group>, delete_entry_group already registered for DAG: example_complex
[2023-04-07T18:22:18.433+0200] {logging_mixin.py:137} INFO - [2023-04-07T18:22:18.433+0200] {taskmixin.py:211} WARNING - Dependency <Task(BashOperator): delete_entry_group>, create_entry_group already registered for DAG: example_complex
[2023-04-07T18:22:18.433+0200] {logging_mixin.py:137} INFO - [2023-04-07T18:22:18.433+0200] {taskmixin.py:211} WARNING - Dependency <Task(BashOperator): create_entry_gcs>, delete_entry already registered for DAG: example_complex
[2023-04-07T18:22:18.433+0200] {logging_mixin.py:137} INFO - [2023-04-07T18:22:18.433+0200] {taskmixin.py:211} WARNING - Dependency <Task(BashOperator): delete_entry>, create_entry_gcs already registered for DAG: example_complex
[2023-04-07T18:22:18.433+0200] {logging_mixin.py:137} INFO - [2023-04-07T18:22:18.433+0200] {taskmixin.py:211} WARNING - Dependency <Task(BashOperator): create_tag>, delete_tag already registered for DAG: example_complex
[2023-04-07T18:22:18.434+0200] {logging_mixin.py:137} INFO - [2023-04-07T18:22:18.434+0200] {taskmixin.py:211} WARNING - Dependency <Task(BashOperator): delete_tag>, create_tag already registered for DAG: example_complex
[2023-04-07T18:22:18.439+0200] {processor.py:753} INFO - DAG(s) dict_keys(['example_complex']) retrieved from /Users/oanottage/opt/anaconda3/envs/energyvenv/lib/python3.9/site-packages/airflow/example_dags/example_complex.py
[2023-04-07T18:22:19.201+0200] {logging_mixin.py:137} INFO - [2023-04-07T18:22:19.200+0200] {dag.py:2705} INFO - Sync 1 DAGs
[2023-04-07T18:22:19.214+0200] {logging_mixin.py:137} INFO - [2023-04-07T18:22:19.214+0200] {dag.py:3452} INFO - Setting next_dagrun for example_complex to None, run_after=None
[2023-04-07T18:22:19.229+0200] {processor.py:175} INFO - Processing /Users/oanottage/opt/anaconda3/envs/energyvenv/lib/python3.9/site-packages/airflow/example_dags/example_complex.py took 0.836 seconds
[2023-04-07T18:25:03.090+0200] {processor.py:153} INFO - Started process (PID=20283) to work on /Users/oanottage/opt/anaconda3/envs/energyvenv/lib/python3.9/site-packages/airflow/example_dags/example_complex.py
[2023-04-07T18:25:03.095+0200] {processor.py:743} INFO - Processing file /Users/oanottage/opt/anaconda3/envs/energyvenv/lib/python3.9/site-packages/airflow/example_dags/example_complex.py for tasks to queue
[2023-04-07T18:25:03.095+0200] {logging_mixin.py:137} INFO - [2023-04-07T18:25:03.095+0200] {dagbag.py:532} INFO - Filling up the DagBag from /Users/oanottage/opt/anaconda3/envs/energyvenv/lib/python3.9/site-packages/airflow/example_dags/example_complex.py
[2023-04-07T18:25:03.141+0200] {logging_mixin.py:137} INFO - [2023-04-07T18:25:03.141+0200] {taskmixin.py:211} WARNING - Dependency <Task(BashOperator): create_entry_group>, delete_entry_group already registered for DAG: example_complex
[2023-04-07T18:25:03.141+0200] {logging_mixin.py:137} INFO - [2023-04-07T18:25:03.141+0200] {taskmixin.py:211} WARNING - Dependency <Task(BashOperator): delete_entry_group>, create_entry_group already registered for DAG: example_complex
[2023-04-07T18:25:03.142+0200] {logging_mixin.py:137} INFO - [2023-04-07T18:25:03.142+0200] {taskmixin.py:211} WARNING - Dependency <Task(BashOperator): create_entry_gcs>, delete_entry already registered for DAG: example_complex
[2023-04-07T18:25:03.142+0200] {logging_mixin.py:137} INFO - [2023-04-07T18:25:03.142+0200] {taskmixin.py:211} WARNING - Dependency <Task(BashOperator): delete_entry>, create_entry_gcs already registered for DAG: example_complex
[2023-04-07T18:25:03.142+0200] {logging_mixin.py:137} INFO - [2023-04-07T18:25:03.142+0200] {taskmixin.py:211} WARNING - Dependency <Task(BashOperator): create_tag>, delete_tag already registered for DAG: example_complex
[2023-04-07T18:25:03.142+0200] {logging_mixin.py:137} INFO - [2023-04-07T18:25:03.142+0200] {taskmixin.py:211} WARNING - Dependency <Task(BashOperator): delete_tag>, create_tag already registered for DAG: example_complex
[2023-04-07T18:25:03.149+0200] {processor.py:753} INFO - DAG(s) dict_keys(['example_complex']) retrieved from /Users/oanottage/opt/anaconda3/envs/energyvenv/lib/python3.9/site-packages/airflow/example_dags/example_complex.py
[2023-04-07T18:25:03.904+0200] {logging_mixin.py:137} INFO - [2023-04-07T18:25:03.904+0200] {dag.py:2705} INFO - Sync 1 DAGs
[2023-04-07T18:25:03.918+0200] {logging_mixin.py:137} INFO - [2023-04-07T18:25:03.918+0200] {dag.py:3452} INFO - Setting next_dagrun for example_complex to None, run_after=None
[2023-04-07T18:25:03.932+0200] {processor.py:175} INFO - Processing /Users/oanottage/opt/anaconda3/envs/energyvenv/lib/python3.9/site-packages/airflow/example_dags/example_complex.py took 0.842 seconds
[2023-04-07T18:27:38.891+0200] {processor.py:153} INFO - Started process (PID=20465) to work on /Users/oanottage/opt/anaconda3/envs/energyvenv/lib/python3.9/site-packages/airflow/example_dags/example_complex.py
[2023-04-07T18:27:38.895+0200] {processor.py:743} INFO - Processing file /Users/oanottage/opt/anaconda3/envs/energyvenv/lib/python3.9/site-packages/airflow/example_dags/example_complex.py for tasks to queue
[2023-04-07T18:27:38.895+0200] {logging_mixin.py:137} INFO - [2023-04-07T18:27:38.895+0200] {dagbag.py:532} INFO - Filling up the DagBag from /Users/oanottage/opt/anaconda3/envs/energyvenv/lib/python3.9/site-packages/airflow/example_dags/example_complex.py
[2023-04-07T18:27:38.931+0200] {logging_mixin.py:137} INFO - [2023-04-07T18:27:38.931+0200] {taskmixin.py:211} WARNING - Dependency <Task(BashOperator): create_entry_group>, delete_entry_group already registered for DAG: example_complex
[2023-04-07T18:27:38.931+0200] {logging_mixin.py:137} INFO - [2023-04-07T18:27:38.931+0200] {taskmixin.py:211} WARNING - Dependency <Task(BashOperator): delete_entry_group>, create_entry_group already registered for DAG: example_complex
[2023-04-07T18:27:38.932+0200] {logging_mixin.py:137} INFO - [2023-04-07T18:27:38.932+0200] {taskmixin.py:211} WARNING - Dependency <Task(BashOperator): create_entry_gcs>, delete_entry already registered for DAG: example_complex
[2023-04-07T18:27:38.932+0200] {logging_mixin.py:137} INFO - [2023-04-07T18:27:38.932+0200] {taskmixin.py:211} WARNING - Dependency <Task(BashOperator): delete_entry>, create_entry_gcs already registered for DAG: example_complex
[2023-04-07T18:27:38.932+0200] {logging_mixin.py:137} INFO - [2023-04-07T18:27:38.932+0200] {taskmixin.py:211} WARNING - Dependency <Task(BashOperator): create_tag>, delete_tag already registered for DAG: example_complex
[2023-04-07T18:27:38.932+0200] {logging_mixin.py:137} INFO - [2023-04-07T18:27:38.932+0200] {taskmixin.py:211} WARNING - Dependency <Task(BashOperator): delete_tag>, create_tag already registered for DAG: example_complex
[2023-04-07T18:27:38.939+0200] {processor.py:753} INFO - DAG(s) dict_keys(['example_complex']) retrieved from /Users/oanottage/opt/anaconda3/envs/energyvenv/lib/python3.9/site-packages/airflow/example_dags/example_complex.py
[2023-04-07T18:27:39.630+0200] {logging_mixin.py:137} INFO - [2023-04-07T18:27:39.629+0200] {dag.py:2705} INFO - Sync 1 DAGs
[2023-04-07T18:27:39.644+0200] {logging_mixin.py:137} INFO - [2023-04-07T18:27:39.644+0200] {dag.py:3452} INFO - Setting next_dagrun for example_complex to None, run_after=None
[2023-04-07T18:27:39.658+0200] {processor.py:175} INFO - Processing /Users/oanottage/opt/anaconda3/envs/energyvenv/lib/python3.9/site-packages/airflow/example_dags/example_complex.py took 0.767 seconds
[2023-04-07T18:31:18.481+0200] {processor.py:153} INFO - Started process (PID=20856) to work on /Users/oanottage/opt/anaconda3/envs/energyvenv/lib/python3.9/site-packages/airflow/example_dags/example_complex.py
[2023-04-07T18:31:18.484+0200] {processor.py:743} INFO - Processing file /Users/oanottage/opt/anaconda3/envs/energyvenv/lib/python3.9/site-packages/airflow/example_dags/example_complex.py for tasks to queue
[2023-04-07T18:31:18.484+0200] {logging_mixin.py:137} INFO - [2023-04-07T18:31:18.484+0200] {dagbag.py:532} INFO - Filling up the DagBag from /Users/oanottage/opt/anaconda3/envs/energyvenv/lib/python3.9/site-packages/airflow/example_dags/example_complex.py
[2023-04-07T18:31:18.520+0200] {logging_mixin.py:137} INFO - [2023-04-07T18:31:18.520+0200] {taskmixin.py:211} WARNING - Dependency <Task(BashOperator): create_entry_group>, delete_entry_group already registered for DAG: example_complex
[2023-04-07T18:31:18.521+0200] {logging_mixin.py:137} INFO - [2023-04-07T18:31:18.521+0200] {taskmixin.py:211} WARNING - Dependency <Task(BashOperator): delete_entry_group>, create_entry_group already registered for DAG: example_complex
[2023-04-07T18:31:18.521+0200] {logging_mixin.py:137} INFO - [2023-04-07T18:31:18.521+0200] {taskmixin.py:211} WARNING - Dependency <Task(BashOperator): create_entry_gcs>, delete_entry already registered for DAG: example_complex
[2023-04-07T18:31:18.521+0200] {logging_mixin.py:137} INFO - [2023-04-07T18:31:18.521+0200] {taskmixin.py:211} WARNING - Dependency <Task(BashOperator): delete_entry>, create_entry_gcs already registered for DAG: example_complex
[2023-04-07T18:31:18.521+0200] {logging_mixin.py:137} INFO - [2023-04-07T18:31:18.521+0200] {taskmixin.py:211} WARNING - Dependency <Task(BashOperator): create_tag>, delete_tag already registered for DAG: example_complex
[2023-04-07T18:31:18.521+0200] {logging_mixin.py:137} INFO - [2023-04-07T18:31:18.521+0200] {taskmixin.py:211} WARNING - Dependency <Task(BashOperator): delete_tag>, create_tag already registered for DAG: example_complex
[2023-04-07T18:31:18.527+0200] {processor.py:753} INFO - DAG(s) dict_keys(['example_complex']) retrieved from /Users/oanottage/opt/anaconda3/envs/energyvenv/lib/python3.9/site-packages/airflow/example_dags/example_complex.py
[2023-04-07T18:31:19.172+0200] {logging_mixin.py:137} INFO - [2023-04-07T18:31:19.172+0200] {dag.py:2705} INFO - Sync 1 DAGs
[2023-04-07T18:31:19.184+0200] {logging_mixin.py:137} INFO - [2023-04-07T18:31:19.184+0200] {dag.py:3452} INFO - Setting next_dagrun for example_complex to None, run_after=None
[2023-04-07T18:31:19.196+0200] {processor.py:175} INFO - Processing /Users/oanottage/opt/anaconda3/envs/energyvenv/lib/python3.9/site-packages/airflow/example_dags/example_complex.py took 0.716 seconds
[2023-04-07T18:43:22.319+0200] {processor.py:153} INFO - Started process (PID=21483) to work on /Users/oanottage/opt/anaconda3/envs/energyvenv/lib/python3.9/site-packages/airflow/example_dags/example_complex.py
[2023-04-07T18:43:22.323+0200] {processor.py:743} INFO - Processing file /Users/oanottage/opt/anaconda3/envs/energyvenv/lib/python3.9/site-packages/airflow/example_dags/example_complex.py for tasks to queue
[2023-04-07T18:43:22.324+0200] {logging_mixin.py:137} INFO - [2023-04-07T18:43:22.324+0200] {dagbag.py:532} INFO - Filling up the DagBag from /Users/oanottage/opt/anaconda3/envs/energyvenv/lib/python3.9/site-packages/airflow/example_dags/example_complex.py
[2023-04-07T18:43:22.361+0200] {logging_mixin.py:137} INFO - [2023-04-07T18:43:22.361+0200] {taskmixin.py:211} WARNING - Dependency <Task(BashOperator): create_entry_group>, delete_entry_group already registered for DAG: example_complex
[2023-04-07T18:43:22.361+0200] {logging_mixin.py:137} INFO - [2023-04-07T18:43:22.361+0200] {taskmixin.py:211} WARNING - Dependency <Task(BashOperator): delete_entry_group>, create_entry_group already registered for DAG: example_complex
[2023-04-07T18:43:22.362+0200] {logging_mixin.py:137} INFO - [2023-04-07T18:43:22.361+0200] {taskmixin.py:211} WARNING - Dependency <Task(BashOperator): create_entry_gcs>, delete_entry already registered for DAG: example_complex
[2023-04-07T18:43:22.362+0200] {logging_mixin.py:137} INFO - [2023-04-07T18:43:22.362+0200] {taskmixin.py:211} WARNING - Dependency <Task(BashOperator): delete_entry>, create_entry_gcs already registered for DAG: example_complex
[2023-04-07T18:43:22.362+0200] {logging_mixin.py:137} INFO - [2023-04-07T18:43:22.362+0200] {taskmixin.py:211} WARNING - Dependency <Task(BashOperator): create_tag>, delete_tag already registered for DAG: example_complex
[2023-04-07T18:43:22.362+0200] {logging_mixin.py:137} INFO - [2023-04-07T18:43:22.362+0200] {taskmixin.py:211} WARNING - Dependency <Task(BashOperator): delete_tag>, create_tag already registered for DAG: example_complex
[2023-04-07T18:43:22.368+0200] {processor.py:753} INFO - DAG(s) dict_keys(['example_complex']) retrieved from /Users/oanottage/opt/anaconda3/envs/energyvenv/lib/python3.9/site-packages/airflow/example_dags/example_complex.py
[2023-04-07T18:43:23.106+0200] {logging_mixin.py:137} INFO - [2023-04-07T18:43:23.106+0200] {dag.py:2705} INFO - Sync 1 DAGs
[2023-04-07T18:43:23.119+0200] {logging_mixin.py:137} INFO - [2023-04-07T18:43:23.119+0200] {dag.py:3452} INFO - Setting next_dagrun for example_complex to None, run_after=None
[2023-04-07T18:43:23.133+0200] {processor.py:175} INFO - Processing /Users/oanottage/opt/anaconda3/envs/energyvenv/lib/python3.9/site-packages/airflow/example_dags/example_complex.py took 0.815 seconds
[2023-04-07T18:46:15.045+0200] {processor.py:153} INFO - Started process (PID=21694) to work on /Users/oanottage/opt/anaconda3/envs/energyvenv/lib/python3.9/site-packages/airflow/example_dags/example_complex.py
[2023-04-07T18:46:15.049+0200] {processor.py:743} INFO - Processing file /Users/oanottage/opt/anaconda3/envs/energyvenv/lib/python3.9/site-packages/airflow/example_dags/example_complex.py for tasks to queue
[2023-04-07T18:46:15.049+0200] {logging_mixin.py:137} INFO - [2023-04-07T18:46:15.049+0200] {dagbag.py:532} INFO - Filling up the DagBag from /Users/oanottage/opt/anaconda3/envs/energyvenv/lib/python3.9/site-packages/airflow/example_dags/example_complex.py
[2023-04-07T18:46:15.087+0200] {logging_mixin.py:137} INFO - [2023-04-07T18:46:15.087+0200] {taskmixin.py:211} WARNING - Dependency <Task(BashOperator): create_entry_group>, delete_entry_group already registered for DAG: example_complex
[2023-04-07T18:46:15.087+0200] {logging_mixin.py:137} INFO - [2023-04-07T18:46:15.087+0200] {taskmixin.py:211} WARNING - Dependency <Task(BashOperator): delete_entry_group>, create_entry_group already registered for DAG: example_complex
[2023-04-07T18:46:15.087+0200] {logging_mixin.py:137} INFO - [2023-04-07T18:46:15.087+0200] {taskmixin.py:211} WARNING - Dependency <Task(BashOperator): create_entry_gcs>, delete_entry already registered for DAG: example_complex
[2023-04-07T18:46:15.087+0200] {logging_mixin.py:137} INFO - [2023-04-07T18:46:15.087+0200] {taskmixin.py:211} WARNING - Dependency <Task(BashOperator): delete_entry>, create_entry_gcs already registered for DAG: example_complex
[2023-04-07T18:46:15.087+0200] {logging_mixin.py:137} INFO - [2023-04-07T18:46:15.087+0200] {taskmixin.py:211} WARNING - Dependency <Task(BashOperator): create_tag>, delete_tag already registered for DAG: example_complex
[2023-04-07T18:46:15.088+0200] {logging_mixin.py:137} INFO - [2023-04-07T18:46:15.088+0200] {taskmixin.py:211} WARNING - Dependency <Task(BashOperator): delete_tag>, create_tag already registered for DAG: example_complex
[2023-04-07T18:46:15.093+0200] {processor.py:753} INFO - DAG(s) dict_keys(['example_complex']) retrieved from /Users/oanottage/opt/anaconda3/envs/energyvenv/lib/python3.9/site-packages/airflow/example_dags/example_complex.py
[2023-04-07T18:46:15.746+0200] {logging_mixin.py:137} INFO - [2023-04-07T18:46:15.745+0200] {dag.py:2705} INFO - Sync 1 DAGs
[2023-04-07T18:46:15.757+0200] {logging_mixin.py:137} INFO - [2023-04-07T18:46:15.757+0200] {dag.py:3452} INFO - Setting next_dagrun for example_complex to None, run_after=None
[2023-04-07T18:46:15.770+0200] {processor.py:175} INFO - Processing /Users/oanottage/opt/anaconda3/envs/energyvenv/lib/python3.9/site-packages/airflow/example_dags/example_complex.py took 0.726 seconds
