[2023-04-07T17:54:55.921+0200] {processor.py:153} INFO - Started process (PID=17882) to work on /Users/oanottage/opt/anaconda3/envs/energyvenv/lib/python3.9/site-packages/airflow/example_dags/example_python_operator.py
[2023-04-07T17:54:55.924+0200] {processor.py:743} INFO - Processing file /Users/oanottage/opt/anaconda3/envs/energyvenv/lib/python3.9/site-packages/airflow/example_dags/example_python_operator.py for tasks to queue
[2023-04-07T17:54:55.924+0200] {logging_mixin.py:137} INFO - [2023-04-07T17:54:55.924+0200] {dagbag.py:532} INFO - Filling up the DagBag from /Users/oanottage/opt/anaconda3/envs/energyvenv/lib/python3.9/site-packages/airflow/example_dags/example_python_operator.py
[2023-04-07T17:54:55.975+0200] {logging_mixin.py:137} INFO - [2023-04-07T17:54:55.975+0200] {taskmixin.py:211} WARNING - Dependency <Task(_PythonDecoratedOperator): print_the_context>, log_sql_query already registered for DAG: example_python_operator
[2023-04-07T17:54:55.975+0200] {logging_mixin.py:137} INFO - [2023-04-07T17:54:55.975+0200] {taskmixin.py:211} WARNING - Dependency <Task(_PythonDecoratedOperator): log_sql_query>, print_the_context already registered for DAG: example_python_operator
[2023-04-07T17:54:55.975+0200] {logging_mixin.py:137} INFO - [2023-04-07T17:54:55.975+0200] {taskmixin.py:211} WARNING - Dependency <Task(_PythonDecoratedOperator): print_the_context>, log_sql_query already registered for DAG: example_python_operator
[2023-04-07T17:54:55.975+0200] {logging_mixin.py:137} INFO - [2023-04-07T17:54:55.975+0200] {taskmixin.py:211} WARNING - Dependency <Task(_PythonDecoratedOperator): log_sql_query>, print_the_context already registered for DAG: example_python_operator
[2023-04-07T17:54:55.976+0200] {logging_mixin.py:137} INFO - [2023-04-07T17:54:55.976+0200] {taskmixin.py:211} WARNING - Dependency <Task(_PythonDecoratedOperator): print_the_context>, log_sql_query already registered for DAG: example_python_operator
[2023-04-07T17:54:55.976+0200] {logging_mixin.py:137} INFO - [2023-04-07T17:54:55.976+0200] {taskmixin.py:211} WARNING - Dependency <Task(_PythonDecoratedOperator): log_sql_query>, print_the_context already registered for DAG: example_python_operator
[2023-04-07T17:54:55.976+0200] {logging_mixin.py:137} INFO - [2023-04-07T17:54:55.976+0200] {taskmixin.py:211} WARNING - Dependency <Task(_PythonDecoratedOperator): print_the_context>, log_sql_query already registered for DAG: example_python_operator
[2023-04-07T17:54:55.977+0200] {logging_mixin.py:137} INFO - [2023-04-07T17:54:55.977+0200] {taskmixin.py:211} WARNING - Dependency <Task(_PythonDecoratedOperator): log_sql_query>, print_the_context already registered for DAG: example_python_operator
[2023-04-07T17:54:55.977+0200] {logging_mixin.py:137} INFO - [2023-04-07T17:54:55.977+0200] {example_python_operator.py:90} WARNING - The virtalenv_python example task requires virtualenv, please install it.
[2023-04-07T17:54:55.983+0200] {processor.py:753} INFO - DAG(s) dict_keys(['example_python_operator']) retrieved from /Users/oanottage/opt/anaconda3/envs/energyvenv/lib/python3.9/site-packages/airflow/example_dags/example_python_operator.py
[2023-04-07T17:54:56.708+0200] {logging_mixin.py:137} INFO - [2023-04-07T17:54:56.707+0200] {dag.py:2705} INFO - Sync 1 DAGs
[2023-04-07T17:54:56.720+0200] {logging_mixin.py:137} INFO - [2023-04-07T17:54:56.719+0200] {dag.py:3452} INFO - Setting next_dagrun for example_python_operator to None, run_after=None
[2023-04-07T17:54:56.734+0200] {processor.py:175} INFO - Processing /Users/oanottage/opt/anaconda3/envs/energyvenv/lib/python3.9/site-packages/airflow/example_dags/example_python_operator.py took 0.813 seconds
[2023-04-07T17:57:05.483+0200] {processor.py:153} INFO - Started process (PID=18054) to work on /Users/oanottage/opt/anaconda3/envs/energyvenv/lib/python3.9/site-packages/airflow/example_dags/example_python_operator.py
[2023-04-07T17:57:05.486+0200] {processor.py:743} INFO - Processing file /Users/oanottage/opt/anaconda3/envs/energyvenv/lib/python3.9/site-packages/airflow/example_dags/example_python_operator.py for tasks to queue
[2023-04-07T17:57:05.487+0200] {logging_mixin.py:137} INFO - [2023-04-07T17:57:05.487+0200] {dagbag.py:532} INFO - Filling up the DagBag from /Users/oanottage/opt/anaconda3/envs/energyvenv/lib/python3.9/site-packages/airflow/example_dags/example_python_operator.py
[2023-04-07T17:57:05.539+0200] {logging_mixin.py:137} INFO - [2023-04-07T17:57:05.539+0200] {taskmixin.py:211} WARNING - Dependency <Task(_PythonDecoratedOperator): print_the_context>, log_sql_query already registered for DAG: example_python_operator
[2023-04-07T17:57:05.539+0200] {logging_mixin.py:137} INFO - [2023-04-07T17:57:05.539+0200] {taskmixin.py:211} WARNING - Dependency <Task(_PythonDecoratedOperator): log_sql_query>, print_the_context already registered for DAG: example_python_operator
[2023-04-07T17:57:05.540+0200] {logging_mixin.py:137} INFO - [2023-04-07T17:57:05.540+0200] {taskmixin.py:211} WARNING - Dependency <Task(_PythonDecoratedOperator): print_the_context>, log_sql_query already registered for DAG: example_python_operator
[2023-04-07T17:57:05.540+0200] {logging_mixin.py:137} INFO - [2023-04-07T17:57:05.540+0200] {taskmixin.py:211} WARNING - Dependency <Task(_PythonDecoratedOperator): log_sql_query>, print_the_context already registered for DAG: example_python_operator
[2023-04-07T17:57:05.540+0200] {logging_mixin.py:137} INFO - [2023-04-07T17:57:05.540+0200] {taskmixin.py:211} WARNING - Dependency <Task(_PythonDecoratedOperator): print_the_context>, log_sql_query already registered for DAG: example_python_operator
[2023-04-07T17:57:05.540+0200] {logging_mixin.py:137} INFO - [2023-04-07T17:57:05.540+0200] {taskmixin.py:211} WARNING - Dependency <Task(_PythonDecoratedOperator): log_sql_query>, print_the_context already registered for DAG: example_python_operator
[2023-04-07T17:57:05.541+0200] {logging_mixin.py:137} INFO - [2023-04-07T17:57:05.541+0200] {taskmixin.py:211} WARNING - Dependency <Task(_PythonDecoratedOperator): print_the_context>, log_sql_query already registered for DAG: example_python_operator
[2023-04-07T17:57:05.541+0200] {logging_mixin.py:137} INFO - [2023-04-07T17:57:05.541+0200] {taskmixin.py:211} WARNING - Dependency <Task(_PythonDecoratedOperator): log_sql_query>, print_the_context already registered for DAG: example_python_operator
[2023-04-07T17:57:05.541+0200] {logging_mixin.py:137} INFO - [2023-04-07T17:57:05.541+0200] {example_python_operator.py:90} WARNING - The virtalenv_python example task requires virtualenv, please install it.
[2023-04-07T17:57:05.545+0200] {processor.py:753} INFO - DAG(s) dict_keys(['example_python_operator']) retrieved from /Users/oanottage/opt/anaconda3/envs/energyvenv/lib/python3.9/site-packages/airflow/example_dags/example_python_operator.py
[2023-04-07T17:57:06.191+0200] {logging_mixin.py:137} INFO - [2023-04-07T17:57:06.191+0200] {dag.py:2705} INFO - Sync 1 DAGs
[2023-04-07T17:57:06.202+0200] {logging_mixin.py:137} INFO - [2023-04-07T17:57:06.202+0200] {dag.py:3452} INFO - Setting next_dagrun for example_python_operator to None, run_after=None
[2023-04-07T17:57:06.215+0200] {processor.py:175} INFO - Processing /Users/oanottage/opt/anaconda3/envs/energyvenv/lib/python3.9/site-packages/airflow/example_dags/example_python_operator.py took 0.733 seconds
[2023-04-07T17:58:41.071+0200] {processor.py:153} INFO - Started process (PID=18160) to work on /Users/oanottage/opt/anaconda3/envs/energyvenv/lib/python3.9/site-packages/airflow/example_dags/example_python_operator.py
[2023-04-07T17:58:41.074+0200] {processor.py:743} INFO - Processing file /Users/oanottage/opt/anaconda3/envs/energyvenv/lib/python3.9/site-packages/airflow/example_dags/example_python_operator.py for tasks to queue
[2023-04-07T17:58:41.074+0200] {logging_mixin.py:137} INFO - [2023-04-07T17:58:41.074+0200] {dagbag.py:532} INFO - Filling up the DagBag from /Users/oanottage/opt/anaconda3/envs/energyvenv/lib/python3.9/site-packages/airflow/example_dags/example_python_operator.py
[2023-04-07T17:58:41.127+0200] {logging_mixin.py:137} INFO - [2023-04-07T17:58:41.126+0200] {taskmixin.py:211} WARNING - Dependency <Task(_PythonDecoratedOperator): print_the_context>, log_sql_query already registered for DAG: example_python_operator
[2023-04-07T17:58:41.127+0200] {logging_mixin.py:137} INFO - [2023-04-07T17:58:41.127+0200] {taskmixin.py:211} WARNING - Dependency <Task(_PythonDecoratedOperator): log_sql_query>, print_the_context already registered for DAG: example_python_operator
[2023-04-07T17:58:41.127+0200] {logging_mixin.py:137} INFO - [2023-04-07T17:58:41.127+0200] {taskmixin.py:211} WARNING - Dependency <Task(_PythonDecoratedOperator): print_the_context>, log_sql_query already registered for DAG: example_python_operator
[2023-04-07T17:58:41.127+0200] {logging_mixin.py:137} INFO - [2023-04-07T17:58:41.127+0200] {taskmixin.py:211} WARNING - Dependency <Task(_PythonDecoratedOperator): log_sql_query>, print_the_context already registered for DAG: example_python_operator
[2023-04-07T17:58:41.128+0200] {logging_mixin.py:137} INFO - [2023-04-07T17:58:41.128+0200] {taskmixin.py:211} WARNING - Dependency <Task(_PythonDecoratedOperator): print_the_context>, log_sql_query already registered for DAG: example_python_operator
[2023-04-07T17:58:41.128+0200] {logging_mixin.py:137} INFO - [2023-04-07T17:58:41.128+0200] {taskmixin.py:211} WARNING - Dependency <Task(_PythonDecoratedOperator): log_sql_query>, print_the_context already registered for DAG: example_python_operator
[2023-04-07T17:58:41.128+0200] {logging_mixin.py:137} INFO - [2023-04-07T17:58:41.128+0200] {taskmixin.py:211} WARNING - Dependency <Task(_PythonDecoratedOperator): print_the_context>, log_sql_query already registered for DAG: example_python_operator
[2023-04-07T17:58:41.129+0200] {logging_mixin.py:137} INFO - [2023-04-07T17:58:41.128+0200] {taskmixin.py:211} WARNING - Dependency <Task(_PythonDecoratedOperator): log_sql_query>, print_the_context already registered for DAG: example_python_operator
[2023-04-07T17:58:41.129+0200] {logging_mixin.py:137} INFO - [2023-04-07T17:58:41.129+0200] {example_python_operator.py:90} WARNING - The virtalenv_python example task requires virtualenv, please install it.
[2023-04-07T17:58:41.133+0200] {processor.py:753} INFO - DAG(s) dict_keys(['example_python_operator']) retrieved from /Users/oanottage/opt/anaconda3/envs/energyvenv/lib/python3.9/site-packages/airflow/example_dags/example_python_operator.py
[2023-04-07T17:58:41.821+0200] {logging_mixin.py:137} INFO - [2023-04-07T17:58:41.821+0200] {dag.py:2705} INFO - Sync 1 DAGs
[2023-04-07T17:58:41.835+0200] {logging_mixin.py:137} INFO - [2023-04-07T17:58:41.834+0200] {dag.py:3452} INFO - Setting next_dagrun for example_python_operator to None, run_after=None
[2023-04-07T17:58:41.848+0200] {processor.py:175} INFO - Processing /Users/oanottage/opt/anaconda3/envs/energyvenv/lib/python3.9/site-packages/airflow/example_dags/example_python_operator.py took 0.778 seconds
[2023-04-07T18:01:20.933+0200] {processor.py:153} INFO - Started process (PID=18356) to work on /Users/oanottage/opt/anaconda3/envs/energyvenv/lib/python3.9/site-packages/airflow/example_dags/example_python_operator.py
[2023-04-07T18:01:20.937+0200] {processor.py:743} INFO - Processing file /Users/oanottage/opt/anaconda3/envs/energyvenv/lib/python3.9/site-packages/airflow/example_dags/example_python_operator.py for tasks to queue
[2023-04-07T18:01:20.937+0200] {logging_mixin.py:137} INFO - [2023-04-07T18:01:20.937+0200] {dagbag.py:532} INFO - Filling up the DagBag from /Users/oanottage/opt/anaconda3/envs/energyvenv/lib/python3.9/site-packages/airflow/example_dags/example_python_operator.py
[2023-04-07T18:01:20.990+0200] {logging_mixin.py:137} INFO - [2023-04-07T18:01:20.990+0200] {taskmixin.py:211} WARNING - Dependency <Task(_PythonDecoratedOperator): print_the_context>, log_sql_query already registered for DAG: example_python_operator
[2023-04-07T18:01:20.990+0200] {logging_mixin.py:137} INFO - [2023-04-07T18:01:20.990+0200] {taskmixin.py:211} WARNING - Dependency <Task(_PythonDecoratedOperator): log_sql_query>, print_the_context already registered for DAG: example_python_operator
[2023-04-07T18:01:20.990+0200] {logging_mixin.py:137} INFO - [2023-04-07T18:01:20.990+0200] {taskmixin.py:211} WARNING - Dependency <Task(_PythonDecoratedOperator): print_the_context>, log_sql_query already registered for DAG: example_python_operator
[2023-04-07T18:01:20.991+0200] {logging_mixin.py:137} INFO - [2023-04-07T18:01:20.991+0200] {taskmixin.py:211} WARNING - Dependency <Task(_PythonDecoratedOperator): log_sql_query>, print_the_context already registered for DAG: example_python_operator
[2023-04-07T18:01:20.991+0200] {logging_mixin.py:137} INFO - [2023-04-07T18:01:20.991+0200] {taskmixin.py:211} WARNING - Dependency <Task(_PythonDecoratedOperator): print_the_context>, log_sql_query already registered for DAG: example_python_operator
[2023-04-07T18:01:20.991+0200] {logging_mixin.py:137} INFO - [2023-04-07T18:01:20.991+0200] {taskmixin.py:211} WARNING - Dependency <Task(_PythonDecoratedOperator): log_sql_query>, print_the_context already registered for DAG: example_python_operator
[2023-04-07T18:01:20.992+0200] {logging_mixin.py:137} INFO - [2023-04-07T18:01:20.992+0200] {taskmixin.py:211} WARNING - Dependency <Task(_PythonDecoratedOperator): print_the_context>, log_sql_query already registered for DAG: example_python_operator
[2023-04-07T18:01:20.992+0200] {logging_mixin.py:137} INFO - [2023-04-07T18:01:20.992+0200] {taskmixin.py:211} WARNING - Dependency <Task(_PythonDecoratedOperator): log_sql_query>, print_the_context already registered for DAG: example_python_operator
[2023-04-07T18:01:20.992+0200] {logging_mixin.py:137} INFO - [2023-04-07T18:01:20.992+0200] {example_python_operator.py:90} WARNING - The virtalenv_python example task requires virtualenv, please install it.
[2023-04-07T18:01:20.997+0200] {processor.py:753} INFO - DAG(s) dict_keys(['example_python_operator']) retrieved from /Users/oanottage/opt/anaconda3/envs/energyvenv/lib/python3.9/site-packages/airflow/example_dags/example_python_operator.py
[2023-04-07T18:01:21.615+0200] {logging_mixin.py:137} INFO - [2023-04-07T18:01:21.615+0200] {dag.py:2705} INFO - Sync 1 DAGs
[2023-04-07T18:01:21.625+0200] {logging_mixin.py:137} INFO - [2023-04-07T18:01:21.625+0200] {dag.py:3452} INFO - Setting next_dagrun for example_python_operator to None, run_after=None
[2023-04-07T18:01:21.639+0200] {processor.py:175} INFO - Processing /Users/oanottage/opt/anaconda3/envs/energyvenv/lib/python3.9/site-packages/airflow/example_dags/example_python_operator.py took 0.706 seconds
[2023-04-07T18:05:08.392+0200] {processor.py:153} INFO - Started process (PID=18644) to work on /Users/oanottage/opt/anaconda3/envs/energyvenv/lib/python3.9/site-packages/airflow/example_dags/example_python_operator.py
[2023-04-07T18:05:08.395+0200] {processor.py:743} INFO - Processing file /Users/oanottage/opt/anaconda3/envs/energyvenv/lib/python3.9/site-packages/airflow/example_dags/example_python_operator.py for tasks to queue
[2023-04-07T18:05:08.396+0200] {logging_mixin.py:137} INFO - [2023-04-07T18:05:08.396+0200] {dagbag.py:532} INFO - Filling up the DagBag from /Users/oanottage/opt/anaconda3/envs/energyvenv/lib/python3.9/site-packages/airflow/example_dags/example_python_operator.py
[2023-04-07T18:05:08.444+0200] {logging_mixin.py:137} INFO - [2023-04-07T18:05:08.444+0200] {taskmixin.py:211} WARNING - Dependency <Task(_PythonDecoratedOperator): print_the_context>, log_sql_query already registered for DAG: example_python_operator
[2023-04-07T18:05:08.444+0200] {logging_mixin.py:137} INFO - [2023-04-07T18:05:08.444+0200] {taskmixin.py:211} WARNING - Dependency <Task(_PythonDecoratedOperator): log_sql_query>, print_the_context already registered for DAG: example_python_operator
[2023-04-07T18:05:08.445+0200] {logging_mixin.py:137} INFO - [2023-04-07T18:05:08.445+0200] {taskmixin.py:211} WARNING - Dependency <Task(_PythonDecoratedOperator): print_the_context>, log_sql_query already registered for DAG: example_python_operator
[2023-04-07T18:05:08.445+0200] {logging_mixin.py:137} INFO - [2023-04-07T18:05:08.445+0200] {taskmixin.py:211} WARNING - Dependency <Task(_PythonDecoratedOperator): log_sql_query>, print_the_context already registered for DAG: example_python_operator
[2023-04-07T18:05:08.445+0200] {logging_mixin.py:137} INFO - [2023-04-07T18:05:08.445+0200] {taskmixin.py:211} WARNING - Dependency <Task(_PythonDecoratedOperator): print_the_context>, log_sql_query already registered for DAG: example_python_operator
[2023-04-07T18:05:08.446+0200] {logging_mixin.py:137} INFO - [2023-04-07T18:05:08.446+0200] {taskmixin.py:211} WARNING - Dependency <Task(_PythonDecoratedOperator): log_sql_query>, print_the_context already registered for DAG: example_python_operator
[2023-04-07T18:05:08.446+0200] {logging_mixin.py:137} INFO - [2023-04-07T18:05:08.446+0200] {taskmixin.py:211} WARNING - Dependency <Task(_PythonDecoratedOperator): print_the_context>, log_sql_query already registered for DAG: example_python_operator
[2023-04-07T18:05:08.446+0200] {logging_mixin.py:137} INFO - [2023-04-07T18:05:08.446+0200] {taskmixin.py:211} WARNING - Dependency <Task(_PythonDecoratedOperator): log_sql_query>, print_the_context already registered for DAG: example_python_operator
[2023-04-07T18:05:08.446+0200] {logging_mixin.py:137} INFO - [2023-04-07T18:05:08.446+0200] {example_python_operator.py:90} WARNING - The virtalenv_python example task requires virtualenv, please install it.
[2023-04-07T18:05:08.451+0200] {processor.py:753} INFO - DAG(s) dict_keys(['example_python_operator']) retrieved from /Users/oanottage/opt/anaconda3/envs/energyvenv/lib/python3.9/site-packages/airflow/example_dags/example_python_operator.py
[2023-04-07T18:05:09.084+0200] {logging_mixin.py:137} INFO - [2023-04-07T18:05:09.084+0200] {dag.py:2705} INFO - Sync 1 DAGs
[2023-04-07T18:05:09.097+0200] {logging_mixin.py:137} INFO - [2023-04-07T18:05:09.097+0200] {dag.py:3452} INFO - Setting next_dagrun for example_python_operator to None, run_after=None
[2023-04-07T18:05:09.111+0200] {processor.py:175} INFO - Processing /Users/oanottage/opt/anaconda3/envs/energyvenv/lib/python3.9/site-packages/airflow/example_dags/example_python_operator.py took 0.719 seconds
[2023-04-07T18:07:02.463+0200] {processor.py:153} INFO - Started process (PID=18786) to work on /Users/oanottage/opt/anaconda3/envs/energyvenv/lib/python3.9/site-packages/airflow/example_dags/example_python_operator.py
[2023-04-07T18:07:02.467+0200] {processor.py:743} INFO - Processing file /Users/oanottage/opt/anaconda3/envs/energyvenv/lib/python3.9/site-packages/airflow/example_dags/example_python_operator.py for tasks to queue
[2023-04-07T18:07:02.468+0200] {logging_mixin.py:137} INFO - [2023-04-07T18:07:02.468+0200] {dagbag.py:532} INFO - Filling up the DagBag from /Users/oanottage/opt/anaconda3/envs/energyvenv/lib/python3.9/site-packages/airflow/example_dags/example_python_operator.py
[2023-04-07T18:07:02.530+0200] {logging_mixin.py:137} INFO - [2023-04-07T18:07:02.530+0200] {taskmixin.py:211} WARNING - Dependency <Task(_PythonDecoratedOperator): print_the_context>, log_sql_query already registered for DAG: example_python_operator
[2023-04-07T18:07:02.530+0200] {logging_mixin.py:137} INFO - [2023-04-07T18:07:02.530+0200] {taskmixin.py:211} WARNING - Dependency <Task(_PythonDecoratedOperator): log_sql_query>, print_the_context already registered for DAG: example_python_operator
[2023-04-07T18:07:02.531+0200] {logging_mixin.py:137} INFO - [2023-04-07T18:07:02.531+0200] {taskmixin.py:211} WARNING - Dependency <Task(_PythonDecoratedOperator): print_the_context>, log_sql_query already registered for DAG: example_python_operator
[2023-04-07T18:07:02.531+0200] {logging_mixin.py:137} INFO - [2023-04-07T18:07:02.531+0200] {taskmixin.py:211} WARNING - Dependency <Task(_PythonDecoratedOperator): log_sql_query>, print_the_context already registered for DAG: example_python_operator
[2023-04-07T18:07:02.532+0200] {logging_mixin.py:137} INFO - [2023-04-07T18:07:02.532+0200] {taskmixin.py:211} WARNING - Dependency <Task(_PythonDecoratedOperator): print_the_context>, log_sql_query already registered for DAG: example_python_operator
[2023-04-07T18:07:02.532+0200] {logging_mixin.py:137} INFO - [2023-04-07T18:07:02.532+0200] {taskmixin.py:211} WARNING - Dependency <Task(_PythonDecoratedOperator): log_sql_query>, print_the_context already registered for DAG: example_python_operator
[2023-04-07T18:07:02.533+0200] {logging_mixin.py:137} INFO - [2023-04-07T18:07:02.532+0200] {taskmixin.py:211} WARNING - Dependency <Task(_PythonDecoratedOperator): print_the_context>, log_sql_query already registered for DAG: example_python_operator
[2023-04-07T18:07:02.533+0200] {logging_mixin.py:137} INFO - [2023-04-07T18:07:02.533+0200] {taskmixin.py:211} WARNING - Dependency <Task(_PythonDecoratedOperator): log_sql_query>, print_the_context already registered for DAG: example_python_operator
[2023-04-07T18:07:02.533+0200] {logging_mixin.py:137} INFO - [2023-04-07T18:07:02.533+0200] {example_python_operator.py:90} WARNING - The virtalenv_python example task requires virtualenv, please install it.
[2023-04-07T18:07:02.539+0200] {processor.py:753} INFO - DAG(s) dict_keys(['example_python_operator']) retrieved from /Users/oanottage/opt/anaconda3/envs/energyvenv/lib/python3.9/site-packages/airflow/example_dags/example_python_operator.py
[2023-04-07T18:07:03.257+0200] {logging_mixin.py:137} INFO - [2023-04-07T18:07:03.256+0200] {dag.py:2705} INFO - Sync 1 DAGs
[2023-04-07T18:07:03.271+0200] {logging_mixin.py:137} INFO - [2023-04-07T18:07:03.271+0200] {dag.py:3452} INFO - Setting next_dagrun for example_python_operator to None, run_after=None
[2023-04-07T18:07:03.285+0200] {processor.py:175} INFO - Processing /Users/oanottage/opt/anaconda3/envs/energyvenv/lib/python3.9/site-packages/airflow/example_dags/example_python_operator.py took 0.823 seconds
[2023-04-07T18:08:37.364+0200] {processor.py:153} INFO - Started process (PID=18928) to work on /Users/oanottage/opt/anaconda3/envs/energyvenv/lib/python3.9/site-packages/airflow/example_dags/example_python_operator.py
[2023-04-07T18:08:37.368+0200] {processor.py:743} INFO - Processing file /Users/oanottage/opt/anaconda3/envs/energyvenv/lib/python3.9/site-packages/airflow/example_dags/example_python_operator.py for tasks to queue
[2023-04-07T18:08:37.368+0200] {logging_mixin.py:137} INFO - [2023-04-07T18:08:37.368+0200] {dagbag.py:532} INFO - Filling up the DagBag from /Users/oanottage/opt/anaconda3/envs/energyvenv/lib/python3.9/site-packages/airflow/example_dags/example_python_operator.py
[2023-04-07T18:08:37.417+0200] {logging_mixin.py:137} INFO - [2023-04-07T18:08:37.417+0200] {taskmixin.py:211} WARNING - Dependency <Task(_PythonDecoratedOperator): print_the_context>, log_sql_query already registered for DAG: example_python_operator
[2023-04-07T18:08:37.417+0200] {logging_mixin.py:137} INFO - [2023-04-07T18:08:37.417+0200] {taskmixin.py:211} WARNING - Dependency <Task(_PythonDecoratedOperator): log_sql_query>, print_the_context already registered for DAG: example_python_operator
[2023-04-07T18:08:37.418+0200] {logging_mixin.py:137} INFO - [2023-04-07T18:08:37.418+0200] {taskmixin.py:211} WARNING - Dependency <Task(_PythonDecoratedOperator): print_the_context>, log_sql_query already registered for DAG: example_python_operator
[2023-04-07T18:08:37.418+0200] {logging_mixin.py:137} INFO - [2023-04-07T18:08:37.418+0200] {taskmixin.py:211} WARNING - Dependency <Task(_PythonDecoratedOperator): log_sql_query>, print_the_context already registered for DAG: example_python_operator
[2023-04-07T18:08:37.418+0200] {logging_mixin.py:137} INFO - [2023-04-07T18:08:37.418+0200] {taskmixin.py:211} WARNING - Dependency <Task(_PythonDecoratedOperator): print_the_context>, log_sql_query already registered for DAG: example_python_operator
[2023-04-07T18:08:37.419+0200] {logging_mixin.py:137} INFO - [2023-04-07T18:08:37.418+0200] {taskmixin.py:211} WARNING - Dependency <Task(_PythonDecoratedOperator): log_sql_query>, print_the_context already registered for DAG: example_python_operator
[2023-04-07T18:08:37.419+0200] {logging_mixin.py:137} INFO - [2023-04-07T18:08:37.419+0200] {taskmixin.py:211} WARNING - Dependency <Task(_PythonDecoratedOperator): print_the_context>, log_sql_query already registered for DAG: example_python_operator
[2023-04-07T18:08:37.419+0200] {logging_mixin.py:137} INFO - [2023-04-07T18:08:37.419+0200] {taskmixin.py:211} WARNING - Dependency <Task(_PythonDecoratedOperator): log_sql_query>, print_the_context already registered for DAG: example_python_operator
[2023-04-07T18:08:37.419+0200] {logging_mixin.py:137} INFO - [2023-04-07T18:08:37.419+0200] {example_python_operator.py:90} WARNING - The virtalenv_python example task requires virtualenv, please install it.
[2023-04-07T18:08:37.424+0200] {processor.py:753} INFO - DAG(s) dict_keys(['example_python_operator']) retrieved from /Users/oanottage/opt/anaconda3/envs/energyvenv/lib/python3.9/site-packages/airflow/example_dags/example_python_operator.py
[2023-04-07T18:08:38.047+0200] {logging_mixin.py:137} INFO - [2023-04-07T18:08:38.047+0200] {dag.py:2705} INFO - Sync 1 DAGs
[2023-04-07T18:08:38.058+0200] {logging_mixin.py:137} INFO - [2023-04-07T18:08:38.058+0200] {dag.py:3452} INFO - Setting next_dagrun for example_python_operator to None, run_after=None
[2023-04-07T18:08:38.075+0200] {processor.py:175} INFO - Processing /Users/oanottage/opt/anaconda3/envs/energyvenv/lib/python3.9/site-packages/airflow/example_dags/example_python_operator.py took 0.711 seconds
[2023-04-07T18:10:25.636+0200] {processor.py:153} INFO - Started process (PID=19128) to work on /Users/oanottage/opt/anaconda3/envs/energyvenv/lib/python3.9/site-packages/airflow/example_dags/example_python_operator.py
[2023-04-07T18:10:25.641+0200] {processor.py:743} INFO - Processing file /Users/oanottage/opt/anaconda3/envs/energyvenv/lib/python3.9/site-packages/airflow/example_dags/example_python_operator.py for tasks to queue
[2023-04-07T18:10:25.642+0200] {logging_mixin.py:137} INFO - [2023-04-07T18:10:25.642+0200] {dagbag.py:532} INFO - Filling up the DagBag from /Users/oanottage/opt/anaconda3/envs/energyvenv/lib/python3.9/site-packages/airflow/example_dags/example_python_operator.py
[2023-04-07T18:10:25.722+0200] {logging_mixin.py:137} INFO - [2023-04-07T18:10:25.722+0200] {taskmixin.py:211} WARNING - Dependency <Task(_PythonDecoratedOperator): print_the_context>, log_sql_query already registered for DAG: example_python_operator
[2023-04-07T18:10:25.723+0200] {logging_mixin.py:137} INFO - [2023-04-07T18:10:25.722+0200] {taskmixin.py:211} WARNING - Dependency <Task(_PythonDecoratedOperator): log_sql_query>, print_the_context already registered for DAG: example_python_operator
[2023-04-07T18:10:25.723+0200] {logging_mixin.py:137} INFO - [2023-04-07T18:10:25.723+0200] {taskmixin.py:211} WARNING - Dependency <Task(_PythonDecoratedOperator): print_the_context>, log_sql_query already registered for DAG: example_python_operator
[2023-04-07T18:10:25.723+0200] {logging_mixin.py:137} INFO - [2023-04-07T18:10:25.723+0200] {taskmixin.py:211} WARNING - Dependency <Task(_PythonDecoratedOperator): log_sql_query>, print_the_context already registered for DAG: example_python_operator
[2023-04-07T18:10:25.724+0200] {logging_mixin.py:137} INFO - [2023-04-07T18:10:25.724+0200] {taskmixin.py:211} WARNING - Dependency <Task(_PythonDecoratedOperator): print_the_context>, log_sql_query already registered for DAG: example_python_operator
[2023-04-07T18:10:25.724+0200] {logging_mixin.py:137} INFO - [2023-04-07T18:10:25.724+0200] {taskmixin.py:211} WARNING - Dependency <Task(_PythonDecoratedOperator): log_sql_query>, print_the_context already registered for DAG: example_python_operator
[2023-04-07T18:10:25.725+0200] {logging_mixin.py:137} INFO - [2023-04-07T18:10:25.725+0200] {taskmixin.py:211} WARNING - Dependency <Task(_PythonDecoratedOperator): print_the_context>, log_sql_query already registered for DAG: example_python_operator
[2023-04-07T18:10:25.725+0200] {logging_mixin.py:137} INFO - [2023-04-07T18:10:25.725+0200] {taskmixin.py:211} WARNING - Dependency <Task(_PythonDecoratedOperator): log_sql_query>, print_the_context already registered for DAG: example_python_operator
[2023-04-07T18:10:25.725+0200] {logging_mixin.py:137} INFO - [2023-04-07T18:10:25.725+0200] {example_python_operator.py:90} WARNING - The virtalenv_python example task requires virtualenv, please install it.
[2023-04-07T18:10:25.731+0200] {processor.py:753} INFO - DAG(s) dict_keys(['example_python_operator']) retrieved from /Users/oanottage/opt/anaconda3/envs/energyvenv/lib/python3.9/site-packages/airflow/example_dags/example_python_operator.py
[2023-04-07T18:10:26.423+0200] {logging_mixin.py:137} INFO - [2023-04-07T18:10:26.423+0200] {dag.py:2705} INFO - Sync 1 DAGs
[2023-04-07T18:10:26.436+0200] {logging_mixin.py:137} INFO - [2023-04-07T18:10:26.436+0200] {dag.py:3452} INFO - Setting next_dagrun for example_python_operator to None, run_after=None
[2023-04-07T18:10:26.449+0200] {processor.py:175} INFO - Processing /Users/oanottage/opt/anaconda3/envs/energyvenv/lib/python3.9/site-packages/airflow/example_dags/example_python_operator.py took 0.814 seconds
[2023-04-07T18:13:48.446+0200] {processor.py:153} INFO - Started process (PID=19411) to work on /Users/oanottage/opt/anaconda3/envs/energyvenv/lib/python3.9/site-packages/airflow/example_dags/example_python_operator.py
[2023-04-07T18:13:48.450+0200] {processor.py:743} INFO - Processing file /Users/oanottage/opt/anaconda3/envs/energyvenv/lib/python3.9/site-packages/airflow/example_dags/example_python_operator.py for tasks to queue
[2023-04-07T18:13:48.450+0200] {logging_mixin.py:137} INFO - [2023-04-07T18:13:48.450+0200] {dagbag.py:532} INFO - Filling up the DagBag from /Users/oanottage/opt/anaconda3/envs/energyvenv/lib/python3.9/site-packages/airflow/example_dags/example_python_operator.py
[2023-04-07T18:13:48.499+0200] {logging_mixin.py:137} INFO - [2023-04-07T18:13:48.499+0200] {taskmixin.py:211} WARNING - Dependency <Task(_PythonDecoratedOperator): print_the_context>, log_sql_query already registered for DAG: example_python_operator
[2023-04-07T18:13:48.499+0200] {logging_mixin.py:137} INFO - [2023-04-07T18:13:48.499+0200] {taskmixin.py:211} WARNING - Dependency <Task(_PythonDecoratedOperator): log_sql_query>, print_the_context already registered for DAG: example_python_operator
[2023-04-07T18:13:48.500+0200] {logging_mixin.py:137} INFO - [2023-04-07T18:13:48.500+0200] {taskmixin.py:211} WARNING - Dependency <Task(_PythonDecoratedOperator): print_the_context>, log_sql_query already registered for DAG: example_python_operator
[2023-04-07T18:13:48.500+0200] {logging_mixin.py:137} INFO - [2023-04-07T18:13:48.500+0200] {taskmixin.py:211} WARNING - Dependency <Task(_PythonDecoratedOperator): log_sql_query>, print_the_context already registered for DAG: example_python_operator
[2023-04-07T18:13:48.500+0200] {logging_mixin.py:137} INFO - [2023-04-07T18:13:48.500+0200] {taskmixin.py:211} WARNING - Dependency <Task(_PythonDecoratedOperator): print_the_context>, log_sql_query already registered for DAG: example_python_operator
[2023-04-07T18:13:48.501+0200] {logging_mixin.py:137} INFO - [2023-04-07T18:13:48.501+0200] {taskmixin.py:211} WARNING - Dependency <Task(_PythonDecoratedOperator): log_sql_query>, print_the_context already registered for DAG: example_python_operator
[2023-04-07T18:13:48.501+0200] {logging_mixin.py:137} INFO - [2023-04-07T18:13:48.501+0200] {taskmixin.py:211} WARNING - Dependency <Task(_PythonDecoratedOperator): print_the_context>, log_sql_query already registered for DAG: example_python_operator
[2023-04-07T18:13:48.501+0200] {logging_mixin.py:137} INFO - [2023-04-07T18:13:48.501+0200] {taskmixin.py:211} WARNING - Dependency <Task(_PythonDecoratedOperator): log_sql_query>, print_the_context already registered for DAG: example_python_operator
[2023-04-07T18:13:48.502+0200] {logging_mixin.py:137} INFO - [2023-04-07T18:13:48.501+0200] {example_python_operator.py:90} WARNING - The virtalenv_python example task requires virtualenv, please install it.
[2023-04-07T18:13:48.506+0200] {processor.py:753} INFO - DAG(s) dict_keys(['example_python_operator']) retrieved from /Users/oanottage/opt/anaconda3/envs/energyvenv/lib/python3.9/site-packages/airflow/example_dags/example_python_operator.py
[2023-04-07T18:13:49.135+0200] {logging_mixin.py:137} INFO - [2023-04-07T18:13:49.135+0200] {dag.py:2705} INFO - Sync 1 DAGs
[2023-04-07T18:13:49.146+0200] {logging_mixin.py:137} INFO - [2023-04-07T18:13:49.146+0200] {dag.py:3452} INFO - Setting next_dagrun for example_python_operator to None, run_after=None
[2023-04-07T18:13:49.159+0200] {processor.py:175} INFO - Processing /Users/oanottage/opt/anaconda3/envs/energyvenv/lib/python3.9/site-packages/airflow/example_dags/example_python_operator.py took 0.714 seconds
[2023-04-07T18:16:17.844+0200] {processor.py:153} INFO - Started process (PID=19611) to work on /Users/oanottage/opt/anaconda3/envs/energyvenv/lib/python3.9/site-packages/airflow/example_dags/example_python_operator.py
[2023-04-07T18:16:17.847+0200] {processor.py:743} INFO - Processing file /Users/oanottage/opt/anaconda3/envs/energyvenv/lib/python3.9/site-packages/airflow/example_dags/example_python_operator.py for tasks to queue
[2023-04-07T18:16:17.848+0200] {logging_mixin.py:137} INFO - [2023-04-07T18:16:17.847+0200] {dagbag.py:532} INFO - Filling up the DagBag from /Users/oanottage/opt/anaconda3/envs/energyvenv/lib/python3.9/site-packages/airflow/example_dags/example_python_operator.py
[2023-04-07T18:16:17.894+0200] {logging_mixin.py:137} INFO - [2023-04-07T18:16:17.894+0200] {taskmixin.py:211} WARNING - Dependency <Task(_PythonDecoratedOperator): print_the_context>, log_sql_query already registered for DAG: example_python_operator
[2023-04-07T18:16:17.895+0200] {logging_mixin.py:137} INFO - [2023-04-07T18:16:17.895+0200] {taskmixin.py:211} WARNING - Dependency <Task(_PythonDecoratedOperator): log_sql_query>, print_the_context already registered for DAG: example_python_operator
[2023-04-07T18:16:17.895+0200] {logging_mixin.py:137} INFO - [2023-04-07T18:16:17.895+0200] {taskmixin.py:211} WARNING - Dependency <Task(_PythonDecoratedOperator): print_the_context>, log_sql_query already registered for DAG: example_python_operator
[2023-04-07T18:16:17.895+0200] {logging_mixin.py:137} INFO - [2023-04-07T18:16:17.895+0200] {taskmixin.py:211} WARNING - Dependency <Task(_PythonDecoratedOperator): log_sql_query>, print_the_context already registered for DAG: example_python_operator
[2023-04-07T18:16:17.896+0200] {logging_mixin.py:137} INFO - [2023-04-07T18:16:17.896+0200] {taskmixin.py:211} WARNING - Dependency <Task(_PythonDecoratedOperator): print_the_context>, log_sql_query already registered for DAG: example_python_operator
[2023-04-07T18:16:17.896+0200] {logging_mixin.py:137} INFO - [2023-04-07T18:16:17.896+0200] {taskmixin.py:211} WARNING - Dependency <Task(_PythonDecoratedOperator): log_sql_query>, print_the_context already registered for DAG: example_python_operator
[2023-04-07T18:16:17.896+0200] {logging_mixin.py:137} INFO - [2023-04-07T18:16:17.896+0200] {taskmixin.py:211} WARNING - Dependency <Task(_PythonDecoratedOperator): print_the_context>, log_sql_query already registered for DAG: example_python_operator
[2023-04-07T18:16:17.896+0200] {logging_mixin.py:137} INFO - [2023-04-07T18:16:17.896+0200] {taskmixin.py:211} WARNING - Dependency <Task(_PythonDecoratedOperator): log_sql_query>, print_the_context already registered for DAG: example_python_operator
[2023-04-07T18:16:17.897+0200] {logging_mixin.py:137} INFO - [2023-04-07T18:16:17.897+0200] {example_python_operator.py:90} WARNING - The virtalenv_python example task requires virtualenv, please install it.
[2023-04-07T18:16:17.901+0200] {processor.py:753} INFO - DAG(s) dict_keys(['example_python_operator']) retrieved from /Users/oanottage/opt/anaconda3/envs/energyvenv/lib/python3.9/site-packages/airflow/example_dags/example_python_operator.py
[2023-04-07T18:16:18.603+0200] {logging_mixin.py:137} INFO - [2023-04-07T18:16:18.603+0200] {dag.py:2705} INFO - Sync 1 DAGs
[2023-04-07T18:16:18.617+0200] {logging_mixin.py:137} INFO - [2023-04-07T18:16:18.617+0200] {dag.py:3452} INFO - Setting next_dagrun for example_python_operator to None, run_after=None
[2023-04-07T18:16:18.630+0200] {processor.py:175} INFO - Processing /Users/oanottage/opt/anaconda3/envs/energyvenv/lib/python3.9/site-packages/airflow/example_dags/example_python_operator.py took 0.787 seconds
[2023-04-07T18:18:10.842+0200] {processor.py:153} INFO - Started process (PID=19740) to work on /Users/oanottage/opt/anaconda3/envs/energyvenv/lib/python3.9/site-packages/airflow/example_dags/example_python_operator.py
[2023-04-07T18:18:10.846+0200] {processor.py:743} INFO - Processing file /Users/oanottage/opt/anaconda3/envs/energyvenv/lib/python3.9/site-packages/airflow/example_dags/example_python_operator.py for tasks to queue
[2023-04-07T18:18:10.847+0200] {logging_mixin.py:137} INFO - [2023-04-07T18:18:10.847+0200] {dagbag.py:532} INFO - Filling up the DagBag from /Users/oanottage/opt/anaconda3/envs/energyvenv/lib/python3.9/site-packages/airflow/example_dags/example_python_operator.py
[2023-04-07T18:18:10.905+0200] {logging_mixin.py:137} INFO - [2023-04-07T18:18:10.905+0200] {taskmixin.py:211} WARNING - Dependency <Task(_PythonDecoratedOperator): print_the_context>, log_sql_query already registered for DAG: example_python_operator
[2023-04-07T18:18:10.905+0200] {logging_mixin.py:137} INFO - [2023-04-07T18:18:10.905+0200] {taskmixin.py:211} WARNING - Dependency <Task(_PythonDecoratedOperator): log_sql_query>, print_the_context already registered for DAG: example_python_operator
[2023-04-07T18:18:10.906+0200] {logging_mixin.py:137} INFO - [2023-04-07T18:18:10.906+0200] {taskmixin.py:211} WARNING - Dependency <Task(_PythonDecoratedOperator): print_the_context>, log_sql_query already registered for DAG: example_python_operator
[2023-04-07T18:18:10.906+0200] {logging_mixin.py:137} INFO - [2023-04-07T18:18:10.906+0200] {taskmixin.py:211} WARNING - Dependency <Task(_PythonDecoratedOperator): log_sql_query>, print_the_context already registered for DAG: example_python_operator
[2023-04-07T18:18:10.906+0200] {logging_mixin.py:137} INFO - [2023-04-07T18:18:10.906+0200] {taskmixin.py:211} WARNING - Dependency <Task(_PythonDecoratedOperator): print_the_context>, log_sql_query already registered for DAG: example_python_operator
[2023-04-07T18:18:10.906+0200] {logging_mixin.py:137} INFO - [2023-04-07T18:18:10.906+0200] {taskmixin.py:211} WARNING - Dependency <Task(_PythonDecoratedOperator): log_sql_query>, print_the_context already registered for DAG: example_python_operator
[2023-04-07T18:18:10.907+0200] {logging_mixin.py:137} INFO - [2023-04-07T18:18:10.907+0200] {taskmixin.py:211} WARNING - Dependency <Task(_PythonDecoratedOperator): print_the_context>, log_sql_query already registered for DAG: example_python_operator
[2023-04-07T18:18:10.907+0200] {logging_mixin.py:137} INFO - [2023-04-07T18:18:10.907+0200] {taskmixin.py:211} WARNING - Dependency <Task(_PythonDecoratedOperator): log_sql_query>, print_the_context already registered for DAG: example_python_operator
[2023-04-07T18:18:10.907+0200] {logging_mixin.py:137} INFO - [2023-04-07T18:18:10.907+0200] {example_python_operator.py:90} WARNING - The virtalenv_python example task requires virtualenv, please install it.
[2023-04-07T18:18:10.913+0200] {processor.py:753} INFO - DAG(s) dict_keys(['example_python_operator']) retrieved from /Users/oanottage/opt/anaconda3/envs/energyvenv/lib/python3.9/site-packages/airflow/example_dags/example_python_operator.py
[2023-04-07T18:18:11.607+0200] {logging_mixin.py:137} INFO - [2023-04-07T18:18:11.607+0200] {dag.py:2705} INFO - Sync 1 DAGs
[2023-04-07T18:18:11.619+0200] {logging_mixin.py:137} INFO - [2023-04-07T18:18:11.619+0200] {dag.py:3452} INFO - Setting next_dagrun for example_python_operator to None, run_after=None
[2023-04-07T18:18:11.633+0200] {processor.py:175} INFO - Processing /Users/oanottage/opt/anaconda3/envs/energyvenv/lib/python3.9/site-packages/airflow/example_dags/example_python_operator.py took 0.791 seconds
[2023-04-07T18:20:55.116+0200] {processor.py:153} INFO - Started process (PID=20003) to work on /Users/oanottage/opt/anaconda3/envs/energyvenv/lib/python3.9/site-packages/airflow/example_dags/example_python_operator.py
[2023-04-07T18:20:55.120+0200] {processor.py:743} INFO - Processing file /Users/oanottage/opt/anaconda3/envs/energyvenv/lib/python3.9/site-packages/airflow/example_dags/example_python_operator.py for tasks to queue
[2023-04-07T18:20:55.120+0200] {logging_mixin.py:137} INFO - [2023-04-07T18:20:55.120+0200] {dagbag.py:532} INFO - Filling up the DagBag from /Users/oanottage/opt/anaconda3/envs/energyvenv/lib/python3.9/site-packages/airflow/example_dags/example_python_operator.py
[2023-04-07T18:20:55.176+0200] {logging_mixin.py:137} INFO - [2023-04-07T18:20:55.176+0200] {taskmixin.py:211} WARNING - Dependency <Task(_PythonDecoratedOperator): print_the_context>, log_sql_query already registered for DAG: example_python_operator
[2023-04-07T18:20:55.176+0200] {logging_mixin.py:137} INFO - [2023-04-07T18:20:55.176+0200] {taskmixin.py:211} WARNING - Dependency <Task(_PythonDecoratedOperator): log_sql_query>, print_the_context already registered for DAG: example_python_operator
[2023-04-07T18:20:55.176+0200] {logging_mixin.py:137} INFO - [2023-04-07T18:20:55.176+0200] {taskmixin.py:211} WARNING - Dependency <Task(_PythonDecoratedOperator): print_the_context>, log_sql_query already registered for DAG: example_python_operator
[2023-04-07T18:20:55.177+0200] {logging_mixin.py:137} INFO - [2023-04-07T18:20:55.176+0200] {taskmixin.py:211} WARNING - Dependency <Task(_PythonDecoratedOperator): log_sql_query>, print_the_context already registered for DAG: example_python_operator
[2023-04-07T18:20:55.177+0200] {logging_mixin.py:137} INFO - [2023-04-07T18:20:55.177+0200] {taskmixin.py:211} WARNING - Dependency <Task(_PythonDecoratedOperator): print_the_context>, log_sql_query already registered for DAG: example_python_operator
[2023-04-07T18:20:55.177+0200] {logging_mixin.py:137} INFO - [2023-04-07T18:20:55.177+0200] {taskmixin.py:211} WARNING - Dependency <Task(_PythonDecoratedOperator): log_sql_query>, print_the_context already registered for DAG: example_python_operator
[2023-04-07T18:20:55.178+0200] {logging_mixin.py:137} INFO - [2023-04-07T18:20:55.178+0200] {taskmixin.py:211} WARNING - Dependency <Task(_PythonDecoratedOperator): print_the_context>, log_sql_query already registered for DAG: example_python_operator
[2023-04-07T18:20:55.178+0200] {logging_mixin.py:137} INFO - [2023-04-07T18:20:55.178+0200] {taskmixin.py:211} WARNING - Dependency <Task(_PythonDecoratedOperator): log_sql_query>, print_the_context already registered for DAG: example_python_operator
[2023-04-07T18:20:55.178+0200] {logging_mixin.py:137} INFO - [2023-04-07T18:20:55.178+0200] {example_python_operator.py:90} WARNING - The virtalenv_python example task requires virtualenv, please install it.
[2023-04-07T18:20:55.182+0200] {processor.py:753} INFO - DAG(s) dict_keys(['example_python_operator']) retrieved from /Users/oanottage/opt/anaconda3/envs/energyvenv/lib/python3.9/site-packages/airflow/example_dags/example_python_operator.py
[2023-04-07T18:20:55.887+0200] {logging_mixin.py:137} INFO - [2023-04-07T18:20:55.887+0200] {dag.py:2705} INFO - Sync 1 DAGs
[2023-04-07T18:20:55.899+0200] {logging_mixin.py:137} INFO - [2023-04-07T18:20:55.899+0200] {dag.py:3452} INFO - Setting next_dagrun for example_python_operator to None, run_after=None
[2023-04-07T18:20:55.913+0200] {processor.py:175} INFO - Processing /Users/oanottage/opt/anaconda3/envs/energyvenv/lib/python3.9/site-packages/airflow/example_dags/example_python_operator.py took 0.797 seconds
[2023-04-07T18:23:34.750+0200] {processor.py:153} INFO - Started process (PID=20179) to work on /Users/oanottage/opt/anaconda3/envs/energyvenv/lib/python3.9/site-packages/airflow/example_dags/example_python_operator.py
[2023-04-07T18:23:34.753+0200] {processor.py:743} INFO - Processing file /Users/oanottage/opt/anaconda3/envs/energyvenv/lib/python3.9/site-packages/airflow/example_dags/example_python_operator.py for tasks to queue
[2023-04-07T18:23:34.754+0200] {logging_mixin.py:137} INFO - [2023-04-07T18:23:34.754+0200] {dagbag.py:532} INFO - Filling up the DagBag from /Users/oanottage/opt/anaconda3/envs/energyvenv/lib/python3.9/site-packages/airflow/example_dags/example_python_operator.py
[2023-04-07T18:23:34.805+0200] {logging_mixin.py:137} INFO - [2023-04-07T18:23:34.805+0200] {taskmixin.py:211} WARNING - Dependency <Task(_PythonDecoratedOperator): print_the_context>, log_sql_query already registered for DAG: example_python_operator
[2023-04-07T18:23:34.805+0200] {logging_mixin.py:137} INFO - [2023-04-07T18:23:34.805+0200] {taskmixin.py:211} WARNING - Dependency <Task(_PythonDecoratedOperator): log_sql_query>, print_the_context already registered for DAG: example_python_operator
[2023-04-07T18:23:34.805+0200] {logging_mixin.py:137} INFO - [2023-04-07T18:23:34.805+0200] {taskmixin.py:211} WARNING - Dependency <Task(_PythonDecoratedOperator): print_the_context>, log_sql_query already registered for DAG: example_python_operator
[2023-04-07T18:23:34.806+0200] {logging_mixin.py:137} INFO - [2023-04-07T18:23:34.805+0200] {taskmixin.py:211} WARNING - Dependency <Task(_PythonDecoratedOperator): log_sql_query>, print_the_context already registered for DAG: example_python_operator
[2023-04-07T18:23:34.806+0200] {logging_mixin.py:137} INFO - [2023-04-07T18:23:34.806+0200] {taskmixin.py:211} WARNING - Dependency <Task(_PythonDecoratedOperator): print_the_context>, log_sql_query already registered for DAG: example_python_operator
[2023-04-07T18:23:34.806+0200] {logging_mixin.py:137} INFO - [2023-04-07T18:23:34.806+0200] {taskmixin.py:211} WARNING - Dependency <Task(_PythonDecoratedOperator): log_sql_query>, print_the_context already registered for DAG: example_python_operator
[2023-04-07T18:23:34.807+0200] {logging_mixin.py:137} INFO - [2023-04-07T18:23:34.807+0200] {taskmixin.py:211} WARNING - Dependency <Task(_PythonDecoratedOperator): print_the_context>, log_sql_query already registered for DAG: example_python_operator
[2023-04-07T18:23:34.807+0200] {logging_mixin.py:137} INFO - [2023-04-07T18:23:34.807+0200] {taskmixin.py:211} WARNING - Dependency <Task(_PythonDecoratedOperator): log_sql_query>, print_the_context already registered for DAG: example_python_operator
[2023-04-07T18:23:34.807+0200] {logging_mixin.py:137} INFO - [2023-04-07T18:23:34.807+0200] {example_python_operator.py:90} WARNING - The virtalenv_python example task requires virtualenv, please install it.
[2023-04-07T18:23:34.811+0200] {processor.py:753} INFO - DAG(s) dict_keys(['example_python_operator']) retrieved from /Users/oanottage/opt/anaconda3/envs/energyvenv/lib/python3.9/site-packages/airflow/example_dags/example_python_operator.py
[2023-04-07T18:23:35.484+0200] {logging_mixin.py:137} INFO - [2023-04-07T18:23:35.484+0200] {dag.py:2705} INFO - Sync 1 DAGs
[2023-04-07T18:23:35.495+0200] {logging_mixin.py:137} INFO - [2023-04-07T18:23:35.495+0200] {dag.py:3452} INFO - Setting next_dagrun for example_python_operator to None, run_after=None
[2023-04-07T18:23:35.511+0200] {processor.py:175} INFO - Processing /Users/oanottage/opt/anaconda3/envs/energyvenv/lib/python3.9/site-packages/airflow/example_dags/example_python_operator.py took 0.762 seconds
[2023-04-07T18:26:23.379+0200] {processor.py:153} INFO - Started process (PID=20382) to work on /Users/oanottage/opt/anaconda3/envs/energyvenv/lib/python3.9/site-packages/airflow/example_dags/example_python_operator.py
[2023-04-07T18:26:23.383+0200] {processor.py:743} INFO - Processing file /Users/oanottage/opt/anaconda3/envs/energyvenv/lib/python3.9/site-packages/airflow/example_dags/example_python_operator.py for tasks to queue
[2023-04-07T18:26:23.383+0200] {logging_mixin.py:137} INFO - [2023-04-07T18:26:23.383+0200] {dagbag.py:532} INFO - Filling up the DagBag from /Users/oanottage/opt/anaconda3/envs/energyvenv/lib/python3.9/site-packages/airflow/example_dags/example_python_operator.py
[2023-04-07T18:26:23.444+0200] {logging_mixin.py:137} INFO - [2023-04-07T18:26:23.444+0200] {taskmixin.py:211} WARNING - Dependency <Task(_PythonDecoratedOperator): print_the_context>, log_sql_query already registered for DAG: example_python_operator
[2023-04-07T18:26:23.444+0200] {logging_mixin.py:137} INFO - [2023-04-07T18:26:23.444+0200] {taskmixin.py:211} WARNING - Dependency <Task(_PythonDecoratedOperator): log_sql_query>, print_the_context already registered for DAG: example_python_operator
[2023-04-07T18:26:23.445+0200] {logging_mixin.py:137} INFO - [2023-04-07T18:26:23.445+0200] {taskmixin.py:211} WARNING - Dependency <Task(_PythonDecoratedOperator): print_the_context>, log_sql_query already registered for DAG: example_python_operator
[2023-04-07T18:26:23.445+0200] {logging_mixin.py:137} INFO - [2023-04-07T18:26:23.445+0200] {taskmixin.py:211} WARNING - Dependency <Task(_PythonDecoratedOperator): log_sql_query>, print_the_context already registered for DAG: example_python_operator
[2023-04-07T18:26:23.445+0200] {logging_mixin.py:137} INFO - [2023-04-07T18:26:23.445+0200] {taskmixin.py:211} WARNING - Dependency <Task(_PythonDecoratedOperator): print_the_context>, log_sql_query already registered for DAG: example_python_operator
[2023-04-07T18:26:23.446+0200] {logging_mixin.py:137} INFO - [2023-04-07T18:26:23.446+0200] {taskmixin.py:211} WARNING - Dependency <Task(_PythonDecoratedOperator): log_sql_query>, print_the_context already registered for DAG: example_python_operator
[2023-04-07T18:26:23.446+0200] {logging_mixin.py:137} INFO - [2023-04-07T18:26:23.446+0200] {taskmixin.py:211} WARNING - Dependency <Task(_PythonDecoratedOperator): print_the_context>, log_sql_query already registered for DAG: example_python_operator
[2023-04-07T18:26:23.446+0200] {logging_mixin.py:137} INFO - [2023-04-07T18:26:23.446+0200] {taskmixin.py:211} WARNING - Dependency <Task(_PythonDecoratedOperator): log_sql_query>, print_the_context already registered for DAG: example_python_operator
[2023-04-07T18:26:23.447+0200] {logging_mixin.py:137} INFO - [2023-04-07T18:26:23.447+0200] {example_python_operator.py:90} WARNING - The virtalenv_python example task requires virtualenv, please install it.
[2023-04-07T18:26:23.452+0200] {processor.py:753} INFO - DAG(s) dict_keys(['example_python_operator']) retrieved from /Users/oanottage/opt/anaconda3/envs/energyvenv/lib/python3.9/site-packages/airflow/example_dags/example_python_operator.py
[2023-04-07T18:26:24.153+0200] {logging_mixin.py:137} INFO - [2023-04-07T18:26:24.153+0200] {dag.py:2705} INFO - Sync 1 DAGs
[2023-04-07T18:26:24.170+0200] {logging_mixin.py:137} INFO - [2023-04-07T18:26:24.170+0200] {dag.py:3452} INFO - Setting next_dagrun for example_python_operator to None, run_after=None
[2023-04-07T18:26:24.188+0200] {processor.py:175} INFO - Processing /Users/oanottage/opt/anaconda3/envs/energyvenv/lib/python3.9/site-packages/airflow/example_dags/example_python_operator.py took 0.810 seconds
[2023-04-07T18:29:28.058+0200] {processor.py:153} INFO - Started process (PID=20625) to work on /Users/oanottage/opt/anaconda3/envs/energyvenv/lib/python3.9/site-packages/airflow/example_dags/example_python_operator.py
[2023-04-07T18:29:28.061+0200] {processor.py:743} INFO - Processing file /Users/oanottage/opt/anaconda3/envs/energyvenv/lib/python3.9/site-packages/airflow/example_dags/example_python_operator.py for tasks to queue
[2023-04-07T18:29:28.061+0200] {logging_mixin.py:137} INFO - [2023-04-07T18:29:28.061+0200] {dagbag.py:532} INFO - Filling up the DagBag from /Users/oanottage/opt/anaconda3/envs/energyvenv/lib/python3.9/site-packages/airflow/example_dags/example_python_operator.py
[2023-04-07T18:29:28.116+0200] {logging_mixin.py:137} INFO - [2023-04-07T18:29:28.116+0200] {taskmixin.py:211} WARNING - Dependency <Task(_PythonDecoratedOperator): print_the_context>, log_sql_query already registered for DAG: example_python_operator
[2023-04-07T18:29:28.116+0200] {logging_mixin.py:137} INFO - [2023-04-07T18:29:28.116+0200] {taskmixin.py:211} WARNING - Dependency <Task(_PythonDecoratedOperator): log_sql_query>, print_the_context already registered for DAG: example_python_operator
[2023-04-07T18:29:28.117+0200] {logging_mixin.py:137} INFO - [2023-04-07T18:29:28.117+0200] {taskmixin.py:211} WARNING - Dependency <Task(_PythonDecoratedOperator): print_the_context>, log_sql_query already registered for DAG: example_python_operator
[2023-04-07T18:29:28.117+0200] {logging_mixin.py:137} INFO - [2023-04-07T18:29:28.117+0200] {taskmixin.py:211} WARNING - Dependency <Task(_PythonDecoratedOperator): log_sql_query>, print_the_context already registered for DAG: example_python_operator
[2023-04-07T18:29:28.117+0200] {logging_mixin.py:137} INFO - [2023-04-07T18:29:28.117+0200] {taskmixin.py:211} WARNING - Dependency <Task(_PythonDecoratedOperator): print_the_context>, log_sql_query already registered for DAG: example_python_operator
[2023-04-07T18:29:28.118+0200] {logging_mixin.py:137} INFO - [2023-04-07T18:29:28.118+0200] {taskmixin.py:211} WARNING - Dependency <Task(_PythonDecoratedOperator): log_sql_query>, print_the_context already registered for DAG: example_python_operator
[2023-04-07T18:29:28.118+0200] {logging_mixin.py:137} INFO - [2023-04-07T18:29:28.118+0200] {taskmixin.py:211} WARNING - Dependency <Task(_PythonDecoratedOperator): print_the_context>, log_sql_query already registered for DAG: example_python_operator
[2023-04-07T18:29:28.118+0200] {logging_mixin.py:137} INFO - [2023-04-07T18:29:28.118+0200] {taskmixin.py:211} WARNING - Dependency <Task(_PythonDecoratedOperator): log_sql_query>, print_the_context already registered for DAG: example_python_operator
[2023-04-07T18:29:28.118+0200] {logging_mixin.py:137} INFO - [2023-04-07T18:29:28.118+0200] {example_python_operator.py:90} WARNING - The virtalenv_python example task requires virtualenv, please install it.
[2023-04-07T18:29:28.123+0200] {processor.py:753} INFO - DAG(s) dict_keys(['example_python_operator']) retrieved from /Users/oanottage/opt/anaconda3/envs/energyvenv/lib/python3.9/site-packages/airflow/example_dags/example_python_operator.py
[2023-04-07T18:29:28.833+0200] {logging_mixin.py:137} INFO - [2023-04-07T18:29:28.833+0200] {dag.py:2705} INFO - Sync 1 DAGs
[2023-04-07T18:29:28.846+0200] {logging_mixin.py:137} INFO - [2023-04-07T18:29:28.846+0200] {dag.py:3452} INFO - Setting next_dagrun for example_python_operator to None, run_after=None
[2023-04-07T18:29:28.860+0200] {processor.py:175} INFO - Processing /Users/oanottage/opt/anaconda3/envs/energyvenv/lib/python3.9/site-packages/airflow/example_dags/example_python_operator.py took 0.803 seconds
[2023-04-07T18:30:49.290+0200] {processor.py:153} INFO - Started process (PID=20797) to work on /Users/oanottage/opt/anaconda3/envs/energyvenv/lib/python3.9/site-packages/airflow/example_dags/example_python_operator.py
[2023-04-07T18:30:49.297+0200] {processor.py:743} INFO - Processing file /Users/oanottage/opt/anaconda3/envs/energyvenv/lib/python3.9/site-packages/airflow/example_dags/example_python_operator.py for tasks to queue
[2023-04-07T18:30:49.297+0200] {logging_mixin.py:137} INFO - [2023-04-07T18:30:49.297+0200] {dagbag.py:532} INFO - Filling up the DagBag from /Users/oanottage/opt/anaconda3/envs/energyvenv/lib/python3.9/site-packages/airflow/example_dags/example_python_operator.py
[2023-04-07T18:30:49.355+0200] {logging_mixin.py:137} INFO - [2023-04-07T18:30:49.355+0200] {taskmixin.py:211} WARNING - Dependency <Task(_PythonDecoratedOperator): print_the_context>, log_sql_query already registered for DAG: example_python_operator
[2023-04-07T18:30:49.355+0200] {logging_mixin.py:137} INFO - [2023-04-07T18:30:49.355+0200] {taskmixin.py:211} WARNING - Dependency <Task(_PythonDecoratedOperator): log_sql_query>, print_the_context already registered for DAG: example_python_operator
[2023-04-07T18:30:49.355+0200] {logging_mixin.py:137} INFO - [2023-04-07T18:30:49.355+0200] {taskmixin.py:211} WARNING - Dependency <Task(_PythonDecoratedOperator): print_the_context>, log_sql_query already registered for DAG: example_python_operator
[2023-04-07T18:30:49.356+0200] {logging_mixin.py:137} INFO - [2023-04-07T18:30:49.356+0200] {taskmixin.py:211} WARNING - Dependency <Task(_PythonDecoratedOperator): log_sql_query>, print_the_context already registered for DAG: example_python_operator
[2023-04-07T18:30:49.356+0200] {logging_mixin.py:137} INFO - [2023-04-07T18:30:49.356+0200] {taskmixin.py:211} WARNING - Dependency <Task(_PythonDecoratedOperator): print_the_context>, log_sql_query already registered for DAG: example_python_operator
[2023-04-07T18:30:49.356+0200] {logging_mixin.py:137} INFO - [2023-04-07T18:30:49.356+0200] {taskmixin.py:211} WARNING - Dependency <Task(_PythonDecoratedOperator): log_sql_query>, print_the_context already registered for DAG: example_python_operator
[2023-04-07T18:30:49.357+0200] {logging_mixin.py:137} INFO - [2023-04-07T18:30:49.357+0200] {taskmixin.py:211} WARNING - Dependency <Task(_PythonDecoratedOperator): print_the_context>, log_sql_query already registered for DAG: example_python_operator
[2023-04-07T18:30:49.357+0200] {logging_mixin.py:137} INFO - [2023-04-07T18:30:49.357+0200] {taskmixin.py:211} WARNING - Dependency <Task(_PythonDecoratedOperator): log_sql_query>, print_the_context already registered for DAG: example_python_operator
[2023-04-07T18:30:49.357+0200] {logging_mixin.py:137} INFO - [2023-04-07T18:30:49.357+0200] {example_python_operator.py:90} WARNING - The virtalenv_python example task requires virtualenv, please install it.
[2023-04-07T18:30:49.362+0200] {processor.py:753} INFO - DAG(s) dict_keys(['example_python_operator']) retrieved from /Users/oanottage/opt/anaconda3/envs/energyvenv/lib/python3.9/site-packages/airflow/example_dags/example_python_operator.py
[2023-04-07T18:30:50.055+0200] {logging_mixin.py:137} INFO - [2023-04-07T18:30:50.055+0200] {dag.py:2705} INFO - Sync 1 DAGs
[2023-04-07T18:30:50.067+0200] {logging_mixin.py:137} INFO - [2023-04-07T18:30:50.066+0200] {dag.py:3452} INFO - Setting next_dagrun for example_python_operator to None, run_after=None
[2023-04-07T18:30:50.079+0200] {processor.py:175} INFO - Processing /Users/oanottage/opt/anaconda3/envs/energyvenv/lib/python3.9/site-packages/airflow/example_dags/example_python_operator.py took 0.790 seconds
[2023-04-07T18:42:48.840+0200] {processor.py:153} INFO - Started process (PID=21443) to work on /Users/oanottage/opt/anaconda3/envs/energyvenv/lib/python3.9/site-packages/airflow/example_dags/example_python_operator.py
[2023-04-07T18:42:48.846+0200] {processor.py:743} INFO - Processing file /Users/oanottage/opt/anaconda3/envs/energyvenv/lib/python3.9/site-packages/airflow/example_dags/example_python_operator.py for tasks to queue
[2023-04-07T18:42:48.846+0200] {logging_mixin.py:137} INFO - [2023-04-07T18:42:48.846+0200] {dagbag.py:532} INFO - Filling up the DagBag from /Users/oanottage/opt/anaconda3/envs/energyvenv/lib/python3.9/site-packages/airflow/example_dags/example_python_operator.py
[2023-04-07T18:42:48.911+0200] {logging_mixin.py:137} INFO - [2023-04-07T18:42:48.910+0200] {taskmixin.py:211} WARNING - Dependency <Task(_PythonDecoratedOperator): print_the_context>, log_sql_query already registered for DAG: example_python_operator
[2023-04-07T18:42:48.911+0200] {logging_mixin.py:137} INFO - [2023-04-07T18:42:48.911+0200] {taskmixin.py:211} WARNING - Dependency <Task(_PythonDecoratedOperator): log_sql_query>, print_the_context already registered for DAG: example_python_operator
[2023-04-07T18:42:48.911+0200] {logging_mixin.py:137} INFO - [2023-04-07T18:42:48.911+0200] {taskmixin.py:211} WARNING - Dependency <Task(_PythonDecoratedOperator): print_the_context>, log_sql_query already registered for DAG: example_python_operator
[2023-04-07T18:42:48.912+0200] {logging_mixin.py:137} INFO - [2023-04-07T18:42:48.911+0200] {taskmixin.py:211} WARNING - Dependency <Task(_PythonDecoratedOperator): log_sql_query>, print_the_context already registered for DAG: example_python_operator
[2023-04-07T18:42:48.912+0200] {logging_mixin.py:137} INFO - [2023-04-07T18:42:48.912+0200] {taskmixin.py:211} WARNING - Dependency <Task(_PythonDecoratedOperator): print_the_context>, log_sql_query already registered for DAG: example_python_operator
[2023-04-07T18:42:48.912+0200] {logging_mixin.py:137} INFO - [2023-04-07T18:42:48.912+0200] {taskmixin.py:211} WARNING - Dependency <Task(_PythonDecoratedOperator): log_sql_query>, print_the_context already registered for DAG: example_python_operator
[2023-04-07T18:42:48.913+0200] {logging_mixin.py:137} INFO - [2023-04-07T18:42:48.913+0200] {taskmixin.py:211} WARNING - Dependency <Task(_PythonDecoratedOperator): print_the_context>, log_sql_query already registered for DAG: example_python_operator
[2023-04-07T18:42:48.913+0200] {logging_mixin.py:137} INFO - [2023-04-07T18:42:48.913+0200] {taskmixin.py:211} WARNING - Dependency <Task(_PythonDecoratedOperator): log_sql_query>, print_the_context already registered for DAG: example_python_operator
[2023-04-07T18:42:48.913+0200] {logging_mixin.py:137} INFO - [2023-04-07T18:42:48.913+0200] {example_python_operator.py:90} WARNING - The virtalenv_python example task requires virtualenv, please install it.
[2023-04-07T18:42:48.919+0200] {processor.py:753} INFO - DAG(s) dict_keys(['example_python_operator']) retrieved from /Users/oanottage/opt/anaconda3/envs/energyvenv/lib/python3.9/site-packages/airflow/example_dags/example_python_operator.py
[2023-04-07T18:42:49.586+0200] {logging_mixin.py:137} INFO - [2023-04-07T18:42:49.586+0200] {dag.py:2705} INFO - Sync 1 DAGs
[2023-04-07T18:42:49.599+0200] {logging_mixin.py:137} INFO - [2023-04-07T18:42:49.599+0200] {dag.py:3452} INFO - Setting next_dagrun for example_python_operator to None, run_after=None
[2023-04-07T18:42:49.615+0200] {processor.py:175} INFO - Processing /Users/oanottage/opt/anaconda3/envs/energyvenv/lib/python3.9/site-packages/airflow/example_dags/example_python_operator.py took 0.776 seconds
[2023-04-07T18:45:43.399+0200] {processor.py:153} INFO - Started process (PID=21658) to work on /Users/oanottage/opt/anaconda3/envs/energyvenv/lib/python3.9/site-packages/airflow/example_dags/example_python_operator.py
[2023-04-07T18:45:43.402+0200] {processor.py:743} INFO - Processing file /Users/oanottage/opt/anaconda3/envs/energyvenv/lib/python3.9/site-packages/airflow/example_dags/example_python_operator.py for tasks to queue
[2023-04-07T18:45:43.403+0200] {logging_mixin.py:137} INFO - [2023-04-07T18:45:43.403+0200] {dagbag.py:532} INFO - Filling up the DagBag from /Users/oanottage/opt/anaconda3/envs/energyvenv/lib/python3.9/site-packages/airflow/example_dags/example_python_operator.py
[2023-04-07T18:45:43.456+0200] {logging_mixin.py:137} INFO - [2023-04-07T18:45:43.456+0200] {taskmixin.py:211} WARNING - Dependency <Task(_PythonDecoratedOperator): print_the_context>, log_sql_query already registered for DAG: example_python_operator
[2023-04-07T18:45:43.457+0200] {logging_mixin.py:137} INFO - [2023-04-07T18:45:43.456+0200] {taskmixin.py:211} WARNING - Dependency <Task(_PythonDecoratedOperator): log_sql_query>, print_the_context already registered for DAG: example_python_operator
[2023-04-07T18:45:43.457+0200] {logging_mixin.py:137} INFO - [2023-04-07T18:45:43.457+0200] {taskmixin.py:211} WARNING - Dependency <Task(_PythonDecoratedOperator): print_the_context>, log_sql_query already registered for DAG: example_python_operator
[2023-04-07T18:45:43.457+0200] {logging_mixin.py:137} INFO - [2023-04-07T18:45:43.457+0200] {taskmixin.py:211} WARNING - Dependency <Task(_PythonDecoratedOperator): log_sql_query>, print_the_context already registered for DAG: example_python_operator
[2023-04-07T18:45:43.458+0200] {logging_mixin.py:137} INFO - [2023-04-07T18:45:43.457+0200] {taskmixin.py:211} WARNING - Dependency <Task(_PythonDecoratedOperator): print_the_context>, log_sql_query already registered for DAG: example_python_operator
[2023-04-07T18:45:43.458+0200] {logging_mixin.py:137} INFO - [2023-04-07T18:45:43.458+0200] {taskmixin.py:211} WARNING - Dependency <Task(_PythonDecoratedOperator): log_sql_query>, print_the_context already registered for DAG: example_python_operator
[2023-04-07T18:45:43.458+0200] {logging_mixin.py:137} INFO - [2023-04-07T18:45:43.458+0200] {taskmixin.py:211} WARNING - Dependency <Task(_PythonDecoratedOperator): print_the_context>, log_sql_query already registered for DAG: example_python_operator
[2023-04-07T18:45:43.458+0200] {logging_mixin.py:137} INFO - [2023-04-07T18:45:43.458+0200] {taskmixin.py:211} WARNING - Dependency <Task(_PythonDecoratedOperator): log_sql_query>, print_the_context already registered for DAG: example_python_operator
[2023-04-07T18:45:43.458+0200] {logging_mixin.py:137} INFO - [2023-04-07T18:45:43.458+0200] {example_python_operator.py:90} WARNING - The virtalenv_python example task requires virtualenv, please install it.
[2023-04-07T18:45:43.463+0200] {processor.py:753} INFO - DAG(s) dict_keys(['example_python_operator']) retrieved from /Users/oanottage/opt/anaconda3/envs/energyvenv/lib/python3.9/site-packages/airflow/example_dags/example_python_operator.py
[2023-04-07T18:45:44.086+0200] {logging_mixin.py:137} INFO - [2023-04-07T18:45:44.086+0200] {dag.py:2705} INFO - Sync 1 DAGs
[2023-04-07T18:45:44.097+0200] {logging_mixin.py:137} INFO - [2023-04-07T18:45:44.097+0200] {dag.py:3452} INFO - Setting next_dagrun for example_python_operator to None, run_after=None
[2023-04-07T18:45:44.111+0200] {processor.py:175} INFO - Processing /Users/oanottage/opt/anaconda3/envs/energyvenv/lib/python3.9/site-packages/airflow/example_dags/example_python_operator.py took 0.712 seconds
