[2023-04-07T17:54:31.817+0200] {processor.py:153} INFO - Started process (PID=17814) to work on /Users/oanottage/opt/anaconda3/envs/energyvenv/lib/python3.9/site-packages/airflow/example_dags/example_task_group_decorator.py
[2023-04-07T17:54:31.820+0200] {processor.py:743} INFO - Processing file /Users/oanottage/opt/anaconda3/envs/energyvenv/lib/python3.9/site-packages/airflow/example_dags/example_task_group_decorator.py for tasks to queue
[2023-04-07T17:54:31.821+0200] {logging_mixin.py:137} INFO - [2023-04-07T17:54:31.821+0200] {dagbag.py:532} INFO - Filling up the DagBag from /Users/oanottage/opt/anaconda3/envs/energyvenv/lib/python3.9/site-packages/airflow/example_dags/example_task_group_decorator.py
[2023-04-07T17:54:31.887+0200] {processor.py:753} INFO - DAG(s) dict_keys(['example_task_group_decorator']) retrieved from /Users/oanottage/opt/anaconda3/envs/energyvenv/lib/python3.9/site-packages/airflow/example_dags/example_task_group_decorator.py
[2023-04-07T17:54:32.601+0200] {logging_mixin.py:137} INFO - [2023-04-07T17:54:32.601+0200] {dag.py:2705} INFO - Sync 1 DAGs
[2023-04-07T17:54:32.612+0200] {logging_mixin.py:137} INFO - [2023-04-07T17:54:32.612+0200] {dag.py:3452} INFO - Setting next_dagrun for example_task_group_decorator to 2023-04-06T15:54:32.612311+00:00, run_after=2023-04-07T15:54:32.612311+00:00
[2023-04-07T17:54:32.628+0200] {processor.py:175} INFO - Processing /Users/oanottage/opt/anaconda3/envs/energyvenv/lib/python3.9/site-packages/airflow/example_dags/example_task_group_decorator.py took 0.812 seconds
[2023-04-07T17:56:41.078+0200] {processor.py:153} INFO - Started process (PID=18029) to work on /Users/oanottage/opt/anaconda3/envs/energyvenv/lib/python3.9/site-packages/airflow/example_dags/example_task_group_decorator.py
[2023-04-07T17:56:41.082+0200] {processor.py:743} INFO - Processing file /Users/oanottage/opt/anaconda3/envs/energyvenv/lib/python3.9/site-packages/airflow/example_dags/example_task_group_decorator.py for tasks to queue
[2023-04-07T17:56:41.083+0200] {logging_mixin.py:137} INFO - [2023-04-07T17:56:41.083+0200] {dagbag.py:532} INFO - Filling up the DagBag from /Users/oanottage/opt/anaconda3/envs/energyvenv/lib/python3.9/site-packages/airflow/example_dags/example_task_group_decorator.py
[2023-04-07T17:56:41.154+0200] {processor.py:753} INFO - DAG(s) dict_keys(['example_task_group_decorator']) retrieved from /Users/oanottage/opt/anaconda3/envs/energyvenv/lib/python3.9/site-packages/airflow/example_dags/example_task_group_decorator.py
[2023-04-07T17:56:41.852+0200] {logging_mixin.py:137} INFO - [2023-04-07T17:56:41.852+0200] {dag.py:2705} INFO - Sync 1 DAGs
[2023-04-07T17:56:41.866+0200] {logging_mixin.py:137} INFO - [2023-04-07T17:56:41.866+0200] {dag.py:3452} INFO - Setting next_dagrun for example_task_group_decorator to 2023-04-06T15:56:41.866296+00:00, run_after=2023-04-07T15:56:41.866296+00:00
[2023-04-07T17:56:41.880+0200] {processor.py:175} INFO - Processing /Users/oanottage/opt/anaconda3/envs/energyvenv/lib/python3.9/site-packages/airflow/example_dags/example_task_group_decorator.py took 0.803 seconds
[2023-04-07T17:58:17.405+0200] {processor.py:153} INFO - Started process (PID=18132) to work on /Users/oanottage/opt/anaconda3/envs/energyvenv/lib/python3.9/site-packages/airflow/example_dags/example_task_group_decorator.py
[2023-04-07T17:58:17.408+0200] {processor.py:743} INFO - Processing file /Users/oanottage/opt/anaconda3/envs/energyvenv/lib/python3.9/site-packages/airflow/example_dags/example_task_group_decorator.py for tasks to queue
[2023-04-07T17:58:17.408+0200] {logging_mixin.py:137} INFO - [2023-04-07T17:58:17.408+0200] {dagbag.py:532} INFO - Filling up the DagBag from /Users/oanottage/opt/anaconda3/envs/energyvenv/lib/python3.9/site-packages/airflow/example_dags/example_task_group_decorator.py
[2023-04-07T17:58:17.463+0200] {processor.py:753} INFO - DAG(s) dict_keys(['example_task_group_decorator']) retrieved from /Users/oanottage/opt/anaconda3/envs/energyvenv/lib/python3.9/site-packages/airflow/example_dags/example_task_group_decorator.py
[2023-04-07T17:58:18.113+0200] {logging_mixin.py:137} INFO - [2023-04-07T17:58:18.112+0200] {dag.py:2705} INFO - Sync 1 DAGs
[2023-04-07T17:58:18.125+0200] {logging_mixin.py:137} INFO - [2023-04-07T17:58:18.125+0200] {dag.py:3452} INFO - Setting next_dagrun for example_task_group_decorator to 2023-04-06T15:58:18.124973+00:00, run_after=2023-04-07T15:58:18.124973+00:00
[2023-04-07T17:58:18.137+0200] {processor.py:175} INFO - Processing /Users/oanottage/opt/anaconda3/envs/energyvenv/lib/python3.9/site-packages/airflow/example_dags/example_task_group_decorator.py took 0.733 seconds
[2023-04-07T17:59:37.476+0200] {processor.py:153} INFO - Started process (PID=18229) to work on /Users/oanottage/opt/anaconda3/envs/energyvenv/lib/python3.9/site-packages/airflow/example_dags/example_task_group_decorator.py
[2023-04-07T17:59:37.480+0200] {processor.py:743} INFO - Processing file /Users/oanottage/opt/anaconda3/envs/energyvenv/lib/python3.9/site-packages/airflow/example_dags/example_task_group_decorator.py for tasks to queue
[2023-04-07T17:59:37.480+0200] {logging_mixin.py:137} INFO - [2023-04-07T17:59:37.480+0200] {dagbag.py:532} INFO - Filling up the DagBag from /Users/oanottage/opt/anaconda3/envs/energyvenv/lib/python3.9/site-packages/airflow/example_dags/example_task_group_decorator.py
[2023-04-07T17:59:37.544+0200] {processor.py:753} INFO - DAG(s) dict_keys(['example_task_group_decorator']) retrieved from /Users/oanottage/opt/anaconda3/envs/energyvenv/lib/python3.9/site-packages/airflow/example_dags/example_task_group_decorator.py
[2023-04-07T17:59:38.198+0200] {logging_mixin.py:137} INFO - [2023-04-07T17:59:38.198+0200] {dag.py:2705} INFO - Sync 1 DAGs
[2023-04-07T17:59:38.210+0200] {logging_mixin.py:137} INFO - [2023-04-07T17:59:38.210+0200] {dag.py:3452} INFO - Setting next_dagrun for example_task_group_decorator to 2023-04-06T15:59:38.210724+00:00, run_after=2023-04-07T15:59:38.210724+00:00
[2023-04-07T17:59:38.222+0200] {processor.py:175} INFO - Processing /Users/oanottage/opt/anaconda3/envs/energyvenv/lib/python3.9/site-packages/airflow/example_dags/example_task_group_decorator.py took 0.746 seconds
[2023-04-07T18:00:57.250+0200] {processor.py:153} INFO - Started process (PID=18330) to work on /Users/oanottage/opt/anaconda3/envs/energyvenv/lib/python3.9/site-packages/airflow/example_dags/example_task_group_decorator.py
[2023-04-07T18:00:57.253+0200] {processor.py:743} INFO - Processing file /Users/oanottage/opt/anaconda3/envs/energyvenv/lib/python3.9/site-packages/airflow/example_dags/example_task_group_decorator.py for tasks to queue
[2023-04-07T18:00:57.254+0200] {logging_mixin.py:137} INFO - [2023-04-07T18:00:57.253+0200] {dagbag.py:532} INFO - Filling up the DagBag from /Users/oanottage/opt/anaconda3/envs/energyvenv/lib/python3.9/site-packages/airflow/example_dags/example_task_group_decorator.py
[2023-04-07T18:00:57.312+0200] {processor.py:753} INFO - DAG(s) dict_keys(['example_task_group_decorator']) retrieved from /Users/oanottage/opt/anaconda3/envs/energyvenv/lib/python3.9/site-packages/airflow/example_dags/example_task_group_decorator.py
[2023-04-07T18:00:57.939+0200] {logging_mixin.py:137} INFO - [2023-04-07T18:00:57.939+0200] {dag.py:2705} INFO - Sync 1 DAGs
[2023-04-07T18:00:57.951+0200] {logging_mixin.py:137} INFO - [2023-04-07T18:00:57.950+0200] {dag.py:3452} INFO - Setting next_dagrun for example_task_group_decorator to 2023-04-06T16:00:57.950684+00:00, run_after=2023-04-07T16:00:57.950684+00:00
[2023-04-07T18:00:57.964+0200] {processor.py:175} INFO - Processing /Users/oanottage/opt/anaconda3/envs/energyvenv/lib/python3.9/site-packages/airflow/example_dags/example_task_group_decorator.py took 0.715 seconds
[2023-04-07T18:02:19.457+0200] {processor.py:153} INFO - Started process (PID=18423) to work on /Users/oanottage/opt/anaconda3/envs/energyvenv/lib/python3.9/site-packages/airflow/example_dags/example_task_group_decorator.py
[2023-04-07T18:02:19.460+0200] {processor.py:743} INFO - Processing file /Users/oanottage/opt/anaconda3/envs/energyvenv/lib/python3.9/site-packages/airflow/example_dags/example_task_group_decorator.py for tasks to queue
[2023-04-07T18:02:19.461+0200] {logging_mixin.py:137} INFO - [2023-04-07T18:02:19.461+0200] {dagbag.py:532} INFO - Filling up the DagBag from /Users/oanottage/opt/anaconda3/envs/energyvenv/lib/python3.9/site-packages/airflow/example_dags/example_task_group_decorator.py
[2023-04-07T18:02:19.517+0200] {processor.py:753} INFO - DAG(s) dict_keys(['example_task_group_decorator']) retrieved from /Users/oanottage/opt/anaconda3/envs/energyvenv/lib/python3.9/site-packages/airflow/example_dags/example_task_group_decorator.py
[2023-04-07T18:02:20.183+0200] {logging_mixin.py:137} INFO - [2023-04-07T18:02:20.182+0200] {dag.py:2705} INFO - Sync 1 DAGs
[2023-04-07T18:02:20.196+0200] {logging_mixin.py:137} INFO - [2023-04-07T18:02:20.196+0200] {dag.py:3452} INFO - Setting next_dagrun for example_task_group_decorator to 2023-04-06T16:02:20.196228+00:00, run_after=2023-04-07T16:02:20.196228+00:00
[2023-04-07T18:02:20.210+0200] {processor.py:175} INFO - Processing /Users/oanottage/opt/anaconda3/envs/energyvenv/lib/python3.9/site-packages/airflow/example_dags/example_task_group_decorator.py took 0.753 seconds
[2023-04-07T18:04:43.619+0200] {processor.py:153} INFO - Started process (PID=18611) to work on /Users/oanottage/opt/anaconda3/envs/energyvenv/lib/python3.9/site-packages/airflow/example_dags/example_task_group_decorator.py
[2023-04-07T18:04:43.622+0200] {processor.py:743} INFO - Processing file /Users/oanottage/opt/anaconda3/envs/energyvenv/lib/python3.9/site-packages/airflow/example_dags/example_task_group_decorator.py for tasks to queue
[2023-04-07T18:04:43.623+0200] {logging_mixin.py:137} INFO - [2023-04-07T18:04:43.623+0200] {dagbag.py:532} INFO - Filling up the DagBag from /Users/oanottage/opt/anaconda3/envs/energyvenv/lib/python3.9/site-packages/airflow/example_dags/example_task_group_decorator.py
[2023-04-07T18:04:43.708+0200] {processor.py:753} INFO - DAG(s) dict_keys(['example_task_group_decorator']) retrieved from /Users/oanottage/opt/anaconda3/envs/energyvenv/lib/python3.9/site-packages/airflow/example_dags/example_task_group_decorator.py
[2023-04-07T18:04:44.376+0200] {logging_mixin.py:137} INFO - [2023-04-07T18:04:44.376+0200] {dag.py:2705} INFO - Sync 1 DAGs
[2023-04-07T18:04:44.387+0200] {logging_mixin.py:137} INFO - [2023-04-07T18:04:44.387+0200] {dag.py:3452} INFO - Setting next_dagrun for example_task_group_decorator to 2023-04-06T16:04:44.387465+00:00, run_after=2023-04-07T16:04:44.387465+00:00
[2023-04-07T18:04:44.399+0200] {processor.py:175} INFO - Processing /Users/oanottage/opt/anaconda3/envs/energyvenv/lib/python3.9/site-packages/airflow/example_dags/example_task_group_decorator.py took 0.781 seconds
[2023-04-07T18:06:37.432+0200] {processor.py:153} INFO - Started process (PID=18755) to work on /Users/oanottage/opt/anaconda3/envs/energyvenv/lib/python3.9/site-packages/airflow/example_dags/example_task_group_decorator.py
[2023-04-07T18:06:37.436+0200] {processor.py:743} INFO - Processing file /Users/oanottage/opt/anaconda3/envs/energyvenv/lib/python3.9/site-packages/airflow/example_dags/example_task_group_decorator.py for tasks to queue
[2023-04-07T18:06:37.436+0200] {logging_mixin.py:137} INFO - [2023-04-07T18:06:37.436+0200] {dagbag.py:532} INFO - Filling up the DagBag from /Users/oanottage/opt/anaconda3/envs/energyvenv/lib/python3.9/site-packages/airflow/example_dags/example_task_group_decorator.py
[2023-04-07T18:06:37.500+0200] {processor.py:753} INFO - DAG(s) dict_keys(['example_task_group_decorator']) retrieved from /Users/oanottage/opt/anaconda3/envs/energyvenv/lib/python3.9/site-packages/airflow/example_dags/example_task_group_decorator.py
[2023-04-07T18:06:38.295+0200] {logging_mixin.py:137} INFO - [2023-04-07T18:06:38.294+0200] {dag.py:2705} INFO - Sync 1 DAGs
[2023-04-07T18:06:38.310+0200] {logging_mixin.py:137} INFO - [2023-04-07T18:06:38.310+0200] {dag.py:3452} INFO - Setting next_dagrun for example_task_group_decorator to 2023-04-06T16:06:38.309986+00:00, run_after=2023-04-07T16:06:38.309986+00:00
[2023-04-07T18:06:38.325+0200] {processor.py:175} INFO - Processing /Users/oanottage/opt/anaconda3/envs/energyvenv/lib/python3.9/site-packages/airflow/example_dags/example_task_group_decorator.py took 0.894 seconds
[2023-04-07T18:08:13.548+0200] {processor.py:153} INFO - Started process (PID=18902) to work on /Users/oanottage/opt/anaconda3/envs/energyvenv/lib/python3.9/site-packages/airflow/example_dags/example_task_group_decorator.py
[2023-04-07T18:08:13.551+0200] {processor.py:743} INFO - Processing file /Users/oanottage/opt/anaconda3/envs/energyvenv/lib/python3.9/site-packages/airflow/example_dags/example_task_group_decorator.py for tasks to queue
[2023-04-07T18:08:13.551+0200] {logging_mixin.py:137} INFO - [2023-04-07T18:08:13.551+0200] {dagbag.py:532} INFO - Filling up the DagBag from /Users/oanottage/opt/anaconda3/envs/energyvenv/lib/python3.9/site-packages/airflow/example_dags/example_task_group_decorator.py
[2023-04-07T18:08:13.610+0200] {processor.py:753} INFO - DAG(s) dict_keys(['example_task_group_decorator']) retrieved from /Users/oanottage/opt/anaconda3/envs/energyvenv/lib/python3.9/site-packages/airflow/example_dags/example_task_group_decorator.py
[2023-04-07T18:08:14.357+0200] {logging_mixin.py:137} INFO - [2023-04-07T18:08:14.357+0200] {dag.py:2705} INFO - Sync 1 DAGs
[2023-04-07T18:08:14.371+0200] {logging_mixin.py:137} INFO - [2023-04-07T18:08:14.371+0200] {dag.py:3452} INFO - Setting next_dagrun for example_task_group_decorator to 2023-04-06T16:08:14.371449+00:00, run_after=2023-04-07T16:08:14.371449+00:00
[2023-04-07T18:08:14.385+0200] {processor.py:175} INFO - Processing /Users/oanottage/opt/anaconda3/envs/energyvenv/lib/python3.9/site-packages/airflow/example_dags/example_task_group_decorator.py took 0.838 seconds
[2023-04-07T18:10:02.202+0200] {processor.py:153} INFO - Started process (PID=19103) to work on /Users/oanottage/opt/anaconda3/envs/energyvenv/lib/python3.9/site-packages/airflow/example_dags/example_task_group_decorator.py
[2023-04-07T18:10:02.205+0200] {processor.py:743} INFO - Processing file /Users/oanottage/opt/anaconda3/envs/energyvenv/lib/python3.9/site-packages/airflow/example_dags/example_task_group_decorator.py for tasks to queue
[2023-04-07T18:10:02.206+0200] {logging_mixin.py:137} INFO - [2023-04-07T18:10:02.206+0200] {dagbag.py:532} INFO - Filling up the DagBag from /Users/oanottage/opt/anaconda3/envs/energyvenv/lib/python3.9/site-packages/airflow/example_dags/example_task_group_decorator.py
[2023-04-07T18:10:02.261+0200] {processor.py:753} INFO - DAG(s) dict_keys(['example_task_group_decorator']) retrieved from /Users/oanottage/opt/anaconda3/envs/energyvenv/lib/python3.9/site-packages/airflow/example_dags/example_task_group_decorator.py
[2023-04-07T18:10:02.904+0200] {logging_mixin.py:137} INFO - [2023-04-07T18:10:02.904+0200] {dag.py:2705} INFO - Sync 1 DAGs
[2023-04-07T18:10:02.915+0200] {logging_mixin.py:137} INFO - [2023-04-07T18:10:02.915+0200] {dag.py:3452} INFO - Setting next_dagrun for example_task_group_decorator to 2023-04-06T16:10:02.915603+00:00, run_after=2023-04-07T16:10:02.915603+00:00
[2023-04-07T18:10:02.927+0200] {processor.py:175} INFO - Processing /Users/oanottage/opt/anaconda3/envs/energyvenv/lib/python3.9/site-packages/airflow/example_dags/example_task_group_decorator.py took 0.726 seconds
[2023-04-07T18:11:24.871+0200] {processor.py:153} INFO - Started process (PID=19213) to work on /Users/oanottage/opt/anaconda3/envs/energyvenv/lib/python3.9/site-packages/airflow/example_dags/example_task_group_decorator.py
[2023-04-07T18:11:24.875+0200] {processor.py:743} INFO - Processing file /Users/oanottage/opt/anaconda3/envs/energyvenv/lib/python3.9/site-packages/airflow/example_dags/example_task_group_decorator.py for tasks to queue
[2023-04-07T18:11:24.875+0200] {logging_mixin.py:137} INFO - [2023-04-07T18:11:24.875+0200] {dagbag.py:532} INFO - Filling up the DagBag from /Users/oanottage/opt/anaconda3/envs/energyvenv/lib/python3.9/site-packages/airflow/example_dags/example_task_group_decorator.py
[2023-04-07T18:11:24.938+0200] {processor.py:753} INFO - DAG(s) dict_keys(['example_task_group_decorator']) retrieved from /Users/oanottage/opt/anaconda3/envs/energyvenv/lib/python3.9/site-packages/airflow/example_dags/example_task_group_decorator.py
[2023-04-07T18:11:25.570+0200] {logging_mixin.py:137} INFO - [2023-04-07T18:11:25.570+0200] {dag.py:2705} INFO - Sync 1 DAGs
[2023-04-07T18:11:25.581+0200] {logging_mixin.py:137} INFO - [2023-04-07T18:11:25.581+0200] {dag.py:3452} INFO - Setting next_dagrun for example_task_group_decorator to 2023-04-06T16:11:25.581125+00:00, run_after=2023-04-07T16:11:25.581125+00:00
[2023-04-07T18:11:25.594+0200] {processor.py:175} INFO - Processing /Users/oanottage/opt/anaconda3/envs/energyvenv/lib/python3.9/site-packages/airflow/example_dags/example_task_group_decorator.py took 0.723 seconds
[2023-04-07T18:13:23.667+0200] {processor.py:153} INFO - Started process (PID=19382) to work on /Users/oanottage/opt/anaconda3/envs/energyvenv/lib/python3.9/site-packages/airflow/example_dags/example_task_group_decorator.py
[2023-04-07T18:13:23.670+0200] {processor.py:743} INFO - Processing file /Users/oanottage/opt/anaconda3/envs/energyvenv/lib/python3.9/site-packages/airflow/example_dags/example_task_group_decorator.py for tasks to queue
[2023-04-07T18:13:23.671+0200] {logging_mixin.py:137} INFO - [2023-04-07T18:13:23.671+0200] {dagbag.py:532} INFO - Filling up the DagBag from /Users/oanottage/opt/anaconda3/envs/energyvenv/lib/python3.9/site-packages/airflow/example_dags/example_task_group_decorator.py
[2023-04-07T18:13:23.751+0200] {processor.py:753} INFO - DAG(s) dict_keys(['example_task_group_decorator']) retrieved from /Users/oanottage/opt/anaconda3/envs/energyvenv/lib/python3.9/site-packages/airflow/example_dags/example_task_group_decorator.py
[2023-04-07T18:13:24.466+0200] {logging_mixin.py:137} INFO - [2023-04-07T18:13:24.466+0200] {dag.py:2705} INFO - Sync 1 DAGs
[2023-04-07T18:13:24.477+0200] {logging_mixin.py:137} INFO - [2023-04-07T18:13:24.477+0200] {dag.py:3452} INFO - Setting next_dagrun for example_task_group_decorator to 2023-04-06T16:13:24.477801+00:00, run_after=2023-04-07T16:13:24.477801+00:00
[2023-04-07T18:13:24.490+0200] {processor.py:175} INFO - Processing /Users/oanottage/opt/anaconda3/envs/energyvenv/lib/python3.9/site-packages/airflow/example_dags/example_task_group_decorator.py took 0.824 seconds
[2023-04-07T18:15:55.035+0200] {processor.py:153} INFO - Started process (PID=19579) to work on /Users/oanottage/opt/anaconda3/envs/energyvenv/lib/python3.9/site-packages/airflow/example_dags/example_task_group_decorator.py
[2023-04-07T18:15:55.038+0200] {processor.py:743} INFO - Processing file /Users/oanottage/opt/anaconda3/envs/energyvenv/lib/python3.9/site-packages/airflow/example_dags/example_task_group_decorator.py for tasks to queue
[2023-04-07T18:15:55.039+0200] {logging_mixin.py:137} INFO - [2023-04-07T18:15:55.039+0200] {dagbag.py:532} INFO - Filling up the DagBag from /Users/oanottage/opt/anaconda3/envs/energyvenv/lib/python3.9/site-packages/airflow/example_dags/example_task_group_decorator.py
[2023-04-07T18:15:55.115+0200] {processor.py:753} INFO - DAG(s) dict_keys(['example_task_group_decorator']) retrieved from /Users/oanottage/opt/anaconda3/envs/energyvenv/lib/python3.9/site-packages/airflow/example_dags/example_task_group_decorator.py
[2023-04-07T18:15:55.874+0200] {logging_mixin.py:137} INFO - [2023-04-07T18:15:55.874+0200] {dag.py:2705} INFO - Sync 1 DAGs
[2023-04-07T18:15:55.885+0200] {logging_mixin.py:137} INFO - [2023-04-07T18:15:55.885+0200] {dag.py:3452} INFO - Setting next_dagrun for example_task_group_decorator to 2023-04-06T16:15:55.885347+00:00, run_after=2023-04-07T16:15:55.885347+00:00
[2023-04-07T18:15:55.899+0200] {processor.py:175} INFO - Processing /Users/oanottage/opt/anaconda3/envs/energyvenv/lib/python3.9/site-packages/airflow/example_dags/example_task_group_decorator.py took 0.865 seconds
[2023-04-07T18:17:46.321+0200] {processor.py:153} INFO - Started process (PID=19716) to work on /Users/oanottage/opt/anaconda3/envs/energyvenv/lib/python3.9/site-packages/airflow/example_dags/example_task_group_decorator.py
[2023-04-07T18:17:46.325+0200] {processor.py:743} INFO - Processing file /Users/oanottage/opt/anaconda3/envs/energyvenv/lib/python3.9/site-packages/airflow/example_dags/example_task_group_decorator.py for tasks to queue
[2023-04-07T18:17:46.326+0200] {logging_mixin.py:137} INFO - [2023-04-07T18:17:46.326+0200] {dagbag.py:532} INFO - Filling up the DagBag from /Users/oanottage/opt/anaconda3/envs/energyvenv/lib/python3.9/site-packages/airflow/example_dags/example_task_group_decorator.py
[2023-04-07T18:17:46.392+0200] {processor.py:753} INFO - DAG(s) dict_keys(['example_task_group_decorator']) retrieved from /Users/oanottage/opt/anaconda3/envs/energyvenv/lib/python3.9/site-packages/airflow/example_dags/example_task_group_decorator.py
[2023-04-07T18:17:47.063+0200] {logging_mixin.py:137} INFO - [2023-04-07T18:17:47.063+0200] {dag.py:2705} INFO - Sync 1 DAGs
[2023-04-07T18:17:47.078+0200] {logging_mixin.py:137} INFO - [2023-04-07T18:17:47.078+0200] {dag.py:3452} INFO - Setting next_dagrun for example_task_group_decorator to 2023-04-06T16:17:47.078387+00:00, run_after=2023-04-07T16:17:47.078387+00:00
[2023-04-07T18:17:47.094+0200] {processor.py:175} INFO - Processing /Users/oanottage/opt/anaconda3/envs/energyvenv/lib/python3.9/site-packages/airflow/example_dags/example_task_group_decorator.py took 0.773 seconds
[2023-04-07T18:19:07.735+0200] {processor.py:153} INFO - Started process (PID=19815) to work on /Users/oanottage/opt/anaconda3/envs/energyvenv/lib/python3.9/site-packages/airflow/example_dags/example_task_group_decorator.py
[2023-04-07T18:19:07.740+0200] {processor.py:743} INFO - Processing file /Users/oanottage/opt/anaconda3/envs/energyvenv/lib/python3.9/site-packages/airflow/example_dags/example_task_group_decorator.py for tasks to queue
[2023-04-07T18:19:07.741+0200] {logging_mixin.py:137} INFO - [2023-04-07T18:19:07.741+0200] {dagbag.py:532} INFO - Filling up the DagBag from /Users/oanottage/opt/anaconda3/envs/energyvenv/lib/python3.9/site-packages/airflow/example_dags/example_task_group_decorator.py
[2023-04-07T18:19:07.819+0200] {processor.py:753} INFO - DAG(s) dict_keys(['example_task_group_decorator']) retrieved from /Users/oanottage/opt/anaconda3/envs/energyvenv/lib/python3.9/site-packages/airflow/example_dags/example_task_group_decorator.py
[2023-04-07T18:19:08.529+0200] {logging_mixin.py:137} INFO - [2023-04-07T18:19:08.529+0200] {dag.py:2705} INFO - Sync 1 DAGs
[2023-04-07T18:19:08.543+0200] {logging_mixin.py:137} INFO - [2023-04-07T18:19:08.543+0200] {dag.py:3452} INFO - Setting next_dagrun for example_task_group_decorator to 2023-04-06T16:19:08.543584+00:00, run_after=2023-04-07T16:19:08.543584+00:00
[2023-04-07T18:19:08.558+0200] {processor.py:175} INFO - Processing /Users/oanottage/opt/anaconda3/envs/energyvenv/lib/python3.9/site-packages/airflow/example_dags/example_task_group_decorator.py took 0.824 seconds
[2023-04-07T18:20:30.824+0200] {processor.py:153} INFO - Started process (PID=19977) to work on /Users/oanottage/opt/anaconda3/envs/energyvenv/lib/python3.9/site-packages/airflow/example_dags/example_task_group_decorator.py
[2023-04-07T18:20:30.828+0200] {processor.py:743} INFO - Processing file /Users/oanottage/opt/anaconda3/envs/energyvenv/lib/python3.9/site-packages/airflow/example_dags/example_task_group_decorator.py for tasks to queue
[2023-04-07T18:20:30.828+0200] {logging_mixin.py:137} INFO - [2023-04-07T18:20:30.828+0200] {dagbag.py:532} INFO - Filling up the DagBag from /Users/oanottage/opt/anaconda3/envs/energyvenv/lib/python3.9/site-packages/airflow/example_dags/example_task_group_decorator.py
[2023-04-07T18:20:30.899+0200] {processor.py:753} INFO - DAG(s) dict_keys(['example_task_group_decorator']) retrieved from /Users/oanottage/opt/anaconda3/envs/energyvenv/lib/python3.9/site-packages/airflow/example_dags/example_task_group_decorator.py
[2023-04-07T18:20:31.595+0200] {logging_mixin.py:137} INFO - [2023-04-07T18:20:31.595+0200] {dag.py:2705} INFO - Sync 1 DAGs
[2023-04-07T18:20:31.608+0200] {logging_mixin.py:137} INFO - [2023-04-07T18:20:31.608+0200] {dag.py:3452} INFO - Setting next_dagrun for example_task_group_decorator to 2023-04-06T16:20:31.608554+00:00, run_after=2023-04-07T16:20:31.608554+00:00
[2023-04-07T18:20:31.622+0200] {processor.py:175} INFO - Processing /Users/oanottage/opt/anaconda3/envs/energyvenv/lib/python3.9/site-packages/airflow/example_dags/example_task_group_decorator.py took 0.798 seconds
[2023-04-07T18:21:51.406+0200] {processor.py:153} INFO - Started process (PID=20068) to work on /Users/oanottage/opt/anaconda3/envs/energyvenv/lib/python3.9/site-packages/airflow/example_dags/example_task_group_decorator.py
[2023-04-07T18:21:51.409+0200] {processor.py:743} INFO - Processing file /Users/oanottage/opt/anaconda3/envs/energyvenv/lib/python3.9/site-packages/airflow/example_dags/example_task_group_decorator.py for tasks to queue
[2023-04-07T18:21:51.410+0200] {logging_mixin.py:137} INFO - [2023-04-07T18:21:51.409+0200] {dagbag.py:532} INFO - Filling up the DagBag from /Users/oanottage/opt/anaconda3/envs/energyvenv/lib/python3.9/site-packages/airflow/example_dags/example_task_group_decorator.py
[2023-04-07T18:21:51.466+0200] {processor.py:753} INFO - DAG(s) dict_keys(['example_task_group_decorator']) retrieved from /Users/oanottage/opt/anaconda3/envs/energyvenv/lib/python3.9/site-packages/airflow/example_dags/example_task_group_decorator.py
[2023-04-07T18:21:52.092+0200] {logging_mixin.py:137} INFO - [2023-04-07T18:21:52.092+0200] {dag.py:2705} INFO - Sync 1 DAGs
[2023-04-07T18:21:52.103+0200] {logging_mixin.py:137} INFO - [2023-04-07T18:21:52.103+0200] {dag.py:3452} INFO - Setting next_dagrun for example_task_group_decorator to 2023-04-06T16:21:52.103802+00:00, run_after=2023-04-07T16:21:52.103802+00:00
[2023-04-07T18:21:52.116+0200] {processor.py:175} INFO - Processing /Users/oanottage/opt/anaconda3/envs/energyvenv/lib/python3.9/site-packages/airflow/example_dags/example_task_group_decorator.py took 0.710 seconds
[2023-04-07T18:23:12.976+0200] {processor.py:153} INFO - Started process (PID=20154) to work on /Users/oanottage/opt/anaconda3/envs/energyvenv/lib/python3.9/site-packages/airflow/example_dags/example_task_group_decorator.py
[2023-04-07T18:23:12.979+0200] {processor.py:743} INFO - Processing file /Users/oanottage/opt/anaconda3/envs/energyvenv/lib/python3.9/site-packages/airflow/example_dags/example_task_group_decorator.py for tasks to queue
[2023-04-07T18:23:12.979+0200] {logging_mixin.py:137} INFO - [2023-04-07T18:23:12.979+0200] {dagbag.py:532} INFO - Filling up the DagBag from /Users/oanottage/opt/anaconda3/envs/energyvenv/lib/python3.9/site-packages/airflow/example_dags/example_task_group_decorator.py
[2023-04-07T18:23:13.042+0200] {processor.py:753} INFO - DAG(s) dict_keys(['example_task_group_decorator']) retrieved from /Users/oanottage/opt/anaconda3/envs/energyvenv/lib/python3.9/site-packages/airflow/example_dags/example_task_group_decorator.py
[2023-04-07T18:23:13.744+0200] {logging_mixin.py:137} INFO - [2023-04-07T18:23:13.744+0200] {dag.py:2705} INFO - Sync 1 DAGs
[2023-04-07T18:23:13.757+0200] {logging_mixin.py:137} INFO - [2023-04-07T18:23:13.757+0200] {dag.py:3452} INFO - Setting next_dagrun for example_task_group_decorator to 2023-04-06T16:23:13.757504+00:00, run_after=2023-04-07T16:23:13.757504+00:00
[2023-04-07T18:23:13.769+0200] {processor.py:175} INFO - Processing /Users/oanottage/opt/anaconda3/envs/energyvenv/lib/python3.9/site-packages/airflow/example_dags/example_task_group_decorator.py took 0.794 seconds
[2023-04-07T18:24:34.951+0200] {processor.py:153} INFO - Started process (PID=20249) to work on /Users/oanottage/opt/anaconda3/envs/energyvenv/lib/python3.9/site-packages/airflow/example_dags/example_task_group_decorator.py
[2023-04-07T18:24:34.955+0200] {processor.py:743} INFO - Processing file /Users/oanottage/opt/anaconda3/envs/energyvenv/lib/python3.9/site-packages/airflow/example_dags/example_task_group_decorator.py for tasks to queue
[2023-04-07T18:24:34.955+0200] {logging_mixin.py:137} INFO - [2023-04-07T18:24:34.955+0200] {dagbag.py:532} INFO - Filling up the DagBag from /Users/oanottage/opt/anaconda3/envs/energyvenv/lib/python3.9/site-packages/airflow/example_dags/example_task_group_decorator.py
[2023-04-07T18:24:35.039+0200] {processor.py:753} INFO - DAG(s) dict_keys(['example_task_group_decorator']) retrieved from /Users/oanottage/opt/anaconda3/envs/energyvenv/lib/python3.9/site-packages/airflow/example_dags/example_task_group_decorator.py
[2023-04-07T18:24:35.803+0200] {logging_mixin.py:137} INFO - [2023-04-07T18:24:35.803+0200] {dag.py:2705} INFO - Sync 1 DAGs
[2023-04-07T18:24:35.818+0200] {logging_mixin.py:137} INFO - [2023-04-07T18:24:35.818+0200] {dag.py:3452} INFO - Setting next_dagrun for example_task_group_decorator to 2023-04-06T16:24:35.818294+00:00, run_after=2023-04-07T16:24:35.818294+00:00
[2023-04-07T18:24:35.834+0200] {processor.py:175} INFO - Processing /Users/oanottage/opt/anaconda3/envs/energyvenv/lib/python3.9/site-packages/airflow/example_dags/example_task_group_decorator.py took 0.884 seconds
[2023-04-07T18:25:58.684+0200] {processor.py:153} INFO - Started process (PID=20351) to work on /Users/oanottage/opt/anaconda3/envs/energyvenv/lib/python3.9/site-packages/airflow/example_dags/example_task_group_decorator.py
[2023-04-07T18:25:58.687+0200] {processor.py:743} INFO - Processing file /Users/oanottage/opt/anaconda3/envs/energyvenv/lib/python3.9/site-packages/airflow/example_dags/example_task_group_decorator.py for tasks to queue
[2023-04-07T18:25:58.688+0200] {logging_mixin.py:137} INFO - [2023-04-07T18:25:58.688+0200] {dagbag.py:532} INFO - Filling up the DagBag from /Users/oanottage/opt/anaconda3/envs/energyvenv/lib/python3.9/site-packages/airflow/example_dags/example_task_group_decorator.py
[2023-04-07T18:25:58.755+0200] {processor.py:753} INFO - DAG(s) dict_keys(['example_task_group_decorator']) retrieved from /Users/oanottage/opt/anaconda3/envs/energyvenv/lib/python3.9/site-packages/airflow/example_dags/example_task_group_decorator.py
[2023-04-07T18:25:59.481+0200] {logging_mixin.py:137} INFO - [2023-04-07T18:25:59.481+0200] {dag.py:2705} INFO - Sync 1 DAGs
[2023-04-07T18:25:59.496+0200] {logging_mixin.py:137} INFO - [2023-04-07T18:25:59.496+0200] {dag.py:3452} INFO - Setting next_dagrun for example_task_group_decorator to 2023-04-06T16:25:59.496439+00:00, run_after=2023-04-07T16:25:59.496439+00:00
[2023-04-07T18:25:59.512+0200] {processor.py:175} INFO - Processing /Users/oanottage/opt/anaconda3/envs/energyvenv/lib/python3.9/site-packages/airflow/example_dags/example_task_group_decorator.py took 0.829 seconds
[2023-04-07T18:27:15.245+0200] {processor.py:153} INFO - Started process (PID=20442) to work on /Users/oanottage/opt/anaconda3/envs/energyvenv/lib/python3.9/site-packages/airflow/example_dags/example_task_group_decorator.py
[2023-04-07T18:27:15.248+0200] {processor.py:743} INFO - Processing file /Users/oanottage/opt/anaconda3/envs/energyvenv/lib/python3.9/site-packages/airflow/example_dags/example_task_group_decorator.py for tasks to queue
[2023-04-07T18:27:15.249+0200] {logging_mixin.py:137} INFO - [2023-04-07T18:27:15.249+0200] {dagbag.py:532} INFO - Filling up the DagBag from /Users/oanottage/opt/anaconda3/envs/energyvenv/lib/python3.9/site-packages/airflow/example_dags/example_task_group_decorator.py
[2023-04-07T18:27:15.318+0200] {processor.py:753} INFO - DAG(s) dict_keys(['example_task_group_decorator']) retrieved from /Users/oanottage/opt/anaconda3/envs/energyvenv/lib/python3.9/site-packages/airflow/example_dags/example_task_group_decorator.py
[2023-04-07T18:27:15.947+0200] {logging_mixin.py:137} INFO - [2023-04-07T18:27:15.947+0200] {dag.py:2705} INFO - Sync 1 DAGs
[2023-04-07T18:27:15.958+0200] {logging_mixin.py:137} INFO - [2023-04-07T18:27:15.958+0200] {dag.py:3452} INFO - Setting next_dagrun for example_task_group_decorator to 2023-04-06T16:27:15.958369+00:00, run_after=2023-04-07T16:27:15.958369+00:00
[2023-04-07T18:27:15.971+0200] {processor.py:175} INFO - Processing /Users/oanottage/opt/anaconda3/envs/energyvenv/lib/python3.9/site-packages/airflow/example_dags/example_task_group_decorator.py took 0.727 seconds
[2023-04-07T18:29:03.888+0200] {processor.py:153} INFO - Started process (PID=20568) to work on /Users/oanottage/opt/anaconda3/envs/energyvenv/lib/python3.9/site-packages/airflow/example_dags/example_task_group_decorator.py
[2023-04-07T18:29:03.893+0200] {processor.py:743} INFO - Processing file /Users/oanottage/opt/anaconda3/envs/energyvenv/lib/python3.9/site-packages/airflow/example_dags/example_task_group_decorator.py for tasks to queue
[2023-04-07T18:29:03.893+0200] {logging_mixin.py:137} INFO - [2023-04-07T18:29:03.893+0200] {dagbag.py:532} INFO - Filling up the DagBag from /Users/oanottage/opt/anaconda3/envs/energyvenv/lib/python3.9/site-packages/airflow/example_dags/example_task_group_decorator.py
[2023-04-07T18:29:03.966+0200] {processor.py:753} INFO - DAG(s) dict_keys(['example_task_group_decorator']) retrieved from /Users/oanottage/opt/anaconda3/envs/energyvenv/lib/python3.9/site-packages/airflow/example_dags/example_task_group_decorator.py
[2023-04-07T18:29:04.700+0200] {logging_mixin.py:137} INFO - [2023-04-07T18:29:04.700+0200] {dag.py:2705} INFO - Sync 1 DAGs
[2023-04-07T18:29:04.711+0200] {logging_mixin.py:137} INFO - [2023-04-07T18:29:04.711+0200] {dag.py:3452} INFO - Setting next_dagrun for example_task_group_decorator to 2023-04-06T16:29:04.711607+00:00, run_after=2023-04-07T16:29:04.711607+00:00
[2023-04-07T18:29:04.724+0200] {processor.py:175} INFO - Processing /Users/oanottage/opt/anaconda3/envs/energyvenv/lib/python3.9/site-packages/airflow/example_dags/example_task_group_decorator.py took 0.837 seconds
[2023-04-07T18:30:25.296+0200] {processor.py:153} INFO - Started process (PID=20750) to work on /Users/oanottage/opt/anaconda3/envs/energyvenv/lib/python3.9/site-packages/airflow/example_dags/example_task_group_decorator.py
[2023-04-07T18:30:25.301+0200] {processor.py:743} INFO - Processing file /Users/oanottage/opt/anaconda3/envs/energyvenv/lib/python3.9/site-packages/airflow/example_dags/example_task_group_decorator.py for tasks to queue
[2023-04-07T18:30:25.301+0200] {logging_mixin.py:137} INFO - [2023-04-07T18:30:25.301+0200] {dagbag.py:532} INFO - Filling up the DagBag from /Users/oanottage/opt/anaconda3/envs/energyvenv/lib/python3.9/site-packages/airflow/example_dags/example_task_group_decorator.py
[2023-04-07T18:30:25.377+0200] {processor.py:753} INFO - DAG(s) dict_keys(['example_task_group_decorator']) retrieved from /Users/oanottage/opt/anaconda3/envs/energyvenv/lib/python3.9/site-packages/airflow/example_dags/example_task_group_decorator.py
[2023-04-07T18:30:26.065+0200] {logging_mixin.py:137} INFO - [2023-04-07T18:30:26.064+0200] {dag.py:2705} INFO - Sync 1 DAGs
[2023-04-07T18:30:26.076+0200] {logging_mixin.py:137} INFO - [2023-04-07T18:30:26.076+0200] {dag.py:3452} INFO - Setting next_dagrun for example_task_group_decorator to 2023-04-06T16:30:26.076648+00:00, run_after=2023-04-07T16:30:26.076648+00:00
[2023-04-07T18:30:26.088+0200] {processor.py:175} INFO - Processing /Users/oanottage/opt/anaconda3/envs/energyvenv/lib/python3.9/site-packages/airflow/example_dags/example_task_group_decorator.py took 0.793 seconds
[2023-04-07T18:42:23.969+0200] {processor.py:153} INFO - Started process (PID=21413) to work on /Users/oanottage/opt/anaconda3/envs/energyvenv/lib/python3.9/site-packages/airflow/example_dags/example_task_group_decorator.py
[2023-04-07T18:42:23.975+0200] {processor.py:743} INFO - Processing file /Users/oanottage/opt/anaconda3/envs/energyvenv/lib/python3.9/site-packages/airflow/example_dags/example_task_group_decorator.py for tasks to queue
[2023-04-07T18:42:23.976+0200] {logging_mixin.py:137} INFO - [2023-04-07T18:42:23.976+0200] {dagbag.py:532} INFO - Filling up the DagBag from /Users/oanottage/opt/anaconda3/envs/energyvenv/lib/python3.9/site-packages/airflow/example_dags/example_task_group_decorator.py
[2023-04-07T18:42:24.055+0200] {processor.py:753} INFO - DAG(s) dict_keys(['example_task_group_decorator']) retrieved from /Users/oanottage/opt/anaconda3/envs/energyvenv/lib/python3.9/site-packages/airflow/example_dags/example_task_group_decorator.py
[2023-04-07T18:42:24.770+0200] {logging_mixin.py:137} INFO - [2023-04-07T18:42:24.770+0200] {dag.py:2705} INFO - Sync 1 DAGs
[2023-04-07T18:42:24.783+0200] {logging_mixin.py:137} INFO - [2023-04-07T18:42:24.783+0200] {dag.py:3452} INFO - Setting next_dagrun for example_task_group_decorator to 2023-04-06T16:42:24.783252+00:00, run_after=2023-04-07T16:42:24.783252+00:00
[2023-04-07T18:42:24.797+0200] {processor.py:175} INFO - Processing /Users/oanottage/opt/anaconda3/envs/energyvenv/lib/python3.9/site-packages/airflow/example_dags/example_task_group_decorator.py took 0.828 seconds
[2023-04-07T18:45:18.717+0200] {processor.py:153} INFO - Started process (PID=21632) to work on /Users/oanottage/opt/anaconda3/envs/energyvenv/lib/python3.9/site-packages/airflow/example_dags/example_task_group_decorator.py
[2023-04-07T18:45:18.721+0200] {processor.py:743} INFO - Processing file /Users/oanottage/opt/anaconda3/envs/energyvenv/lib/python3.9/site-packages/airflow/example_dags/example_task_group_decorator.py for tasks to queue
[2023-04-07T18:45:18.721+0200] {logging_mixin.py:137} INFO - [2023-04-07T18:45:18.721+0200] {dagbag.py:532} INFO - Filling up the DagBag from /Users/oanottage/opt/anaconda3/envs/energyvenv/lib/python3.9/site-packages/airflow/example_dags/example_task_group_decorator.py
[2023-04-07T18:45:18.778+0200] {processor.py:753} INFO - DAG(s) dict_keys(['example_task_group_decorator']) retrieved from /Users/oanottage/opt/anaconda3/envs/energyvenv/lib/python3.9/site-packages/airflow/example_dags/example_task_group_decorator.py
[2023-04-07T18:45:19.403+0200] {logging_mixin.py:137} INFO - [2023-04-07T18:45:19.403+0200] {dag.py:2705} INFO - Sync 1 DAGs
[2023-04-07T18:45:19.414+0200] {logging_mixin.py:137} INFO - [2023-04-07T18:45:19.414+0200] {dag.py:3452} INFO - Setting next_dagrun for example_task_group_decorator to 2023-04-06T16:45:19.414376+00:00, run_after=2023-04-07T16:45:19.414376+00:00
[2023-04-07T18:45:19.427+0200] {processor.py:175} INFO - Processing /Users/oanottage/opt/anaconda3/envs/energyvenv/lib/python3.9/site-packages/airflow/example_dags/example_task_group_decorator.py took 0.711 seconds
