[2023-04-07T17:54:28.976+0200] {processor.py:153} INFO - Started process (PID=17812) to work on /Users/oanottage/opt/anaconda3/envs/energyvenv/lib/python3.9/site-packages/airflow/example_dags/example_time_delta_sensor_async.py
[2023-04-07T17:54:28.979+0200] {processor.py:743} INFO - Processing file /Users/oanottage/opt/anaconda3/envs/energyvenv/lib/python3.9/site-packages/airflow/example_dags/example_time_delta_sensor_async.py for tasks to queue
[2023-04-07T17:54:28.980+0200] {logging_mixin.py:137} INFO - [2023-04-07T17:54:28.979+0200] {dagbag.py:532} INFO - Filling up the DagBag from /Users/oanottage/opt/anaconda3/envs/energyvenv/lib/python3.9/site-packages/airflow/example_dags/example_time_delta_sensor_async.py
[2023-04-07T17:54:29.044+0200] {processor.py:753} INFO - DAG(s) dict_keys(['example_time_delta_sensor_async']) retrieved from /Users/oanottage/opt/anaconda3/envs/energyvenv/lib/python3.9/site-packages/airflow/example_dags/example_time_delta_sensor_async.py
[2023-04-07T17:54:29.830+0200] {logging_mixin.py:137} INFO - [2023-04-07T17:54:29.830+0200] {dag.py:2705} INFO - Sync 1 DAGs
[2023-04-07T17:54:29.842+0200] {logging_mixin.py:137} INFO - [2023-04-07T17:54:29.842+0200] {dag.py:3452} INFO - Setting next_dagrun for example_time_delta_sensor_async to None, run_after=None
[2023-04-07T17:54:29.860+0200] {processor.py:175} INFO - Processing /Users/oanottage/opt/anaconda3/envs/energyvenv/lib/python3.9/site-packages/airflow/example_dags/example_time_delta_sensor_async.py took 0.885 seconds
[2023-04-07T17:56:38.178+0200] {processor.py:153} INFO - Started process (PID=18025) to work on /Users/oanottage/opt/anaconda3/envs/energyvenv/lib/python3.9/site-packages/airflow/example_dags/example_time_delta_sensor_async.py
[2023-04-07T17:56:38.182+0200] {processor.py:743} INFO - Processing file /Users/oanottage/opt/anaconda3/envs/energyvenv/lib/python3.9/site-packages/airflow/example_dags/example_time_delta_sensor_async.py for tasks to queue
[2023-04-07T17:56:38.182+0200] {logging_mixin.py:137} INFO - [2023-04-07T17:56:38.182+0200] {dagbag.py:532} INFO - Filling up the DagBag from /Users/oanottage/opt/anaconda3/envs/energyvenv/lib/python3.9/site-packages/airflow/example_dags/example_time_delta_sensor_async.py
[2023-04-07T17:56:38.230+0200] {processor.py:753} INFO - DAG(s) dict_keys(['example_time_delta_sensor_async']) retrieved from /Users/oanottage/opt/anaconda3/envs/energyvenv/lib/python3.9/site-packages/airflow/example_dags/example_time_delta_sensor_async.py
[2023-04-07T17:56:39.061+0200] {logging_mixin.py:137} INFO - [2023-04-07T17:56:39.061+0200] {dag.py:2705} INFO - Sync 1 DAGs
[2023-04-07T17:56:39.076+0200] {logging_mixin.py:137} INFO - [2023-04-07T17:56:39.076+0200] {dag.py:3452} INFO - Setting next_dagrun for example_time_delta_sensor_async to None, run_after=None
[2023-04-07T17:56:39.091+0200] {processor.py:175} INFO - Processing /Users/oanottage/opt/anaconda3/envs/energyvenv/lib/python3.9/site-packages/airflow/example_dags/example_time_delta_sensor_async.py took 0.914 seconds
[2023-04-07T17:58:14.786+0200] {processor.py:153} INFO - Started process (PID=18130) to work on /Users/oanottage/opt/anaconda3/envs/energyvenv/lib/python3.9/site-packages/airflow/example_dags/example_time_delta_sensor_async.py
[2023-04-07T17:58:14.789+0200] {processor.py:743} INFO - Processing file /Users/oanottage/opt/anaconda3/envs/energyvenv/lib/python3.9/site-packages/airflow/example_dags/example_time_delta_sensor_async.py for tasks to queue
[2023-04-07T17:58:14.789+0200] {logging_mixin.py:137} INFO - [2023-04-07T17:58:14.789+0200] {dagbag.py:532} INFO - Filling up the DagBag from /Users/oanottage/opt/anaconda3/envs/energyvenv/lib/python3.9/site-packages/airflow/example_dags/example_time_delta_sensor_async.py
[2023-04-07T17:58:14.827+0200] {processor.py:753} INFO - DAG(s) dict_keys(['example_time_delta_sensor_async']) retrieved from /Users/oanottage/opt/anaconda3/envs/energyvenv/lib/python3.9/site-packages/airflow/example_dags/example_time_delta_sensor_async.py
[2023-04-07T17:58:15.525+0200] {logging_mixin.py:137} INFO - [2023-04-07T17:58:15.524+0200] {dag.py:2705} INFO - Sync 1 DAGs
[2023-04-07T17:58:15.536+0200] {logging_mixin.py:137} INFO - [2023-04-07T17:58:15.536+0200] {dag.py:3452} INFO - Setting next_dagrun for example_time_delta_sensor_async to None, run_after=None
[2023-04-07T17:58:15.551+0200] {processor.py:175} INFO - Processing /Users/oanottage/opt/anaconda3/envs/energyvenv/lib/python3.9/site-packages/airflow/example_dags/example_time_delta_sensor_async.py took 0.766 seconds
[2023-04-07T17:59:34.753+0200] {processor.py:153} INFO - Started process (PID=18228) to work on /Users/oanottage/opt/anaconda3/envs/energyvenv/lib/python3.9/site-packages/airflow/example_dags/example_time_delta_sensor_async.py
[2023-04-07T17:59:34.756+0200] {processor.py:743} INFO - Processing file /Users/oanottage/opt/anaconda3/envs/energyvenv/lib/python3.9/site-packages/airflow/example_dags/example_time_delta_sensor_async.py for tasks to queue
[2023-04-07T17:59:34.756+0200] {logging_mixin.py:137} INFO - [2023-04-07T17:59:34.756+0200] {dagbag.py:532} INFO - Filling up the DagBag from /Users/oanottage/opt/anaconda3/envs/energyvenv/lib/python3.9/site-packages/airflow/example_dags/example_time_delta_sensor_async.py
[2023-04-07T17:59:34.792+0200] {processor.py:753} INFO - DAG(s) dict_keys(['example_time_delta_sensor_async']) retrieved from /Users/oanottage/opt/anaconda3/envs/energyvenv/lib/python3.9/site-packages/airflow/example_dags/example_time_delta_sensor_async.py
[2023-04-07T17:59:35.562+0200] {logging_mixin.py:137} INFO - [2023-04-07T17:59:35.562+0200] {dag.py:2705} INFO - Sync 1 DAGs
[2023-04-07T17:59:35.573+0200] {logging_mixin.py:137} INFO - [2023-04-07T17:59:35.573+0200] {dag.py:3452} INFO - Setting next_dagrun for example_time_delta_sensor_async to None, run_after=None
[2023-04-07T17:59:35.586+0200] {processor.py:175} INFO - Processing /Users/oanottage/opt/anaconda3/envs/energyvenv/lib/python3.9/site-packages/airflow/example_dags/example_time_delta_sensor_async.py took 0.834 seconds
[2023-04-07T18:00:54.533+0200] {processor.py:153} INFO - Started process (PID=18329) to work on /Users/oanottage/opt/anaconda3/envs/energyvenv/lib/python3.9/site-packages/airflow/example_dags/example_time_delta_sensor_async.py
[2023-04-07T18:00:54.537+0200] {processor.py:743} INFO - Processing file /Users/oanottage/opt/anaconda3/envs/energyvenv/lib/python3.9/site-packages/airflow/example_dags/example_time_delta_sensor_async.py for tasks to queue
[2023-04-07T18:00:54.537+0200] {logging_mixin.py:137} INFO - [2023-04-07T18:00:54.537+0200] {dagbag.py:532} INFO - Filling up the DagBag from /Users/oanottage/opt/anaconda3/envs/energyvenv/lib/python3.9/site-packages/airflow/example_dags/example_time_delta_sensor_async.py
[2023-04-07T18:00:54.576+0200] {processor.py:753} INFO - DAG(s) dict_keys(['example_time_delta_sensor_async']) retrieved from /Users/oanottage/opt/anaconda3/envs/energyvenv/lib/python3.9/site-packages/airflow/example_dags/example_time_delta_sensor_async.py
[2023-04-07T18:00:55.347+0200] {logging_mixin.py:137} INFO - [2023-04-07T18:00:55.346+0200] {dag.py:2705} INFO - Sync 1 DAGs
[2023-04-07T18:00:55.358+0200] {logging_mixin.py:137} INFO - [2023-04-07T18:00:55.358+0200] {dag.py:3452} INFO - Setting next_dagrun for example_time_delta_sensor_async to None, run_after=None
[2023-04-07T18:00:55.369+0200] {processor.py:175} INFO - Processing /Users/oanottage/opt/anaconda3/envs/energyvenv/lib/python3.9/site-packages/airflow/example_dags/example_time_delta_sensor_async.py took 0.837 seconds
[2023-04-07T18:02:16.776+0200] {processor.py:153} INFO - Started process (PID=18420) to work on /Users/oanottage/opt/anaconda3/envs/energyvenv/lib/python3.9/site-packages/airflow/example_dags/example_time_delta_sensor_async.py
[2023-04-07T18:02:16.779+0200] {processor.py:743} INFO - Processing file /Users/oanottage/opt/anaconda3/envs/energyvenv/lib/python3.9/site-packages/airflow/example_dags/example_time_delta_sensor_async.py for tasks to queue
[2023-04-07T18:02:16.780+0200] {logging_mixin.py:137} INFO - [2023-04-07T18:02:16.779+0200] {dagbag.py:532} INFO - Filling up the DagBag from /Users/oanottage/opt/anaconda3/envs/energyvenv/lib/python3.9/site-packages/airflow/example_dags/example_time_delta_sensor_async.py
[2023-04-07T18:02:16.822+0200] {processor.py:753} INFO - DAG(s) dict_keys(['example_time_delta_sensor_async']) retrieved from /Users/oanottage/opt/anaconda3/envs/energyvenv/lib/python3.9/site-packages/airflow/example_dags/example_time_delta_sensor_async.py
[2023-04-07T18:02:17.550+0200] {logging_mixin.py:137} INFO - [2023-04-07T18:02:17.550+0200] {dag.py:2705} INFO - Sync 1 DAGs
[2023-04-07T18:02:17.561+0200] {logging_mixin.py:137} INFO - [2023-04-07T18:02:17.561+0200] {dag.py:3452} INFO - Setting next_dagrun for example_time_delta_sensor_async to None, run_after=None
[2023-04-07T18:02:17.574+0200] {processor.py:175} INFO - Processing /Users/oanottage/opt/anaconda3/envs/energyvenv/lib/python3.9/site-packages/airflow/example_dags/example_time_delta_sensor_async.py took 0.798 seconds
[2023-04-07T18:04:40.880+0200] {processor.py:153} INFO - Started process (PID=18607) to work on /Users/oanottage/opt/anaconda3/envs/energyvenv/lib/python3.9/site-packages/airflow/example_dags/example_time_delta_sensor_async.py
[2023-04-07T18:04:40.883+0200] {processor.py:743} INFO - Processing file /Users/oanottage/opt/anaconda3/envs/energyvenv/lib/python3.9/site-packages/airflow/example_dags/example_time_delta_sensor_async.py for tasks to queue
[2023-04-07T18:04:40.883+0200] {logging_mixin.py:137} INFO - [2023-04-07T18:04:40.883+0200] {dagbag.py:532} INFO - Filling up the DagBag from /Users/oanottage/opt/anaconda3/envs/energyvenv/lib/python3.9/site-packages/airflow/example_dags/example_time_delta_sensor_async.py
[2023-04-07T18:04:40.920+0200] {processor.py:753} INFO - DAG(s) dict_keys(['example_time_delta_sensor_async']) retrieved from /Users/oanottage/opt/anaconda3/envs/energyvenv/lib/python3.9/site-packages/airflow/example_dags/example_time_delta_sensor_async.py
[2023-04-07T18:04:41.654+0200] {logging_mixin.py:137} INFO - [2023-04-07T18:04:41.654+0200] {dag.py:2705} INFO - Sync 1 DAGs
[2023-04-07T18:04:41.667+0200] {logging_mixin.py:137} INFO - [2023-04-07T18:04:41.667+0200] {dag.py:3452} INFO - Setting next_dagrun for example_time_delta_sensor_async to None, run_after=None
[2023-04-07T18:04:41.681+0200] {processor.py:175} INFO - Processing /Users/oanottage/opt/anaconda3/envs/energyvenv/lib/python3.9/site-packages/airflow/example_dags/example_time_delta_sensor_async.py took 0.802 seconds
[2023-04-07T18:06:34.619+0200] {processor.py:153} INFO - Started process (PID=18750) to work on /Users/oanottage/opt/anaconda3/envs/energyvenv/lib/python3.9/site-packages/airflow/example_dags/example_time_delta_sensor_async.py
[2023-04-07T18:06:34.622+0200] {processor.py:743} INFO - Processing file /Users/oanottage/opt/anaconda3/envs/energyvenv/lib/python3.9/site-packages/airflow/example_dags/example_time_delta_sensor_async.py for tasks to queue
[2023-04-07T18:06:34.622+0200] {logging_mixin.py:137} INFO - [2023-04-07T18:06:34.622+0200] {dagbag.py:532} INFO - Filling up the DagBag from /Users/oanottage/opt/anaconda3/envs/energyvenv/lib/python3.9/site-packages/airflow/example_dags/example_time_delta_sensor_async.py
[2023-04-07T18:06:34.661+0200] {processor.py:753} INFO - DAG(s) dict_keys(['example_time_delta_sensor_async']) retrieved from /Users/oanottage/opt/anaconda3/envs/energyvenv/lib/python3.9/site-packages/airflow/example_dags/example_time_delta_sensor_async.py
[2023-04-07T18:06:35.458+0200] {logging_mixin.py:137} INFO - [2023-04-07T18:06:35.458+0200] {dag.py:2705} INFO - Sync 1 DAGs
[2023-04-07T18:06:35.469+0200] {logging_mixin.py:137} INFO - [2023-04-07T18:06:35.469+0200] {dag.py:3452} INFO - Setting next_dagrun for example_time_delta_sensor_async to None, run_after=None
[2023-04-07T18:06:35.481+0200] {processor.py:175} INFO - Processing /Users/oanottage/opt/anaconda3/envs/energyvenv/lib/python3.9/site-packages/airflow/example_dags/example_time_delta_sensor_async.py took 0.863 seconds
[2023-04-07T18:08:10.706+0200] {processor.py:153} INFO - Started process (PID=18898) to work on /Users/oanottage/opt/anaconda3/envs/energyvenv/lib/python3.9/site-packages/airflow/example_dags/example_time_delta_sensor_async.py
[2023-04-07T18:08:10.709+0200] {processor.py:743} INFO - Processing file /Users/oanottage/opt/anaconda3/envs/energyvenv/lib/python3.9/site-packages/airflow/example_dags/example_time_delta_sensor_async.py for tasks to queue
[2023-04-07T18:08:10.709+0200] {logging_mixin.py:137} INFO - [2023-04-07T18:08:10.709+0200] {dagbag.py:532} INFO - Filling up the DagBag from /Users/oanottage/opt/anaconda3/envs/energyvenv/lib/python3.9/site-packages/airflow/example_dags/example_time_delta_sensor_async.py
[2023-04-07T18:08:10.752+0200] {processor.py:753} INFO - DAG(s) dict_keys(['example_time_delta_sensor_async']) retrieved from /Users/oanottage/opt/anaconda3/envs/energyvenv/lib/python3.9/site-packages/airflow/example_dags/example_time_delta_sensor_async.py
[2023-04-07T18:08:11.608+0200] {logging_mixin.py:137} INFO - [2023-04-07T18:08:11.608+0200] {dag.py:2705} INFO - Sync 1 DAGs
[2023-04-07T18:08:11.624+0200] {logging_mixin.py:137} INFO - [2023-04-07T18:08:11.624+0200] {dag.py:3452} INFO - Setting next_dagrun for example_time_delta_sensor_async to None, run_after=None
[2023-04-07T18:08:11.640+0200] {processor.py:175} INFO - Processing /Users/oanottage/opt/anaconda3/envs/energyvenv/lib/python3.9/site-packages/airflow/example_dags/example_time_delta_sensor_async.py took 0.934 seconds
[2023-04-07T18:10:00.441+0200] {processor.py:153} INFO - Started process (PID=19099) to work on /Users/oanottage/opt/anaconda3/envs/energyvenv/lib/python3.9/site-packages/airflow/example_dags/example_time_delta_sensor_async.py
[2023-04-07T18:10:00.444+0200] {processor.py:743} INFO - Processing file /Users/oanottage/opt/anaconda3/envs/energyvenv/lib/python3.9/site-packages/airflow/example_dags/example_time_delta_sensor_async.py for tasks to queue
[2023-04-07T18:10:00.445+0200] {logging_mixin.py:137} INFO - [2023-04-07T18:10:00.445+0200] {dagbag.py:532} INFO - Filling up the DagBag from /Users/oanottage/opt/anaconda3/envs/energyvenv/lib/python3.9/site-packages/airflow/example_dags/example_time_delta_sensor_async.py
[2023-04-07T18:10:00.482+0200] {processor.py:753} INFO - DAG(s) dict_keys(['example_time_delta_sensor_async']) retrieved from /Users/oanottage/opt/anaconda3/envs/energyvenv/lib/python3.9/site-packages/airflow/example_dags/example_time_delta_sensor_async.py
[2023-04-07T18:10:01.212+0200] {logging_mixin.py:137} INFO - [2023-04-07T18:10:01.212+0200] {dag.py:2705} INFO - Sync 1 DAGs
[2023-04-07T18:10:01.224+0200] {logging_mixin.py:137} INFO - [2023-04-07T18:10:01.224+0200] {dag.py:3452} INFO - Setting next_dagrun for example_time_delta_sensor_async to None, run_after=None
[2023-04-07T18:10:01.236+0200] {processor.py:175} INFO - Processing /Users/oanottage/opt/anaconda3/envs/energyvenv/lib/python3.9/site-packages/airflow/example_dags/example_time_delta_sensor_async.py took 0.796 seconds
[2023-04-07T18:11:22.183+0200] {processor.py:153} INFO - Started process (PID=19212) to work on /Users/oanottage/opt/anaconda3/envs/energyvenv/lib/python3.9/site-packages/airflow/example_dags/example_time_delta_sensor_async.py
[2023-04-07T18:11:22.186+0200] {processor.py:743} INFO - Processing file /Users/oanottage/opt/anaconda3/envs/energyvenv/lib/python3.9/site-packages/airflow/example_dags/example_time_delta_sensor_async.py for tasks to queue
[2023-04-07T18:11:22.187+0200] {logging_mixin.py:137} INFO - [2023-04-07T18:11:22.187+0200] {dagbag.py:532} INFO - Filling up the DagBag from /Users/oanottage/opt/anaconda3/envs/energyvenv/lib/python3.9/site-packages/airflow/example_dags/example_time_delta_sensor_async.py
[2023-04-07T18:11:22.234+0200] {processor.py:753} INFO - DAG(s) dict_keys(['example_time_delta_sensor_async']) retrieved from /Users/oanottage/opt/anaconda3/envs/energyvenv/lib/python3.9/site-packages/airflow/example_dags/example_time_delta_sensor_async.py
[2023-04-07T18:11:22.990+0200] {logging_mixin.py:137} INFO - [2023-04-07T18:11:22.990+0200] {dag.py:2705} INFO - Sync 1 DAGs
[2023-04-07T18:11:23.004+0200] {logging_mixin.py:137} INFO - [2023-04-07T18:11:23.004+0200] {dag.py:3452} INFO - Setting next_dagrun for example_time_delta_sensor_async to None, run_after=None
[2023-04-07T18:11:23.018+0200] {processor.py:175} INFO - Processing /Users/oanottage/opt/anaconda3/envs/energyvenv/lib/python3.9/site-packages/airflow/example_dags/example_time_delta_sensor_async.py took 0.836 seconds
[2023-04-07T18:13:20.709+0200] {processor.py:153} INFO - Started process (PID=19378) to work on /Users/oanottage/opt/anaconda3/envs/energyvenv/lib/python3.9/site-packages/airflow/example_dags/example_time_delta_sensor_async.py
[2023-04-07T18:13:20.713+0200] {processor.py:743} INFO - Processing file /Users/oanottage/opt/anaconda3/envs/energyvenv/lib/python3.9/site-packages/airflow/example_dags/example_time_delta_sensor_async.py for tasks to queue
[2023-04-07T18:13:20.714+0200] {logging_mixin.py:137} INFO - [2023-04-07T18:13:20.713+0200] {dagbag.py:532} INFO - Filling up the DagBag from /Users/oanottage/opt/anaconda3/envs/energyvenv/lib/python3.9/site-packages/airflow/example_dags/example_time_delta_sensor_async.py
[2023-04-07T18:13:20.769+0200] {processor.py:753} INFO - DAG(s) dict_keys(['example_time_delta_sensor_async']) retrieved from /Users/oanottage/opt/anaconda3/envs/energyvenv/lib/python3.9/site-packages/airflow/example_dags/example_time_delta_sensor_async.py
[2023-04-07T18:13:21.780+0200] {logging_mixin.py:137} INFO - [2023-04-07T18:13:21.779+0200] {dag.py:2705} INFO - Sync 1 DAGs
[2023-04-07T18:13:21.794+0200] {logging_mixin.py:137} INFO - [2023-04-07T18:13:21.794+0200] {dag.py:3452} INFO - Setting next_dagrun for example_time_delta_sensor_async to None, run_after=None
[2023-04-07T18:13:21.806+0200] {processor.py:175} INFO - Processing /Users/oanottage/opt/anaconda3/envs/energyvenv/lib/python3.9/site-packages/airflow/example_dags/example_time_delta_sensor_async.py took 1.098 seconds
[2023-04-07T18:15:52.287+0200] {processor.py:153} INFO - Started process (PID=19577) to work on /Users/oanottage/opt/anaconda3/envs/energyvenv/lib/python3.9/site-packages/airflow/example_dags/example_time_delta_sensor_async.py
[2023-04-07T18:15:52.292+0200] {processor.py:743} INFO - Processing file /Users/oanottage/opt/anaconda3/envs/energyvenv/lib/python3.9/site-packages/airflow/example_dags/example_time_delta_sensor_async.py for tasks to queue
[2023-04-07T18:15:52.293+0200] {logging_mixin.py:137} INFO - [2023-04-07T18:15:52.293+0200] {dagbag.py:532} INFO - Filling up the DagBag from /Users/oanottage/opt/anaconda3/envs/energyvenv/lib/python3.9/site-packages/airflow/example_dags/example_time_delta_sensor_async.py
[2023-04-07T18:15:52.333+0200] {processor.py:753} INFO - DAG(s) dict_keys(['example_time_delta_sensor_async']) retrieved from /Users/oanottage/opt/anaconda3/envs/energyvenv/lib/python3.9/site-packages/airflow/example_dags/example_time_delta_sensor_async.py
[2023-04-07T18:15:53.119+0200] {logging_mixin.py:137} INFO - [2023-04-07T18:15:53.119+0200] {dag.py:2705} INFO - Sync 1 DAGs
[2023-04-07T18:15:53.131+0200] {logging_mixin.py:137} INFO - [2023-04-07T18:15:53.131+0200] {dag.py:3452} INFO - Setting next_dagrun for example_time_delta_sensor_async to None, run_after=None
[2023-04-07T18:15:53.144+0200] {processor.py:175} INFO - Processing /Users/oanottage/opt/anaconda3/envs/energyvenv/lib/python3.9/site-packages/airflow/example_dags/example_time_delta_sensor_async.py took 0.858 seconds
[2023-04-07T18:17:43.526+0200] {processor.py:153} INFO - Started process (PID=19715) to work on /Users/oanottage/opt/anaconda3/envs/energyvenv/lib/python3.9/site-packages/airflow/example_dags/example_time_delta_sensor_async.py
[2023-04-07T18:17:43.531+0200] {processor.py:743} INFO - Processing file /Users/oanottage/opt/anaconda3/envs/energyvenv/lib/python3.9/site-packages/airflow/example_dags/example_time_delta_sensor_async.py for tasks to queue
[2023-04-07T18:17:43.532+0200] {logging_mixin.py:137} INFO - [2023-04-07T18:17:43.532+0200] {dagbag.py:532} INFO - Filling up the DagBag from /Users/oanottage/opt/anaconda3/envs/energyvenv/lib/python3.9/site-packages/airflow/example_dags/example_time_delta_sensor_async.py
[2023-04-07T18:17:43.580+0200] {processor.py:753} INFO - DAG(s) dict_keys(['example_time_delta_sensor_async']) retrieved from /Users/oanottage/opt/anaconda3/envs/energyvenv/lib/python3.9/site-packages/airflow/example_dags/example_time_delta_sensor_async.py
[2023-04-07T18:17:44.401+0200] {logging_mixin.py:137} INFO - [2023-04-07T18:17:44.400+0200] {dag.py:2705} INFO - Sync 1 DAGs
[2023-04-07T18:17:44.412+0200] {logging_mixin.py:137} INFO - [2023-04-07T18:17:44.412+0200] {dag.py:3452} INFO - Setting next_dagrun for example_time_delta_sensor_async to None, run_after=None
[2023-04-07T18:17:44.424+0200] {processor.py:175} INFO - Processing /Users/oanottage/opt/anaconda3/envs/energyvenv/lib/python3.9/site-packages/airflow/example_dags/example_time_delta_sensor_async.py took 0.899 seconds
[2023-04-07T18:19:04.936+0200] {processor.py:153} INFO - Started process (PID=19804) to work on /Users/oanottage/opt/anaconda3/envs/energyvenv/lib/python3.9/site-packages/airflow/example_dags/example_time_delta_sensor_async.py
[2023-04-07T18:19:04.939+0200] {processor.py:743} INFO - Processing file /Users/oanottage/opt/anaconda3/envs/energyvenv/lib/python3.9/site-packages/airflow/example_dags/example_time_delta_sensor_async.py for tasks to queue
[2023-04-07T18:19:04.939+0200] {logging_mixin.py:137} INFO - [2023-04-07T18:19:04.939+0200] {dagbag.py:532} INFO - Filling up the DagBag from /Users/oanottage/opt/anaconda3/envs/energyvenv/lib/python3.9/site-packages/airflow/example_dags/example_time_delta_sensor_async.py
[2023-04-07T18:19:04.986+0200] {processor.py:753} INFO - DAG(s) dict_keys(['example_time_delta_sensor_async']) retrieved from /Users/oanottage/opt/anaconda3/envs/energyvenv/lib/python3.9/site-packages/airflow/example_dags/example_time_delta_sensor_async.py
[2023-04-07T18:19:05.784+0200] {logging_mixin.py:137} INFO - [2023-04-07T18:19:05.784+0200] {dag.py:2705} INFO - Sync 1 DAGs
[2023-04-07T18:19:05.798+0200] {logging_mixin.py:137} INFO - [2023-04-07T18:19:05.798+0200] {dag.py:3452} INFO - Setting next_dagrun for example_time_delta_sensor_async to None, run_after=None
[2023-04-07T18:19:05.812+0200] {processor.py:175} INFO - Processing /Users/oanottage/opt/anaconda3/envs/energyvenv/lib/python3.9/site-packages/airflow/example_dags/example_time_delta_sensor_async.py took 0.877 seconds
[2023-04-07T18:20:27.971+0200] {processor.py:153} INFO - Started process (PID=19975) to work on /Users/oanottage/opt/anaconda3/envs/energyvenv/lib/python3.9/site-packages/airflow/example_dags/example_time_delta_sensor_async.py
[2023-04-07T18:20:27.974+0200] {processor.py:743} INFO - Processing file /Users/oanottage/opt/anaconda3/envs/energyvenv/lib/python3.9/site-packages/airflow/example_dags/example_time_delta_sensor_async.py for tasks to queue
[2023-04-07T18:20:27.975+0200] {logging_mixin.py:137} INFO - [2023-04-07T18:20:27.975+0200] {dagbag.py:532} INFO - Filling up the DagBag from /Users/oanottage/opt/anaconda3/envs/energyvenv/lib/python3.9/site-packages/airflow/example_dags/example_time_delta_sensor_async.py
[2023-04-07T18:20:28.020+0200] {processor.py:753} INFO - DAG(s) dict_keys(['example_time_delta_sensor_async']) retrieved from /Users/oanottage/opt/anaconda3/envs/energyvenv/lib/python3.9/site-packages/airflow/example_dags/example_time_delta_sensor_async.py
[2023-04-07T18:20:28.867+0200] {logging_mixin.py:137} INFO - [2023-04-07T18:20:28.867+0200] {dag.py:2705} INFO - Sync 1 DAGs
[2023-04-07T18:20:28.880+0200] {logging_mixin.py:137} INFO - [2023-04-07T18:20:28.880+0200] {dag.py:3452} INFO - Setting next_dagrun for example_time_delta_sensor_async to None, run_after=None
[2023-04-07T18:20:28.911+0200] {processor.py:175} INFO - Processing /Users/oanottage/opt/anaconda3/envs/energyvenv/lib/python3.9/site-packages/airflow/example_dags/example_time_delta_sensor_async.py took 0.941 seconds
[2023-04-07T18:21:48.820+0200] {processor.py:153} INFO - Started process (PID=20066) to work on /Users/oanottage/opt/anaconda3/envs/energyvenv/lib/python3.9/site-packages/airflow/example_dags/example_time_delta_sensor_async.py
[2023-04-07T18:21:48.823+0200] {processor.py:743} INFO - Processing file /Users/oanottage/opt/anaconda3/envs/energyvenv/lib/python3.9/site-packages/airflow/example_dags/example_time_delta_sensor_async.py for tasks to queue
[2023-04-07T18:21:48.824+0200] {logging_mixin.py:137} INFO - [2023-04-07T18:21:48.824+0200] {dagbag.py:532} INFO - Filling up the DagBag from /Users/oanottage/opt/anaconda3/envs/energyvenv/lib/python3.9/site-packages/airflow/example_dags/example_time_delta_sensor_async.py
[2023-04-07T18:21:48.860+0200] {processor.py:753} INFO - DAG(s) dict_keys(['example_time_delta_sensor_async']) retrieved from /Users/oanottage/opt/anaconda3/envs/energyvenv/lib/python3.9/site-packages/airflow/example_dags/example_time_delta_sensor_async.py
[2023-04-07T18:21:49.538+0200] {logging_mixin.py:137} INFO - [2023-04-07T18:21:49.538+0200] {dag.py:2705} INFO - Sync 1 DAGs
[2023-04-07T18:21:49.554+0200] {logging_mixin.py:137} INFO - [2023-04-07T18:21:49.554+0200] {dag.py:3452} INFO - Setting next_dagrun for example_time_delta_sensor_async to None, run_after=None
[2023-04-07T18:21:49.566+0200] {processor.py:175} INFO - Processing /Users/oanottage/opt/anaconda3/envs/energyvenv/lib/python3.9/site-packages/airflow/example_dags/example_time_delta_sensor_async.py took 0.746 seconds
[2023-04-07T18:23:10.199+0200] {processor.py:153} INFO - Started process (PID=20150) to work on /Users/oanottage/opt/anaconda3/envs/energyvenv/lib/python3.9/site-packages/airflow/example_dags/example_time_delta_sensor_async.py
[2023-04-07T18:23:10.202+0200] {processor.py:743} INFO - Processing file /Users/oanottage/opt/anaconda3/envs/energyvenv/lib/python3.9/site-packages/airflow/example_dags/example_time_delta_sensor_async.py for tasks to queue
[2023-04-07T18:23:10.203+0200] {logging_mixin.py:137} INFO - [2023-04-07T18:23:10.202+0200] {dagbag.py:532} INFO - Filling up the DagBag from /Users/oanottage/opt/anaconda3/envs/energyvenv/lib/python3.9/site-packages/airflow/example_dags/example_time_delta_sensor_async.py
[2023-04-07T18:23:10.240+0200] {processor.py:753} INFO - DAG(s) dict_keys(['example_time_delta_sensor_async']) retrieved from /Users/oanottage/opt/anaconda3/envs/energyvenv/lib/python3.9/site-packages/airflow/example_dags/example_time_delta_sensor_async.py
[2023-04-07T18:23:11.057+0200] {logging_mixin.py:137} INFO - [2023-04-07T18:23:11.056+0200] {dag.py:2705} INFO - Sync 1 DAGs
[2023-04-07T18:23:11.069+0200] {logging_mixin.py:137} INFO - [2023-04-07T18:23:11.069+0200] {dag.py:3452} INFO - Setting next_dagrun for example_time_delta_sensor_async to None, run_after=None
[2023-04-07T18:23:11.081+0200] {processor.py:175} INFO - Processing /Users/oanottage/opt/anaconda3/envs/energyvenv/lib/python3.9/site-packages/airflow/example_dags/example_time_delta_sensor_async.py took 0.883 seconds
[2023-04-07T18:24:32.133+0200] {processor.py:153} INFO - Started process (PID=20243) to work on /Users/oanottage/opt/anaconda3/envs/energyvenv/lib/python3.9/site-packages/airflow/example_dags/example_time_delta_sensor_async.py
[2023-04-07T18:24:32.137+0200] {processor.py:743} INFO - Processing file /Users/oanottage/opt/anaconda3/envs/energyvenv/lib/python3.9/site-packages/airflow/example_dags/example_time_delta_sensor_async.py for tasks to queue
[2023-04-07T18:24:32.137+0200] {logging_mixin.py:137} INFO - [2023-04-07T18:24:32.137+0200] {dagbag.py:532} INFO - Filling up the DagBag from /Users/oanottage/opt/anaconda3/envs/energyvenv/lib/python3.9/site-packages/airflow/example_dags/example_time_delta_sensor_async.py
[2023-04-07T18:24:32.176+0200] {processor.py:753} INFO - DAG(s) dict_keys(['example_time_delta_sensor_async']) retrieved from /Users/oanottage/opt/anaconda3/envs/energyvenv/lib/python3.9/site-packages/airflow/example_dags/example_time_delta_sensor_async.py
[2023-04-07T18:24:32.941+0200] {logging_mixin.py:137} INFO - [2023-04-07T18:24:32.940+0200] {dag.py:2705} INFO - Sync 1 DAGs
[2023-04-07T18:24:32.955+0200] {logging_mixin.py:137} INFO - [2023-04-07T18:24:32.955+0200] {dag.py:3452} INFO - Setting next_dagrun for example_time_delta_sensor_async to None, run_after=None
[2023-04-07T18:24:32.968+0200] {processor.py:175} INFO - Processing /Users/oanottage/opt/anaconda3/envs/energyvenv/lib/python3.9/site-packages/airflow/example_dags/example_time_delta_sensor_async.py took 0.835 seconds
[2023-04-07T18:25:55.810+0200] {processor.py:153} INFO - Started process (PID=20348) to work on /Users/oanottage/opt/anaconda3/envs/energyvenv/lib/python3.9/site-packages/airflow/example_dags/example_time_delta_sensor_async.py
[2023-04-07T18:25:55.814+0200] {processor.py:743} INFO - Processing file /Users/oanottage/opt/anaconda3/envs/energyvenv/lib/python3.9/site-packages/airflow/example_dags/example_time_delta_sensor_async.py for tasks to queue
[2023-04-07T18:25:55.814+0200] {logging_mixin.py:137} INFO - [2023-04-07T18:25:55.814+0200] {dagbag.py:532} INFO - Filling up the DagBag from /Users/oanottage/opt/anaconda3/envs/energyvenv/lib/python3.9/site-packages/airflow/example_dags/example_time_delta_sensor_async.py
[2023-04-07T18:25:55.851+0200] {processor.py:753} INFO - DAG(s) dict_keys(['example_time_delta_sensor_async']) retrieved from /Users/oanottage/opt/anaconda3/envs/energyvenv/lib/python3.9/site-packages/airflow/example_dags/example_time_delta_sensor_async.py
[2023-04-07T18:25:56.739+0200] {logging_mixin.py:137} INFO - [2023-04-07T18:25:56.738+0200] {dag.py:2705} INFO - Sync 1 DAGs
[2023-04-07T18:25:56.754+0200] {logging_mixin.py:137} INFO - [2023-04-07T18:25:56.754+0200] {dag.py:3452} INFO - Setting next_dagrun for example_time_delta_sensor_async to None, run_after=None
[2023-04-07T18:25:56.768+0200] {processor.py:175} INFO - Processing /Users/oanottage/opt/anaconda3/envs/energyvenv/lib/python3.9/site-packages/airflow/example_dags/example_time_delta_sensor_async.py took 0.958 seconds
[2023-04-07T18:27:12.542+0200] {processor.py:153} INFO - Started process (PID=20440) to work on /Users/oanottage/opt/anaconda3/envs/energyvenv/lib/python3.9/site-packages/airflow/example_dags/example_time_delta_sensor_async.py
[2023-04-07T18:27:12.545+0200] {processor.py:743} INFO - Processing file /Users/oanottage/opt/anaconda3/envs/energyvenv/lib/python3.9/site-packages/airflow/example_dags/example_time_delta_sensor_async.py for tasks to queue
[2023-04-07T18:27:12.546+0200] {logging_mixin.py:137} INFO - [2023-04-07T18:27:12.546+0200] {dagbag.py:532} INFO - Filling up the DagBag from /Users/oanottage/opt/anaconda3/envs/energyvenv/lib/python3.9/site-packages/airflow/example_dags/example_time_delta_sensor_async.py
[2023-04-07T18:27:12.582+0200] {processor.py:753} INFO - DAG(s) dict_keys(['example_time_delta_sensor_async']) retrieved from /Users/oanottage/opt/anaconda3/envs/energyvenv/lib/python3.9/site-packages/airflow/example_dags/example_time_delta_sensor_async.py
[2023-04-07T18:27:13.277+0200] {logging_mixin.py:137} INFO - [2023-04-07T18:27:13.276+0200] {dag.py:2705} INFO - Sync 1 DAGs
[2023-04-07T18:27:13.292+0200] {logging_mixin.py:137} INFO - [2023-04-07T18:27:13.292+0200] {dag.py:3452} INFO - Setting next_dagrun for example_time_delta_sensor_async to None, run_after=None
[2023-04-07T18:27:13.308+0200] {processor.py:175} INFO - Processing /Users/oanottage/opt/anaconda3/envs/energyvenv/lib/python3.9/site-packages/airflow/example_dags/example_time_delta_sensor_async.py took 0.766 seconds
[2023-04-07T18:29:00.908+0200] {processor.py:153} INFO - Started process (PID=20564) to work on /Users/oanottage/opt/anaconda3/envs/energyvenv/lib/python3.9/site-packages/airflow/example_dags/example_time_delta_sensor_async.py
[2023-04-07T18:29:00.911+0200] {processor.py:743} INFO - Processing file /Users/oanottage/opt/anaconda3/envs/energyvenv/lib/python3.9/site-packages/airflow/example_dags/example_time_delta_sensor_async.py for tasks to queue
[2023-04-07T18:29:00.911+0200] {logging_mixin.py:137} INFO - [2023-04-07T18:29:00.911+0200] {dagbag.py:532} INFO - Filling up the DagBag from /Users/oanottage/opt/anaconda3/envs/energyvenv/lib/python3.9/site-packages/airflow/example_dags/example_time_delta_sensor_async.py
[2023-04-07T18:29:00.963+0200] {processor.py:753} INFO - DAG(s) dict_keys(['example_time_delta_sensor_async']) retrieved from /Users/oanottage/opt/anaconda3/envs/energyvenv/lib/python3.9/site-packages/airflow/example_dags/example_time_delta_sensor_async.py
[2023-04-07T18:29:01.859+0200] {logging_mixin.py:137} INFO - [2023-04-07T18:29:01.859+0200] {dag.py:2705} INFO - Sync 1 DAGs
[2023-04-07T18:29:01.892+0200] {logging_mixin.py:137} INFO - [2023-04-07T18:29:01.892+0200] {dag.py:3452} INFO - Setting next_dagrun for example_time_delta_sensor_async to None, run_after=None
[2023-04-07T18:29:01.940+0200] {processor.py:175} INFO - Processing /Users/oanottage/opt/anaconda3/envs/energyvenv/lib/python3.9/site-packages/airflow/example_dags/example_time_delta_sensor_async.py took 1.033 seconds
[2023-04-07T18:30:22.459+0200] {processor.py:153} INFO - Started process (PID=20741) to work on /Users/oanottage/opt/anaconda3/envs/energyvenv/lib/python3.9/site-packages/airflow/example_dags/example_time_delta_sensor_async.py
[2023-04-07T18:30:22.463+0200] {processor.py:743} INFO - Processing file /Users/oanottage/opt/anaconda3/envs/energyvenv/lib/python3.9/site-packages/airflow/example_dags/example_time_delta_sensor_async.py for tasks to queue
[2023-04-07T18:30:22.464+0200] {logging_mixin.py:137} INFO - [2023-04-07T18:30:22.463+0200] {dagbag.py:532} INFO - Filling up the DagBag from /Users/oanottage/opt/anaconda3/envs/energyvenv/lib/python3.9/site-packages/airflow/example_dags/example_time_delta_sensor_async.py
[2023-04-07T18:30:22.504+0200] {processor.py:753} INFO - DAG(s) dict_keys(['example_time_delta_sensor_async']) retrieved from /Users/oanottage/opt/anaconda3/envs/energyvenv/lib/python3.9/site-packages/airflow/example_dags/example_time_delta_sensor_async.py
[2023-04-07T18:30:23.333+0200] {logging_mixin.py:137} INFO - [2023-04-07T18:30:23.333+0200] {dag.py:2705} INFO - Sync 1 DAGs
[2023-04-07T18:30:23.347+0200] {logging_mixin.py:137} INFO - [2023-04-07T18:30:23.347+0200] {dag.py:3452} INFO - Setting next_dagrun for example_time_delta_sensor_async to None, run_after=None
[2023-04-07T18:30:23.358+0200] {processor.py:175} INFO - Processing /Users/oanottage/opt/anaconda3/envs/energyvenv/lib/python3.9/site-packages/airflow/example_dags/example_time_delta_sensor_async.py took 0.900 seconds
[2023-04-07T18:42:20.949+0200] {processor.py:153} INFO - Started process (PID=21411) to work on /Users/oanottage/opt/anaconda3/envs/energyvenv/lib/python3.9/site-packages/airflow/example_dags/example_time_delta_sensor_async.py
[2023-04-07T18:42:20.953+0200] {processor.py:743} INFO - Processing file /Users/oanottage/opt/anaconda3/envs/energyvenv/lib/python3.9/site-packages/airflow/example_dags/example_time_delta_sensor_async.py for tasks to queue
[2023-04-07T18:42:20.953+0200] {logging_mixin.py:137} INFO - [2023-04-07T18:42:20.953+0200] {dagbag.py:532} INFO - Filling up the DagBag from /Users/oanottage/opt/anaconda3/envs/energyvenv/lib/python3.9/site-packages/airflow/example_dags/example_time_delta_sensor_async.py
[2023-04-07T18:42:20.999+0200] {processor.py:753} INFO - DAG(s) dict_keys(['example_time_delta_sensor_async']) retrieved from /Users/oanottage/opt/anaconda3/envs/energyvenv/lib/python3.9/site-packages/airflow/example_dags/example_time_delta_sensor_async.py
[2023-04-07T18:42:21.944+0200] {logging_mixin.py:137} INFO - [2023-04-07T18:42:21.944+0200] {dag.py:2705} INFO - Sync 1 DAGs
[2023-04-07T18:42:21.959+0200] {logging_mixin.py:137} INFO - [2023-04-07T18:42:21.958+0200] {dag.py:3452} INFO - Setting next_dagrun for example_time_delta_sensor_async to None, run_after=None
[2023-04-07T18:42:21.973+0200] {processor.py:175} INFO - Processing /Users/oanottage/opt/anaconda3/envs/energyvenv/lib/python3.9/site-packages/airflow/example_dags/example_time_delta_sensor_async.py took 1.024 seconds
[2023-04-07T18:45:15.979+0200] {processor.py:153} INFO - Started process (PID=21629) to work on /Users/oanottage/opt/anaconda3/envs/energyvenv/lib/python3.9/site-packages/airflow/example_dags/example_time_delta_sensor_async.py
[2023-04-07T18:45:15.983+0200] {processor.py:743} INFO - Processing file /Users/oanottage/opt/anaconda3/envs/energyvenv/lib/python3.9/site-packages/airflow/example_dags/example_time_delta_sensor_async.py for tasks to queue
[2023-04-07T18:45:15.983+0200] {logging_mixin.py:137} INFO - [2023-04-07T18:45:15.983+0200] {dagbag.py:532} INFO - Filling up the DagBag from /Users/oanottage/opt/anaconda3/envs/energyvenv/lib/python3.9/site-packages/airflow/example_dags/example_time_delta_sensor_async.py
[2023-04-07T18:45:16.021+0200] {processor.py:753} INFO - DAG(s) dict_keys(['example_time_delta_sensor_async']) retrieved from /Users/oanottage/opt/anaconda3/envs/energyvenv/lib/python3.9/site-packages/airflow/example_dags/example_time_delta_sensor_async.py
[2023-04-07T18:45:16.838+0200] {logging_mixin.py:137} INFO - [2023-04-07T18:45:16.838+0200] {dag.py:2705} INFO - Sync 1 DAGs
[2023-04-07T18:45:16.852+0200] {logging_mixin.py:137} INFO - [2023-04-07T18:45:16.852+0200] {dag.py:3452} INFO - Setting next_dagrun for example_time_delta_sensor_async to None, run_after=None
[2023-04-07T18:45:16.868+0200] {processor.py:175} INFO - Processing /Users/oanottage/opt/anaconda3/envs/energyvenv/lib/python3.9/site-packages/airflow/example_dags/example_time_delta_sensor_async.py took 0.889 seconds
