[2023-04-07T17:54:23.665+0200] {processor.py:153} INFO - Started process (PID=17808) to work on /Users/oanottage/opt/anaconda3/envs/energyvenv/lib/python3.9/site-packages/airflow/example_dags/example_trigger_target_dag.py
[2023-04-07T17:54:23.668+0200] {processor.py:743} INFO - Processing file /Users/oanottage/opt/anaconda3/envs/energyvenv/lib/python3.9/site-packages/airflow/example_dags/example_trigger_target_dag.py for tasks to queue
[2023-04-07T17:54:23.669+0200] {logging_mixin.py:137} INFO - [2023-04-07T17:54:23.668+0200] {dagbag.py:532} INFO - Filling up the DagBag from /Users/oanottage/opt/anaconda3/envs/energyvenv/lib/python3.9/site-packages/airflow/example_dags/example_trigger_target_dag.py
[2023-04-07T17:54:23.727+0200] {processor.py:753} INFO - DAG(s) dict_keys(['example_trigger_target_dag']) retrieved from /Users/oanottage/opt/anaconda3/envs/energyvenv/lib/python3.9/site-packages/airflow/example_dags/example_trigger_target_dag.py
[2023-04-07T17:54:24.409+0200] {logging_mixin.py:137} INFO - [2023-04-07T17:54:24.409+0200] {dag.py:2705} INFO - Sync 1 DAGs
[2023-04-07T17:54:24.422+0200] {logging_mixin.py:137} INFO - [2023-04-07T17:54:24.422+0200] {dag.py:3452} INFO - Setting next_dagrun for example_trigger_target_dag to None, run_after=None
[2023-04-07T17:54:24.440+0200] {processor.py:175} INFO - Processing /Users/oanottage/opt/anaconda3/envs/energyvenv/lib/python3.9/site-packages/airflow/example_dags/example_trigger_target_dag.py took 0.776 seconds
[2023-04-07T17:56:32.674+0200] {processor.py:153} INFO - Started process (PID=18020) to work on /Users/oanottage/opt/anaconda3/envs/energyvenv/lib/python3.9/site-packages/airflow/example_dags/example_trigger_target_dag.py
[2023-04-07T17:56:32.677+0200] {processor.py:743} INFO - Processing file /Users/oanottage/opt/anaconda3/envs/energyvenv/lib/python3.9/site-packages/airflow/example_dags/example_trigger_target_dag.py for tasks to queue
[2023-04-07T17:56:32.677+0200] {logging_mixin.py:137} INFO - [2023-04-07T17:56:32.677+0200] {dagbag.py:532} INFO - Filling up the DagBag from /Users/oanottage/opt/anaconda3/envs/energyvenv/lib/python3.9/site-packages/airflow/example_dags/example_trigger_target_dag.py
[2023-04-07T17:56:32.741+0200] {processor.py:753} INFO - DAG(s) dict_keys(['example_trigger_target_dag']) retrieved from /Users/oanottage/opt/anaconda3/envs/energyvenv/lib/python3.9/site-packages/airflow/example_dags/example_trigger_target_dag.py
[2023-04-07T17:56:33.453+0200] {logging_mixin.py:137} INFO - [2023-04-07T17:56:33.453+0200] {dag.py:2705} INFO - Sync 1 DAGs
[2023-04-07T17:56:33.467+0200] {logging_mixin.py:137} INFO - [2023-04-07T17:56:33.467+0200] {dag.py:3452} INFO - Setting next_dagrun for example_trigger_target_dag to None, run_after=None
[2023-04-07T17:56:33.483+0200] {processor.py:175} INFO - Processing /Users/oanottage/opt/anaconda3/envs/energyvenv/lib/python3.9/site-packages/airflow/example_dags/example_trigger_target_dag.py took 0.810 seconds
[2023-04-07T17:58:09.668+0200] {processor.py:153} INFO - Started process (PID=18124) to work on /Users/oanottage/opt/anaconda3/envs/energyvenv/lib/python3.9/site-packages/airflow/example_dags/example_trigger_target_dag.py
[2023-04-07T17:58:09.671+0200] {processor.py:743} INFO - Processing file /Users/oanottage/opt/anaconda3/envs/energyvenv/lib/python3.9/site-packages/airflow/example_dags/example_trigger_target_dag.py for tasks to queue
[2023-04-07T17:58:09.671+0200] {logging_mixin.py:137} INFO - [2023-04-07T17:58:09.671+0200] {dagbag.py:532} INFO - Filling up the DagBag from /Users/oanottage/opt/anaconda3/envs/energyvenv/lib/python3.9/site-packages/airflow/example_dags/example_trigger_target_dag.py
[2023-04-07T17:58:09.728+0200] {processor.py:753} INFO - DAG(s) dict_keys(['example_trigger_target_dag']) retrieved from /Users/oanottage/opt/anaconda3/envs/energyvenv/lib/python3.9/site-packages/airflow/example_dags/example_trigger_target_dag.py
[2023-04-07T17:58:10.323+0200] {logging_mixin.py:137} INFO - [2023-04-07T17:58:10.323+0200] {dag.py:2705} INFO - Sync 1 DAGs
[2023-04-07T17:58:10.335+0200] {logging_mixin.py:137} INFO - [2023-04-07T17:58:10.335+0200] {dag.py:3452} INFO - Setting next_dagrun for example_trigger_target_dag to None, run_after=None
[2023-04-07T17:58:10.348+0200] {processor.py:175} INFO - Processing /Users/oanottage/opt/anaconda3/envs/energyvenv/lib/python3.9/site-packages/airflow/example_dags/example_trigger_target_dag.py took 0.681 seconds
[2023-04-07T17:59:29.516+0200] {processor.py:153} INFO - Started process (PID=18220) to work on /Users/oanottage/opt/anaconda3/envs/energyvenv/lib/python3.9/site-packages/airflow/example_dags/example_trigger_target_dag.py
[2023-04-07T17:59:29.521+0200] {processor.py:743} INFO - Processing file /Users/oanottage/opt/anaconda3/envs/energyvenv/lib/python3.9/site-packages/airflow/example_dags/example_trigger_target_dag.py for tasks to queue
[2023-04-07T17:59:29.521+0200] {logging_mixin.py:137} INFO - [2023-04-07T17:59:29.521+0200] {dagbag.py:532} INFO - Filling up the DagBag from /Users/oanottage/opt/anaconda3/envs/energyvenv/lib/python3.9/site-packages/airflow/example_dags/example_trigger_target_dag.py
[2023-04-07T17:59:29.593+0200] {processor.py:753} INFO - DAG(s) dict_keys(['example_trigger_target_dag']) retrieved from /Users/oanottage/opt/anaconda3/envs/energyvenv/lib/python3.9/site-packages/airflow/example_dags/example_trigger_target_dag.py
[2023-04-07T17:59:30.212+0200] {logging_mixin.py:137} INFO - [2023-04-07T17:59:30.212+0200] {dag.py:2705} INFO - Sync 1 DAGs
[2023-04-07T17:59:30.223+0200] {logging_mixin.py:137} INFO - [2023-04-07T17:59:30.223+0200] {dag.py:3452} INFO - Setting next_dagrun for example_trigger_target_dag to None, run_after=None
[2023-04-07T17:59:30.235+0200] {processor.py:175} INFO - Processing /Users/oanottage/opt/anaconda3/envs/energyvenv/lib/python3.9/site-packages/airflow/example_dags/example_trigger_target_dag.py took 0.720 seconds
[2023-04-07T18:00:49.248+0200] {processor.py:153} INFO - Started process (PID=18322) to work on /Users/oanottage/opt/anaconda3/envs/energyvenv/lib/python3.9/site-packages/airflow/example_dags/example_trigger_target_dag.py
[2023-04-07T18:00:49.251+0200] {processor.py:743} INFO - Processing file /Users/oanottage/opt/anaconda3/envs/energyvenv/lib/python3.9/site-packages/airflow/example_dags/example_trigger_target_dag.py for tasks to queue
[2023-04-07T18:00:49.252+0200] {logging_mixin.py:137} INFO - [2023-04-07T18:00:49.252+0200] {dagbag.py:532} INFO - Filling up the DagBag from /Users/oanottage/opt/anaconda3/envs/energyvenv/lib/python3.9/site-packages/airflow/example_dags/example_trigger_target_dag.py
[2023-04-07T18:00:49.315+0200] {processor.py:753} INFO - DAG(s) dict_keys(['example_trigger_target_dag']) retrieved from /Users/oanottage/opt/anaconda3/envs/energyvenv/lib/python3.9/site-packages/airflow/example_dags/example_trigger_target_dag.py
[2023-04-07T18:00:49.975+0200] {logging_mixin.py:137} INFO - [2023-04-07T18:00:49.975+0200] {dag.py:2705} INFO - Sync 1 DAGs
[2023-04-07T18:00:49.988+0200] {logging_mixin.py:137} INFO - [2023-04-07T18:00:49.988+0200] {dag.py:3452} INFO - Setting next_dagrun for example_trigger_target_dag to None, run_after=None
[2023-04-07T18:00:49.999+0200] {processor.py:175} INFO - Processing /Users/oanottage/opt/anaconda3/envs/energyvenv/lib/python3.9/site-packages/airflow/example_dags/example_trigger_target_dag.py took 0.752 seconds
[2023-04-07T18:02:11.489+0200] {processor.py:153} INFO - Started process (PID=18415) to work on /Users/oanottage/opt/anaconda3/envs/energyvenv/lib/python3.9/site-packages/airflow/example_dags/example_trigger_target_dag.py
[2023-04-07T18:02:11.492+0200] {processor.py:743} INFO - Processing file /Users/oanottage/opt/anaconda3/envs/energyvenv/lib/python3.9/site-packages/airflow/example_dags/example_trigger_target_dag.py for tasks to queue
[2023-04-07T18:02:11.492+0200] {logging_mixin.py:137} INFO - [2023-04-07T18:02:11.492+0200] {dagbag.py:532} INFO - Filling up the DagBag from /Users/oanottage/opt/anaconda3/envs/energyvenv/lib/python3.9/site-packages/airflow/example_dags/example_trigger_target_dag.py
[2023-04-07T18:02:11.555+0200] {processor.py:753} INFO - DAG(s) dict_keys(['example_trigger_target_dag']) retrieved from /Users/oanottage/opt/anaconda3/envs/energyvenv/lib/python3.9/site-packages/airflow/example_dags/example_trigger_target_dag.py
[2023-04-07T18:02:12.244+0200] {logging_mixin.py:137} INFO - [2023-04-07T18:02:12.244+0200] {dag.py:2705} INFO - Sync 1 DAGs
[2023-04-07T18:02:12.257+0200] {logging_mixin.py:137} INFO - [2023-04-07T18:02:12.257+0200] {dag.py:3452} INFO - Setting next_dagrun for example_trigger_target_dag to None, run_after=None
[2023-04-07T18:02:12.271+0200] {processor.py:175} INFO - Processing /Users/oanottage/opt/anaconda3/envs/energyvenv/lib/python3.9/site-packages/airflow/example_dags/example_trigger_target_dag.py took 0.783 seconds
[2023-04-07T18:04:35.625+0200] {processor.py:153} INFO - Started process (PID=18598) to work on /Users/oanottage/opt/anaconda3/envs/energyvenv/lib/python3.9/site-packages/airflow/example_dags/example_trigger_target_dag.py
[2023-04-07T18:04:35.628+0200] {processor.py:743} INFO - Processing file /Users/oanottage/opt/anaconda3/envs/energyvenv/lib/python3.9/site-packages/airflow/example_dags/example_trigger_target_dag.py for tasks to queue
[2023-04-07T18:04:35.629+0200] {logging_mixin.py:137} INFO - [2023-04-07T18:04:35.629+0200] {dagbag.py:532} INFO - Filling up the DagBag from /Users/oanottage/opt/anaconda3/envs/energyvenv/lib/python3.9/site-packages/airflow/example_dags/example_trigger_target_dag.py
[2023-04-07T18:04:35.690+0200] {processor.py:753} INFO - DAG(s) dict_keys(['example_trigger_target_dag']) retrieved from /Users/oanottage/opt/anaconda3/envs/energyvenv/lib/python3.9/site-packages/airflow/example_dags/example_trigger_target_dag.py
[2023-04-07T18:04:36.364+0200] {logging_mixin.py:137} INFO - [2023-04-07T18:04:36.364+0200] {dag.py:2705} INFO - Sync 1 DAGs
[2023-04-07T18:04:36.375+0200] {logging_mixin.py:137} INFO - [2023-04-07T18:04:36.375+0200] {dag.py:3452} INFO - Setting next_dagrun for example_trigger_target_dag to None, run_after=None
[2023-04-07T18:04:36.387+0200] {processor.py:175} INFO - Processing /Users/oanottage/opt/anaconda3/envs/energyvenv/lib/python3.9/site-packages/airflow/example_dags/example_trigger_target_dag.py took 0.763 seconds
[2023-04-07T18:06:29.226+0200] {processor.py:153} INFO - Started process (PID=18745) to work on /Users/oanottage/opt/anaconda3/envs/energyvenv/lib/python3.9/site-packages/airflow/example_dags/example_trigger_target_dag.py
[2023-04-07T18:06:29.229+0200] {processor.py:743} INFO - Processing file /Users/oanottage/opt/anaconda3/envs/energyvenv/lib/python3.9/site-packages/airflow/example_dags/example_trigger_target_dag.py for tasks to queue
[2023-04-07T18:06:29.229+0200] {logging_mixin.py:137} INFO - [2023-04-07T18:06:29.229+0200] {dagbag.py:532} INFO - Filling up the DagBag from /Users/oanottage/opt/anaconda3/envs/energyvenv/lib/python3.9/site-packages/airflow/example_dags/example_trigger_target_dag.py
[2023-04-07T18:06:29.283+0200] {processor.py:753} INFO - DAG(s) dict_keys(['example_trigger_target_dag']) retrieved from /Users/oanottage/opt/anaconda3/envs/energyvenv/lib/python3.9/site-packages/airflow/example_dags/example_trigger_target_dag.py
[2023-04-07T18:06:29.943+0200] {logging_mixin.py:137} INFO - [2023-04-07T18:06:29.943+0200] {dag.py:2705} INFO - Sync 1 DAGs
[2023-04-07T18:06:29.956+0200] {logging_mixin.py:137} INFO - [2023-04-07T18:06:29.956+0200] {dag.py:3452} INFO - Setting next_dagrun for example_trigger_target_dag to None, run_after=None
[2023-04-07T18:06:29.971+0200] {processor.py:175} INFO - Processing /Users/oanottage/opt/anaconda3/envs/energyvenv/lib/python3.9/site-packages/airflow/example_dags/example_trigger_target_dag.py took 0.746 seconds
[2023-04-07T18:08:05.335+0200] {processor.py:153} INFO - Started process (PID=18893) to work on /Users/oanottage/opt/anaconda3/envs/energyvenv/lib/python3.9/site-packages/airflow/example_dags/example_trigger_target_dag.py
[2023-04-07T18:08:05.338+0200] {processor.py:743} INFO - Processing file /Users/oanottage/opt/anaconda3/envs/energyvenv/lib/python3.9/site-packages/airflow/example_dags/example_trigger_target_dag.py for tasks to queue
[2023-04-07T18:08:05.339+0200] {logging_mixin.py:137} INFO - [2023-04-07T18:08:05.339+0200] {dagbag.py:532} INFO - Filling up the DagBag from /Users/oanottage/opt/anaconda3/envs/energyvenv/lib/python3.9/site-packages/airflow/example_dags/example_trigger_target_dag.py
[2023-04-07T18:08:05.396+0200] {processor.py:753} INFO - DAG(s) dict_keys(['example_trigger_target_dag']) retrieved from /Users/oanottage/opt/anaconda3/envs/energyvenv/lib/python3.9/site-packages/airflow/example_dags/example_trigger_target_dag.py
[2023-04-07T18:08:06.078+0200] {logging_mixin.py:137} INFO - [2023-04-07T18:08:06.078+0200] {dag.py:2705} INFO - Sync 1 DAGs
[2023-04-07T18:08:06.095+0200] {logging_mixin.py:137} INFO - [2023-04-07T18:08:06.095+0200] {dag.py:3452} INFO - Setting next_dagrun for example_trigger_target_dag to None, run_after=None
[2023-04-07T18:08:06.113+0200] {processor.py:175} INFO - Processing /Users/oanottage/opt/anaconda3/envs/energyvenv/lib/python3.9/site-packages/airflow/example_dags/example_trigger_target_dag.py took 0.778 seconds
[2023-04-07T18:09:55.640+0200] {processor.py:153} INFO - Started process (PID=19094) to work on /Users/oanottage/opt/anaconda3/envs/energyvenv/lib/python3.9/site-packages/airflow/example_dags/example_trigger_target_dag.py
[2023-04-07T18:09:55.643+0200] {processor.py:743} INFO - Processing file /Users/oanottage/opt/anaconda3/envs/energyvenv/lib/python3.9/site-packages/airflow/example_dags/example_trigger_target_dag.py for tasks to queue
[2023-04-07T18:09:55.644+0200] {logging_mixin.py:137} INFO - [2023-04-07T18:09:55.644+0200] {dagbag.py:532} INFO - Filling up the DagBag from /Users/oanottage/opt/anaconda3/envs/energyvenv/lib/python3.9/site-packages/airflow/example_dags/example_trigger_target_dag.py
[2023-04-07T18:09:55.700+0200] {processor.py:753} INFO - DAG(s) dict_keys(['example_trigger_target_dag']) retrieved from /Users/oanottage/opt/anaconda3/envs/energyvenv/lib/python3.9/site-packages/airflow/example_dags/example_trigger_target_dag.py
[2023-04-07T18:09:56.326+0200] {logging_mixin.py:137} INFO - [2023-04-07T18:09:56.326+0200] {dag.py:2705} INFO - Sync 1 DAGs
[2023-04-07T18:09:56.336+0200] {logging_mixin.py:137} INFO - [2023-04-07T18:09:56.336+0200] {dag.py:3452} INFO - Setting next_dagrun for example_trigger_target_dag to None, run_after=None
[2023-04-07T18:09:56.349+0200] {processor.py:175} INFO - Processing /Users/oanottage/opt/anaconda3/envs/energyvenv/lib/python3.9/site-packages/airflow/example_dags/example_trigger_target_dag.py took 0.710 seconds
[2023-04-07T18:11:17.012+0200] {processor.py:153} INFO - Started process (PID=19204) to work on /Users/oanottage/opt/anaconda3/envs/energyvenv/lib/python3.9/site-packages/airflow/example_dags/example_trigger_target_dag.py
[2023-04-07T18:11:17.016+0200] {processor.py:743} INFO - Processing file /Users/oanottage/opt/anaconda3/envs/energyvenv/lib/python3.9/site-packages/airflow/example_dags/example_trigger_target_dag.py for tasks to queue
[2023-04-07T18:11:17.016+0200] {logging_mixin.py:137} INFO - [2023-04-07T18:11:17.016+0200] {dagbag.py:532} INFO - Filling up the DagBag from /Users/oanottage/opt/anaconda3/envs/energyvenv/lib/python3.9/site-packages/airflow/example_dags/example_trigger_target_dag.py
[2023-04-07T18:11:17.073+0200] {processor.py:753} INFO - DAG(s) dict_keys(['example_trigger_target_dag']) retrieved from /Users/oanottage/opt/anaconda3/envs/energyvenv/lib/python3.9/site-packages/airflow/example_dags/example_trigger_target_dag.py
[2023-04-07T18:11:17.706+0200] {logging_mixin.py:137} INFO - [2023-04-07T18:11:17.706+0200] {dag.py:2705} INFO - Sync 1 DAGs
[2023-04-07T18:11:17.717+0200] {logging_mixin.py:137} INFO - [2023-04-07T18:11:17.717+0200] {dag.py:3452} INFO - Setting next_dagrun for example_trigger_target_dag to None, run_after=None
[2023-04-07T18:11:17.731+0200] {processor.py:175} INFO - Processing /Users/oanottage/opt/anaconda3/envs/energyvenv/lib/python3.9/site-packages/airflow/example_dags/example_trigger_target_dag.py took 0.719 seconds
[2023-04-07T18:12:40.317+0200] {processor.py:153} INFO - Started process (PID=19298) to work on /Users/oanottage/opt/anaconda3/envs/energyvenv/lib/python3.9/site-packages/airflow/example_dags/example_trigger_target_dag.py
[2023-04-07T18:12:40.320+0200] {processor.py:743} INFO - Processing file /Users/oanottage/opt/anaconda3/envs/energyvenv/lib/python3.9/site-packages/airflow/example_dags/example_trigger_target_dag.py for tasks to queue
[2023-04-07T18:12:40.321+0200] {logging_mixin.py:137} INFO - [2023-04-07T18:12:40.321+0200] {dagbag.py:532} INFO - Filling up the DagBag from /Users/oanottage/opt/anaconda3/envs/energyvenv/lib/python3.9/site-packages/airflow/example_dags/example_trigger_target_dag.py
[2023-04-07T18:12:40.393+0200] {processor.py:753} INFO - DAG(s) dict_keys(['example_trigger_target_dag']) retrieved from /Users/oanottage/opt/anaconda3/envs/energyvenv/lib/python3.9/site-packages/airflow/example_dags/example_trigger_target_dag.py
[2023-04-07T18:12:41.091+0200] {logging_mixin.py:137} INFO - [2023-04-07T18:12:41.091+0200] {dag.py:2705} INFO - Sync 1 DAGs
[2023-04-07T18:12:41.103+0200] {logging_mixin.py:137} INFO - [2023-04-07T18:12:41.103+0200] {dag.py:3452} INFO - Setting next_dagrun for example_trigger_target_dag to None, run_after=None
[2023-04-07T18:12:41.117+0200] {processor.py:175} INFO - Processing /Users/oanottage/opt/anaconda3/envs/energyvenv/lib/python3.9/site-packages/airflow/example_dags/example_trigger_target_dag.py took 0.801 seconds
[2023-04-07T18:13:15.024+0200] {processor.py:153} INFO - Started process (PID=19369) to work on /Users/oanottage/opt/anaconda3/envs/energyvenv/lib/python3.9/site-packages/airflow/example_dags/example_trigger_target_dag.py
[2023-04-07T18:13:15.030+0200] {processor.py:743} INFO - Processing file /Users/oanottage/opt/anaconda3/envs/energyvenv/lib/python3.9/site-packages/airflow/example_dags/example_trigger_target_dag.py for tasks to queue
[2023-04-07T18:13:15.031+0200] {logging_mixin.py:137} INFO - [2023-04-07T18:13:15.030+0200] {dagbag.py:532} INFO - Filling up the DagBag from /Users/oanottage/opt/anaconda3/envs/energyvenv/lib/python3.9/site-packages/airflow/example_dags/example_trigger_target_dag.py
[2023-04-07T18:13:15.110+0200] {processor.py:753} INFO - DAG(s) dict_keys(['example_trigger_target_dag']) retrieved from /Users/oanottage/opt/anaconda3/envs/energyvenv/lib/python3.9/site-packages/airflow/example_dags/example_trigger_target_dag.py
[2023-04-07T18:13:15.915+0200] {logging_mixin.py:137} INFO - [2023-04-07T18:13:15.915+0200] {dag.py:2705} INFO - Sync 1 DAGs
[2023-04-07T18:13:15.928+0200] {logging_mixin.py:137} INFO - [2023-04-07T18:13:15.928+0200] {dag.py:3452} INFO - Setting next_dagrun for example_trigger_target_dag to None, run_after=None
[2023-04-07T18:13:15.943+0200] {processor.py:175} INFO - Processing /Users/oanottage/opt/anaconda3/envs/energyvenv/lib/python3.9/site-packages/airflow/example_dags/example_trigger_target_dag.py took 0.920 seconds
[2023-04-07T18:15:46.644+0200] {processor.py:153} INFO - Started process (PID=19568) to work on /Users/oanottage/opt/anaconda3/envs/energyvenv/lib/python3.9/site-packages/airflow/example_dags/example_trigger_target_dag.py
[2023-04-07T18:15:46.648+0200] {processor.py:743} INFO - Processing file /Users/oanottage/opt/anaconda3/envs/energyvenv/lib/python3.9/site-packages/airflow/example_dags/example_trigger_target_dag.py for tasks to queue
[2023-04-07T18:15:46.649+0200] {logging_mixin.py:137} INFO - [2023-04-07T18:15:46.649+0200] {dagbag.py:532} INFO - Filling up the DagBag from /Users/oanottage/opt/anaconda3/envs/energyvenv/lib/python3.9/site-packages/airflow/example_dags/example_trigger_target_dag.py
[2023-04-07T18:15:46.723+0200] {processor.py:753} INFO - DAG(s) dict_keys(['example_trigger_target_dag']) retrieved from /Users/oanottage/opt/anaconda3/envs/energyvenv/lib/python3.9/site-packages/airflow/example_dags/example_trigger_target_dag.py
[2023-04-07T18:15:47.392+0200] {logging_mixin.py:137} INFO - [2023-04-07T18:15:47.392+0200] {dag.py:2705} INFO - Sync 1 DAGs
[2023-04-07T18:15:47.403+0200] {logging_mixin.py:137} INFO - [2023-04-07T18:15:47.403+0200] {dag.py:3452} INFO - Setting next_dagrun for example_trigger_target_dag to None, run_after=None
[2023-04-07T18:15:47.416+0200] {processor.py:175} INFO - Processing /Users/oanottage/opt/anaconda3/envs/energyvenv/lib/python3.9/site-packages/airflow/example_dags/example_trigger_target_dag.py took 0.773 seconds
[2023-04-07T18:17:38.183+0200] {processor.py:153} INFO - Started process (PID=19709) to work on /Users/oanottage/opt/anaconda3/envs/energyvenv/lib/python3.9/site-packages/airflow/example_dags/example_trigger_target_dag.py
[2023-04-07T18:17:38.187+0200] {processor.py:743} INFO - Processing file /Users/oanottage/opt/anaconda3/envs/energyvenv/lib/python3.9/site-packages/airflow/example_dags/example_trigger_target_dag.py for tasks to queue
[2023-04-07T18:17:38.187+0200] {logging_mixin.py:137} INFO - [2023-04-07T18:17:38.187+0200] {dagbag.py:532} INFO - Filling up the DagBag from /Users/oanottage/opt/anaconda3/envs/energyvenv/lib/python3.9/site-packages/airflow/example_dags/example_trigger_target_dag.py
[2023-04-07T18:17:38.242+0200] {processor.py:753} INFO - DAG(s) dict_keys(['example_trigger_target_dag']) retrieved from /Users/oanottage/opt/anaconda3/envs/energyvenv/lib/python3.9/site-packages/airflow/example_dags/example_trigger_target_dag.py
[2023-04-07T18:17:38.874+0200] {logging_mixin.py:137} INFO - [2023-04-07T18:17:38.873+0200] {dag.py:2705} INFO - Sync 1 DAGs
[2023-04-07T18:17:38.889+0200] {logging_mixin.py:137} INFO - [2023-04-07T18:17:38.889+0200] {dag.py:3452} INFO - Setting next_dagrun for example_trigger_target_dag to None, run_after=None
[2023-04-07T18:17:38.904+0200] {processor.py:175} INFO - Processing /Users/oanottage/opt/anaconda3/envs/energyvenv/lib/python3.9/site-packages/airflow/example_dags/example_trigger_target_dag.py took 0.722 seconds
[2023-04-07T18:18:59.653+0200] {processor.py:153} INFO - Started process (PID=19798) to work on /Users/oanottage/opt/anaconda3/envs/energyvenv/lib/python3.9/site-packages/airflow/example_dags/example_trigger_target_dag.py
[2023-04-07T18:18:59.657+0200] {processor.py:743} INFO - Processing file /Users/oanottage/opt/anaconda3/envs/energyvenv/lib/python3.9/site-packages/airflow/example_dags/example_trigger_target_dag.py for tasks to queue
[2023-04-07T18:18:59.657+0200] {logging_mixin.py:137} INFO - [2023-04-07T18:18:59.657+0200] {dagbag.py:532} INFO - Filling up the DagBag from /Users/oanottage/opt/anaconda3/envs/energyvenv/lib/python3.9/site-packages/airflow/example_dags/example_trigger_target_dag.py
[2023-04-07T18:18:59.715+0200] {processor.py:753} INFO - DAG(s) dict_keys(['example_trigger_target_dag']) retrieved from /Users/oanottage/opt/anaconda3/envs/energyvenv/lib/python3.9/site-packages/airflow/example_dags/example_trigger_target_dag.py
[2023-04-07T18:19:00.341+0200] {logging_mixin.py:137} INFO - [2023-04-07T18:19:00.341+0200] {dag.py:2705} INFO - Sync 1 DAGs
[2023-04-07T18:19:00.351+0200] {logging_mixin.py:137} INFO - [2023-04-07T18:19:00.351+0200] {dag.py:3452} INFO - Setting next_dagrun for example_trigger_target_dag to None, run_after=None
[2023-04-07T18:19:00.367+0200] {processor.py:175} INFO - Processing /Users/oanottage/opt/anaconda3/envs/energyvenv/lib/python3.9/site-packages/airflow/example_dags/example_trigger_target_dag.py took 0.714 seconds
[2023-04-07T18:20:22.609+0200] {processor.py:153} INFO - Started process (PID=19968) to work on /Users/oanottage/opt/anaconda3/envs/energyvenv/lib/python3.9/site-packages/airflow/example_dags/example_trigger_target_dag.py
[2023-04-07T18:20:22.614+0200] {processor.py:743} INFO - Processing file /Users/oanottage/opt/anaconda3/envs/energyvenv/lib/python3.9/site-packages/airflow/example_dags/example_trigger_target_dag.py for tasks to queue
[2023-04-07T18:20:22.614+0200] {logging_mixin.py:137} INFO - [2023-04-07T18:20:22.614+0200] {dagbag.py:532} INFO - Filling up the DagBag from /Users/oanottage/opt/anaconda3/envs/energyvenv/lib/python3.9/site-packages/airflow/example_dags/example_trigger_target_dag.py
[2023-04-07T18:20:22.685+0200] {processor.py:753} INFO - DAG(s) dict_keys(['example_trigger_target_dag']) retrieved from /Users/oanottage/opt/anaconda3/envs/energyvenv/lib/python3.9/site-packages/airflow/example_dags/example_trigger_target_dag.py
[2023-04-07T18:20:23.402+0200] {logging_mixin.py:137} INFO - [2023-04-07T18:20:23.402+0200] {dag.py:2705} INFO - Sync 1 DAGs
[2023-04-07T18:20:23.414+0200] {logging_mixin.py:137} INFO - [2023-04-07T18:20:23.414+0200] {dag.py:3452} INFO - Setting next_dagrun for example_trigger_target_dag to None, run_after=None
[2023-04-07T18:20:23.427+0200] {processor.py:175} INFO - Processing /Users/oanottage/opt/anaconda3/envs/energyvenv/lib/python3.9/site-packages/airflow/example_dags/example_trigger_target_dag.py took 0.818 seconds
[2023-04-07T18:21:43.544+0200] {processor.py:153} INFO - Started process (PID=20062) to work on /Users/oanottage/opt/anaconda3/envs/energyvenv/lib/python3.9/site-packages/airflow/example_dags/example_trigger_target_dag.py
[2023-04-07T18:21:43.547+0200] {processor.py:743} INFO - Processing file /Users/oanottage/opt/anaconda3/envs/energyvenv/lib/python3.9/site-packages/airflow/example_dags/example_trigger_target_dag.py for tasks to queue
[2023-04-07T18:21:43.547+0200] {logging_mixin.py:137} INFO - [2023-04-07T18:21:43.547+0200] {dagbag.py:532} INFO - Filling up the DagBag from /Users/oanottage/opt/anaconda3/envs/energyvenv/lib/python3.9/site-packages/airflow/example_dags/example_trigger_target_dag.py
[2023-04-07T18:21:43.603+0200] {processor.py:753} INFO - DAG(s) dict_keys(['example_trigger_target_dag']) retrieved from /Users/oanottage/opt/anaconda3/envs/energyvenv/lib/python3.9/site-packages/airflow/example_dags/example_trigger_target_dag.py
[2023-04-07T18:21:44.232+0200] {logging_mixin.py:137} INFO - [2023-04-07T18:21:44.232+0200] {dag.py:2705} INFO - Sync 1 DAGs
[2023-04-07T18:21:44.243+0200] {logging_mixin.py:137} INFO - [2023-04-07T18:21:44.243+0200] {dag.py:3452} INFO - Setting next_dagrun for example_trigger_target_dag to None, run_after=None
[2023-04-07T18:21:44.257+0200] {processor.py:175} INFO - Processing /Users/oanottage/opt/anaconda3/envs/energyvenv/lib/python3.9/site-packages/airflow/example_dags/example_trigger_target_dag.py took 0.714 seconds
[2023-04-07T18:23:04.813+0200] {processor.py:153} INFO - Started process (PID=20146) to work on /Users/oanottage/opt/anaconda3/envs/energyvenv/lib/python3.9/site-packages/airflow/example_dags/example_trigger_target_dag.py
[2023-04-07T18:23:04.817+0200] {processor.py:743} INFO - Processing file /Users/oanottage/opt/anaconda3/envs/energyvenv/lib/python3.9/site-packages/airflow/example_dags/example_trigger_target_dag.py for tasks to queue
[2023-04-07T18:23:04.817+0200] {logging_mixin.py:137} INFO - [2023-04-07T18:23:04.817+0200] {dagbag.py:532} INFO - Filling up the DagBag from /Users/oanottage/opt/anaconda3/envs/energyvenv/lib/python3.9/site-packages/airflow/example_dags/example_trigger_target_dag.py
[2023-04-07T18:23:04.877+0200] {processor.py:753} INFO - DAG(s) dict_keys(['example_trigger_target_dag']) retrieved from /Users/oanottage/opt/anaconda3/envs/energyvenv/lib/python3.9/site-packages/airflow/example_dags/example_trigger_target_dag.py
[2023-04-07T18:23:05.521+0200] {logging_mixin.py:137} INFO - [2023-04-07T18:23:05.521+0200] {dag.py:2705} INFO - Sync 1 DAGs
[2023-04-07T18:23:05.532+0200] {logging_mixin.py:137} INFO - [2023-04-07T18:23:05.532+0200] {dag.py:3452} INFO - Setting next_dagrun for example_trigger_target_dag to None, run_after=None
[2023-04-07T18:23:05.545+0200] {processor.py:175} INFO - Processing /Users/oanottage/opt/anaconda3/envs/energyvenv/lib/python3.9/site-packages/airflow/example_dags/example_trigger_target_dag.py took 0.732 seconds
[2023-04-07T18:24:26.740+0200] {processor.py:153} INFO - Started process (PID=20231) to work on /Users/oanottage/opt/anaconda3/envs/energyvenv/lib/python3.9/site-packages/airflow/example_dags/example_trigger_target_dag.py
[2023-04-07T18:24:26.743+0200] {processor.py:743} INFO - Processing file /Users/oanottage/opt/anaconda3/envs/energyvenv/lib/python3.9/site-packages/airflow/example_dags/example_trigger_target_dag.py for tasks to queue
[2023-04-07T18:24:26.744+0200] {logging_mixin.py:137} INFO - [2023-04-07T18:24:26.744+0200] {dagbag.py:532} INFO - Filling up the DagBag from /Users/oanottage/opt/anaconda3/envs/energyvenv/lib/python3.9/site-packages/airflow/example_dags/example_trigger_target_dag.py
[2023-04-07T18:24:26.803+0200] {processor.py:753} INFO - DAG(s) dict_keys(['example_trigger_target_dag']) retrieved from /Users/oanottage/opt/anaconda3/envs/energyvenv/lib/python3.9/site-packages/airflow/example_dags/example_trigger_target_dag.py
[2023-04-07T18:24:27.448+0200] {logging_mixin.py:137} INFO - [2023-04-07T18:24:27.448+0200] {dag.py:2705} INFO - Sync 1 DAGs
[2023-04-07T18:24:27.461+0200] {logging_mixin.py:137} INFO - [2023-04-07T18:24:27.461+0200] {dag.py:3452} INFO - Setting next_dagrun for example_trigger_target_dag to None, run_after=None
[2023-04-07T18:24:27.475+0200] {processor.py:175} INFO - Processing /Users/oanottage/opt/anaconda3/envs/energyvenv/lib/python3.9/site-packages/airflow/example_dags/example_trigger_target_dag.py took 0.736 seconds
[2023-04-07T18:25:50.505+0200] {processor.py:153} INFO - Started process (PID=20342) to work on /Users/oanottage/opt/anaconda3/envs/energyvenv/lib/python3.9/site-packages/airflow/example_dags/example_trigger_target_dag.py
[2023-04-07T18:25:50.508+0200] {processor.py:743} INFO - Processing file /Users/oanottage/opt/anaconda3/envs/energyvenv/lib/python3.9/site-packages/airflow/example_dags/example_trigger_target_dag.py for tasks to queue
[2023-04-07T18:25:50.509+0200] {logging_mixin.py:137} INFO - [2023-04-07T18:25:50.509+0200] {dagbag.py:532} INFO - Filling up the DagBag from /Users/oanottage/opt/anaconda3/envs/energyvenv/lib/python3.9/site-packages/airflow/example_dags/example_trigger_target_dag.py
[2023-04-07T18:25:50.564+0200] {processor.py:753} INFO - DAG(s) dict_keys(['example_trigger_target_dag']) retrieved from /Users/oanottage/opt/anaconda3/envs/energyvenv/lib/python3.9/site-packages/airflow/example_dags/example_trigger_target_dag.py
[2023-04-07T18:25:51.238+0200] {logging_mixin.py:137} INFO - [2023-04-07T18:25:51.237+0200] {dag.py:2705} INFO - Sync 1 DAGs
[2023-04-07T18:25:51.248+0200] {logging_mixin.py:137} INFO - [2023-04-07T18:25:51.248+0200] {dag.py:3452} INFO - Setting next_dagrun for example_trigger_target_dag to None, run_after=None
[2023-04-07T18:25:51.261+0200] {processor.py:175} INFO - Processing /Users/oanottage/opt/anaconda3/envs/energyvenv/lib/python3.9/site-packages/airflow/example_dags/example_trigger_target_dag.py took 0.757 seconds
[2023-04-07T18:27:08.467+0200] {processor.py:153} INFO - Started process (PID=20434) to work on /Users/oanottage/opt/anaconda3/envs/energyvenv/lib/python3.9/site-packages/airflow/example_dags/example_trigger_target_dag.py
[2023-04-07T18:27:08.470+0200] {processor.py:743} INFO - Processing file /Users/oanottage/opt/anaconda3/envs/energyvenv/lib/python3.9/site-packages/airflow/example_dags/example_trigger_target_dag.py for tasks to queue
[2023-04-07T18:27:08.471+0200] {logging_mixin.py:137} INFO - [2023-04-07T18:27:08.471+0200] {dagbag.py:532} INFO - Filling up the DagBag from /Users/oanottage/opt/anaconda3/envs/energyvenv/lib/python3.9/site-packages/airflow/example_dags/example_trigger_target_dag.py
[2023-04-07T18:27:08.541+0200] {processor.py:753} INFO - DAG(s) dict_keys(['example_trigger_target_dag']) retrieved from /Users/oanottage/opt/anaconda3/envs/energyvenv/lib/python3.9/site-packages/airflow/example_dags/example_trigger_target_dag.py
[2023-04-07T18:27:09.278+0200] {logging_mixin.py:137} INFO - [2023-04-07T18:27:09.277+0200] {dag.py:2705} INFO - Sync 1 DAGs
[2023-04-07T18:27:09.292+0200] {logging_mixin.py:137} INFO - [2023-04-07T18:27:09.292+0200] {dag.py:3452} INFO - Setting next_dagrun for example_trigger_target_dag to None, run_after=None
[2023-04-07T18:27:09.308+0200] {processor.py:175} INFO - Processing /Users/oanottage/opt/anaconda3/envs/energyvenv/lib/python3.9/site-packages/airflow/example_dags/example_trigger_target_dag.py took 0.841 seconds
[2023-04-07T18:28:55.346+0200] {processor.py:153} INFO - Started process (PID=20557) to work on /Users/oanottage/opt/anaconda3/envs/energyvenv/lib/python3.9/site-packages/airflow/example_dags/example_trigger_target_dag.py
[2023-04-07T18:28:55.349+0200] {processor.py:743} INFO - Processing file /Users/oanottage/opt/anaconda3/envs/energyvenv/lib/python3.9/site-packages/airflow/example_dags/example_trigger_target_dag.py for tasks to queue
[2023-04-07T18:28:55.350+0200] {logging_mixin.py:137} INFO - [2023-04-07T18:28:55.350+0200] {dagbag.py:532} INFO - Filling up the DagBag from /Users/oanottage/opt/anaconda3/envs/energyvenv/lib/python3.9/site-packages/airflow/example_dags/example_trigger_target_dag.py
[2023-04-07T18:28:55.413+0200] {processor.py:753} INFO - DAG(s) dict_keys(['example_trigger_target_dag']) retrieved from /Users/oanottage/opt/anaconda3/envs/energyvenv/lib/python3.9/site-packages/airflow/example_dags/example_trigger_target_dag.py
[2023-04-07T18:28:56.154+0200] {logging_mixin.py:137} INFO - [2023-04-07T18:28:56.154+0200] {dag.py:2705} INFO - Sync 1 DAGs
[2023-04-07T18:28:56.165+0200] {logging_mixin.py:137} INFO - [2023-04-07T18:28:56.164+0200] {dag.py:3452} INFO - Setting next_dagrun for example_trigger_target_dag to None, run_after=None
[2023-04-07T18:28:56.176+0200] {processor.py:175} INFO - Processing /Users/oanottage/opt/anaconda3/envs/energyvenv/lib/python3.9/site-packages/airflow/example_dags/example_trigger_target_dag.py took 0.831 seconds
[2023-04-07T18:30:18.538+0200] {processor.py:153} INFO - Started process (PID=20736) to work on /Users/oanottage/opt/anaconda3/envs/energyvenv/lib/python3.9/site-packages/airflow/example_dags/example_trigger_target_dag.py
[2023-04-07T18:30:18.542+0200] {processor.py:743} INFO - Processing file /Users/oanottage/opt/anaconda3/envs/energyvenv/lib/python3.9/site-packages/airflow/example_dags/example_trigger_target_dag.py for tasks to queue
[2023-04-07T18:30:18.542+0200] {logging_mixin.py:137} INFO - [2023-04-07T18:30:18.542+0200] {dagbag.py:532} INFO - Filling up the DagBag from /Users/oanottage/opt/anaconda3/envs/energyvenv/lib/python3.9/site-packages/airflow/example_dags/example_trigger_target_dag.py
[2023-04-07T18:30:18.611+0200] {processor.py:753} INFO - DAG(s) dict_keys(['example_trigger_target_dag']) retrieved from /Users/oanottage/opt/anaconda3/envs/energyvenv/lib/python3.9/site-packages/airflow/example_dags/example_trigger_target_dag.py
[2023-04-07T18:30:19.290+0200] {logging_mixin.py:137} INFO - [2023-04-07T18:30:19.290+0200] {dag.py:2705} INFO - Sync 1 DAGs
[2023-04-07T18:30:19.301+0200] {logging_mixin.py:137} INFO - [2023-04-07T18:30:19.301+0200] {dag.py:3452} INFO - Setting next_dagrun for example_trigger_target_dag to None, run_after=None
[2023-04-07T18:30:19.317+0200] {processor.py:175} INFO - Processing /Users/oanottage/opt/anaconda3/envs/energyvenv/lib/python3.9/site-packages/airflow/example_dags/example_trigger_target_dag.py took 0.780 seconds
[2023-04-07T18:42:15.918+0200] {processor.py:153} INFO - Started process (PID=21404) to work on /Users/oanottage/opt/anaconda3/envs/energyvenv/lib/python3.9/site-packages/airflow/example_dags/example_trigger_target_dag.py
[2023-04-07T18:42:15.922+0200] {processor.py:743} INFO - Processing file /Users/oanottage/opt/anaconda3/envs/energyvenv/lib/python3.9/site-packages/airflow/example_dags/example_trigger_target_dag.py for tasks to queue
[2023-04-07T18:42:15.922+0200] {logging_mixin.py:137} INFO - [2023-04-07T18:42:15.922+0200] {dagbag.py:532} INFO - Filling up the DagBag from /Users/oanottage/opt/anaconda3/envs/energyvenv/lib/python3.9/site-packages/airflow/example_dags/example_trigger_target_dag.py
[2023-04-07T18:42:15.980+0200] {processor.py:753} INFO - DAG(s) dict_keys(['example_trigger_target_dag']) retrieved from /Users/oanottage/opt/anaconda3/envs/energyvenv/lib/python3.9/site-packages/airflow/example_dags/example_trigger_target_dag.py
[2023-04-07T18:42:16.695+0200] {logging_mixin.py:137} INFO - [2023-04-07T18:42:16.695+0200] {dag.py:2705} INFO - Sync 1 DAGs
[2023-04-07T18:42:16.708+0200] {logging_mixin.py:137} INFO - [2023-04-07T18:42:16.708+0200] {dag.py:3452} INFO - Setting next_dagrun for example_trigger_target_dag to None, run_after=None
[2023-04-07T18:42:16.723+0200] {processor.py:175} INFO - Processing /Users/oanottage/opt/anaconda3/envs/energyvenv/lib/python3.9/site-packages/airflow/example_dags/example_trigger_target_dag.py took 0.806 seconds
[2023-04-07T18:44:10.783+0200] {processor.py:153} INFO - Started process (PID=21539) to work on /Users/oanottage/opt/anaconda3/envs/energyvenv/lib/python3.9/site-packages/airflow/example_dags/example_trigger_target_dag.py
[2023-04-07T18:44:10.786+0200] {processor.py:743} INFO - Processing file /Users/oanottage/opt/anaconda3/envs/energyvenv/lib/python3.9/site-packages/airflow/example_dags/example_trigger_target_dag.py for tasks to queue
[2023-04-07T18:44:10.787+0200] {logging_mixin.py:137} INFO - [2023-04-07T18:44:10.786+0200] {dagbag.py:532} INFO - Filling up the DagBag from /Users/oanottage/opt/anaconda3/envs/energyvenv/lib/python3.9/site-packages/airflow/example_dags/example_trigger_target_dag.py
[2023-04-07T18:44:10.854+0200] {processor.py:753} INFO - DAG(s) dict_keys(['example_trigger_target_dag']) retrieved from /Users/oanottage/opt/anaconda3/envs/energyvenv/lib/python3.9/site-packages/airflow/example_dags/example_trigger_target_dag.py
[2023-04-07T18:44:11.616+0200] {logging_mixin.py:137} INFO - [2023-04-07T18:44:11.616+0200] {dag.py:2705} INFO - Sync 1 DAGs
[2023-04-07T18:44:11.632+0200] {logging_mixin.py:137} INFO - [2023-04-07T18:44:11.632+0200] {dag.py:3452} INFO - Setting next_dagrun for example_trigger_target_dag to None, run_after=None
[2023-04-07T18:44:11.647+0200] {processor.py:175} INFO - Processing /Users/oanottage/opt/anaconda3/envs/energyvenv/lib/python3.9/site-packages/airflow/example_dags/example_trigger_target_dag.py took 0.865 seconds
[2023-04-07T18:45:10.806+0200] {processor.py:153} INFO - Started process (PID=21625) to work on /Users/oanottage/opt/anaconda3/envs/energyvenv/lib/python3.9/site-packages/airflow/example_dags/example_trigger_target_dag.py
[2023-04-07T18:45:10.810+0200] {processor.py:743} INFO - Processing file /Users/oanottage/opt/anaconda3/envs/energyvenv/lib/python3.9/site-packages/airflow/example_dags/example_trigger_target_dag.py for tasks to queue
[2023-04-07T18:45:10.810+0200] {logging_mixin.py:137} INFO - [2023-04-07T18:45:10.810+0200] {dagbag.py:532} INFO - Filling up the DagBag from /Users/oanottage/opt/anaconda3/envs/energyvenv/lib/python3.9/site-packages/airflow/example_dags/example_trigger_target_dag.py
[2023-04-07T18:45:10.870+0200] {processor.py:753} INFO - DAG(s) dict_keys(['example_trigger_target_dag']) retrieved from /Users/oanottage/opt/anaconda3/envs/energyvenv/lib/python3.9/site-packages/airflow/example_dags/example_trigger_target_dag.py
[2023-04-07T18:45:11.506+0200] {logging_mixin.py:137} INFO - [2023-04-07T18:45:11.505+0200] {dag.py:2705} INFO - Sync 1 DAGs
[2023-04-07T18:45:11.519+0200] {logging_mixin.py:137} INFO - [2023-04-07T18:45:11.519+0200] {dag.py:3452} INFO - Setting next_dagrun for example_trigger_target_dag to None, run_after=None
[2023-04-07T18:45:11.532+0200] {processor.py:175} INFO - Processing /Users/oanottage/opt/anaconda3/envs/energyvenv/lib/python3.9/site-packages/airflow/example_dags/example_trigger_target_dag.py took 0.727 seconds
