[2023-04-07T17:55:17.103+0200] {processor.py:153} INFO - Started process (PID=17915) to work on /Users/oanottage/opt/anaconda3/envs/energyvenv/lib/python3.9/site-packages/airflow/example_dags/example_external_task_marker_dag.py
[2023-04-07T17:55:17.107+0200] {processor.py:743} INFO - Processing file /Users/oanottage/opt/anaconda3/envs/energyvenv/lib/python3.9/site-packages/airflow/example_dags/example_external_task_marker_dag.py for tasks to queue
[2023-04-07T17:55:17.107+0200] {logging_mixin.py:137} INFO - [2023-04-07T17:55:17.107+0200] {dagbag.py:532} INFO - Filling up the DagBag from /Users/oanottage/opt/anaconda3/envs/energyvenv/lib/python3.9/site-packages/airflow/example_dags/example_external_task_marker_dag.py
[2023-04-07T17:55:17.146+0200] {processor.py:753} INFO - DAG(s) dict_keys(['example_external_task_marker_parent', 'example_external_task_marker_child']) retrieved from /Users/oanottage/opt/anaconda3/envs/energyvenv/lib/python3.9/site-packages/airflow/example_dags/example_external_task_marker_dag.py
[2023-04-07T17:55:17.871+0200] {logging_mixin.py:137} INFO - [2023-04-07T17:55:17.870+0200] {dag.py:2705} INFO - Sync 2 DAGs
[2023-04-07T17:55:17.885+0200] {logging_mixin.py:137} INFO - [2023-04-07T17:55:17.885+0200] {dag.py:3452} INFO - Setting next_dagrun for example_external_task_marker_child to None, run_after=None
[2023-04-07T17:55:17.887+0200] {logging_mixin.py:137} INFO - [2023-04-07T17:55:17.887+0200] {dag.py:3452} INFO - Setting next_dagrun for example_external_task_marker_parent to None, run_after=None
[2023-04-07T17:55:17.903+0200] {processor.py:175} INFO - Processing /Users/oanottage/opt/anaconda3/envs/energyvenv/lib/python3.9/site-packages/airflow/example_dags/example_external_task_marker_dag.py took 0.800 seconds
[2023-04-07T17:57:27.230+0200] {processor.py:153} INFO - Started process (PID=18079) to work on /Users/oanottage/opt/anaconda3/envs/energyvenv/lib/python3.9/site-packages/airflow/example_dags/example_external_task_marker_dag.py
[2023-04-07T17:57:27.235+0200] {processor.py:743} INFO - Processing file /Users/oanottage/opt/anaconda3/envs/energyvenv/lib/python3.9/site-packages/airflow/example_dags/example_external_task_marker_dag.py for tasks to queue
[2023-04-07T17:57:27.235+0200] {logging_mixin.py:137} INFO - [2023-04-07T17:57:27.235+0200] {dagbag.py:532} INFO - Filling up the DagBag from /Users/oanottage/opt/anaconda3/envs/energyvenv/lib/python3.9/site-packages/airflow/example_dags/example_external_task_marker_dag.py
[2023-04-07T17:57:27.288+0200] {processor.py:753} INFO - DAG(s) dict_keys(['example_external_task_marker_parent', 'example_external_task_marker_child']) retrieved from /Users/oanottage/opt/anaconda3/envs/energyvenv/lib/python3.9/site-packages/airflow/example_dags/example_external_task_marker_dag.py
[2023-04-07T17:57:28.076+0200] {logging_mixin.py:137} INFO - [2023-04-07T17:57:28.076+0200] {dag.py:2705} INFO - Sync 2 DAGs
[2023-04-07T17:57:28.091+0200] {logging_mixin.py:137} INFO - [2023-04-07T17:57:28.091+0200] {dag.py:3452} INFO - Setting next_dagrun for example_external_task_marker_child to None, run_after=None
[2023-04-07T17:57:28.093+0200] {logging_mixin.py:137} INFO - [2023-04-07T17:57:28.093+0200] {dag.py:3452} INFO - Setting next_dagrun for example_external_task_marker_parent to None, run_after=None
[2023-04-07T17:57:28.111+0200] {processor.py:175} INFO - Processing /Users/oanottage/opt/anaconda3/envs/energyvenv/lib/python3.9/site-packages/airflow/example_dags/example_external_task_marker_dag.py took 0.882 seconds
[2023-04-07T18:00:06.418+0200] {processor.py:153} INFO - Started process (PID=18262) to work on /Users/oanottage/opt/anaconda3/envs/energyvenv/lib/python3.9/site-packages/airflow/example_dags/example_external_task_marker_dag.py
[2023-04-07T18:00:06.421+0200] {processor.py:743} INFO - Processing file /Users/oanottage/opt/anaconda3/envs/energyvenv/lib/python3.9/site-packages/airflow/example_dags/example_external_task_marker_dag.py for tasks to queue
[2023-04-07T18:00:06.421+0200] {logging_mixin.py:137} INFO - [2023-04-07T18:00:06.421+0200] {dagbag.py:532} INFO - Filling up the DagBag from /Users/oanottage/opt/anaconda3/envs/energyvenv/lib/python3.9/site-packages/airflow/example_dags/example_external_task_marker_dag.py
[2023-04-07T18:00:06.463+0200] {processor.py:753} INFO - DAG(s) dict_keys(['example_external_task_marker_child', 'example_external_task_marker_parent']) retrieved from /Users/oanottage/opt/anaconda3/envs/energyvenv/lib/python3.9/site-packages/airflow/example_dags/example_external_task_marker_dag.py
[2023-04-07T18:00:07.222+0200] {logging_mixin.py:137} INFO - [2023-04-07T18:00:07.222+0200] {dag.py:2705} INFO - Sync 2 DAGs
[2023-04-07T18:00:07.235+0200] {logging_mixin.py:137} INFO - [2023-04-07T18:00:07.235+0200] {dag.py:3452} INFO - Setting next_dagrun for example_external_task_marker_child to None, run_after=None
[2023-04-07T18:00:07.237+0200] {logging_mixin.py:137} INFO - [2023-04-07T18:00:07.237+0200] {dag.py:3452} INFO - Setting next_dagrun for example_external_task_marker_parent to None, run_after=None
[2023-04-07T18:00:07.249+0200] {processor.py:175} INFO - Processing /Users/oanottage/opt/anaconda3/envs/energyvenv/lib/python3.9/site-packages/airflow/example_dags/example_external_task_marker_dag.py took 0.832 seconds
[2023-04-07T18:02:48.358+0200] {processor.py:153} INFO - Started process (PID=18453) to work on /Users/oanottage/opt/anaconda3/envs/energyvenv/lib/python3.9/site-packages/airflow/example_dags/example_external_task_marker_dag.py
[2023-04-07T18:02:48.362+0200] {processor.py:743} INFO - Processing file /Users/oanottage/opt/anaconda3/envs/energyvenv/lib/python3.9/site-packages/airflow/example_dags/example_external_task_marker_dag.py for tasks to queue
[2023-04-07T18:02:48.362+0200] {logging_mixin.py:137} INFO - [2023-04-07T18:02:48.362+0200] {dagbag.py:532} INFO - Filling up the DagBag from /Users/oanottage/opt/anaconda3/envs/energyvenv/lib/python3.9/site-packages/airflow/example_dags/example_external_task_marker_dag.py
[2023-04-07T18:02:48.406+0200] {processor.py:753} INFO - DAG(s) dict_keys(['example_external_task_marker_parent', 'example_external_task_marker_child']) retrieved from /Users/oanottage/opt/anaconda3/envs/energyvenv/lib/python3.9/site-packages/airflow/example_dags/example_external_task_marker_dag.py
[2023-04-07T18:02:49.122+0200] {logging_mixin.py:137} INFO - [2023-04-07T18:02:49.122+0200] {dag.py:2705} INFO - Sync 2 DAGs
[2023-04-07T18:02:49.133+0200] {logging_mixin.py:137} INFO - [2023-04-07T18:02:49.133+0200] {dag.py:3452} INFO - Setting next_dagrun for example_external_task_marker_child to None, run_after=None
[2023-04-07T18:02:49.135+0200] {logging_mixin.py:137} INFO - [2023-04-07T18:02:49.135+0200] {dag.py:3452} INFO - Setting next_dagrun for example_external_task_marker_parent to None, run_after=None
[2023-04-07T18:02:49.146+0200] {processor.py:175} INFO - Processing /Users/oanottage/opt/anaconda3/envs/energyvenv/lib/python3.9/site-packages/airflow/example_dags/example_external_task_marker_dag.py took 0.788 seconds
[2023-04-07T18:05:29.379+0200] {processor.py:153} INFO - Started process (PID=18670) to work on /Users/oanottage/opt/anaconda3/envs/energyvenv/lib/python3.9/site-packages/airflow/example_dags/example_external_task_marker_dag.py
[2023-04-07T18:05:29.382+0200] {processor.py:743} INFO - Processing file /Users/oanottage/opt/anaconda3/envs/energyvenv/lib/python3.9/site-packages/airflow/example_dags/example_external_task_marker_dag.py for tasks to queue
[2023-04-07T18:05:29.383+0200] {logging_mixin.py:137} INFO - [2023-04-07T18:05:29.382+0200] {dagbag.py:532} INFO - Filling up the DagBag from /Users/oanottage/opt/anaconda3/envs/energyvenv/lib/python3.9/site-packages/airflow/example_dags/example_external_task_marker_dag.py
[2023-04-07T18:05:29.420+0200] {processor.py:753} INFO - DAG(s) dict_keys(['example_external_task_marker_child', 'example_external_task_marker_parent']) retrieved from /Users/oanottage/opt/anaconda3/envs/energyvenv/lib/python3.9/site-packages/airflow/example_dags/example_external_task_marker_dag.py
[2023-04-07T18:05:30.162+0200] {logging_mixin.py:137} INFO - [2023-04-07T18:05:30.162+0200] {dag.py:2705} INFO - Sync 2 DAGs
[2023-04-07T18:05:30.173+0200] {logging_mixin.py:137} INFO - [2023-04-07T18:05:30.173+0200] {dag.py:3452} INFO - Setting next_dagrun for example_external_task_marker_child to None, run_after=None
[2023-04-07T18:05:30.175+0200] {logging_mixin.py:137} INFO - [2023-04-07T18:05:30.175+0200] {dag.py:3452} INFO - Setting next_dagrun for example_external_task_marker_parent to None, run_after=None
[2023-04-07T18:05:30.187+0200] {processor.py:175} INFO - Processing /Users/oanottage/opt/anaconda3/envs/energyvenv/lib/python3.9/site-packages/airflow/example_dags/example_external_task_marker_dag.py took 0.808 seconds
[2023-04-07T18:08:58.304+0200] {processor.py:153} INFO - Started process (PID=18964) to work on /Users/oanottage/opt/anaconda3/envs/energyvenv/lib/python3.9/site-packages/airflow/example_dags/example_external_task_marker_dag.py
[2023-04-07T18:08:58.308+0200] {processor.py:743} INFO - Processing file /Users/oanottage/opt/anaconda3/envs/energyvenv/lib/python3.9/site-packages/airflow/example_dags/example_external_task_marker_dag.py for tasks to queue
[2023-04-07T18:08:58.308+0200] {logging_mixin.py:137} INFO - [2023-04-07T18:08:58.308+0200] {dagbag.py:532} INFO - Filling up the DagBag from /Users/oanottage/opt/anaconda3/envs/energyvenv/lib/python3.9/site-packages/airflow/example_dags/example_external_task_marker_dag.py
[2023-04-07T18:08:58.352+0200] {processor.py:753} INFO - DAG(s) dict_keys(['example_external_task_marker_child', 'example_external_task_marker_parent']) retrieved from /Users/oanottage/opt/anaconda3/envs/energyvenv/lib/python3.9/site-packages/airflow/example_dags/example_external_task_marker_dag.py
[2023-04-07T18:08:59.253+0200] {logging_mixin.py:137} INFO - [2023-04-07T18:08:59.253+0200] {dag.py:2705} INFO - Sync 2 DAGs
[2023-04-07T18:08:59.268+0200] {logging_mixin.py:137} INFO - [2023-04-07T18:08:59.268+0200] {dag.py:3452} INFO - Setting next_dagrun for example_external_task_marker_child to None, run_after=None
[2023-04-07T18:08:59.269+0200] {logging_mixin.py:137} INFO - [2023-04-07T18:08:59.269+0200] {dag.py:3452} INFO - Setting next_dagrun for example_external_task_marker_parent to None, run_after=None
[2023-04-07T18:08:59.286+0200] {processor.py:175} INFO - Processing /Users/oanottage/opt/anaconda3/envs/energyvenv/lib/python3.9/site-packages/airflow/example_dags/example_external_task_marker_dag.py took 0.982 seconds
[2023-04-07T18:10:47.256+0200] {processor.py:153} INFO - Started process (PID=19151) to work on /Users/oanottage/opt/anaconda3/envs/energyvenv/lib/python3.9/site-packages/airflow/example_dags/example_external_task_marker_dag.py
[2023-04-07T18:10:47.259+0200] {processor.py:743} INFO - Processing file /Users/oanottage/opt/anaconda3/envs/energyvenv/lib/python3.9/site-packages/airflow/example_dags/example_external_task_marker_dag.py for tasks to queue
[2023-04-07T18:10:47.260+0200] {logging_mixin.py:137} INFO - [2023-04-07T18:10:47.260+0200] {dagbag.py:532} INFO - Filling up the DagBag from /Users/oanottage/opt/anaconda3/envs/energyvenv/lib/python3.9/site-packages/airflow/example_dags/example_external_task_marker_dag.py
[2023-04-07T18:10:47.304+0200] {processor.py:753} INFO - DAG(s) dict_keys(['example_external_task_marker_parent', 'example_external_task_marker_child']) retrieved from /Users/oanottage/opt/anaconda3/envs/energyvenv/lib/python3.9/site-packages/airflow/example_dags/example_external_task_marker_dag.py
[2023-04-07T18:10:48.108+0200] {logging_mixin.py:137} INFO - [2023-04-07T18:10:48.107+0200] {dag.py:2705} INFO - Sync 2 DAGs
[2023-04-07T18:10:48.119+0200] {logging_mixin.py:137} INFO - [2023-04-07T18:10:48.118+0200] {dag.py:3452} INFO - Setting next_dagrun for example_external_task_marker_child to None, run_after=None
[2023-04-07T18:10:48.120+0200] {logging_mixin.py:137} INFO - [2023-04-07T18:10:48.120+0200] {dag.py:3452} INFO - Setting next_dagrun for example_external_task_marker_parent to None, run_after=None
[2023-04-07T18:10:48.131+0200] {processor.py:175} INFO - Processing /Users/oanottage/opt/anaconda3/envs/energyvenv/lib/python3.9/site-packages/airflow/example_dags/example_external_task_marker_dag.py took 0.876 seconds
[2023-04-07T18:14:10.750+0200] {processor.py:153} INFO - Started process (PID=19434) to work on /Users/oanottage/opt/anaconda3/envs/energyvenv/lib/python3.9/site-packages/airflow/example_dags/example_external_task_marker_dag.py
[2023-04-07T18:14:10.754+0200] {processor.py:743} INFO - Processing file /Users/oanottage/opt/anaconda3/envs/energyvenv/lib/python3.9/site-packages/airflow/example_dags/example_external_task_marker_dag.py for tasks to queue
[2023-04-07T18:14:10.755+0200] {logging_mixin.py:137} INFO - [2023-04-07T18:14:10.755+0200] {dagbag.py:532} INFO - Filling up the DagBag from /Users/oanottage/opt/anaconda3/envs/energyvenv/lib/python3.9/site-packages/airflow/example_dags/example_external_task_marker_dag.py
[2023-04-07T18:14:10.793+0200] {processor.py:753} INFO - DAG(s) dict_keys(['example_external_task_marker_parent', 'example_external_task_marker_child']) retrieved from /Users/oanottage/opt/anaconda3/envs/energyvenv/lib/python3.9/site-packages/airflow/example_dags/example_external_task_marker_dag.py
[2023-04-07T18:14:11.538+0200] {logging_mixin.py:137} INFO - [2023-04-07T18:14:11.538+0200] {dag.py:2705} INFO - Sync 2 DAGs
[2023-04-07T18:14:11.549+0200] {logging_mixin.py:137} INFO - [2023-04-07T18:14:11.549+0200] {dag.py:3452} INFO - Setting next_dagrun for example_external_task_marker_child to None, run_after=None
[2023-04-07T18:14:11.551+0200] {logging_mixin.py:137} INFO - [2023-04-07T18:14:11.551+0200] {dag.py:3452} INFO - Setting next_dagrun for example_external_task_marker_parent to None, run_after=None
[2023-04-07T18:14:11.562+0200] {processor.py:175} INFO - Processing /Users/oanottage/opt/anaconda3/envs/energyvenv/lib/python3.9/site-packages/airflow/example_dags/example_external_task_marker_dag.py took 0.813 seconds
[2023-04-07T18:16:38.426+0200] {processor.py:153} INFO - Started process (PID=19637) to work on /Users/oanottage/opt/anaconda3/envs/energyvenv/lib/python3.9/site-packages/airflow/example_dags/example_external_task_marker_dag.py
[2023-04-07T18:16:38.430+0200] {processor.py:743} INFO - Processing file /Users/oanottage/opt/anaconda3/envs/energyvenv/lib/python3.9/site-packages/airflow/example_dags/example_external_task_marker_dag.py for tasks to queue
[2023-04-07T18:16:38.431+0200] {logging_mixin.py:137} INFO - [2023-04-07T18:16:38.431+0200] {dagbag.py:532} INFO - Filling up the DagBag from /Users/oanottage/opt/anaconda3/envs/energyvenv/lib/python3.9/site-packages/airflow/example_dags/example_external_task_marker_dag.py
[2023-04-07T18:16:38.486+0200] {processor.py:753} INFO - DAG(s) dict_keys(['example_external_task_marker_child', 'example_external_task_marker_parent']) retrieved from /Users/oanottage/opt/anaconda3/envs/energyvenv/lib/python3.9/site-packages/airflow/example_dags/example_external_task_marker_dag.py
[2023-04-07T18:16:39.262+0200] {logging_mixin.py:137} INFO - [2023-04-07T18:16:39.262+0200] {dag.py:2705} INFO - Sync 2 DAGs
[2023-04-07T18:16:39.273+0200] {logging_mixin.py:137} INFO - [2023-04-07T18:16:39.273+0200] {dag.py:3452} INFO - Setting next_dagrun for example_external_task_marker_child to None, run_after=None
[2023-04-07T18:16:39.275+0200] {logging_mixin.py:137} INFO - [2023-04-07T18:16:39.275+0200] {dag.py:3452} INFO - Setting next_dagrun for example_external_task_marker_parent to None, run_after=None
[2023-04-07T18:16:39.290+0200] {processor.py:175} INFO - Processing /Users/oanottage/opt/anaconda3/envs/energyvenv/lib/python3.9/site-packages/airflow/example_dags/example_external_task_marker_dag.py took 0.865 seconds
[2023-04-07T18:18:30.210+0200] {processor.py:153} INFO - Started process (PID=19761) to work on /Users/oanottage/opt/anaconda3/envs/energyvenv/lib/python3.9/site-packages/airflow/example_dags/example_external_task_marker_dag.py
[2023-04-07T18:18:30.215+0200] {processor.py:743} INFO - Processing file /Users/oanottage/opt/anaconda3/envs/energyvenv/lib/python3.9/site-packages/airflow/example_dags/example_external_task_marker_dag.py for tasks to queue
[2023-04-07T18:18:30.215+0200] {logging_mixin.py:137} INFO - [2023-04-07T18:18:30.215+0200] {dagbag.py:532} INFO - Filling up the DagBag from /Users/oanottage/opt/anaconda3/envs/energyvenv/lib/python3.9/site-packages/airflow/example_dags/example_external_task_marker_dag.py
[2023-04-07T18:18:30.259+0200] {processor.py:753} INFO - DAG(s) dict_keys(['example_external_task_marker_parent', 'example_external_task_marker_child']) retrieved from /Users/oanottage/opt/anaconda3/envs/energyvenv/lib/python3.9/site-packages/airflow/example_dags/example_external_task_marker_dag.py
[2023-04-07T18:18:31.081+0200] {logging_mixin.py:137} INFO - [2023-04-07T18:18:31.081+0200] {dag.py:2705} INFO - Sync 2 DAGs
[2023-04-07T18:18:31.092+0200] {logging_mixin.py:137} INFO - [2023-04-07T18:18:31.092+0200] {dag.py:3452} INFO - Setting next_dagrun for example_external_task_marker_child to None, run_after=None
[2023-04-07T18:18:31.094+0200] {logging_mixin.py:137} INFO - [2023-04-07T18:18:31.094+0200] {dag.py:3452} INFO - Setting next_dagrun for example_external_task_marker_parent to None, run_after=None
[2023-04-07T18:18:31.108+0200] {processor.py:175} INFO - Processing /Users/oanottage/opt/anaconda3/envs/energyvenv/lib/python3.9/site-packages/airflow/example_dags/example_external_task_marker_dag.py took 0.900 seconds
[2023-04-07T18:21:16.318+0200] {processor.py:153} INFO - Started process (PID=20024) to work on /Users/oanottage/opt/anaconda3/envs/energyvenv/lib/python3.9/site-packages/airflow/example_dags/example_external_task_marker_dag.py
[2023-04-07T18:21:16.321+0200] {processor.py:743} INFO - Processing file /Users/oanottage/opt/anaconda3/envs/energyvenv/lib/python3.9/site-packages/airflow/example_dags/example_external_task_marker_dag.py for tasks to queue
[2023-04-07T18:21:16.321+0200] {logging_mixin.py:137} INFO - [2023-04-07T18:21:16.321+0200] {dagbag.py:532} INFO - Filling up the DagBag from /Users/oanottage/opt/anaconda3/envs/energyvenv/lib/python3.9/site-packages/airflow/example_dags/example_external_task_marker_dag.py
[2023-04-07T18:21:16.363+0200] {processor.py:753} INFO - DAG(s) dict_keys(['example_external_task_marker_child', 'example_external_task_marker_parent']) retrieved from /Users/oanottage/opt/anaconda3/envs/energyvenv/lib/python3.9/site-packages/airflow/example_dags/example_external_task_marker_dag.py
[2023-04-07T18:21:17.123+0200] {logging_mixin.py:137} INFO - [2023-04-07T18:21:17.123+0200] {dag.py:2705} INFO - Sync 2 DAGs
[2023-04-07T18:21:17.136+0200] {logging_mixin.py:137} INFO - [2023-04-07T18:21:17.136+0200] {dag.py:3452} INFO - Setting next_dagrun for example_external_task_marker_child to None, run_after=None
[2023-04-07T18:21:17.138+0200] {logging_mixin.py:137} INFO - [2023-04-07T18:21:17.138+0200] {dag.py:3452} INFO - Setting next_dagrun for example_external_task_marker_parent to None, run_after=None
[2023-04-07T18:21:17.150+0200] {processor.py:175} INFO - Processing /Users/oanottage/opt/anaconda3/envs/energyvenv/lib/python3.9/site-packages/airflow/example_dags/example_external_task_marker_dag.py took 0.833 seconds
[2023-04-07T18:23:56.469+0200] {processor.py:153} INFO - Started process (PID=20201) to work on /Users/oanottage/opt/anaconda3/envs/energyvenv/lib/python3.9/site-packages/airflow/example_dags/example_external_task_marker_dag.py
[2023-04-07T18:23:56.473+0200] {processor.py:743} INFO - Processing file /Users/oanottage/opt/anaconda3/envs/energyvenv/lib/python3.9/site-packages/airflow/example_dags/example_external_task_marker_dag.py for tasks to queue
[2023-04-07T18:23:56.473+0200] {logging_mixin.py:137} INFO - [2023-04-07T18:23:56.473+0200] {dagbag.py:532} INFO - Filling up the DagBag from /Users/oanottage/opt/anaconda3/envs/energyvenv/lib/python3.9/site-packages/airflow/example_dags/example_external_task_marker_dag.py
[2023-04-07T18:23:56.511+0200] {processor.py:753} INFO - DAG(s) dict_keys(['example_external_task_marker_child', 'example_external_task_marker_parent']) retrieved from /Users/oanottage/opt/anaconda3/envs/energyvenv/lib/python3.9/site-packages/airflow/example_dags/example_external_task_marker_dag.py
[2023-04-07T18:23:57.402+0200] {logging_mixin.py:137} INFO - [2023-04-07T18:23:57.402+0200] {dag.py:2705} INFO - Sync 2 DAGs
[2023-04-07T18:23:57.413+0200] {logging_mixin.py:137} INFO - [2023-04-07T18:23:57.413+0200] {dag.py:3452} INFO - Setting next_dagrun for example_external_task_marker_child to None, run_after=None
[2023-04-07T18:23:57.414+0200] {logging_mixin.py:137} INFO - [2023-04-07T18:23:57.414+0200] {dag.py:3452} INFO - Setting next_dagrun for example_external_task_marker_parent to None, run_after=None
[2023-04-07T18:23:57.426+0200] {processor.py:175} INFO - Processing /Users/oanottage/opt/anaconda3/envs/energyvenv/lib/python3.9/site-packages/airflow/example_dags/example_external_task_marker_dag.py took 0.958 seconds
[2023-04-07T18:26:42.063+0200] {processor.py:153} INFO - Started process (PID=20404) to work on /Users/oanottage/opt/anaconda3/envs/energyvenv/lib/python3.9/site-packages/airflow/example_dags/example_external_task_marker_dag.py
[2023-04-07T18:26:42.067+0200] {processor.py:743} INFO - Processing file /Users/oanottage/opt/anaconda3/envs/energyvenv/lib/python3.9/site-packages/airflow/example_dags/example_external_task_marker_dag.py for tasks to queue
[2023-04-07T18:26:42.068+0200] {logging_mixin.py:137} INFO - [2023-04-07T18:26:42.068+0200] {dagbag.py:532} INFO - Filling up the DagBag from /Users/oanottage/opt/anaconda3/envs/energyvenv/lib/python3.9/site-packages/airflow/example_dags/example_external_task_marker_dag.py
[2023-04-07T18:26:42.121+0200] {processor.py:753} INFO - DAG(s) dict_keys(['example_external_task_marker_parent', 'example_external_task_marker_child']) retrieved from /Users/oanottage/opt/anaconda3/envs/energyvenv/lib/python3.9/site-packages/airflow/example_dags/example_external_task_marker_dag.py
[2023-04-07T18:26:43.013+0200] {logging_mixin.py:137} INFO - [2023-04-07T18:26:43.013+0200] {dag.py:2705} INFO - Sync 2 DAGs
[2023-04-07T18:26:43.027+0200] {logging_mixin.py:137} INFO - [2023-04-07T18:26:43.027+0200] {dag.py:3452} INFO - Setting next_dagrun for example_external_task_marker_child to None, run_after=None
[2023-04-07T18:26:43.029+0200] {logging_mixin.py:137} INFO - [2023-04-07T18:26:43.029+0200] {dag.py:3452} INFO - Setting next_dagrun for example_external_task_marker_parent to None, run_after=None
[2023-04-07T18:26:43.044+0200] {processor.py:175} INFO - Processing /Users/oanottage/opt/anaconda3/envs/energyvenv/lib/python3.9/site-packages/airflow/example_dags/example_external_task_marker_dag.py took 0.981 seconds
[2023-04-07T18:31:07.859+0200] {processor.py:153} INFO - Started process (PID=20836) to work on /Users/oanottage/opt/anaconda3/envs/energyvenv/lib/python3.9/site-packages/airflow/example_dags/example_external_task_marker_dag.py
[2023-04-07T18:31:07.863+0200] {processor.py:743} INFO - Processing file /Users/oanottage/opt/anaconda3/envs/energyvenv/lib/python3.9/site-packages/airflow/example_dags/example_external_task_marker_dag.py for tasks to queue
[2023-04-07T18:31:07.864+0200] {logging_mixin.py:137} INFO - [2023-04-07T18:31:07.864+0200] {dagbag.py:532} INFO - Filling up the DagBag from /Users/oanottage/opt/anaconda3/envs/energyvenv/lib/python3.9/site-packages/airflow/example_dags/example_external_task_marker_dag.py
[2023-04-07T18:31:07.907+0200] {processor.py:753} INFO - DAG(s) dict_keys(['example_external_task_marker_child', 'example_external_task_marker_parent']) retrieved from /Users/oanottage/opt/anaconda3/envs/energyvenv/lib/python3.9/site-packages/airflow/example_dags/example_external_task_marker_dag.py
[2023-04-07T18:31:08.709+0200] {logging_mixin.py:137} INFO - [2023-04-07T18:31:08.709+0200] {dag.py:2705} INFO - Sync 2 DAGs
[2023-04-07T18:31:08.723+0200] {logging_mixin.py:137} INFO - [2023-04-07T18:31:08.723+0200] {dag.py:3452} INFO - Setting next_dagrun for example_external_task_marker_child to None, run_after=None
[2023-04-07T18:31:08.725+0200] {logging_mixin.py:137} INFO - [2023-04-07T18:31:08.725+0200] {dag.py:3452} INFO - Setting next_dagrun for example_external_task_marker_parent to None, run_after=None
[2023-04-07T18:31:08.738+0200] {processor.py:175} INFO - Processing /Users/oanottage/opt/anaconda3/envs/energyvenv/lib/python3.9/site-packages/airflow/example_dags/example_external_task_marker_dag.py took 0.879 seconds
[2023-04-07T18:43:10.888+0200] {processor.py:153} INFO - Started process (PID=21472) to work on /Users/oanottage/opt/anaconda3/envs/energyvenv/lib/python3.9/site-packages/airflow/example_dags/example_external_task_marker_dag.py
[2023-04-07T18:43:10.891+0200] {processor.py:743} INFO - Processing file /Users/oanottage/opt/anaconda3/envs/energyvenv/lib/python3.9/site-packages/airflow/example_dags/example_external_task_marker_dag.py for tasks to queue
[2023-04-07T18:43:10.892+0200] {logging_mixin.py:137} INFO - [2023-04-07T18:43:10.892+0200] {dagbag.py:532} INFO - Filling up the DagBag from /Users/oanottage/opt/anaconda3/envs/energyvenv/lib/python3.9/site-packages/airflow/example_dags/example_external_task_marker_dag.py
[2023-04-07T18:43:10.932+0200] {processor.py:753} INFO - DAG(s) dict_keys(['example_external_task_marker_parent', 'example_external_task_marker_child']) retrieved from /Users/oanottage/opt/anaconda3/envs/energyvenv/lib/python3.9/site-packages/airflow/example_dags/example_external_task_marker_dag.py
[2023-04-07T18:43:11.676+0200] {logging_mixin.py:137} INFO - [2023-04-07T18:43:11.676+0200] {dag.py:2705} INFO - Sync 2 DAGs
[2023-04-07T18:43:11.687+0200] {logging_mixin.py:137} INFO - [2023-04-07T18:43:11.687+0200] {dag.py:3452} INFO - Setting next_dagrun for example_external_task_marker_child to None, run_after=None
[2023-04-07T18:43:11.689+0200] {logging_mixin.py:137} INFO - [2023-04-07T18:43:11.689+0200] {dag.py:3452} INFO - Setting next_dagrun for example_external_task_marker_parent to None, run_after=None
[2023-04-07T18:43:11.699+0200] {processor.py:175} INFO - Processing /Users/oanottage/opt/anaconda3/envs/energyvenv/lib/python3.9/site-packages/airflow/example_dags/example_external_task_marker_dag.py took 0.812 seconds
[2023-04-07T18:46:04.021+0200] {processor.py:153} INFO - Started process (PID=21681) to work on /Users/oanottage/opt/anaconda3/envs/energyvenv/lib/python3.9/site-packages/airflow/example_dags/example_external_task_marker_dag.py
[2023-04-07T18:46:04.025+0200] {processor.py:743} INFO - Processing file /Users/oanottage/opt/anaconda3/envs/energyvenv/lib/python3.9/site-packages/airflow/example_dags/example_external_task_marker_dag.py for tasks to queue
[2023-04-07T18:46:04.026+0200] {logging_mixin.py:137} INFO - [2023-04-07T18:46:04.026+0200] {dagbag.py:532} INFO - Filling up the DagBag from /Users/oanottage/opt/anaconda3/envs/energyvenv/lib/python3.9/site-packages/airflow/example_dags/example_external_task_marker_dag.py
[2023-04-07T18:46:04.069+0200] {processor.py:753} INFO - DAG(s) dict_keys(['example_external_task_marker_parent', 'example_external_task_marker_child']) retrieved from /Users/oanottage/opt/anaconda3/envs/energyvenv/lib/python3.9/site-packages/airflow/example_dags/example_external_task_marker_dag.py
[2023-04-07T18:46:04.791+0200] {logging_mixin.py:137} INFO - [2023-04-07T18:46:04.791+0200] {dag.py:2705} INFO - Sync 2 DAGs
[2023-04-07T18:46:04.802+0200] {logging_mixin.py:137} INFO - [2023-04-07T18:46:04.802+0200] {dag.py:3452} INFO - Setting next_dagrun for example_external_task_marker_child to None, run_after=None
[2023-04-07T18:46:04.803+0200] {logging_mixin.py:137} INFO - [2023-04-07T18:46:04.803+0200] {dag.py:3452} INFO - Setting next_dagrun for example_external_task_marker_parent to None, run_after=None
[2023-04-07T18:46:04.814+0200] {processor.py:175} INFO - Processing /Users/oanottage/opt/anaconda3/envs/energyvenv/lib/python3.9/site-packages/airflow/example_dags/example_external_task_marker_dag.py took 0.793 seconds
