[2023-04-07T17:55:43.860+0200] {processor.py:153} INFO - Started process (PID=17945) to work on /Users/oanottage/opt/anaconda3/envs/energyvenv/lib/python3.9/site-packages/airflow/example_dags/example_branch_datetime_operator.py
[2023-04-07T17:55:43.863+0200] {processor.py:743} INFO - Processing file /Users/oanottage/opt/anaconda3/envs/energyvenv/lib/python3.9/site-packages/airflow/example_dags/example_branch_datetime_operator.py for tasks to queue
[2023-04-07T17:55:43.864+0200] {logging_mixin.py:137} INFO - [2023-04-07T17:55:43.864+0200] {dagbag.py:532} INFO - Filling up the DagBag from /Users/oanottage/opt/anaconda3/envs/energyvenv/lib/python3.9/site-packages/airflow/example_dags/example_branch_datetime_operator.py
[2023-04-07T17:55:43.915+0200] {processor.py:753} INFO - DAG(s) dict_keys(['example_branch_datetime_operator_2', 'example_branch_datetime_operator_3', 'example_branch_datetime_operator']) retrieved from /Users/oanottage/opt/anaconda3/envs/energyvenv/lib/python3.9/site-packages/airflow/example_dags/example_branch_datetime_operator.py
[2023-04-07T17:55:44.657+0200] {logging_mixin.py:137} INFO - [2023-04-07T17:55:44.657+0200] {dag.py:2705} INFO - Sync 3 DAGs
[2023-04-07T17:55:44.672+0200] {logging_mixin.py:137} INFO - [2023-04-07T17:55:44.672+0200] {dag.py:3452} INFO - Setting next_dagrun for example_branch_datetime_operator to 2023-04-06T00:00:00+00:00, run_after=2023-04-07T00:00:00+00:00
[2023-04-07T17:55:44.676+0200] {logging_mixin.py:137} INFO - [2023-04-07T17:55:44.675+0200] {dag.py:3452} INFO - Setting next_dagrun for example_branch_datetime_operator_2 to 2023-04-06T00:00:00+00:00, run_after=2023-04-07T00:00:00+00:00
[2023-04-07T17:55:44.678+0200] {logging_mixin.py:137} INFO - [2023-04-07T17:55:44.678+0200] {dag.py:3452} INFO - Setting next_dagrun for example_branch_datetime_operator_3 to 2023-04-06T00:00:00+00:00, run_after=2023-04-07T00:00:00+00:00
[2023-04-07T17:55:44.694+0200] {processor.py:175} INFO - Processing /Users/oanottage/opt/anaconda3/envs/energyvenv/lib/python3.9/site-packages/airflow/example_dags/example_branch_datetime_operator.py took 0.835 seconds
[2023-04-07T17:58:58.523+0200] {processor.py:153} INFO - Started process (PID=18179) to work on /Users/oanottage/opt/anaconda3/envs/energyvenv/lib/python3.9/site-packages/airflow/example_dags/example_branch_datetime_operator.py
[2023-04-07T17:58:58.526+0200] {processor.py:743} INFO - Processing file /Users/oanottage/opt/anaconda3/envs/energyvenv/lib/python3.9/site-packages/airflow/example_dags/example_branch_datetime_operator.py for tasks to queue
[2023-04-07T17:58:58.527+0200] {logging_mixin.py:137} INFO - [2023-04-07T17:58:58.527+0200] {dagbag.py:532} INFO - Filling up the DagBag from /Users/oanottage/opt/anaconda3/envs/energyvenv/lib/python3.9/site-packages/airflow/example_dags/example_branch_datetime_operator.py
[2023-04-07T17:58:58.572+0200] {processor.py:753} INFO - DAG(s) dict_keys(['example_branch_datetime_operator', 'example_branch_datetime_operator_3', 'example_branch_datetime_operator_2']) retrieved from /Users/oanottage/opt/anaconda3/envs/energyvenv/lib/python3.9/site-packages/airflow/example_dags/example_branch_datetime_operator.py
[2023-04-07T17:58:59.238+0200] {logging_mixin.py:137} INFO - [2023-04-07T17:58:59.237+0200] {dag.py:2705} INFO - Sync 3 DAGs
[2023-04-07T17:58:59.250+0200] {logging_mixin.py:137} INFO - [2023-04-07T17:58:59.250+0200] {dag.py:3452} INFO - Setting next_dagrun for example_branch_datetime_operator to 2023-04-06T00:00:00+00:00, run_after=2023-04-07T00:00:00+00:00
[2023-04-07T17:58:59.253+0200] {logging_mixin.py:137} INFO - [2023-04-07T17:58:59.253+0200] {dag.py:3452} INFO - Setting next_dagrun for example_branch_datetime_operator_2 to 2023-04-06T00:00:00+00:00, run_after=2023-04-07T00:00:00+00:00
[2023-04-07T17:58:59.255+0200] {logging_mixin.py:137} INFO - [2023-04-07T17:58:59.255+0200] {dag.py:3452} INFO - Setting next_dagrun for example_branch_datetime_operator_3 to 2023-04-06T00:00:00+00:00, run_after=2023-04-07T00:00:00+00:00
[2023-04-07T17:58:59.267+0200] {processor.py:175} INFO - Processing /Users/oanottage/opt/anaconda3/envs/energyvenv/lib/python3.9/site-packages/airflow/example_dags/example_branch_datetime_operator.py took 0.744 seconds
[2023-04-07T18:01:39.075+0200] {processor.py:153} INFO - Started process (PID=18375) to work on /Users/oanottage/opt/anaconda3/envs/energyvenv/lib/python3.9/site-packages/airflow/example_dags/example_branch_datetime_operator.py
[2023-04-07T18:01:39.078+0200] {processor.py:743} INFO - Processing file /Users/oanottage/opt/anaconda3/envs/energyvenv/lib/python3.9/site-packages/airflow/example_dags/example_branch_datetime_operator.py for tasks to queue
[2023-04-07T18:01:39.079+0200] {logging_mixin.py:137} INFO - [2023-04-07T18:01:39.079+0200] {dagbag.py:532} INFO - Filling up the DagBag from /Users/oanottage/opt/anaconda3/envs/energyvenv/lib/python3.9/site-packages/airflow/example_dags/example_branch_datetime_operator.py
[2023-04-07T18:01:39.126+0200] {processor.py:753} INFO - DAG(s) dict_keys(['example_branch_datetime_operator_3', 'example_branch_datetime_operator', 'example_branch_datetime_operator_2']) retrieved from /Users/oanottage/opt/anaconda3/envs/energyvenv/lib/python3.9/site-packages/airflow/example_dags/example_branch_datetime_operator.py
[2023-04-07T18:01:39.848+0200] {logging_mixin.py:137} INFO - [2023-04-07T18:01:39.848+0200] {dag.py:2705} INFO - Sync 3 DAGs
[2023-04-07T18:01:39.863+0200] {logging_mixin.py:137} INFO - [2023-04-07T18:01:39.863+0200] {dag.py:3452} INFO - Setting next_dagrun for example_branch_datetime_operator to 2023-04-06T00:00:00+00:00, run_after=2023-04-07T00:00:00+00:00
[2023-04-07T18:01:39.866+0200] {logging_mixin.py:137} INFO - [2023-04-07T18:01:39.866+0200] {dag.py:3452} INFO - Setting next_dagrun for example_branch_datetime_operator_2 to 2023-04-06T00:00:00+00:00, run_after=2023-04-07T00:00:00+00:00
[2023-04-07T18:01:39.868+0200] {logging_mixin.py:137} INFO - [2023-04-07T18:01:39.868+0200] {dag.py:3452} INFO - Setting next_dagrun for example_branch_datetime_operator_3 to 2023-04-06T00:00:00+00:00, run_after=2023-04-07T00:00:00+00:00
[2023-04-07T18:01:39.881+0200] {processor.py:175} INFO - Processing /Users/oanottage/opt/anaconda3/envs/energyvenv/lib/python3.9/site-packages/airflow/example_dags/example_branch_datetime_operator.py took 0.807 seconds
[2023-04-07T18:05:55.966+0200] {processor.py:153} INFO - Started process (PID=18698) to work on /Users/oanottage/opt/anaconda3/envs/energyvenv/lib/python3.9/site-packages/airflow/example_dags/example_branch_datetime_operator.py
[2023-04-07T18:05:55.970+0200] {processor.py:743} INFO - Processing file /Users/oanottage/opt/anaconda3/envs/energyvenv/lib/python3.9/site-packages/airflow/example_dags/example_branch_datetime_operator.py for tasks to queue
[2023-04-07T18:05:55.970+0200] {logging_mixin.py:137} INFO - [2023-04-07T18:05:55.970+0200] {dagbag.py:532} INFO - Filling up the DagBag from /Users/oanottage/opt/anaconda3/envs/energyvenv/lib/python3.9/site-packages/airflow/example_dags/example_branch_datetime_operator.py
[2023-04-07T18:05:56.015+0200] {processor.py:753} INFO - DAG(s) dict_keys(['example_branch_datetime_operator_3', 'example_branch_datetime_operator', 'example_branch_datetime_operator_2']) retrieved from /Users/oanottage/opt/anaconda3/envs/energyvenv/lib/python3.9/site-packages/airflow/example_dags/example_branch_datetime_operator.py
[2023-04-07T18:05:56.725+0200] {logging_mixin.py:137} INFO - [2023-04-07T18:05:56.724+0200] {dag.py:2705} INFO - Sync 3 DAGs
[2023-04-07T18:05:56.741+0200] {logging_mixin.py:137} INFO - [2023-04-07T18:05:56.741+0200] {dag.py:3452} INFO - Setting next_dagrun for example_branch_datetime_operator to 2023-04-06T00:00:00+00:00, run_after=2023-04-07T00:00:00+00:00
[2023-04-07T18:05:56.745+0200] {logging_mixin.py:137} INFO - [2023-04-07T18:05:56.745+0200] {dag.py:3452} INFO - Setting next_dagrun for example_branch_datetime_operator_2 to 2023-04-06T00:00:00+00:00, run_after=2023-04-07T00:00:00+00:00
[2023-04-07T18:05:56.748+0200] {logging_mixin.py:137} INFO - [2023-04-07T18:05:56.748+0200] {dag.py:3452} INFO - Setting next_dagrun for example_branch_datetime_operator_3 to 2023-04-06T00:00:00+00:00, run_after=2023-04-07T00:00:00+00:00
[2023-04-07T18:05:56.763+0200] {processor.py:175} INFO - Processing /Users/oanottage/opt/anaconda3/envs/energyvenv/lib/python3.9/site-packages/airflow/example_dags/example_branch_datetime_operator.py took 0.798 seconds
[2023-04-07T18:09:25.630+0200] {processor.py:153} INFO - Started process (PID=19045) to work on /Users/oanottage/opt/anaconda3/envs/energyvenv/lib/python3.9/site-packages/airflow/example_dags/example_branch_datetime_operator.py
[2023-04-07T18:09:25.634+0200] {processor.py:743} INFO - Processing file /Users/oanottage/opt/anaconda3/envs/energyvenv/lib/python3.9/site-packages/airflow/example_dags/example_branch_datetime_operator.py for tasks to queue
[2023-04-07T18:09:25.634+0200] {logging_mixin.py:137} INFO - [2023-04-07T18:09:25.634+0200] {dagbag.py:532} INFO - Filling up the DagBag from /Users/oanottage/opt/anaconda3/envs/energyvenv/lib/python3.9/site-packages/airflow/example_dags/example_branch_datetime_operator.py
[2023-04-07T18:09:25.676+0200] {processor.py:753} INFO - DAG(s) dict_keys(['example_branch_datetime_operator', 'example_branch_datetime_operator_3', 'example_branch_datetime_operator_2']) retrieved from /Users/oanottage/opt/anaconda3/envs/energyvenv/lib/python3.9/site-packages/airflow/example_dags/example_branch_datetime_operator.py
[2023-04-07T18:09:26.422+0200] {logging_mixin.py:137} INFO - [2023-04-07T18:09:26.422+0200] {dag.py:2705} INFO - Sync 3 DAGs
[2023-04-07T18:09:26.440+0200] {logging_mixin.py:137} INFO - [2023-04-07T18:09:26.439+0200] {dag.py:3452} INFO - Setting next_dagrun for example_branch_datetime_operator to 2023-04-06T00:00:00+00:00, run_after=2023-04-07T00:00:00+00:00
[2023-04-07T18:09:26.443+0200] {logging_mixin.py:137} INFO - [2023-04-07T18:09:26.443+0200] {dag.py:3452} INFO - Setting next_dagrun for example_branch_datetime_operator_2 to 2023-04-06T00:00:00+00:00, run_after=2023-04-07T00:00:00+00:00
[2023-04-07T18:09:26.445+0200] {logging_mixin.py:137} INFO - [2023-04-07T18:09:26.445+0200] {dag.py:3452} INFO - Setting next_dagrun for example_branch_datetime_operator_3 to 2023-04-06T00:00:00+00:00, run_after=2023-04-07T00:00:00+00:00
[2023-04-07T18:09:26.459+0200] {processor.py:175} INFO - Processing /Users/oanottage/opt/anaconda3/envs/energyvenv/lib/python3.9/site-packages/airflow/example_dags/example_branch_datetime_operator.py took 0.830 seconds
[2023-04-07T18:12:07.857+0200] {processor.py:153} INFO - Started process (PID=19264) to work on /Users/oanottage/opt/anaconda3/envs/energyvenv/lib/python3.9/site-packages/airflow/example_dags/example_branch_datetime_operator.py
[2023-04-07T18:12:07.860+0200] {processor.py:743} INFO - Processing file /Users/oanottage/opt/anaconda3/envs/energyvenv/lib/python3.9/site-packages/airflow/example_dags/example_branch_datetime_operator.py for tasks to queue
[2023-04-07T18:12:07.860+0200] {logging_mixin.py:137} INFO - [2023-04-07T18:12:07.860+0200] {dagbag.py:532} INFO - Filling up the DagBag from /Users/oanottage/opt/anaconda3/envs/energyvenv/lib/python3.9/site-packages/airflow/example_dags/example_branch_datetime_operator.py
[2023-04-07T18:12:07.900+0200] {processor.py:753} INFO - DAG(s) dict_keys(['example_branch_datetime_operator_2', 'example_branch_datetime_operator_3', 'example_branch_datetime_operator']) retrieved from /Users/oanottage/opt/anaconda3/envs/energyvenv/lib/python3.9/site-packages/airflow/example_dags/example_branch_datetime_operator.py
[2023-04-07T18:12:08.546+0200] {logging_mixin.py:137} INFO - [2023-04-07T18:12:08.546+0200] {dag.py:2705} INFO - Sync 3 DAGs
[2023-04-07T18:12:08.559+0200] {logging_mixin.py:137} INFO - [2023-04-07T18:12:08.559+0200] {dag.py:3452} INFO - Setting next_dagrun for example_branch_datetime_operator to 2023-04-06T00:00:00+00:00, run_after=2023-04-07T00:00:00+00:00
[2023-04-07T18:12:08.562+0200] {logging_mixin.py:137} INFO - [2023-04-07T18:12:08.562+0200] {dag.py:3452} INFO - Setting next_dagrun for example_branch_datetime_operator_2 to 2023-04-06T00:00:00+00:00, run_after=2023-04-07T00:00:00+00:00
[2023-04-07T18:12:08.563+0200] {logging_mixin.py:137} INFO - [2023-04-07T18:12:08.563+0200] {dag.py:3452} INFO - Setting next_dagrun for example_branch_datetime_operator_3 to 2023-04-06T00:00:00+00:00, run_after=2023-04-07T00:00:00+00:00
[2023-04-07T18:12:08.575+0200] {processor.py:175} INFO - Processing /Users/oanottage/opt/anaconda3/envs/energyvenv/lib/python3.9/site-packages/airflow/example_dags/example_branch_datetime_operator.py took 0.719 seconds
[2023-04-07T18:14:37.216+0200] {processor.py:153} INFO - Started process (PID=19462) to work on /Users/oanottage/opt/anaconda3/envs/energyvenv/lib/python3.9/site-packages/airflow/example_dags/example_branch_datetime_operator.py
[2023-04-07T18:14:37.220+0200] {processor.py:743} INFO - Processing file /Users/oanottage/opt/anaconda3/envs/energyvenv/lib/python3.9/site-packages/airflow/example_dags/example_branch_datetime_operator.py for tasks to queue
[2023-04-07T18:14:37.220+0200] {logging_mixin.py:137} INFO - [2023-04-07T18:14:37.220+0200] {dagbag.py:532} INFO - Filling up the DagBag from /Users/oanottage/opt/anaconda3/envs/energyvenv/lib/python3.9/site-packages/airflow/example_dags/example_branch_datetime_operator.py
[2023-04-07T18:14:37.267+0200] {processor.py:753} INFO - DAG(s) dict_keys(['example_branch_datetime_operator_2', 'example_branch_datetime_operator_3', 'example_branch_datetime_operator']) retrieved from /Users/oanottage/opt/anaconda3/envs/energyvenv/lib/python3.9/site-packages/airflow/example_dags/example_branch_datetime_operator.py
[2023-04-07T18:14:38.085+0200] {logging_mixin.py:137} INFO - [2023-04-07T18:14:38.084+0200] {dag.py:2705} INFO - Sync 3 DAGs
[2023-04-07T18:14:38.102+0200] {logging_mixin.py:137} INFO - [2023-04-07T18:14:38.102+0200] {dag.py:3452} INFO - Setting next_dagrun for example_branch_datetime_operator to 2023-04-06T00:00:00+00:00, run_after=2023-04-07T00:00:00+00:00
[2023-04-07T18:14:38.105+0200] {logging_mixin.py:137} INFO - [2023-04-07T18:14:38.105+0200] {dag.py:3452} INFO - Setting next_dagrun for example_branch_datetime_operator_2 to 2023-04-06T00:00:00+00:00, run_after=2023-04-07T00:00:00+00:00
[2023-04-07T18:14:38.107+0200] {logging_mixin.py:137} INFO - [2023-04-07T18:14:38.107+0200] {dag.py:3452} INFO - Setting next_dagrun for example_branch_datetime_operator_3 to 2023-04-06T00:00:00+00:00, run_after=2023-04-07T00:00:00+00:00
[2023-04-07T18:14:38.120+0200] {processor.py:175} INFO - Processing /Users/oanottage/opt/anaconda3/envs/energyvenv/lib/python3.9/site-packages/airflow/example_dags/example_branch_datetime_operator.py took 0.905 seconds
[2023-04-07T18:17:05.870+0200] {processor.py:153} INFO - Started process (PID=19677) to work on /Users/oanottage/opt/anaconda3/envs/energyvenv/lib/python3.9/site-packages/airflow/example_dags/example_branch_datetime_operator.py
[2023-04-07T18:17:05.874+0200] {processor.py:743} INFO - Processing file /Users/oanottage/opt/anaconda3/envs/energyvenv/lib/python3.9/site-packages/airflow/example_dags/example_branch_datetime_operator.py for tasks to queue
[2023-04-07T18:17:05.875+0200] {logging_mixin.py:137} INFO - [2023-04-07T18:17:05.875+0200] {dagbag.py:532} INFO - Filling up the DagBag from /Users/oanottage/opt/anaconda3/envs/energyvenv/lib/python3.9/site-packages/airflow/example_dags/example_branch_datetime_operator.py
[2023-04-07T18:17:05.932+0200] {processor.py:753} INFO - DAG(s) dict_keys(['example_branch_datetime_operator_3', 'example_branch_datetime_operator_2', 'example_branch_datetime_operator']) retrieved from /Users/oanottage/opt/anaconda3/envs/energyvenv/lib/python3.9/site-packages/airflow/example_dags/example_branch_datetime_operator.py
[2023-04-07T18:17:06.687+0200] {logging_mixin.py:137} INFO - [2023-04-07T18:17:06.686+0200] {dag.py:2705} INFO - Sync 3 DAGs
[2023-04-07T18:17:06.703+0200] {logging_mixin.py:137} INFO - [2023-04-07T18:17:06.703+0200] {dag.py:3452} INFO - Setting next_dagrun for example_branch_datetime_operator to 2023-04-06T00:00:00+00:00, run_after=2023-04-07T00:00:00+00:00
[2023-04-07T18:17:06.707+0200] {logging_mixin.py:137} INFO - [2023-04-07T18:17:06.707+0200] {dag.py:3452} INFO - Setting next_dagrun for example_branch_datetime_operator_2 to 2023-04-06T00:00:00+00:00, run_after=2023-04-07T00:00:00+00:00
[2023-04-07T18:17:06.709+0200] {logging_mixin.py:137} INFO - [2023-04-07T18:17:06.709+0200] {dag.py:3452} INFO - Setting next_dagrun for example_branch_datetime_operator_3 to 2023-04-06T00:00:00+00:00, run_after=2023-04-07T00:00:00+00:00
[2023-04-07T18:17:06.723+0200] {processor.py:175} INFO - Processing /Users/oanottage/opt/anaconda3/envs/energyvenv/lib/python3.9/site-packages/airflow/example_dags/example_branch_datetime_operator.py took 0.854 seconds
[2023-04-07T18:19:49.327+0200] {processor.py:153} INFO - Started process (PID=19914) to work on /Users/oanottage/opt/anaconda3/envs/energyvenv/lib/python3.9/site-packages/airflow/example_dags/example_branch_datetime_operator.py
[2023-04-07T18:19:49.331+0200] {processor.py:743} INFO - Processing file /Users/oanottage/opt/anaconda3/envs/energyvenv/lib/python3.9/site-packages/airflow/example_dags/example_branch_datetime_operator.py for tasks to queue
[2023-04-07T18:19:49.332+0200] {logging_mixin.py:137} INFO - [2023-04-07T18:19:49.332+0200] {dagbag.py:532} INFO - Filling up the DagBag from /Users/oanottage/opt/anaconda3/envs/energyvenv/lib/python3.9/site-packages/airflow/example_dags/example_branch_datetime_operator.py
[2023-04-07T18:19:49.398+0200] {processor.py:753} INFO - DAG(s) dict_keys(['example_branch_datetime_operator_3', 'example_branch_datetime_operator', 'example_branch_datetime_operator_2']) retrieved from /Users/oanottage/opt/anaconda3/envs/energyvenv/lib/python3.9/site-packages/airflow/example_dags/example_branch_datetime_operator.py
[2023-04-07T18:19:50.299+0200] {logging_mixin.py:137} INFO - [2023-04-07T18:19:50.299+0200] {dag.py:2705} INFO - Sync 3 DAGs
[2023-04-07T18:19:50.316+0200] {logging_mixin.py:137} INFO - [2023-04-07T18:19:50.316+0200] {dag.py:3452} INFO - Setting next_dagrun for example_branch_datetime_operator to 2023-04-06T00:00:00+00:00, run_after=2023-04-07T00:00:00+00:00
[2023-04-07T18:19:50.320+0200] {logging_mixin.py:137} INFO - [2023-04-07T18:19:50.320+0200] {dag.py:3452} INFO - Setting next_dagrun for example_branch_datetime_operator_2 to 2023-04-06T00:00:00+00:00, run_after=2023-04-07T00:00:00+00:00
[2023-04-07T18:19:50.322+0200] {logging_mixin.py:137} INFO - [2023-04-07T18:19:50.321+0200] {dag.py:3452} INFO - Setting next_dagrun for example_branch_datetime_operator_3 to 2023-04-06T00:00:00+00:00, run_after=2023-04-07T00:00:00+00:00
[2023-04-07T18:19:50.334+0200] {processor.py:175} INFO - Processing /Users/oanottage/opt/anaconda3/envs/energyvenv/lib/python3.9/site-packages/airflow/example_dags/example_branch_datetime_operator.py took 1.008 seconds
[2023-04-07T18:22:32.417+0200] {processor.py:153} INFO - Started process (PID=20112) to work on /Users/oanottage/opt/anaconda3/envs/energyvenv/lib/python3.9/site-packages/airflow/example_dags/example_branch_datetime_operator.py
[2023-04-07T18:22:32.420+0200] {processor.py:743} INFO - Processing file /Users/oanottage/opt/anaconda3/envs/energyvenv/lib/python3.9/site-packages/airflow/example_dags/example_branch_datetime_operator.py for tasks to queue
[2023-04-07T18:22:32.421+0200] {logging_mixin.py:137} INFO - [2023-04-07T18:22:32.421+0200] {dagbag.py:532} INFO - Filling up the DagBag from /Users/oanottage/opt/anaconda3/envs/energyvenv/lib/python3.9/site-packages/airflow/example_dags/example_branch_datetime_operator.py
[2023-04-07T18:22:32.470+0200] {processor.py:753} INFO - DAG(s) dict_keys(['example_branch_datetime_operator', 'example_branch_datetime_operator_2', 'example_branch_datetime_operator_3']) retrieved from /Users/oanottage/opt/anaconda3/envs/energyvenv/lib/python3.9/site-packages/airflow/example_dags/example_branch_datetime_operator.py
[2023-04-07T18:22:33.133+0200] {logging_mixin.py:137} INFO - [2023-04-07T18:22:33.133+0200] {dag.py:2705} INFO - Sync 3 DAGs
[2023-04-07T18:22:33.147+0200] {logging_mixin.py:137} INFO - [2023-04-07T18:22:33.147+0200] {dag.py:3452} INFO - Setting next_dagrun for example_branch_datetime_operator to 2023-04-06T00:00:00+00:00, run_after=2023-04-07T00:00:00+00:00
[2023-04-07T18:22:33.150+0200] {logging_mixin.py:137} INFO - [2023-04-07T18:22:33.150+0200] {dag.py:3452} INFO - Setting next_dagrun for example_branch_datetime_operator_2 to 2023-04-06T00:00:00+00:00, run_after=2023-04-07T00:00:00+00:00
[2023-04-07T18:22:33.152+0200] {logging_mixin.py:137} INFO - [2023-04-07T18:22:33.152+0200] {dag.py:3452} INFO - Setting next_dagrun for example_branch_datetime_operator_3 to 2023-04-06T00:00:00+00:00, run_after=2023-04-07T00:00:00+00:00
[2023-04-07T18:22:33.163+0200] {processor.py:175} INFO - Processing /Users/oanottage/opt/anaconda3/envs/energyvenv/lib/python3.9/site-packages/airflow/example_dags/example_branch_datetime_operator.py took 0.746 seconds
[2023-04-07T18:25:18.927+0200] {processor.py:153} INFO - Started process (PID=20304) to work on /Users/oanottage/opt/anaconda3/envs/energyvenv/lib/python3.9/site-packages/airflow/example_dags/example_branch_datetime_operator.py
[2023-04-07T18:25:18.930+0200] {processor.py:743} INFO - Processing file /Users/oanottage/opt/anaconda3/envs/energyvenv/lib/python3.9/site-packages/airflow/example_dags/example_branch_datetime_operator.py for tasks to queue
[2023-04-07T18:25:18.931+0200] {logging_mixin.py:137} INFO - [2023-04-07T18:25:18.930+0200] {dagbag.py:532} INFO - Filling up the DagBag from /Users/oanottage/opt/anaconda3/envs/energyvenv/lib/python3.9/site-packages/airflow/example_dags/example_branch_datetime_operator.py
[2023-04-07T18:25:18.981+0200] {processor.py:753} INFO - DAG(s) dict_keys(['example_branch_datetime_operator_3', 'example_branch_datetime_operator_2', 'example_branch_datetime_operator']) retrieved from /Users/oanottage/opt/anaconda3/envs/energyvenv/lib/python3.9/site-packages/airflow/example_dags/example_branch_datetime_operator.py
[2023-04-07T18:25:19.721+0200] {logging_mixin.py:137} INFO - [2023-04-07T18:25:19.721+0200] {dag.py:2705} INFO - Sync 3 DAGs
[2023-04-07T18:25:19.734+0200] {logging_mixin.py:137} INFO - [2023-04-07T18:25:19.734+0200] {dag.py:3452} INFO - Setting next_dagrun for example_branch_datetime_operator to 2023-04-06T00:00:00+00:00, run_after=2023-04-07T00:00:00+00:00
[2023-04-07T18:25:19.736+0200] {logging_mixin.py:137} INFO - [2023-04-07T18:25:19.736+0200] {dag.py:3452} INFO - Setting next_dagrun for example_branch_datetime_operator_2 to 2023-04-06T00:00:00+00:00, run_after=2023-04-07T00:00:00+00:00
[2023-04-07T18:25:19.738+0200] {logging_mixin.py:137} INFO - [2023-04-07T18:25:19.738+0200] {dag.py:3452} INFO - Setting next_dagrun for example_branch_datetime_operator_3 to 2023-04-06T00:00:00+00:00, run_after=2023-04-07T00:00:00+00:00
[2023-04-07T18:25:19.750+0200] {processor.py:175} INFO - Processing /Users/oanottage/opt/anaconda3/envs/energyvenv/lib/python3.9/site-packages/airflow/example_dags/example_branch_datetime_operator.py took 0.824 seconds
[2023-04-07T18:31:35.131+0200] {processor.py:153} INFO - Started process (PID=20878) to work on /Users/oanottage/opt/anaconda3/envs/energyvenv/lib/python3.9/site-packages/airflow/example_dags/example_branch_datetime_operator.py
[2023-04-07T18:31:35.136+0200] {processor.py:743} INFO - Processing file /Users/oanottage/opt/anaconda3/envs/energyvenv/lib/python3.9/site-packages/airflow/example_dags/example_branch_datetime_operator.py for tasks to queue
[2023-04-07T18:31:35.137+0200] {logging_mixin.py:137} INFO - [2023-04-07T18:31:35.137+0200] {dagbag.py:532} INFO - Filling up the DagBag from /Users/oanottage/opt/anaconda3/envs/energyvenv/lib/python3.9/site-packages/airflow/example_dags/example_branch_datetime_operator.py
[2023-04-07T18:31:35.189+0200] {processor.py:753} INFO - DAG(s) dict_keys(['example_branch_datetime_operator_2', 'example_branch_datetime_operator', 'example_branch_datetime_operator_3']) retrieved from /Users/oanottage/opt/anaconda3/envs/energyvenv/lib/python3.9/site-packages/airflow/example_dags/example_branch_datetime_operator.py
[2023-04-07T18:31:35.910+0200] {logging_mixin.py:137} INFO - [2023-04-07T18:31:35.910+0200] {dag.py:2705} INFO - Sync 3 DAGs
[2023-04-07T18:31:35.926+0200] {logging_mixin.py:137} INFO - [2023-04-07T18:31:35.926+0200] {dag.py:3452} INFO - Setting next_dagrun for example_branch_datetime_operator to 2023-04-06T00:00:00+00:00, run_after=2023-04-07T00:00:00+00:00
[2023-04-07T18:31:35.930+0200] {logging_mixin.py:137} INFO - [2023-04-07T18:31:35.930+0200] {dag.py:3452} INFO - Setting next_dagrun for example_branch_datetime_operator_2 to 2023-04-06T00:00:00+00:00, run_after=2023-04-07T00:00:00+00:00
[2023-04-07T18:31:35.932+0200] {logging_mixin.py:137} INFO - [2023-04-07T18:31:35.932+0200] {dag.py:3452} INFO - Setting next_dagrun for example_branch_datetime_operator_3 to 2023-04-06T00:00:00+00:00, run_after=2023-04-07T00:00:00+00:00
[2023-04-07T18:31:35.945+0200] {processor.py:175} INFO - Processing /Users/oanottage/opt/anaconda3/envs/energyvenv/lib/python3.9/site-packages/airflow/example_dags/example_branch_datetime_operator.py took 0.815 seconds
[2023-04-07T18:43:37.905+0200] {processor.py:153} INFO - Started process (PID=21500) to work on /Users/oanottage/opt/anaconda3/envs/energyvenv/lib/python3.9/site-packages/airflow/example_dags/example_branch_datetime_operator.py
[2023-04-07T18:43:37.909+0200] {processor.py:743} INFO - Processing file /Users/oanottage/opt/anaconda3/envs/energyvenv/lib/python3.9/site-packages/airflow/example_dags/example_branch_datetime_operator.py for tasks to queue
[2023-04-07T18:43:37.909+0200] {logging_mixin.py:137} INFO - [2023-04-07T18:43:37.909+0200] {dagbag.py:532} INFO - Filling up the DagBag from /Users/oanottage/opt/anaconda3/envs/energyvenv/lib/python3.9/site-packages/airflow/example_dags/example_branch_datetime_operator.py
[2023-04-07T18:43:37.954+0200] {processor.py:753} INFO - DAG(s) dict_keys(['example_branch_datetime_operator_2', 'example_branch_datetime_operator', 'example_branch_datetime_operator_3']) retrieved from /Users/oanottage/opt/anaconda3/envs/energyvenv/lib/python3.9/site-packages/airflow/example_dags/example_branch_datetime_operator.py
[2023-04-07T18:43:38.689+0200] {logging_mixin.py:137} INFO - [2023-04-07T18:43:38.689+0200] {dag.py:2705} INFO - Sync 3 DAGs
[2023-04-07T18:43:38.703+0200] {logging_mixin.py:137} INFO - [2023-04-07T18:43:38.702+0200] {dag.py:3452} INFO - Setting next_dagrun for example_branch_datetime_operator to 2023-04-06T00:00:00+00:00, run_after=2023-04-07T00:00:00+00:00
[2023-04-07T18:43:38.706+0200] {logging_mixin.py:137} INFO - [2023-04-07T18:43:38.705+0200] {dag.py:3452} INFO - Setting next_dagrun for example_branch_datetime_operator_2 to 2023-04-06T00:00:00+00:00, run_after=2023-04-07T00:00:00+00:00
[2023-04-07T18:43:38.707+0200] {logging_mixin.py:137} INFO - [2023-04-07T18:43:38.707+0200] {dag.py:3452} INFO - Setting next_dagrun for example_branch_datetime_operator_3 to 2023-04-06T00:00:00+00:00, run_after=2023-04-07T00:00:00+00:00
[2023-04-07T18:43:38.721+0200] {processor.py:175} INFO - Processing /Users/oanottage/opt/anaconda3/envs/energyvenv/lib/python3.9/site-packages/airflow/example_dags/example_branch_datetime_operator.py took 0.816 seconds
[2023-04-07T18:46:31.291+0200] {processor.py:153} INFO - Started process (PID=21720) to work on /Users/oanottage/opt/anaconda3/envs/energyvenv/lib/python3.9/site-packages/airflow/example_dags/example_branch_datetime_operator.py
[2023-04-07T18:46:31.294+0200] {processor.py:743} INFO - Processing file /Users/oanottage/opt/anaconda3/envs/energyvenv/lib/python3.9/site-packages/airflow/example_dags/example_branch_datetime_operator.py for tasks to queue
[2023-04-07T18:46:31.294+0200] {logging_mixin.py:137} INFO - [2023-04-07T18:46:31.294+0200] {dagbag.py:532} INFO - Filling up the DagBag from /Users/oanottage/opt/anaconda3/envs/energyvenv/lib/python3.9/site-packages/airflow/example_dags/example_branch_datetime_operator.py
[2023-04-07T18:46:31.339+0200] {processor.py:753} INFO - DAG(s) dict_keys(['example_branch_datetime_operator_3', 'example_branch_datetime_operator', 'example_branch_datetime_operator_2']) retrieved from /Users/oanottage/opt/anaconda3/envs/energyvenv/lib/python3.9/site-packages/airflow/example_dags/example_branch_datetime_operator.py
[2023-04-07T18:46:31.961+0200] {logging_mixin.py:137} INFO - [2023-04-07T18:46:31.961+0200] {dag.py:2705} INFO - Sync 3 DAGs
[2023-04-07T18:46:31.974+0200] {logging_mixin.py:137} INFO - [2023-04-07T18:46:31.974+0200] {dag.py:3452} INFO - Setting next_dagrun for example_branch_datetime_operator to 2023-04-06T00:00:00+00:00, run_after=2023-04-07T00:00:00+00:00
[2023-04-07T18:46:31.977+0200] {logging_mixin.py:137} INFO - [2023-04-07T18:46:31.977+0200] {dag.py:3452} INFO - Setting next_dagrun for example_branch_datetime_operator_2 to 2023-04-06T00:00:00+00:00, run_after=2023-04-07T00:00:00+00:00
[2023-04-07T18:46:31.979+0200] {logging_mixin.py:137} INFO - [2023-04-07T18:46:31.978+0200] {dag.py:3452} INFO - Setting next_dagrun for example_branch_datetime_operator_3 to 2023-04-06T00:00:00+00:00, run_after=2023-04-07T00:00:00+00:00
[2023-04-07T18:46:31.990+0200] {processor.py:175} INFO - Processing /Users/oanottage/opt/anaconda3/envs/energyvenv/lib/python3.9/site-packages/airflow/example_dags/example_branch_datetime_operator.py took 0.700 seconds
