[2023-04-07T17:55:38.622+0200] {processor.py:153} INFO - Started process (PID=17937) to work on /Users/oanottage/opt/anaconda3/envs/energyvenv/lib/python3.9/site-packages/airflow/example_dags/example_branch_labels.py
[2023-04-07T17:55:38.625+0200] {processor.py:743} INFO - Processing file /Users/oanottage/opt/anaconda3/envs/energyvenv/lib/python3.9/site-packages/airflow/example_dags/example_branch_labels.py for tasks to queue
[2023-04-07T17:55:38.626+0200] {logging_mixin.py:137} INFO - [2023-04-07T17:55:38.626+0200] {dagbag.py:532} INFO - Filling up the DagBag from /Users/oanottage/opt/anaconda3/envs/energyvenv/lib/python3.9/site-packages/airflow/example_dags/example_branch_labels.py
[2023-04-07T17:55:38.664+0200] {processor.py:753} INFO - DAG(s) dict_keys(['example_branch_labels']) retrieved from /Users/oanottage/opt/anaconda3/envs/energyvenv/lib/python3.9/site-packages/airflow/example_dags/example_branch_labels.py
[2023-04-07T17:55:39.316+0200] {logging_mixin.py:137} INFO - [2023-04-07T17:55:39.316+0200] {dag.py:2705} INFO - Sync 1 DAGs
[2023-04-07T17:55:39.327+0200] {logging_mixin.py:137} INFO - [2023-04-07T17:55:39.327+0200] {dag.py:3452} INFO - Setting next_dagrun for example_branch_labels to 2023-04-06T00:00:00+00:00, run_after=2023-04-07T00:00:00+00:00
[2023-04-07T17:55:39.342+0200] {processor.py:175} INFO - Processing /Users/oanottage/opt/anaconda3/envs/energyvenv/lib/python3.9/site-packages/airflow/example_dags/example_branch_labels.py took 0.721 seconds
[2023-04-07T17:58:54.194+0200] {processor.py:153} INFO - Started process (PID=18177) to work on /Users/oanottage/opt/anaconda3/envs/energyvenv/lib/python3.9/site-packages/airflow/example_dags/example_branch_labels.py
[2023-04-07T17:58:54.198+0200] {processor.py:743} INFO - Processing file /Users/oanottage/opt/anaconda3/envs/energyvenv/lib/python3.9/site-packages/airflow/example_dags/example_branch_labels.py for tasks to queue
[2023-04-07T17:58:54.198+0200] {logging_mixin.py:137} INFO - [2023-04-07T17:58:54.198+0200] {dagbag.py:532} INFO - Filling up the DagBag from /Users/oanottage/opt/anaconda3/envs/energyvenv/lib/python3.9/site-packages/airflow/example_dags/example_branch_labels.py
[2023-04-07T17:58:54.242+0200] {processor.py:753} INFO - DAG(s) dict_keys(['example_branch_labels']) retrieved from /Users/oanottage/opt/anaconda3/envs/energyvenv/lib/python3.9/site-packages/airflow/example_dags/example_branch_labels.py
[2023-04-07T17:58:54.857+0200] {logging_mixin.py:137} INFO - [2023-04-07T17:58:54.857+0200] {dag.py:2705} INFO - Sync 1 DAGs
[2023-04-07T17:58:54.869+0200] {logging_mixin.py:137} INFO - [2023-04-07T17:58:54.869+0200] {dag.py:3452} INFO - Setting next_dagrun for example_branch_labels to 2023-04-06T00:00:00+00:00, run_after=2023-04-07T00:00:00+00:00
[2023-04-07T17:58:54.881+0200] {processor.py:175} INFO - Processing /Users/oanottage/opt/anaconda3/envs/energyvenv/lib/python3.9/site-packages/airflow/example_dags/example_branch_labels.py took 0.687 seconds
[2023-04-07T18:01:33.855+0200] {processor.py:153} INFO - Started process (PID=18370) to work on /Users/oanottage/opt/anaconda3/envs/energyvenv/lib/python3.9/site-packages/airflow/example_dags/example_branch_labels.py
[2023-04-07T18:01:33.858+0200] {processor.py:743} INFO - Processing file /Users/oanottage/opt/anaconda3/envs/energyvenv/lib/python3.9/site-packages/airflow/example_dags/example_branch_labels.py for tasks to queue
[2023-04-07T18:01:33.858+0200] {logging_mixin.py:137} INFO - [2023-04-07T18:01:33.858+0200] {dagbag.py:532} INFO - Filling up the DagBag from /Users/oanottage/opt/anaconda3/envs/energyvenv/lib/python3.9/site-packages/airflow/example_dags/example_branch_labels.py
[2023-04-07T18:01:33.906+0200] {processor.py:753} INFO - DAG(s) dict_keys(['example_branch_labels']) retrieved from /Users/oanottage/opt/anaconda3/envs/energyvenv/lib/python3.9/site-packages/airflow/example_dags/example_branch_labels.py
[2023-04-07T18:01:34.608+0200] {logging_mixin.py:137} INFO - [2023-04-07T18:01:34.608+0200] {dag.py:2705} INFO - Sync 1 DAGs
[2023-04-07T18:01:34.622+0200] {logging_mixin.py:137} INFO - [2023-04-07T18:01:34.622+0200] {dag.py:3452} INFO - Setting next_dagrun for example_branch_labels to 2023-04-06T00:00:00+00:00, run_after=2023-04-07T00:00:00+00:00
[2023-04-07T18:01:34.635+0200] {processor.py:175} INFO - Processing /Users/oanottage/opt/anaconda3/envs/energyvenv/lib/python3.9/site-packages/airflow/example_dags/example_branch_labels.py took 0.781 seconds
[2023-04-07T18:05:50.497+0200] {processor.py:153} INFO - Started process (PID=18692) to work on /Users/oanottage/opt/anaconda3/envs/energyvenv/lib/python3.9/site-packages/airflow/example_dags/example_branch_labels.py
[2023-04-07T18:05:50.500+0200] {processor.py:743} INFO - Processing file /Users/oanottage/opt/anaconda3/envs/energyvenv/lib/python3.9/site-packages/airflow/example_dags/example_branch_labels.py for tasks to queue
[2023-04-07T18:05:50.501+0200] {logging_mixin.py:137} INFO - [2023-04-07T18:05:50.500+0200] {dagbag.py:532} INFO - Filling up the DagBag from /Users/oanottage/opt/anaconda3/envs/energyvenv/lib/python3.9/site-packages/airflow/example_dags/example_branch_labels.py
[2023-04-07T18:05:50.541+0200] {processor.py:753} INFO - DAG(s) dict_keys(['example_branch_labels']) retrieved from /Users/oanottage/opt/anaconda3/envs/energyvenv/lib/python3.9/site-packages/airflow/example_dags/example_branch_labels.py
[2023-04-07T18:05:51.241+0200] {logging_mixin.py:137} INFO - [2023-04-07T18:05:51.241+0200] {dag.py:2705} INFO - Sync 1 DAGs
[2023-04-07T18:05:51.257+0200] {logging_mixin.py:137} INFO - [2023-04-07T18:05:51.256+0200] {dag.py:3452} INFO - Setting next_dagrun for example_branch_labels to 2023-04-06T00:00:00+00:00, run_after=2023-04-07T00:00:00+00:00
[2023-04-07T18:05:51.271+0200] {processor.py:175} INFO - Processing /Users/oanottage/opt/anaconda3/envs/energyvenv/lib/python3.9/site-packages/airflow/example_dags/example_branch_labels.py took 0.774 seconds
[2023-04-07T18:09:20.208+0200] {processor.py:153} INFO - Started process (PID=19040) to work on /Users/oanottage/opt/anaconda3/envs/energyvenv/lib/python3.9/site-packages/airflow/example_dags/example_branch_labels.py
[2023-04-07T18:09:20.212+0200] {processor.py:743} INFO - Processing file /Users/oanottage/opt/anaconda3/envs/energyvenv/lib/python3.9/site-packages/airflow/example_dags/example_branch_labels.py for tasks to queue
[2023-04-07T18:09:20.212+0200] {logging_mixin.py:137} INFO - [2023-04-07T18:09:20.212+0200] {dagbag.py:532} INFO - Filling up the DagBag from /Users/oanottage/opt/anaconda3/envs/energyvenv/lib/python3.9/site-packages/airflow/example_dags/example_branch_labels.py
[2023-04-07T18:09:20.252+0200] {processor.py:753} INFO - DAG(s) dict_keys(['example_branch_labels']) retrieved from /Users/oanottage/opt/anaconda3/envs/energyvenv/lib/python3.9/site-packages/airflow/example_dags/example_branch_labels.py
[2023-04-07T18:09:20.900+0200] {logging_mixin.py:137} INFO - [2023-04-07T18:09:20.900+0200] {dag.py:2705} INFO - Sync 1 DAGs
[2023-04-07T18:09:20.913+0200] {logging_mixin.py:137} INFO - [2023-04-07T18:09:20.913+0200] {dag.py:3452} INFO - Setting next_dagrun for example_branch_labels to 2023-04-06T00:00:00+00:00, run_after=2023-04-07T00:00:00+00:00
[2023-04-07T18:09:20.925+0200] {processor.py:175} INFO - Processing /Users/oanottage/opt/anaconda3/envs/energyvenv/lib/python3.9/site-packages/airflow/example_dags/example_branch_labels.py took 0.717 seconds
[2023-04-07T18:12:02.735+0200] {processor.py:153} INFO - Started process (PID=19259) to work on /Users/oanottage/opt/anaconda3/envs/energyvenv/lib/python3.9/site-packages/airflow/example_dags/example_branch_labels.py
[2023-04-07T18:12:02.738+0200] {processor.py:743} INFO - Processing file /Users/oanottage/opt/anaconda3/envs/energyvenv/lib/python3.9/site-packages/airflow/example_dags/example_branch_labels.py for tasks to queue
[2023-04-07T18:12:02.739+0200] {logging_mixin.py:137} INFO - [2023-04-07T18:12:02.739+0200] {dagbag.py:532} INFO - Filling up the DagBag from /Users/oanottage/opt/anaconda3/envs/energyvenv/lib/python3.9/site-packages/airflow/example_dags/example_branch_labels.py
[2023-04-07T18:12:02.776+0200] {processor.py:753} INFO - DAG(s) dict_keys(['example_branch_labels']) retrieved from /Users/oanottage/opt/anaconda3/envs/energyvenv/lib/python3.9/site-packages/airflow/example_dags/example_branch_labels.py
[2023-04-07T18:12:03.422+0200] {logging_mixin.py:137} INFO - [2023-04-07T18:12:03.421+0200] {dag.py:2705} INFO - Sync 1 DAGs
[2023-04-07T18:12:03.437+0200] {logging_mixin.py:137} INFO - [2023-04-07T18:12:03.436+0200] {dag.py:3452} INFO - Setting next_dagrun for example_branch_labels to 2023-04-06T00:00:00+00:00, run_after=2023-04-07T00:00:00+00:00
[2023-04-07T18:12:03.450+0200] {processor.py:175} INFO - Processing /Users/oanottage/opt/anaconda3/envs/energyvenv/lib/python3.9/site-packages/airflow/example_dags/example_branch_labels.py took 0.715 seconds
[2023-04-07T18:14:32.021+0200] {processor.py:153} INFO - Started process (PID=19457) to work on /Users/oanottage/opt/anaconda3/envs/energyvenv/lib/python3.9/site-packages/airflow/example_dags/example_branch_labels.py
[2023-04-07T18:14:32.024+0200] {processor.py:743} INFO - Processing file /Users/oanottage/opt/anaconda3/envs/energyvenv/lib/python3.9/site-packages/airflow/example_dags/example_branch_labels.py for tasks to queue
[2023-04-07T18:14:32.025+0200] {logging_mixin.py:137} INFO - [2023-04-07T18:14:32.025+0200] {dagbag.py:532} INFO - Filling up the DagBag from /Users/oanottage/opt/anaconda3/envs/energyvenv/lib/python3.9/site-packages/airflow/example_dags/example_branch_labels.py
[2023-04-07T18:14:32.069+0200] {processor.py:753} INFO - DAG(s) dict_keys(['example_branch_labels']) retrieved from /Users/oanottage/opt/anaconda3/envs/energyvenv/lib/python3.9/site-packages/airflow/example_dags/example_branch_labels.py
[2023-04-07T18:14:32.718+0200] {logging_mixin.py:137} INFO - [2023-04-07T18:14:32.718+0200] {dag.py:2705} INFO - Sync 1 DAGs
[2023-04-07T18:14:32.734+0200] {logging_mixin.py:137} INFO - [2023-04-07T18:14:32.734+0200] {dag.py:3452} INFO - Setting next_dagrun for example_branch_labels to 2023-04-06T00:00:00+00:00, run_after=2023-04-07T00:00:00+00:00
[2023-04-07T18:14:32.748+0200] {processor.py:175} INFO - Processing /Users/oanottage/opt/anaconda3/envs/energyvenv/lib/python3.9/site-packages/airflow/example_dags/example_branch_labels.py took 0.728 seconds
[2023-04-07T18:17:00.600+0200] {processor.py:153} INFO - Started process (PID=19668) to work on /Users/oanottage/opt/anaconda3/envs/energyvenv/lib/python3.9/site-packages/airflow/example_dags/example_branch_labels.py
[2023-04-07T18:17:00.603+0200] {processor.py:743} INFO - Processing file /Users/oanottage/opt/anaconda3/envs/energyvenv/lib/python3.9/site-packages/airflow/example_dags/example_branch_labels.py for tasks to queue
[2023-04-07T18:17:00.604+0200] {logging_mixin.py:137} INFO - [2023-04-07T18:17:00.604+0200] {dagbag.py:532} INFO - Filling up the DagBag from /Users/oanottage/opt/anaconda3/envs/energyvenv/lib/python3.9/site-packages/airflow/example_dags/example_branch_labels.py
[2023-04-07T18:17:00.644+0200] {processor.py:753} INFO - DAG(s) dict_keys(['example_branch_labels']) retrieved from /Users/oanottage/opt/anaconda3/envs/energyvenv/lib/python3.9/site-packages/airflow/example_dags/example_branch_labels.py
[2023-04-07T18:17:01.324+0200] {logging_mixin.py:137} INFO - [2023-04-07T18:17:01.323+0200] {dag.py:2705} INFO - Sync 1 DAGs
[2023-04-07T18:17:01.338+0200] {logging_mixin.py:137} INFO - [2023-04-07T18:17:01.337+0200] {dag.py:3452} INFO - Setting next_dagrun for example_branch_labels to 2023-04-06T00:00:00+00:00, run_after=2023-04-07T00:00:00+00:00
[2023-04-07T18:17:01.351+0200] {processor.py:175} INFO - Processing /Users/oanottage/opt/anaconda3/envs/energyvenv/lib/python3.9/site-packages/airflow/example_dags/example_branch_labels.py took 0.752 seconds
[2023-04-07T18:19:43.187+0200] {processor.py:153} INFO - Started process (PID=19881) to work on /Users/oanottage/opt/anaconda3/envs/energyvenv/lib/python3.9/site-packages/airflow/example_dags/example_branch_labels.py
[2023-04-07T18:19:43.191+0200] {processor.py:743} INFO - Processing file /Users/oanottage/opt/anaconda3/envs/energyvenv/lib/python3.9/site-packages/airflow/example_dags/example_branch_labels.py for tasks to queue
[2023-04-07T18:19:43.192+0200] {logging_mixin.py:137} INFO - [2023-04-07T18:19:43.191+0200] {dagbag.py:532} INFO - Filling up the DagBag from /Users/oanottage/opt/anaconda3/envs/energyvenv/lib/python3.9/site-packages/airflow/example_dags/example_branch_labels.py
[2023-04-07T18:19:43.237+0200] {processor.py:753} INFO - DAG(s) dict_keys(['example_branch_labels']) retrieved from /Users/oanottage/opt/anaconda3/envs/energyvenv/lib/python3.9/site-packages/airflow/example_dags/example_branch_labels.py
[2023-04-07T18:19:44.016+0200] {logging_mixin.py:137} INFO - [2023-04-07T18:19:44.016+0200] {dag.py:2705} INFO - Sync 1 DAGs
[2023-04-07T18:19:44.031+0200] {logging_mixin.py:137} INFO - [2023-04-07T18:19:44.031+0200] {dag.py:3452} INFO - Setting next_dagrun for example_branch_labels to 2023-04-06T00:00:00+00:00, run_after=2023-04-07T00:00:00+00:00
[2023-04-07T18:19:44.045+0200] {processor.py:175} INFO - Processing /Users/oanottage/opt/anaconda3/envs/energyvenv/lib/python3.9/site-packages/airflow/example_dags/example_branch_labels.py took 0.859 seconds
[2023-04-07T18:22:28.641+0200] {processor.py:153} INFO - Started process (PID=20107) to work on /Users/oanottage/opt/anaconda3/envs/energyvenv/lib/python3.9/site-packages/airflow/example_dags/example_branch_labels.py
[2023-04-07T18:22:28.645+0200] {processor.py:743} INFO - Processing file /Users/oanottage/opt/anaconda3/envs/energyvenv/lib/python3.9/site-packages/airflow/example_dags/example_branch_labels.py for tasks to queue
[2023-04-07T18:22:28.646+0200] {logging_mixin.py:137} INFO - [2023-04-07T18:22:28.646+0200] {dagbag.py:532} INFO - Filling up the DagBag from /Users/oanottage/opt/anaconda3/envs/energyvenv/lib/python3.9/site-packages/airflow/example_dags/example_branch_labels.py
[2023-04-07T18:22:28.684+0200] {processor.py:753} INFO - DAG(s) dict_keys(['example_branch_labels']) retrieved from /Users/oanottage/opt/anaconda3/envs/energyvenv/lib/python3.9/site-packages/airflow/example_dags/example_branch_labels.py
[2023-04-07T18:22:29.303+0200] {logging_mixin.py:137} INFO - [2023-04-07T18:22:29.303+0200] {dag.py:2705} INFO - Sync 1 DAGs
[2023-04-07T18:22:29.315+0200] {logging_mixin.py:137} INFO - [2023-04-07T18:22:29.315+0200] {dag.py:3452} INFO - Setting next_dagrun for example_branch_labels to 2023-04-06T00:00:00+00:00, run_after=2023-04-07T00:00:00+00:00
[2023-04-07T18:22:29.328+0200] {processor.py:175} INFO - Processing /Users/oanottage/opt/anaconda3/envs/energyvenv/lib/python3.9/site-packages/airflow/example_dags/example_branch_labels.py took 0.687 seconds
[2023-04-07T18:25:14.594+0200] {processor.py:153} INFO - Started process (PID=20298) to work on /Users/oanottage/opt/anaconda3/envs/energyvenv/lib/python3.9/site-packages/airflow/example_dags/example_branch_labels.py
[2023-04-07T18:25:14.599+0200] {processor.py:743} INFO - Processing file /Users/oanottage/opt/anaconda3/envs/energyvenv/lib/python3.9/site-packages/airflow/example_dags/example_branch_labels.py for tasks to queue
[2023-04-07T18:25:14.600+0200] {logging_mixin.py:137} INFO - [2023-04-07T18:25:14.600+0200] {dagbag.py:532} INFO - Filling up the DagBag from /Users/oanottage/opt/anaconda3/envs/energyvenv/lib/python3.9/site-packages/airflow/example_dags/example_branch_labels.py
[2023-04-07T18:25:14.653+0200] {processor.py:753} INFO - DAG(s) dict_keys(['example_branch_labels']) retrieved from /Users/oanottage/opt/anaconda3/envs/energyvenv/lib/python3.9/site-packages/airflow/example_dags/example_branch_labels.py
[2023-04-07T18:25:15.348+0200] {logging_mixin.py:137} INFO - [2023-04-07T18:25:15.348+0200] {dag.py:2705} INFO - Sync 1 DAGs
[2023-04-07T18:25:15.361+0200] {logging_mixin.py:137} INFO - [2023-04-07T18:25:15.361+0200] {dag.py:3452} INFO - Setting next_dagrun for example_branch_labels to 2023-04-06T00:00:00+00:00, run_after=2023-04-07T00:00:00+00:00
[2023-04-07T18:25:15.374+0200] {processor.py:175} INFO - Processing /Users/oanottage/opt/anaconda3/envs/energyvenv/lib/python3.9/site-packages/airflow/example_dags/example_branch_labels.py took 0.781 seconds
[2023-04-07T18:31:29.545+0200] {processor.py:153} INFO - Started process (PID=20870) to work on /Users/oanottage/opt/anaconda3/envs/energyvenv/lib/python3.9/site-packages/airflow/example_dags/example_branch_labels.py
[2023-04-07T18:31:29.549+0200] {processor.py:743} INFO - Processing file /Users/oanottage/opt/anaconda3/envs/energyvenv/lib/python3.9/site-packages/airflow/example_dags/example_branch_labels.py for tasks to queue
[2023-04-07T18:31:29.550+0200] {logging_mixin.py:137} INFO - [2023-04-07T18:31:29.550+0200] {dagbag.py:532} INFO - Filling up the DagBag from /Users/oanottage/opt/anaconda3/envs/energyvenv/lib/python3.9/site-packages/airflow/example_dags/example_branch_labels.py
[2023-04-07T18:31:29.602+0200] {processor.py:753} INFO - DAG(s) dict_keys(['example_branch_labels']) retrieved from /Users/oanottage/opt/anaconda3/envs/energyvenv/lib/python3.9/site-packages/airflow/example_dags/example_branch_labels.py
[2023-04-07T18:31:30.310+0200] {logging_mixin.py:137} INFO - [2023-04-07T18:31:30.310+0200] {dag.py:2705} INFO - Sync 1 DAGs
[2023-04-07T18:31:30.323+0200] {logging_mixin.py:137} INFO - [2023-04-07T18:31:30.323+0200] {dag.py:3452} INFO - Setting next_dagrun for example_branch_labels to 2023-04-06T00:00:00+00:00, run_after=2023-04-07T00:00:00+00:00
[2023-04-07T18:31:30.335+0200] {processor.py:175} INFO - Processing /Users/oanottage/opt/anaconda3/envs/energyvenv/lib/python3.9/site-packages/airflow/example_dags/example_branch_labels.py took 0.791 seconds
[2023-04-07T18:43:32.745+0200] {processor.py:153} INFO - Started process (PID=21493) to work on /Users/oanottage/opt/anaconda3/envs/energyvenv/lib/python3.9/site-packages/airflow/example_dags/example_branch_labels.py
[2023-04-07T18:43:32.749+0200] {processor.py:743} INFO - Processing file /Users/oanottage/opt/anaconda3/envs/energyvenv/lib/python3.9/site-packages/airflow/example_dags/example_branch_labels.py for tasks to queue
[2023-04-07T18:43:32.749+0200] {logging_mixin.py:137} INFO - [2023-04-07T18:43:32.749+0200] {dagbag.py:532} INFO - Filling up the DagBag from /Users/oanottage/opt/anaconda3/envs/energyvenv/lib/python3.9/site-packages/airflow/example_dags/example_branch_labels.py
[2023-04-07T18:43:32.788+0200] {processor.py:753} INFO - DAG(s) dict_keys(['example_branch_labels']) retrieved from /Users/oanottage/opt/anaconda3/envs/energyvenv/lib/python3.9/site-packages/airflow/example_dags/example_branch_labels.py
[2023-04-07T18:43:33.412+0200] {logging_mixin.py:137} INFO - [2023-04-07T18:43:33.412+0200] {dag.py:2705} INFO - Sync 1 DAGs
[2023-04-07T18:43:33.425+0200] {logging_mixin.py:137} INFO - [2023-04-07T18:43:33.425+0200] {dag.py:3452} INFO - Setting next_dagrun for example_branch_labels to 2023-04-06T00:00:00+00:00, run_after=2023-04-07T00:00:00+00:00
[2023-04-07T18:43:33.438+0200] {processor.py:175} INFO - Processing /Users/oanottage/opt/anaconda3/envs/energyvenv/lib/python3.9/site-packages/airflow/example_dags/example_branch_labels.py took 0.693 seconds
[2023-04-07T18:46:25.822+0200] {processor.py:153} INFO - Started process (PID=21713) to work on /Users/oanottage/opt/anaconda3/envs/energyvenv/lib/python3.9/site-packages/airflow/example_dags/example_branch_labels.py
[2023-04-07T18:46:25.827+0200] {processor.py:743} INFO - Processing file /Users/oanottage/opt/anaconda3/envs/energyvenv/lib/python3.9/site-packages/airflow/example_dags/example_branch_labels.py for tasks to queue
[2023-04-07T18:46:25.828+0200] {logging_mixin.py:137} INFO - [2023-04-07T18:46:25.828+0200] {dagbag.py:532} INFO - Filling up the DagBag from /Users/oanottage/opt/anaconda3/envs/energyvenv/lib/python3.9/site-packages/airflow/example_dags/example_branch_labels.py
[2023-04-07T18:46:25.880+0200] {processor.py:753} INFO - DAG(s) dict_keys(['example_branch_labels']) retrieved from /Users/oanottage/opt/anaconda3/envs/energyvenv/lib/python3.9/site-packages/airflow/example_dags/example_branch_labels.py
[2023-04-07T18:46:26.589+0200] {logging_mixin.py:137} INFO - [2023-04-07T18:46:26.589+0200] {dag.py:2705} INFO - Sync 1 DAGs
[2023-04-07T18:46:26.602+0200] {logging_mixin.py:137} INFO - [2023-04-07T18:46:26.602+0200] {dag.py:3452} INFO - Setting next_dagrun for example_branch_labels to 2023-04-06T00:00:00+00:00, run_after=2023-04-07T00:00:00+00:00
[2023-04-07T18:46:26.615+0200] {processor.py:175} INFO - Processing /Users/oanottage/opt/anaconda3/envs/energyvenv/lib/python3.9/site-packages/airflow/example_dags/example_branch_labels.py took 0.794 seconds
