[2023-04-07T17:55:35.976+0200] {processor.py:153} INFO - Started process (PID=17936) to work on /Users/oanottage/opt/anaconda3/envs/energyvenv/lib/python3.9/site-packages/airflow/example_dags/example_branch_operator.py
[2023-04-07T17:55:35.979+0200] {processor.py:743} INFO - Processing file /Users/oanottage/opt/anaconda3/envs/energyvenv/lib/python3.9/site-packages/airflow/example_dags/example_branch_operator.py for tasks to queue
[2023-04-07T17:55:35.979+0200] {logging_mixin.py:137} INFO - [2023-04-07T17:55:35.979+0200] {dagbag.py:532} INFO - Filling up the DagBag from /Users/oanottage/opt/anaconda3/envs/energyvenv/lib/python3.9/site-packages/airflow/example_dags/example_branch_operator.py
[2023-04-07T17:55:36.027+0200] {processor.py:753} INFO - DAG(s) dict_keys(['example_branch_operator']) retrieved from /Users/oanottage/opt/anaconda3/envs/energyvenv/lib/python3.9/site-packages/airflow/example_dags/example_branch_operator.py
[2023-04-07T17:55:36.683+0200] {logging_mixin.py:137} INFO - [2023-04-07T17:55:36.683+0200] {dag.py:2705} INFO - Sync 1 DAGs
[2023-04-07T17:55:36.695+0200] {logging_mixin.py:137} INFO - [2023-04-07T17:55:36.695+0200] {dag.py:3452} INFO - Setting next_dagrun for example_branch_operator to 2023-04-06T00:00:00+00:00, run_after=2023-04-07T00:00:00+00:00
[2023-04-07T17:55:36.710+0200] {processor.py:175} INFO - Processing /Users/oanottage/opt/anaconda3/envs/energyvenv/lib/python3.9/site-packages/airflow/example_dags/example_branch_operator.py took 0.734 seconds
[2023-04-07T17:58:51.566+0200] {processor.py:153} INFO - Started process (PID=18173) to work on /Users/oanottage/opt/anaconda3/envs/energyvenv/lib/python3.9/site-packages/airflow/example_dags/example_branch_operator.py
[2023-04-07T17:58:51.569+0200] {processor.py:743} INFO - Processing file /Users/oanottage/opt/anaconda3/envs/energyvenv/lib/python3.9/site-packages/airflow/example_dags/example_branch_operator.py for tasks to queue
[2023-04-07T17:58:51.570+0200] {logging_mixin.py:137} INFO - [2023-04-07T17:58:51.570+0200] {dagbag.py:532} INFO - Filling up the DagBag from /Users/oanottage/opt/anaconda3/envs/energyvenv/lib/python3.9/site-packages/airflow/example_dags/example_branch_operator.py
[2023-04-07T17:58:51.618+0200] {processor.py:753} INFO - DAG(s) dict_keys(['example_branch_operator']) retrieved from /Users/oanottage/opt/anaconda3/envs/energyvenv/lib/python3.9/site-packages/airflow/example_dags/example_branch_operator.py
[2023-04-07T17:58:52.273+0200] {logging_mixin.py:137} INFO - [2023-04-07T17:58:52.273+0200] {dag.py:2705} INFO - Sync 1 DAGs
[2023-04-07T17:58:52.285+0200] {logging_mixin.py:137} INFO - [2023-04-07T17:58:52.285+0200] {dag.py:3452} INFO - Setting next_dagrun for example_branch_operator to 2023-04-06T00:00:00+00:00, run_after=2023-04-07T00:00:00+00:00
[2023-04-07T17:58:52.297+0200] {processor.py:175} INFO - Processing /Users/oanottage/opt/anaconda3/envs/energyvenv/lib/python3.9/site-packages/airflow/example_dags/example_branch_operator.py took 0.732 seconds
[2023-04-07T18:01:31.282+0200] {processor.py:153} INFO - Started process (PID=18366) to work on /Users/oanottage/opt/anaconda3/envs/energyvenv/lib/python3.9/site-packages/airflow/example_dags/example_branch_operator.py
[2023-04-07T18:01:31.285+0200] {processor.py:743} INFO - Processing file /Users/oanottage/opt/anaconda3/envs/energyvenv/lib/python3.9/site-packages/airflow/example_dags/example_branch_operator.py for tasks to queue
[2023-04-07T18:01:31.285+0200] {logging_mixin.py:137} INFO - [2023-04-07T18:01:31.285+0200] {dagbag.py:532} INFO - Filling up the DagBag from /Users/oanottage/opt/anaconda3/envs/energyvenv/lib/python3.9/site-packages/airflow/example_dags/example_branch_operator.py
[2023-04-07T18:01:31.335+0200] {processor.py:753} INFO - DAG(s) dict_keys(['example_branch_operator']) retrieved from /Users/oanottage/opt/anaconda3/envs/energyvenv/lib/python3.9/site-packages/airflow/example_dags/example_branch_operator.py
[2023-04-07T18:01:31.943+0200] {logging_mixin.py:137} INFO - [2023-04-07T18:01:31.943+0200] {dag.py:2705} INFO - Sync 1 DAGs
[2023-04-07T18:01:31.956+0200] {logging_mixin.py:137} INFO - [2023-04-07T18:01:31.956+0200] {dag.py:3452} INFO - Setting next_dagrun for example_branch_operator to 2023-04-06T00:00:00+00:00, run_after=2023-04-07T00:00:00+00:00
[2023-04-07T18:01:31.968+0200] {processor.py:175} INFO - Processing /Users/oanottage/opt/anaconda3/envs/energyvenv/lib/python3.9/site-packages/airflow/example_dags/example_branch_operator.py took 0.687 seconds
[2023-04-07T18:05:47.902+0200] {processor.py:153} INFO - Started process (PID=18691) to work on /Users/oanottage/opt/anaconda3/envs/energyvenv/lib/python3.9/site-packages/airflow/example_dags/example_branch_operator.py
[2023-04-07T18:05:47.906+0200] {processor.py:743} INFO - Processing file /Users/oanottage/opt/anaconda3/envs/energyvenv/lib/python3.9/site-packages/airflow/example_dags/example_branch_operator.py for tasks to queue
[2023-04-07T18:05:47.906+0200] {logging_mixin.py:137} INFO - [2023-04-07T18:05:47.906+0200] {dagbag.py:532} INFO - Filling up the DagBag from /Users/oanottage/opt/anaconda3/envs/energyvenv/lib/python3.9/site-packages/airflow/example_dags/example_branch_operator.py
[2023-04-07T18:05:47.955+0200] {processor.py:753} INFO - DAG(s) dict_keys(['example_branch_operator']) retrieved from /Users/oanottage/opt/anaconda3/envs/energyvenv/lib/python3.9/site-packages/airflow/example_dags/example_branch_operator.py
[2023-04-07T18:05:48.575+0200] {logging_mixin.py:137} INFO - [2023-04-07T18:05:48.575+0200] {dag.py:2705} INFO - Sync 1 DAGs
[2023-04-07T18:05:48.587+0200] {logging_mixin.py:137} INFO - [2023-04-07T18:05:48.587+0200] {dag.py:3452} INFO - Setting next_dagrun for example_branch_operator to 2023-04-06T00:00:00+00:00, run_after=2023-04-07T00:00:00+00:00
[2023-04-07T18:05:48.601+0200] {processor.py:175} INFO - Processing /Users/oanottage/opt/anaconda3/envs/energyvenv/lib/python3.9/site-packages/airflow/example_dags/example_branch_operator.py took 0.699 seconds
[2023-04-07T18:09:17.602+0200] {processor.py:153} INFO - Started process (PID=19038) to work on /Users/oanottage/opt/anaconda3/envs/energyvenv/lib/python3.9/site-packages/airflow/example_dags/example_branch_operator.py
[2023-04-07T18:09:17.605+0200] {processor.py:743} INFO - Processing file /Users/oanottage/opt/anaconda3/envs/energyvenv/lib/python3.9/site-packages/airflow/example_dags/example_branch_operator.py for tasks to queue
[2023-04-07T18:09:17.605+0200] {logging_mixin.py:137} INFO - [2023-04-07T18:09:17.605+0200] {dagbag.py:532} INFO - Filling up the DagBag from /Users/oanottage/opt/anaconda3/envs/energyvenv/lib/python3.9/site-packages/airflow/example_dags/example_branch_operator.py
[2023-04-07T18:09:17.661+0200] {processor.py:753} INFO - DAG(s) dict_keys(['example_branch_operator']) retrieved from /Users/oanottage/opt/anaconda3/envs/energyvenv/lib/python3.9/site-packages/airflow/example_dags/example_branch_operator.py
[2023-04-07T18:09:18.310+0200] {logging_mixin.py:137} INFO - [2023-04-07T18:09:18.310+0200] {dag.py:2705} INFO - Sync 1 DAGs
[2023-04-07T18:09:18.325+0200] {logging_mixin.py:137} INFO - [2023-04-07T18:09:18.325+0200] {dag.py:3452} INFO - Setting next_dagrun for example_branch_operator to 2023-04-06T00:00:00+00:00, run_after=2023-04-07T00:00:00+00:00
[2023-04-07T18:09:18.339+0200] {processor.py:175} INFO - Processing /Users/oanottage/opt/anaconda3/envs/energyvenv/lib/python3.9/site-packages/airflow/example_dags/example_branch_operator.py took 0.738 seconds
[2023-04-07T18:12:00.121+0200] {processor.py:153} INFO - Started process (PID=19255) to work on /Users/oanottage/opt/anaconda3/envs/energyvenv/lib/python3.9/site-packages/airflow/example_dags/example_branch_operator.py
[2023-04-07T18:12:00.124+0200] {processor.py:743} INFO - Processing file /Users/oanottage/opt/anaconda3/envs/energyvenv/lib/python3.9/site-packages/airflow/example_dags/example_branch_operator.py for tasks to queue
[2023-04-07T18:12:00.125+0200] {logging_mixin.py:137} INFO - [2023-04-07T18:12:00.125+0200] {dagbag.py:532} INFO - Filling up the DagBag from /Users/oanottage/opt/anaconda3/envs/energyvenv/lib/python3.9/site-packages/airflow/example_dags/example_branch_operator.py
[2023-04-07T18:12:00.176+0200] {processor.py:753} INFO - DAG(s) dict_keys(['example_branch_operator']) retrieved from /Users/oanottage/opt/anaconda3/envs/energyvenv/lib/python3.9/site-packages/airflow/example_dags/example_branch_operator.py
[2023-04-07T18:12:00.855+0200] {logging_mixin.py:137} INFO - [2023-04-07T18:12:00.855+0200] {dag.py:2705} INFO - Sync 1 DAGs
[2023-04-07T18:12:00.868+0200] {logging_mixin.py:137} INFO - [2023-04-07T18:12:00.868+0200] {dag.py:3452} INFO - Setting next_dagrun for example_branch_operator to 2023-04-06T00:00:00+00:00, run_after=2023-04-07T00:00:00+00:00
[2023-04-07T18:12:00.880+0200] {processor.py:175} INFO - Processing /Users/oanottage/opt/anaconda3/envs/energyvenv/lib/python3.9/site-packages/airflow/example_dags/example_branch_operator.py took 0.760 seconds
[2023-04-07T18:14:29.396+0200] {processor.py:153} INFO - Started process (PID=19454) to work on /Users/oanottage/opt/anaconda3/envs/energyvenv/lib/python3.9/site-packages/airflow/example_dags/example_branch_operator.py
[2023-04-07T18:14:29.400+0200] {processor.py:743} INFO - Processing file /Users/oanottage/opt/anaconda3/envs/energyvenv/lib/python3.9/site-packages/airflow/example_dags/example_branch_operator.py for tasks to queue
[2023-04-07T18:14:29.400+0200] {logging_mixin.py:137} INFO - [2023-04-07T18:14:29.400+0200] {dagbag.py:532} INFO - Filling up the DagBag from /Users/oanottage/opt/anaconda3/envs/energyvenv/lib/python3.9/site-packages/airflow/example_dags/example_branch_operator.py
[2023-04-07T18:14:29.449+0200] {processor.py:753} INFO - DAG(s) dict_keys(['example_branch_operator']) retrieved from /Users/oanottage/opt/anaconda3/envs/energyvenv/lib/python3.9/site-packages/airflow/example_dags/example_branch_operator.py
[2023-04-07T18:14:30.080+0200] {logging_mixin.py:137} INFO - [2023-04-07T18:14:30.080+0200] {dag.py:2705} INFO - Sync 1 DAGs
[2023-04-07T18:14:30.093+0200] {logging_mixin.py:137} INFO - [2023-04-07T18:14:30.093+0200] {dag.py:3452} INFO - Setting next_dagrun for example_branch_operator to 2023-04-06T00:00:00+00:00, run_after=2023-04-07T00:00:00+00:00
[2023-04-07T18:14:30.107+0200] {processor.py:175} INFO - Processing /Users/oanottage/opt/anaconda3/envs/energyvenv/lib/python3.9/site-packages/airflow/example_dags/example_branch_operator.py took 0.711 seconds
[2023-04-07T18:16:57.935+0200] {processor.py:153} INFO - Started process (PID=19666) to work on /Users/oanottage/opt/anaconda3/envs/energyvenv/lib/python3.9/site-packages/airflow/example_dags/example_branch_operator.py
[2023-04-07T18:16:57.939+0200] {processor.py:743} INFO - Processing file /Users/oanottage/opt/anaconda3/envs/energyvenv/lib/python3.9/site-packages/airflow/example_dags/example_branch_operator.py for tasks to queue
[2023-04-07T18:16:57.939+0200] {logging_mixin.py:137} INFO - [2023-04-07T18:16:57.939+0200] {dagbag.py:532} INFO - Filling up the DagBag from /Users/oanottage/opt/anaconda3/envs/energyvenv/lib/python3.9/site-packages/airflow/example_dags/example_branch_operator.py
[2023-04-07T18:16:57.984+0200] {processor.py:753} INFO - DAG(s) dict_keys(['example_branch_operator']) retrieved from /Users/oanottage/opt/anaconda3/envs/energyvenv/lib/python3.9/site-packages/airflow/example_dags/example_branch_operator.py
[2023-04-07T18:16:58.682+0200] {logging_mixin.py:137} INFO - [2023-04-07T18:16:58.681+0200] {dag.py:2705} INFO - Sync 1 DAGs
[2023-04-07T18:16:58.699+0200] {logging_mixin.py:137} INFO - [2023-04-07T18:16:58.698+0200] {dag.py:3452} INFO - Setting next_dagrun for example_branch_operator to 2023-04-06T00:00:00+00:00, run_after=2023-04-07T00:00:00+00:00
[2023-04-07T18:16:58.714+0200] {processor.py:175} INFO - Processing /Users/oanottage/opt/anaconda3/envs/energyvenv/lib/python3.9/site-packages/airflow/example_dags/example_branch_operator.py took 0.779 seconds
[2023-04-07T18:19:40.100+0200] {processor.py:153} INFO - Started process (PID=19851) to work on /Users/oanottage/opt/anaconda3/envs/energyvenv/lib/python3.9/site-packages/airflow/example_dags/example_branch_operator.py
[2023-04-07T18:19:40.104+0200] {processor.py:743} INFO - Processing file /Users/oanottage/opt/anaconda3/envs/energyvenv/lib/python3.9/site-packages/airflow/example_dags/example_branch_operator.py for tasks to queue
[2023-04-07T18:19:40.104+0200] {logging_mixin.py:137} INFO - [2023-04-07T18:19:40.104+0200] {dagbag.py:532} INFO - Filling up the DagBag from /Users/oanottage/opt/anaconda3/envs/energyvenv/lib/python3.9/site-packages/airflow/example_dags/example_branch_operator.py
[2023-04-07T18:19:40.166+0200] {processor.py:753} INFO - DAG(s) dict_keys(['example_branch_operator']) retrieved from /Users/oanottage/opt/anaconda3/envs/energyvenv/lib/python3.9/site-packages/airflow/example_dags/example_branch_operator.py
[2023-04-07T18:19:40.994+0200] {logging_mixin.py:137} INFO - [2023-04-07T18:19:40.993+0200] {dag.py:2705} INFO - Sync 1 DAGs
[2023-04-07T18:19:41.011+0200] {logging_mixin.py:137} INFO - [2023-04-07T18:19:41.011+0200] {dag.py:3452} INFO - Setting next_dagrun for example_branch_operator to 2023-04-06T00:00:00+00:00, run_after=2023-04-07T00:00:00+00:00
[2023-04-07T18:19:41.025+0200] {processor.py:175} INFO - Processing /Users/oanottage/opt/anaconda3/envs/energyvenv/lib/python3.9/site-packages/airflow/example_dags/example_branch_operator.py took 0.925 seconds
[2023-04-07T18:22:26.036+0200] {processor.py:153} INFO - Started process (PID=20104) to work on /Users/oanottage/opt/anaconda3/envs/energyvenv/lib/python3.9/site-packages/airflow/example_dags/example_branch_operator.py
[2023-04-07T18:22:26.040+0200] {processor.py:743} INFO - Processing file /Users/oanottage/opt/anaconda3/envs/energyvenv/lib/python3.9/site-packages/airflow/example_dags/example_branch_operator.py for tasks to queue
[2023-04-07T18:22:26.040+0200] {logging_mixin.py:137} INFO - [2023-04-07T18:22:26.040+0200] {dagbag.py:532} INFO - Filling up the DagBag from /Users/oanottage/opt/anaconda3/envs/energyvenv/lib/python3.9/site-packages/airflow/example_dags/example_branch_operator.py
[2023-04-07T18:22:26.087+0200] {processor.py:753} INFO - DAG(s) dict_keys(['example_branch_operator']) retrieved from /Users/oanottage/opt/anaconda3/envs/energyvenv/lib/python3.9/site-packages/airflow/example_dags/example_branch_operator.py
[2023-04-07T18:22:26.764+0200] {logging_mixin.py:137} INFO - [2023-04-07T18:22:26.763+0200] {dag.py:2705} INFO - Sync 1 DAGs
[2023-04-07T18:22:26.779+0200] {logging_mixin.py:137} INFO - [2023-04-07T18:22:26.779+0200] {dag.py:3452} INFO - Setting next_dagrun for example_branch_operator to 2023-04-06T00:00:00+00:00, run_after=2023-04-07T00:00:00+00:00
[2023-04-07T18:22:26.792+0200] {processor.py:175} INFO - Processing /Users/oanottage/opt/anaconda3/envs/energyvenv/lib/python3.9/site-packages/airflow/example_dags/example_branch_operator.py took 0.757 seconds
[2023-04-07T18:25:11.487+0200] {processor.py:153} INFO - Started process (PID=20291) to work on /Users/oanottage/opt/anaconda3/envs/energyvenv/lib/python3.9/site-packages/airflow/example_dags/example_branch_operator.py
[2023-04-07T18:25:11.491+0200] {processor.py:743} INFO - Processing file /Users/oanottage/opt/anaconda3/envs/energyvenv/lib/python3.9/site-packages/airflow/example_dags/example_branch_operator.py for tasks to queue
[2023-04-07T18:25:11.492+0200] {logging_mixin.py:137} INFO - [2023-04-07T18:25:11.492+0200] {dagbag.py:532} INFO - Filling up the DagBag from /Users/oanottage/opt/anaconda3/envs/energyvenv/lib/python3.9/site-packages/airflow/example_dags/example_branch_operator.py
[2023-04-07T18:25:11.567+0200] {processor.py:753} INFO - DAG(s) dict_keys(['example_branch_operator']) retrieved from /Users/oanottage/opt/anaconda3/envs/energyvenv/lib/python3.9/site-packages/airflow/example_dags/example_branch_operator.py
[2023-04-07T18:25:12.494+0200] {logging_mixin.py:137} INFO - [2023-04-07T18:25:12.494+0200] {dag.py:2705} INFO - Sync 1 DAGs
[2023-04-07T18:25:12.507+0200] {logging_mixin.py:137} INFO - [2023-04-07T18:25:12.507+0200] {dag.py:3452} INFO - Setting next_dagrun for example_branch_operator to 2023-04-06T00:00:00+00:00, run_after=2023-04-07T00:00:00+00:00
[2023-04-07T18:25:12.520+0200] {processor.py:175} INFO - Processing /Users/oanottage/opt/anaconda3/envs/energyvenv/lib/python3.9/site-packages/airflow/example_dags/example_branch_operator.py took 1.033 seconds
[2023-04-07T18:27:47.250+0200] {processor.py:153} INFO - Started process (PID=20472) to work on /Users/oanottage/opt/anaconda3/envs/energyvenv/lib/python3.9/site-packages/airflow/example_dags/example_branch_operator.py
[2023-04-07T18:27:47.254+0200] {processor.py:743} INFO - Processing file /Users/oanottage/opt/anaconda3/envs/energyvenv/lib/python3.9/site-packages/airflow/example_dags/example_branch_operator.py for tasks to queue
[2023-04-07T18:27:47.254+0200] {logging_mixin.py:137} INFO - [2023-04-07T18:27:47.254+0200] {dagbag.py:532} INFO - Filling up the DagBag from /Users/oanottage/opt/anaconda3/envs/energyvenv/lib/python3.9/site-packages/airflow/example_dags/example_branch_operator.py
[2023-04-07T18:27:47.307+0200] {processor.py:753} INFO - DAG(s) dict_keys(['example_branch_operator']) retrieved from /Users/oanottage/opt/anaconda3/envs/energyvenv/lib/python3.9/site-packages/airflow/example_dags/example_branch_operator.py
[2023-04-07T18:27:47.926+0200] {logging_mixin.py:137} INFO - [2023-04-07T18:27:47.926+0200] {dag.py:2705} INFO - Sync 1 DAGs
[2023-04-07T18:27:47.939+0200] {logging_mixin.py:137} INFO - [2023-04-07T18:27:47.939+0200] {dag.py:3452} INFO - Setting next_dagrun for example_branch_operator to 2023-04-06T00:00:00+00:00, run_after=2023-04-07T00:00:00+00:00
[2023-04-07T18:27:47.952+0200] {processor.py:175} INFO - Processing /Users/oanottage/opt/anaconda3/envs/energyvenv/lib/python3.9/site-packages/airflow/example_dags/example_branch_operator.py took 0.703 seconds
[2023-04-07T18:31:26.686+0200] {processor.py:153} INFO - Started process (PID=20869) to work on /Users/oanottage/opt/anaconda3/envs/energyvenv/lib/python3.9/site-packages/airflow/example_dags/example_branch_operator.py
[2023-04-07T18:31:26.692+0200] {processor.py:743} INFO - Processing file /Users/oanottage/opt/anaconda3/envs/energyvenv/lib/python3.9/site-packages/airflow/example_dags/example_branch_operator.py for tasks to queue
[2023-04-07T18:31:26.694+0200] {logging_mixin.py:137} INFO - [2023-04-07T18:31:26.693+0200] {dagbag.py:532} INFO - Filling up the DagBag from /Users/oanottage/opt/anaconda3/envs/energyvenv/lib/python3.9/site-packages/airflow/example_dags/example_branch_operator.py
[2023-04-07T18:31:26.753+0200] {processor.py:753} INFO - DAG(s) dict_keys(['example_branch_operator']) retrieved from /Users/oanottage/opt/anaconda3/envs/energyvenv/lib/python3.9/site-packages/airflow/example_dags/example_branch_operator.py
[2023-04-07T18:31:27.520+0200] {logging_mixin.py:137} INFO - [2023-04-07T18:31:27.520+0200] {dag.py:2705} INFO - Sync 1 DAGs
[2023-04-07T18:31:27.536+0200] {logging_mixin.py:137} INFO - [2023-04-07T18:31:27.535+0200] {dag.py:3452} INFO - Setting next_dagrun for example_branch_operator to 2023-04-06T00:00:00+00:00, run_after=2023-04-07T00:00:00+00:00
[2023-04-07T18:31:27.550+0200] {processor.py:175} INFO - Processing /Users/oanottage/opt/anaconda3/envs/energyvenv/lib/python3.9/site-packages/airflow/example_dags/example_branch_operator.py took 0.865 seconds
[2023-04-07T18:43:30.187+0200] {processor.py:153} INFO - Started process (PID=21490) to work on /Users/oanottage/opt/anaconda3/envs/energyvenv/lib/python3.9/site-packages/airflow/example_dags/example_branch_operator.py
[2023-04-07T18:43:30.191+0200] {processor.py:743} INFO - Processing file /Users/oanottage/opt/anaconda3/envs/energyvenv/lib/python3.9/site-packages/airflow/example_dags/example_branch_operator.py for tasks to queue
[2023-04-07T18:43:30.191+0200] {logging_mixin.py:137} INFO - [2023-04-07T18:43:30.191+0200] {dagbag.py:532} INFO - Filling up the DagBag from /Users/oanottage/opt/anaconda3/envs/energyvenv/lib/python3.9/site-packages/airflow/example_dags/example_branch_operator.py
[2023-04-07T18:43:30.239+0200] {processor.py:753} INFO - DAG(s) dict_keys(['example_branch_operator']) retrieved from /Users/oanottage/opt/anaconda3/envs/energyvenv/lib/python3.9/site-packages/airflow/example_dags/example_branch_operator.py
[2023-04-07T18:43:30.850+0200] {logging_mixin.py:137} INFO - [2023-04-07T18:43:30.850+0200] {dag.py:2705} INFO - Sync 1 DAGs
[2023-04-07T18:43:30.863+0200] {logging_mixin.py:137} INFO - [2023-04-07T18:43:30.863+0200] {dag.py:3452} INFO - Setting next_dagrun for example_branch_operator to 2023-04-06T00:00:00+00:00, run_after=2023-04-07T00:00:00+00:00
[2023-04-07T18:43:30.877+0200] {processor.py:175} INFO - Processing /Users/oanottage/opt/anaconda3/envs/energyvenv/lib/python3.9/site-packages/airflow/example_dags/example_branch_operator.py took 0.691 seconds
[2023-04-07T18:46:22.895+0200] {processor.py:153} INFO - Started process (PID=21710) to work on /Users/oanottage/opt/anaconda3/envs/energyvenv/lib/python3.9/site-packages/airflow/example_dags/example_branch_operator.py
[2023-04-07T18:46:22.898+0200] {processor.py:743} INFO - Processing file /Users/oanottage/opt/anaconda3/envs/energyvenv/lib/python3.9/site-packages/airflow/example_dags/example_branch_operator.py for tasks to queue
[2023-04-07T18:46:22.899+0200] {logging_mixin.py:137} INFO - [2023-04-07T18:46:22.899+0200] {dagbag.py:532} INFO - Filling up the DagBag from /Users/oanottage/opt/anaconda3/envs/energyvenv/lib/python3.9/site-packages/airflow/example_dags/example_branch_operator.py
[2023-04-07T18:46:22.953+0200] {processor.py:753} INFO - DAG(s) dict_keys(['example_branch_operator']) retrieved from /Users/oanottage/opt/anaconda3/envs/energyvenv/lib/python3.9/site-packages/airflow/example_dags/example_branch_operator.py
[2023-04-07T18:46:23.819+0200] {logging_mixin.py:137} INFO - [2023-04-07T18:46:23.819+0200] {dag.py:2705} INFO - Sync 1 DAGs
[2023-04-07T18:46:23.835+0200] {logging_mixin.py:137} INFO - [2023-04-07T18:46:23.835+0200] {dag.py:3452} INFO - Setting next_dagrun for example_branch_operator to 2023-04-06T00:00:00+00:00, run_after=2023-04-07T00:00:00+00:00
[2023-04-07T18:46:23.850+0200] {processor.py:175} INFO - Processing /Users/oanottage/opt/anaconda3/envs/energyvenv/lib/python3.9/site-packages/airflow/example_dags/example_branch_operator.py took 0.956 seconds
