[2023-04-07T17:54:26.339+0200] {processor.py:153} INFO - Started process (PID=17809) to work on /Users/oanottage/opt/anaconda3/envs/energyvenv/lib/python3.9/site-packages/airflow/example_dags/example_trigger_controller_dag.py
[2023-04-07T17:54:26.343+0200] {processor.py:743} INFO - Processing file /Users/oanottage/opt/anaconda3/envs/energyvenv/lib/python3.9/site-packages/airflow/example_dags/example_trigger_controller_dag.py for tasks to queue
[2023-04-07T17:54:26.344+0200] {logging_mixin.py:137} INFO - [2023-04-07T17:54:26.343+0200] {dagbag.py:532} INFO - Filling up the DagBag from /Users/oanottage/opt/anaconda3/envs/energyvenv/lib/python3.9/site-packages/airflow/example_dags/example_trigger_controller_dag.py
[2023-04-07T17:54:26.390+0200] {processor.py:753} INFO - DAG(s) dict_keys(['example_trigger_controller_dag']) retrieved from /Users/oanottage/opt/anaconda3/envs/energyvenv/lib/python3.9/site-packages/airflow/example_dags/example_trigger_controller_dag.py
[2023-04-07T17:54:27.051+0200] {logging_mixin.py:137} INFO - [2023-04-07T17:54:27.050+0200] {dag.py:2705} INFO - Sync 1 DAGs
[2023-04-07T17:54:27.061+0200] {logging_mixin.py:137} INFO - [2023-04-07T17:54:27.061+0200] {dag.py:3452} INFO - Setting next_dagrun for example_trigger_controller_dag to 2021-01-01T00:00:00+00:00, run_after=2021-01-01T00:00:00+00:00
[2023-04-07T17:54:27.076+0200] {processor.py:175} INFO - Processing /Users/oanottage/opt/anaconda3/envs/energyvenv/lib/python3.9/site-packages/airflow/example_dags/example_trigger_controller_dag.py took 0.737 seconds
[2023-04-07T17:56:35.412+0200] {processor.py:153} INFO - Started process (PID=18024) to work on /Users/oanottage/opt/anaconda3/envs/energyvenv/lib/python3.9/site-packages/airflow/example_dags/example_trigger_controller_dag.py
[2023-04-07T17:56:35.415+0200] {processor.py:743} INFO - Processing file /Users/oanottage/opt/anaconda3/envs/energyvenv/lib/python3.9/site-packages/airflow/example_dags/example_trigger_controller_dag.py for tasks to queue
[2023-04-07T17:56:35.415+0200] {logging_mixin.py:137} INFO - [2023-04-07T17:56:35.415+0200] {dagbag.py:532} INFO - Filling up the DagBag from /Users/oanottage/opt/anaconda3/envs/energyvenv/lib/python3.9/site-packages/airflow/example_dags/example_trigger_controller_dag.py
[2023-04-07T17:56:35.455+0200] {processor.py:753} INFO - DAG(s) dict_keys(['example_trigger_controller_dag']) retrieved from /Users/oanottage/opt/anaconda3/envs/energyvenv/lib/python3.9/site-packages/airflow/example_dags/example_trigger_controller_dag.py
[2023-04-07T17:56:36.168+0200] {logging_mixin.py:137} INFO - [2023-04-07T17:56:36.167+0200] {dag.py:2705} INFO - Sync 1 DAGs
[2023-04-07T17:56:36.181+0200] {logging_mixin.py:137} INFO - [2023-04-07T17:56:36.181+0200] {dag.py:3452} INFO - Setting next_dagrun for example_trigger_controller_dag to 2021-01-01T00:00:00+00:00, run_after=2021-01-01T00:00:00+00:00
[2023-04-07T17:56:36.195+0200] {processor.py:175} INFO - Processing /Users/oanottage/opt/anaconda3/envs/energyvenv/lib/python3.9/site-packages/airflow/example_dags/example_trigger_controller_dag.py took 0.783 seconds
[2023-04-07T17:58:12.221+0200] {processor.py:153} INFO - Started process (PID=18126) to work on /Users/oanottage/opt/anaconda3/envs/energyvenv/lib/python3.9/site-packages/airflow/example_dags/example_trigger_controller_dag.py
[2023-04-07T17:58:12.224+0200] {processor.py:743} INFO - Processing file /Users/oanottage/opt/anaconda3/envs/energyvenv/lib/python3.9/site-packages/airflow/example_dags/example_trigger_controller_dag.py for tasks to queue
[2023-04-07T17:58:12.224+0200] {logging_mixin.py:137} INFO - [2023-04-07T17:58:12.224+0200] {dagbag.py:532} INFO - Filling up the DagBag from /Users/oanottage/opt/anaconda3/envs/energyvenv/lib/python3.9/site-packages/airflow/example_dags/example_trigger_controller_dag.py
[2023-04-07T17:58:12.262+0200] {processor.py:753} INFO - DAG(s) dict_keys(['example_trigger_controller_dag']) retrieved from /Users/oanottage/opt/anaconda3/envs/energyvenv/lib/python3.9/site-packages/airflow/example_dags/example_trigger_controller_dag.py
[2023-04-07T17:58:12.890+0200] {logging_mixin.py:137} INFO - [2023-04-07T17:58:12.889+0200] {dag.py:2705} INFO - Sync 1 DAGs
[2023-04-07T17:58:12.901+0200] {logging_mixin.py:137} INFO - [2023-04-07T17:58:12.901+0200] {dag.py:3452} INFO - Setting next_dagrun for example_trigger_controller_dag to 2021-01-01T00:00:00+00:00, run_after=2021-01-01T00:00:00+00:00
[2023-04-07T17:58:12.913+0200] {processor.py:175} INFO - Processing /Users/oanottage/opt/anaconda3/envs/energyvenv/lib/python3.9/site-packages/airflow/example_dags/example_trigger_controller_dag.py took 0.694 seconds
[2023-04-07T17:59:32.078+0200] {processor.py:153} INFO - Started process (PID=18224) to work on /Users/oanottage/opt/anaconda3/envs/energyvenv/lib/python3.9/site-packages/airflow/example_dags/example_trigger_controller_dag.py
[2023-04-07T17:59:32.081+0200] {processor.py:743} INFO - Processing file /Users/oanottage/opt/anaconda3/envs/energyvenv/lib/python3.9/site-packages/airflow/example_dags/example_trigger_controller_dag.py for tasks to queue
[2023-04-07T17:59:32.082+0200] {logging_mixin.py:137} INFO - [2023-04-07T17:59:32.082+0200] {dagbag.py:532} INFO - Filling up the DagBag from /Users/oanottage/opt/anaconda3/envs/energyvenv/lib/python3.9/site-packages/airflow/example_dags/example_trigger_controller_dag.py
[2023-04-07T17:59:32.117+0200] {processor.py:753} INFO - DAG(s) dict_keys(['example_trigger_controller_dag']) retrieved from /Users/oanottage/opt/anaconda3/envs/energyvenv/lib/python3.9/site-packages/airflow/example_dags/example_trigger_controller_dag.py
[2023-04-07T17:59:32.786+0200] {logging_mixin.py:137} INFO - [2023-04-07T17:59:32.786+0200] {dag.py:2705} INFO - Sync 1 DAGs
[2023-04-07T17:59:32.799+0200] {logging_mixin.py:137} INFO - [2023-04-07T17:59:32.799+0200] {dag.py:3452} INFO - Setting next_dagrun for example_trigger_controller_dag to 2021-01-01T00:00:00+00:00, run_after=2021-01-01T00:00:00+00:00
[2023-04-07T17:59:32.813+0200] {processor.py:175} INFO - Processing /Users/oanottage/opt/anaconda3/envs/energyvenv/lib/python3.9/site-packages/airflow/example_dags/example_trigger_controller_dag.py took 0.736 seconds
[2023-04-07T18:00:51.920+0200] {processor.py:153} INFO - Started process (PID=18325) to work on /Users/oanottage/opt/anaconda3/envs/energyvenv/lib/python3.9/site-packages/airflow/example_dags/example_trigger_controller_dag.py
[2023-04-07T18:00:51.923+0200] {processor.py:743} INFO - Processing file /Users/oanottage/opt/anaconda3/envs/energyvenv/lib/python3.9/site-packages/airflow/example_dags/example_trigger_controller_dag.py for tasks to queue
[2023-04-07T18:00:51.924+0200] {logging_mixin.py:137} INFO - [2023-04-07T18:00:51.923+0200] {dagbag.py:532} INFO - Filling up the DagBag from /Users/oanottage/opt/anaconda3/envs/energyvenv/lib/python3.9/site-packages/airflow/example_dags/example_trigger_controller_dag.py
[2023-04-07T18:00:51.966+0200] {processor.py:753} INFO - DAG(s) dict_keys(['example_trigger_controller_dag']) retrieved from /Users/oanottage/opt/anaconda3/envs/energyvenv/lib/python3.9/site-packages/airflow/example_dags/example_trigger_controller_dag.py
[2023-04-07T18:00:52.620+0200] {logging_mixin.py:137} INFO - [2023-04-07T18:00:52.619+0200] {dag.py:2705} INFO - Sync 1 DAGs
[2023-04-07T18:00:52.631+0200] {logging_mixin.py:137} INFO - [2023-04-07T18:00:52.631+0200] {dag.py:3452} INFO - Setting next_dagrun for example_trigger_controller_dag to 2021-01-01T00:00:00+00:00, run_after=2021-01-01T00:00:00+00:00
[2023-04-07T18:00:52.643+0200] {processor.py:175} INFO - Processing /Users/oanottage/opt/anaconda3/envs/energyvenv/lib/python3.9/site-packages/airflow/example_dags/example_trigger_controller_dag.py took 0.723 seconds
[2023-04-07T18:02:14.177+0200] {processor.py:153} INFO - Started process (PID=18418) to work on /Users/oanottage/opt/anaconda3/envs/energyvenv/lib/python3.9/site-packages/airflow/example_dags/example_trigger_controller_dag.py
[2023-04-07T18:02:14.180+0200] {processor.py:743} INFO - Processing file /Users/oanottage/opt/anaconda3/envs/energyvenv/lib/python3.9/site-packages/airflow/example_dags/example_trigger_controller_dag.py for tasks to queue
[2023-04-07T18:02:14.181+0200] {logging_mixin.py:137} INFO - [2023-04-07T18:02:14.181+0200] {dagbag.py:532} INFO - Filling up the DagBag from /Users/oanottage/opt/anaconda3/envs/energyvenv/lib/python3.9/site-packages/airflow/example_dags/example_trigger_controller_dag.py
[2023-04-07T18:02:14.222+0200] {processor.py:753} INFO - DAG(s) dict_keys(['example_trigger_controller_dag']) retrieved from /Users/oanottage/opt/anaconda3/envs/energyvenv/lib/python3.9/site-packages/airflow/example_dags/example_trigger_controller_dag.py
[2023-04-07T18:02:14.877+0200] {logging_mixin.py:137} INFO - [2023-04-07T18:02:14.877+0200] {dag.py:2705} INFO - Sync 1 DAGs
[2023-04-07T18:02:14.889+0200] {logging_mixin.py:137} INFO - [2023-04-07T18:02:14.889+0200] {dag.py:3452} INFO - Setting next_dagrun for example_trigger_controller_dag to 2021-01-01T00:00:00+00:00, run_after=2021-01-01T00:00:00+00:00
[2023-04-07T18:02:14.903+0200] {processor.py:175} INFO - Processing /Users/oanottage/opt/anaconda3/envs/energyvenv/lib/python3.9/site-packages/airflow/example_dags/example_trigger_controller_dag.py took 0.726 seconds
[2023-04-07T18:04:38.239+0200] {processor.py:153} INFO - Started process (PID=18604) to work on /Users/oanottage/opt/anaconda3/envs/energyvenv/lib/python3.9/site-packages/airflow/example_dags/example_trigger_controller_dag.py
[2023-04-07T18:04:38.242+0200] {processor.py:743} INFO - Processing file /Users/oanottage/opt/anaconda3/envs/energyvenv/lib/python3.9/site-packages/airflow/example_dags/example_trigger_controller_dag.py for tasks to queue
[2023-04-07T18:04:38.242+0200] {logging_mixin.py:137} INFO - [2023-04-07T18:04:38.242+0200] {dagbag.py:532} INFO - Filling up the DagBag from /Users/oanottage/opt/anaconda3/envs/energyvenv/lib/python3.9/site-packages/airflow/example_dags/example_trigger_controller_dag.py
[2023-04-07T18:04:38.281+0200] {processor.py:753} INFO - DAG(s) dict_keys(['example_trigger_controller_dag']) retrieved from /Users/oanottage/opt/anaconda3/envs/energyvenv/lib/python3.9/site-packages/airflow/example_dags/example_trigger_controller_dag.py
[2023-04-07T18:04:38.937+0200] {logging_mixin.py:137} INFO - [2023-04-07T18:04:38.937+0200] {dag.py:2705} INFO - Sync 1 DAGs
[2023-04-07T18:04:38.952+0200] {logging_mixin.py:137} INFO - [2023-04-07T18:04:38.952+0200] {dag.py:3452} INFO - Setting next_dagrun for example_trigger_controller_dag to 2021-01-01T00:00:00+00:00, run_after=2021-01-01T00:00:00+00:00
[2023-04-07T18:04:38.966+0200] {processor.py:175} INFO - Processing /Users/oanottage/opt/anaconda3/envs/energyvenv/lib/python3.9/site-packages/airflow/example_dags/example_trigger_controller_dag.py took 0.728 seconds
[2023-04-07T18:06:31.919+0200] {processor.py:153} INFO - Started process (PID=18749) to work on /Users/oanottage/opt/anaconda3/envs/energyvenv/lib/python3.9/site-packages/airflow/example_dags/example_trigger_controller_dag.py
[2023-04-07T18:06:31.922+0200] {processor.py:743} INFO - Processing file /Users/oanottage/opt/anaconda3/envs/energyvenv/lib/python3.9/site-packages/airflow/example_dags/example_trigger_controller_dag.py for tasks to queue
[2023-04-07T18:06:31.923+0200] {logging_mixin.py:137} INFO - [2023-04-07T18:06:31.923+0200] {dagbag.py:532} INFO - Filling up the DagBag from /Users/oanottage/opt/anaconda3/envs/energyvenv/lib/python3.9/site-packages/airflow/example_dags/example_trigger_controller_dag.py
[2023-04-07T18:06:31.965+0200] {processor.py:753} INFO - DAG(s) dict_keys(['example_trigger_controller_dag']) retrieved from /Users/oanottage/opt/anaconda3/envs/energyvenv/lib/python3.9/site-packages/airflow/example_dags/example_trigger_controller_dag.py
[2023-04-07T18:06:32.666+0200] {logging_mixin.py:137} INFO - [2023-04-07T18:06:32.666+0200] {dag.py:2705} INFO - Sync 1 DAGs
[2023-04-07T18:06:32.679+0200] {logging_mixin.py:137} INFO - [2023-04-07T18:06:32.679+0200] {dag.py:3452} INFO - Setting next_dagrun for example_trigger_controller_dag to 2021-01-01T00:00:00+00:00, run_after=2021-01-01T00:00:00+00:00
[2023-04-07T18:06:32.711+0200] {processor.py:175} INFO - Processing /Users/oanottage/opt/anaconda3/envs/energyvenv/lib/python3.9/site-packages/airflow/example_dags/example_trigger_controller_dag.py took 0.792 seconds
[2023-04-07T18:08:08.008+0200] {processor.py:153} INFO - Started process (PID=18897) to work on /Users/oanottage/opt/anaconda3/envs/energyvenv/lib/python3.9/site-packages/airflow/example_dags/example_trigger_controller_dag.py
[2023-04-07T18:08:08.011+0200] {processor.py:743} INFO - Processing file /Users/oanottage/opt/anaconda3/envs/energyvenv/lib/python3.9/site-packages/airflow/example_dags/example_trigger_controller_dag.py for tasks to queue
[2023-04-07T18:08:08.012+0200] {logging_mixin.py:137} INFO - [2023-04-07T18:08:08.011+0200] {dagbag.py:532} INFO - Filling up the DagBag from /Users/oanottage/opt/anaconda3/envs/energyvenv/lib/python3.9/site-packages/airflow/example_dags/example_trigger_controller_dag.py
[2023-04-07T18:08:08.052+0200] {processor.py:753} INFO - DAG(s) dict_keys(['example_trigger_controller_dag']) retrieved from /Users/oanottage/opt/anaconda3/envs/energyvenv/lib/python3.9/site-packages/airflow/example_dags/example_trigger_controller_dag.py
[2023-04-07T18:08:08.784+0200] {logging_mixin.py:137} INFO - [2023-04-07T18:08:08.783+0200] {dag.py:2705} INFO - Sync 1 DAGs
[2023-04-07T18:08:08.800+0200] {logging_mixin.py:137} INFO - [2023-04-07T18:08:08.799+0200] {dag.py:3452} INFO - Setting next_dagrun for example_trigger_controller_dag to 2021-01-01T00:00:00+00:00, run_after=2021-01-01T00:00:00+00:00
[2023-04-07T18:08:08.815+0200] {processor.py:175} INFO - Processing /Users/oanottage/opt/anaconda3/envs/energyvenv/lib/python3.9/site-packages/airflow/example_dags/example_trigger_controller_dag.py took 0.808 seconds
[2023-04-07T18:09:58.231+0200] {processor.py:153} INFO - Started process (PID=19098) to work on /Users/oanottage/opt/anaconda3/envs/energyvenv/lib/python3.9/site-packages/airflow/example_dags/example_trigger_controller_dag.py
[2023-04-07T18:09:58.235+0200] {processor.py:743} INFO - Processing file /Users/oanottage/opt/anaconda3/envs/energyvenv/lib/python3.9/site-packages/airflow/example_dags/example_trigger_controller_dag.py for tasks to queue
[2023-04-07T18:09:58.235+0200] {logging_mixin.py:137} INFO - [2023-04-07T18:09:58.235+0200] {dagbag.py:532} INFO - Filling up the DagBag from /Users/oanottage/opt/anaconda3/envs/energyvenv/lib/python3.9/site-packages/airflow/example_dags/example_trigger_controller_dag.py
[2023-04-07T18:09:58.273+0200] {processor.py:753} INFO - DAG(s) dict_keys(['example_trigger_controller_dag']) retrieved from /Users/oanottage/opt/anaconda3/envs/energyvenv/lib/python3.9/site-packages/airflow/example_dags/example_trigger_controller_dag.py
[2023-04-07T18:09:58.945+0200] {logging_mixin.py:137} INFO - [2023-04-07T18:09:58.945+0200] {dag.py:2705} INFO - Sync 1 DAGs
[2023-04-07T18:09:58.957+0200] {logging_mixin.py:137} INFO - [2023-04-07T18:09:58.956+0200] {dag.py:3452} INFO - Setting next_dagrun for example_trigger_controller_dag to 2021-01-01T00:00:00+00:00, run_after=2021-01-01T00:00:00+00:00
[2023-04-07T18:09:58.969+0200] {processor.py:175} INFO - Processing /Users/oanottage/opt/anaconda3/envs/energyvenv/lib/python3.9/site-packages/airflow/example_dags/example_trigger_controller_dag.py took 0.739 seconds
[2023-04-07T18:11:19.559+0200] {processor.py:153} INFO - Started process (PID=19206) to work on /Users/oanottage/opt/anaconda3/envs/energyvenv/lib/python3.9/site-packages/airflow/example_dags/example_trigger_controller_dag.py
[2023-04-07T18:11:19.562+0200] {processor.py:743} INFO - Processing file /Users/oanottage/opt/anaconda3/envs/energyvenv/lib/python3.9/site-packages/airflow/example_dags/example_trigger_controller_dag.py for tasks to queue
[2023-04-07T18:11:19.563+0200] {logging_mixin.py:137} INFO - [2023-04-07T18:11:19.563+0200] {dagbag.py:532} INFO - Filling up the DagBag from /Users/oanottage/opt/anaconda3/envs/energyvenv/lib/python3.9/site-packages/airflow/example_dags/example_trigger_controller_dag.py
[2023-04-07T18:11:19.602+0200] {processor.py:753} INFO - DAG(s) dict_keys(['example_trigger_controller_dag']) retrieved from /Users/oanottage/opt/anaconda3/envs/energyvenv/lib/python3.9/site-packages/airflow/example_dags/example_trigger_controller_dag.py
[2023-04-07T18:11:20.241+0200] {logging_mixin.py:137} INFO - [2023-04-07T18:11:20.241+0200] {dag.py:2705} INFO - Sync 1 DAGs
[2023-04-07T18:11:20.253+0200] {logging_mixin.py:137} INFO - [2023-04-07T18:11:20.253+0200] {dag.py:3452} INFO - Setting next_dagrun for example_trigger_controller_dag to 2021-01-01T00:00:00+00:00, run_after=2021-01-01T00:00:00+00:00
[2023-04-07T18:11:20.265+0200] {processor.py:175} INFO - Processing /Users/oanottage/opt/anaconda3/envs/energyvenv/lib/python3.9/site-packages/airflow/example_dags/example_trigger_controller_dag.py took 0.706 seconds
[2023-04-07T18:13:18.009+0200] {processor.py:153} INFO - Started process (PID=19374) to work on /Users/oanottage/opt/anaconda3/envs/energyvenv/lib/python3.9/site-packages/airflow/example_dags/example_trigger_controller_dag.py
[2023-04-07T18:13:18.015+0200] {processor.py:743} INFO - Processing file /Users/oanottage/opt/anaconda3/envs/energyvenv/lib/python3.9/site-packages/airflow/example_dags/example_trigger_controller_dag.py for tasks to queue
[2023-04-07T18:13:18.015+0200] {logging_mixin.py:137} INFO - [2023-04-07T18:13:18.015+0200] {dagbag.py:532} INFO - Filling up the DagBag from /Users/oanottage/opt/anaconda3/envs/energyvenv/lib/python3.9/site-packages/airflow/example_dags/example_trigger_controller_dag.py
[2023-04-07T18:13:18.064+0200] {processor.py:753} INFO - DAG(s) dict_keys(['example_trigger_controller_dag']) retrieved from /Users/oanottage/opt/anaconda3/envs/energyvenv/lib/python3.9/site-packages/airflow/example_dags/example_trigger_controller_dag.py
[2023-04-07T18:13:18.760+0200] {logging_mixin.py:137} INFO - [2023-04-07T18:13:18.760+0200] {dag.py:2705} INFO - Sync 1 DAGs
[2023-04-07T18:13:18.773+0200] {logging_mixin.py:137} INFO - [2023-04-07T18:13:18.773+0200] {dag.py:3452} INFO - Setting next_dagrun for example_trigger_controller_dag to 2021-01-01T00:00:00+00:00, run_after=2021-01-01T00:00:00+00:00
[2023-04-07T18:13:18.787+0200] {processor.py:175} INFO - Processing /Users/oanottage/opt/anaconda3/envs/energyvenv/lib/python3.9/site-packages/airflow/example_dags/example_trigger_controller_dag.py took 0.779 seconds
[2023-04-07T18:15:49.368+0200] {processor.py:153} INFO - Started process (PID=19572) to work on /Users/oanottage/opt/anaconda3/envs/energyvenv/lib/python3.9/site-packages/airflow/example_dags/example_trigger_controller_dag.py
[2023-04-07T18:15:49.372+0200] {processor.py:743} INFO - Processing file /Users/oanottage/opt/anaconda3/envs/energyvenv/lib/python3.9/site-packages/airflow/example_dags/example_trigger_controller_dag.py for tasks to queue
[2023-04-07T18:15:49.373+0200] {logging_mixin.py:137} INFO - [2023-04-07T18:15:49.373+0200] {dagbag.py:532} INFO - Filling up the DagBag from /Users/oanottage/opt/anaconda3/envs/energyvenv/lib/python3.9/site-packages/airflow/example_dags/example_trigger_controller_dag.py
[2023-04-07T18:15:49.425+0200] {processor.py:753} INFO - DAG(s) dict_keys(['example_trigger_controller_dag']) retrieved from /Users/oanottage/opt/anaconda3/envs/energyvenv/lib/python3.9/site-packages/airflow/example_dags/example_trigger_controller_dag.py
[2023-04-07T18:15:50.263+0200] {logging_mixin.py:137} INFO - [2023-04-07T18:15:50.262+0200] {dag.py:2705} INFO - Sync 1 DAGs
[2023-04-07T18:15:50.277+0200] {logging_mixin.py:137} INFO - [2023-04-07T18:15:50.277+0200] {dag.py:3452} INFO - Setting next_dagrun for example_trigger_controller_dag to 2021-01-01T00:00:00+00:00, run_after=2021-01-01T00:00:00+00:00
[2023-04-07T18:15:50.292+0200] {processor.py:175} INFO - Processing /Users/oanottage/opt/anaconda3/envs/energyvenv/lib/python3.9/site-packages/airflow/example_dags/example_trigger_controller_dag.py took 0.924 seconds
[2023-04-07T18:17:40.810+0200] {processor.py:153} INFO - Started process (PID=19711) to work on /Users/oanottage/opt/anaconda3/envs/energyvenv/lib/python3.9/site-packages/airflow/example_dags/example_trigger_controller_dag.py
[2023-04-07T18:17:40.814+0200] {processor.py:743} INFO - Processing file /Users/oanottage/opt/anaconda3/envs/energyvenv/lib/python3.9/site-packages/airflow/example_dags/example_trigger_controller_dag.py for tasks to queue
[2023-04-07T18:17:40.814+0200] {logging_mixin.py:137} INFO - [2023-04-07T18:17:40.814+0200] {dagbag.py:532} INFO - Filling up the DagBag from /Users/oanottage/opt/anaconda3/envs/energyvenv/lib/python3.9/site-packages/airflow/example_dags/example_trigger_controller_dag.py
[2023-04-07T18:17:40.854+0200] {processor.py:753} INFO - DAG(s) dict_keys(['example_trigger_controller_dag']) retrieved from /Users/oanottage/opt/anaconda3/envs/energyvenv/lib/python3.9/site-packages/airflow/example_dags/example_trigger_controller_dag.py
[2023-04-07T18:17:41.555+0200] {logging_mixin.py:137} INFO - [2023-04-07T18:17:41.554+0200] {dag.py:2705} INFO - Sync 1 DAGs
[2023-04-07T18:17:41.567+0200] {logging_mixin.py:137} INFO - [2023-04-07T18:17:41.567+0200] {dag.py:3452} INFO - Setting next_dagrun for example_trigger_controller_dag to 2021-01-01T00:00:00+00:00, run_after=2021-01-01T00:00:00+00:00
[2023-04-07T18:17:41.579+0200] {processor.py:175} INFO - Processing /Users/oanottage/opt/anaconda3/envs/energyvenv/lib/python3.9/site-packages/airflow/example_dags/example_trigger_controller_dag.py took 0.770 seconds
[2023-04-07T18:19:02.233+0200] {processor.py:153} INFO - Started process (PID=19802) to work on /Users/oanottage/opt/anaconda3/envs/energyvenv/lib/python3.9/site-packages/airflow/example_dags/example_trigger_controller_dag.py
[2023-04-07T18:19:02.236+0200] {processor.py:743} INFO - Processing file /Users/oanottage/opt/anaconda3/envs/energyvenv/lib/python3.9/site-packages/airflow/example_dags/example_trigger_controller_dag.py for tasks to queue
[2023-04-07T18:19:02.237+0200] {logging_mixin.py:137} INFO - [2023-04-07T18:19:02.237+0200] {dagbag.py:532} INFO - Filling up the DagBag from /Users/oanottage/opt/anaconda3/envs/energyvenv/lib/python3.9/site-packages/airflow/example_dags/example_trigger_controller_dag.py
[2023-04-07T18:19:02.280+0200] {processor.py:753} INFO - DAG(s) dict_keys(['example_trigger_controller_dag']) retrieved from /Users/oanottage/opt/anaconda3/envs/energyvenv/lib/python3.9/site-packages/airflow/example_dags/example_trigger_controller_dag.py
[2023-04-07T18:19:02.945+0200] {logging_mixin.py:137} INFO - [2023-04-07T18:19:02.945+0200] {dag.py:2705} INFO - Sync 1 DAGs
[2023-04-07T18:19:02.956+0200] {logging_mixin.py:137} INFO - [2023-04-07T18:19:02.956+0200] {dag.py:3452} INFO - Setting next_dagrun for example_trigger_controller_dag to 2021-01-01T00:00:00+00:00, run_after=2021-01-01T00:00:00+00:00
[2023-04-07T18:19:02.968+0200] {processor.py:175} INFO - Processing /Users/oanottage/opt/anaconda3/envs/energyvenv/lib/python3.9/site-packages/airflow/example_dags/example_trigger_controller_dag.py took 0.735 seconds
[2023-04-07T18:20:25.358+0200] {processor.py:153} INFO - Started process (PID=19972) to work on /Users/oanottage/opt/anaconda3/envs/energyvenv/lib/python3.9/site-packages/airflow/example_dags/example_trigger_controller_dag.py
[2023-04-07T18:20:25.362+0200] {processor.py:743} INFO - Processing file /Users/oanottage/opt/anaconda3/envs/energyvenv/lib/python3.9/site-packages/airflow/example_dags/example_trigger_controller_dag.py for tasks to queue
[2023-04-07T18:20:25.362+0200] {logging_mixin.py:137} INFO - [2023-04-07T18:20:25.362+0200] {dagbag.py:532} INFO - Filling up the DagBag from /Users/oanottage/opt/anaconda3/envs/energyvenv/lib/python3.9/site-packages/airflow/example_dags/example_trigger_controller_dag.py
[2023-04-07T18:20:25.404+0200] {processor.py:753} INFO - DAG(s) dict_keys(['example_trigger_controller_dag']) retrieved from /Users/oanottage/opt/anaconda3/envs/energyvenv/lib/python3.9/site-packages/airflow/example_dags/example_trigger_controller_dag.py
[2023-04-07T18:20:26.085+0200] {logging_mixin.py:137} INFO - [2023-04-07T18:20:26.085+0200] {dag.py:2705} INFO - Sync 1 DAGs
[2023-04-07T18:20:26.099+0200] {logging_mixin.py:137} INFO - [2023-04-07T18:20:26.098+0200] {dag.py:3452} INFO - Setting next_dagrun for example_trigger_controller_dag to 2021-01-01T00:00:00+00:00, run_after=2021-01-01T00:00:00+00:00
[2023-04-07T18:20:26.112+0200] {processor.py:175} INFO - Processing /Users/oanottage/opt/anaconda3/envs/energyvenv/lib/python3.9/site-packages/airflow/example_dags/example_trigger_controller_dag.py took 0.754 seconds
[2023-04-07T18:21:46.149+0200] {processor.py:153} INFO - Started process (PID=20063) to work on /Users/oanottage/opt/anaconda3/envs/energyvenv/lib/python3.9/site-packages/airflow/example_dags/example_trigger_controller_dag.py
[2023-04-07T18:21:46.153+0200] {processor.py:743} INFO - Processing file /Users/oanottage/opt/anaconda3/envs/energyvenv/lib/python3.9/site-packages/airflow/example_dags/example_trigger_controller_dag.py for tasks to queue
[2023-04-07T18:21:46.154+0200] {logging_mixin.py:137} INFO - [2023-04-07T18:21:46.154+0200] {dagbag.py:532} INFO - Filling up the DagBag from /Users/oanottage/opt/anaconda3/envs/energyvenv/lib/python3.9/site-packages/airflow/example_dags/example_trigger_controller_dag.py
[2023-04-07T18:21:46.204+0200] {processor.py:753} INFO - DAG(s) dict_keys(['example_trigger_controller_dag']) retrieved from /Users/oanottage/opt/anaconda3/envs/energyvenv/lib/python3.9/site-packages/airflow/example_dags/example_trigger_controller_dag.py
[2023-04-07T18:21:46.941+0200] {logging_mixin.py:137} INFO - [2023-04-07T18:21:46.941+0200] {dag.py:2705} INFO - Sync 1 DAGs
[2023-04-07T18:21:46.952+0200] {logging_mixin.py:137} INFO - [2023-04-07T18:21:46.952+0200] {dag.py:3452} INFO - Setting next_dagrun for example_trigger_controller_dag to 2021-01-01T00:00:00+00:00, run_after=2021-01-01T00:00:00+00:00
[2023-04-07T18:21:46.964+0200] {processor.py:175} INFO - Processing /Users/oanottage/opt/anaconda3/envs/energyvenv/lib/python3.9/site-packages/airflow/example_dags/example_trigger_controller_dag.py took 0.816 seconds
[2023-04-07T18:23:07.478+0200] {processor.py:153} INFO - Started process (PID=20149) to work on /Users/oanottage/opt/anaconda3/envs/energyvenv/lib/python3.9/site-packages/airflow/example_dags/example_trigger_controller_dag.py
[2023-04-07T18:23:07.481+0200] {processor.py:743} INFO - Processing file /Users/oanottage/opt/anaconda3/envs/energyvenv/lib/python3.9/site-packages/airflow/example_dags/example_trigger_controller_dag.py for tasks to queue
[2023-04-07T18:23:07.482+0200] {logging_mixin.py:137} INFO - [2023-04-07T18:23:07.482+0200] {dagbag.py:532} INFO - Filling up the DagBag from /Users/oanottage/opt/anaconda3/envs/energyvenv/lib/python3.9/site-packages/airflow/example_dags/example_trigger_controller_dag.py
[2023-04-07T18:23:07.524+0200] {processor.py:753} INFO - DAG(s) dict_keys(['example_trigger_controller_dag']) retrieved from /Users/oanottage/opt/anaconda3/envs/energyvenv/lib/python3.9/site-packages/airflow/example_dags/example_trigger_controller_dag.py
[2023-04-07T18:23:08.310+0200] {logging_mixin.py:137} INFO - [2023-04-07T18:23:08.309+0200] {dag.py:2705} INFO - Sync 1 DAGs
[2023-04-07T18:23:08.325+0200] {logging_mixin.py:137} INFO - [2023-04-07T18:23:08.325+0200] {dag.py:3452} INFO - Setting next_dagrun for example_trigger_controller_dag to 2021-01-01T00:00:00+00:00, run_after=2021-01-01T00:00:00+00:00
[2023-04-07T18:23:08.339+0200] {processor.py:175} INFO - Processing /Users/oanottage/opt/anaconda3/envs/energyvenv/lib/python3.9/site-packages/airflow/example_dags/example_trigger_controller_dag.py took 0.861 seconds
[2023-04-07T18:24:29.382+0200] {processor.py:153} INFO - Started process (PID=20238) to work on /Users/oanottage/opt/anaconda3/envs/energyvenv/lib/python3.9/site-packages/airflow/example_dags/example_trigger_controller_dag.py
[2023-04-07T18:24:29.387+0200] {processor.py:743} INFO - Processing file /Users/oanottage/opt/anaconda3/envs/energyvenv/lib/python3.9/site-packages/airflow/example_dags/example_trigger_controller_dag.py for tasks to queue
[2023-04-07T18:24:29.387+0200] {logging_mixin.py:137} INFO - [2023-04-07T18:24:29.387+0200] {dagbag.py:532} INFO - Filling up the DagBag from /Users/oanottage/opt/anaconda3/envs/energyvenv/lib/python3.9/site-packages/airflow/example_dags/example_trigger_controller_dag.py
[2023-04-07T18:24:29.427+0200] {processor.py:753} INFO - DAG(s) dict_keys(['example_trigger_controller_dag']) retrieved from /Users/oanottage/opt/anaconda3/envs/energyvenv/lib/python3.9/site-packages/airflow/example_dags/example_trigger_controller_dag.py
[2023-04-07T18:24:30.099+0200] {logging_mixin.py:137} INFO - [2023-04-07T18:24:30.098+0200] {dag.py:2705} INFO - Sync 1 DAGs
[2023-04-07T18:24:30.111+0200] {logging_mixin.py:137} INFO - [2023-04-07T18:24:30.111+0200] {dag.py:3452} INFO - Setting next_dagrun for example_trigger_controller_dag to 2021-01-01T00:00:00+00:00, run_after=2021-01-01T00:00:00+00:00
[2023-04-07T18:24:30.125+0200] {processor.py:175} INFO - Processing /Users/oanottage/opt/anaconda3/envs/energyvenv/lib/python3.9/site-packages/airflow/example_dags/example_trigger_controller_dag.py took 0.743 seconds
[2023-04-07T18:25:53.165+0200] {processor.py:153} INFO - Started process (PID=20346) to work on /Users/oanottage/opt/anaconda3/envs/energyvenv/lib/python3.9/site-packages/airflow/example_dags/example_trigger_controller_dag.py
[2023-04-07T18:25:53.169+0200] {processor.py:743} INFO - Processing file /Users/oanottage/opt/anaconda3/envs/energyvenv/lib/python3.9/site-packages/airflow/example_dags/example_trigger_controller_dag.py for tasks to queue
[2023-04-07T18:25:53.169+0200] {logging_mixin.py:137} INFO - [2023-04-07T18:25:53.169+0200] {dagbag.py:532} INFO - Filling up the DagBag from /Users/oanottage/opt/anaconda3/envs/energyvenv/lib/python3.9/site-packages/airflow/example_dags/example_trigger_controller_dag.py
[2023-04-07T18:25:53.217+0200] {processor.py:753} INFO - DAG(s) dict_keys(['example_trigger_controller_dag']) retrieved from /Users/oanottage/opt/anaconda3/envs/energyvenv/lib/python3.9/site-packages/airflow/example_dags/example_trigger_controller_dag.py
[2023-04-07T18:25:53.895+0200] {logging_mixin.py:137} INFO - [2023-04-07T18:25:53.894+0200] {dag.py:2705} INFO - Sync 1 DAGs
[2023-04-07T18:25:53.909+0200] {logging_mixin.py:137} INFO - [2023-04-07T18:25:53.909+0200] {dag.py:3452} INFO - Setting next_dagrun for example_trigger_controller_dag to 2021-01-01T00:00:00+00:00, run_after=2021-01-01T00:00:00+00:00
[2023-04-07T18:25:53.923+0200] {processor.py:175} INFO - Processing /Users/oanottage/opt/anaconda3/envs/energyvenv/lib/python3.9/site-packages/airflow/example_dags/example_trigger_controller_dag.py took 0.759 seconds
[2023-04-07T18:27:10.413+0200] {processor.py:153} INFO - Started process (PID=20435) to work on /Users/oanottage/opt/anaconda3/envs/energyvenv/lib/python3.9/site-packages/airflow/example_dags/example_trigger_controller_dag.py
[2023-04-07T18:27:10.417+0200] {processor.py:743} INFO - Processing file /Users/oanottage/opt/anaconda3/envs/energyvenv/lib/python3.9/site-packages/airflow/example_dags/example_trigger_controller_dag.py for tasks to queue
[2023-04-07T18:27:10.418+0200] {logging_mixin.py:137} INFO - [2023-04-07T18:27:10.418+0200] {dagbag.py:532} INFO - Filling up the DagBag from /Users/oanottage/opt/anaconda3/envs/energyvenv/lib/python3.9/site-packages/airflow/example_dags/example_trigger_controller_dag.py
[2023-04-07T18:27:10.468+0200] {processor.py:753} INFO - DAG(s) dict_keys(['example_trigger_controller_dag']) retrieved from /Users/oanottage/opt/anaconda3/envs/energyvenv/lib/python3.9/site-packages/airflow/example_dags/example_trigger_controller_dag.py
[2023-04-07T18:27:11.232+0200] {logging_mixin.py:137} INFO - [2023-04-07T18:27:11.231+0200] {dag.py:2705} INFO - Sync 1 DAGs
[2023-04-07T18:27:11.247+0200] {logging_mixin.py:137} INFO - [2023-04-07T18:27:11.247+0200] {dag.py:3452} INFO - Setting next_dagrun for example_trigger_controller_dag to 2021-01-01T00:00:00+00:00, run_after=2021-01-01T00:00:00+00:00
[2023-04-07T18:27:11.263+0200] {processor.py:175} INFO - Processing /Users/oanottage/opt/anaconda3/envs/energyvenv/lib/python3.9/site-packages/airflow/example_dags/example_trigger_controller_dag.py took 0.851 seconds
[2023-04-07T18:28:58.163+0200] {processor.py:153} INFO - Started process (PID=20561) to work on /Users/oanottage/opt/anaconda3/envs/energyvenv/lib/python3.9/site-packages/airflow/example_dags/example_trigger_controller_dag.py
[2023-04-07T18:28:58.167+0200] {processor.py:743} INFO - Processing file /Users/oanottage/opt/anaconda3/envs/energyvenv/lib/python3.9/site-packages/airflow/example_dags/example_trigger_controller_dag.py for tasks to queue
[2023-04-07T18:28:58.168+0200] {logging_mixin.py:137} INFO - [2023-04-07T18:28:58.168+0200] {dagbag.py:532} INFO - Filling up the DagBag from /Users/oanottage/opt/anaconda3/envs/energyvenv/lib/python3.9/site-packages/airflow/example_dags/example_trigger_controller_dag.py
[2023-04-07T18:28:58.217+0200] {processor.py:753} INFO - DAG(s) dict_keys(['example_trigger_controller_dag']) retrieved from /Users/oanottage/opt/anaconda3/envs/energyvenv/lib/python3.9/site-packages/airflow/example_dags/example_trigger_controller_dag.py
[2023-04-07T18:28:58.928+0200] {logging_mixin.py:137} INFO - [2023-04-07T18:28:58.928+0200] {dag.py:2705} INFO - Sync 1 DAGs
[2023-04-07T18:28:58.943+0200] {logging_mixin.py:137} INFO - [2023-04-07T18:28:58.943+0200] {dag.py:3452} INFO - Setting next_dagrun for example_trigger_controller_dag to 2021-01-01T00:00:00+00:00, run_after=2021-01-01T00:00:00+00:00
[2023-04-07T18:28:58.957+0200] {processor.py:175} INFO - Processing /Users/oanottage/opt/anaconda3/envs/energyvenv/lib/python3.9/site-packages/airflow/example_dags/example_trigger_controller_dag.py took 0.794 seconds
[2023-04-07T18:30:20.563+0200] {processor.py:153} INFO - Started process (PID=20739) to work on /Users/oanottage/opt/anaconda3/envs/energyvenv/lib/python3.9/site-packages/airflow/example_dags/example_trigger_controller_dag.py
[2023-04-07T18:30:20.567+0200] {processor.py:743} INFO - Processing file /Users/oanottage/opt/anaconda3/envs/energyvenv/lib/python3.9/site-packages/airflow/example_dags/example_trigger_controller_dag.py for tasks to queue
[2023-04-07T18:30:20.567+0200] {logging_mixin.py:137} INFO - [2023-04-07T18:30:20.567+0200] {dagbag.py:532} INFO - Filling up the DagBag from /Users/oanottage/opt/anaconda3/envs/energyvenv/lib/python3.9/site-packages/airflow/example_dags/example_trigger_controller_dag.py
[2023-04-07T18:30:20.609+0200] {processor.py:753} INFO - DAG(s) dict_keys(['example_trigger_controller_dag']) retrieved from /Users/oanottage/opt/anaconda3/envs/energyvenv/lib/python3.9/site-packages/airflow/example_dags/example_trigger_controller_dag.py
[2023-04-07T18:30:21.240+0200] {logging_mixin.py:137} INFO - [2023-04-07T18:30:21.240+0200] {dag.py:2705} INFO - Sync 1 DAGs
[2023-04-07T18:30:21.251+0200] {logging_mixin.py:137} INFO - [2023-04-07T18:30:21.251+0200] {dag.py:3452} INFO - Setting next_dagrun for example_trigger_controller_dag to 2021-01-01T00:00:00+00:00, run_after=2021-01-01T00:00:00+00:00
[2023-04-07T18:30:21.264+0200] {processor.py:175} INFO - Processing /Users/oanottage/opt/anaconda3/envs/energyvenv/lib/python3.9/site-packages/airflow/example_dags/example_trigger_controller_dag.py took 0.702 seconds
[2023-04-07T18:42:18.104+0200] {processor.py:153} INFO - Started process (PID=21408) to work on /Users/oanottage/opt/anaconda3/envs/energyvenv/lib/python3.9/site-packages/airflow/example_dags/example_trigger_controller_dag.py
[2023-04-07T18:42:18.108+0200] {processor.py:743} INFO - Processing file /Users/oanottage/opt/anaconda3/envs/energyvenv/lib/python3.9/site-packages/airflow/example_dags/example_trigger_controller_dag.py for tasks to queue
[2023-04-07T18:42:18.109+0200] {logging_mixin.py:137} INFO - [2023-04-07T18:42:18.109+0200] {dagbag.py:532} INFO - Filling up the DagBag from /Users/oanottage/opt/anaconda3/envs/energyvenv/lib/python3.9/site-packages/airflow/example_dags/example_trigger_controller_dag.py
[2023-04-07T18:42:18.152+0200] {processor.py:753} INFO - DAG(s) dict_keys(['example_trigger_controller_dag']) retrieved from /Users/oanottage/opt/anaconda3/envs/energyvenv/lib/python3.9/site-packages/airflow/example_dags/example_trigger_controller_dag.py
[2023-04-07T18:42:18.923+0200] {logging_mixin.py:137} INFO - [2023-04-07T18:42:18.922+0200] {dag.py:2705} INFO - Sync 1 DAGs
[2023-04-07T18:42:18.940+0200] {logging_mixin.py:137} INFO - [2023-04-07T18:42:18.939+0200] {dag.py:3452} INFO - Setting next_dagrun for example_trigger_controller_dag to 2021-01-01T00:00:00+00:00, run_after=2021-01-01T00:00:00+00:00
[2023-04-07T18:42:18.956+0200] {processor.py:175} INFO - Processing /Users/oanottage/opt/anaconda3/envs/energyvenv/lib/python3.9/site-packages/airflow/example_dags/example_trigger_controller_dag.py took 0.852 seconds
[2023-04-07T18:44:14.013+0200] {processor.py:153} INFO - Started process (PID=21540) to work on /Users/oanottage/opt/anaconda3/envs/energyvenv/lib/python3.9/site-packages/airflow/example_dags/example_trigger_controller_dag.py
[2023-04-07T18:44:14.017+0200] {processor.py:743} INFO - Processing file /Users/oanottage/opt/anaconda3/envs/energyvenv/lib/python3.9/site-packages/airflow/example_dags/example_trigger_controller_dag.py for tasks to queue
[2023-04-07T18:44:14.018+0200] {logging_mixin.py:137} INFO - [2023-04-07T18:44:14.018+0200] {dagbag.py:532} INFO - Filling up the DagBag from /Users/oanottage/opt/anaconda3/envs/energyvenv/lib/python3.9/site-packages/airflow/example_dags/example_trigger_controller_dag.py
[2023-04-07T18:44:14.074+0200] {processor.py:753} INFO - DAG(s) dict_keys(['example_trigger_controller_dag']) retrieved from /Users/oanottage/opt/anaconda3/envs/energyvenv/lib/python3.9/site-packages/airflow/example_dags/example_trigger_controller_dag.py
[2023-04-07T18:45:13.368+0200] {processor.py:153} INFO - Started process (PID=21626) to work on /Users/oanottage/opt/anaconda3/envs/energyvenv/lib/python3.9/site-packages/airflow/example_dags/example_trigger_controller_dag.py
[2023-04-07T18:45:13.372+0200] {processor.py:743} INFO - Processing file /Users/oanottage/opt/anaconda3/envs/energyvenv/lib/python3.9/site-packages/airflow/example_dags/example_trigger_controller_dag.py for tasks to queue
[2023-04-07T18:45:13.372+0200] {logging_mixin.py:137} INFO - [2023-04-07T18:45:13.372+0200] {dagbag.py:532} INFO - Filling up the DagBag from /Users/oanottage/opt/anaconda3/envs/energyvenv/lib/python3.9/site-packages/airflow/example_dags/example_trigger_controller_dag.py
[2023-04-07T18:45:13.409+0200] {processor.py:753} INFO - DAG(s) dict_keys(['example_trigger_controller_dag']) retrieved from /Users/oanottage/opt/anaconda3/envs/energyvenv/lib/python3.9/site-packages/airflow/example_dags/example_trigger_controller_dag.py
[2023-04-07T18:45:14.033+0200] {logging_mixin.py:137} INFO - [2023-04-07T18:45:14.033+0200] {dag.py:2705} INFO - Sync 1 DAGs
[2023-04-07T18:45:14.046+0200] {logging_mixin.py:137} INFO - [2023-04-07T18:45:14.046+0200] {dag.py:3452} INFO - Setting next_dagrun for example_trigger_controller_dag to 2021-01-01T00:00:00+00:00, run_after=2021-01-01T00:00:00+00:00
[2023-04-07T18:45:14.058+0200] {processor.py:175} INFO - Processing /Users/oanottage/opt/anaconda3/envs/energyvenv/lib/python3.9/site-packages/airflow/example_dags/example_trigger_controller_dag.py took 0.690 seconds
