[2023-04-07T17:54:34.534+0200] {processor.py:153} INFO - Started process (PID=17818) to work on /Users/oanottage/opt/anaconda3/envs/energyvenv/lib/python3.9/site-packages/airflow/example_dags/example_task_group.py
[2023-04-07T17:54:34.539+0200] {processor.py:743} INFO - Processing file /Users/oanottage/opt/anaconda3/envs/energyvenv/lib/python3.9/site-packages/airflow/example_dags/example_task_group.py for tasks to queue
[2023-04-07T17:54:34.540+0200] {logging_mixin.py:137} INFO - [2023-04-07T17:54:34.540+0200] {dagbag.py:532} INFO - Filling up the DagBag from /Users/oanottage/opt/anaconda3/envs/energyvenv/lib/python3.9/site-packages/airflow/example_dags/example_task_group.py
[2023-04-07T17:54:34.588+0200] {processor.py:753} INFO - DAG(s) dict_keys(['example_task_group']) retrieved from /Users/oanottage/opt/anaconda3/envs/energyvenv/lib/python3.9/site-packages/airflow/example_dags/example_task_group.py
[2023-04-07T17:54:35.367+0200] {logging_mixin.py:137} INFO - [2023-04-07T17:54:35.366+0200] {dag.py:2705} INFO - Sync 1 DAGs
[2023-04-07T17:54:35.377+0200] {logging_mixin.py:137} INFO - [2023-04-07T17:54:35.377+0200] {dag.py:3452} INFO - Setting next_dagrun for example_task_group to 2023-04-06T15:54:35.377448+00:00, run_after=2023-04-07T15:54:35.377448+00:00
[2023-04-07T17:54:35.394+0200] {processor.py:175} INFO - Processing /Users/oanottage/opt/anaconda3/envs/energyvenv/lib/python3.9/site-packages/airflow/example_dags/example_task_group.py took 0.860 seconds
[2023-04-07T17:56:43.789+0200] {processor.py:153} INFO - Started process (PID=18034) to work on /Users/oanottage/opt/anaconda3/envs/energyvenv/lib/python3.9/site-packages/airflow/example_dags/example_task_group.py
[2023-04-07T17:56:43.792+0200] {processor.py:743} INFO - Processing file /Users/oanottage/opt/anaconda3/envs/energyvenv/lib/python3.9/site-packages/airflow/example_dags/example_task_group.py for tasks to queue
[2023-04-07T17:56:43.792+0200] {logging_mixin.py:137} INFO - [2023-04-07T17:56:43.792+0200] {dagbag.py:532} INFO - Filling up the DagBag from /Users/oanottage/opt/anaconda3/envs/energyvenv/lib/python3.9/site-packages/airflow/example_dags/example_task_group.py
[2023-04-07T17:56:43.831+0200] {processor.py:753} INFO - DAG(s) dict_keys(['example_task_group']) retrieved from /Users/oanottage/opt/anaconda3/envs/energyvenv/lib/python3.9/site-packages/airflow/example_dags/example_task_group.py
[2023-04-07T17:56:44.568+0200] {logging_mixin.py:137} INFO - [2023-04-07T17:56:44.568+0200] {dag.py:2705} INFO - Sync 1 DAGs
[2023-04-07T17:56:44.580+0200] {logging_mixin.py:137} INFO - [2023-04-07T17:56:44.580+0200] {dag.py:3452} INFO - Setting next_dagrun for example_task_group to 2023-04-06T15:56:44.580311+00:00, run_after=2023-04-07T15:56:44.580311+00:00
[2023-04-07T17:56:44.592+0200] {processor.py:175} INFO - Processing /Users/oanottage/opt/anaconda3/envs/energyvenv/lib/python3.9/site-packages/airflow/example_dags/example_task_group.py took 0.804 seconds
[2023-04-07T17:58:20.025+0200] {processor.py:153} INFO - Started process (PID=18137) to work on /Users/oanottage/opt/anaconda3/envs/energyvenv/lib/python3.9/site-packages/airflow/example_dags/example_task_group.py
[2023-04-07T17:58:20.028+0200] {processor.py:743} INFO - Processing file /Users/oanottage/opt/anaconda3/envs/energyvenv/lib/python3.9/site-packages/airflow/example_dags/example_task_group.py for tasks to queue
[2023-04-07T17:58:20.029+0200] {logging_mixin.py:137} INFO - [2023-04-07T17:58:20.029+0200] {dagbag.py:532} INFO - Filling up the DagBag from /Users/oanottage/opt/anaconda3/envs/energyvenv/lib/python3.9/site-packages/airflow/example_dags/example_task_group.py
[2023-04-07T17:58:20.067+0200] {processor.py:753} INFO - DAG(s) dict_keys(['example_task_group']) retrieved from /Users/oanottage/opt/anaconda3/envs/energyvenv/lib/python3.9/site-packages/airflow/example_dags/example_task_group.py
[2023-04-07T17:58:20.708+0200] {logging_mixin.py:137} INFO - [2023-04-07T17:58:20.708+0200] {dag.py:2705} INFO - Sync 1 DAGs
[2023-04-07T17:58:20.722+0200] {logging_mixin.py:137} INFO - [2023-04-07T17:58:20.722+0200] {dag.py:3452} INFO - Setting next_dagrun for example_task_group to 2023-04-06T15:58:20.722079+00:00, run_after=2023-04-07T15:58:20.722079+00:00
[2023-04-07T17:58:20.737+0200] {processor.py:175} INFO - Processing /Users/oanottage/opt/anaconda3/envs/energyvenv/lib/python3.9/site-packages/airflow/example_dags/example_task_group.py took 0.712 seconds
[2023-04-07T17:59:40.097+0200] {processor.py:153} INFO - Started process (PID=18232) to work on /Users/oanottage/opt/anaconda3/envs/energyvenv/lib/python3.9/site-packages/airflow/example_dags/example_task_group.py
[2023-04-07T17:59:40.100+0200] {processor.py:743} INFO - Processing file /Users/oanottage/opt/anaconda3/envs/energyvenv/lib/python3.9/site-packages/airflow/example_dags/example_task_group.py for tasks to queue
[2023-04-07T17:59:40.100+0200] {logging_mixin.py:137} INFO - [2023-04-07T17:59:40.100+0200] {dagbag.py:532} INFO - Filling up the DagBag from /Users/oanottage/opt/anaconda3/envs/energyvenv/lib/python3.9/site-packages/airflow/example_dags/example_task_group.py
[2023-04-07T17:59:40.136+0200] {processor.py:753} INFO - DAG(s) dict_keys(['example_task_group']) retrieved from /Users/oanottage/opt/anaconda3/envs/energyvenv/lib/python3.9/site-packages/airflow/example_dags/example_task_group.py
[2023-04-07T17:59:40.754+0200] {logging_mixin.py:137} INFO - [2023-04-07T17:59:40.754+0200] {dag.py:2705} INFO - Sync 1 DAGs
[2023-04-07T17:59:40.770+0200] {logging_mixin.py:137} INFO - [2023-04-07T17:59:40.769+0200] {dag.py:3452} INFO - Setting next_dagrun for example_task_group to 2023-04-06T15:59:40.769859+00:00, run_after=2023-04-07T15:59:40.769859+00:00
[2023-04-07T17:59:40.785+0200] {processor.py:175} INFO - Processing /Users/oanottage/opt/anaconda3/envs/energyvenv/lib/python3.9/site-packages/airflow/example_dags/example_task_group.py took 0.689 seconds
[2023-04-07T18:00:59.836+0200] {processor.py:153} INFO - Started process (PID=18333) to work on /Users/oanottage/opt/anaconda3/envs/energyvenv/lib/python3.9/site-packages/airflow/example_dags/example_task_group.py
[2023-04-07T18:00:59.839+0200] {processor.py:743} INFO - Processing file /Users/oanottage/opt/anaconda3/envs/energyvenv/lib/python3.9/site-packages/airflow/example_dags/example_task_group.py for tasks to queue
[2023-04-07T18:00:59.840+0200] {logging_mixin.py:137} INFO - [2023-04-07T18:00:59.840+0200] {dagbag.py:532} INFO - Filling up the DagBag from /Users/oanottage/opt/anaconda3/envs/energyvenv/lib/python3.9/site-packages/airflow/example_dags/example_task_group.py
[2023-04-07T18:00:59.880+0200] {processor.py:753} INFO - DAG(s) dict_keys(['example_task_group']) retrieved from /Users/oanottage/opt/anaconda3/envs/energyvenv/lib/python3.9/site-packages/airflow/example_dags/example_task_group.py
[2023-04-07T18:01:00.521+0200] {logging_mixin.py:137} INFO - [2023-04-07T18:01:00.521+0200] {dag.py:2705} INFO - Sync 1 DAGs
[2023-04-07T18:01:00.533+0200] {logging_mixin.py:137} INFO - [2023-04-07T18:01:00.533+0200] {dag.py:3452} INFO - Setting next_dagrun for example_task_group to 2023-04-06T16:01:00.533203+00:00, run_after=2023-04-07T16:01:00.533203+00:00
[2023-04-07T18:01:00.545+0200] {processor.py:175} INFO - Processing /Users/oanottage/opt/anaconda3/envs/energyvenv/lib/python3.9/site-packages/airflow/example_dags/example_task_group.py took 0.710 seconds
[2023-04-07T18:02:22.106+0200] {processor.py:153} INFO - Started process (PID=18425) to work on /Users/oanottage/opt/anaconda3/envs/energyvenv/lib/python3.9/site-packages/airflow/example_dags/example_task_group.py
[2023-04-07T18:02:22.109+0200] {processor.py:743} INFO - Processing file /Users/oanottage/opt/anaconda3/envs/energyvenv/lib/python3.9/site-packages/airflow/example_dags/example_task_group.py for tasks to queue
[2023-04-07T18:02:22.110+0200] {logging_mixin.py:137} INFO - [2023-04-07T18:02:22.110+0200] {dagbag.py:532} INFO - Filling up the DagBag from /Users/oanottage/opt/anaconda3/envs/energyvenv/lib/python3.9/site-packages/airflow/example_dags/example_task_group.py
[2023-04-07T18:02:22.151+0200] {processor.py:753} INFO - DAG(s) dict_keys(['example_task_group']) retrieved from /Users/oanottage/opt/anaconda3/envs/energyvenv/lib/python3.9/site-packages/airflow/example_dags/example_task_group.py
[2023-04-07T18:02:22.768+0200] {logging_mixin.py:137} INFO - [2023-04-07T18:02:22.767+0200] {dag.py:2705} INFO - Sync 1 DAGs
[2023-04-07T18:02:22.779+0200] {logging_mixin.py:137} INFO - [2023-04-07T18:02:22.778+0200] {dag.py:3452} INFO - Setting next_dagrun for example_task_group to 2023-04-06T16:02:22.778879+00:00, run_after=2023-04-07T16:02:22.778879+00:00
[2023-04-07T18:02:22.791+0200] {processor.py:175} INFO - Processing /Users/oanottage/opt/anaconda3/envs/energyvenv/lib/python3.9/site-packages/airflow/example_dags/example_task_group.py took 0.685 seconds
[2023-04-07T18:04:46.315+0200] {processor.py:153} INFO - Started process (PID=18615) to work on /Users/oanottage/opt/anaconda3/envs/energyvenv/lib/python3.9/site-packages/airflow/example_dags/example_task_group.py
[2023-04-07T18:04:46.318+0200] {processor.py:743} INFO - Processing file /Users/oanottage/opt/anaconda3/envs/energyvenv/lib/python3.9/site-packages/airflow/example_dags/example_task_group.py for tasks to queue
[2023-04-07T18:04:46.319+0200] {logging_mixin.py:137} INFO - [2023-04-07T18:04:46.319+0200] {dagbag.py:532} INFO - Filling up the DagBag from /Users/oanottage/opt/anaconda3/envs/energyvenv/lib/python3.9/site-packages/airflow/example_dags/example_task_group.py
[2023-04-07T18:04:46.357+0200] {processor.py:753} INFO - DAG(s) dict_keys(['example_task_group']) retrieved from /Users/oanottage/opt/anaconda3/envs/energyvenv/lib/python3.9/site-packages/airflow/example_dags/example_task_group.py
[2023-04-07T18:04:46.996+0200] {logging_mixin.py:137} INFO - [2023-04-07T18:04:46.996+0200] {dag.py:2705} INFO - Sync 1 DAGs
[2023-04-07T18:04:47.011+0200] {logging_mixin.py:137} INFO - [2023-04-07T18:04:47.011+0200] {dag.py:3452} INFO - Setting next_dagrun for example_task_group to 2023-04-06T16:04:47.011447+00:00, run_after=2023-04-07T16:04:47.011447+00:00
[2023-04-07T18:04:47.026+0200] {processor.py:175} INFO - Processing /Users/oanottage/opt/anaconda3/envs/energyvenv/lib/python3.9/site-packages/airflow/example_dags/example_task_group.py took 0.711 seconds
[2023-04-07T18:06:40.296+0200] {processor.py:153} INFO - Started process (PID=18760) to work on /Users/oanottage/opt/anaconda3/envs/energyvenv/lib/python3.9/site-packages/airflow/example_dags/example_task_group.py
[2023-04-07T18:06:40.301+0200] {processor.py:743} INFO - Processing file /Users/oanottage/opt/anaconda3/envs/energyvenv/lib/python3.9/site-packages/airflow/example_dags/example_task_group.py for tasks to queue
[2023-04-07T18:06:40.301+0200] {logging_mixin.py:137} INFO - [2023-04-07T18:06:40.301+0200] {dagbag.py:532} INFO - Filling up the DagBag from /Users/oanottage/opt/anaconda3/envs/energyvenv/lib/python3.9/site-packages/airflow/example_dags/example_task_group.py
[2023-04-07T18:06:40.344+0200] {processor.py:753} INFO - DAG(s) dict_keys(['example_task_group']) retrieved from /Users/oanottage/opt/anaconda3/envs/energyvenv/lib/python3.9/site-packages/airflow/example_dags/example_task_group.py
[2023-04-07T18:06:41.116+0200] {logging_mixin.py:137} INFO - [2023-04-07T18:06:41.115+0200] {dag.py:2705} INFO - Sync 1 DAGs
[2023-04-07T18:06:41.134+0200] {logging_mixin.py:137} INFO - [2023-04-07T18:06:41.134+0200] {dag.py:3452} INFO - Setting next_dagrun for example_task_group to 2023-04-06T16:06:41.134196+00:00, run_after=2023-04-07T16:06:41.134196+00:00
[2023-04-07T18:06:41.152+0200] {processor.py:175} INFO - Processing /Users/oanottage/opt/anaconda3/envs/energyvenv/lib/python3.9/site-packages/airflow/example_dags/example_task_group.py took 0.856 seconds
[2023-04-07T18:08:16.306+0200] {processor.py:153} INFO - Started process (PID=18904) to work on /Users/oanottage/opt/anaconda3/envs/energyvenv/lib/python3.9/site-packages/airflow/example_dags/example_task_group.py
[2023-04-07T18:08:16.309+0200] {processor.py:743} INFO - Processing file /Users/oanottage/opt/anaconda3/envs/energyvenv/lib/python3.9/site-packages/airflow/example_dags/example_task_group.py for tasks to queue
[2023-04-07T18:08:16.310+0200] {logging_mixin.py:137} INFO - [2023-04-07T18:08:16.310+0200] {dagbag.py:532} INFO - Filling up the DagBag from /Users/oanottage/opt/anaconda3/envs/energyvenv/lib/python3.9/site-packages/airflow/example_dags/example_task_group.py
[2023-04-07T18:08:16.349+0200] {processor.py:753} INFO - DAG(s) dict_keys(['example_task_group']) retrieved from /Users/oanottage/opt/anaconda3/envs/energyvenv/lib/python3.9/site-packages/airflow/example_dags/example_task_group.py
[2023-04-07T18:08:17.047+0200] {logging_mixin.py:137} INFO - [2023-04-07T18:08:17.046+0200] {dag.py:2705} INFO - Sync 1 DAGs
[2023-04-07T18:08:17.064+0200] {logging_mixin.py:137} INFO - [2023-04-07T18:08:17.064+0200] {dag.py:3452} INFO - Setting next_dagrun for example_task_group to 2023-04-06T16:08:17.064214+00:00, run_after=2023-04-07T16:08:17.064214+00:00
[2023-04-07T18:08:17.081+0200] {processor.py:175} INFO - Processing /Users/oanottage/opt/anaconda3/envs/energyvenv/lib/python3.9/site-packages/airflow/example_dags/example_task_group.py took 0.775 seconds
[2023-04-07T18:10:04.877+0200] {processor.py:153} INFO - Started process (PID=19104) to work on /Users/oanottage/opt/anaconda3/envs/energyvenv/lib/python3.9/site-packages/airflow/example_dags/example_task_group.py
[2023-04-07T18:10:04.882+0200] {processor.py:743} INFO - Processing file /Users/oanottage/opt/anaconda3/envs/energyvenv/lib/python3.9/site-packages/airflow/example_dags/example_task_group.py for tasks to queue
[2023-04-07T18:10:04.883+0200] {logging_mixin.py:137} INFO - [2023-04-07T18:10:04.882+0200] {dagbag.py:532} INFO - Filling up the DagBag from /Users/oanottage/opt/anaconda3/envs/energyvenv/lib/python3.9/site-packages/airflow/example_dags/example_task_group.py
[2023-04-07T18:10:04.932+0200] {processor.py:753} INFO - DAG(s) dict_keys(['example_task_group']) retrieved from /Users/oanottage/opt/anaconda3/envs/energyvenv/lib/python3.9/site-packages/airflow/example_dags/example_task_group.py
[2023-04-07T18:10:05.621+0200] {logging_mixin.py:137} INFO - [2023-04-07T18:10:05.621+0200] {dag.py:2705} INFO - Sync 1 DAGs
[2023-04-07T18:10:05.636+0200] {logging_mixin.py:137} INFO - [2023-04-07T18:10:05.636+0200] {dag.py:3452} INFO - Setting next_dagrun for example_task_group to 2023-04-06T16:10:05.635931+00:00, run_after=2023-04-07T16:10:05.635931+00:00
[2023-04-07T18:10:05.651+0200] {processor.py:175} INFO - Processing /Users/oanottage/opt/anaconda3/envs/energyvenv/lib/python3.9/site-packages/airflow/example_dags/example_task_group.py took 0.775 seconds
[2023-04-07T18:11:27.458+0200] {processor.py:153} INFO - Started process (PID=19218) to work on /Users/oanottage/opt/anaconda3/envs/energyvenv/lib/python3.9/site-packages/airflow/example_dags/example_task_group.py
[2023-04-07T18:11:27.461+0200] {processor.py:743} INFO - Processing file /Users/oanottage/opt/anaconda3/envs/energyvenv/lib/python3.9/site-packages/airflow/example_dags/example_task_group.py for tasks to queue
[2023-04-07T18:11:27.461+0200] {logging_mixin.py:137} INFO - [2023-04-07T18:11:27.461+0200] {dagbag.py:532} INFO - Filling up the DagBag from /Users/oanottage/opt/anaconda3/envs/energyvenv/lib/python3.9/site-packages/airflow/example_dags/example_task_group.py
[2023-04-07T18:11:27.503+0200] {processor.py:753} INFO - DAG(s) dict_keys(['example_task_group']) retrieved from /Users/oanottage/opt/anaconda3/envs/energyvenv/lib/python3.9/site-packages/airflow/example_dags/example_task_group.py
[2023-04-07T18:11:28.144+0200] {logging_mixin.py:137} INFO - [2023-04-07T18:11:28.144+0200] {dag.py:2705} INFO - Sync 1 DAGs
[2023-04-07T18:11:28.156+0200] {logging_mixin.py:137} INFO - [2023-04-07T18:11:28.156+0200] {dag.py:3452} INFO - Setting next_dagrun for example_task_group to 2023-04-06T16:11:28.155914+00:00, run_after=2023-04-07T16:11:28.155914+00:00
[2023-04-07T18:11:28.169+0200] {processor.py:175} INFO - Processing /Users/oanottage/opt/anaconda3/envs/energyvenv/lib/python3.9/site-packages/airflow/example_dags/example_task_group.py took 0.711 seconds
[2023-04-07T18:13:26.460+0200] {processor.py:153} INFO - Started process (PID=19383) to work on /Users/oanottage/opt/anaconda3/envs/energyvenv/lib/python3.9/site-packages/airflow/example_dags/example_task_group.py
[2023-04-07T18:13:26.464+0200] {processor.py:743} INFO - Processing file /Users/oanottage/opt/anaconda3/envs/energyvenv/lib/python3.9/site-packages/airflow/example_dags/example_task_group.py for tasks to queue
[2023-04-07T18:13:26.464+0200] {logging_mixin.py:137} INFO - [2023-04-07T18:13:26.464+0200] {dagbag.py:532} INFO - Filling up the DagBag from /Users/oanottage/opt/anaconda3/envs/energyvenv/lib/python3.9/site-packages/airflow/example_dags/example_task_group.py
[2023-04-07T18:13:26.521+0200] {processor.py:753} INFO - DAG(s) dict_keys(['example_task_group']) retrieved from /Users/oanottage/opt/anaconda3/envs/energyvenv/lib/python3.9/site-packages/airflow/example_dags/example_task_group.py
[2023-04-07T18:13:27.274+0200] {logging_mixin.py:137} INFO - [2023-04-07T18:13:27.273+0200] {dag.py:2705} INFO - Sync 1 DAGs
[2023-04-07T18:13:27.288+0200] {logging_mixin.py:137} INFO - [2023-04-07T18:13:27.288+0200] {dag.py:3452} INFO - Setting next_dagrun for example_task_group to 2023-04-06T16:13:27.288021+00:00, run_after=2023-04-07T16:13:27.288021+00:00
[2023-04-07T18:13:27.300+0200] {processor.py:175} INFO - Processing /Users/oanottage/opt/anaconda3/envs/energyvenv/lib/python3.9/site-packages/airflow/example_dags/example_task_group.py took 0.841 seconds
[2023-04-07T18:15:57.764+0200] {processor.py:153} INFO - Started process (PID=19584) to work on /Users/oanottage/opt/anaconda3/envs/energyvenv/lib/python3.9/site-packages/airflow/example_dags/example_task_group.py
[2023-04-07T18:15:57.767+0200] {processor.py:743} INFO - Processing file /Users/oanottage/opt/anaconda3/envs/energyvenv/lib/python3.9/site-packages/airflow/example_dags/example_task_group.py for tasks to queue
[2023-04-07T18:15:57.767+0200] {logging_mixin.py:137} INFO - [2023-04-07T18:15:57.767+0200] {dagbag.py:532} INFO - Filling up the DagBag from /Users/oanottage/opt/anaconda3/envs/energyvenv/lib/python3.9/site-packages/airflow/example_dags/example_task_group.py
[2023-04-07T18:15:57.806+0200] {processor.py:753} INFO - DAG(s) dict_keys(['example_task_group']) retrieved from /Users/oanottage/opt/anaconda3/envs/energyvenv/lib/python3.9/site-packages/airflow/example_dags/example_task_group.py
[2023-04-07T18:15:58.436+0200] {logging_mixin.py:137} INFO - [2023-04-07T18:15:58.435+0200] {dag.py:2705} INFO - Sync 1 DAGs
[2023-04-07T18:15:58.453+0200] {logging_mixin.py:137} INFO - [2023-04-07T18:15:58.452+0200] {dag.py:3452} INFO - Setting next_dagrun for example_task_group to 2023-04-06T16:15:58.452798+00:00, run_after=2023-04-07T16:15:58.452798+00:00
[2023-04-07T18:15:58.469+0200] {processor.py:175} INFO - Processing /Users/oanottage/opt/anaconda3/envs/energyvenv/lib/python3.9/site-packages/airflow/example_dags/example_task_group.py took 0.706 seconds
[2023-04-07T18:17:49.044+0200] {processor.py:153} INFO - Started process (PID=19719) to work on /Users/oanottage/opt/anaconda3/envs/energyvenv/lib/python3.9/site-packages/airflow/example_dags/example_task_group.py
[2023-04-07T18:17:49.047+0200] {processor.py:743} INFO - Processing file /Users/oanottage/opt/anaconda3/envs/energyvenv/lib/python3.9/site-packages/airflow/example_dags/example_task_group.py for tasks to queue
[2023-04-07T18:17:49.048+0200] {logging_mixin.py:137} INFO - [2023-04-07T18:17:49.048+0200] {dagbag.py:532} INFO - Filling up the DagBag from /Users/oanottage/opt/anaconda3/envs/energyvenv/lib/python3.9/site-packages/airflow/example_dags/example_task_group.py
[2023-04-07T18:17:49.087+0200] {processor.py:753} INFO - DAG(s) dict_keys(['example_task_group']) retrieved from /Users/oanottage/opt/anaconda3/envs/energyvenv/lib/python3.9/site-packages/airflow/example_dags/example_task_group.py
[2023-04-07T18:17:49.766+0200] {logging_mixin.py:137} INFO - [2023-04-07T18:17:49.766+0200] {dag.py:2705} INFO - Sync 1 DAGs
[2023-04-07T18:17:49.777+0200] {logging_mixin.py:137} INFO - [2023-04-07T18:17:49.777+0200] {dag.py:3452} INFO - Setting next_dagrun for example_task_group to 2023-04-06T16:17:49.777417+00:00, run_after=2023-04-07T16:17:49.777417+00:00
[2023-04-07T18:17:49.791+0200] {processor.py:175} INFO - Processing /Users/oanottage/opt/anaconda3/envs/energyvenv/lib/python3.9/site-packages/airflow/example_dags/example_task_group.py took 0.748 seconds
[2023-04-07T18:19:10.520+0200] {processor.py:153} INFO - Started process (PID=19818) to work on /Users/oanottage/opt/anaconda3/envs/energyvenv/lib/python3.9/site-packages/airflow/example_dags/example_task_group.py
[2023-04-07T18:19:10.523+0200] {processor.py:743} INFO - Processing file /Users/oanottage/opt/anaconda3/envs/energyvenv/lib/python3.9/site-packages/airflow/example_dags/example_task_group.py for tasks to queue
[2023-04-07T18:19:10.523+0200] {logging_mixin.py:137} INFO - [2023-04-07T18:19:10.523+0200] {dagbag.py:532} INFO - Filling up the DagBag from /Users/oanottage/opt/anaconda3/envs/energyvenv/lib/python3.9/site-packages/airflow/example_dags/example_task_group.py
[2023-04-07T18:19:10.564+0200] {processor.py:753} INFO - DAG(s) dict_keys(['example_task_group']) retrieved from /Users/oanottage/opt/anaconda3/envs/energyvenv/lib/python3.9/site-packages/airflow/example_dags/example_task_group.py
[2023-04-07T18:19:11.311+0200] {logging_mixin.py:137} INFO - [2023-04-07T18:19:11.311+0200] {dag.py:2705} INFO - Sync 1 DAGs
[2023-04-07T18:19:11.322+0200] {logging_mixin.py:137} INFO - [2023-04-07T18:19:11.322+0200] {dag.py:3452} INFO - Setting next_dagrun for example_task_group to 2023-04-06T16:19:11.322567+00:00, run_after=2023-04-07T16:19:11.322567+00:00
[2023-04-07T18:19:11.334+0200] {processor.py:175} INFO - Processing /Users/oanottage/opt/anaconda3/envs/energyvenv/lib/python3.9/site-packages/airflow/example_dags/example_task_group.py took 0.815 seconds
[2023-04-07T18:20:33.484+0200] {processor.py:153} INFO - Started process (PID=19981) to work on /Users/oanottage/opt/anaconda3/envs/energyvenv/lib/python3.9/site-packages/airflow/example_dags/example_task_group.py
[2023-04-07T18:20:33.487+0200] {processor.py:743} INFO - Processing file /Users/oanottage/opt/anaconda3/envs/energyvenv/lib/python3.9/site-packages/airflow/example_dags/example_task_group.py for tasks to queue
[2023-04-07T18:20:33.488+0200] {logging_mixin.py:137} INFO - [2023-04-07T18:20:33.487+0200] {dagbag.py:532} INFO - Filling up the DagBag from /Users/oanottage/opt/anaconda3/envs/energyvenv/lib/python3.9/site-packages/airflow/example_dags/example_task_group.py
[2023-04-07T18:20:33.530+0200] {processor.py:753} INFO - DAG(s) dict_keys(['example_task_group']) retrieved from /Users/oanottage/opt/anaconda3/envs/energyvenv/lib/python3.9/site-packages/airflow/example_dags/example_task_group.py
[2023-04-07T18:20:34.171+0200] {logging_mixin.py:137} INFO - [2023-04-07T18:20:34.171+0200] {dag.py:2705} INFO - Sync 1 DAGs
[2023-04-07T18:20:34.183+0200] {logging_mixin.py:137} INFO - [2023-04-07T18:20:34.183+0200] {dag.py:3452} INFO - Setting next_dagrun for example_task_group to 2023-04-06T16:20:34.183541+00:00, run_after=2023-04-07T16:20:34.183541+00:00
[2023-04-07T18:20:34.195+0200] {processor.py:175} INFO - Processing /Users/oanottage/opt/anaconda3/envs/energyvenv/lib/python3.9/site-packages/airflow/example_dags/example_task_group.py took 0.712 seconds
[2023-04-07T18:21:53.992+0200] {processor.py:153} INFO - Started process (PID=20072) to work on /Users/oanottage/opt/anaconda3/envs/energyvenv/lib/python3.9/site-packages/airflow/example_dags/example_task_group.py
[2023-04-07T18:21:53.995+0200] {processor.py:743} INFO - Processing file /Users/oanottage/opt/anaconda3/envs/energyvenv/lib/python3.9/site-packages/airflow/example_dags/example_task_group.py for tasks to queue
[2023-04-07T18:21:53.996+0200] {logging_mixin.py:137} INFO - [2023-04-07T18:21:53.996+0200] {dagbag.py:532} INFO - Filling up the DagBag from /Users/oanottage/opt/anaconda3/envs/energyvenv/lib/python3.9/site-packages/airflow/example_dags/example_task_group.py
[2023-04-07T18:21:54.034+0200] {processor.py:753} INFO - DAG(s) dict_keys(['example_task_group']) retrieved from /Users/oanottage/opt/anaconda3/envs/energyvenv/lib/python3.9/site-packages/airflow/example_dags/example_task_group.py
[2023-04-07T18:21:54.660+0200] {logging_mixin.py:137} INFO - [2023-04-07T18:21:54.659+0200] {dag.py:2705} INFO - Sync 1 DAGs
[2023-04-07T18:21:54.671+0200] {logging_mixin.py:137} INFO - [2023-04-07T18:21:54.671+0200] {dag.py:3452} INFO - Setting next_dagrun for example_task_group to 2023-04-06T16:21:54.671448+00:00, run_after=2023-04-07T16:21:54.671448+00:00
[2023-04-07T18:21:54.686+0200] {processor.py:175} INFO - Processing /Users/oanottage/opt/anaconda3/envs/energyvenv/lib/python3.9/site-packages/airflow/example_dags/example_task_group.py took 0.694 seconds
[2023-04-07T18:23:15.640+0200] {processor.py:153} INFO - Started process (PID=20156) to work on /Users/oanottage/opt/anaconda3/envs/energyvenv/lib/python3.9/site-packages/airflow/example_dags/example_task_group.py
[2023-04-07T18:23:15.644+0200] {processor.py:743} INFO - Processing file /Users/oanottage/opt/anaconda3/envs/energyvenv/lib/python3.9/site-packages/airflow/example_dags/example_task_group.py for tasks to queue
[2023-04-07T18:23:15.645+0200] {logging_mixin.py:137} INFO - [2023-04-07T18:23:15.645+0200] {dagbag.py:532} INFO - Filling up the DagBag from /Users/oanottage/opt/anaconda3/envs/energyvenv/lib/python3.9/site-packages/airflow/example_dags/example_task_group.py
[2023-04-07T18:23:15.684+0200] {processor.py:753} INFO - DAG(s) dict_keys(['example_task_group']) retrieved from /Users/oanottage/opt/anaconda3/envs/energyvenv/lib/python3.9/site-packages/airflow/example_dags/example_task_group.py
[2023-04-07T18:23:16.314+0200] {logging_mixin.py:137} INFO - [2023-04-07T18:23:16.314+0200] {dag.py:2705} INFO - Sync 1 DAGs
[2023-04-07T18:23:16.326+0200] {logging_mixin.py:137} INFO - [2023-04-07T18:23:16.325+0200] {dag.py:3452} INFO - Setting next_dagrun for example_task_group to 2023-04-06T16:23:16.325828+00:00, run_after=2023-04-07T16:23:16.325828+00:00
[2023-04-07T18:23:16.339+0200] {processor.py:175} INFO - Processing /Users/oanottage/opt/anaconda3/envs/energyvenv/lib/python3.9/site-packages/airflow/example_dags/example_task_group.py took 0.699 seconds
[2023-04-07T18:24:37.864+0200] {processor.py:153} INFO - Started process (PID=20252) to work on /Users/oanottage/opt/anaconda3/envs/energyvenv/lib/python3.9/site-packages/airflow/example_dags/example_task_group.py
[2023-04-07T18:24:37.869+0200] {processor.py:743} INFO - Processing file /Users/oanottage/opt/anaconda3/envs/energyvenv/lib/python3.9/site-packages/airflow/example_dags/example_task_group.py for tasks to queue
[2023-04-07T18:24:37.870+0200] {logging_mixin.py:137} INFO - [2023-04-07T18:24:37.870+0200] {dagbag.py:532} INFO - Filling up the DagBag from /Users/oanottage/opt/anaconda3/envs/energyvenv/lib/python3.9/site-packages/airflow/example_dags/example_task_group.py
[2023-04-07T18:24:37.921+0200] {processor.py:753} INFO - DAG(s) dict_keys(['example_task_group']) retrieved from /Users/oanottage/opt/anaconda3/envs/energyvenv/lib/python3.9/site-packages/airflow/example_dags/example_task_group.py
[2023-04-07T18:24:38.679+0200] {logging_mixin.py:137} INFO - [2023-04-07T18:24:38.679+0200] {dag.py:2705} INFO - Sync 1 DAGs
[2023-04-07T18:24:38.711+0200] {logging_mixin.py:137} INFO - [2023-04-07T18:24:38.711+0200] {dag.py:3452} INFO - Setting next_dagrun for example_task_group to 2023-04-06T16:24:38.710846+00:00, run_after=2023-04-07T16:24:38.710846+00:00
[2023-04-07T18:24:38.742+0200] {processor.py:175} INFO - Processing /Users/oanottage/opt/anaconda3/envs/energyvenv/lib/python3.9/site-packages/airflow/example_dags/example_task_group.py took 0.878 seconds
[2023-04-07T18:26:01.419+0200] {processor.py:153} INFO - Started process (PID=20352) to work on /Users/oanottage/opt/anaconda3/envs/energyvenv/lib/python3.9/site-packages/airflow/example_dags/example_task_group.py
[2023-04-07T18:26:01.423+0200] {processor.py:743} INFO - Processing file /Users/oanottage/opt/anaconda3/envs/energyvenv/lib/python3.9/site-packages/airflow/example_dags/example_task_group.py for tasks to queue
[2023-04-07T18:26:01.423+0200] {logging_mixin.py:137} INFO - [2023-04-07T18:26:01.423+0200] {dagbag.py:532} INFO - Filling up the DagBag from /Users/oanottage/opt/anaconda3/envs/energyvenv/lib/python3.9/site-packages/airflow/example_dags/example_task_group.py
[2023-04-07T18:26:01.462+0200] {processor.py:753} INFO - DAG(s) dict_keys(['example_task_group']) retrieved from /Users/oanottage/opt/anaconda3/envs/energyvenv/lib/python3.9/site-packages/airflow/example_dags/example_task_group.py
[2023-04-07T18:26:02.170+0200] {logging_mixin.py:137} INFO - [2023-04-07T18:26:02.170+0200] {dag.py:2705} INFO - Sync 1 DAGs
[2023-04-07T18:26:02.186+0200] {logging_mixin.py:137} INFO - [2023-04-07T18:26:02.185+0200] {dag.py:3452} INFO - Setting next_dagrun for example_task_group to 2023-04-06T16:26:02.185730+00:00, run_after=2023-04-07T16:26:02.185730+00:00
[2023-04-07T18:26:02.201+0200] {processor.py:175} INFO - Processing /Users/oanottage/opt/anaconda3/envs/energyvenv/lib/python3.9/site-packages/airflow/example_dags/example_task_group.py took 0.782 seconds
[2023-04-07T18:27:17.866+0200] {processor.py:153} INFO - Started process (PID=20445) to work on /Users/oanottage/opt/anaconda3/envs/energyvenv/lib/python3.9/site-packages/airflow/example_dags/example_task_group.py
[2023-04-07T18:27:17.869+0200] {processor.py:743} INFO - Processing file /Users/oanottage/opt/anaconda3/envs/energyvenv/lib/python3.9/site-packages/airflow/example_dags/example_task_group.py for tasks to queue
[2023-04-07T18:27:17.869+0200] {logging_mixin.py:137} INFO - [2023-04-07T18:27:17.869+0200] {dagbag.py:532} INFO - Filling up the DagBag from /Users/oanottage/opt/anaconda3/envs/energyvenv/lib/python3.9/site-packages/airflow/example_dags/example_task_group.py
[2023-04-07T18:27:17.907+0200] {processor.py:753} INFO - DAG(s) dict_keys(['example_task_group']) retrieved from /Users/oanottage/opt/anaconda3/envs/energyvenv/lib/python3.9/site-packages/airflow/example_dags/example_task_group.py
[2023-04-07T18:27:18.534+0200] {logging_mixin.py:137} INFO - [2023-04-07T18:27:18.534+0200] {dag.py:2705} INFO - Sync 1 DAGs
[2023-04-07T18:27:18.545+0200] {logging_mixin.py:137} INFO - [2023-04-07T18:27:18.545+0200] {dag.py:3452} INFO - Setting next_dagrun for example_task_group to 2023-04-06T16:27:18.545513+00:00, run_after=2023-04-07T16:27:18.545513+00:00
[2023-04-07T18:27:18.558+0200] {processor.py:175} INFO - Processing /Users/oanottage/opt/anaconda3/envs/energyvenv/lib/python3.9/site-packages/airflow/example_dags/example_task_group.py took 0.693 seconds
[2023-04-07T18:29:06.711+0200] {processor.py:153} INFO - Started process (PID=20587) to work on /Users/oanottage/opt/anaconda3/envs/energyvenv/lib/python3.9/site-packages/airflow/example_dags/example_task_group.py
[2023-04-07T18:29:06.714+0200] {processor.py:743} INFO - Processing file /Users/oanottage/opt/anaconda3/envs/energyvenv/lib/python3.9/site-packages/airflow/example_dags/example_task_group.py for tasks to queue
[2023-04-07T18:29:06.715+0200] {logging_mixin.py:137} INFO - [2023-04-07T18:29:06.715+0200] {dagbag.py:532} INFO - Filling up the DagBag from /Users/oanottage/opt/anaconda3/envs/energyvenv/lib/python3.9/site-packages/airflow/example_dags/example_task_group.py
[2023-04-07T18:29:06.761+0200] {processor.py:753} INFO - DAG(s) dict_keys(['example_task_group']) retrieved from /Users/oanottage/opt/anaconda3/envs/energyvenv/lib/python3.9/site-packages/airflow/example_dags/example_task_group.py
[2023-04-07T18:29:07.471+0200] {logging_mixin.py:137} INFO - [2023-04-07T18:29:07.470+0200] {dag.py:2705} INFO - Sync 1 DAGs
[2023-04-07T18:29:07.483+0200] {logging_mixin.py:137} INFO - [2023-04-07T18:29:07.483+0200] {dag.py:3452} INFO - Setting next_dagrun for example_task_group to 2023-04-06T16:29:07.483642+00:00, run_after=2023-04-07T16:29:07.483642+00:00
[2023-04-07T18:29:07.496+0200] {processor.py:175} INFO - Processing /Users/oanottage/opt/anaconda3/envs/energyvenv/lib/python3.9/site-packages/airflow/example_dags/example_task_group.py took 0.786 seconds
[2023-04-07T18:30:27.975+0200] {processor.py:153} INFO - Started process (PID=20760) to work on /Users/oanottage/opt/anaconda3/envs/energyvenv/lib/python3.9/site-packages/airflow/example_dags/example_task_group.py
[2023-04-07T18:30:27.979+0200] {processor.py:743} INFO - Processing file /Users/oanottage/opt/anaconda3/envs/energyvenv/lib/python3.9/site-packages/airflow/example_dags/example_task_group.py for tasks to queue
[2023-04-07T18:30:27.979+0200] {logging_mixin.py:137} INFO - [2023-04-07T18:30:27.979+0200] {dagbag.py:532} INFO - Filling up the DagBag from /Users/oanottage/opt/anaconda3/envs/energyvenv/lib/python3.9/site-packages/airflow/example_dags/example_task_group.py
[2023-04-07T18:30:28.021+0200] {processor.py:753} INFO - DAG(s) dict_keys(['example_task_group']) retrieved from /Users/oanottage/opt/anaconda3/envs/energyvenv/lib/python3.9/site-packages/airflow/example_dags/example_task_group.py
[2023-04-07T18:30:28.677+0200] {logging_mixin.py:137} INFO - [2023-04-07T18:30:28.677+0200] {dag.py:2705} INFO - Sync 1 DAGs
[2023-04-07T18:30:28.696+0200] {logging_mixin.py:137} INFO - [2023-04-07T18:30:28.696+0200] {dag.py:3452} INFO - Setting next_dagrun for example_task_group to 2023-04-06T16:30:28.695902+00:00, run_after=2023-04-07T16:30:28.695902+00:00
[2023-04-07T18:30:28.712+0200] {processor.py:175} INFO - Processing /Users/oanottage/opt/anaconda3/envs/energyvenv/lib/python3.9/site-packages/airflow/example_dags/example_task_group.py took 0.737 seconds
[2023-04-07T18:42:26.714+0200] {processor.py:153} INFO - Started process (PID=21417) to work on /Users/oanottage/opt/anaconda3/envs/energyvenv/lib/python3.9/site-packages/airflow/example_dags/example_task_group.py
[2023-04-07T18:42:26.717+0200] {processor.py:743} INFO - Processing file /Users/oanottage/opt/anaconda3/envs/energyvenv/lib/python3.9/site-packages/airflow/example_dags/example_task_group.py for tasks to queue
[2023-04-07T18:42:26.718+0200] {logging_mixin.py:137} INFO - [2023-04-07T18:42:26.718+0200] {dagbag.py:532} INFO - Filling up the DagBag from /Users/oanottage/opt/anaconda3/envs/energyvenv/lib/python3.9/site-packages/airflow/example_dags/example_task_group.py
[2023-04-07T18:42:26.765+0200] {processor.py:753} INFO - DAG(s) dict_keys(['example_task_group']) retrieved from /Users/oanottage/opt/anaconda3/envs/energyvenv/lib/python3.9/site-packages/airflow/example_dags/example_task_group.py
[2023-04-07T18:42:27.436+0200] {logging_mixin.py:137} INFO - [2023-04-07T18:42:27.436+0200] {dag.py:2705} INFO - Sync 1 DAGs
[2023-04-07T18:42:27.448+0200] {logging_mixin.py:137} INFO - [2023-04-07T18:42:27.448+0200] {dag.py:3452} INFO - Setting next_dagrun for example_task_group to 2023-04-06T16:42:27.448214+00:00, run_after=2023-04-07T16:42:27.448214+00:00
[2023-04-07T18:42:27.461+0200] {processor.py:175} INFO - Processing /Users/oanottage/opt/anaconda3/envs/energyvenv/lib/python3.9/site-packages/airflow/example_dags/example_task_group.py took 0.748 seconds
[2023-04-07T18:45:21.292+0200] {processor.py:153} INFO - Started process (PID=21635) to work on /Users/oanottage/opt/anaconda3/envs/energyvenv/lib/python3.9/site-packages/airflow/example_dags/example_task_group.py
[2023-04-07T18:45:21.296+0200] {processor.py:743} INFO - Processing file /Users/oanottage/opt/anaconda3/envs/energyvenv/lib/python3.9/site-packages/airflow/example_dags/example_task_group.py for tasks to queue
[2023-04-07T18:45:21.296+0200] {logging_mixin.py:137} INFO - [2023-04-07T18:45:21.296+0200] {dagbag.py:532} INFO - Filling up the DagBag from /Users/oanottage/opt/anaconda3/envs/energyvenv/lib/python3.9/site-packages/airflow/example_dags/example_task_group.py
[2023-04-07T18:45:21.336+0200] {processor.py:753} INFO - DAG(s) dict_keys(['example_task_group']) retrieved from /Users/oanottage/opt/anaconda3/envs/energyvenv/lib/python3.9/site-packages/airflow/example_dags/example_task_group.py
[2023-04-07T18:45:21.958+0200] {logging_mixin.py:137} INFO - [2023-04-07T18:45:21.957+0200] {dag.py:2705} INFO - Sync 1 DAGs
[2023-04-07T18:45:21.969+0200] {logging_mixin.py:137} INFO - [2023-04-07T18:45:21.969+0200] {dag.py:3452} INFO - Setting next_dagrun for example_task_group to 2023-04-06T16:45:21.969261+00:00, run_after=2023-04-07T16:45:21.969261+00:00
[2023-04-07T18:45:21.981+0200] {processor.py:175} INFO - Processing /Users/oanottage/opt/anaconda3/envs/energyvenv/lib/python3.9/site-packages/airflow/example_dags/example_task_group.py took 0.690 seconds
