[2023-04-07T17:55:11.869+0200] {processor.py:153} INFO - Started process (PID=17907) to work on /Users/oanottage/opt/anaconda3/envs/energyvenv/lib/python3.9/site-packages/airflow/example_dags/example_latest_only.py
[2023-04-07T17:55:11.872+0200] {processor.py:743} INFO - Processing file /Users/oanottage/opt/anaconda3/envs/energyvenv/lib/python3.9/site-packages/airflow/example_dags/example_latest_only.py for tasks to queue
[2023-04-07T17:55:11.873+0200] {logging_mixin.py:137} INFO - [2023-04-07T17:55:11.873+0200] {dagbag.py:532} INFO - Filling up the DagBag from /Users/oanottage/opt/anaconda3/envs/energyvenv/lib/python3.9/site-packages/airflow/example_dags/example_latest_only.py
[2023-04-07T17:55:11.909+0200] {processor.py:753} INFO - DAG(s) dict_keys(['latest_only']) retrieved from /Users/oanottage/opt/anaconda3/envs/energyvenv/lib/python3.9/site-packages/airflow/example_dags/example_latest_only.py
[2023-04-07T17:55:12.600+0200] {logging_mixin.py:137} INFO - [2023-04-07T17:55:12.600+0200] {dag.py:2705} INFO - Sync 1 DAGs
[2023-04-07T17:55:12.610+0200] {logging_mixin.py:137} INFO - [2023-04-07T17:55:12.610+0200] {dag.py:3452} INFO - Setting next_dagrun for latest_only to 2023-04-07T11:55:12.610755+00:00, run_after=2023-04-07T15:55:12.610755+00:00
[2023-04-07T17:55:12.624+0200] {processor.py:175} INFO - Processing /Users/oanottage/opt/anaconda3/envs/energyvenv/lib/python3.9/site-packages/airflow/example_dags/example_latest_only.py took 0.756 seconds
[2023-04-07T17:57:21.873+0200] {processor.py:153} INFO - Started process (PID=18072) to work on /Users/oanottage/opt/anaconda3/envs/energyvenv/lib/python3.9/site-packages/airflow/example_dags/example_latest_only.py
[2023-04-07T17:57:21.876+0200] {processor.py:743} INFO - Processing file /Users/oanottage/opt/anaconda3/envs/energyvenv/lib/python3.9/site-packages/airflow/example_dags/example_latest_only.py for tasks to queue
[2023-04-07T17:57:21.877+0200] {logging_mixin.py:137} INFO - [2023-04-07T17:57:21.876+0200] {dagbag.py:532} INFO - Filling up the DagBag from /Users/oanottage/opt/anaconda3/envs/energyvenv/lib/python3.9/site-packages/airflow/example_dags/example_latest_only.py
[2023-04-07T17:57:21.920+0200] {processor.py:753} INFO - DAG(s) dict_keys(['latest_only']) retrieved from /Users/oanottage/opt/anaconda3/envs/energyvenv/lib/python3.9/site-packages/airflow/example_dags/example_latest_only.py
[2023-04-07T17:57:22.613+0200] {logging_mixin.py:137} INFO - [2023-04-07T17:57:22.612+0200] {dag.py:2705} INFO - Sync 1 DAGs
[2023-04-07T17:57:22.625+0200] {logging_mixin.py:137} INFO - [2023-04-07T17:57:22.625+0200] {dag.py:3452} INFO - Setting next_dagrun for latest_only to 2023-04-07T11:57:22.625018+00:00, run_after=2023-04-07T15:57:22.625018+00:00
[2023-04-07T17:57:22.638+0200] {processor.py:175} INFO - Processing /Users/oanottage/opt/anaconda3/envs/energyvenv/lib/python3.9/site-packages/airflow/example_dags/example_latest_only.py took 0.765 seconds
[2023-04-07T18:00:01.330+0200] {processor.py:153} INFO - Started process (PID=18257) to work on /Users/oanottage/opt/anaconda3/envs/energyvenv/lib/python3.9/site-packages/airflow/example_dags/example_latest_only.py
[2023-04-07T18:00:01.333+0200] {processor.py:743} INFO - Processing file /Users/oanottage/opt/anaconda3/envs/energyvenv/lib/python3.9/site-packages/airflow/example_dags/example_latest_only.py for tasks to queue
[2023-04-07T18:00:01.333+0200] {logging_mixin.py:137} INFO - [2023-04-07T18:00:01.333+0200] {dagbag.py:532} INFO - Filling up the DagBag from /Users/oanottage/opt/anaconda3/envs/energyvenv/lib/python3.9/site-packages/airflow/example_dags/example_latest_only.py
[2023-04-07T18:00:01.369+0200] {processor.py:753} INFO - DAG(s) dict_keys(['latest_only']) retrieved from /Users/oanottage/opt/anaconda3/envs/energyvenv/lib/python3.9/site-packages/airflow/example_dags/example_latest_only.py
[2023-04-07T18:00:01.977+0200] {logging_mixin.py:137} INFO - [2023-04-07T18:00:01.977+0200] {dag.py:2705} INFO - Sync 1 DAGs
[2023-04-07T18:00:01.989+0200] {logging_mixin.py:137} INFO - [2023-04-07T18:00:01.988+0200] {dag.py:3452} INFO - Setting next_dagrun for latest_only to 2023-04-07T12:00:01.988901+00:00, run_after=2023-04-07T16:00:01.988901+00:00
[2023-04-07T18:00:02.001+0200] {processor.py:175} INFO - Processing /Users/oanottage/opt/anaconda3/envs/energyvenv/lib/python3.9/site-packages/airflow/example_dags/example_latest_only.py took 0.672 seconds
[2023-04-07T18:02:43.174+0200] {processor.py:153} INFO - Started process (PID=18448) to work on /Users/oanottage/opt/anaconda3/envs/energyvenv/lib/python3.9/site-packages/airflow/example_dags/example_latest_only.py
[2023-04-07T18:02:43.177+0200] {processor.py:743} INFO - Processing file /Users/oanottage/opt/anaconda3/envs/energyvenv/lib/python3.9/site-packages/airflow/example_dags/example_latest_only.py for tasks to queue
[2023-04-07T18:02:43.178+0200] {logging_mixin.py:137} INFO - [2023-04-07T18:02:43.178+0200] {dagbag.py:532} INFO - Filling up the DagBag from /Users/oanottage/opt/anaconda3/envs/energyvenv/lib/python3.9/site-packages/airflow/example_dags/example_latest_only.py
[2023-04-07T18:02:43.217+0200] {processor.py:753} INFO - DAG(s) dict_keys(['latest_only']) retrieved from /Users/oanottage/opt/anaconda3/envs/energyvenv/lib/python3.9/site-packages/airflow/example_dags/example_latest_only.py
[2023-04-07T18:02:43.900+0200] {logging_mixin.py:137} INFO - [2023-04-07T18:02:43.900+0200] {dag.py:2705} INFO - Sync 1 DAGs
[2023-04-07T18:02:43.912+0200] {logging_mixin.py:137} INFO - [2023-04-07T18:02:43.912+0200] {dag.py:3452} INFO - Setting next_dagrun for latest_only to 2023-04-07T12:02:43.912180+00:00, run_after=2023-04-07T16:02:43.912180+00:00
[2023-04-07T18:02:43.925+0200] {processor.py:175} INFO - Processing /Users/oanottage/opt/anaconda3/envs/energyvenv/lib/python3.9/site-packages/airflow/example_dags/example_latest_only.py took 0.751 seconds
[2023-04-07T18:05:24.242+0200] {processor.py:153} INFO - Started process (PID=18662) to work on /Users/oanottage/opt/anaconda3/envs/energyvenv/lib/python3.9/site-packages/airflow/example_dags/example_latest_only.py
[2023-04-07T18:05:24.245+0200] {processor.py:743} INFO - Processing file /Users/oanottage/opt/anaconda3/envs/energyvenv/lib/python3.9/site-packages/airflow/example_dags/example_latest_only.py for tasks to queue
[2023-04-07T18:05:24.245+0200] {logging_mixin.py:137} INFO - [2023-04-07T18:05:24.245+0200] {dagbag.py:532} INFO - Filling up the DagBag from /Users/oanottage/opt/anaconda3/envs/energyvenv/lib/python3.9/site-packages/airflow/example_dags/example_latest_only.py
[2023-04-07T18:05:24.287+0200] {processor.py:753} INFO - DAG(s) dict_keys(['latest_only']) retrieved from /Users/oanottage/opt/anaconda3/envs/energyvenv/lib/python3.9/site-packages/airflow/example_dags/example_latest_only.py
[2023-04-07T18:05:24.920+0200] {logging_mixin.py:137} INFO - [2023-04-07T18:05:24.920+0200] {dag.py:2705} INFO - Sync 1 DAGs
[2023-04-07T18:05:24.931+0200] {logging_mixin.py:137} INFO - [2023-04-07T18:05:24.931+0200] {dag.py:3452} INFO - Setting next_dagrun for latest_only to 2023-04-07T12:05:24.931420+00:00, run_after=2023-04-07T16:05:24.931420+00:00
[2023-04-07T18:05:24.946+0200] {processor.py:175} INFO - Processing /Users/oanottage/opt/anaconda3/envs/energyvenv/lib/python3.9/site-packages/airflow/example_dags/example_latest_only.py took 0.705 seconds
[2023-04-07T18:08:52.820+0200] {processor.py:153} INFO - Started process (PID=18948) to work on /Users/oanottage/opt/anaconda3/envs/energyvenv/lib/python3.9/site-packages/airflow/example_dags/example_latest_only.py
[2023-04-07T18:08:52.824+0200] {processor.py:743} INFO - Processing file /Users/oanottage/opt/anaconda3/envs/energyvenv/lib/python3.9/site-packages/airflow/example_dags/example_latest_only.py for tasks to queue
[2023-04-07T18:08:52.824+0200] {logging_mixin.py:137} INFO - [2023-04-07T18:08:52.824+0200] {dagbag.py:532} INFO - Filling up the DagBag from /Users/oanottage/opt/anaconda3/envs/energyvenv/lib/python3.9/site-packages/airflow/example_dags/example_latest_only.py
[2023-04-07T18:08:52.880+0200] {processor.py:753} INFO - DAG(s) dict_keys(['latest_only']) retrieved from /Users/oanottage/opt/anaconda3/envs/energyvenv/lib/python3.9/site-packages/airflow/example_dags/example_latest_only.py
[2023-04-07T18:08:53.641+0200] {logging_mixin.py:137} INFO - [2023-04-07T18:08:53.640+0200] {dag.py:2705} INFO - Sync 1 DAGs
[2023-04-07T18:08:53.654+0200] {logging_mixin.py:137} INFO - [2023-04-07T18:08:53.654+0200] {dag.py:3452} INFO - Setting next_dagrun for latest_only to 2023-04-07T12:08:53.654000+00:00, run_after=2023-04-07T16:08:53.654000+00:00
[2023-04-07T18:08:53.666+0200] {processor.py:175} INFO - Processing /Users/oanottage/opt/anaconda3/envs/energyvenv/lib/python3.9/site-packages/airflow/example_dags/example_latest_only.py took 0.847 seconds
[2023-04-07T18:10:41.862+0200] {processor.py:153} INFO - Started process (PID=19147) to work on /Users/oanottage/opt/anaconda3/envs/energyvenv/lib/python3.9/site-packages/airflow/example_dags/example_latest_only.py
[2023-04-07T18:10:41.866+0200] {processor.py:743} INFO - Processing file /Users/oanottage/opt/anaconda3/envs/energyvenv/lib/python3.9/site-packages/airflow/example_dags/example_latest_only.py for tasks to queue
[2023-04-07T18:10:41.866+0200] {logging_mixin.py:137} INFO - [2023-04-07T18:10:41.866+0200] {dagbag.py:532} INFO - Filling up the DagBag from /Users/oanottage/opt/anaconda3/envs/energyvenv/lib/python3.9/site-packages/airflow/example_dags/example_latest_only.py
[2023-04-07T18:10:41.916+0200] {processor.py:753} INFO - DAG(s) dict_keys(['latest_only']) retrieved from /Users/oanottage/opt/anaconda3/envs/energyvenv/lib/python3.9/site-packages/airflow/example_dags/example_latest_only.py
[2023-04-07T18:10:42.627+0200] {logging_mixin.py:137} INFO - [2023-04-07T18:10:42.626+0200] {dag.py:2705} INFO - Sync 1 DAGs
[2023-04-07T18:10:42.638+0200] {logging_mixin.py:137} INFO - [2023-04-07T18:10:42.638+0200] {dag.py:3452} INFO - Setting next_dagrun for latest_only to 2023-04-07T12:10:42.638524+00:00, run_after=2023-04-07T16:10:42.638524+00:00
[2023-04-07T18:10:42.651+0200] {processor.py:175} INFO - Processing /Users/oanottage/opt/anaconda3/envs/energyvenv/lib/python3.9/site-packages/airflow/example_dags/example_latest_only.py took 0.789 seconds
[2023-04-07T18:14:05.303+0200] {processor.py:153} INFO - Started process (PID=19429) to work on /Users/oanottage/opt/anaconda3/envs/energyvenv/lib/python3.9/site-packages/airflow/example_dags/example_latest_only.py
[2023-04-07T18:14:05.307+0200] {processor.py:743} INFO - Processing file /Users/oanottage/opt/anaconda3/envs/energyvenv/lib/python3.9/site-packages/airflow/example_dags/example_latest_only.py for tasks to queue
[2023-04-07T18:14:05.307+0200] {logging_mixin.py:137} INFO - [2023-04-07T18:14:05.307+0200] {dagbag.py:532} INFO - Filling up the DagBag from /Users/oanottage/opt/anaconda3/envs/energyvenv/lib/python3.9/site-packages/airflow/example_dags/example_latest_only.py
[2023-04-07T18:14:05.350+0200] {processor.py:753} INFO - DAG(s) dict_keys(['latest_only']) retrieved from /Users/oanottage/opt/anaconda3/envs/energyvenv/lib/python3.9/site-packages/airflow/example_dags/example_latest_only.py
[2023-04-07T18:14:06.120+0200] {logging_mixin.py:137} INFO - [2023-04-07T18:14:06.120+0200] {dag.py:2705} INFO - Sync 1 DAGs
[2023-04-07T18:14:06.132+0200] {logging_mixin.py:137} INFO - [2023-04-07T18:14:06.132+0200] {dag.py:3452} INFO - Setting next_dagrun for latest_only to 2023-04-07T12:14:06.131834+00:00, run_after=2023-04-07T16:14:06.131834+00:00
[2023-04-07T18:14:06.144+0200] {processor.py:175} INFO - Processing /Users/oanottage/opt/anaconda3/envs/energyvenv/lib/python3.9/site-packages/airflow/example_dags/example_latest_only.py took 0.841 seconds
[2023-04-07T18:16:33.155+0200] {processor.py:153} INFO - Started process (PID=19630) to work on /Users/oanottage/opt/anaconda3/envs/energyvenv/lib/python3.9/site-packages/airflow/example_dags/example_latest_only.py
[2023-04-07T18:16:33.158+0200] {processor.py:743} INFO - Processing file /Users/oanottage/opt/anaconda3/envs/energyvenv/lib/python3.9/site-packages/airflow/example_dags/example_latest_only.py for tasks to queue
[2023-04-07T18:16:33.158+0200] {logging_mixin.py:137} INFO - [2023-04-07T18:16:33.158+0200] {dagbag.py:532} INFO - Filling up the DagBag from /Users/oanottage/opt/anaconda3/envs/energyvenv/lib/python3.9/site-packages/airflow/example_dags/example_latest_only.py
[2023-04-07T18:16:33.195+0200] {processor.py:753} INFO - DAG(s) dict_keys(['latest_only']) retrieved from /Users/oanottage/opt/anaconda3/envs/energyvenv/lib/python3.9/site-packages/airflow/example_dags/example_latest_only.py
[2023-04-07T18:16:33.862+0200] {logging_mixin.py:137} INFO - [2023-04-07T18:16:33.862+0200] {dag.py:2705} INFO - Sync 1 DAGs
[2023-04-07T18:16:33.874+0200] {logging_mixin.py:137} INFO - [2023-04-07T18:16:33.874+0200] {dag.py:3452} INFO - Setting next_dagrun for latest_only to 2023-04-07T12:16:33.874295+00:00, run_after=2023-04-07T16:16:33.874295+00:00
[2023-04-07T18:16:33.887+0200] {processor.py:175} INFO - Processing /Users/oanottage/opt/anaconda3/envs/energyvenv/lib/python3.9/site-packages/airflow/example_dags/example_latest_only.py took 0.733 seconds
[2023-04-07T18:18:25.653+0200] {processor.py:153} INFO - Started process (PID=19756) to work on /Users/oanottage/opt/anaconda3/envs/energyvenv/lib/python3.9/site-packages/airflow/example_dags/example_latest_only.py
[2023-04-07T18:18:25.657+0200] {processor.py:743} INFO - Processing file /Users/oanottage/opt/anaconda3/envs/energyvenv/lib/python3.9/site-packages/airflow/example_dags/example_latest_only.py for tasks to queue
[2023-04-07T18:18:25.658+0200] {logging_mixin.py:137} INFO - [2023-04-07T18:18:25.657+0200] {dagbag.py:532} INFO - Filling up the DagBag from /Users/oanottage/opt/anaconda3/envs/energyvenv/lib/python3.9/site-packages/airflow/example_dags/example_latest_only.py
[2023-04-07T18:18:25.712+0200] {processor.py:753} INFO - DAG(s) dict_keys(['latest_only']) retrieved from /Users/oanottage/opt/anaconda3/envs/energyvenv/lib/python3.9/site-packages/airflow/example_dags/example_latest_only.py
[2023-04-07T18:18:26.406+0200] {logging_mixin.py:137} INFO - [2023-04-07T18:18:26.406+0200] {dag.py:2705} INFO - Sync 1 DAGs
[2023-04-07T18:18:26.419+0200] {logging_mixin.py:137} INFO - [2023-04-07T18:18:26.419+0200] {dag.py:3452} INFO - Setting next_dagrun for latest_only to 2023-04-07T12:18:26.419584+00:00, run_after=2023-04-07T16:18:26.419584+00:00
[2023-04-07T18:18:26.432+0200] {processor.py:175} INFO - Processing /Users/oanottage/opt/anaconda3/envs/energyvenv/lib/python3.9/site-packages/airflow/example_dags/example_latest_only.py took 0.780 seconds
[2023-04-07T18:21:11.059+0200] {processor.py:153} INFO - Started process (PID=20019) to work on /Users/oanottage/opt/anaconda3/envs/energyvenv/lib/python3.9/site-packages/airflow/example_dags/example_latest_only.py
[2023-04-07T18:21:11.065+0200] {processor.py:743} INFO - Processing file /Users/oanottage/opt/anaconda3/envs/energyvenv/lib/python3.9/site-packages/airflow/example_dags/example_latest_only.py for tasks to queue
[2023-04-07T18:21:11.066+0200] {logging_mixin.py:137} INFO - [2023-04-07T18:21:11.065+0200] {dagbag.py:532} INFO - Filling up the DagBag from /Users/oanottage/opt/anaconda3/envs/energyvenv/lib/python3.9/site-packages/airflow/example_dags/example_latest_only.py
[2023-04-07T18:21:11.124+0200] {processor.py:753} INFO - DAG(s) dict_keys(['latest_only']) retrieved from /Users/oanottage/opt/anaconda3/envs/energyvenv/lib/python3.9/site-packages/airflow/example_dags/example_latest_only.py
[2023-04-07T18:21:11.863+0200] {logging_mixin.py:137} INFO - [2023-04-07T18:21:11.863+0200] {dag.py:2705} INFO - Sync 1 DAGs
[2023-04-07T18:21:11.877+0200] {logging_mixin.py:137} INFO - [2023-04-07T18:21:11.877+0200] {dag.py:3452} INFO - Setting next_dagrun for latest_only to 2023-04-07T12:21:11.877184+00:00, run_after=2023-04-07T16:21:11.877184+00:00
[2023-04-07T18:21:11.891+0200] {processor.py:175} INFO - Processing /Users/oanottage/opt/anaconda3/envs/energyvenv/lib/python3.9/site-packages/airflow/example_dags/example_latest_only.py took 0.832 seconds
[2023-04-07T18:23:51.104+0200] {processor.py:153} INFO - Started process (PID=20195) to work on /Users/oanottage/opt/anaconda3/envs/energyvenv/lib/python3.9/site-packages/airflow/example_dags/example_latest_only.py
[2023-04-07T18:23:51.107+0200] {processor.py:743} INFO - Processing file /Users/oanottage/opt/anaconda3/envs/energyvenv/lib/python3.9/site-packages/airflow/example_dags/example_latest_only.py for tasks to queue
[2023-04-07T18:23:51.107+0200] {logging_mixin.py:137} INFO - [2023-04-07T18:23:51.107+0200] {dagbag.py:532} INFO - Filling up the DagBag from /Users/oanottage/opt/anaconda3/envs/energyvenv/lib/python3.9/site-packages/airflow/example_dags/example_latest_only.py
[2023-04-07T18:23:51.147+0200] {processor.py:753} INFO - DAG(s) dict_keys(['latest_only']) retrieved from /Users/oanottage/opt/anaconda3/envs/energyvenv/lib/python3.9/site-packages/airflow/example_dags/example_latest_only.py
[2023-04-07T18:23:51.909+0200] {logging_mixin.py:137} INFO - [2023-04-07T18:23:51.909+0200] {dag.py:2705} INFO - Sync 1 DAGs
[2023-04-07T18:23:51.927+0200] {logging_mixin.py:137} INFO - [2023-04-07T18:23:51.927+0200] {dag.py:3452} INFO - Setting next_dagrun for latest_only to 2023-04-07T12:23:51.927625+00:00, run_after=2023-04-07T16:23:51.927625+00:00
[2023-04-07T18:23:51.944+0200] {processor.py:175} INFO - Processing /Users/oanottage/opt/anaconda3/envs/energyvenv/lib/python3.9/site-packages/airflow/example_dags/example_latest_only.py took 0.841 seconds
[2023-04-07T18:26:36.902+0200] {processor.py:153} INFO - Started process (PID=20400) to work on /Users/oanottage/opt/anaconda3/envs/energyvenv/lib/python3.9/site-packages/airflow/example_dags/example_latest_only.py
[2023-04-07T18:26:36.906+0200] {processor.py:743} INFO - Processing file /Users/oanottage/opt/anaconda3/envs/energyvenv/lib/python3.9/site-packages/airflow/example_dags/example_latest_only.py for tasks to queue
[2023-04-07T18:26:36.906+0200] {logging_mixin.py:137} INFO - [2023-04-07T18:26:36.906+0200] {dagbag.py:532} INFO - Filling up the DagBag from /Users/oanottage/opt/anaconda3/envs/energyvenv/lib/python3.9/site-packages/airflow/example_dags/example_latest_only.py
[2023-04-07T18:26:36.946+0200] {processor.py:753} INFO - DAG(s) dict_keys(['latest_only']) retrieved from /Users/oanottage/opt/anaconda3/envs/energyvenv/lib/python3.9/site-packages/airflow/example_dags/example_latest_only.py
[2023-04-07T18:26:37.563+0200] {logging_mixin.py:137} INFO - [2023-04-07T18:26:37.563+0200] {dag.py:2705} INFO - Sync 1 DAGs
[2023-04-07T18:26:37.576+0200] {logging_mixin.py:137} INFO - [2023-04-07T18:26:37.575+0200] {dag.py:3452} INFO - Setting next_dagrun for latest_only to 2023-04-07T12:26:37.575834+00:00, run_after=2023-04-07T16:26:37.575834+00:00
[2023-04-07T18:26:37.589+0200] {processor.py:175} INFO - Processing /Users/oanottage/opt/anaconda3/envs/energyvenv/lib/python3.9/site-packages/airflow/example_dags/example_latest_only.py took 0.687 seconds
[2023-04-07T18:31:02.882+0200] {processor.py:153} INFO - Started process (PID=20824) to work on /Users/oanottage/opt/anaconda3/envs/energyvenv/lib/python3.9/site-packages/airflow/example_dags/example_latest_only.py
[2023-04-07T18:31:02.886+0200] {processor.py:743} INFO - Processing file /Users/oanottage/opt/anaconda3/envs/energyvenv/lib/python3.9/site-packages/airflow/example_dags/example_latest_only.py for tasks to queue
[2023-04-07T18:31:02.887+0200] {logging_mixin.py:137} INFO - [2023-04-07T18:31:02.886+0200] {dagbag.py:532} INFO - Filling up the DagBag from /Users/oanottage/opt/anaconda3/envs/energyvenv/lib/python3.9/site-packages/airflow/example_dags/example_latest_only.py
[2023-04-07T18:31:02.938+0200] {processor.py:753} INFO - DAG(s) dict_keys(['latest_only']) retrieved from /Users/oanottage/opt/anaconda3/envs/energyvenv/lib/python3.9/site-packages/airflow/example_dags/example_latest_only.py
[2023-04-07T18:31:03.594+0200] {logging_mixin.py:137} INFO - [2023-04-07T18:31:03.594+0200] {dag.py:2705} INFO - Sync 1 DAGs
[2023-04-07T18:31:03.610+0200] {logging_mixin.py:137} INFO - [2023-04-07T18:31:03.610+0200] {dag.py:3452} INFO - Setting next_dagrun for latest_only to 2023-04-07T12:31:03.610436+00:00, run_after=2023-04-07T16:31:03.610436+00:00
[2023-04-07T18:31:03.625+0200] {processor.py:175} INFO - Processing /Users/oanottage/opt/anaconda3/envs/energyvenv/lib/python3.9/site-packages/airflow/example_dags/example_latest_only.py took 0.744 seconds
[2023-04-07T18:43:05.586+0200] {processor.py:153} INFO - Started process (PID=21461) to work on /Users/oanottage/opt/anaconda3/envs/energyvenv/lib/python3.9/site-packages/airflow/example_dags/example_latest_only.py
[2023-04-07T18:43:05.591+0200] {processor.py:743} INFO - Processing file /Users/oanottage/opt/anaconda3/envs/energyvenv/lib/python3.9/site-packages/airflow/example_dags/example_latest_only.py for tasks to queue
[2023-04-07T18:43:05.592+0200] {logging_mixin.py:137} INFO - [2023-04-07T18:43:05.592+0200] {dagbag.py:532} INFO - Filling up the DagBag from /Users/oanottage/opt/anaconda3/envs/energyvenv/lib/python3.9/site-packages/airflow/example_dags/example_latest_only.py
[2023-04-07T18:43:05.642+0200] {processor.py:753} INFO - DAG(s) dict_keys(['latest_only']) retrieved from /Users/oanottage/opt/anaconda3/envs/energyvenv/lib/python3.9/site-packages/airflow/example_dags/example_latest_only.py
[2023-04-07T18:43:06.414+0200] {logging_mixin.py:137} INFO - [2023-04-07T18:43:06.414+0200] {dag.py:2705} INFO - Sync 1 DAGs
[2023-04-07T18:43:06.427+0200] {logging_mixin.py:137} INFO - [2023-04-07T18:43:06.427+0200] {dag.py:3452} INFO - Setting next_dagrun for latest_only to 2023-04-07T12:43:06.427328+00:00, run_after=2023-04-07T16:43:06.427328+00:00
[2023-04-07T18:43:06.441+0200] {processor.py:175} INFO - Processing /Users/oanottage/opt/anaconda3/envs/energyvenv/lib/python3.9/site-packages/airflow/example_dags/example_latest_only.py took 0.855 seconds
[2023-04-07T18:45:58.871+0200] {processor.py:153} INFO - Started process (PID=21677) to work on /Users/oanottage/opt/anaconda3/envs/energyvenv/lib/python3.9/site-packages/airflow/example_dags/example_latest_only.py
[2023-04-07T18:45:58.875+0200] {processor.py:743} INFO - Processing file /Users/oanottage/opt/anaconda3/envs/energyvenv/lib/python3.9/site-packages/airflow/example_dags/example_latest_only.py for tasks to queue
[2023-04-07T18:45:58.876+0200] {logging_mixin.py:137} INFO - [2023-04-07T18:45:58.875+0200] {dagbag.py:532} INFO - Filling up the DagBag from /Users/oanottage/opt/anaconda3/envs/energyvenv/lib/python3.9/site-packages/airflow/example_dags/example_latest_only.py
[2023-04-07T18:45:58.919+0200] {processor.py:753} INFO - DAG(s) dict_keys(['latest_only']) retrieved from /Users/oanottage/opt/anaconda3/envs/energyvenv/lib/python3.9/site-packages/airflow/example_dags/example_latest_only.py
[2023-04-07T18:45:59.612+0200] {logging_mixin.py:137} INFO - [2023-04-07T18:45:59.612+0200] {dag.py:2705} INFO - Sync 1 DAGs
[2023-04-07T18:45:59.624+0200] {logging_mixin.py:137} INFO - [2023-04-07T18:45:59.624+0200] {dag.py:3452} INFO - Setting next_dagrun for latest_only to 2023-04-07T12:45:59.624472+00:00, run_after=2023-04-07T16:45:59.624472+00:00
[2023-04-07T18:45:59.636+0200] {processor.py:175} INFO - Processing /Users/oanottage/opt/anaconda3/envs/energyvenv/lib/python3.9/site-packages/airflow/example_dags/example_latest_only.py took 0.766 seconds
