[2023-04-07T17:55:25.143+0200] {processor.py:153} INFO - Started process (PID=17926) to work on /Users/oanottage/opt/anaconda3/envs/energyvenv/lib/python3.9/site-packages/airflow/example_dags/example_dag_decorator.py
[2023-04-07T17:55:25.146+0200] {processor.py:743} INFO - Processing file /Users/oanottage/opt/anaconda3/envs/energyvenv/lib/python3.9/site-packages/airflow/example_dags/example_dag_decorator.py for tasks to queue
[2023-04-07T17:55:25.146+0200] {logging_mixin.py:137} INFO - [2023-04-07T17:55:25.146+0200] {dagbag.py:532} INFO - Filling up the DagBag from /Users/oanottage/opt/anaconda3/envs/energyvenv/lib/python3.9/site-packages/airflow/example_dags/example_dag_decorator.py
[2023-04-07T17:55:25.262+0200] {logging_mixin.py:137} INFO - [2023-04-07T17:55:25.261+0200] {taskmixin.py:211} WARNING - Dependency <Task(_PythonDecoratedOperator): prepare_email>, send_email already registered for DAG: example_dag_decorator
[2023-04-07T17:55:25.262+0200] {logging_mixin.py:137} INFO - [2023-04-07T17:55:25.262+0200] {taskmixin.py:211} WARNING - Dependency <Task(EmailOperator): send_email>, prepare_email already registered for DAG: example_dag_decorator
[2023-04-07T17:55:25.318+0200] {processor.py:753} INFO - DAG(s) dict_keys(['example_dag_decorator']) retrieved from /Users/oanottage/opt/anaconda3/envs/energyvenv/lib/python3.9/site-packages/airflow/example_dags/example_dag_decorator.py
[2023-04-07T17:55:25.860+0200] {logging_mixin.py:137} INFO - [2023-04-07T17:55:25.859+0200] {dag.py:2705} INFO - Sync 1 DAGs
[2023-04-07T17:55:25.871+0200] {logging_mixin.py:137} INFO - [2023-04-07T17:55:25.871+0200] {dag.py:3452} INFO - Setting next_dagrun for example_dag_decorator to None, run_after=None
[2023-04-07T17:55:25.886+0200] {processor.py:175} INFO - Processing /Users/oanottage/opt/anaconda3/envs/energyvenv/lib/python3.9/site-packages/airflow/example_dags/example_dag_decorator.py took 0.743 seconds
[2023-04-07T17:57:35.302+0200] {processor.py:153} INFO - Started process (PID=18089) to work on /Users/oanottage/opt/anaconda3/envs/energyvenv/lib/python3.9/site-packages/airflow/example_dags/example_dag_decorator.py
[2023-04-07T17:57:35.306+0200] {processor.py:743} INFO - Processing file /Users/oanottage/opt/anaconda3/envs/energyvenv/lib/python3.9/site-packages/airflow/example_dags/example_dag_decorator.py for tasks to queue
[2023-04-07T17:57:35.306+0200] {logging_mixin.py:137} INFO - [2023-04-07T17:57:35.306+0200] {dagbag.py:532} INFO - Filling up the DagBag from /Users/oanottage/opt/anaconda3/envs/energyvenv/lib/python3.9/site-packages/airflow/example_dags/example_dag_decorator.py
[2023-04-07T17:57:35.429+0200] {logging_mixin.py:137} INFO - [2023-04-07T17:57:35.429+0200] {taskmixin.py:211} WARNING - Dependency <Task(_PythonDecoratedOperator): prepare_email>, send_email already registered for DAG: example_dag_decorator
[2023-04-07T17:57:35.430+0200] {logging_mixin.py:137} INFO - [2023-04-07T17:57:35.430+0200] {taskmixin.py:211} WARNING - Dependency <Task(EmailOperator): send_email>, prepare_email already registered for DAG: example_dag_decorator
[2023-04-07T17:57:35.478+0200] {processor.py:753} INFO - DAG(s) dict_keys(['example_dag_decorator']) retrieved from /Users/oanottage/opt/anaconda3/envs/energyvenv/lib/python3.9/site-packages/airflow/example_dags/example_dag_decorator.py
[2023-04-07T17:57:36.077+0200] {logging_mixin.py:137} INFO - [2023-04-07T17:57:36.077+0200] {dag.py:2705} INFO - Sync 1 DAGs
[2023-04-07T17:57:36.091+0200] {logging_mixin.py:137} INFO - [2023-04-07T17:57:36.091+0200] {dag.py:3452} INFO - Setting next_dagrun for example_dag_decorator to None, run_after=None
[2023-04-07T17:57:36.106+0200] {processor.py:175} INFO - Processing /Users/oanottage/opt/anaconda3/envs/energyvenv/lib/python3.9/site-packages/airflow/example_dags/example_dag_decorator.py took 0.804 seconds
[2023-04-07T18:00:14.612+0200] {processor.py:153} INFO - Started process (PID=18271) to work on /Users/oanottage/opt/anaconda3/envs/energyvenv/lib/python3.9/site-packages/airflow/example_dags/example_dag_decorator.py
[2023-04-07T18:00:14.615+0200] {processor.py:743} INFO - Processing file /Users/oanottage/opt/anaconda3/envs/energyvenv/lib/python3.9/site-packages/airflow/example_dags/example_dag_decorator.py for tasks to queue
[2023-04-07T18:00:14.615+0200] {logging_mixin.py:137} INFO - [2023-04-07T18:00:14.615+0200] {dagbag.py:532} INFO - Filling up the DagBag from /Users/oanottage/opt/anaconda3/envs/energyvenv/lib/python3.9/site-packages/airflow/example_dags/example_dag_decorator.py
[2023-04-07T18:00:14.723+0200] {logging_mixin.py:137} INFO - [2023-04-07T18:00:14.723+0200] {taskmixin.py:211} WARNING - Dependency <Task(_PythonDecoratedOperator): prepare_email>, send_email already registered for DAG: example_dag_decorator
[2023-04-07T18:00:14.723+0200] {logging_mixin.py:137} INFO - [2023-04-07T18:00:14.723+0200] {taskmixin.py:211} WARNING - Dependency <Task(EmailOperator): send_email>, prepare_email already registered for DAG: example_dag_decorator
[2023-04-07T18:00:14.770+0200] {processor.py:753} INFO - DAG(s) dict_keys(['example_dag_decorator']) retrieved from /Users/oanottage/opt/anaconda3/envs/energyvenv/lib/python3.9/site-packages/airflow/example_dags/example_dag_decorator.py
[2023-04-07T18:00:15.335+0200] {logging_mixin.py:137} INFO - [2023-04-07T18:00:15.335+0200] {dag.py:2705} INFO - Sync 1 DAGs
[2023-04-07T18:00:15.346+0200] {logging_mixin.py:137} INFO - [2023-04-07T18:00:15.346+0200] {dag.py:3452} INFO - Setting next_dagrun for example_dag_decorator to None, run_after=None
[2023-04-07T18:00:15.359+0200] {processor.py:175} INFO - Processing /Users/oanottage/opt/anaconda3/envs/energyvenv/lib/python3.9/site-packages/airflow/example_dags/example_dag_decorator.py took 0.748 seconds
[2023-04-07T18:02:56.369+0200] {processor.py:153} INFO - Started process (PID=18462) to work on /Users/oanottage/opt/anaconda3/envs/energyvenv/lib/python3.9/site-packages/airflow/example_dags/example_dag_decorator.py
[2023-04-07T18:02:56.374+0200] {processor.py:743} INFO - Processing file /Users/oanottage/opt/anaconda3/envs/energyvenv/lib/python3.9/site-packages/airflow/example_dags/example_dag_decorator.py for tasks to queue
[2023-04-07T18:02:56.375+0200] {logging_mixin.py:137} INFO - [2023-04-07T18:02:56.374+0200] {dagbag.py:532} INFO - Filling up the DagBag from /Users/oanottage/opt/anaconda3/envs/energyvenv/lib/python3.9/site-packages/airflow/example_dags/example_dag_decorator.py
[2023-04-07T18:02:56.515+0200] {logging_mixin.py:137} INFO - [2023-04-07T18:02:56.515+0200] {taskmixin.py:211} WARNING - Dependency <Task(_PythonDecoratedOperator): prepare_email>, send_email already registered for DAG: example_dag_decorator
[2023-04-07T18:02:56.515+0200] {logging_mixin.py:137} INFO - [2023-04-07T18:02:56.515+0200] {taskmixin.py:211} WARNING - Dependency <Task(EmailOperator): send_email>, prepare_email already registered for DAG: example_dag_decorator
[2023-04-07T18:02:56.574+0200] {processor.py:753} INFO - DAG(s) dict_keys(['example_dag_decorator']) retrieved from /Users/oanottage/opt/anaconda3/envs/energyvenv/lib/python3.9/site-packages/airflow/example_dags/example_dag_decorator.py
[2023-04-07T18:02:57.183+0200] {logging_mixin.py:137} INFO - [2023-04-07T18:02:57.182+0200] {dag.py:2705} INFO - Sync 1 DAGs
[2023-04-07T18:02:57.197+0200] {logging_mixin.py:137} INFO - [2023-04-07T18:02:57.197+0200] {dag.py:3452} INFO - Setting next_dagrun for example_dag_decorator to None, run_after=None
[2023-04-07T18:02:57.212+0200] {processor.py:175} INFO - Processing /Users/oanottage/opt/anaconda3/envs/energyvenv/lib/python3.9/site-packages/airflow/example_dags/example_dag_decorator.py took 0.844 seconds
[2023-04-07T18:05:37.386+0200] {processor.py:153} INFO - Started process (PID=18681) to work on /Users/oanottage/opt/anaconda3/envs/energyvenv/lib/python3.9/site-packages/airflow/example_dags/example_dag_decorator.py
[2023-04-07T18:05:37.389+0200] {processor.py:743} INFO - Processing file /Users/oanottage/opt/anaconda3/envs/energyvenv/lib/python3.9/site-packages/airflow/example_dags/example_dag_decorator.py for tasks to queue
[2023-04-07T18:05:37.390+0200] {logging_mixin.py:137} INFO - [2023-04-07T18:05:37.390+0200] {dagbag.py:532} INFO - Filling up the DagBag from /Users/oanottage/opt/anaconda3/envs/energyvenv/lib/python3.9/site-packages/airflow/example_dags/example_dag_decorator.py
[2023-04-07T18:05:37.496+0200] {logging_mixin.py:137} INFO - [2023-04-07T18:05:37.496+0200] {taskmixin.py:211} WARNING - Dependency <Task(_PythonDecoratedOperator): prepare_email>, send_email already registered for DAG: example_dag_decorator
[2023-04-07T18:05:37.496+0200] {logging_mixin.py:137} INFO - [2023-04-07T18:05:37.496+0200] {taskmixin.py:211} WARNING - Dependency <Task(EmailOperator): send_email>, prepare_email already registered for DAG: example_dag_decorator
[2023-04-07T18:05:37.540+0200] {processor.py:753} INFO - DAG(s) dict_keys(['example_dag_decorator']) retrieved from /Users/oanottage/opt/anaconda3/envs/energyvenv/lib/python3.9/site-packages/airflow/example_dags/example_dag_decorator.py
[2023-04-07T18:05:38.095+0200] {logging_mixin.py:137} INFO - [2023-04-07T18:05:38.095+0200] {dag.py:2705} INFO - Sync 1 DAGs
[2023-04-07T18:05:38.109+0200] {logging_mixin.py:137} INFO - [2023-04-07T18:05:38.109+0200] {dag.py:3452} INFO - Setting next_dagrun for example_dag_decorator to None, run_after=None
[2023-04-07T18:05:38.124+0200] {processor.py:175} INFO - Processing /Users/oanottage/opt/anaconda3/envs/energyvenv/lib/python3.9/site-packages/airflow/example_dags/example_dag_decorator.py took 0.738 seconds
[2023-04-07T18:09:06.973+0200] {processor.py:153} INFO - Started process (PID=19015) to work on /Users/oanottage/opt/anaconda3/envs/energyvenv/lib/python3.9/site-packages/airflow/example_dags/example_dag_decorator.py
[2023-04-07T18:09:06.977+0200] {processor.py:743} INFO - Processing file /Users/oanottage/opt/anaconda3/envs/energyvenv/lib/python3.9/site-packages/airflow/example_dags/example_dag_decorator.py for tasks to queue
[2023-04-07T18:09:06.977+0200] {logging_mixin.py:137} INFO - [2023-04-07T18:09:06.977+0200] {dagbag.py:532} INFO - Filling up the DagBag from /Users/oanottage/opt/anaconda3/envs/energyvenv/lib/python3.9/site-packages/airflow/example_dags/example_dag_decorator.py
[2023-04-07T18:09:07.124+0200] {logging_mixin.py:137} INFO - [2023-04-07T18:09:07.124+0200] {taskmixin.py:211} WARNING - Dependency <Task(_PythonDecoratedOperator): prepare_email>, send_email already registered for DAG: example_dag_decorator
[2023-04-07T18:09:07.124+0200] {logging_mixin.py:137} INFO - [2023-04-07T18:09:07.124+0200] {taskmixin.py:211} WARNING - Dependency <Task(EmailOperator): send_email>, prepare_email already registered for DAG: example_dag_decorator
[2023-04-07T18:09:07.179+0200] {processor.py:753} INFO - DAG(s) dict_keys(['example_dag_decorator']) retrieved from /Users/oanottage/opt/anaconda3/envs/energyvenv/lib/python3.9/site-packages/airflow/example_dags/example_dag_decorator.py
[2023-04-07T18:09:07.758+0200] {logging_mixin.py:137} INFO - [2023-04-07T18:09:07.758+0200] {dag.py:2705} INFO - Sync 1 DAGs
[2023-04-07T18:09:07.770+0200] {logging_mixin.py:137} INFO - [2023-04-07T18:09:07.770+0200] {dag.py:3452} INFO - Setting next_dagrun for example_dag_decorator to None, run_after=None
[2023-04-07T18:09:07.782+0200] {processor.py:175} INFO - Processing /Users/oanottage/opt/anaconda3/envs/energyvenv/lib/python3.9/site-packages/airflow/example_dags/example_dag_decorator.py took 0.810 seconds
[2023-04-07T18:11:49.367+0200] {processor.py:153} INFO - Started process (PID=19244) to work on /Users/oanottage/opt/anaconda3/envs/energyvenv/lib/python3.9/site-packages/airflow/example_dags/example_dag_decorator.py
[2023-04-07T18:11:49.372+0200] {processor.py:743} INFO - Processing file /Users/oanottage/opt/anaconda3/envs/energyvenv/lib/python3.9/site-packages/airflow/example_dags/example_dag_decorator.py for tasks to queue
[2023-04-07T18:11:49.372+0200] {logging_mixin.py:137} INFO - [2023-04-07T18:11:49.372+0200] {dagbag.py:532} INFO - Filling up the DagBag from /Users/oanottage/opt/anaconda3/envs/energyvenv/lib/python3.9/site-packages/airflow/example_dags/example_dag_decorator.py
[2023-04-07T18:11:49.521+0200] {logging_mixin.py:137} INFO - [2023-04-07T18:11:49.520+0200] {taskmixin.py:211} WARNING - Dependency <Task(_PythonDecoratedOperator): prepare_email>, send_email already registered for DAG: example_dag_decorator
[2023-04-07T18:11:49.521+0200] {logging_mixin.py:137} INFO - [2023-04-07T18:11:49.521+0200] {taskmixin.py:211} WARNING - Dependency <Task(EmailOperator): send_email>, prepare_email already registered for DAG: example_dag_decorator
[2023-04-07T18:11:49.579+0200] {processor.py:753} INFO - DAG(s) dict_keys(['example_dag_decorator']) retrieved from /Users/oanottage/opt/anaconda3/envs/energyvenv/lib/python3.9/site-packages/airflow/example_dags/example_dag_decorator.py
[2023-04-07T18:11:50.169+0200] {logging_mixin.py:137} INFO - [2023-04-07T18:11:50.168+0200] {dag.py:2705} INFO - Sync 1 DAGs
[2023-04-07T18:11:50.180+0200] {logging_mixin.py:137} INFO - [2023-04-07T18:11:50.180+0200] {dag.py:3452} INFO - Setting next_dagrun for example_dag_decorator to None, run_after=None
[2023-04-07T18:11:50.194+0200] {processor.py:175} INFO - Processing /Users/oanottage/opt/anaconda3/envs/energyvenv/lib/python3.9/site-packages/airflow/example_dags/example_dag_decorator.py took 0.827 seconds
[2023-04-07T18:14:18.755+0200] {processor.py:153} INFO - Started process (PID=19443) to work on /Users/oanottage/opt/anaconda3/envs/energyvenv/lib/python3.9/site-packages/airflow/example_dags/example_dag_decorator.py
[2023-04-07T18:14:18.759+0200] {processor.py:743} INFO - Processing file /Users/oanottage/opt/anaconda3/envs/energyvenv/lib/python3.9/site-packages/airflow/example_dags/example_dag_decorator.py for tasks to queue
[2023-04-07T18:14:18.759+0200] {logging_mixin.py:137} INFO - [2023-04-07T18:14:18.759+0200] {dagbag.py:532} INFO - Filling up the DagBag from /Users/oanottage/opt/anaconda3/envs/energyvenv/lib/python3.9/site-packages/airflow/example_dags/example_dag_decorator.py
[2023-04-07T18:14:18.892+0200] {logging_mixin.py:137} INFO - [2023-04-07T18:14:18.892+0200] {taskmixin.py:211} WARNING - Dependency <Task(_PythonDecoratedOperator): prepare_email>, send_email already registered for DAG: example_dag_decorator
[2023-04-07T18:14:18.892+0200] {logging_mixin.py:137} INFO - [2023-04-07T18:14:18.892+0200] {taskmixin.py:211} WARNING - Dependency <Task(EmailOperator): send_email>, prepare_email already registered for DAG: example_dag_decorator
[2023-04-07T18:14:18.948+0200] {processor.py:753} INFO - DAG(s) dict_keys(['example_dag_decorator']) retrieved from /Users/oanottage/opt/anaconda3/envs/energyvenv/lib/python3.9/site-packages/airflow/example_dags/example_dag_decorator.py
[2023-04-07T18:14:19.552+0200] {logging_mixin.py:137} INFO - [2023-04-07T18:14:19.552+0200] {dag.py:2705} INFO - Sync 1 DAGs
[2023-04-07T18:14:19.567+0200] {logging_mixin.py:137} INFO - [2023-04-07T18:14:19.567+0200] {dag.py:3452} INFO - Setting next_dagrun for example_dag_decorator to None, run_after=None
[2023-04-07T18:14:19.581+0200] {processor.py:175} INFO - Processing /Users/oanottage/opt/anaconda3/envs/energyvenv/lib/python3.9/site-packages/airflow/example_dags/example_dag_decorator.py took 0.827 seconds
[2023-04-07T18:16:46.912+0200] {processor.py:153} INFO - Started process (PID=19650) to work on /Users/oanottage/opt/anaconda3/envs/energyvenv/lib/python3.9/site-packages/airflow/example_dags/example_dag_decorator.py
[2023-04-07T18:16:46.916+0200] {processor.py:743} INFO - Processing file /Users/oanottage/opt/anaconda3/envs/energyvenv/lib/python3.9/site-packages/airflow/example_dags/example_dag_decorator.py for tasks to queue
[2023-04-07T18:16:46.917+0200] {logging_mixin.py:137} INFO - [2023-04-07T18:16:46.917+0200] {dagbag.py:532} INFO - Filling up the DagBag from /Users/oanottage/opt/anaconda3/envs/energyvenv/lib/python3.9/site-packages/airflow/example_dags/example_dag_decorator.py
[2023-04-07T18:16:47.044+0200] {logging_mixin.py:137} INFO - [2023-04-07T18:16:47.043+0200] {taskmixin.py:211} WARNING - Dependency <Task(_PythonDecoratedOperator): prepare_email>, send_email already registered for DAG: example_dag_decorator
[2023-04-07T18:16:47.044+0200] {logging_mixin.py:137} INFO - [2023-04-07T18:16:47.044+0200] {taskmixin.py:211} WARNING - Dependency <Task(EmailOperator): send_email>, prepare_email already registered for DAG: example_dag_decorator
[2023-04-07T18:16:47.103+0200] {processor.py:753} INFO - DAG(s) dict_keys(['example_dag_decorator']) retrieved from /Users/oanottage/opt/anaconda3/envs/energyvenv/lib/python3.9/site-packages/airflow/example_dags/example_dag_decorator.py
[2023-04-07T18:16:47.746+0200] {logging_mixin.py:137} INFO - [2023-04-07T18:16:47.746+0200] {dag.py:2705} INFO - Sync 1 DAGs
[2023-04-07T18:16:47.760+0200] {logging_mixin.py:137} INFO - [2023-04-07T18:16:47.760+0200] {dag.py:3452} INFO - Setting next_dagrun for example_dag_decorator to None, run_after=None
[2023-04-07T18:16:47.775+0200] {processor.py:175} INFO - Processing /Users/oanottage/opt/anaconda3/envs/energyvenv/lib/python3.9/site-packages/airflow/example_dags/example_dag_decorator.py took 0.863 seconds
[2023-04-07T18:19:29.169+0200] {processor.py:153} INFO - Started process (PID=19837) to work on /Users/oanottage/opt/anaconda3/envs/energyvenv/lib/python3.9/site-packages/airflow/example_dags/example_dag_decorator.py
[2023-04-07T18:19:29.172+0200] {processor.py:743} INFO - Processing file /Users/oanottage/opt/anaconda3/envs/energyvenv/lib/python3.9/site-packages/airflow/example_dags/example_dag_decorator.py for tasks to queue
[2023-04-07T18:19:29.172+0200] {logging_mixin.py:137} INFO - [2023-04-07T18:19:29.172+0200] {dagbag.py:532} INFO - Filling up the DagBag from /Users/oanottage/opt/anaconda3/envs/energyvenv/lib/python3.9/site-packages/airflow/example_dags/example_dag_decorator.py
[2023-04-07T18:19:29.286+0200] {logging_mixin.py:137} INFO - [2023-04-07T18:19:29.286+0200] {taskmixin.py:211} WARNING - Dependency <Task(_PythonDecoratedOperator): prepare_email>, send_email already registered for DAG: example_dag_decorator
[2023-04-07T18:19:29.286+0200] {logging_mixin.py:137} INFO - [2023-04-07T18:19:29.286+0200] {taskmixin.py:211} WARNING - Dependency <Task(EmailOperator): send_email>, prepare_email already registered for DAG: example_dag_decorator
[2023-04-07T18:19:29.338+0200] {processor.py:753} INFO - DAG(s) dict_keys(['example_dag_decorator']) retrieved from /Users/oanottage/opt/anaconda3/envs/energyvenv/lib/python3.9/site-packages/airflow/example_dags/example_dag_decorator.py
[2023-04-07T18:19:29.932+0200] {logging_mixin.py:137} INFO - [2023-04-07T18:19:29.931+0200] {dag.py:2705} INFO - Sync 1 DAGs
[2023-04-07T18:19:29.947+0200] {logging_mixin.py:137} INFO - [2023-04-07T18:19:29.947+0200] {dag.py:3452} INFO - Setting next_dagrun for example_dag_decorator to None, run_after=None
[2023-04-07T18:19:29.963+0200] {processor.py:175} INFO - Processing /Users/oanottage/opt/anaconda3/envs/energyvenv/lib/python3.9/site-packages/airflow/example_dags/example_dag_decorator.py took 0.795 seconds
[2023-04-07T18:22:15.766+0200] {processor.py:153} INFO - Started process (PID=20092) to work on /Users/oanottage/opt/anaconda3/envs/energyvenv/lib/python3.9/site-packages/airflow/example_dags/example_dag_decorator.py
[2023-04-07T18:22:15.769+0200] {processor.py:743} INFO - Processing file /Users/oanottage/opt/anaconda3/envs/energyvenv/lib/python3.9/site-packages/airflow/example_dags/example_dag_decorator.py for tasks to queue
[2023-04-07T18:22:15.769+0200] {logging_mixin.py:137} INFO - [2023-04-07T18:22:15.769+0200] {dagbag.py:532} INFO - Filling up the DagBag from /Users/oanottage/opt/anaconda3/envs/energyvenv/lib/python3.9/site-packages/airflow/example_dags/example_dag_decorator.py
[2023-04-07T18:22:15.879+0200] {logging_mixin.py:137} INFO - [2023-04-07T18:22:15.879+0200] {taskmixin.py:211} WARNING - Dependency <Task(_PythonDecoratedOperator): prepare_email>, send_email already registered for DAG: example_dag_decorator
[2023-04-07T18:22:15.879+0200] {logging_mixin.py:137} INFO - [2023-04-07T18:22:15.879+0200] {taskmixin.py:211} WARNING - Dependency <Task(EmailOperator): send_email>, prepare_email already registered for DAG: example_dag_decorator
[2023-04-07T18:22:15.926+0200] {processor.py:753} INFO - DAG(s) dict_keys(['example_dag_decorator']) retrieved from /Users/oanottage/opt/anaconda3/envs/energyvenv/lib/python3.9/site-packages/airflow/example_dags/example_dag_decorator.py
[2023-04-07T18:22:16.457+0200] {logging_mixin.py:137} INFO - [2023-04-07T18:22:16.457+0200] {dag.py:2705} INFO - Sync 1 DAGs
[2023-04-07T18:22:16.468+0200] {logging_mixin.py:137} INFO - [2023-04-07T18:22:16.468+0200] {dag.py:3452} INFO - Setting next_dagrun for example_dag_decorator to None, run_after=None
[2023-04-07T18:22:16.486+0200] {processor.py:175} INFO - Processing /Users/oanottage/opt/anaconda3/envs/energyvenv/lib/python3.9/site-packages/airflow/example_dags/example_dag_decorator.py took 0.721 seconds
[2023-04-07T18:25:00.133+0200] {processor.py:153} INFO - Started process (PID=20277) to work on /Users/oanottage/opt/anaconda3/envs/energyvenv/lib/python3.9/site-packages/airflow/example_dags/example_dag_decorator.py
[2023-04-07T18:25:00.138+0200] {processor.py:743} INFO - Processing file /Users/oanottage/opt/anaconda3/envs/energyvenv/lib/python3.9/site-packages/airflow/example_dags/example_dag_decorator.py for tasks to queue
[2023-04-07T18:25:00.138+0200] {logging_mixin.py:137} INFO - [2023-04-07T18:25:00.138+0200] {dagbag.py:532} INFO - Filling up the DagBag from /Users/oanottage/opt/anaconda3/envs/energyvenv/lib/python3.9/site-packages/airflow/example_dags/example_dag_decorator.py
[2023-04-07T18:25:00.351+0200] {logging_mixin.py:137} INFO - [2023-04-07T18:25:00.351+0200] {taskmixin.py:211} WARNING - Dependency <Task(_PythonDecoratedOperator): prepare_email>, send_email already registered for DAG: example_dag_decorator
[2023-04-07T18:25:00.351+0200] {logging_mixin.py:137} INFO - [2023-04-07T18:25:00.351+0200] {taskmixin.py:211} WARNING - Dependency <Task(EmailOperator): send_email>, prepare_email already registered for DAG: example_dag_decorator
[2023-04-07T18:25:00.413+0200] {processor.py:753} INFO - DAG(s) dict_keys(['example_dag_decorator']) retrieved from /Users/oanottage/opt/anaconda3/envs/energyvenv/lib/python3.9/site-packages/airflow/example_dags/example_dag_decorator.py
[2023-04-07T18:25:01.080+0200] {logging_mixin.py:137} INFO - [2023-04-07T18:25:01.080+0200] {dag.py:2705} INFO - Sync 1 DAGs
[2023-04-07T18:25:01.097+0200] {logging_mixin.py:137} INFO - [2023-04-07T18:25:01.097+0200] {dag.py:3452} INFO - Setting next_dagrun for example_dag_decorator to None, run_after=None
[2023-04-07T18:25:01.115+0200] {processor.py:175} INFO - Processing /Users/oanottage/opt/anaconda3/envs/energyvenv/lib/python3.9/site-packages/airflow/example_dags/example_dag_decorator.py took 0.983 seconds
[2023-04-07T18:27:36.343+0200] {processor.py:153} INFO - Started process (PID=20462) to work on /Users/oanottage/opt/anaconda3/envs/energyvenv/lib/python3.9/site-packages/airflow/example_dags/example_dag_decorator.py
[2023-04-07T18:27:36.347+0200] {processor.py:743} INFO - Processing file /Users/oanottage/opt/anaconda3/envs/energyvenv/lib/python3.9/site-packages/airflow/example_dags/example_dag_decorator.py for tasks to queue
[2023-04-07T18:27:36.348+0200] {logging_mixin.py:137} INFO - [2023-04-07T18:27:36.347+0200] {dagbag.py:532} INFO - Filling up the DagBag from /Users/oanottage/opt/anaconda3/envs/energyvenv/lib/python3.9/site-packages/airflow/example_dags/example_dag_decorator.py
[2023-04-07T18:27:36.457+0200] {logging_mixin.py:137} INFO - [2023-04-07T18:27:36.457+0200] {taskmixin.py:211} WARNING - Dependency <Task(_PythonDecoratedOperator): prepare_email>, send_email already registered for DAG: example_dag_decorator
[2023-04-07T18:27:36.458+0200] {logging_mixin.py:137} INFO - [2023-04-07T18:27:36.457+0200] {taskmixin.py:211} WARNING - Dependency <Task(EmailOperator): send_email>, prepare_email already registered for DAG: example_dag_decorator
[2023-04-07T18:27:36.506+0200] {processor.py:753} INFO - DAG(s) dict_keys(['example_dag_decorator']) retrieved from /Users/oanottage/opt/anaconda3/envs/energyvenv/lib/python3.9/site-packages/airflow/example_dags/example_dag_decorator.py
[2023-04-07T18:27:37.055+0200] {logging_mixin.py:137} INFO - [2023-04-07T18:27:37.055+0200] {dag.py:2705} INFO - Sync 1 DAGs
[2023-04-07T18:27:37.067+0200] {logging_mixin.py:137} INFO - [2023-04-07T18:27:37.067+0200] {dag.py:3452} INFO - Setting next_dagrun for example_dag_decorator to None, run_after=None
[2023-04-07T18:27:37.080+0200] {processor.py:175} INFO - Processing /Users/oanottage/opt/anaconda3/envs/energyvenv/lib/python3.9/site-packages/airflow/example_dags/example_dag_decorator.py took 0.737 seconds
[2023-04-07T18:31:15.893+0200] {processor.py:153} INFO - Started process (PID=20855) to work on /Users/oanottage/opt/anaconda3/envs/energyvenv/lib/python3.9/site-packages/airflow/example_dags/example_dag_decorator.py
[2023-04-07T18:31:15.897+0200] {processor.py:743} INFO - Processing file /Users/oanottage/opt/anaconda3/envs/energyvenv/lib/python3.9/site-packages/airflow/example_dags/example_dag_decorator.py for tasks to queue
[2023-04-07T18:31:15.898+0200] {logging_mixin.py:137} INFO - [2023-04-07T18:31:15.897+0200] {dagbag.py:532} INFO - Filling up the DagBag from /Users/oanottage/opt/anaconda3/envs/energyvenv/lib/python3.9/site-packages/airflow/example_dags/example_dag_decorator.py
[2023-04-07T18:31:16.014+0200] {logging_mixin.py:137} INFO - [2023-04-07T18:31:16.014+0200] {taskmixin.py:211} WARNING - Dependency <Task(_PythonDecoratedOperator): prepare_email>, send_email already registered for DAG: example_dag_decorator
[2023-04-07T18:31:16.014+0200] {logging_mixin.py:137} INFO - [2023-04-07T18:31:16.014+0200] {taskmixin.py:211} WARNING - Dependency <Task(EmailOperator): send_email>, prepare_email already registered for DAG: example_dag_decorator
[2023-04-07T18:31:16.062+0200] {processor.py:753} INFO - DAG(s) dict_keys(['example_dag_decorator']) retrieved from /Users/oanottage/opt/anaconda3/envs/energyvenv/lib/python3.9/site-packages/airflow/example_dags/example_dag_decorator.py
[2023-04-07T18:31:16.597+0200] {logging_mixin.py:137} INFO - [2023-04-07T18:31:16.597+0200] {dag.py:2705} INFO - Sync 1 DAGs
[2023-04-07T18:31:16.609+0200] {logging_mixin.py:137} INFO - [2023-04-07T18:31:16.608+0200] {dag.py:3452} INFO - Setting next_dagrun for example_dag_decorator to None, run_after=None
[2023-04-07T18:31:16.622+0200] {processor.py:175} INFO - Processing /Users/oanottage/opt/anaconda3/envs/energyvenv/lib/python3.9/site-packages/airflow/example_dags/example_dag_decorator.py took 0.729 seconds
[2023-04-07T18:43:19.473+0200] {processor.py:153} INFO - Started process (PID=21480) to work on /Users/oanottage/opt/anaconda3/envs/energyvenv/lib/python3.9/site-packages/airflow/example_dags/example_dag_decorator.py
[2023-04-07T18:43:19.477+0200] {processor.py:743} INFO - Processing file /Users/oanottage/opt/anaconda3/envs/energyvenv/lib/python3.9/site-packages/airflow/example_dags/example_dag_decorator.py for tasks to queue
[2023-04-07T18:43:19.478+0200] {logging_mixin.py:137} INFO - [2023-04-07T18:43:19.478+0200] {dagbag.py:532} INFO - Filling up the DagBag from /Users/oanottage/opt/anaconda3/envs/energyvenv/lib/python3.9/site-packages/airflow/example_dags/example_dag_decorator.py
[2023-04-07T18:43:19.608+0200] {logging_mixin.py:137} INFO - [2023-04-07T18:43:19.608+0200] {taskmixin.py:211} WARNING - Dependency <Task(_PythonDecoratedOperator): prepare_email>, send_email already registered for DAG: example_dag_decorator
[2023-04-07T18:43:19.608+0200] {logging_mixin.py:137} INFO - [2023-04-07T18:43:19.608+0200] {taskmixin.py:211} WARNING - Dependency <Task(EmailOperator): send_email>, prepare_email already registered for DAG: example_dag_decorator
[2023-04-07T18:43:19.664+0200] {processor.py:753} INFO - DAG(s) dict_keys(['example_dag_decorator']) retrieved from /Users/oanottage/opt/anaconda3/envs/energyvenv/lib/python3.9/site-packages/airflow/example_dags/example_dag_decorator.py
[2023-04-07T18:43:20.314+0200] {logging_mixin.py:137} INFO - [2023-04-07T18:43:20.313+0200] {dag.py:2705} INFO - Sync 1 DAGs
[2023-04-07T18:43:20.329+0200] {logging_mixin.py:137} INFO - [2023-04-07T18:43:20.329+0200] {dag.py:3452} INFO - Setting next_dagrun for example_dag_decorator to None, run_after=None
[2023-04-07T18:43:20.344+0200] {processor.py:175} INFO - Processing /Users/oanottage/opt/anaconda3/envs/energyvenv/lib/python3.9/site-packages/airflow/example_dags/example_dag_decorator.py took 0.871 seconds
[2023-04-07T18:46:12.256+0200] {processor.py:153} INFO - Started process (PID=21691) to work on /Users/oanottage/opt/anaconda3/envs/energyvenv/lib/python3.9/site-packages/airflow/example_dags/example_dag_decorator.py
[2023-04-07T18:46:12.262+0200] {processor.py:743} INFO - Processing file /Users/oanottage/opt/anaconda3/envs/energyvenv/lib/python3.9/site-packages/airflow/example_dags/example_dag_decorator.py for tasks to queue
[2023-04-07T18:46:12.262+0200] {logging_mixin.py:137} INFO - [2023-04-07T18:46:12.262+0200] {dagbag.py:532} INFO - Filling up the DagBag from /Users/oanottage/opt/anaconda3/envs/energyvenv/lib/python3.9/site-packages/airflow/example_dags/example_dag_decorator.py
[2023-04-07T18:46:12.406+0200] {logging_mixin.py:137} INFO - [2023-04-07T18:46:12.406+0200] {taskmixin.py:211} WARNING - Dependency <Task(_PythonDecoratedOperator): prepare_email>, send_email already registered for DAG: example_dag_decorator
[2023-04-07T18:46:12.406+0200] {logging_mixin.py:137} INFO - [2023-04-07T18:46:12.406+0200] {taskmixin.py:211} WARNING - Dependency <Task(EmailOperator): send_email>, prepare_email already registered for DAG: example_dag_decorator
[2023-04-07T18:46:12.482+0200] {processor.py:753} INFO - DAG(s) dict_keys(['example_dag_decorator']) retrieved from /Users/oanottage/opt/anaconda3/envs/energyvenv/lib/python3.9/site-packages/airflow/example_dags/example_dag_decorator.py
[2023-04-07T18:46:13.070+0200] {logging_mixin.py:137} INFO - [2023-04-07T18:46:13.070+0200] {dag.py:2705} INFO - Sync 1 DAGs
[2023-04-07T18:46:13.084+0200] {logging_mixin.py:137} INFO - [2023-04-07T18:46:13.084+0200] {dag.py:3452} INFO - Setting next_dagrun for example_dag_decorator to None, run_after=None
[2023-04-07T18:46:13.099+0200] {processor.py:175} INFO - Processing /Users/oanottage/opt/anaconda3/envs/energyvenv/lib/python3.9/site-packages/airflow/example_dags/example_dag_decorator.py took 0.844 seconds
