[2023-04-07T17:54:13.193+0200] {processor.py:153} INFO - Started process (PID=17793) to work on /Users/oanottage/opt/anaconda3/envs/energyvenv/lib/python3.9/site-packages/airflow/example_dags/tutorial_dag.py
[2023-04-07T17:54:13.197+0200] {processor.py:743} INFO - Processing file /Users/oanottage/opt/anaconda3/envs/energyvenv/lib/python3.9/site-packages/airflow/example_dags/tutorial_dag.py for tasks to queue
[2023-04-07T17:54:13.197+0200] {logging_mixin.py:137} INFO - [2023-04-07T17:54:13.197+0200] {dagbag.py:532} INFO - Filling up the DagBag from /Users/oanottage/opt/anaconda3/envs/energyvenv/lib/python3.9/site-packages/airflow/example_dags/tutorial_dag.py
[2023-04-07T17:54:13.248+0200] {processor.py:753} INFO - DAG(s) dict_keys(['tutorial_dag']) retrieved from /Users/oanottage/opt/anaconda3/envs/energyvenv/lib/python3.9/site-packages/airflow/example_dags/tutorial_dag.py
[2023-04-07T17:54:13.881+0200] {logging_mixin.py:137} INFO - [2023-04-07T17:54:13.881+0200] {dag.py:2705} INFO - Sync 1 DAGs
[2023-04-07T17:54:13.895+0200] {logging_mixin.py:137} INFO - [2023-04-07T17:54:13.895+0200] {dag.py:3452} INFO - Setting next_dagrun for tutorial_dag to None, run_after=None
[2023-04-07T17:54:13.911+0200] {processor.py:175} INFO - Processing /Users/oanottage/opt/anaconda3/envs/energyvenv/lib/python3.9/site-packages/airflow/example_dags/tutorial_dag.py took 0.718 seconds
[2023-04-07T17:56:21.883+0200] {processor.py:153} INFO - Started process (PID=18010) to work on /Users/oanottage/opt/anaconda3/envs/energyvenv/lib/python3.9/site-packages/airflow/example_dags/tutorial_dag.py
[2023-04-07T17:56:21.886+0200] {processor.py:743} INFO - Processing file /Users/oanottage/opt/anaconda3/envs/energyvenv/lib/python3.9/site-packages/airflow/example_dags/tutorial_dag.py for tasks to queue
[2023-04-07T17:56:21.886+0200] {logging_mixin.py:137} INFO - [2023-04-07T17:56:21.886+0200] {dagbag.py:532} INFO - Filling up the DagBag from /Users/oanottage/opt/anaconda3/envs/energyvenv/lib/python3.9/site-packages/airflow/example_dags/tutorial_dag.py
[2023-04-07T17:56:21.932+0200] {processor.py:753} INFO - DAG(s) dict_keys(['tutorial_dag']) retrieved from /Users/oanottage/opt/anaconda3/envs/energyvenv/lib/python3.9/site-packages/airflow/example_dags/tutorial_dag.py
[2023-04-07T17:56:22.594+0200] {logging_mixin.py:137} INFO - [2023-04-07T17:56:22.594+0200] {dag.py:2705} INFO - Sync 1 DAGs
[2023-04-07T17:56:22.606+0200] {logging_mixin.py:137} INFO - [2023-04-07T17:56:22.606+0200] {dag.py:3452} INFO - Setting next_dagrun for tutorial_dag to None, run_after=None
[2023-04-07T17:56:22.618+0200] {processor.py:175} INFO - Processing /Users/oanottage/opt/anaconda3/envs/energyvenv/lib/python3.9/site-packages/airflow/example_dags/tutorial_dag.py took 0.736 seconds
[2023-04-07T17:57:59.227+0200] {processor.py:153} INFO - Started process (PID=18112) to work on /Users/oanottage/opt/anaconda3/envs/energyvenv/lib/python3.9/site-packages/airflow/example_dags/tutorial_dag.py
[2023-04-07T17:57:59.230+0200] {processor.py:743} INFO - Processing file /Users/oanottage/opt/anaconda3/envs/energyvenv/lib/python3.9/site-packages/airflow/example_dags/tutorial_dag.py for tasks to queue
[2023-04-07T17:57:59.230+0200] {logging_mixin.py:137} INFO - [2023-04-07T17:57:59.230+0200] {dagbag.py:532} INFO - Filling up the DagBag from /Users/oanottage/opt/anaconda3/envs/energyvenv/lib/python3.9/site-packages/airflow/example_dags/tutorial_dag.py
[2023-04-07T17:57:59.273+0200] {processor.py:753} INFO - DAG(s) dict_keys(['tutorial_dag']) retrieved from /Users/oanottage/opt/anaconda3/envs/energyvenv/lib/python3.9/site-packages/airflow/example_dags/tutorial_dag.py
[2023-04-07T17:57:59.906+0200] {logging_mixin.py:137} INFO - [2023-04-07T17:57:59.905+0200] {dag.py:2705} INFO - Sync 1 DAGs
[2023-04-07T17:57:59.917+0200] {logging_mixin.py:137} INFO - [2023-04-07T17:57:59.917+0200] {dag.py:3452} INFO - Setting next_dagrun for tutorial_dag to None, run_after=None
[2023-04-07T17:57:59.929+0200] {processor.py:175} INFO - Processing /Users/oanottage/opt/anaconda3/envs/energyvenv/lib/python3.9/site-packages/airflow/example_dags/tutorial_dag.py took 0.703 seconds
[2023-04-07T17:59:19.052+0200] {processor.py:153} INFO - Started process (PID=18210) to work on /Users/oanottage/opt/anaconda3/envs/energyvenv/lib/python3.9/site-packages/airflow/example_dags/tutorial_dag.py
[2023-04-07T17:59:19.055+0200] {processor.py:743} INFO - Processing file /Users/oanottage/opt/anaconda3/envs/energyvenv/lib/python3.9/site-packages/airflow/example_dags/tutorial_dag.py for tasks to queue
[2023-04-07T17:59:19.055+0200] {logging_mixin.py:137} INFO - [2023-04-07T17:59:19.055+0200] {dagbag.py:532} INFO - Filling up the DagBag from /Users/oanottage/opt/anaconda3/envs/energyvenv/lib/python3.9/site-packages/airflow/example_dags/tutorial_dag.py
[2023-04-07T17:59:19.100+0200] {processor.py:753} INFO - DAG(s) dict_keys(['tutorial_dag']) retrieved from /Users/oanottage/opt/anaconda3/envs/energyvenv/lib/python3.9/site-packages/airflow/example_dags/tutorial_dag.py
[2023-04-07T17:59:19.750+0200] {logging_mixin.py:137} INFO - [2023-04-07T17:59:19.750+0200] {dag.py:2705} INFO - Sync 1 DAGs
[2023-04-07T17:59:19.761+0200] {logging_mixin.py:137} INFO - [2023-04-07T17:59:19.761+0200] {dag.py:3452} INFO - Setting next_dagrun for tutorial_dag to None, run_after=None
[2023-04-07T17:59:19.773+0200] {processor.py:175} INFO - Processing /Users/oanottage/opt/anaconda3/envs/energyvenv/lib/python3.9/site-packages/airflow/example_dags/tutorial_dag.py took 0.722 seconds
[2023-04-07T18:00:38.487+0200] {processor.py:153} INFO - Started process (PID=18298) to work on /Users/oanottage/opt/anaconda3/envs/energyvenv/lib/python3.9/site-packages/airflow/example_dags/tutorial_dag.py
[2023-04-07T18:00:38.490+0200] {processor.py:743} INFO - Processing file /Users/oanottage/opt/anaconda3/envs/energyvenv/lib/python3.9/site-packages/airflow/example_dags/tutorial_dag.py for tasks to queue
[2023-04-07T18:00:38.491+0200] {logging_mixin.py:137} INFO - [2023-04-07T18:00:38.491+0200] {dagbag.py:532} INFO - Filling up the DagBag from /Users/oanottage/opt/anaconda3/envs/energyvenv/lib/python3.9/site-packages/airflow/example_dags/tutorial_dag.py
[2023-04-07T18:00:38.535+0200] {processor.py:753} INFO - DAG(s) dict_keys(['tutorial_dag']) retrieved from /Users/oanottage/opt/anaconda3/envs/energyvenv/lib/python3.9/site-packages/airflow/example_dags/tutorial_dag.py
[2023-04-07T18:00:39.192+0200] {logging_mixin.py:137} INFO - [2023-04-07T18:00:39.192+0200] {dag.py:2705} INFO - Sync 1 DAGs
[2023-04-07T18:00:39.206+0200] {logging_mixin.py:137} INFO - [2023-04-07T18:00:39.206+0200] {dag.py:3452} INFO - Setting next_dagrun for tutorial_dag to None, run_after=None
[2023-04-07T18:00:39.219+0200] {processor.py:175} INFO - Processing /Users/oanottage/opt/anaconda3/envs/energyvenv/lib/python3.9/site-packages/airflow/example_dags/tutorial_dag.py took 0.732 seconds
[2023-04-07T18:02:00.784+0200] {processor.py:153} INFO - Started process (PID=18403) to work on /Users/oanottage/opt/anaconda3/envs/energyvenv/lib/python3.9/site-packages/airflow/example_dags/tutorial_dag.py
[2023-04-07T18:02:00.788+0200] {processor.py:743} INFO - Processing file /Users/oanottage/opt/anaconda3/envs/energyvenv/lib/python3.9/site-packages/airflow/example_dags/tutorial_dag.py for tasks to queue
[2023-04-07T18:02:00.788+0200] {logging_mixin.py:137} INFO - [2023-04-07T18:02:00.788+0200] {dagbag.py:532} INFO - Filling up the DagBag from /Users/oanottage/opt/anaconda3/envs/energyvenv/lib/python3.9/site-packages/airflow/example_dags/tutorial_dag.py
[2023-04-07T18:02:00.845+0200] {processor.py:753} INFO - DAG(s) dict_keys(['tutorial_dag']) retrieved from /Users/oanottage/opt/anaconda3/envs/energyvenv/lib/python3.9/site-packages/airflow/example_dags/tutorial_dag.py
[2023-04-07T18:02:01.530+0200] {logging_mixin.py:137} INFO - [2023-04-07T18:02:01.529+0200] {dag.py:2705} INFO - Sync 1 DAGs
[2023-04-07T18:02:01.543+0200] {logging_mixin.py:137} INFO - [2023-04-07T18:02:01.543+0200] {dag.py:3452} INFO - Setting next_dagrun for tutorial_dag to None, run_after=None
[2023-04-07T18:02:01.558+0200] {processor.py:175} INFO - Processing /Users/oanottage/opt/anaconda3/envs/energyvenv/lib/python3.9/site-packages/airflow/example_dags/tutorial_dag.py took 0.774 seconds
[2023-04-07T18:03:20.596+0200] {processor.py:153} INFO - Started process (PID=18485) to work on /Users/oanottage/opt/anaconda3/envs/energyvenv/lib/python3.9/site-packages/airflow/example_dags/tutorial_dag.py
[2023-04-07T18:03:20.599+0200] {processor.py:743} INFO - Processing file /Users/oanottage/opt/anaconda3/envs/energyvenv/lib/python3.9/site-packages/airflow/example_dags/tutorial_dag.py for tasks to queue
[2023-04-07T18:03:20.599+0200] {logging_mixin.py:137} INFO - [2023-04-07T18:03:20.599+0200] {dagbag.py:532} INFO - Filling up the DagBag from /Users/oanottage/opt/anaconda3/envs/energyvenv/lib/python3.9/site-packages/airflow/example_dags/tutorial_dag.py
[2023-04-07T18:03:20.643+0200] {processor.py:753} INFO - DAG(s) dict_keys(['tutorial_dag']) retrieved from /Users/oanottage/opt/anaconda3/envs/energyvenv/lib/python3.9/site-packages/airflow/example_dags/tutorial_dag.py
[2023-04-07T18:03:21.270+0200] {logging_mixin.py:137} INFO - [2023-04-07T18:03:21.269+0200] {dag.py:2705} INFO - Sync 1 DAGs
[2023-04-07T18:03:21.281+0200] {logging_mixin.py:137} INFO - [2023-04-07T18:03:21.281+0200] {dag.py:3452} INFO - Setting next_dagrun for tutorial_dag to None, run_after=None
[2023-04-07T18:03:21.298+0200] {processor.py:175} INFO - Processing /Users/oanottage/opt/anaconda3/envs/energyvenv/lib/python3.9/site-packages/airflow/example_dags/tutorial_dag.py took 0.702 seconds
[2023-04-07T18:04:24.552+0200] {processor.py:153} INFO - Started process (PID=18556) to work on /Users/oanottage/opt/anaconda3/envs/energyvenv/lib/python3.9/site-packages/airflow/example_dags/tutorial_dag.py
[2023-04-07T18:04:24.555+0200] {processor.py:743} INFO - Processing file /Users/oanottage/opt/anaconda3/envs/energyvenv/lib/python3.9/site-packages/airflow/example_dags/tutorial_dag.py for tasks to queue
[2023-04-07T18:04:24.555+0200] {logging_mixin.py:137} INFO - [2023-04-07T18:04:24.555+0200] {dagbag.py:532} INFO - Filling up the DagBag from /Users/oanottage/opt/anaconda3/envs/energyvenv/lib/python3.9/site-packages/airflow/example_dags/tutorial_dag.py
[2023-04-07T18:04:24.606+0200] {processor.py:753} INFO - DAG(s) dict_keys(['tutorial_dag']) retrieved from /Users/oanottage/opt/anaconda3/envs/energyvenv/lib/python3.9/site-packages/airflow/example_dags/tutorial_dag.py
[2023-04-07T18:04:25.286+0200] {logging_mixin.py:137} INFO - [2023-04-07T18:04:25.285+0200] {dag.py:2705} INFO - Sync 1 DAGs
[2023-04-07T18:04:25.300+0200] {logging_mixin.py:137} INFO - [2023-04-07T18:04:25.300+0200] {dag.py:3452} INFO - Setting next_dagrun for tutorial_dag to None, run_after=None
[2023-04-07T18:04:25.315+0200] {processor.py:175} INFO - Processing /Users/oanottage/opt/anaconda3/envs/energyvenv/lib/python3.9/site-packages/airflow/example_dags/tutorial_dag.py took 0.764 seconds
[2023-04-07T18:06:18.194+0200] {processor.py:153} INFO - Started process (PID=18729) to work on /Users/oanottage/opt/anaconda3/envs/energyvenv/lib/python3.9/site-packages/airflow/example_dags/tutorial_dag.py
[2023-04-07T18:06:18.197+0200] {processor.py:743} INFO - Processing file /Users/oanottage/opt/anaconda3/envs/energyvenv/lib/python3.9/site-packages/airflow/example_dags/tutorial_dag.py for tasks to queue
[2023-04-07T18:06:18.198+0200] {logging_mixin.py:137} INFO - [2023-04-07T18:06:18.198+0200] {dagbag.py:532} INFO - Filling up the DagBag from /Users/oanottage/opt/anaconda3/envs/energyvenv/lib/python3.9/site-packages/airflow/example_dags/tutorial_dag.py
[2023-04-07T18:06:18.246+0200] {processor.py:753} INFO - DAG(s) dict_keys(['tutorial_dag']) retrieved from /Users/oanottage/opt/anaconda3/envs/energyvenv/lib/python3.9/site-packages/airflow/example_dags/tutorial_dag.py
[2023-04-07T18:06:18.898+0200] {logging_mixin.py:137} INFO - [2023-04-07T18:06:18.898+0200] {dag.py:2705} INFO - Sync 1 DAGs
[2023-04-07T18:06:18.912+0200] {logging_mixin.py:137} INFO - [2023-04-07T18:06:18.912+0200] {dag.py:3452} INFO - Setting next_dagrun for tutorial_dag to None, run_after=None
[2023-04-07T18:06:18.925+0200] {processor.py:175} INFO - Processing /Users/oanottage/opt/anaconda3/envs/energyvenv/lib/python3.9/site-packages/airflow/example_dags/tutorial_dag.py took 0.732 seconds
[2023-04-07T18:07:54.544+0200] {processor.py:153} INFO - Started process (PID=18868) to work on /Users/oanottage/opt/anaconda3/envs/energyvenv/lib/python3.9/site-packages/airflow/example_dags/tutorial_dag.py
[2023-04-07T18:07:54.547+0200] {processor.py:743} INFO - Processing file /Users/oanottage/opt/anaconda3/envs/energyvenv/lib/python3.9/site-packages/airflow/example_dags/tutorial_dag.py for tasks to queue
[2023-04-07T18:07:54.548+0200] {logging_mixin.py:137} INFO - [2023-04-07T18:07:54.547+0200] {dagbag.py:532} INFO - Filling up the DagBag from /Users/oanottage/opt/anaconda3/envs/energyvenv/lib/python3.9/site-packages/airflow/example_dags/tutorial_dag.py
[2023-04-07T18:07:54.609+0200] {processor.py:753} INFO - DAG(s) dict_keys(['tutorial_dag']) retrieved from /Users/oanottage/opt/anaconda3/envs/energyvenv/lib/python3.9/site-packages/airflow/example_dags/tutorial_dag.py
[2023-04-07T18:07:55.381+0200] {logging_mixin.py:137} INFO - [2023-04-07T18:07:55.381+0200] {dag.py:2705} INFO - Sync 1 DAGs
[2023-04-07T18:07:55.397+0200] {logging_mixin.py:137} INFO - [2023-04-07T18:07:55.397+0200] {dag.py:3452} INFO - Setting next_dagrun for tutorial_dag to None, run_after=None
[2023-04-07T18:07:55.412+0200] {processor.py:175} INFO - Processing /Users/oanottage/opt/anaconda3/envs/energyvenv/lib/python3.9/site-packages/airflow/example_dags/tutorial_dag.py took 0.869 seconds
[2023-04-07T18:09:46.583+0200] {processor.py:153} INFO - Started process (PID=19079) to work on /Users/oanottage/opt/anaconda3/envs/energyvenv/lib/python3.9/site-packages/airflow/example_dags/tutorial_dag.py
[2023-04-07T18:09:46.587+0200] {processor.py:743} INFO - Processing file /Users/oanottage/opt/anaconda3/envs/energyvenv/lib/python3.9/site-packages/airflow/example_dags/tutorial_dag.py for tasks to queue
[2023-04-07T18:09:46.587+0200] {logging_mixin.py:137} INFO - [2023-04-07T18:09:46.587+0200] {dagbag.py:532} INFO - Filling up the DagBag from /Users/oanottage/opt/anaconda3/envs/energyvenv/lib/python3.9/site-packages/airflow/example_dags/tutorial_dag.py
[2023-04-07T18:09:46.644+0200] {processor.py:753} INFO - DAG(s) dict_keys(['tutorial_dag']) retrieved from /Users/oanottage/opt/anaconda3/envs/energyvenv/lib/python3.9/site-packages/airflow/example_dags/tutorial_dag.py
[2023-04-07T18:09:47.360+0200] {logging_mixin.py:137} INFO - [2023-04-07T18:09:47.360+0200] {dag.py:2705} INFO - Sync 1 DAGs
[2023-04-07T18:09:47.374+0200] {logging_mixin.py:137} INFO - [2023-04-07T18:09:47.374+0200] {dag.py:3452} INFO - Setting next_dagrun for tutorial_dag to None, run_after=None
[2023-04-07T18:09:47.388+0200] {processor.py:175} INFO - Processing /Users/oanottage/opt/anaconda3/envs/energyvenv/lib/python3.9/site-packages/airflow/example_dags/tutorial_dag.py took 0.806 seconds
[2023-04-07T18:11:06.517+0200] {processor.py:153} INFO - Started process (PID=19188) to work on /Users/oanottage/opt/anaconda3/envs/energyvenv/lib/python3.9/site-packages/airflow/example_dags/tutorial_dag.py
[2023-04-07T18:11:06.520+0200] {processor.py:743} INFO - Processing file /Users/oanottage/opt/anaconda3/envs/energyvenv/lib/python3.9/site-packages/airflow/example_dags/tutorial_dag.py for tasks to queue
[2023-04-07T18:11:06.521+0200] {logging_mixin.py:137} INFO - [2023-04-07T18:11:06.521+0200] {dagbag.py:532} INFO - Filling up the DagBag from /Users/oanottage/opt/anaconda3/envs/energyvenv/lib/python3.9/site-packages/airflow/example_dags/tutorial_dag.py
[2023-04-07T18:11:06.567+0200] {processor.py:753} INFO - DAG(s) dict_keys(['tutorial_dag']) retrieved from /Users/oanottage/opt/anaconda3/envs/energyvenv/lib/python3.9/site-packages/airflow/example_dags/tutorial_dag.py
[2023-04-07T18:11:07.208+0200] {logging_mixin.py:137} INFO - [2023-04-07T18:11:07.208+0200] {dag.py:2705} INFO - Sync 1 DAGs
[2023-04-07T18:11:07.222+0200] {logging_mixin.py:137} INFO - [2023-04-07T18:11:07.221+0200] {dag.py:3452} INFO - Setting next_dagrun for tutorial_dag to None, run_after=None
[2023-04-07T18:11:07.235+0200] {processor.py:175} INFO - Processing /Users/oanottage/opt/anaconda3/envs/energyvenv/lib/python3.9/site-packages/airflow/example_dags/tutorial_dag.py took 0.719 seconds
[2023-04-07T18:12:29.071+0200] {processor.py:153} INFO - Started process (PID=19285) to work on /Users/oanottage/opt/anaconda3/envs/energyvenv/lib/python3.9/site-packages/airflow/example_dags/tutorial_dag.py
[2023-04-07T18:12:29.074+0200] {processor.py:743} INFO - Processing file /Users/oanottage/opt/anaconda3/envs/energyvenv/lib/python3.9/site-packages/airflow/example_dags/tutorial_dag.py for tasks to queue
[2023-04-07T18:12:29.075+0200] {logging_mixin.py:137} INFO - [2023-04-07T18:12:29.074+0200] {dagbag.py:532} INFO - Filling up the DagBag from /Users/oanottage/opt/anaconda3/envs/energyvenv/lib/python3.9/site-packages/airflow/example_dags/tutorial_dag.py
[2023-04-07T18:12:29.123+0200] {processor.py:753} INFO - DAG(s) dict_keys(['tutorial_dag']) retrieved from /Users/oanottage/opt/anaconda3/envs/energyvenv/lib/python3.9/site-packages/airflow/example_dags/tutorial_dag.py
[2023-04-07T18:12:29.770+0200] {logging_mixin.py:137} INFO - [2023-04-07T18:12:29.770+0200] {dag.py:2705} INFO - Sync 1 DAGs
[2023-04-07T18:12:29.781+0200] {logging_mixin.py:137} INFO - [2023-04-07T18:12:29.781+0200] {dag.py:3452} INFO - Setting next_dagrun for tutorial_dag to None, run_after=None
[2023-04-07T18:12:29.794+0200] {processor.py:175} INFO - Processing /Users/oanottage/opt/anaconda3/envs/energyvenv/lib/python3.9/site-packages/airflow/example_dags/tutorial_dag.py took 0.724 seconds
[2023-04-07T18:13:03.768+0200] {processor.py:153} INFO - Started process (PID=19349) to work on /Users/oanottage/opt/anaconda3/envs/energyvenv/lib/python3.9/site-packages/airflow/example_dags/tutorial_dag.py
[2023-04-07T18:13:03.771+0200] {processor.py:743} INFO - Processing file /Users/oanottage/opt/anaconda3/envs/energyvenv/lib/python3.9/site-packages/airflow/example_dags/tutorial_dag.py for tasks to queue
[2023-04-07T18:13:03.771+0200] {logging_mixin.py:137} INFO - [2023-04-07T18:13:03.771+0200] {dagbag.py:532} INFO - Filling up the DagBag from /Users/oanottage/opt/anaconda3/envs/energyvenv/lib/python3.9/site-packages/airflow/example_dags/tutorial_dag.py
[2023-04-07T18:13:03.830+0200] {processor.py:753} INFO - DAG(s) dict_keys(['tutorial_dag']) retrieved from /Users/oanottage/opt/anaconda3/envs/energyvenv/lib/python3.9/site-packages/airflow/example_dags/tutorial_dag.py
[2023-04-07T18:13:04.491+0200] {logging_mixin.py:137} INFO - [2023-04-07T18:13:04.491+0200] {dag.py:2705} INFO - Sync 1 DAGs
[2023-04-07T18:13:04.505+0200] {logging_mixin.py:137} INFO - [2023-04-07T18:13:04.505+0200] {dag.py:3452} INFO - Setting next_dagrun for tutorial_dag to None, run_after=None
[2023-04-07T18:13:04.519+0200] {processor.py:175} INFO - Processing /Users/oanottage/opt/anaconda3/envs/energyvenv/lib/python3.9/site-packages/airflow/example_dags/tutorial_dag.py took 0.751 seconds
[2023-04-07T18:15:35.676+0200] {processor.py:153} INFO - Started process (PID=19551) to work on /Users/oanottage/opt/anaconda3/envs/energyvenv/lib/python3.9/site-packages/airflow/example_dags/tutorial_dag.py
[2023-04-07T18:15:35.681+0200] {processor.py:743} INFO - Processing file /Users/oanottage/opt/anaconda3/envs/energyvenv/lib/python3.9/site-packages/airflow/example_dags/tutorial_dag.py for tasks to queue
[2023-04-07T18:15:35.682+0200] {logging_mixin.py:137} INFO - [2023-04-07T18:15:35.682+0200] {dagbag.py:532} INFO - Filling up the DagBag from /Users/oanottage/opt/anaconda3/envs/energyvenv/lib/python3.9/site-packages/airflow/example_dags/tutorial_dag.py
[2023-04-07T18:15:35.754+0200] {processor.py:753} INFO - DAG(s) dict_keys(['tutorial_dag']) retrieved from /Users/oanottage/opt/anaconda3/envs/energyvenv/lib/python3.9/site-packages/airflow/example_dags/tutorial_dag.py
[2023-04-07T18:15:36.438+0200] {logging_mixin.py:137} INFO - [2023-04-07T18:15:36.438+0200] {dag.py:2705} INFO - Sync 1 DAGs
[2023-04-07T18:15:36.450+0200] {logging_mixin.py:137} INFO - [2023-04-07T18:15:36.450+0200] {dag.py:3452} INFO - Setting next_dagrun for tutorial_dag to None, run_after=None
[2023-04-07T18:15:36.462+0200] {processor.py:175} INFO - Processing /Users/oanottage/opt/anaconda3/envs/energyvenv/lib/python3.9/site-packages/airflow/example_dags/tutorial_dag.py took 0.787 seconds
[2023-04-07T18:17:27.419+0200] {processor.py:153} INFO - Started process (PID=19699) to work on /Users/oanottage/opt/anaconda3/envs/energyvenv/lib/python3.9/site-packages/airflow/example_dags/tutorial_dag.py
[2023-04-07T18:17:27.423+0200] {processor.py:743} INFO - Processing file /Users/oanottage/opt/anaconda3/envs/energyvenv/lib/python3.9/site-packages/airflow/example_dags/tutorial_dag.py for tasks to queue
[2023-04-07T18:17:27.423+0200] {logging_mixin.py:137} INFO - [2023-04-07T18:17:27.423+0200] {dagbag.py:532} INFO - Filling up the DagBag from /Users/oanottage/opt/anaconda3/envs/energyvenv/lib/python3.9/site-packages/airflow/example_dags/tutorial_dag.py
[2023-04-07T18:17:27.469+0200] {processor.py:753} INFO - DAG(s) dict_keys(['tutorial_dag']) retrieved from /Users/oanottage/opt/anaconda3/envs/energyvenv/lib/python3.9/site-packages/airflow/example_dags/tutorial_dag.py
[2023-04-07T18:17:28.136+0200] {logging_mixin.py:137} INFO - [2023-04-07T18:17:28.136+0200] {dag.py:2705} INFO - Sync 1 DAGs
[2023-04-07T18:17:28.150+0200] {logging_mixin.py:137} INFO - [2023-04-07T18:17:28.150+0200] {dag.py:3452} INFO - Setting next_dagrun for tutorial_dag to None, run_after=None
[2023-04-07T18:17:28.164+0200] {processor.py:175} INFO - Processing /Users/oanottage/opt/anaconda3/envs/energyvenv/lib/python3.9/site-packages/airflow/example_dags/tutorial_dag.py took 0.746 seconds
[2023-04-07T18:18:48.715+0200] {processor.py:153} INFO - Started process (PID=19786) to work on /Users/oanottage/opt/anaconda3/envs/energyvenv/lib/python3.9/site-packages/airflow/example_dags/tutorial_dag.py
[2023-04-07T18:18:48.718+0200] {processor.py:743} INFO - Processing file /Users/oanottage/opt/anaconda3/envs/energyvenv/lib/python3.9/site-packages/airflow/example_dags/tutorial_dag.py for tasks to queue
[2023-04-07T18:18:48.719+0200] {logging_mixin.py:137} INFO - [2023-04-07T18:18:48.719+0200] {dagbag.py:532} INFO - Filling up the DagBag from /Users/oanottage/opt/anaconda3/envs/energyvenv/lib/python3.9/site-packages/airflow/example_dags/tutorial_dag.py
[2023-04-07T18:18:48.773+0200] {processor.py:753} INFO - DAG(s) dict_keys(['tutorial_dag']) retrieved from /Users/oanottage/opt/anaconda3/envs/energyvenv/lib/python3.9/site-packages/airflow/example_dags/tutorial_dag.py
[2023-04-07T18:18:49.467+0200] {logging_mixin.py:137} INFO - [2023-04-07T18:18:49.467+0200] {dag.py:2705} INFO - Sync 1 DAGs
[2023-04-07T18:18:49.481+0200] {logging_mixin.py:137} INFO - [2023-04-07T18:18:49.481+0200] {dag.py:3452} INFO - Setting next_dagrun for tutorial_dag to None, run_after=None
[2023-04-07T18:18:49.495+0200] {processor.py:175} INFO - Processing /Users/oanottage/opt/anaconda3/envs/energyvenv/lib/python3.9/site-packages/airflow/example_dags/tutorial_dag.py took 0.781 seconds
[2023-04-07T18:20:11.656+0200] {processor.py:153} INFO - Started process (PID=19953) to work on /Users/oanottage/opt/anaconda3/envs/energyvenv/lib/python3.9/site-packages/airflow/example_dags/tutorial_dag.py
[2023-04-07T18:20:11.659+0200] {processor.py:743} INFO - Processing file /Users/oanottage/opt/anaconda3/envs/energyvenv/lib/python3.9/site-packages/airflow/example_dags/tutorial_dag.py for tasks to queue
[2023-04-07T18:20:11.660+0200] {logging_mixin.py:137} INFO - [2023-04-07T18:20:11.660+0200] {dagbag.py:532} INFO - Filling up the DagBag from /Users/oanottage/opt/anaconda3/envs/energyvenv/lib/python3.9/site-packages/airflow/example_dags/tutorial_dag.py
[2023-04-07T18:20:11.711+0200] {processor.py:753} INFO - DAG(s) dict_keys(['tutorial_dag']) retrieved from /Users/oanottage/opt/anaconda3/envs/energyvenv/lib/python3.9/site-packages/airflow/example_dags/tutorial_dag.py
[2023-04-07T18:20:12.451+0200] {logging_mixin.py:137} INFO - [2023-04-07T18:20:12.451+0200] {dag.py:2705} INFO - Sync 1 DAGs
[2023-04-07T18:20:12.465+0200] {logging_mixin.py:137} INFO - [2023-04-07T18:20:12.465+0200] {dag.py:3452} INFO - Setting next_dagrun for tutorial_dag to None, run_after=None
[2023-04-07T18:20:12.482+0200] {processor.py:175} INFO - Processing /Users/oanottage/opt/anaconda3/envs/energyvenv/lib/python3.9/site-packages/airflow/example_dags/tutorial_dag.py took 0.826 seconds
[2023-04-07T18:21:34.115+0200] {processor.py:153} INFO - Started process (PID=20052) to work on /Users/oanottage/opt/anaconda3/envs/energyvenv/lib/python3.9/site-packages/airflow/example_dags/tutorial_dag.py
[2023-04-07T18:21:34.118+0200] {processor.py:743} INFO - Processing file /Users/oanottage/opt/anaconda3/envs/energyvenv/lib/python3.9/site-packages/airflow/example_dags/tutorial_dag.py for tasks to queue
[2023-04-07T18:21:34.118+0200] {logging_mixin.py:137} INFO - [2023-04-07T18:21:34.118+0200] {dagbag.py:532} INFO - Filling up the DagBag from /Users/oanottage/opt/anaconda3/envs/energyvenv/lib/python3.9/site-packages/airflow/example_dags/tutorial_dag.py
[2023-04-07T18:21:34.169+0200] {processor.py:753} INFO - DAG(s) dict_keys(['tutorial_dag']) retrieved from /Users/oanottage/opt/anaconda3/envs/energyvenv/lib/python3.9/site-packages/airflow/example_dags/tutorial_dag.py
[2023-04-07T18:21:34.851+0200] {logging_mixin.py:137} INFO - [2023-04-07T18:21:34.851+0200] {dag.py:2705} INFO - Sync 1 DAGs
[2023-04-07T18:21:34.864+0200] {logging_mixin.py:137} INFO - [2023-04-07T18:21:34.864+0200] {dag.py:3452} INFO - Setting next_dagrun for tutorial_dag to None, run_after=None
[2023-04-07T18:21:34.880+0200] {processor.py:175} INFO - Processing /Users/oanottage/opt/anaconda3/envs/energyvenv/lib/python3.9/site-packages/airflow/example_dags/tutorial_dag.py took 0.765 seconds
[2023-04-07T18:22:53.935+0200] {processor.py:153} INFO - Started process (PID=20136) to work on /Users/oanottage/opt/anaconda3/envs/energyvenv/lib/python3.9/site-packages/airflow/example_dags/tutorial_dag.py
[2023-04-07T18:22:53.938+0200] {processor.py:743} INFO - Processing file /Users/oanottage/opt/anaconda3/envs/energyvenv/lib/python3.9/site-packages/airflow/example_dags/tutorial_dag.py for tasks to queue
[2023-04-07T18:22:53.939+0200] {logging_mixin.py:137} INFO - [2023-04-07T18:22:53.938+0200] {dagbag.py:532} INFO - Filling up the DagBag from /Users/oanottage/opt/anaconda3/envs/energyvenv/lib/python3.9/site-packages/airflow/example_dags/tutorial_dag.py
[2023-04-07T18:22:53.991+0200] {processor.py:753} INFO - DAG(s) dict_keys(['tutorial_dag']) retrieved from /Users/oanottage/opt/anaconda3/envs/energyvenv/lib/python3.9/site-packages/airflow/example_dags/tutorial_dag.py
[2023-04-07T18:22:54.688+0200] {logging_mixin.py:137} INFO - [2023-04-07T18:22:54.688+0200] {dag.py:2705} INFO - Sync 1 DAGs
[2023-04-07T18:22:54.702+0200] {logging_mixin.py:137} INFO - [2023-04-07T18:22:54.701+0200] {dag.py:3452} INFO - Setting next_dagrun for tutorial_dag to None, run_after=None
[2023-04-07T18:22:54.715+0200] {processor.py:175} INFO - Processing /Users/oanottage/opt/anaconda3/envs/energyvenv/lib/python3.9/site-packages/airflow/example_dags/tutorial_dag.py took 0.780 seconds
[2023-04-07T18:24:15.931+0200] {processor.py:153} INFO - Started process (PID=20220) to work on /Users/oanottage/opt/anaconda3/envs/energyvenv/lib/python3.9/site-packages/airflow/example_dags/tutorial_dag.py
[2023-04-07T18:24:15.935+0200] {processor.py:743} INFO - Processing file /Users/oanottage/opt/anaconda3/envs/energyvenv/lib/python3.9/site-packages/airflow/example_dags/tutorial_dag.py for tasks to queue
[2023-04-07T18:24:15.935+0200] {logging_mixin.py:137} INFO - [2023-04-07T18:24:15.935+0200] {dagbag.py:532} INFO - Filling up the DagBag from /Users/oanottage/opt/anaconda3/envs/energyvenv/lib/python3.9/site-packages/airflow/example_dags/tutorial_dag.py
[2023-04-07T18:24:15.984+0200] {processor.py:753} INFO - DAG(s) dict_keys(['tutorial_dag']) retrieved from /Users/oanottage/opt/anaconda3/envs/energyvenv/lib/python3.9/site-packages/airflow/example_dags/tutorial_dag.py
[2023-04-07T18:24:16.712+0200] {logging_mixin.py:137} INFO - [2023-04-07T18:24:16.712+0200] {dag.py:2705} INFO - Sync 1 DAGs
[2023-04-07T18:24:16.726+0200] {logging_mixin.py:137} INFO - [2023-04-07T18:24:16.726+0200] {dag.py:3452} INFO - Setting next_dagrun for tutorial_dag to None, run_after=None
[2023-04-07T18:24:16.739+0200] {processor.py:175} INFO - Processing /Users/oanottage/opt/anaconda3/envs/energyvenv/lib/python3.9/site-packages/airflow/example_dags/tutorial_dag.py took 0.808 seconds
[2023-04-07T18:25:39.479+0200] {processor.py:153} INFO - Started process (PID=20330) to work on /Users/oanottage/opt/anaconda3/envs/energyvenv/lib/python3.9/site-packages/airflow/example_dags/tutorial_dag.py
[2023-04-07T18:25:39.483+0200] {processor.py:743} INFO - Processing file /Users/oanottage/opt/anaconda3/envs/energyvenv/lib/python3.9/site-packages/airflow/example_dags/tutorial_dag.py for tasks to queue
[2023-04-07T18:25:39.484+0200] {logging_mixin.py:137} INFO - [2023-04-07T18:25:39.484+0200] {dagbag.py:532} INFO - Filling up the DagBag from /Users/oanottage/opt/anaconda3/envs/energyvenv/lib/python3.9/site-packages/airflow/example_dags/tutorial_dag.py
[2023-04-07T18:25:39.533+0200] {processor.py:753} INFO - DAG(s) dict_keys(['tutorial_dag']) retrieved from /Users/oanottage/opt/anaconda3/envs/energyvenv/lib/python3.9/site-packages/airflow/example_dags/tutorial_dag.py
[2023-04-07T18:25:40.186+0200] {logging_mixin.py:137} INFO - [2023-04-07T18:25:40.185+0200] {dag.py:2705} INFO - Sync 1 DAGs
[2023-04-07T18:25:40.200+0200] {logging_mixin.py:137} INFO - [2023-04-07T18:25:40.200+0200] {dag.py:3452} INFO - Setting next_dagrun for tutorial_dag to None, run_after=None
[2023-04-07T18:25:40.215+0200] {processor.py:175} INFO - Processing /Users/oanottage/opt/anaconda3/envs/energyvenv/lib/python3.9/site-packages/airflow/example_dags/tutorial_dag.py took 0.737 seconds
[2023-04-07T18:26:58.764+0200] {processor.py:153} INFO - Started process (PID=20424) to work on /Users/oanottage/opt/anaconda3/envs/energyvenv/lib/python3.9/site-packages/airflow/example_dags/tutorial_dag.py
[2023-04-07T18:26:58.767+0200] {processor.py:743} INFO - Processing file /Users/oanottage/opt/anaconda3/envs/energyvenv/lib/python3.9/site-packages/airflow/example_dags/tutorial_dag.py for tasks to queue
[2023-04-07T18:26:58.767+0200] {logging_mixin.py:137} INFO - [2023-04-07T18:26:58.767+0200] {dagbag.py:532} INFO - Filling up the DagBag from /Users/oanottage/opt/anaconda3/envs/energyvenv/lib/python3.9/site-packages/airflow/example_dags/tutorial_dag.py
[2023-04-07T18:26:58.813+0200] {processor.py:753} INFO - DAG(s) dict_keys(['tutorial_dag']) retrieved from /Users/oanottage/opt/anaconda3/envs/energyvenv/lib/python3.9/site-packages/airflow/example_dags/tutorial_dag.py
[2023-04-07T18:26:59.452+0200] {logging_mixin.py:137} INFO - [2023-04-07T18:26:59.452+0200] {dag.py:2705} INFO - Sync 1 DAGs
[2023-04-07T18:26:59.463+0200] {logging_mixin.py:137} INFO - [2023-04-07T18:26:59.463+0200] {dag.py:3452} INFO - Setting next_dagrun for tutorial_dag to None, run_after=None
[2023-04-07T18:26:59.476+0200] {processor.py:175} INFO - Processing /Users/oanottage/opt/anaconda3/envs/energyvenv/lib/python3.9/site-packages/airflow/example_dags/tutorial_dag.py took 0.712 seconds
[2023-04-07T18:28:44.552+0200] {processor.py:153} INFO - Started process (PID=20544) to work on /Users/oanottage/opt/anaconda3/envs/energyvenv/lib/python3.9/site-packages/airflow/example_dags/tutorial_dag.py
[2023-04-07T18:28:44.555+0200] {processor.py:743} INFO - Processing file /Users/oanottage/opt/anaconda3/envs/energyvenv/lib/python3.9/site-packages/airflow/example_dags/tutorial_dag.py for tasks to queue
[2023-04-07T18:28:44.555+0200] {logging_mixin.py:137} INFO - [2023-04-07T18:28:44.555+0200] {dagbag.py:532} INFO - Filling up the DagBag from /Users/oanottage/opt/anaconda3/envs/energyvenv/lib/python3.9/site-packages/airflow/example_dags/tutorial_dag.py
[2023-04-07T18:28:44.618+0200] {processor.py:753} INFO - DAG(s) dict_keys(['tutorial_dag']) retrieved from /Users/oanottage/opt/anaconda3/envs/energyvenv/lib/python3.9/site-packages/airflow/example_dags/tutorial_dag.py
[2023-04-07T18:28:45.353+0200] {logging_mixin.py:137} INFO - [2023-04-07T18:28:45.353+0200] {dag.py:2705} INFO - Sync 1 DAGs
[2023-04-07T18:28:45.367+0200] {logging_mixin.py:137} INFO - [2023-04-07T18:28:45.367+0200] {dag.py:3452} INFO - Setting next_dagrun for tutorial_dag to None, run_after=None
[2023-04-07T18:28:45.381+0200] {processor.py:175} INFO - Processing /Users/oanottage/opt/anaconda3/envs/energyvenv/lib/python3.9/site-packages/airflow/example_dags/tutorial_dag.py took 0.830 seconds
[2023-04-07T18:30:06.635+0200] {processor.py:153} INFO - Started process (PID=20697) to work on /Users/oanottage/opt/anaconda3/envs/energyvenv/lib/python3.9/site-packages/airflow/example_dags/tutorial_dag.py
[2023-04-07T18:30:06.638+0200] {processor.py:743} INFO - Processing file /Users/oanottage/opt/anaconda3/envs/energyvenv/lib/python3.9/site-packages/airflow/example_dags/tutorial_dag.py for tasks to queue
[2023-04-07T18:30:06.638+0200] {logging_mixin.py:137} INFO - [2023-04-07T18:30:06.638+0200] {dagbag.py:532} INFO - Filling up the DagBag from /Users/oanottage/opt/anaconda3/envs/energyvenv/lib/python3.9/site-packages/airflow/example_dags/tutorial_dag.py
[2023-04-07T18:30:06.683+0200] {processor.py:753} INFO - DAG(s) dict_keys(['tutorial_dag']) retrieved from /Users/oanottage/opt/anaconda3/envs/energyvenv/lib/python3.9/site-packages/airflow/example_dags/tutorial_dag.py
[2023-04-07T18:30:07.479+0200] {logging_mixin.py:137} INFO - [2023-04-07T18:30:07.478+0200] {dag.py:2705} INFO - Sync 1 DAGs
[2023-04-07T18:30:07.496+0200] {logging_mixin.py:137} INFO - [2023-04-07T18:30:07.496+0200] {dag.py:3452} INFO - Setting next_dagrun for tutorial_dag to None, run_after=None
[2023-04-07T18:30:07.512+0200] {processor.py:175} INFO - Processing /Users/oanottage/opt/anaconda3/envs/energyvenv/lib/python3.9/site-packages/airflow/example_dags/tutorial_dag.py took 0.878 seconds
[2023-04-07T18:42:04.209+0200] {processor.py:153} INFO - Started process (PID=21387) to work on /Users/oanottage/opt/anaconda3/envs/energyvenv/lib/python3.9/site-packages/airflow/example_dags/tutorial_dag.py
[2023-04-07T18:42:04.212+0200] {processor.py:743} INFO - Processing file /Users/oanottage/opt/anaconda3/envs/energyvenv/lib/python3.9/site-packages/airflow/example_dags/tutorial_dag.py for tasks to queue
[2023-04-07T18:42:04.213+0200] {logging_mixin.py:137} INFO - [2023-04-07T18:42:04.213+0200] {dagbag.py:532} INFO - Filling up the DagBag from /Users/oanottage/opt/anaconda3/envs/energyvenv/lib/python3.9/site-packages/airflow/example_dags/tutorial_dag.py
[2023-04-07T18:42:04.270+0200] {processor.py:753} INFO - DAG(s) dict_keys(['tutorial_dag']) retrieved from /Users/oanottage/opt/anaconda3/envs/energyvenv/lib/python3.9/site-packages/airflow/example_dags/tutorial_dag.py
[2023-04-07T18:42:05.103+0200] {logging_mixin.py:137} INFO - [2023-04-07T18:42:05.103+0200] {dag.py:2705} INFO - Sync 1 DAGs
[2023-04-07T18:42:05.118+0200] {logging_mixin.py:137} INFO - [2023-04-07T18:42:05.118+0200] {dag.py:3452} INFO - Setting next_dagrun for tutorial_dag to None, run_after=None
[2023-04-07T18:42:05.134+0200] {processor.py:175} INFO - Processing /Users/oanottage/opt/anaconda3/envs/energyvenv/lib/python3.9/site-packages/airflow/example_dags/tutorial_dag.py took 0.926 seconds
[2023-04-07T18:44:00.058+0200] {processor.py:153} INFO - Started process (PID=21526) to work on /Users/oanottage/opt/anaconda3/envs/energyvenv/lib/python3.9/site-packages/airflow/example_dags/tutorial_dag.py
[2023-04-07T18:44:00.062+0200] {processor.py:743} INFO - Processing file /Users/oanottage/opt/anaconda3/envs/energyvenv/lib/python3.9/site-packages/airflow/example_dags/tutorial_dag.py for tasks to queue
[2023-04-07T18:44:00.062+0200] {logging_mixin.py:137} INFO - [2023-04-07T18:44:00.062+0200] {dagbag.py:532} INFO - Filling up the DagBag from /Users/oanottage/opt/anaconda3/envs/energyvenv/lib/python3.9/site-packages/airflow/example_dags/tutorial_dag.py
[2023-04-07T18:44:00.118+0200] {processor.py:753} INFO - DAG(s) dict_keys(['tutorial_dag']) retrieved from /Users/oanottage/opt/anaconda3/envs/energyvenv/lib/python3.9/site-packages/airflow/example_dags/tutorial_dag.py
[2023-04-07T18:44:00.799+0200] {logging_mixin.py:137} INFO - [2023-04-07T18:44:00.799+0200] {dag.py:2705} INFO - Sync 1 DAGs
[2023-04-07T18:44:00.811+0200] {logging_mixin.py:137} INFO - [2023-04-07T18:44:00.811+0200] {dag.py:3452} INFO - Setting next_dagrun for tutorial_dag to None, run_after=None
[2023-04-07T18:44:00.824+0200] {processor.py:175} INFO - Processing /Users/oanottage/opt/anaconda3/envs/energyvenv/lib/python3.9/site-packages/airflow/example_dags/tutorial_dag.py took 0.766 seconds
[2023-04-07T18:44:59.792+0200] {processor.py:153} INFO - Started process (PID=21615) to work on /Users/oanottage/opt/anaconda3/envs/energyvenv/lib/python3.9/site-packages/airflow/example_dags/tutorial_dag.py
[2023-04-07T18:44:59.795+0200] {processor.py:743} INFO - Processing file /Users/oanottage/opt/anaconda3/envs/energyvenv/lib/python3.9/site-packages/airflow/example_dags/tutorial_dag.py for tasks to queue
[2023-04-07T18:44:59.795+0200] {logging_mixin.py:137} INFO - [2023-04-07T18:44:59.795+0200] {dagbag.py:532} INFO - Filling up the DagBag from /Users/oanottage/opt/anaconda3/envs/energyvenv/lib/python3.9/site-packages/airflow/example_dags/tutorial_dag.py
[2023-04-07T18:44:59.852+0200] {processor.py:753} INFO - DAG(s) dict_keys(['tutorial_dag']) retrieved from /Users/oanottage/opt/anaconda3/envs/energyvenv/lib/python3.9/site-packages/airflow/example_dags/tutorial_dag.py
[2023-04-07T18:45:00.666+0200] {logging_mixin.py:137} INFO - [2023-04-07T18:45:00.666+0200] {dag.py:2705} INFO - Sync 1 DAGs
[2023-04-07T18:45:00.685+0200] {logging_mixin.py:137} INFO - [2023-04-07T18:45:00.685+0200] {dag.py:3452} INFO - Setting next_dagrun for tutorial_dag to None, run_after=None
[2023-04-07T18:45:00.702+0200] {processor.py:175} INFO - Processing /Users/oanottage/opt/anaconda3/envs/energyvenv/lib/python3.9/site-packages/airflow/example_dags/tutorial_dag.py took 0.911 seconds
