[2023-04-07T17:54:10.472+0200] {processor.py:153} INFO - Started process (PID=17791) to work on /Users/oanottage/opt/anaconda3/envs/energyvenv/lib/python3.9/site-packages/airflow/example_dags/tutorial_taskflow_api.py
[2023-04-07T17:54:10.475+0200] {processor.py:743} INFO - Processing file /Users/oanottage/opt/anaconda3/envs/energyvenv/lib/python3.9/site-packages/airflow/example_dags/tutorial_taskflow_api.py for tasks to queue
[2023-04-07T17:54:10.476+0200] {logging_mixin.py:137} INFO - [2023-04-07T17:54:10.476+0200] {dagbag.py:532} INFO - Filling up the DagBag from /Users/oanottage/opt/anaconda3/envs/energyvenv/lib/python3.9/site-packages/airflow/example_dags/tutorial_taskflow_api.py
[2023-04-07T17:54:10.626+0200] {processor.py:753} INFO - DAG(s) dict_keys(['tutorial_taskflow_api']) retrieved from /Users/oanottage/opt/anaconda3/envs/energyvenv/lib/python3.9/site-packages/airflow/example_dags/tutorial_taskflow_api.py
[2023-04-07T17:54:11.289+0200] {logging_mixin.py:137} INFO - [2023-04-07T17:54:11.289+0200] {dag.py:2705} INFO - Sync 1 DAGs
[2023-04-07T17:54:11.300+0200] {logging_mixin.py:137} INFO - [2023-04-07T17:54:11.300+0200] {dag.py:3452} INFO - Setting next_dagrun for tutorial_taskflow_api to None, run_after=None
[2023-04-07T17:54:11.314+0200] {processor.py:175} INFO - Processing /Users/oanottage/opt/anaconda3/envs/energyvenv/lib/python3.9/site-packages/airflow/example_dags/tutorial_taskflow_api.py took 0.842 seconds
[2023-04-07T17:56:19.151+0200] {processor.py:153} INFO - Started process (PID=18007) to work on /Users/oanottage/opt/anaconda3/envs/energyvenv/lib/python3.9/site-packages/airflow/example_dags/tutorial_taskflow_api.py
[2023-04-07T17:56:19.154+0200] {processor.py:743} INFO - Processing file /Users/oanottage/opt/anaconda3/envs/energyvenv/lib/python3.9/site-packages/airflow/example_dags/tutorial_taskflow_api.py for tasks to queue
[2023-04-07T17:56:19.155+0200] {logging_mixin.py:137} INFO - [2023-04-07T17:56:19.155+0200] {dagbag.py:532} INFO - Filling up the DagBag from /Users/oanottage/opt/anaconda3/envs/energyvenv/lib/python3.9/site-packages/airflow/example_dags/tutorial_taskflow_api.py
[2023-04-07T17:56:19.239+0200] {processor.py:753} INFO - DAG(s) dict_keys(['tutorial_taskflow_api']) retrieved from /Users/oanottage/opt/anaconda3/envs/energyvenv/lib/python3.9/site-packages/airflow/example_dags/tutorial_taskflow_api.py
[2023-04-07T17:56:19.941+0200] {logging_mixin.py:137} INFO - [2023-04-07T17:56:19.941+0200] {dag.py:2705} INFO - Sync 1 DAGs
[2023-04-07T17:56:19.961+0200] {logging_mixin.py:137} INFO - [2023-04-07T17:56:19.961+0200] {dag.py:3452} INFO - Setting next_dagrun for tutorial_taskflow_api to None, run_after=None
[2023-04-07T17:56:19.979+0200] {processor.py:175} INFO - Processing /Users/oanottage/opt/anaconda3/envs/energyvenv/lib/python3.9/site-packages/airflow/example_dags/tutorial_taskflow_api.py took 0.829 seconds
[2023-04-07T17:57:56.642+0200] {processor.py:153} INFO - Started process (PID=18109) to work on /Users/oanottage/opt/anaconda3/envs/energyvenv/lib/python3.9/site-packages/airflow/example_dags/tutorial_taskflow_api.py
[2023-04-07T17:57:56.645+0200] {processor.py:743} INFO - Processing file /Users/oanottage/opt/anaconda3/envs/energyvenv/lib/python3.9/site-packages/airflow/example_dags/tutorial_taskflow_api.py for tasks to queue
[2023-04-07T17:57:56.645+0200] {logging_mixin.py:137} INFO - [2023-04-07T17:57:56.645+0200] {dagbag.py:532} INFO - Filling up the DagBag from /Users/oanottage/opt/anaconda3/envs/energyvenv/lib/python3.9/site-packages/airflow/example_dags/tutorial_taskflow_api.py
[2023-04-07T17:57:56.701+0200] {processor.py:753} INFO - DAG(s) dict_keys(['tutorial_taskflow_api']) retrieved from /Users/oanottage/opt/anaconda3/envs/energyvenv/lib/python3.9/site-packages/airflow/example_dags/tutorial_taskflow_api.py
[2023-04-07T17:57:57.314+0200] {logging_mixin.py:137} INFO - [2023-04-07T17:57:57.314+0200] {dag.py:2705} INFO - Sync 1 DAGs
[2023-04-07T17:57:57.325+0200] {logging_mixin.py:137} INFO - [2023-04-07T17:57:57.325+0200] {dag.py:3452} INFO - Setting next_dagrun for tutorial_taskflow_api to None, run_after=None
[2023-04-07T17:57:57.338+0200] {processor.py:175} INFO - Processing /Users/oanottage/opt/anaconda3/envs/energyvenv/lib/python3.9/site-packages/airflow/example_dags/tutorial_taskflow_api.py took 0.697 seconds
[2023-04-07T17:59:16.457+0200] {processor.py:153} INFO - Started process (PID=18207) to work on /Users/oanottage/opt/anaconda3/envs/energyvenv/lib/python3.9/site-packages/airflow/example_dags/tutorial_taskflow_api.py
[2023-04-07T17:59:16.460+0200] {processor.py:743} INFO - Processing file /Users/oanottage/opt/anaconda3/envs/energyvenv/lib/python3.9/site-packages/airflow/example_dags/tutorial_taskflow_api.py for tasks to queue
[2023-04-07T17:59:16.460+0200] {logging_mixin.py:137} INFO - [2023-04-07T17:59:16.460+0200] {dagbag.py:532} INFO - Filling up the DagBag from /Users/oanottage/opt/anaconda3/envs/energyvenv/lib/python3.9/site-packages/airflow/example_dags/tutorial_taskflow_api.py
[2023-04-07T17:59:16.521+0200] {processor.py:753} INFO - DAG(s) dict_keys(['tutorial_taskflow_api']) retrieved from /Users/oanottage/opt/anaconda3/envs/energyvenv/lib/python3.9/site-packages/airflow/example_dags/tutorial_taskflow_api.py
[2023-04-07T17:59:17.132+0200] {logging_mixin.py:137} INFO - [2023-04-07T17:59:17.132+0200] {dag.py:2705} INFO - Sync 1 DAGs
[2023-04-07T17:59:17.144+0200] {logging_mixin.py:137} INFO - [2023-04-07T17:59:17.144+0200] {dag.py:3452} INFO - Setting next_dagrun for tutorial_taskflow_api to None, run_after=None
[2023-04-07T17:59:17.156+0200] {processor.py:175} INFO - Processing /Users/oanottage/opt/anaconda3/envs/energyvenv/lib/python3.9/site-packages/airflow/example_dags/tutorial_taskflow_api.py took 0.700 seconds
[2023-04-07T18:00:35.820+0200] {processor.py:153} INFO - Started process (PID=18297) to work on /Users/oanottage/opt/anaconda3/envs/energyvenv/lib/python3.9/site-packages/airflow/example_dags/tutorial_taskflow_api.py
[2023-04-07T18:00:35.823+0200] {processor.py:743} INFO - Processing file /Users/oanottage/opt/anaconda3/envs/energyvenv/lib/python3.9/site-packages/airflow/example_dags/tutorial_taskflow_api.py for tasks to queue
[2023-04-07T18:00:35.823+0200] {logging_mixin.py:137} INFO - [2023-04-07T18:00:35.823+0200] {dagbag.py:532} INFO - Filling up the DagBag from /Users/oanottage/opt/anaconda3/envs/energyvenv/lib/python3.9/site-packages/airflow/example_dags/tutorial_taskflow_api.py
[2023-04-07T18:00:35.878+0200] {processor.py:753} INFO - DAG(s) dict_keys(['tutorial_taskflow_api']) retrieved from /Users/oanottage/opt/anaconda3/envs/energyvenv/lib/python3.9/site-packages/airflow/example_dags/tutorial_taskflow_api.py
[2023-04-07T18:00:36.573+0200] {logging_mixin.py:137} INFO - [2023-04-07T18:00:36.573+0200] {dag.py:2705} INFO - Sync 1 DAGs
[2023-04-07T18:00:36.584+0200] {logging_mixin.py:137} INFO - [2023-04-07T18:00:36.584+0200] {dag.py:3452} INFO - Setting next_dagrun for tutorial_taskflow_api to None, run_after=None
[2023-04-07T18:00:36.598+0200] {processor.py:175} INFO - Processing /Users/oanottage/opt/anaconda3/envs/energyvenv/lib/python3.9/site-packages/airflow/example_dags/tutorial_taskflow_api.py took 0.778 seconds
[2023-04-07T18:01:58.078+0200] {processor.py:153} INFO - Started process (PID=18400) to work on /Users/oanottage/opt/anaconda3/envs/energyvenv/lib/python3.9/site-packages/airflow/example_dags/tutorial_taskflow_api.py
[2023-04-07T18:01:58.082+0200] {processor.py:743} INFO - Processing file /Users/oanottage/opt/anaconda3/envs/energyvenv/lib/python3.9/site-packages/airflow/example_dags/tutorial_taskflow_api.py for tasks to queue
[2023-04-07T18:01:58.082+0200] {logging_mixin.py:137} INFO - [2023-04-07T18:01:58.082+0200] {dagbag.py:532} INFO - Filling up the DagBag from /Users/oanottage/opt/anaconda3/envs/energyvenv/lib/python3.9/site-packages/airflow/example_dags/tutorial_taskflow_api.py
[2023-04-07T18:01:58.145+0200] {processor.py:753} INFO - DAG(s) dict_keys(['tutorial_taskflow_api']) retrieved from /Users/oanottage/opt/anaconda3/envs/energyvenv/lib/python3.9/site-packages/airflow/example_dags/tutorial_taskflow_api.py
[2023-04-07T18:01:58.855+0200] {logging_mixin.py:137} INFO - [2023-04-07T18:01:58.855+0200] {dag.py:2705} INFO - Sync 1 DAGs
[2023-04-07T18:01:58.869+0200] {logging_mixin.py:137} INFO - [2023-04-07T18:01:58.869+0200] {dag.py:3452} INFO - Setting next_dagrun for tutorial_taskflow_api to None, run_after=None
[2023-04-07T18:01:58.883+0200] {processor.py:175} INFO - Processing /Users/oanottage/opt/anaconda3/envs/energyvenv/lib/python3.9/site-packages/airflow/example_dags/tutorial_taskflow_api.py took 0.805 seconds
[2023-04-07T18:03:17.953+0200] {processor.py:153} INFO - Started process (PID=18482) to work on /Users/oanottage/opt/anaconda3/envs/energyvenv/lib/python3.9/site-packages/airflow/example_dags/tutorial_taskflow_api.py
[2023-04-07T18:03:17.956+0200] {processor.py:743} INFO - Processing file /Users/oanottage/opt/anaconda3/envs/energyvenv/lib/python3.9/site-packages/airflow/example_dags/tutorial_taskflow_api.py for tasks to queue
[2023-04-07T18:03:17.957+0200] {logging_mixin.py:137} INFO - [2023-04-07T18:03:17.957+0200] {dagbag.py:532} INFO - Filling up the DagBag from /Users/oanottage/opt/anaconda3/envs/energyvenv/lib/python3.9/site-packages/airflow/example_dags/tutorial_taskflow_api.py
[2023-04-07T18:03:18.011+0200] {processor.py:753} INFO - DAG(s) dict_keys(['tutorial_taskflow_api']) retrieved from /Users/oanottage/opt/anaconda3/envs/energyvenv/lib/python3.9/site-packages/airflow/example_dags/tutorial_taskflow_api.py
[2023-04-07T18:03:18.641+0200] {logging_mixin.py:137} INFO - [2023-04-07T18:03:18.641+0200] {dag.py:2705} INFO - Sync 1 DAGs
[2023-04-07T18:03:18.652+0200] {logging_mixin.py:137} INFO - [2023-04-07T18:03:18.652+0200] {dag.py:3452} INFO - Setting next_dagrun for tutorial_taskflow_api to None, run_after=None
[2023-04-07T18:03:18.665+0200] {processor.py:175} INFO - Processing /Users/oanottage/opt/anaconda3/envs/energyvenv/lib/python3.9/site-packages/airflow/example_dags/tutorial_taskflow_api.py took 0.712 seconds
[2023-04-07T18:04:21.828+0200] {processor.py:153} INFO - Started process (PID=18554) to work on /Users/oanottage/opt/anaconda3/envs/energyvenv/lib/python3.9/site-packages/airflow/example_dags/tutorial_taskflow_api.py
[2023-04-07T18:04:21.831+0200] {processor.py:743} INFO - Processing file /Users/oanottage/opt/anaconda3/envs/energyvenv/lib/python3.9/site-packages/airflow/example_dags/tutorial_taskflow_api.py for tasks to queue
[2023-04-07T18:04:21.831+0200] {logging_mixin.py:137} INFO - [2023-04-07T18:04:21.831+0200] {dagbag.py:532} INFO - Filling up the DagBag from /Users/oanottage/opt/anaconda3/envs/energyvenv/lib/python3.9/site-packages/airflow/example_dags/tutorial_taskflow_api.py
[2023-04-07T18:04:21.886+0200] {processor.py:753} INFO - DAG(s) dict_keys(['tutorial_taskflow_api']) retrieved from /Users/oanottage/opt/anaconda3/envs/energyvenv/lib/python3.9/site-packages/airflow/example_dags/tutorial_taskflow_api.py
[2023-04-07T18:04:22.573+0200] {logging_mixin.py:137} INFO - [2023-04-07T18:04:22.573+0200] {dag.py:2705} INFO - Sync 1 DAGs
[2023-04-07T18:04:22.586+0200] {logging_mixin.py:137} INFO - [2023-04-07T18:04:22.586+0200] {dag.py:3452} INFO - Setting next_dagrun for tutorial_taskflow_api to None, run_after=None
[2023-04-07T18:04:22.599+0200] {processor.py:175} INFO - Processing /Users/oanottage/opt/anaconda3/envs/energyvenv/lib/python3.9/site-packages/airflow/example_dags/tutorial_taskflow_api.py took 0.772 seconds
[2023-04-07T18:06:15.399+0200] {processor.py:153} INFO - Started process (PID=18722) to work on /Users/oanottage/opt/anaconda3/envs/energyvenv/lib/python3.9/site-packages/airflow/example_dags/tutorial_taskflow_api.py
[2023-04-07T18:06:15.404+0200] {processor.py:743} INFO - Processing file /Users/oanottage/opt/anaconda3/envs/energyvenv/lib/python3.9/site-packages/airflow/example_dags/tutorial_taskflow_api.py for tasks to queue
[2023-04-07T18:06:15.405+0200] {logging_mixin.py:137} INFO - [2023-04-07T18:06:15.405+0200] {dagbag.py:532} INFO - Filling up the DagBag from /Users/oanottage/opt/anaconda3/envs/energyvenv/lib/python3.9/site-packages/airflow/example_dags/tutorial_taskflow_api.py
[2023-04-07T18:06:15.489+0200] {processor.py:753} INFO - DAG(s) dict_keys(['tutorial_taskflow_api']) retrieved from /Users/oanottage/opt/anaconda3/envs/energyvenv/lib/python3.9/site-packages/airflow/example_dags/tutorial_taskflow_api.py
[2023-04-07T18:06:16.234+0200] {logging_mixin.py:137} INFO - [2023-04-07T18:06:16.233+0200] {dag.py:2705} INFO - Sync 1 DAGs
[2023-04-07T18:06:16.252+0200] {logging_mixin.py:137} INFO - [2023-04-07T18:06:16.252+0200] {dag.py:3452} INFO - Setting next_dagrun for tutorial_taskflow_api to None, run_after=None
[2023-04-07T18:06:16.268+0200] {processor.py:175} INFO - Processing /Users/oanottage/opt/anaconda3/envs/energyvenv/lib/python3.9/site-packages/airflow/example_dags/tutorial_taskflow_api.py took 0.869 seconds
[2023-04-07T18:07:51.984+0200] {processor.py:153} INFO - Started process (PID=18865) to work on /Users/oanottage/opt/anaconda3/envs/energyvenv/lib/python3.9/site-packages/airflow/example_dags/tutorial_taskflow_api.py
[2023-04-07T18:07:51.988+0200] {processor.py:743} INFO - Processing file /Users/oanottage/opt/anaconda3/envs/energyvenv/lib/python3.9/site-packages/airflow/example_dags/tutorial_taskflow_api.py for tasks to queue
[2023-04-07T18:07:51.988+0200] {logging_mixin.py:137} INFO - [2023-04-07T18:07:51.988+0200] {dagbag.py:532} INFO - Filling up the DagBag from /Users/oanottage/opt/anaconda3/envs/energyvenv/lib/python3.9/site-packages/airflow/example_dags/tutorial_taskflow_api.py
[2023-04-07T18:07:52.043+0200] {processor.py:753} INFO - DAG(s) dict_keys(['tutorial_taskflow_api']) retrieved from /Users/oanottage/opt/anaconda3/envs/energyvenv/lib/python3.9/site-packages/airflow/example_dags/tutorial_taskflow_api.py
[2023-04-07T18:07:52.652+0200] {logging_mixin.py:137} INFO - [2023-04-07T18:07:52.652+0200] {dag.py:2705} INFO - Sync 1 DAGs
[2023-04-07T18:07:52.664+0200] {logging_mixin.py:137} INFO - [2023-04-07T18:07:52.664+0200] {dag.py:3452} INFO - Setting next_dagrun for tutorial_taskflow_api to None, run_after=None
[2023-04-07T18:07:52.676+0200] {processor.py:175} INFO - Processing /Users/oanottage/opt/anaconda3/envs/energyvenv/lib/python3.9/site-packages/airflow/example_dags/tutorial_taskflow_api.py took 0.693 seconds
[2023-04-07T18:09:43.756+0200] {processor.py:153} INFO - Started process (PID=19078) to work on /Users/oanottage/opt/anaconda3/envs/energyvenv/lib/python3.9/site-packages/airflow/example_dags/tutorial_taskflow_api.py
[2023-04-07T18:09:43.760+0200] {processor.py:743} INFO - Processing file /Users/oanottage/opt/anaconda3/envs/energyvenv/lib/python3.9/site-packages/airflow/example_dags/tutorial_taskflow_api.py for tasks to queue
[2023-04-07T18:09:43.760+0200] {logging_mixin.py:137} INFO - [2023-04-07T18:09:43.760+0200] {dagbag.py:532} INFO - Filling up the DagBag from /Users/oanottage/opt/anaconda3/envs/energyvenv/lib/python3.9/site-packages/airflow/example_dags/tutorial_taskflow_api.py
[2023-04-07T18:09:43.814+0200] {processor.py:753} INFO - DAG(s) dict_keys(['tutorial_taskflow_api']) retrieved from /Users/oanottage/opt/anaconda3/envs/energyvenv/lib/python3.9/site-packages/airflow/example_dags/tutorial_taskflow_api.py
[2023-04-07T18:09:44.562+0200] {logging_mixin.py:137} INFO - [2023-04-07T18:09:44.562+0200] {dag.py:2705} INFO - Sync 1 DAGs
[2023-04-07T18:09:44.578+0200] {logging_mixin.py:137} INFO - [2023-04-07T18:09:44.578+0200] {dag.py:3452} INFO - Setting next_dagrun for tutorial_taskflow_api to None, run_after=None
[2023-04-07T18:09:44.593+0200] {processor.py:175} INFO - Processing /Users/oanottage/opt/anaconda3/envs/energyvenv/lib/python3.9/site-packages/airflow/example_dags/tutorial_taskflow_api.py took 0.838 seconds
[2023-04-07T18:11:03.877+0200] {processor.py:153} INFO - Started process (PID=19185) to work on /Users/oanottage/opt/anaconda3/envs/energyvenv/lib/python3.9/site-packages/airflow/example_dags/tutorial_taskflow_api.py
[2023-04-07T18:11:03.890+0200] {processor.py:743} INFO - Processing file /Users/oanottage/opt/anaconda3/envs/energyvenv/lib/python3.9/site-packages/airflow/example_dags/tutorial_taskflow_api.py for tasks to queue
[2023-04-07T18:11:03.890+0200] {logging_mixin.py:137} INFO - [2023-04-07T18:11:03.890+0200] {dagbag.py:532} INFO - Filling up the DagBag from /Users/oanottage/opt/anaconda3/envs/energyvenv/lib/python3.9/site-packages/airflow/example_dags/tutorial_taskflow_api.py
[2023-04-07T18:11:03.977+0200] {processor.py:753} INFO - DAG(s) dict_keys(['tutorial_taskflow_api']) retrieved from /Users/oanottage/opt/anaconda3/envs/energyvenv/lib/python3.9/site-packages/airflow/example_dags/tutorial_taskflow_api.py
[2023-04-07T18:11:04.738+0200] {logging_mixin.py:137} INFO - [2023-04-07T18:11:04.738+0200] {dag.py:2705} INFO - Sync 1 DAGs
[2023-04-07T18:11:04.756+0200] {logging_mixin.py:137} INFO - [2023-04-07T18:11:04.756+0200] {dag.py:3452} INFO - Setting next_dagrun for tutorial_taskflow_api to None, run_after=None
[2023-04-07T18:11:04.773+0200] {processor.py:175} INFO - Processing /Users/oanottage/opt/anaconda3/envs/energyvenv/lib/python3.9/site-packages/airflow/example_dags/tutorial_taskflow_api.py took 0.950 seconds
[2023-04-07T18:12:26.503+0200] {processor.py:153} INFO - Started process (PID=19281) to work on /Users/oanottage/opt/anaconda3/envs/energyvenv/lib/python3.9/site-packages/airflow/example_dags/tutorial_taskflow_api.py
[2023-04-07T18:12:26.506+0200] {processor.py:743} INFO - Processing file /Users/oanottage/opt/anaconda3/envs/energyvenv/lib/python3.9/site-packages/airflow/example_dags/tutorial_taskflow_api.py for tasks to queue
[2023-04-07T18:12:26.506+0200] {logging_mixin.py:137} INFO - [2023-04-07T18:12:26.506+0200] {dagbag.py:532} INFO - Filling up the DagBag from /Users/oanottage/opt/anaconda3/envs/energyvenv/lib/python3.9/site-packages/airflow/example_dags/tutorial_taskflow_api.py
[2023-04-07T18:12:26.560+0200] {processor.py:753} INFO - DAG(s) dict_keys(['tutorial_taskflow_api']) retrieved from /Users/oanottage/opt/anaconda3/envs/energyvenv/lib/python3.9/site-packages/airflow/example_dags/tutorial_taskflow_api.py
[2023-04-07T18:12:27.174+0200] {logging_mixin.py:137} INFO - [2023-04-07T18:12:27.174+0200] {dag.py:2705} INFO - Sync 1 DAGs
[2023-04-07T18:12:27.186+0200] {logging_mixin.py:137} INFO - [2023-04-07T18:12:27.186+0200] {dag.py:3452} INFO - Setting next_dagrun for tutorial_taskflow_api to None, run_after=None
[2023-04-07T18:12:27.198+0200] {processor.py:175} INFO - Processing /Users/oanottage/opt/anaconda3/envs/energyvenv/lib/python3.9/site-packages/airflow/example_dags/tutorial_taskflow_api.py took 0.696 seconds
[2023-04-07T18:13:01.064+0200] {processor.py:153} INFO - Started process (PID=19345) to work on /Users/oanottage/opt/anaconda3/envs/energyvenv/lib/python3.9/site-packages/airflow/example_dags/tutorial_taskflow_api.py
[2023-04-07T18:13:01.067+0200] {processor.py:743} INFO - Processing file /Users/oanottage/opt/anaconda3/envs/energyvenv/lib/python3.9/site-packages/airflow/example_dags/tutorial_taskflow_api.py for tasks to queue
[2023-04-07T18:13:01.067+0200] {logging_mixin.py:137} INFO - [2023-04-07T18:13:01.067+0200] {dagbag.py:532} INFO - Filling up the DagBag from /Users/oanottage/opt/anaconda3/envs/energyvenv/lib/python3.9/site-packages/airflow/example_dags/tutorial_taskflow_api.py
[2023-04-07T18:13:01.118+0200] {processor.py:753} INFO - DAG(s) dict_keys(['tutorial_taskflow_api']) retrieved from /Users/oanottage/opt/anaconda3/envs/energyvenv/lib/python3.9/site-packages/airflow/example_dags/tutorial_taskflow_api.py
[2023-04-07T18:13:01.829+0200] {logging_mixin.py:137} INFO - [2023-04-07T18:13:01.829+0200] {dag.py:2705} INFO - Sync 1 DAGs
[2023-04-07T18:13:01.843+0200] {logging_mixin.py:137} INFO - [2023-04-07T18:13:01.843+0200] {dag.py:3452} INFO - Setting next_dagrun for tutorial_taskflow_api to None, run_after=None
[2023-04-07T18:13:01.857+0200] {processor.py:175} INFO - Processing /Users/oanottage/opt/anaconda3/envs/energyvenv/lib/python3.9/site-packages/airflow/example_dags/tutorial_taskflow_api.py took 0.794 seconds
[2023-04-07T18:15:32.680+0200] {processor.py:153} INFO - Started process (PID=19545) to work on /Users/oanottage/opt/anaconda3/envs/energyvenv/lib/python3.9/site-packages/airflow/example_dags/tutorial_taskflow_api.py
[2023-04-07T18:15:32.684+0200] {processor.py:743} INFO - Processing file /Users/oanottage/opt/anaconda3/envs/energyvenv/lib/python3.9/site-packages/airflow/example_dags/tutorial_taskflow_api.py for tasks to queue
[2023-04-07T18:15:32.684+0200] {logging_mixin.py:137} INFO - [2023-04-07T18:15:32.684+0200] {dagbag.py:532} INFO - Filling up the DagBag from /Users/oanottage/opt/anaconda3/envs/energyvenv/lib/python3.9/site-packages/airflow/example_dags/tutorial_taskflow_api.py
[2023-04-07T18:15:32.750+0200] {processor.py:753} INFO - DAG(s) dict_keys(['tutorial_taskflow_api']) retrieved from /Users/oanottage/opt/anaconda3/envs/energyvenv/lib/python3.9/site-packages/airflow/example_dags/tutorial_taskflow_api.py
[2023-04-07T18:15:33.517+0200] {logging_mixin.py:137} INFO - [2023-04-07T18:15:33.517+0200] {dag.py:2705} INFO - Sync 1 DAGs
[2023-04-07T18:15:33.534+0200] {logging_mixin.py:137} INFO - [2023-04-07T18:15:33.534+0200] {dag.py:3452} INFO - Setting next_dagrun for tutorial_taskflow_api to None, run_after=None
[2023-04-07T18:15:33.551+0200] {processor.py:175} INFO - Processing /Users/oanottage/opt/anaconda3/envs/energyvenv/lib/python3.9/site-packages/airflow/example_dags/tutorial_taskflow_api.py took 0.871 seconds
[2023-04-07T18:17:24.776+0200] {processor.py:153} INFO - Started process (PID=19696) to work on /Users/oanottage/opt/anaconda3/envs/energyvenv/lib/python3.9/site-packages/airflow/example_dags/tutorial_taskflow_api.py
[2023-04-07T18:17:24.780+0200] {processor.py:743} INFO - Processing file /Users/oanottage/opt/anaconda3/envs/energyvenv/lib/python3.9/site-packages/airflow/example_dags/tutorial_taskflow_api.py for tasks to queue
[2023-04-07T18:17:24.780+0200] {logging_mixin.py:137} INFO - [2023-04-07T18:17:24.780+0200] {dagbag.py:532} INFO - Filling up the DagBag from /Users/oanottage/opt/anaconda3/envs/energyvenv/lib/python3.9/site-packages/airflow/example_dags/tutorial_taskflow_api.py
[2023-04-07T18:17:24.842+0200] {processor.py:753} INFO - DAG(s) dict_keys(['tutorial_taskflow_api']) retrieved from /Users/oanottage/opt/anaconda3/envs/energyvenv/lib/python3.9/site-packages/airflow/example_dags/tutorial_taskflow_api.py
[2023-04-07T18:17:25.507+0200] {logging_mixin.py:137} INFO - [2023-04-07T18:17:25.507+0200] {dag.py:2705} INFO - Sync 1 DAGs
[2023-04-07T18:17:25.519+0200] {logging_mixin.py:137} INFO - [2023-04-07T18:17:25.518+0200] {dag.py:3452} INFO - Setting next_dagrun for tutorial_taskflow_api to None, run_after=None
[2023-04-07T18:17:25.531+0200] {processor.py:175} INFO - Processing /Users/oanottage/opt/anaconda3/envs/energyvenv/lib/python3.9/site-packages/airflow/example_dags/tutorial_taskflow_api.py took 0.756 seconds
[2023-04-07T18:18:46.039+0200] {processor.py:153} INFO - Started process (PID=19781) to work on /Users/oanottage/opt/anaconda3/envs/energyvenv/lib/python3.9/site-packages/airflow/example_dags/tutorial_taskflow_api.py
[2023-04-07T18:18:46.042+0200] {processor.py:743} INFO - Processing file /Users/oanottage/opt/anaconda3/envs/energyvenv/lib/python3.9/site-packages/airflow/example_dags/tutorial_taskflow_api.py for tasks to queue
[2023-04-07T18:18:46.042+0200] {logging_mixin.py:137} INFO - [2023-04-07T18:18:46.042+0200] {dagbag.py:532} INFO - Filling up the DagBag from /Users/oanottage/opt/anaconda3/envs/energyvenv/lib/python3.9/site-packages/airflow/example_dags/tutorial_taskflow_api.py
[2023-04-07T18:18:46.100+0200] {processor.py:753} INFO - DAG(s) dict_keys(['tutorial_taskflow_api']) retrieved from /Users/oanottage/opt/anaconda3/envs/energyvenv/lib/python3.9/site-packages/airflow/example_dags/tutorial_taskflow_api.py
[2023-04-07T18:18:46.726+0200] {logging_mixin.py:137} INFO - [2023-04-07T18:18:46.726+0200] {dag.py:2705} INFO - Sync 1 DAGs
[2023-04-07T18:18:46.742+0200] {logging_mixin.py:137} INFO - [2023-04-07T18:18:46.742+0200] {dag.py:3452} INFO - Setting next_dagrun for tutorial_taskflow_api to None, run_after=None
[2023-04-07T18:18:46.758+0200] {processor.py:175} INFO - Processing /Users/oanottage/opt/anaconda3/envs/energyvenv/lib/python3.9/site-packages/airflow/example_dags/tutorial_taskflow_api.py took 0.720 seconds
[2023-04-07T18:20:08.849+0200] {processor.py:153} INFO - Started process (PID=19941) to work on /Users/oanottage/opt/anaconda3/envs/energyvenv/lib/python3.9/site-packages/airflow/example_dags/tutorial_taskflow_api.py
[2023-04-07T18:20:08.854+0200] {processor.py:743} INFO - Processing file /Users/oanottage/opt/anaconda3/envs/energyvenv/lib/python3.9/site-packages/airflow/example_dags/tutorial_taskflow_api.py for tasks to queue
[2023-04-07T18:20:08.855+0200] {logging_mixin.py:137} INFO - [2023-04-07T18:20:08.855+0200] {dagbag.py:532} INFO - Filling up the DagBag from /Users/oanottage/opt/anaconda3/envs/energyvenv/lib/python3.9/site-packages/airflow/example_dags/tutorial_taskflow_api.py
[2023-04-07T18:20:08.925+0200] {processor.py:753} INFO - DAG(s) dict_keys(['tutorial_taskflow_api']) retrieved from /Users/oanottage/opt/anaconda3/envs/energyvenv/lib/python3.9/site-packages/airflow/example_dags/tutorial_taskflow_api.py
[2023-04-07T18:20:09.666+0200] {logging_mixin.py:137} INFO - [2023-04-07T18:20:09.665+0200] {dag.py:2705} INFO - Sync 1 DAGs
[2023-04-07T18:20:09.680+0200] {logging_mixin.py:137} INFO - [2023-04-07T18:20:09.679+0200] {dag.py:3452} INFO - Setting next_dagrun for tutorial_taskflow_api to None, run_after=None
[2023-04-07T18:20:09.695+0200] {processor.py:175} INFO - Processing /Users/oanottage/opt/anaconda3/envs/energyvenv/lib/python3.9/site-packages/airflow/example_dags/tutorial_taskflow_api.py took 0.846 seconds
[2023-04-07T18:21:31.317+0200] {processor.py:153} INFO - Started process (PID=20048) to work on /Users/oanottage/opt/anaconda3/envs/energyvenv/lib/python3.9/site-packages/airflow/example_dags/tutorial_taskflow_api.py
[2023-04-07T18:21:31.320+0200] {processor.py:743} INFO - Processing file /Users/oanottage/opt/anaconda3/envs/energyvenv/lib/python3.9/site-packages/airflow/example_dags/tutorial_taskflow_api.py for tasks to queue
[2023-04-07T18:21:31.320+0200] {logging_mixin.py:137} INFO - [2023-04-07T18:21:31.320+0200] {dagbag.py:532} INFO - Filling up the DagBag from /Users/oanottage/opt/anaconda3/envs/energyvenv/lib/python3.9/site-packages/airflow/example_dags/tutorial_taskflow_api.py
[2023-04-07T18:21:31.376+0200] {processor.py:753} INFO - DAG(s) dict_keys(['tutorial_taskflow_api']) retrieved from /Users/oanottage/opt/anaconda3/envs/energyvenv/lib/python3.9/site-packages/airflow/example_dags/tutorial_taskflow_api.py
[2023-04-07T18:21:32.121+0200] {logging_mixin.py:137} INFO - [2023-04-07T18:21:32.121+0200] {dag.py:2705} INFO - Sync 1 DAGs
[2023-04-07T18:21:32.133+0200] {logging_mixin.py:137} INFO - [2023-04-07T18:21:32.133+0200] {dag.py:3452} INFO - Setting next_dagrun for tutorial_taskflow_api to None, run_after=None
[2023-04-07T18:21:32.146+0200] {processor.py:175} INFO - Processing /Users/oanottage/opt/anaconda3/envs/energyvenv/lib/python3.9/site-packages/airflow/example_dags/tutorial_taskflow_api.py took 0.830 seconds
[2023-04-07T18:22:51.205+0200] {processor.py:153} INFO - Started process (PID=20129) to work on /Users/oanottage/opt/anaconda3/envs/energyvenv/lib/python3.9/site-packages/airflow/example_dags/tutorial_taskflow_api.py
[2023-04-07T18:22:51.209+0200] {processor.py:743} INFO - Processing file /Users/oanottage/opt/anaconda3/envs/energyvenv/lib/python3.9/site-packages/airflow/example_dags/tutorial_taskflow_api.py for tasks to queue
[2023-04-07T18:22:51.209+0200] {logging_mixin.py:137} INFO - [2023-04-07T18:22:51.209+0200] {dagbag.py:532} INFO - Filling up the DagBag from /Users/oanottage/opt/anaconda3/envs/energyvenv/lib/python3.9/site-packages/airflow/example_dags/tutorial_taskflow_api.py
[2023-04-07T18:22:51.274+0200] {processor.py:753} INFO - DAG(s) dict_keys(['tutorial_taskflow_api']) retrieved from /Users/oanottage/opt/anaconda3/envs/energyvenv/lib/python3.9/site-packages/airflow/example_dags/tutorial_taskflow_api.py
[2023-04-07T18:22:52.008+0200] {logging_mixin.py:137} INFO - [2023-04-07T18:22:52.008+0200] {dag.py:2705} INFO - Sync 1 DAGs
[2023-04-07T18:22:52.022+0200] {logging_mixin.py:137} INFO - [2023-04-07T18:22:52.022+0200] {dag.py:3452} INFO - Setting next_dagrun for tutorial_taskflow_api to None, run_after=None
[2023-04-07T18:22:52.036+0200] {processor.py:175} INFO - Processing /Users/oanottage/opt/anaconda3/envs/energyvenv/lib/python3.9/site-packages/airflow/example_dags/tutorial_taskflow_api.py took 0.832 seconds
[2023-04-07T18:24:13.208+0200] {processor.py:153} INFO - Started process (PID=20218) to work on /Users/oanottage/opt/anaconda3/envs/energyvenv/lib/python3.9/site-packages/airflow/example_dags/tutorial_taskflow_api.py
[2023-04-07T18:24:13.211+0200] {processor.py:743} INFO - Processing file /Users/oanottage/opt/anaconda3/envs/energyvenv/lib/python3.9/site-packages/airflow/example_dags/tutorial_taskflow_api.py for tasks to queue
[2023-04-07T18:24:13.212+0200] {logging_mixin.py:137} INFO - [2023-04-07T18:24:13.212+0200] {dagbag.py:532} INFO - Filling up the DagBag from /Users/oanottage/opt/anaconda3/envs/energyvenv/lib/python3.9/site-packages/airflow/example_dags/tutorial_taskflow_api.py
[2023-04-07T18:24:13.268+0200] {processor.py:753} INFO - DAG(s) dict_keys(['tutorial_taskflow_api']) retrieved from /Users/oanottage/opt/anaconda3/envs/energyvenv/lib/python3.9/site-packages/airflow/example_dags/tutorial_taskflow_api.py
[2023-04-07T18:24:13.982+0200] {logging_mixin.py:137} INFO - [2023-04-07T18:24:13.981+0200] {dag.py:2705} INFO - Sync 1 DAGs
[2023-04-07T18:24:13.995+0200] {logging_mixin.py:137} INFO - [2023-04-07T18:24:13.995+0200] {dag.py:3452} INFO - Setting next_dagrun for tutorial_taskflow_api to None, run_after=None
[2023-04-07T18:24:14.009+0200] {processor.py:175} INFO - Processing /Users/oanottage/opt/anaconda3/envs/energyvenv/lib/python3.9/site-packages/airflow/example_dags/tutorial_taskflow_api.py took 0.802 seconds
[2023-04-07T18:25:36.740+0200] {processor.py:153} INFO - Started process (PID=20327) to work on /Users/oanottage/opt/anaconda3/envs/energyvenv/lib/python3.9/site-packages/airflow/example_dags/tutorial_taskflow_api.py
[2023-04-07T18:25:36.746+0200] {processor.py:743} INFO - Processing file /Users/oanottage/opt/anaconda3/envs/energyvenv/lib/python3.9/site-packages/airflow/example_dags/tutorial_taskflow_api.py for tasks to queue
[2023-04-07T18:25:36.747+0200] {logging_mixin.py:137} INFO - [2023-04-07T18:25:36.747+0200] {dagbag.py:532} INFO - Filling up the DagBag from /Users/oanottage/opt/anaconda3/envs/energyvenv/lib/python3.9/site-packages/airflow/example_dags/tutorial_taskflow_api.py
[2023-04-07T18:25:36.818+0200] {processor.py:753} INFO - DAG(s) dict_keys(['tutorial_taskflow_api']) retrieved from /Users/oanottage/opt/anaconda3/envs/energyvenv/lib/python3.9/site-packages/airflow/example_dags/tutorial_taskflow_api.py
[2023-04-07T18:25:37.586+0200] {logging_mixin.py:137} INFO - [2023-04-07T18:25:37.586+0200] {dag.py:2705} INFO - Sync 1 DAGs
[2023-04-07T18:25:37.601+0200] {logging_mixin.py:137} INFO - [2023-04-07T18:25:37.601+0200] {dag.py:3452} INFO - Setting next_dagrun for tutorial_taskflow_api to None, run_after=None
[2023-04-07T18:25:37.616+0200] {processor.py:175} INFO - Processing /Users/oanottage/opt/anaconda3/envs/energyvenv/lib/python3.9/site-packages/airflow/example_dags/tutorial_taskflow_api.py took 0.877 seconds
[2023-04-07T18:26:56.009+0200] {processor.py:153} INFO - Started process (PID=20421) to work on /Users/oanottage/opt/anaconda3/envs/energyvenv/lib/python3.9/site-packages/airflow/example_dags/tutorial_taskflow_api.py
[2023-04-07T18:26:56.013+0200] {processor.py:743} INFO - Processing file /Users/oanottage/opt/anaconda3/envs/energyvenv/lib/python3.9/site-packages/airflow/example_dags/tutorial_taskflow_api.py for tasks to queue
[2023-04-07T18:26:56.013+0200] {logging_mixin.py:137} INFO - [2023-04-07T18:26:56.013+0200] {dagbag.py:532} INFO - Filling up the DagBag from /Users/oanottage/opt/anaconda3/envs/energyvenv/lib/python3.9/site-packages/airflow/example_dags/tutorial_taskflow_api.py
[2023-04-07T18:26:56.070+0200] {processor.py:753} INFO - DAG(s) dict_keys(['tutorial_taskflow_api']) retrieved from /Users/oanottage/opt/anaconda3/envs/energyvenv/lib/python3.9/site-packages/airflow/example_dags/tutorial_taskflow_api.py
[2023-04-07T18:26:56.800+0200] {logging_mixin.py:137} INFO - [2023-04-07T18:26:56.800+0200] {dag.py:2705} INFO - Sync 1 DAGs
[2023-04-07T18:26:56.816+0200] {logging_mixin.py:137} INFO - [2023-04-07T18:26:56.816+0200] {dag.py:3452} INFO - Setting next_dagrun for tutorial_taskflow_api to None, run_after=None
[2023-04-07T18:26:56.832+0200] {processor.py:175} INFO - Processing /Users/oanottage/opt/anaconda3/envs/energyvenv/lib/python3.9/site-packages/airflow/example_dags/tutorial_taskflow_api.py took 0.823 seconds
[2023-04-07T18:28:41.642+0200] {processor.py:153} INFO - Started process (PID=20537) to work on /Users/oanottage/opt/anaconda3/envs/energyvenv/lib/python3.9/site-packages/airflow/example_dags/tutorial_taskflow_api.py
[2023-04-07T18:28:41.646+0200] {processor.py:743} INFO - Processing file /Users/oanottage/opt/anaconda3/envs/energyvenv/lib/python3.9/site-packages/airflow/example_dags/tutorial_taskflow_api.py for tasks to queue
[2023-04-07T18:28:41.646+0200] {logging_mixin.py:137} INFO - [2023-04-07T18:28:41.646+0200] {dagbag.py:532} INFO - Filling up the DagBag from /Users/oanottage/opt/anaconda3/envs/energyvenv/lib/python3.9/site-packages/airflow/example_dags/tutorial_taskflow_api.py
[2023-04-07T18:28:41.714+0200] {processor.py:753} INFO - DAG(s) dict_keys(['tutorial_taskflow_api']) retrieved from /Users/oanottage/opt/anaconda3/envs/energyvenv/lib/python3.9/site-packages/airflow/example_dags/tutorial_taskflow_api.py
[2023-04-07T18:28:42.475+0200] {logging_mixin.py:137} INFO - [2023-04-07T18:28:42.475+0200] {dag.py:2705} INFO - Sync 1 DAGs
[2023-04-07T18:28:42.489+0200] {logging_mixin.py:137} INFO - [2023-04-07T18:28:42.489+0200] {dag.py:3452} INFO - Setting next_dagrun for tutorial_taskflow_api to None, run_after=None
[2023-04-07T18:28:42.503+0200] {processor.py:175} INFO - Processing /Users/oanottage/opt/anaconda3/envs/energyvenv/lib/python3.9/site-packages/airflow/example_dags/tutorial_taskflow_api.py took 0.862 seconds
[2023-04-07T18:30:03.793+0200] {processor.py:153} INFO - Started process (PID=20691) to work on /Users/oanottage/opt/anaconda3/envs/energyvenv/lib/python3.9/site-packages/airflow/example_dags/tutorial_taskflow_api.py
[2023-04-07T18:30:03.796+0200] {processor.py:743} INFO - Processing file /Users/oanottage/opt/anaconda3/envs/energyvenv/lib/python3.9/site-packages/airflow/example_dags/tutorial_taskflow_api.py for tasks to queue
[2023-04-07T18:30:03.797+0200] {logging_mixin.py:137} INFO - [2023-04-07T18:30:03.797+0200] {dagbag.py:532} INFO - Filling up the DagBag from /Users/oanottage/opt/anaconda3/envs/energyvenv/lib/python3.9/site-packages/airflow/example_dags/tutorial_taskflow_api.py
[2023-04-07T18:30:03.857+0200] {processor.py:753} INFO - DAG(s) dict_keys(['tutorial_taskflow_api']) retrieved from /Users/oanottage/opt/anaconda3/envs/energyvenv/lib/python3.9/site-packages/airflow/example_dags/tutorial_taskflow_api.py
[2023-04-07T18:30:04.573+0200] {logging_mixin.py:137} INFO - [2023-04-07T18:30:04.573+0200] {dag.py:2705} INFO - Sync 1 DAGs
[2023-04-07T18:30:04.586+0200] {logging_mixin.py:137} INFO - [2023-04-07T18:30:04.586+0200] {dag.py:3452} INFO - Setting next_dagrun for tutorial_taskflow_api to None, run_after=None
[2023-04-07T18:30:04.600+0200] {processor.py:175} INFO - Processing /Users/oanottage/opt/anaconda3/envs/energyvenv/lib/python3.9/site-packages/airflow/example_dags/tutorial_taskflow_api.py took 0.808 seconds
[2023-04-07T18:42:01.307+0200] {processor.py:153} INFO - Started process (PID=21378) to work on /Users/oanottage/opt/anaconda3/envs/energyvenv/lib/python3.9/site-packages/airflow/example_dags/tutorial_taskflow_api.py
[2023-04-07T18:42:01.311+0200] {processor.py:743} INFO - Processing file /Users/oanottage/opt/anaconda3/envs/energyvenv/lib/python3.9/site-packages/airflow/example_dags/tutorial_taskflow_api.py for tasks to queue
[2023-04-07T18:42:01.311+0200] {logging_mixin.py:137} INFO - [2023-04-07T18:42:01.311+0200] {dagbag.py:532} INFO - Filling up the DagBag from /Users/oanottage/opt/anaconda3/envs/energyvenv/lib/python3.9/site-packages/airflow/example_dags/tutorial_taskflow_api.py
[2023-04-07T18:42:01.375+0200] {processor.py:753} INFO - DAG(s) dict_keys(['tutorial_taskflow_api']) retrieved from /Users/oanottage/opt/anaconda3/envs/energyvenv/lib/python3.9/site-packages/airflow/example_dags/tutorial_taskflow_api.py
[2023-04-07T18:42:02.124+0200] {logging_mixin.py:137} INFO - [2023-04-07T18:42:02.124+0200] {dag.py:2705} INFO - Sync 1 DAGs
[2023-04-07T18:42:02.139+0200] {logging_mixin.py:137} INFO - [2023-04-07T18:42:02.139+0200] {dag.py:3452} INFO - Setting next_dagrun for tutorial_taskflow_api to None, run_after=None
[2023-04-07T18:42:02.153+0200] {processor.py:175} INFO - Processing /Users/oanottage/opt/anaconda3/envs/energyvenv/lib/python3.9/site-packages/airflow/example_dags/tutorial_taskflow_api.py took 0.846 seconds
[2023-04-07T18:43:57.371+0200] {processor.py:153} INFO - Started process (PID=21522) to work on /Users/oanottage/opt/anaconda3/envs/energyvenv/lib/python3.9/site-packages/airflow/example_dags/tutorial_taskflow_api.py
[2023-04-07T18:43:57.376+0200] {processor.py:743} INFO - Processing file /Users/oanottage/opt/anaconda3/envs/energyvenv/lib/python3.9/site-packages/airflow/example_dags/tutorial_taskflow_api.py for tasks to queue
[2023-04-07T18:43:57.376+0200] {logging_mixin.py:137} INFO - [2023-04-07T18:43:57.376+0200] {dagbag.py:532} INFO - Filling up the DagBag from /Users/oanottage/opt/anaconda3/envs/energyvenv/lib/python3.9/site-packages/airflow/example_dags/tutorial_taskflow_api.py
[2023-04-07T18:43:57.442+0200] {processor.py:753} INFO - DAG(s) dict_keys(['tutorial_taskflow_api']) retrieved from /Users/oanottage/opt/anaconda3/envs/energyvenv/lib/python3.9/site-packages/airflow/example_dags/tutorial_taskflow_api.py
[2023-04-07T18:43:58.151+0200] {logging_mixin.py:137} INFO - [2023-04-07T18:43:58.151+0200] {dag.py:2705} INFO - Sync 1 DAGs
[2023-04-07T18:43:58.162+0200] {logging_mixin.py:137} INFO - [2023-04-07T18:43:58.162+0200] {dag.py:3452} INFO - Setting next_dagrun for tutorial_taskflow_api to None, run_after=None
[2023-04-07T18:43:58.174+0200] {processor.py:175} INFO - Processing /Users/oanottage/opt/anaconda3/envs/energyvenv/lib/python3.9/site-packages/airflow/example_dags/tutorial_taskflow_api.py took 0.804 seconds
[2023-04-07T18:44:57.191+0200] {processor.py:153} INFO - Started process (PID=21611) to work on /Users/oanottage/opt/anaconda3/envs/energyvenv/lib/python3.9/site-packages/airflow/example_dags/tutorial_taskflow_api.py
[2023-04-07T18:44:57.194+0200] {processor.py:743} INFO - Processing file /Users/oanottage/opt/anaconda3/envs/energyvenv/lib/python3.9/site-packages/airflow/example_dags/tutorial_taskflow_api.py for tasks to queue
[2023-04-07T18:44:57.195+0200] {logging_mixin.py:137} INFO - [2023-04-07T18:44:57.195+0200] {dagbag.py:532} INFO - Filling up the DagBag from /Users/oanottage/opt/anaconda3/envs/energyvenv/lib/python3.9/site-packages/airflow/example_dags/tutorial_taskflow_api.py
[2023-04-07T18:44:57.247+0200] {processor.py:753} INFO - DAG(s) dict_keys(['tutorial_taskflow_api']) retrieved from /Users/oanottage/opt/anaconda3/envs/energyvenv/lib/python3.9/site-packages/airflow/example_dags/tutorial_taskflow_api.py
[2023-04-07T18:44:57.874+0200] {logging_mixin.py:137} INFO - [2023-04-07T18:44:57.873+0200] {dag.py:2705} INFO - Sync 1 DAGs
[2023-04-07T18:44:57.887+0200] {logging_mixin.py:137} INFO - [2023-04-07T18:44:57.887+0200] {dag.py:3452} INFO - Setting next_dagrun for tutorial_taskflow_api to None, run_after=None
[2023-04-07T18:44:57.904+0200] {processor.py:175} INFO - Processing /Users/oanottage/opt/anaconda3/envs/energyvenv/lib/python3.9/site-packages/airflow/example_dags/tutorial_taskflow_api.py took 0.713 seconds
