[2023-04-07T17:54:15.785+0200] {processor.py:153} INFO - Started process (PID=17796) to work on /Users/oanottage/opt/anaconda3/envs/energyvenv/lib/python3.9/site-packages/airflow/example_dags/tutorial.py
[2023-04-07T17:54:15.788+0200] {processor.py:743} INFO - Processing file /Users/oanottage/opt/anaconda3/envs/energyvenv/lib/python3.9/site-packages/airflow/example_dags/tutorial.py for tasks to queue
[2023-04-07T17:54:15.789+0200] {logging_mixin.py:137} INFO - [2023-04-07T17:54:15.789+0200] {dagbag.py:532} INFO - Filling up the DagBag from /Users/oanottage/opt/anaconda3/envs/energyvenv/lib/python3.9/site-packages/airflow/example_dags/tutorial.py
[2023-04-07T17:54:15.827+0200] {processor.py:753} INFO - DAG(s) dict_keys(['tutorial']) retrieved from /Users/oanottage/opt/anaconda3/envs/energyvenv/lib/python3.9/site-packages/airflow/example_dags/tutorial.py
[2023-04-07T17:54:16.476+0200] {logging_mixin.py:137} INFO - [2023-04-07T17:54:16.476+0200] {dag.py:2705} INFO - Sync 1 DAGs
[2023-04-07T17:54:16.487+0200] {logging_mixin.py:137} INFO - [2023-04-07T17:54:16.487+0200] {dag.py:3452} INFO - Setting next_dagrun for tutorial to 2023-04-06T15:54:16.487300+00:00, run_after=2023-04-07T15:54:16.487300+00:00
[2023-04-07T17:54:16.501+0200] {processor.py:175} INFO - Processing /Users/oanottage/opt/anaconda3/envs/energyvenv/lib/python3.9/site-packages/airflow/example_dags/tutorial.py took 0.716 seconds
[2023-04-07T17:56:24.505+0200] {processor.py:153} INFO - Started process (PID=18014) to work on /Users/oanottage/opt/anaconda3/envs/energyvenv/lib/python3.9/site-packages/airflow/example_dags/tutorial.py
[2023-04-07T17:56:24.509+0200] {processor.py:743} INFO - Processing file /Users/oanottage/opt/anaconda3/envs/energyvenv/lib/python3.9/site-packages/airflow/example_dags/tutorial.py for tasks to queue
[2023-04-07T17:56:24.509+0200] {logging_mixin.py:137} INFO - [2023-04-07T17:56:24.509+0200] {dagbag.py:532} INFO - Filling up the DagBag from /Users/oanottage/opt/anaconda3/envs/energyvenv/lib/python3.9/site-packages/airflow/example_dags/tutorial.py
[2023-04-07T17:56:24.563+0200] {processor.py:753} INFO - DAG(s) dict_keys(['tutorial']) retrieved from /Users/oanottage/opt/anaconda3/envs/energyvenv/lib/python3.9/site-packages/airflow/example_dags/tutorial.py
[2023-04-07T17:56:25.250+0200] {logging_mixin.py:137} INFO - [2023-04-07T17:56:25.250+0200] {dag.py:2705} INFO - Sync 1 DAGs
[2023-04-07T17:56:25.261+0200] {logging_mixin.py:137} INFO - [2023-04-07T17:56:25.261+0200] {dag.py:3452} INFO - Setting next_dagrun for tutorial to 2023-04-06T15:56:25.261693+00:00, run_after=2023-04-07T15:56:25.261693+00:00
[2023-04-07T17:56:25.275+0200] {processor.py:175} INFO - Processing /Users/oanottage/opt/anaconda3/envs/energyvenv/lib/python3.9/site-packages/airflow/example_dags/tutorial.py took 0.770 seconds
[2023-04-07T17:58:01.891+0200] {processor.py:153} INFO - Started process (PID=18114) to work on /Users/oanottage/opt/anaconda3/envs/energyvenv/lib/python3.9/site-packages/airflow/example_dags/tutorial.py
[2023-04-07T17:58:01.894+0200] {processor.py:743} INFO - Processing file /Users/oanottage/opt/anaconda3/envs/energyvenv/lib/python3.9/site-packages/airflow/example_dags/tutorial.py for tasks to queue
[2023-04-07T17:58:01.894+0200] {logging_mixin.py:137} INFO - [2023-04-07T17:58:01.894+0200] {dagbag.py:532} INFO - Filling up the DagBag from /Users/oanottage/opt/anaconda3/envs/energyvenv/lib/python3.9/site-packages/airflow/example_dags/tutorial.py
[2023-04-07T17:58:01.937+0200] {processor.py:753} INFO - DAG(s) dict_keys(['tutorial']) retrieved from /Users/oanottage/opt/anaconda3/envs/energyvenv/lib/python3.9/site-packages/airflow/example_dags/tutorial.py
[2023-04-07T17:58:02.568+0200] {logging_mixin.py:137} INFO - [2023-04-07T17:58:02.568+0200] {dag.py:2705} INFO - Sync 1 DAGs
[2023-04-07T17:58:02.579+0200] {logging_mixin.py:137} INFO - [2023-04-07T17:58:02.579+0200] {dag.py:3452} INFO - Setting next_dagrun for tutorial to 2023-04-06T15:58:02.579432+00:00, run_after=2023-04-07T15:58:02.579432+00:00
[2023-04-07T17:58:02.592+0200] {processor.py:175} INFO - Processing /Users/oanottage/opt/anaconda3/envs/energyvenv/lib/python3.9/site-packages/airflow/example_dags/tutorial.py took 0.701 seconds
[2023-04-07T17:59:21.645+0200] {processor.py:153} INFO - Started process (PID=18212) to work on /Users/oanottage/opt/anaconda3/envs/energyvenv/lib/python3.9/site-packages/airflow/example_dags/tutorial.py
[2023-04-07T17:59:21.648+0200] {processor.py:743} INFO - Processing file /Users/oanottage/opt/anaconda3/envs/energyvenv/lib/python3.9/site-packages/airflow/example_dags/tutorial.py for tasks to queue
[2023-04-07T17:59:21.648+0200] {logging_mixin.py:137} INFO - [2023-04-07T17:59:21.648+0200] {dagbag.py:532} INFO - Filling up the DagBag from /Users/oanottage/opt/anaconda3/envs/energyvenv/lib/python3.9/site-packages/airflow/example_dags/tutorial.py
[2023-04-07T17:59:21.686+0200] {processor.py:753} INFO - DAG(s) dict_keys(['tutorial']) retrieved from /Users/oanottage/opt/anaconda3/envs/energyvenv/lib/python3.9/site-packages/airflow/example_dags/tutorial.py
[2023-04-07T17:59:22.331+0200] {logging_mixin.py:137} INFO - [2023-04-07T17:59:22.331+0200] {dag.py:2705} INFO - Sync 1 DAGs
[2023-04-07T17:59:22.345+0200] {logging_mixin.py:137} INFO - [2023-04-07T17:59:22.344+0200] {dag.py:3452} INFO - Setting next_dagrun for tutorial to 2023-04-06T15:59:22.344817+00:00, run_after=2023-04-07T15:59:22.344817+00:00
[2023-04-07T17:59:22.358+0200] {processor.py:175} INFO - Processing /Users/oanottage/opt/anaconda3/envs/energyvenv/lib/python3.9/site-packages/airflow/example_dags/tutorial.py took 0.713 seconds
[2023-04-07T18:00:41.102+0200] {processor.py:153} INFO - Started process (PID=18302) to work on /Users/oanottage/opt/anaconda3/envs/energyvenv/lib/python3.9/site-packages/airflow/example_dags/tutorial.py
[2023-04-07T18:00:41.105+0200] {processor.py:743} INFO - Processing file /Users/oanottage/opt/anaconda3/envs/energyvenv/lib/python3.9/site-packages/airflow/example_dags/tutorial.py for tasks to queue
[2023-04-07T18:00:41.106+0200] {logging_mixin.py:137} INFO - [2023-04-07T18:00:41.106+0200] {dagbag.py:532} INFO - Filling up the DagBag from /Users/oanottage/opt/anaconda3/envs/energyvenv/lib/python3.9/site-packages/airflow/example_dags/tutorial.py
[2023-04-07T18:00:41.144+0200] {processor.py:753} INFO - DAG(s) dict_keys(['tutorial']) retrieved from /Users/oanottage/opt/anaconda3/envs/energyvenv/lib/python3.9/site-packages/airflow/example_dags/tutorial.py
[2023-04-07T18:00:41.786+0200] {logging_mixin.py:137} INFO - [2023-04-07T18:00:41.786+0200] {dag.py:2705} INFO - Sync 1 DAGs
[2023-04-07T18:00:41.800+0200] {logging_mixin.py:137} INFO - [2023-04-07T18:00:41.800+0200] {dag.py:3452} INFO - Setting next_dagrun for tutorial to 2023-04-06T16:00:41.800198+00:00, run_after=2023-04-07T16:00:41.800198+00:00
[2023-04-07T18:00:41.817+0200] {processor.py:175} INFO - Processing /Users/oanottage/opt/anaconda3/envs/energyvenv/lib/python3.9/site-packages/airflow/example_dags/tutorial.py took 0.715 seconds
[2023-04-07T18:02:03.509+0200] {processor.py:153} INFO - Started process (PID=18406) to work on /Users/oanottage/opt/anaconda3/envs/energyvenv/lib/python3.9/site-packages/airflow/example_dags/tutorial.py
[2023-04-07T18:02:03.512+0200] {processor.py:743} INFO - Processing file /Users/oanottage/opt/anaconda3/envs/energyvenv/lib/python3.9/site-packages/airflow/example_dags/tutorial.py for tasks to queue
[2023-04-07T18:02:03.512+0200] {logging_mixin.py:137} INFO - [2023-04-07T18:02:03.512+0200] {dagbag.py:532} INFO - Filling up the DagBag from /Users/oanottage/opt/anaconda3/envs/energyvenv/lib/python3.9/site-packages/airflow/example_dags/tutorial.py
[2023-04-07T18:02:03.556+0200] {processor.py:753} INFO - DAG(s) dict_keys(['tutorial']) retrieved from /Users/oanottage/opt/anaconda3/envs/energyvenv/lib/python3.9/site-packages/airflow/example_dags/tutorial.py
[2023-04-07T18:02:04.262+0200] {logging_mixin.py:137} INFO - [2023-04-07T18:02:04.262+0200] {dag.py:2705} INFO - Sync 1 DAGs
[2023-04-07T18:02:04.274+0200] {logging_mixin.py:137} INFO - [2023-04-07T18:02:04.274+0200] {dag.py:3452} INFO - Setting next_dagrun for tutorial to 2023-04-06T16:02:04.274563+00:00, run_after=2023-04-07T16:02:04.274563+00:00
[2023-04-07T18:02:04.286+0200] {processor.py:175} INFO - Processing /Users/oanottage/opt/anaconda3/envs/energyvenv/lib/python3.9/site-packages/airflow/example_dags/tutorial.py took 0.778 seconds
[2023-04-07T18:03:23.161+0200] {processor.py:153} INFO - Started process (PID=18487) to work on /Users/oanottage/opt/anaconda3/envs/energyvenv/lib/python3.9/site-packages/airflow/example_dags/tutorial.py
[2023-04-07T18:03:23.164+0200] {processor.py:743} INFO - Processing file /Users/oanottage/opt/anaconda3/envs/energyvenv/lib/python3.9/site-packages/airflow/example_dags/tutorial.py for tasks to queue
[2023-04-07T18:03:23.164+0200] {logging_mixin.py:137} INFO - [2023-04-07T18:03:23.164+0200] {dagbag.py:532} INFO - Filling up the DagBag from /Users/oanottage/opt/anaconda3/envs/energyvenv/lib/python3.9/site-packages/airflow/example_dags/tutorial.py
[2023-04-07T18:03:23.201+0200] {processor.py:753} INFO - DAG(s) dict_keys(['tutorial']) retrieved from /Users/oanottage/opt/anaconda3/envs/energyvenv/lib/python3.9/site-packages/airflow/example_dags/tutorial.py
[2023-04-07T18:03:24.103+0200] {logging_mixin.py:137} INFO - [2023-04-07T18:03:24.103+0200] {dag.py:2705} INFO - Sync 1 DAGs
[2023-04-07T18:03:24.132+0200] {logging_mixin.py:137} INFO - [2023-04-07T18:03:24.131+0200] {dag.py:3452} INFO - Setting next_dagrun for tutorial to 2023-04-06T16:03:24.131758+00:00, run_after=2023-04-07T16:03:24.131758+00:00
[2023-04-07T18:03:24.155+0200] {processor.py:175} INFO - Processing /Users/oanottage/opt/anaconda3/envs/energyvenv/lib/python3.9/site-packages/airflow/example_dags/tutorial.py took 0.995 seconds
[2023-04-07T18:04:27.254+0200] {processor.py:153} INFO - Started process (PID=18570) to work on /Users/oanottage/opt/anaconda3/envs/energyvenv/lib/python3.9/site-packages/airflow/example_dags/tutorial.py
[2023-04-07T18:04:27.257+0200] {processor.py:743} INFO - Processing file /Users/oanottage/opt/anaconda3/envs/energyvenv/lib/python3.9/site-packages/airflow/example_dags/tutorial.py for tasks to queue
[2023-04-07T18:04:27.258+0200] {logging_mixin.py:137} INFO - [2023-04-07T18:04:27.258+0200] {dagbag.py:532} INFO - Filling up the DagBag from /Users/oanottage/opt/anaconda3/envs/energyvenv/lib/python3.9/site-packages/airflow/example_dags/tutorial.py
[2023-04-07T18:04:27.301+0200] {processor.py:753} INFO - DAG(s) dict_keys(['tutorial']) retrieved from /Users/oanottage/opt/anaconda3/envs/energyvenv/lib/python3.9/site-packages/airflow/example_dags/tutorial.py
[2023-04-07T18:04:28.045+0200] {logging_mixin.py:137} INFO - [2023-04-07T18:04:28.044+0200] {dag.py:2705} INFO - Sync 1 DAGs
[2023-04-07T18:04:28.059+0200] {logging_mixin.py:137} INFO - [2023-04-07T18:04:28.059+0200] {dag.py:3452} INFO - Setting next_dagrun for tutorial to 2023-04-06T16:04:28.059691+00:00, run_after=2023-04-07T16:04:28.059691+00:00
[2023-04-07T18:04:28.074+0200] {processor.py:175} INFO - Processing /Users/oanottage/opt/anaconda3/envs/energyvenv/lib/python3.9/site-packages/airflow/example_dags/tutorial.py took 0.821 seconds
[2023-04-07T18:06:20.820+0200] {processor.py:153} INFO - Started process (PID=18730) to work on /Users/oanottage/opt/anaconda3/envs/energyvenv/lib/python3.9/site-packages/airflow/example_dags/tutorial.py
[2023-04-07T18:06:20.823+0200] {processor.py:743} INFO - Processing file /Users/oanottage/opt/anaconda3/envs/energyvenv/lib/python3.9/site-packages/airflow/example_dags/tutorial.py for tasks to queue
[2023-04-07T18:06:20.823+0200] {logging_mixin.py:137} INFO - [2023-04-07T18:06:20.823+0200] {dagbag.py:532} INFO - Filling up the DagBag from /Users/oanottage/opt/anaconda3/envs/energyvenv/lib/python3.9/site-packages/airflow/example_dags/tutorial.py
[2023-04-07T18:06:20.864+0200] {processor.py:753} INFO - DAG(s) dict_keys(['tutorial']) retrieved from /Users/oanottage/opt/anaconda3/envs/energyvenv/lib/python3.9/site-packages/airflow/example_dags/tutorial.py
[2023-04-07T18:06:21.526+0200] {logging_mixin.py:137} INFO - [2023-04-07T18:06:21.526+0200] {dag.py:2705} INFO - Sync 1 DAGs
[2023-04-07T18:06:21.538+0200] {logging_mixin.py:137} INFO - [2023-04-07T18:06:21.538+0200] {dag.py:3452} INFO - Setting next_dagrun for tutorial to 2023-04-06T16:06:21.537960+00:00, run_after=2023-04-07T16:06:21.537960+00:00
[2023-04-07T18:06:21.550+0200] {processor.py:175} INFO - Processing /Users/oanottage/opt/anaconda3/envs/energyvenv/lib/python3.9/site-packages/airflow/example_dags/tutorial.py took 0.731 seconds
[2023-04-07T18:07:57.368+0200] {processor.py:153} INFO - Started process (PID=18877) to work on /Users/oanottage/opt/anaconda3/envs/energyvenv/lib/python3.9/site-packages/airflow/example_dags/tutorial.py
[2023-04-07T18:07:57.372+0200] {processor.py:743} INFO - Processing file /Users/oanottage/opt/anaconda3/envs/energyvenv/lib/python3.9/site-packages/airflow/example_dags/tutorial.py for tasks to queue
[2023-04-07T18:07:57.372+0200] {logging_mixin.py:137} INFO - [2023-04-07T18:07:57.372+0200] {dagbag.py:532} INFO - Filling up the DagBag from /Users/oanottage/opt/anaconda3/envs/energyvenv/lib/python3.9/site-packages/airflow/example_dags/tutorial.py
[2023-04-07T18:07:57.421+0200] {processor.py:753} INFO - DAG(s) dict_keys(['tutorial']) retrieved from /Users/oanottage/opt/anaconda3/envs/energyvenv/lib/python3.9/site-packages/airflow/example_dags/tutorial.py
[2023-04-07T18:07:58.131+0200] {logging_mixin.py:137} INFO - [2023-04-07T18:07:58.131+0200] {dag.py:2705} INFO - Sync 1 DAGs
[2023-04-07T18:07:58.145+0200] {logging_mixin.py:137} INFO - [2023-04-07T18:07:58.144+0200] {dag.py:3452} INFO - Setting next_dagrun for tutorial to 2023-04-06T16:07:58.144830+00:00, run_after=2023-04-07T16:07:58.144830+00:00
[2023-04-07T18:07:58.159+0200] {processor.py:175} INFO - Processing /Users/oanottage/opt/anaconda3/envs/energyvenv/lib/python3.9/site-packages/airflow/example_dags/tutorial.py took 0.792 seconds
[2023-04-07T18:09:48.773+0200] {processor.py:153} INFO - Started process (PID=19087) to work on /Users/oanottage/opt/anaconda3/envs/energyvenv/lib/python3.9/site-packages/airflow/example_dags/tutorial.py
[2023-04-07T18:09:48.777+0200] {processor.py:743} INFO - Processing file /Users/oanottage/opt/anaconda3/envs/energyvenv/lib/python3.9/site-packages/airflow/example_dags/tutorial.py for tasks to queue
[2023-04-07T18:09:48.777+0200] {logging_mixin.py:137} INFO - [2023-04-07T18:09:48.777+0200] {dagbag.py:532} INFO - Filling up the DagBag from /Users/oanottage/opt/anaconda3/envs/energyvenv/lib/python3.9/site-packages/airflow/example_dags/tutorial.py
[2023-04-07T18:09:48.824+0200] {processor.py:753} INFO - DAG(s) dict_keys(['tutorial']) retrieved from /Users/oanottage/opt/anaconda3/envs/energyvenv/lib/python3.9/site-packages/airflow/example_dags/tutorial.py
[2023-04-07T18:09:49.532+0200] {logging_mixin.py:137} INFO - [2023-04-07T18:09:49.532+0200] {dag.py:2705} INFO - Sync 1 DAGs
[2023-04-07T18:09:49.547+0200] {logging_mixin.py:137} INFO - [2023-04-07T18:09:49.546+0200] {dag.py:3452} INFO - Setting next_dagrun for tutorial to 2023-04-06T16:09:49.546856+00:00, run_after=2023-04-07T16:09:49.546856+00:00
[2023-04-07T18:09:49.561+0200] {processor.py:175} INFO - Processing /Users/oanottage/opt/anaconda3/envs/energyvenv/lib/python3.9/site-packages/airflow/example_dags/tutorial.py took 0.789 seconds
[2023-04-07T18:11:09.147+0200] {processor.py:153} INFO - Started process (PID=19192) to work on /Users/oanottage/opt/anaconda3/envs/energyvenv/lib/python3.9/site-packages/airflow/example_dags/tutorial.py
[2023-04-07T18:11:09.150+0200] {processor.py:743} INFO - Processing file /Users/oanottage/opt/anaconda3/envs/energyvenv/lib/python3.9/site-packages/airflow/example_dags/tutorial.py for tasks to queue
[2023-04-07T18:11:09.150+0200] {logging_mixin.py:137} INFO - [2023-04-07T18:11:09.150+0200] {dagbag.py:532} INFO - Filling up the DagBag from /Users/oanottage/opt/anaconda3/envs/energyvenv/lib/python3.9/site-packages/airflow/example_dags/tutorial.py
[2023-04-07T18:11:09.189+0200] {processor.py:753} INFO - DAG(s) dict_keys(['tutorial']) retrieved from /Users/oanottage/opt/anaconda3/envs/energyvenv/lib/python3.9/site-packages/airflow/example_dags/tutorial.py
[2023-04-07T18:11:09.840+0200] {logging_mixin.py:137} INFO - [2023-04-07T18:11:09.839+0200] {dag.py:2705} INFO - Sync 1 DAGs
[2023-04-07T18:11:09.851+0200] {logging_mixin.py:137} INFO - [2023-04-07T18:11:09.851+0200] {dag.py:3452} INFO - Setting next_dagrun for tutorial to 2023-04-06T16:11:09.851601+00:00, run_after=2023-04-07T16:11:09.851601+00:00
[2023-04-07T18:11:09.864+0200] {processor.py:175} INFO - Processing /Users/oanottage/opt/anaconda3/envs/energyvenv/lib/python3.9/site-packages/airflow/example_dags/tutorial.py took 0.718 seconds
[2023-04-07T18:12:31.666+0200] {processor.py:153} INFO - Started process (PID=19286) to work on /Users/oanottage/opt/anaconda3/envs/energyvenv/lib/python3.9/site-packages/airflow/example_dags/tutorial.py
[2023-04-07T18:12:31.669+0200] {processor.py:743} INFO - Processing file /Users/oanottage/opt/anaconda3/envs/energyvenv/lib/python3.9/site-packages/airflow/example_dags/tutorial.py for tasks to queue
[2023-04-07T18:12:31.669+0200] {logging_mixin.py:137} INFO - [2023-04-07T18:12:31.669+0200] {dagbag.py:532} INFO - Filling up the DagBag from /Users/oanottage/opt/anaconda3/envs/energyvenv/lib/python3.9/site-packages/airflow/example_dags/tutorial.py
[2023-04-07T18:12:31.705+0200] {processor.py:753} INFO - DAG(s) dict_keys(['tutorial']) retrieved from /Users/oanottage/opt/anaconda3/envs/energyvenv/lib/python3.9/site-packages/airflow/example_dags/tutorial.py
[2023-04-07T18:12:32.328+0200] {logging_mixin.py:137} INFO - [2023-04-07T18:12:32.328+0200] {dag.py:2705} INFO - Sync 1 DAGs
[2023-04-07T18:12:32.339+0200] {logging_mixin.py:137} INFO - [2023-04-07T18:12:32.339+0200] {dag.py:3452} INFO - Setting next_dagrun for tutorial to 2023-04-06T16:12:32.339189+00:00, run_after=2023-04-07T16:12:32.339189+00:00
[2023-04-07T18:12:32.351+0200] {processor.py:175} INFO - Processing /Users/oanottage/opt/anaconda3/envs/energyvenv/lib/python3.9/site-packages/airflow/example_dags/tutorial.py took 0.686 seconds
[2023-04-07T18:13:06.610+0200] {processor.py:153} INFO - Started process (PID=19351) to work on /Users/oanottage/opt/anaconda3/envs/energyvenv/lib/python3.9/site-packages/airflow/example_dags/tutorial.py
[2023-04-07T18:13:06.614+0200] {processor.py:743} INFO - Processing file /Users/oanottage/opt/anaconda3/envs/energyvenv/lib/python3.9/site-packages/airflow/example_dags/tutorial.py for tasks to queue
[2023-04-07T18:13:06.615+0200] {logging_mixin.py:137} INFO - [2023-04-07T18:13:06.614+0200] {dagbag.py:532} INFO - Filling up the DagBag from /Users/oanottage/opt/anaconda3/envs/energyvenv/lib/python3.9/site-packages/airflow/example_dags/tutorial.py
[2023-04-07T18:13:06.668+0200] {processor.py:753} INFO - DAG(s) dict_keys(['tutorial']) retrieved from /Users/oanottage/opt/anaconda3/envs/energyvenv/lib/python3.9/site-packages/airflow/example_dags/tutorial.py
[2023-04-07T18:13:07.520+0200] {logging_mixin.py:137} INFO - [2023-04-07T18:13:07.519+0200] {dag.py:2705} INFO - Sync 1 DAGs
[2023-04-07T18:13:07.535+0200] {logging_mixin.py:137} INFO - [2023-04-07T18:13:07.535+0200] {dag.py:3452} INFO - Setting next_dagrun for tutorial to 2023-04-06T16:13:07.535594+00:00, run_after=2023-04-07T16:13:07.535594+00:00
[2023-04-07T18:13:07.552+0200] {processor.py:175} INFO - Processing /Users/oanottage/opt/anaconda3/envs/energyvenv/lib/python3.9/site-packages/airflow/example_dags/tutorial.py took 0.943 seconds
[2023-04-07T18:15:38.355+0200] {processor.py:153} INFO - Started process (PID=19556) to work on /Users/oanottage/opt/anaconda3/envs/energyvenv/lib/python3.9/site-packages/airflow/example_dags/tutorial.py
[2023-04-07T18:15:38.358+0200] {processor.py:743} INFO - Processing file /Users/oanottage/opt/anaconda3/envs/energyvenv/lib/python3.9/site-packages/airflow/example_dags/tutorial.py for tasks to queue
[2023-04-07T18:15:38.358+0200] {logging_mixin.py:137} INFO - [2023-04-07T18:15:38.358+0200] {dagbag.py:532} INFO - Filling up the DagBag from /Users/oanottage/opt/anaconda3/envs/energyvenv/lib/python3.9/site-packages/airflow/example_dags/tutorial.py
[2023-04-07T18:15:38.397+0200] {processor.py:753} INFO - DAG(s) dict_keys(['tutorial']) retrieved from /Users/oanottage/opt/anaconda3/envs/energyvenv/lib/python3.9/site-packages/airflow/example_dags/tutorial.py
[2023-04-07T18:15:39.033+0200] {logging_mixin.py:137} INFO - [2023-04-07T18:15:39.033+0200] {dag.py:2705} INFO - Sync 1 DAGs
[2023-04-07T18:15:39.047+0200] {logging_mixin.py:137} INFO - [2023-04-07T18:15:39.047+0200] {dag.py:3452} INFO - Setting next_dagrun for tutorial to 2023-04-06T16:15:39.047221+00:00, run_after=2023-04-07T16:15:39.047221+00:00
[2023-04-07T18:15:39.060+0200] {processor.py:175} INFO - Processing /Users/oanottage/opt/anaconda3/envs/energyvenv/lib/python3.9/site-packages/airflow/example_dags/tutorial.py took 0.706 seconds
[2023-04-07T18:17:30.072+0200] {processor.py:153} INFO - Started process (PID=19701) to work on /Users/oanottage/opt/anaconda3/envs/energyvenv/lib/python3.9/site-packages/airflow/example_dags/tutorial.py
[2023-04-07T18:17:30.075+0200] {processor.py:743} INFO - Processing file /Users/oanottage/opt/anaconda3/envs/energyvenv/lib/python3.9/site-packages/airflow/example_dags/tutorial.py for tasks to queue
[2023-04-07T18:17:30.076+0200] {logging_mixin.py:137} INFO - [2023-04-07T18:17:30.076+0200] {dagbag.py:532} INFO - Filling up the DagBag from /Users/oanottage/opt/anaconda3/envs/energyvenv/lib/python3.9/site-packages/airflow/example_dags/tutorial.py
[2023-04-07T18:17:30.117+0200] {processor.py:753} INFO - DAG(s) dict_keys(['tutorial']) retrieved from /Users/oanottage/opt/anaconda3/envs/energyvenv/lib/python3.9/site-packages/airflow/example_dags/tutorial.py
[2023-04-07T18:17:30.811+0200] {logging_mixin.py:137} INFO - [2023-04-07T18:17:30.811+0200] {dag.py:2705} INFO - Sync 1 DAGs
[2023-04-07T18:17:30.825+0200] {logging_mixin.py:137} INFO - [2023-04-07T18:17:30.825+0200] {dag.py:3452} INFO - Setting next_dagrun for tutorial to 2023-04-06T16:17:30.825751+00:00, run_after=2023-04-07T16:17:30.825751+00:00
[2023-04-07T18:17:30.839+0200] {processor.py:175} INFO - Processing /Users/oanottage/opt/anaconda3/envs/energyvenv/lib/python3.9/site-packages/airflow/example_dags/tutorial.py took 0.768 seconds
[2023-04-07T18:18:51.430+0200] {processor.py:153} INFO - Started process (PID=19790) to work on /Users/oanottage/opt/anaconda3/envs/energyvenv/lib/python3.9/site-packages/airflow/example_dags/tutorial.py
[2023-04-07T18:18:51.433+0200] {processor.py:743} INFO - Processing file /Users/oanottage/opt/anaconda3/envs/energyvenv/lib/python3.9/site-packages/airflow/example_dags/tutorial.py for tasks to queue
[2023-04-07T18:18:51.434+0200] {logging_mixin.py:137} INFO - [2023-04-07T18:18:51.434+0200] {dagbag.py:532} INFO - Filling up the DagBag from /Users/oanottage/opt/anaconda3/envs/energyvenv/lib/python3.9/site-packages/airflow/example_dags/tutorial.py
[2023-04-07T18:18:51.478+0200] {processor.py:753} INFO - DAG(s) dict_keys(['tutorial']) retrieved from /Users/oanottage/opt/anaconda3/envs/energyvenv/lib/python3.9/site-packages/airflow/example_dags/tutorial.py
[2023-04-07T18:18:52.215+0200] {logging_mixin.py:137} INFO - [2023-04-07T18:18:52.215+0200] {dag.py:2705} INFO - Sync 1 DAGs
[2023-04-07T18:18:52.229+0200] {logging_mixin.py:137} INFO - [2023-04-07T18:18:52.229+0200] {dag.py:3452} INFO - Setting next_dagrun for tutorial to 2023-04-06T16:18:52.229560+00:00, run_after=2023-04-07T16:18:52.229560+00:00
[2023-04-07T18:18:52.243+0200] {processor.py:175} INFO - Processing /Users/oanottage/opt/anaconda3/envs/energyvenv/lib/python3.9/site-packages/airflow/example_dags/tutorial.py took 0.814 seconds
[2023-04-07T18:20:14.480+0200] {processor.py:153} INFO - Started process (PID=19958) to work on /Users/oanottage/opt/anaconda3/envs/energyvenv/lib/python3.9/site-packages/airflow/example_dags/tutorial.py
[2023-04-07T18:20:14.485+0200] {processor.py:743} INFO - Processing file /Users/oanottage/opt/anaconda3/envs/energyvenv/lib/python3.9/site-packages/airflow/example_dags/tutorial.py for tasks to queue
[2023-04-07T18:20:14.485+0200] {logging_mixin.py:137} INFO - [2023-04-07T18:20:14.485+0200] {dagbag.py:532} INFO - Filling up the DagBag from /Users/oanottage/opt/anaconda3/envs/energyvenv/lib/python3.9/site-packages/airflow/example_dags/tutorial.py
[2023-04-07T18:20:14.531+0200] {processor.py:753} INFO - DAG(s) dict_keys(['tutorial']) retrieved from /Users/oanottage/opt/anaconda3/envs/energyvenv/lib/python3.9/site-packages/airflow/example_dags/tutorial.py
[2023-04-07T18:20:15.276+0200] {logging_mixin.py:137} INFO - [2023-04-07T18:20:15.276+0200] {dag.py:2705} INFO - Sync 1 DAGs
[2023-04-07T18:20:15.288+0200] {logging_mixin.py:137} INFO - [2023-04-07T18:20:15.288+0200] {dag.py:3452} INFO - Setting next_dagrun for tutorial to 2023-04-06T16:20:15.288301+00:00, run_after=2023-04-07T16:20:15.288301+00:00
[2023-04-07T18:20:15.300+0200] {processor.py:175} INFO - Processing /Users/oanottage/opt/anaconda3/envs/energyvenv/lib/python3.9/site-packages/airflow/example_dags/tutorial.py took 0.821 seconds
[2023-04-07T18:21:36.866+0200] {processor.py:153} INFO - Started process (PID=20053) to work on /Users/oanottage/opt/anaconda3/envs/energyvenv/lib/python3.9/site-packages/airflow/example_dags/tutorial.py
[2023-04-07T18:21:36.869+0200] {processor.py:743} INFO - Processing file /Users/oanottage/opt/anaconda3/envs/energyvenv/lib/python3.9/site-packages/airflow/example_dags/tutorial.py for tasks to queue
[2023-04-07T18:21:36.870+0200] {logging_mixin.py:137} INFO - [2023-04-07T18:21:36.870+0200] {dagbag.py:532} INFO - Filling up the DagBag from /Users/oanottage/opt/anaconda3/envs/energyvenv/lib/python3.9/site-packages/airflow/example_dags/tutorial.py
[2023-04-07T18:21:36.918+0200] {processor.py:753} INFO - DAG(s) dict_keys(['tutorial']) retrieved from /Users/oanottage/opt/anaconda3/envs/energyvenv/lib/python3.9/site-packages/airflow/example_dags/tutorial.py
[2023-04-07T18:21:37.605+0200] {logging_mixin.py:137} INFO - [2023-04-07T18:21:37.605+0200] {dag.py:2705} INFO - Sync 1 DAGs
[2023-04-07T18:21:37.616+0200] {logging_mixin.py:137} INFO - [2023-04-07T18:21:37.616+0200] {dag.py:3452} INFO - Setting next_dagrun for tutorial to 2023-04-06T16:21:37.616557+00:00, run_after=2023-04-07T16:21:37.616557+00:00
[2023-04-07T18:21:37.628+0200] {processor.py:175} INFO - Processing /Users/oanottage/opt/anaconda3/envs/energyvenv/lib/python3.9/site-packages/airflow/example_dags/tutorial.py took 0.763 seconds
[2023-04-07T18:22:56.723+0200] {processor.py:153} INFO - Started process (PID=20137) to work on /Users/oanottage/opt/anaconda3/envs/energyvenv/lib/python3.9/site-packages/airflow/example_dags/tutorial.py
[2023-04-07T18:22:56.727+0200] {processor.py:743} INFO - Processing file /Users/oanottage/opt/anaconda3/envs/energyvenv/lib/python3.9/site-packages/airflow/example_dags/tutorial.py for tasks to queue
[2023-04-07T18:22:56.728+0200] {logging_mixin.py:137} INFO - [2023-04-07T18:22:56.727+0200] {dagbag.py:532} INFO - Filling up the DagBag from /Users/oanottage/opt/anaconda3/envs/energyvenv/lib/python3.9/site-packages/airflow/example_dags/tutorial.py
[2023-04-07T18:22:56.772+0200] {processor.py:753} INFO - DAG(s) dict_keys(['tutorial']) retrieved from /Users/oanottage/opt/anaconda3/envs/energyvenv/lib/python3.9/site-packages/airflow/example_dags/tutorial.py
[2023-04-07T18:22:57.453+0200] {logging_mixin.py:137} INFO - [2023-04-07T18:22:57.453+0200] {dag.py:2705} INFO - Sync 1 DAGs
[2023-04-07T18:22:57.465+0200] {logging_mixin.py:137} INFO - [2023-04-07T18:22:57.465+0200] {dag.py:3452} INFO - Setting next_dagrun for tutorial to 2023-04-06T16:22:57.465730+00:00, run_after=2023-04-07T16:22:57.465730+00:00
[2023-04-07T18:22:57.478+0200] {processor.py:175} INFO - Processing /Users/oanottage/opt/anaconda3/envs/energyvenv/lib/python3.9/site-packages/airflow/example_dags/tutorial.py took 0.755 seconds
[2023-04-07T18:24:18.680+0200] {processor.py:153} INFO - Started process (PID=20223) to work on /Users/oanottage/opt/anaconda3/envs/energyvenv/lib/python3.9/site-packages/airflow/example_dags/tutorial.py
[2023-04-07T18:24:18.684+0200] {processor.py:743} INFO - Processing file /Users/oanottage/opt/anaconda3/envs/energyvenv/lib/python3.9/site-packages/airflow/example_dags/tutorial.py for tasks to queue
[2023-04-07T18:24:18.685+0200] {logging_mixin.py:137} INFO - [2023-04-07T18:24:18.685+0200] {dagbag.py:532} INFO - Filling up the DagBag from /Users/oanottage/opt/anaconda3/envs/energyvenv/lib/python3.9/site-packages/airflow/example_dags/tutorial.py
[2023-04-07T18:24:18.727+0200] {processor.py:753} INFO - DAG(s) dict_keys(['tutorial']) retrieved from /Users/oanottage/opt/anaconda3/envs/energyvenv/lib/python3.9/site-packages/airflow/example_dags/tutorial.py
[2023-04-07T18:24:19.379+0200] {logging_mixin.py:137} INFO - [2023-04-07T18:24:19.378+0200] {dag.py:2705} INFO - Sync 1 DAGs
[2023-04-07T18:24:19.391+0200] {logging_mixin.py:137} INFO - [2023-04-07T18:24:19.390+0200] {dag.py:3452} INFO - Setting next_dagrun for tutorial to 2023-04-06T16:24:19.390842+00:00, run_after=2023-04-07T16:24:19.390842+00:00
[2023-04-07T18:24:19.402+0200] {processor.py:175} INFO - Processing /Users/oanottage/opt/anaconda3/envs/energyvenv/lib/python3.9/site-packages/airflow/example_dags/tutorial.py took 0.723 seconds
[2023-04-07T18:25:42.177+0200] {processor.py:153} INFO - Started process (PID=20334) to work on /Users/oanottage/opt/anaconda3/envs/energyvenv/lib/python3.9/site-packages/airflow/example_dags/tutorial.py
[2023-04-07T18:25:42.181+0200] {processor.py:743} INFO - Processing file /Users/oanottage/opt/anaconda3/envs/energyvenv/lib/python3.9/site-packages/airflow/example_dags/tutorial.py for tasks to queue
[2023-04-07T18:25:42.181+0200] {logging_mixin.py:137} INFO - [2023-04-07T18:25:42.181+0200] {dagbag.py:532} INFO - Filling up the DagBag from /Users/oanottage/opt/anaconda3/envs/energyvenv/lib/python3.9/site-packages/airflow/example_dags/tutorial.py
[2023-04-07T18:25:42.226+0200] {processor.py:753} INFO - DAG(s) dict_keys(['tutorial']) retrieved from /Users/oanottage/opt/anaconda3/envs/energyvenv/lib/python3.9/site-packages/airflow/example_dags/tutorial.py
[2023-04-07T18:25:42.955+0200] {logging_mixin.py:137} INFO - [2023-04-07T18:25:42.955+0200] {dag.py:2705} INFO - Sync 1 DAGs
[2023-04-07T18:25:42.969+0200] {logging_mixin.py:137} INFO - [2023-04-07T18:25:42.969+0200] {dag.py:3452} INFO - Setting next_dagrun for tutorial to 2023-04-06T16:25:42.969362+00:00, run_after=2023-04-07T16:25:42.969362+00:00
[2023-04-07T18:25:42.983+0200] {processor.py:175} INFO - Processing /Users/oanottage/opt/anaconda3/envs/energyvenv/lib/python3.9/site-packages/airflow/example_dags/tutorial.py took 0.807 seconds
[2023-04-07T18:27:00.612+0200] {processor.py:153} INFO - Started process (PID=20425) to work on /Users/oanottage/opt/anaconda3/envs/energyvenv/lib/python3.9/site-packages/airflow/example_dags/tutorial.py
[2023-04-07T18:27:00.615+0200] {processor.py:743} INFO - Processing file /Users/oanottage/opt/anaconda3/envs/energyvenv/lib/python3.9/site-packages/airflow/example_dags/tutorial.py for tasks to queue
[2023-04-07T18:27:00.616+0200] {logging_mixin.py:137} INFO - [2023-04-07T18:27:00.616+0200] {dagbag.py:532} INFO - Filling up the DagBag from /Users/oanottage/opt/anaconda3/envs/energyvenv/lib/python3.9/site-packages/airflow/example_dags/tutorial.py
[2023-04-07T18:27:00.655+0200] {processor.py:753} INFO - DAG(s) dict_keys(['tutorial']) retrieved from /Users/oanottage/opt/anaconda3/envs/energyvenv/lib/python3.9/site-packages/airflow/example_dags/tutorial.py
[2023-04-07T18:27:01.380+0200] {logging_mixin.py:137} INFO - [2023-04-07T18:27:01.380+0200] {dag.py:2705} INFO - Sync 1 DAGs
[2023-04-07T18:27:01.392+0200] {logging_mixin.py:137} INFO - [2023-04-07T18:27:01.391+0200] {dag.py:3452} INFO - Setting next_dagrun for tutorial to 2023-04-06T16:27:01.391874+00:00, run_after=2023-04-07T16:27:01.391874+00:00
[2023-04-07T18:27:01.406+0200] {processor.py:175} INFO - Processing /Users/oanottage/opt/anaconda3/envs/energyvenv/lib/python3.9/site-packages/airflow/example_dags/tutorial.py took 0.795 seconds
[2023-04-07T18:28:47.233+0200] {processor.py:153} INFO - Started process (PID=20548) to work on /Users/oanottage/opt/anaconda3/envs/energyvenv/lib/python3.9/site-packages/airflow/example_dags/tutorial.py
[2023-04-07T18:28:47.237+0200] {processor.py:743} INFO - Processing file /Users/oanottage/opt/anaconda3/envs/energyvenv/lib/python3.9/site-packages/airflow/example_dags/tutorial.py for tasks to queue
[2023-04-07T18:28:47.237+0200] {logging_mixin.py:137} INFO - [2023-04-07T18:28:47.237+0200] {dagbag.py:532} INFO - Filling up the DagBag from /Users/oanottage/opt/anaconda3/envs/energyvenv/lib/python3.9/site-packages/airflow/example_dags/tutorial.py
[2023-04-07T18:28:47.277+0200] {processor.py:753} INFO - DAG(s) dict_keys(['tutorial']) retrieved from /Users/oanottage/opt/anaconda3/envs/energyvenv/lib/python3.9/site-packages/airflow/example_dags/tutorial.py
[2023-04-07T18:28:47.926+0200] {logging_mixin.py:137} INFO - [2023-04-07T18:28:47.925+0200] {dag.py:2705} INFO - Sync 1 DAGs
[2023-04-07T18:28:47.937+0200] {logging_mixin.py:137} INFO - [2023-04-07T18:28:47.937+0200] {dag.py:3452} INFO - Setting next_dagrun for tutorial to 2023-04-06T16:28:47.937527+00:00, run_after=2023-04-07T16:28:47.937527+00:00
[2023-04-07T18:28:47.950+0200] {processor.py:175} INFO - Processing /Users/oanottage/opt/anaconda3/envs/energyvenv/lib/python3.9/site-packages/airflow/example_dags/tutorial.py took 0.717 seconds
[2023-04-07T18:30:09.521+0200] {processor.py:153} INFO - Started process (PID=20701) to work on /Users/oanottage/opt/anaconda3/envs/energyvenv/lib/python3.9/site-packages/airflow/example_dags/tutorial.py
[2023-04-07T18:30:09.524+0200] {processor.py:743} INFO - Processing file /Users/oanottage/opt/anaconda3/envs/energyvenv/lib/python3.9/site-packages/airflow/example_dags/tutorial.py for tasks to queue
[2023-04-07T18:30:09.525+0200] {logging_mixin.py:137} INFO - [2023-04-07T18:30:09.525+0200] {dagbag.py:532} INFO - Filling up the DagBag from /Users/oanottage/opt/anaconda3/envs/energyvenv/lib/python3.9/site-packages/airflow/example_dags/tutorial.py
[2023-04-07T18:30:09.574+0200] {processor.py:753} INFO - DAG(s) dict_keys(['tutorial']) retrieved from /Users/oanottage/opt/anaconda3/envs/energyvenv/lib/python3.9/site-packages/airflow/example_dags/tutorial.py
[2023-04-07T18:30:10.459+0200] {logging_mixin.py:137} INFO - [2023-04-07T18:30:10.459+0200] {dag.py:2705} INFO - Sync 1 DAGs
[2023-04-07T18:30:10.473+0200] {logging_mixin.py:137} INFO - [2023-04-07T18:30:10.473+0200] {dag.py:3452} INFO - Setting next_dagrun for tutorial to 2023-04-06T16:30:10.473700+00:00, run_after=2023-04-07T16:30:10.473700+00:00
[2023-04-07T18:30:10.490+0200] {processor.py:175} INFO - Processing /Users/oanottage/opt/anaconda3/envs/energyvenv/lib/python3.9/site-packages/airflow/example_dags/tutorial.py took 0.970 seconds
[2023-04-07T18:42:07.119+0200] {processor.py:153} INFO - Started process (PID=21392) to work on /Users/oanottage/opt/anaconda3/envs/energyvenv/lib/python3.9/site-packages/airflow/example_dags/tutorial.py
[2023-04-07T18:42:07.123+0200] {processor.py:743} INFO - Processing file /Users/oanottage/opt/anaconda3/envs/energyvenv/lib/python3.9/site-packages/airflow/example_dags/tutorial.py for tasks to queue
[2023-04-07T18:42:07.123+0200] {logging_mixin.py:137} INFO - [2023-04-07T18:42:07.123+0200] {dagbag.py:532} INFO - Filling up the DagBag from /Users/oanottage/opt/anaconda3/envs/energyvenv/lib/python3.9/site-packages/airflow/example_dags/tutorial.py
[2023-04-07T18:42:07.168+0200] {processor.py:753} INFO - DAG(s) dict_keys(['tutorial']) retrieved from /Users/oanottage/opt/anaconda3/envs/energyvenv/lib/python3.9/site-packages/airflow/example_dags/tutorial.py
[2023-04-07T18:42:07.896+0200] {logging_mixin.py:137} INFO - [2023-04-07T18:42:07.896+0200] {dag.py:2705} INFO - Sync 1 DAGs
[2023-04-07T18:42:07.908+0200] {logging_mixin.py:137} INFO - [2023-04-07T18:42:07.908+0200] {dag.py:3452} INFO - Setting next_dagrun for tutorial to 2023-04-06T16:42:07.908657+00:00, run_after=2023-04-07T16:42:07.908657+00:00
[2023-04-07T18:42:07.924+0200] {processor.py:175} INFO - Processing /Users/oanottage/opt/anaconda3/envs/energyvenv/lib/python3.9/site-packages/airflow/example_dags/tutorial.py took 0.805 seconds
[2023-04-07T18:44:02.744+0200] {processor.py:153} INFO - Started process (PID=21529) to work on /Users/oanottage/opt/anaconda3/envs/energyvenv/lib/python3.9/site-packages/airflow/example_dags/tutorial.py
[2023-04-07T18:44:02.747+0200] {processor.py:743} INFO - Processing file /Users/oanottage/opt/anaconda3/envs/energyvenv/lib/python3.9/site-packages/airflow/example_dags/tutorial.py for tasks to queue
[2023-04-07T18:44:02.748+0200] {logging_mixin.py:137} INFO - [2023-04-07T18:44:02.748+0200] {dagbag.py:532} INFO - Filling up the DagBag from /Users/oanottage/opt/anaconda3/envs/energyvenv/lib/python3.9/site-packages/airflow/example_dags/tutorial.py
[2023-04-07T18:44:02.790+0200] {processor.py:753} INFO - DAG(s) dict_keys(['tutorial']) retrieved from /Users/oanottage/opt/anaconda3/envs/energyvenv/lib/python3.9/site-packages/airflow/example_dags/tutorial.py
[2023-04-07T18:44:03.448+0200] {logging_mixin.py:137} INFO - [2023-04-07T18:44:03.448+0200] {dag.py:2705} INFO - Sync 1 DAGs
[2023-04-07T18:44:03.460+0200] {logging_mixin.py:137} INFO - [2023-04-07T18:44:03.460+0200] {dag.py:3452} INFO - Setting next_dagrun for tutorial to 2023-04-06T16:44:03.460766+00:00, run_after=2023-04-07T16:44:03.460766+00:00
[2023-04-07T18:44:03.477+0200] {processor.py:175} INFO - Processing /Users/oanottage/opt/anaconda3/envs/energyvenv/lib/python3.9/site-packages/airflow/example_dags/tutorial.py took 0.733 seconds
[2023-04-07T18:45:02.707+0200] {processor.py:153} INFO - Started process (PID=21616) to work on /Users/oanottage/opt/anaconda3/envs/energyvenv/lib/python3.9/site-packages/airflow/example_dags/tutorial.py
[2023-04-07T18:45:02.712+0200] {processor.py:743} INFO - Processing file /Users/oanottage/opt/anaconda3/envs/energyvenv/lib/python3.9/site-packages/airflow/example_dags/tutorial.py for tasks to queue
[2023-04-07T18:45:02.713+0200] {logging_mixin.py:137} INFO - [2023-04-07T18:45:02.713+0200] {dagbag.py:532} INFO - Filling up the DagBag from /Users/oanottage/opt/anaconda3/envs/energyvenv/lib/python3.9/site-packages/airflow/example_dags/tutorial.py
[2023-04-07T18:45:02.768+0200] {processor.py:753} INFO - DAG(s) dict_keys(['tutorial']) retrieved from /Users/oanottage/opt/anaconda3/envs/energyvenv/lib/python3.9/site-packages/airflow/example_dags/tutorial.py
[2023-04-07T18:45:03.521+0200] {logging_mixin.py:137} INFO - [2023-04-07T18:45:03.521+0200] {dag.py:2705} INFO - Sync 1 DAGs
[2023-04-07T18:45:03.538+0200] {logging_mixin.py:137} INFO - [2023-04-07T18:45:03.538+0200] {dag.py:3452} INFO - Setting next_dagrun for tutorial to 2023-04-06T16:45:03.538308+00:00, run_after=2023-04-07T16:45:03.538308+00:00
[2023-04-07T18:45:03.553+0200] {processor.py:175} INFO - Processing /Users/oanottage/opt/anaconda3/envs/energyvenv/lib/python3.9/site-packages/airflow/example_dags/tutorial.py took 0.846 seconds
