[2023-03-01T12:22:59.136+0100] {taskinstance.py:1083} INFO - Dependencies all met for <TaskInstance: example_bash_operator.run_after_loop scheduled__2023-02-28T00:00:00+00:00 [queued]>
[2023-03-01T12:22:59.147+0100] {taskinstance.py:1083} INFO - Dependencies all met for <TaskInstance: example_bash_operator.run_after_loop scheduled__2023-02-28T00:00:00+00:00 [queued]>
[2023-03-01T12:22:59.147+0100] {taskinstance.py:1279} INFO - 
--------------------------------------------------------------------------------
[2023-03-01T12:22:59.147+0100] {taskinstance.py:1280} INFO - Starting attempt 1 of 1
[2023-03-01T12:22:59.147+0100] {taskinstance.py:1281} INFO - 
--------------------------------------------------------------------------------
[2023-03-01T12:22:59.157+0100] {taskinstance.py:1300} INFO - Executing <Task(BashOperator): run_after_loop> on 2023-02-28 00:00:00+00:00
[2023-03-01T12:22:59.160+0100] {standard_task_runner.py:55} INFO - Started process 97969 to run task
[2023-03-01T12:22:59.166+0100] {standard_task_runner.py:82} INFO - Running: ['airflow', 'tasks', 'run', 'example_bash_operator', 'run_after_loop', 'scheduled__2023-02-28T00:00:00+00:00', '--job-id', '8', '--raw', '--subdir', '/Users/oanottage/opt/anaconda3/lib/python3.8/site-packages/airflow/example_dags/example_bash_operator.py', '--cfg-path', '/var/folders/gy/mhj_p09j1m14zw460p7wfy6nztk25_/T/tmpkz5qzyzm']
[2023-03-01T12:22:59.168+0100] {standard_task_runner.py:83} INFO - Job 8: Subtask run_after_loop
[2023-03-01T12:22:59.221+0100] {task_command.py:388} INFO - Running <TaskInstance: example_bash_operator.run_after_loop scheduled__2023-02-28T00:00:00+00:00 [running]> on host administrators-macbook-pro-3.local
[2023-03-01T12:22:59.268+0100] {taskinstance.py:1507} INFO - Exporting the following env vars:
AIRFLOW_CTX_DAG_OWNER=airflow
AIRFLOW_CTX_DAG_ID=example_bash_operator
AIRFLOW_CTX_TASK_ID=run_after_loop
AIRFLOW_CTX_EXECUTION_DATE=2023-02-28T00:00:00+00:00
AIRFLOW_CTX_TRY_NUMBER=1
AIRFLOW_CTX_DAG_RUN_ID=scheduled__2023-02-28T00:00:00+00:00
[2023-03-01T12:22:59.270+0100] {subprocess.py:63} INFO - Tmp dir root location: 
 /var/folders/gy/mhj_p09j1m14zw460p7wfy6nztk25_/T
[2023-03-01T12:22:59.271+0100] {subprocess.py:75} INFO - Running command: ['/bin/bash', '-c', 'echo 1']
[2023-03-01T12:22:59.279+0100] {subprocess.py:86} INFO - Output:
[2023-03-01T12:22:59.281+0100] {subprocess.py:93} INFO - 1
[2023-03-01T12:22:59.281+0100] {subprocess.py:97} INFO - Command exited with return code 0
[2023-03-01T12:22:59.297+0100] {taskinstance.py:1318} INFO - Marking task as SUCCESS. dag_id=example_bash_operator, task_id=run_after_loop, execution_date=20230228T000000, start_date=20230301T112259, end_date=20230301T112259
[2023-03-01T12:22:59.352+0100] {local_task_job.py:208} INFO - Task exited with return code 0
[2023-03-01T12:22:59.369+0100] {taskinstance.py:2578} INFO - 0 downstream tasks scheduled from follow-on schedule check
