[2023-03-01T12:22:42.982+0100] {taskinstance.py:1083} INFO - Dependencies all met for <TaskInstance: example_bash_operator.runme_1 scheduled__2023-02-28T00:00:00+00:00 [queued]>
[2023-03-01T12:22:42.995+0100] {taskinstance.py:1083} INFO - Dependencies all met for <TaskInstance: example_bash_operator.runme_1 scheduled__2023-02-28T00:00:00+00:00 [queued]>
[2023-03-01T12:22:42.995+0100] {taskinstance.py:1279} INFO - 
--------------------------------------------------------------------------------
[2023-03-01T12:22:42.995+0100] {taskinstance.py:1280} INFO - Starting attempt 1 of 1
[2023-03-01T12:22:42.995+0100] {taskinstance.py:1281} INFO - 
--------------------------------------------------------------------------------
[2023-03-01T12:22:43.007+0100] {taskinstance.py:1300} INFO - Executing <Task(BashOperator): runme_1> on 2023-02-28 00:00:00+00:00
[2023-03-01T12:22:43.011+0100] {standard_task_runner.py:55} INFO - Started process 97326 to run task
[2023-03-01T12:22:43.018+0100] {standard_task_runner.py:82} INFO - Running: ['airflow', 'tasks', 'run', 'example_bash_operator', 'runme_1', 'scheduled__2023-02-28T00:00:00+00:00', '--job-id', '4', '--raw', '--subdir', '/Users/oanottage/opt/anaconda3/lib/python3.8/site-packages/airflow/example_dags/example_bash_operator.py', '--cfg-path', '/var/folders/gy/mhj_p09j1m14zw460p7wfy6nztk25_/T/tmpaqx024z7']
[2023-03-01T12:22:43.020+0100] {standard_task_runner.py:83} INFO - Job 4: Subtask runme_1
[2023-03-01T12:22:43.075+0100] {task_command.py:388} INFO - Running <TaskInstance: example_bash_operator.runme_1 scheduled__2023-02-28T00:00:00+00:00 [running]> on host administrators-macbook-pro-3.local
[2023-03-01T12:22:43.117+0100] {taskinstance.py:1507} INFO - Exporting the following env vars:
AIRFLOW_CTX_DAG_OWNER=airflow
AIRFLOW_CTX_DAG_ID=example_bash_operator
AIRFLOW_CTX_TASK_ID=runme_1
AIRFLOW_CTX_EXECUTION_DATE=2023-02-28T00:00:00+00:00
AIRFLOW_CTX_TRY_NUMBER=1
AIRFLOW_CTX_DAG_RUN_ID=scheduled__2023-02-28T00:00:00+00:00
[2023-03-01T12:22:43.119+0100] {subprocess.py:63} INFO - Tmp dir root location: 
 /var/folders/gy/mhj_p09j1m14zw460p7wfy6nztk25_/T
[2023-03-01T12:22:43.120+0100] {subprocess.py:75} INFO - Running command: ['/bin/bash', '-c', 'echo "example_bash_operator__runme_1__20230228" && sleep 1']
[2023-03-01T12:22:43.126+0100] {subprocess.py:86} INFO - Output:
[2023-03-01T12:22:43.128+0100] {subprocess.py:93} INFO - example_bash_operator__runme_1__20230228
[2023-03-01T12:22:44.133+0100] {subprocess.py:97} INFO - Command exited with return code 0
[2023-03-01T12:22:44.151+0100] {taskinstance.py:1318} INFO - Marking task as SUCCESS. dag_id=example_bash_operator, task_id=runme_1, execution_date=20230228T000000, start_date=20230301T112242, end_date=20230301T112244
[2023-03-01T12:22:44.206+0100] {local_task_job.py:208} INFO - Task exited with return code 0
[2023-03-01T12:22:44.226+0100] {taskinstance.py:2578} INFO - 0 downstream tasks scheduled from follow-on schedule check
