[2023-04-07T17:56:07.511+0200] {taskinstance.py:1090} INFO - Dependencies all met for dep_context=non-requeueable deps ti=<TaskInstance: example_bash_operator.run_after_loop scheduled__2023-04-06T00:00:00+00:00 [queued]>
[2023-04-07T17:56:07.523+0200] {taskinstance.py:1090} INFO - Dependencies all met for dep_context=requeueable deps ti=<TaskInstance: example_bash_operator.run_after_loop scheduled__2023-04-06T00:00:00+00:00 [queued]>
[2023-04-07T17:56:07.523+0200] {taskinstance.py:1288} INFO - 
--------------------------------------------------------------------------------
[2023-04-07T17:56:07.523+0200] {taskinstance.py:1289} INFO - Starting attempt 1 of 1
[2023-04-07T17:56:07.523+0200] {taskinstance.py:1290} INFO - 
--------------------------------------------------------------------------------
[2023-04-07T17:56:07.532+0200] {taskinstance.py:1309} INFO - Executing <Task(BashOperator): run_after_loop> on 2023-04-06 00:00:00+00:00
[2023-04-07T17:56:07.536+0200] {standard_task_runner.py:55} INFO - Started process 17986 to run task
[2023-04-07T17:56:07.541+0200] {standard_task_runner.py:82} INFO - Running: ['airflow', 'tasks', 'run', 'example_bash_operator', 'run_after_loop', 'scheduled__2023-04-06T00:00:00+00:00', '--job-id', '17', '--raw', '--subdir', '/Users/oanottage/opt/anaconda3/envs/energyvenv/lib/python3.9/site-packages/airflow/example_dags/example_bash_operator.py', '--cfg-path', '/var/folders/gy/mhj_p09j1m14zw460p7wfy6nztk25_/T/tmpufuxuhl8']
[2023-04-07T17:56:07.544+0200] {standard_task_runner.py:83} INFO - Job 17: Subtask run_after_loop
[2023-04-07T17:56:07.596+0200] {task_command.py:389} INFO - Running <TaskInstance: example_bash_operator.run_after_loop scheduled__2023-04-06T00:00:00+00:00 [running]> on host pc-13-38.customer.ask4.lan
[2023-04-07T17:56:07.636+0200] {taskinstance.py:1516} INFO - Exporting the following env vars:
AIRFLOW_CTX_DAG_OWNER=airflow
AIRFLOW_CTX_DAG_ID=example_bash_operator
AIRFLOW_CTX_TASK_ID=run_after_loop
AIRFLOW_CTX_EXECUTION_DATE=2023-04-06T00:00:00+00:00
AIRFLOW_CTX_TRY_NUMBER=1
AIRFLOW_CTX_DAG_RUN_ID=scheduled__2023-04-06T00:00:00+00:00
[2023-04-07T17:56:07.638+0200] {subprocess.py:63} INFO - Tmp dir root location: 
 /var/folders/gy/mhj_p09j1m14zw460p7wfy6nztk25_/T
[2023-04-07T17:56:07.639+0200] {subprocess.py:75} INFO - Running command: ['/bin/bash', '-c', 'echo 1']
[2023-04-07T17:56:07.646+0200] {subprocess.py:86} INFO - Output:
[2023-04-07T17:56:07.648+0200] {subprocess.py:93} INFO - 1
[2023-04-07T17:56:07.648+0200] {subprocess.py:97} INFO - Command exited with return code 0
[2023-04-07T17:56:07.662+0200] {taskinstance.py:1327} INFO - Marking task as SUCCESS. dag_id=example_bash_operator, task_id=run_after_loop, execution_date=20230406T000000, start_date=20230407T155607, end_date=20230407T155607
[2023-04-07T17:56:07.680+0200] {local_task_job.py:212} INFO - Task exited with return code 0
[2023-04-07T17:56:07.694+0200] {taskinstance.py:2596} INFO - 0 downstream tasks scheduled from follow-on schedule check
