[2023-04-11T17:39:34.535+0200] {manager.py:487} INFO - Processing files using up to 1 processes at a time 
[2023-04-11T17:39:34.536+0200] {manager.py:488} INFO - Process each file at most once every 30 seconds
[2023-04-11T17:39:34.536+0200] {manager.py:489} INFO - Checking for new files in /Users/oanottage/Desktop/BTS/BDI/Final_Project/Data_Lake/airflow/dags/dags every 300 seconds
[2023-04-11T17:39:34.536+0200] {manager.py:736} INFO - Searching for files in /Users/oanottage/Desktop/BTS/BDI/Final_Project/Data_Lake/airflow/dags/dags
[2023-04-11T17:39:34.566+0200] {manager.py:739} INFO - There are 42 files in /Users/oanottage/Desktop/BTS/BDI/Final_Project/Data_Lake/airflow/dags/dags
[2023-04-11T17:40:06.171+0200] {manager.py:864} INFO - 
================================================================================
DAG File Processing Stats

File Path                                                                                                                                   PID    Runtime      # DAGs    # Errors  Last Runtime    Last Run
------------------------------------------------------------------------------------------------------------------------------------------  -----  ---------  --------  ----------  --------------  -------------------
/Users/oanottage/opt/anaconda3/envs/energyvenv/lib/python3.9/site-packages/airflow/example_dags/example_latest_only.py                                               0           0
/Users/oanottage/opt/anaconda3/envs/energyvenv/lib/python3.9/site-packages/airflow/example_dags/example_local_kubernetes_executor.py                                 0           0
/Users/oanottage/opt/anaconda3/envs/energyvenv/lib/python3.9/site-packages/airflow/example_dags/example_task_group_decorator.py                                      0           0
/Users/oanottage/opt/anaconda3/envs/energyvenv/lib/python3.9/site-packages/airflow/example_dags/example_complex.py                                                   0           0
/Users/oanottage/opt/anaconda3/envs/energyvenv/lib/python3.9/site-packages/airflow/example_dags/example_python_operator.py                                           0           0
/Users/oanottage/opt/anaconda3/envs/energyvenv/lib/python3.9/site-packages/airflow/example_dags/tutorial_taskflow_api_virtualenv.py                                  0           0  1.84s           2023-04-11T15:39:48
/Users/oanottage/opt/anaconda3/envs/energyvenv/lib/python3.9/site-packages/airflow/example_dags/example_external_task_marker_dag.py                                  0           0
/Users/oanottage/opt/anaconda3/envs/energyvenv/lib/python3.9/site-packages/airflow/example_dags/example_bash_operator.py                                             0           0
/Users/oanottage/opt/anaconda3/envs/energyvenv/lib/python3.9/site-packages/airflow/example_dags/example_short_circuit_operator.py                                    0           0
/Users/oanottage/opt/anaconda3/envs/energyvenv/lib/python3.9/site-packages/airflow/example_dags/example_branch_operator.py                                           0           0
/Users/oanottage/opt/anaconda3/envs/energyvenv/lib/python3.9/site-packages/airflow/example_dags/example_branch_labels.py                                             0           0
/Users/oanottage/opt/anaconda3/envs/energyvenv/lib/python3.9/site-packages/airflow/example_dags/example_task_group.py                                                0           0
/Users/oanottage/opt/anaconda3/envs/energyvenv/lib/python3.9/site-packages/airflow/example_dags/example_sla_dag.py                                                   0           0
/Users/oanottage/opt/anaconda3/envs/energyvenv/lib/python3.9/site-packages/airflow/example_dags/example_passing_params_via_test_command.py                           0           0
/Users/oanottage/opt/anaconda3/envs/energyvenv/lib/python3.9/site-packages/airflow/example_dags/example_latest_only_with_trigger.py                                  0           0
/Users/oanottage/opt/anaconda3/envs/energyvenv/lib/python3.9/site-packages/airflow/example_dags/example_time_delta_sensor_async.py                                   0           0
/Users/oanottage/opt/anaconda3/envs/energyvenv/lib/python3.9/site-packages/airflow/example_dags/example_dag_decorator.py                                             0           0
/Users/oanottage/opt/anaconda3/envs/energyvenv/lib/python3.9/site-packages/airflow/example_dags/example_branch_operator_decorator.py                                 0           0
/Users/oanottage/opt/anaconda3/envs/energyvenv/lib/python3.9/site-packages/airflow/example_dags/example_branch_day_of_week_operator.py                               0           0
/Users/oanottage/opt/anaconda3/envs/energyvenv/lib/python3.9/site-packages/airflow/example_dags/example_skip_dag.py                                                  0           0
/Users/oanottage/opt/anaconda3/envs/energyvenv/lib/python3.9/site-packages/airflow/example_dags/example_short_circuit_decorator.py                                   0           0
/Users/oanottage/opt/anaconda3/envs/energyvenv/lib/python3.9/site-packages/airflow/example_dags/example_datasets.py                                                  0           0
/Users/oanottage/opt/anaconda3/envs/energyvenv/lib/python3.9/site-packages/airflow/example_dags/example_sensor_decorator.py                                          0           0
/Users/oanottage/opt/anaconda3/envs/energyvenv/lib/python3.9/site-packages/airflow/example_dags/example_kubernetes_executor.py                                       0           0
/Users/oanottage/opt/anaconda3/envs/energyvenv/lib/python3.9/site-packages/airflow/example_dags/example_branch_python_dop_operator_3.py                              0           0
/Users/oanottage/opt/anaconda3/envs/energyvenv/lib/python3.9/site-packages/airflow/example_dags/example_sensors.py                                                   0           0
/Users/oanottage/opt/anaconda3/envs/energyvenv/lib/python3.9/site-packages/airflow/example_dags/example_branch_datetime_operator.py                                  0           0
/Users/oanottage/opt/anaconda3/envs/energyvenv/lib/python3.9/site-packages/airflow/example_dags/example_nested_branch_dag.py                                         0           0
/Users/oanottage/opt/anaconda3/envs/energyvenv/lib/python3.9/site-packages/airflow/example_dags/example_subdag_operator.py                                           0           0
/Users/oanottage/opt/anaconda3/envs/energyvenv/lib/python3.9/site-packages/airflow/example_dags/example_trigger_controller_dag.py                                    0           0
/Users/oanottage/opt/anaconda3/envs/energyvenv/lib/python3.9/site-packages/airflow/example_dags/example_params_ui_tutorial.py                                        0           0
/Users/oanottage/opt/anaconda3/envs/energyvenv/lib/python3.9/site-packages/airflow/example_dags/example_dynamic_task_mapping.py                                      0           0
/Users/oanottage/opt/anaconda3/envs/energyvenv/lib/python3.9/site-packages/airflow/example_dags/plugins/workday.py                                                   0           0  2.36s           2023-04-11T15:39:40
/Users/oanottage/opt/anaconda3/envs/energyvenv/lib/python3.9/site-packages/airflow/example_dags/plugins/event_listener.py                                            0           0  1.72s           2023-04-11T15:39:45
/Users/oanottage/opt/anaconda3/envs/energyvenv/lib/python3.9/site-packages/airflow/example_dags/plugins/listener_plugin.py                                           0           0  1.74s           2023-04-11T15:39:43
/Users/oanottage/opt/anaconda3/envs/energyvenv/lib/python3.9/site-packages/airflow/example_dags/subdags/subdag.py                                                    0           0  1.66s           2023-04-11T15:39:36
/Users/oanottage/opt/anaconda3/envs/energyvenv/lib/python3.9/site-packages/airflow/example_dags/tutorial_taskflow_api.py                                             1           0  1.92s           2023-04-11T15:39:50
/Users/oanottage/opt/anaconda3/envs/energyvenv/lib/python3.9/site-packages/airflow/example_dags/tutorial.py                                                          1           0  1.88s           2023-04-11T15:39:56
/Users/oanottage/opt/anaconda3/envs/energyvenv/lib/python3.9/site-packages/airflow/example_dags/example_xcom.py                                                      1           0  1.98s           2023-04-11T15:40:02
/Users/oanottage/opt/anaconda3/envs/energyvenv/lib/python3.9/site-packages/airflow/example_dags/tutorial_dag.py                                                      1           0  1.91s           2023-04-11T15:39:53
/Users/oanottage/opt/anaconda3/envs/energyvenv/lib/python3.9/site-packages/airflow/example_dags/example_trigger_target_dag.py                                        1           0  2.46s           2023-04-11T15:40:06
/Users/oanottage/opt/anaconda3/envs/energyvenv/lib/python3.9/site-packages/airflow/example_dags/example_xcomargs.py                                                  2           0  1.98s           2023-04-11T15:39:59
================================================================================
[2023-04-11T17:40:32.918+0200] {manager.py:469} INFO - Exiting gracefully upon receiving signal 15
