[2023-04-07T17:53:57.201+0200] {processor.py:153} INFO - Started process (PID=17777) to work on /Users/oanottage/opt/anaconda3/envs/energyvenv/lib/python3.9/site-packages/airflow/example_dags/subdags/subdag.py
[2023-04-07T17:53:57.204+0200] {processor.py:743} INFO - Processing file /Users/oanottage/opt/anaconda3/envs/energyvenv/lib/python3.9/site-packages/airflow/example_dags/subdags/subdag.py for tasks to queue
[2023-04-07T17:53:57.204+0200] {logging_mixin.py:137} INFO - [2023-04-07T17:53:57.204+0200] {dagbag.py:532} INFO - Filling up the DagBag from /Users/oanottage/opt/anaconda3/envs/energyvenv/lib/python3.9/site-packages/airflow/example_dags/subdags/subdag.py
[2023-04-07T17:53:57.235+0200] {processor.py:755} WARNING - No viable dags retrieved from /Users/oanottage/opt/anaconda3/envs/energyvenv/lib/python3.9/site-packages/airflow/example_dags/subdags/subdag.py
[2023-04-07T17:53:57.823+0200] {processor.py:175} INFO - Processing /Users/oanottage/opt/anaconda3/envs/energyvenv/lib/python3.9/site-packages/airflow/example_dags/subdags/subdag.py took 0.622 seconds
[2023-04-07T17:56:04.245+0200] {processor.py:153} INFO - Started process (PID=17977) to work on /Users/oanottage/opt/anaconda3/envs/energyvenv/lib/python3.9/site-packages/airflow/example_dags/subdags/subdag.py
[2023-04-07T17:56:04.248+0200] {processor.py:743} INFO - Processing file /Users/oanottage/opt/anaconda3/envs/energyvenv/lib/python3.9/site-packages/airflow/example_dags/subdags/subdag.py for tasks to queue
[2023-04-07T17:56:04.248+0200] {logging_mixin.py:137} INFO - [2023-04-07T17:56:04.248+0200] {dagbag.py:532} INFO - Filling up the DagBag from /Users/oanottage/opt/anaconda3/envs/energyvenv/lib/python3.9/site-packages/airflow/example_dags/subdags/subdag.py
[2023-04-07T17:56:04.279+0200] {processor.py:755} WARNING - No viable dags retrieved from /Users/oanottage/opt/anaconda3/envs/energyvenv/lib/python3.9/site-packages/airflow/example_dags/subdags/subdag.py
[2023-04-07T17:56:05.009+0200] {processor.py:175} INFO - Processing /Users/oanottage/opt/anaconda3/envs/energyvenv/lib/python3.9/site-packages/airflow/example_dags/subdags/subdag.py took 0.765 seconds
[2023-04-07T17:57:43.378+0200] {processor.py:153} INFO - Started process (PID=18096) to work on /Users/oanottage/opt/anaconda3/envs/energyvenv/lib/python3.9/site-packages/airflow/example_dags/subdags/subdag.py
[2023-04-07T17:57:43.381+0200] {processor.py:743} INFO - Processing file /Users/oanottage/opt/anaconda3/envs/energyvenv/lib/python3.9/site-packages/airflow/example_dags/subdags/subdag.py for tasks to queue
[2023-04-07T17:57:43.382+0200] {logging_mixin.py:137} INFO - [2023-04-07T17:57:43.382+0200] {dagbag.py:532} INFO - Filling up the DagBag from /Users/oanottage/opt/anaconda3/envs/energyvenv/lib/python3.9/site-packages/airflow/example_dags/subdags/subdag.py
[2023-04-07T17:57:43.421+0200] {processor.py:755} WARNING - No viable dags retrieved from /Users/oanottage/opt/anaconda3/envs/energyvenv/lib/python3.9/site-packages/airflow/example_dags/subdags/subdag.py
[2023-04-07T17:57:44.128+0200] {processor.py:175} INFO - Processing /Users/oanottage/opt/anaconda3/envs/energyvenv/lib/python3.9/site-packages/airflow/example_dags/subdags/subdag.py took 0.750 seconds
[2023-04-07T17:59:03.032+0200] {processor.py:153} INFO - Started process (PID=18184) to work on /Users/oanottage/opt/anaconda3/envs/energyvenv/lib/python3.9/site-packages/airflow/example_dags/subdags/subdag.py
[2023-04-07T17:59:03.035+0200] {processor.py:743} INFO - Processing file /Users/oanottage/opt/anaconda3/envs/energyvenv/lib/python3.9/site-packages/airflow/example_dags/subdags/subdag.py for tasks to queue
[2023-04-07T17:59:03.035+0200] {logging_mixin.py:137} INFO - [2023-04-07T17:59:03.035+0200] {dagbag.py:532} INFO - Filling up the DagBag from /Users/oanottage/opt/anaconda3/envs/energyvenv/lib/python3.9/site-packages/airflow/example_dags/subdags/subdag.py
[2023-04-07T17:59:03.069+0200] {processor.py:755} WARNING - No viable dags retrieved from /Users/oanottage/opt/anaconda3/envs/energyvenv/lib/python3.9/site-packages/airflow/example_dags/subdags/subdag.py
[2023-04-07T17:59:03.712+0200] {processor.py:175} INFO - Processing /Users/oanottage/opt/anaconda3/envs/energyvenv/lib/python3.9/site-packages/airflow/example_dags/subdags/subdag.py took 0.681 seconds
[2023-04-07T18:00:22.350+0200] {processor.py:153} INFO - Started process (PID=18278) to work on /Users/oanottage/opt/anaconda3/envs/energyvenv/lib/python3.9/site-packages/airflow/example_dags/subdags/subdag.py
[2023-04-07T18:00:22.353+0200] {processor.py:743} INFO - Processing file /Users/oanottage/opt/anaconda3/envs/energyvenv/lib/python3.9/site-packages/airflow/example_dags/subdags/subdag.py for tasks to queue
[2023-04-07T18:00:22.353+0200] {logging_mixin.py:137} INFO - [2023-04-07T18:00:22.353+0200] {dagbag.py:532} INFO - Filling up the DagBag from /Users/oanottage/opt/anaconda3/envs/energyvenv/lib/python3.9/site-packages/airflow/example_dags/subdags/subdag.py
[2023-04-07T18:00:22.382+0200] {processor.py:755} WARNING - No viable dags retrieved from /Users/oanottage/opt/anaconda3/envs/energyvenv/lib/python3.9/site-packages/airflow/example_dags/subdags/subdag.py
[2023-04-07T18:00:23.041+0200] {processor.py:175} INFO - Processing /Users/oanottage/opt/anaconda3/envs/energyvenv/lib/python3.9/site-packages/airflow/example_dags/subdags/subdag.py took 0.692 seconds
[2023-04-07T18:01:44.505+0200] {processor.py:153} INFO - Started process (PID=18381) to work on /Users/oanottage/opt/anaconda3/envs/energyvenv/lib/python3.9/site-packages/airflow/example_dags/subdags/subdag.py
[2023-04-07T18:01:44.508+0200] {processor.py:743} INFO - Processing file /Users/oanottage/opt/anaconda3/envs/energyvenv/lib/python3.9/site-packages/airflow/example_dags/subdags/subdag.py for tasks to queue
[2023-04-07T18:01:44.508+0200] {logging_mixin.py:137} INFO - [2023-04-07T18:01:44.508+0200] {dagbag.py:532} INFO - Filling up the DagBag from /Users/oanottage/opt/anaconda3/envs/energyvenv/lib/python3.9/site-packages/airflow/example_dags/subdags/subdag.py
[2023-04-07T18:01:44.540+0200] {processor.py:755} WARNING - No viable dags retrieved from /Users/oanottage/opt/anaconda3/envs/energyvenv/lib/python3.9/site-packages/airflow/example_dags/subdags/subdag.py
[2023-04-07T18:01:45.210+0200] {processor.py:175} INFO - Processing /Users/oanottage/opt/anaconda3/envs/energyvenv/lib/python3.9/site-packages/airflow/example_dags/subdags/subdag.py took 0.706 seconds
[2023-04-07T18:03:04.727+0200] {processor.py:153} INFO - Started process (PID=18470) to work on /Users/oanottage/opt/anaconda3/envs/energyvenv/lib/python3.9/site-packages/airflow/example_dags/subdags/subdag.py
[2023-04-07T18:03:04.730+0200] {processor.py:743} INFO - Processing file /Users/oanottage/opt/anaconda3/envs/energyvenv/lib/python3.9/site-packages/airflow/example_dags/subdags/subdag.py for tasks to queue
[2023-04-07T18:03:04.730+0200] {logging_mixin.py:137} INFO - [2023-04-07T18:03:04.730+0200] {dagbag.py:532} INFO - Filling up the DagBag from /Users/oanottage/opt/anaconda3/envs/energyvenv/lib/python3.9/site-packages/airflow/example_dags/subdags/subdag.py
[2023-04-07T18:03:04.770+0200] {processor.py:755} WARNING - No viable dags retrieved from /Users/oanottage/opt/anaconda3/envs/energyvenv/lib/python3.9/site-packages/airflow/example_dags/subdags/subdag.py
[2023-04-07T18:03:05.514+0200] {processor.py:175} INFO - Processing /Users/oanottage/opt/anaconda3/envs/energyvenv/lib/python3.9/site-packages/airflow/example_dags/subdags/subdag.py took 0.787 seconds
[2023-04-07T18:04:08.604+0200] {processor.py:153} INFO - Started process (PID=18537) to work on /Users/oanottage/opt/anaconda3/envs/energyvenv/lib/python3.9/site-packages/airflow/example_dags/subdags/subdag.py
[2023-04-07T18:04:08.607+0200] {processor.py:743} INFO - Processing file /Users/oanottage/opt/anaconda3/envs/energyvenv/lib/python3.9/site-packages/airflow/example_dags/subdags/subdag.py for tasks to queue
[2023-04-07T18:04:08.607+0200] {logging_mixin.py:137} INFO - [2023-04-07T18:04:08.607+0200] {dagbag.py:532} INFO - Filling up the DagBag from /Users/oanottage/opt/anaconda3/envs/energyvenv/lib/python3.9/site-packages/airflow/example_dags/subdags/subdag.py
[2023-04-07T18:04:08.637+0200] {processor.py:755} WARNING - No viable dags retrieved from /Users/oanottage/opt/anaconda3/envs/energyvenv/lib/python3.9/site-packages/airflow/example_dags/subdags/subdag.py
[2023-04-07T18:04:09.298+0200] {processor.py:175} INFO - Processing /Users/oanottage/opt/anaconda3/envs/energyvenv/lib/python3.9/site-packages/airflow/example_dags/subdags/subdag.py took 0.695 seconds
[2023-04-07T18:06:01.340+0200] {processor.py:153} INFO - Started process (PID=18706) to work on /Users/oanottage/opt/anaconda3/envs/energyvenv/lib/python3.9/site-packages/airflow/example_dags/subdags/subdag.py
[2023-04-07T18:06:01.344+0200] {processor.py:743} INFO - Processing file /Users/oanottage/opt/anaconda3/envs/energyvenv/lib/python3.9/site-packages/airflow/example_dags/subdags/subdag.py for tasks to queue
[2023-04-07T18:06:01.344+0200] {logging_mixin.py:137} INFO - [2023-04-07T18:06:01.344+0200] {dagbag.py:532} INFO - Filling up the DagBag from /Users/oanottage/opt/anaconda3/envs/energyvenv/lib/python3.9/site-packages/airflow/example_dags/subdags/subdag.py
[2023-04-07T18:06:01.372+0200] {processor.py:755} WARNING - No viable dags retrieved from /Users/oanottage/opt/anaconda3/envs/energyvenv/lib/python3.9/site-packages/airflow/example_dags/subdags/subdag.py
[2023-04-07T18:06:02.029+0200] {processor.py:175} INFO - Processing /Users/oanottage/opt/anaconda3/envs/energyvenv/lib/python3.9/site-packages/airflow/example_dags/subdags/subdag.py took 0.689 seconds
[2023-04-07T18:07:38.698+0200] {processor.py:153} INFO - Started process (PID=18843) to work on /Users/oanottage/opt/anaconda3/envs/energyvenv/lib/python3.9/site-packages/airflow/example_dags/subdags/subdag.py
[2023-04-07T18:07:38.701+0200] {processor.py:743} INFO - Processing file /Users/oanottage/opt/anaconda3/envs/energyvenv/lib/python3.9/site-packages/airflow/example_dags/subdags/subdag.py for tasks to queue
[2023-04-07T18:07:38.701+0200] {logging_mixin.py:137} INFO - [2023-04-07T18:07:38.701+0200] {dagbag.py:532} INFO - Filling up the DagBag from /Users/oanottage/opt/anaconda3/envs/energyvenv/lib/python3.9/site-packages/airflow/example_dags/subdags/subdag.py
[2023-04-07T18:07:38.731+0200] {processor.py:755} WARNING - No viable dags retrieved from /Users/oanottage/opt/anaconda3/envs/energyvenv/lib/python3.9/site-packages/airflow/example_dags/subdags/subdag.py
[2023-04-07T18:07:39.337+0200] {processor.py:175} INFO - Processing /Users/oanottage/opt/anaconda3/envs/energyvenv/lib/python3.9/site-packages/airflow/example_dags/subdags/subdag.py took 0.640 seconds
[2023-04-07T18:09:31.125+0200] {processor.py:153} INFO - Started process (PID=19051) to work on /Users/oanottage/opt/anaconda3/envs/energyvenv/lib/python3.9/site-packages/airflow/example_dags/subdags/subdag.py
[2023-04-07T18:09:31.131+0200] {processor.py:743} INFO - Processing file /Users/oanottage/opt/anaconda3/envs/energyvenv/lib/python3.9/site-packages/airflow/example_dags/subdags/subdag.py for tasks to queue
[2023-04-07T18:09:31.132+0200] {logging_mixin.py:137} INFO - [2023-04-07T18:09:31.132+0200] {dagbag.py:532} INFO - Filling up the DagBag from /Users/oanottage/opt/anaconda3/envs/energyvenv/lib/python3.9/site-packages/airflow/example_dags/subdags/subdag.py
[2023-04-07T18:09:31.171+0200] {processor.py:755} WARNING - No viable dags retrieved from /Users/oanottage/opt/anaconda3/envs/energyvenv/lib/python3.9/site-packages/airflow/example_dags/subdags/subdag.py
[2023-04-07T18:09:31.861+0200] {processor.py:175} INFO - Processing /Users/oanottage/opt/anaconda3/envs/energyvenv/lib/python3.9/site-packages/airflow/example_dags/subdags/subdag.py took 0.737 seconds
[2023-04-07T18:10:50.006+0200] {processor.py:153} INFO - Started process (PID=19153) to work on /Users/oanottage/opt/anaconda3/envs/energyvenv/lib/python3.9/site-packages/airflow/example_dags/subdags/subdag.py
[2023-04-07T18:10:50.009+0200] {processor.py:743} INFO - Processing file /Users/oanottage/opt/anaconda3/envs/energyvenv/lib/python3.9/site-packages/airflow/example_dags/subdags/subdag.py for tasks to queue
[2023-04-07T18:10:50.009+0200] {logging_mixin.py:137} INFO - [2023-04-07T18:10:50.009+0200] {dagbag.py:532} INFO - Filling up the DagBag from /Users/oanottage/opt/anaconda3/envs/energyvenv/lib/python3.9/site-packages/airflow/example_dags/subdags/subdag.py
[2023-04-07T18:10:50.038+0200] {processor.py:755} WARNING - No viable dags retrieved from /Users/oanottage/opt/anaconda3/envs/energyvenv/lib/python3.9/site-packages/airflow/example_dags/subdags/subdag.py
[2023-04-07T18:10:50.628+0200] {processor.py:175} INFO - Processing /Users/oanottage/opt/anaconda3/envs/energyvenv/lib/python3.9/site-packages/airflow/example_dags/subdags/subdag.py took 0.622 seconds
[2023-04-07T18:12:13.019+0200] {processor.py:153} INFO - Started process (PID=19269) to work on /Users/oanottage/opt/anaconda3/envs/energyvenv/lib/python3.9/site-packages/airflow/example_dags/subdags/subdag.py
[2023-04-07T18:12:13.022+0200] {processor.py:743} INFO - Processing file /Users/oanottage/opt/anaconda3/envs/energyvenv/lib/python3.9/site-packages/airflow/example_dags/subdags/subdag.py for tasks to queue
[2023-04-07T18:12:13.023+0200] {logging_mixin.py:137} INFO - [2023-04-07T18:12:13.023+0200] {dagbag.py:532} INFO - Filling up the DagBag from /Users/oanottage/opt/anaconda3/envs/energyvenv/lib/python3.9/site-packages/airflow/example_dags/subdags/subdag.py
[2023-04-07T18:12:13.052+0200] {processor.py:755} WARNING - No viable dags retrieved from /Users/oanottage/opt/anaconda3/envs/energyvenv/lib/python3.9/site-packages/airflow/example_dags/subdags/subdag.py
[2023-04-07T18:12:13.714+0200] {processor.py:175} INFO - Processing /Users/oanottage/opt/anaconda3/envs/energyvenv/lib/python3.9/site-packages/airflow/example_dags/subdags/subdag.py took 0.695 seconds
[2023-04-07T18:12:47.707+0200] {processor.py:153} INFO - Started process (PID=19317) to work on /Users/oanottage/opt/anaconda3/envs/energyvenv/lib/python3.9/site-packages/airflow/example_dags/subdags/subdag.py
[2023-04-07T18:12:47.710+0200] {processor.py:743} INFO - Processing file /Users/oanottage/opt/anaconda3/envs/energyvenv/lib/python3.9/site-packages/airflow/example_dags/subdags/subdag.py for tasks to queue
[2023-04-07T18:12:47.711+0200] {logging_mixin.py:137} INFO - [2023-04-07T18:12:47.711+0200] {dagbag.py:532} INFO - Filling up the DagBag from /Users/oanottage/opt/anaconda3/envs/energyvenv/lib/python3.9/site-packages/airflow/example_dags/subdags/subdag.py
[2023-04-07T18:12:47.741+0200] {processor.py:755} WARNING - No viable dags retrieved from /Users/oanottage/opt/anaconda3/envs/energyvenv/lib/python3.9/site-packages/airflow/example_dags/subdags/subdag.py
[2023-04-07T18:12:48.348+0200] {processor.py:175} INFO - Processing /Users/oanottage/opt/anaconda3/envs/energyvenv/lib/python3.9/site-packages/airflow/example_dags/subdags/subdag.py took 0.641 seconds
[2023-04-07T18:15:19.084+0200] {processor.py:153} INFO - Started process (PID=19514) to work on /Users/oanottage/opt/anaconda3/envs/energyvenv/lib/python3.9/site-packages/airflow/example_dags/subdags/subdag.py
[2023-04-07T18:15:19.088+0200] {processor.py:743} INFO - Processing file /Users/oanottage/opt/anaconda3/envs/energyvenv/lib/python3.9/site-packages/airflow/example_dags/subdags/subdag.py for tasks to queue
[2023-04-07T18:15:19.088+0200] {logging_mixin.py:137} INFO - [2023-04-07T18:15:19.088+0200] {dagbag.py:532} INFO - Filling up the DagBag from /Users/oanottage/opt/anaconda3/envs/energyvenv/lib/python3.9/site-packages/airflow/example_dags/subdags/subdag.py
[2023-04-07T18:15:19.117+0200] {processor.py:755} WARNING - No viable dags retrieved from /Users/oanottage/opt/anaconda3/envs/energyvenv/lib/python3.9/site-packages/airflow/example_dags/subdags/subdag.py
[2023-04-07T18:15:19.716+0200] {processor.py:175} INFO - Processing /Users/oanottage/opt/anaconda3/envs/energyvenv/lib/python3.9/site-packages/airflow/example_dags/subdags/subdag.py took 0.633 seconds
[2023-04-07T18:17:11.346+0200] {processor.py:153} INFO - Started process (PID=19682) to work on /Users/oanottage/opt/anaconda3/envs/energyvenv/lib/python3.9/site-packages/airflow/example_dags/subdags/subdag.py
[2023-04-07T18:17:11.350+0200] {processor.py:743} INFO - Processing file /Users/oanottage/opt/anaconda3/envs/energyvenv/lib/python3.9/site-packages/airflow/example_dags/subdags/subdag.py for tasks to queue
[2023-04-07T18:17:11.350+0200] {logging_mixin.py:137} INFO - [2023-04-07T18:17:11.350+0200] {dagbag.py:532} INFO - Filling up the DagBag from /Users/oanottage/opt/anaconda3/envs/energyvenv/lib/python3.9/site-packages/airflow/example_dags/subdags/subdag.py
[2023-04-07T18:17:11.388+0200] {processor.py:755} WARNING - No viable dags retrieved from /Users/oanottage/opt/anaconda3/envs/energyvenv/lib/python3.9/site-packages/airflow/example_dags/subdags/subdag.py
[2023-04-07T18:17:12.008+0200] {processor.py:175} INFO - Processing /Users/oanottage/opt/anaconda3/envs/energyvenv/lib/python3.9/site-packages/airflow/example_dags/subdags/subdag.py took 0.662 seconds
[2023-04-07T18:18:32.735+0200] {processor.py:153} INFO - Started process (PID=19764) to work on /Users/oanottage/opt/anaconda3/envs/energyvenv/lib/python3.9/site-packages/airflow/example_dags/subdags/subdag.py
[2023-04-07T18:18:32.738+0200] {processor.py:743} INFO - Processing file /Users/oanottage/opt/anaconda3/envs/energyvenv/lib/python3.9/site-packages/airflow/example_dags/subdags/subdag.py for tasks to queue
[2023-04-07T18:18:32.739+0200] {logging_mixin.py:137} INFO - [2023-04-07T18:18:32.739+0200] {dagbag.py:532} INFO - Filling up the DagBag from /Users/oanottage/opt/anaconda3/envs/energyvenv/lib/python3.9/site-packages/airflow/example_dags/subdags/subdag.py
[2023-04-07T18:18:32.769+0200] {processor.py:755} WARNING - No viable dags retrieved from /Users/oanottage/opt/anaconda3/envs/energyvenv/lib/python3.9/site-packages/airflow/example_dags/subdags/subdag.py
[2023-04-07T18:18:33.495+0200] {processor.py:175} INFO - Processing /Users/oanottage/opt/anaconda3/envs/energyvenv/lib/python3.9/site-packages/airflow/example_dags/subdags/subdag.py took 0.760 seconds
[2023-04-07T18:19:55.459+0200] {processor.py:153} INFO - Started process (PID=19925) to work on /Users/oanottage/opt/anaconda3/envs/energyvenv/lib/python3.9/site-packages/airflow/example_dags/subdags/subdag.py
[2023-04-07T18:19:55.464+0200] {processor.py:743} INFO - Processing file /Users/oanottage/opt/anaconda3/envs/energyvenv/lib/python3.9/site-packages/airflow/example_dags/subdags/subdag.py for tasks to queue
[2023-04-07T18:19:55.465+0200] {logging_mixin.py:137} INFO - [2023-04-07T18:19:55.465+0200] {dagbag.py:532} INFO - Filling up the DagBag from /Users/oanottage/opt/anaconda3/envs/energyvenv/lib/python3.9/site-packages/airflow/example_dags/subdags/subdag.py
[2023-04-07T18:19:55.503+0200] {processor.py:755} WARNING - No viable dags retrieved from /Users/oanottage/opt/anaconda3/envs/energyvenv/lib/python3.9/site-packages/airflow/example_dags/subdags/subdag.py
[2023-04-07T18:19:56.569+0200] {processor.py:175} INFO - Processing /Users/oanottage/opt/anaconda3/envs/energyvenv/lib/python3.9/site-packages/airflow/example_dags/subdags/subdag.py took 1.111 seconds
[2023-04-07T18:21:19.101+0200] {processor.py:153} INFO - Started process (PID=20028) to work on /Users/oanottage/opt/anaconda3/envs/energyvenv/lib/python3.9/site-packages/airflow/example_dags/subdags/subdag.py
[2023-04-07T18:21:19.105+0200] {processor.py:743} INFO - Processing file /Users/oanottage/opt/anaconda3/envs/energyvenv/lib/python3.9/site-packages/airflow/example_dags/subdags/subdag.py for tasks to queue
[2023-04-07T18:21:19.105+0200] {logging_mixin.py:137} INFO - [2023-04-07T18:21:19.105+0200] {dagbag.py:532} INFO - Filling up the DagBag from /Users/oanottage/opt/anaconda3/envs/energyvenv/lib/python3.9/site-packages/airflow/example_dags/subdags/subdag.py
[2023-04-07T18:21:19.143+0200] {processor.py:755} WARNING - No viable dags retrieved from /Users/oanottage/opt/anaconda3/envs/energyvenv/lib/python3.9/site-packages/airflow/example_dags/subdags/subdag.py
[2023-04-07T18:21:19.803+0200] {processor.py:175} INFO - Processing /Users/oanottage/opt/anaconda3/envs/energyvenv/lib/python3.9/site-packages/airflow/example_dags/subdags/subdag.py took 0.703 seconds
[2023-04-07T18:22:37.128+0200] {processor.py:153} INFO - Started process (PID=20116) to work on /Users/oanottage/opt/anaconda3/envs/energyvenv/lib/python3.9/site-packages/airflow/example_dags/subdags/subdag.py
[2023-04-07T18:22:37.132+0200] {processor.py:743} INFO - Processing file /Users/oanottage/opt/anaconda3/envs/energyvenv/lib/python3.9/site-packages/airflow/example_dags/subdags/subdag.py for tasks to queue
[2023-04-07T18:22:37.132+0200] {logging_mixin.py:137} INFO - [2023-04-07T18:22:37.132+0200] {dagbag.py:532} INFO - Filling up the DagBag from /Users/oanottage/opt/anaconda3/envs/energyvenv/lib/python3.9/site-packages/airflow/example_dags/subdags/subdag.py
[2023-04-07T18:22:37.170+0200] {processor.py:755} WARNING - No viable dags retrieved from /Users/oanottage/opt/anaconda3/envs/energyvenv/lib/python3.9/site-packages/airflow/example_dags/subdags/subdag.py
[2023-04-07T18:22:37.895+0200] {processor.py:175} INFO - Processing /Users/oanottage/opt/anaconda3/envs/energyvenv/lib/python3.9/site-packages/airflow/example_dags/subdags/subdag.py took 0.768 seconds
[2023-04-07T18:23:59.324+0200] {processor.py:153} INFO - Started process (PID=20204) to work on /Users/oanottage/opt/anaconda3/envs/energyvenv/lib/python3.9/site-packages/airflow/example_dags/subdags/subdag.py
[2023-04-07T18:23:59.330+0200] {processor.py:743} INFO - Processing file /Users/oanottage/opt/anaconda3/envs/energyvenv/lib/python3.9/site-packages/airflow/example_dags/subdags/subdag.py for tasks to queue
[2023-04-07T18:23:59.331+0200] {logging_mixin.py:137} INFO - [2023-04-07T18:23:59.330+0200] {dagbag.py:532} INFO - Filling up the DagBag from /Users/oanottage/opt/anaconda3/envs/energyvenv/lib/python3.9/site-packages/airflow/example_dags/subdags/subdag.py
[2023-04-07T18:23:59.368+0200] {processor.py:755} WARNING - No viable dags retrieved from /Users/oanottage/opt/anaconda3/envs/energyvenv/lib/python3.9/site-packages/airflow/example_dags/subdags/subdag.py
[2023-04-07T18:24:00.035+0200] {processor.py:175} INFO - Processing /Users/oanottage/opt/anaconda3/envs/energyvenv/lib/python3.9/site-packages/airflow/example_dags/subdags/subdag.py took 0.712 seconds
[2023-04-07T18:25:23.715+0200] {processor.py:153} INFO - Started process (PID=20311) to work on /Users/oanottage/opt/anaconda3/envs/energyvenv/lib/python3.9/site-packages/airflow/example_dags/subdags/subdag.py
[2023-04-07T18:25:23.719+0200] {processor.py:743} INFO - Processing file /Users/oanottage/opt/anaconda3/envs/energyvenv/lib/python3.9/site-packages/airflow/example_dags/subdags/subdag.py for tasks to queue
[2023-04-07T18:25:23.719+0200] {logging_mixin.py:137} INFO - [2023-04-07T18:25:23.719+0200] {dagbag.py:532} INFO - Filling up the DagBag from /Users/oanottage/opt/anaconda3/envs/energyvenv/lib/python3.9/site-packages/airflow/example_dags/subdags/subdag.py
[2023-04-07T18:25:23.752+0200] {processor.py:755} WARNING - No viable dags retrieved from /Users/oanottage/opt/anaconda3/envs/energyvenv/lib/python3.9/site-packages/airflow/example_dags/subdags/subdag.py
[2023-04-07T18:25:24.362+0200] {processor.py:175} INFO - Processing /Users/oanottage/opt/anaconda3/envs/energyvenv/lib/python3.9/site-packages/airflow/example_dags/subdags/subdag.py took 0.647 seconds
[2023-04-07T18:26:45.017+0200] {processor.py:153} INFO - Started process (PID=20410) to work on /Users/oanottage/opt/anaconda3/envs/energyvenv/lib/python3.9/site-packages/airflow/example_dags/subdags/subdag.py
[2023-04-07T18:26:45.020+0200] {processor.py:743} INFO - Processing file /Users/oanottage/opt/anaconda3/envs/energyvenv/lib/python3.9/site-packages/airflow/example_dags/subdags/subdag.py for tasks to queue
[2023-04-07T18:26:45.020+0200] {logging_mixin.py:137} INFO - [2023-04-07T18:26:45.020+0200] {dagbag.py:532} INFO - Filling up the DagBag from /Users/oanottage/opt/anaconda3/envs/energyvenv/lib/python3.9/site-packages/airflow/example_dags/subdags/subdag.py
[2023-04-07T18:26:45.050+0200] {processor.py:755} WARNING - No viable dags retrieved from /Users/oanottage/opt/anaconda3/envs/energyvenv/lib/python3.9/site-packages/airflow/example_dags/subdags/subdag.py
[2023-04-07T18:26:45.692+0200] {processor.py:175} INFO - Processing /Users/oanottage/opt/anaconda3/envs/energyvenv/lib/python3.9/site-packages/airflow/example_dags/subdags/subdag.py took 0.676 seconds
[2023-04-07T18:28:28.183+0200] {processor.py:153} INFO - Started process (PID=20524) to work on /Users/oanottage/opt/anaconda3/envs/energyvenv/lib/python3.9/site-packages/airflow/example_dags/subdags/subdag.py
[2023-04-07T18:28:28.186+0200] {processor.py:743} INFO - Processing file /Users/oanottage/opt/anaconda3/envs/energyvenv/lib/python3.9/site-packages/airflow/example_dags/subdags/subdag.py for tasks to queue
[2023-04-07T18:28:28.187+0200] {logging_mixin.py:137} INFO - [2023-04-07T18:28:28.187+0200] {dagbag.py:532} INFO - Filling up the DagBag from /Users/oanottage/opt/anaconda3/envs/energyvenv/lib/python3.9/site-packages/airflow/example_dags/subdags/subdag.py
[2023-04-07T18:28:28.216+0200] {processor.py:755} WARNING - No viable dags retrieved from /Users/oanottage/opt/anaconda3/envs/energyvenv/lib/python3.9/site-packages/airflow/example_dags/subdags/subdag.py
[2023-04-07T18:28:28.824+0200] {processor.py:175} INFO - Processing /Users/oanottage/opt/anaconda3/envs/energyvenv/lib/python3.9/site-packages/airflow/example_dags/subdags/subdag.py took 0.642 seconds
[2023-04-07T18:29:50.566+0200] {processor.py:153} INFO - Started process (PID=20666) to work on /Users/oanottage/opt/anaconda3/envs/energyvenv/lib/python3.9/site-packages/airflow/example_dags/subdags/subdag.py
[2023-04-07T18:29:50.569+0200] {processor.py:743} INFO - Processing file /Users/oanottage/opt/anaconda3/envs/energyvenv/lib/python3.9/site-packages/airflow/example_dags/subdags/subdag.py for tasks to queue
[2023-04-07T18:29:50.570+0200] {logging_mixin.py:137} INFO - [2023-04-07T18:29:50.569+0200] {dagbag.py:532} INFO - Filling up the DagBag from /Users/oanottage/opt/anaconda3/envs/energyvenv/lib/python3.9/site-packages/airflow/example_dags/subdags/subdag.py
[2023-04-07T18:29:50.599+0200] {processor.py:755} WARNING - No viable dags retrieved from /Users/oanottage/opt/anaconda3/envs/energyvenv/lib/python3.9/site-packages/airflow/example_dags/subdags/subdag.py
[2023-04-07T18:29:51.205+0200] {processor.py:175} INFO - Processing /Users/oanottage/opt/anaconda3/envs/energyvenv/lib/python3.9/site-packages/airflow/example_dags/subdags/subdag.py took 0.639 seconds
[2023-04-07T18:41:47.769+0200] {processor.py:153} INFO - Started process (PID=21350) to work on /Users/oanottage/opt/anaconda3/envs/energyvenv/lib/python3.9/site-packages/airflow/example_dags/subdags/subdag.py
[2023-04-07T18:41:47.772+0200] {processor.py:743} INFO - Processing file /Users/oanottage/opt/anaconda3/envs/energyvenv/lib/python3.9/site-packages/airflow/example_dags/subdags/subdag.py for tasks to queue
[2023-04-07T18:41:47.772+0200] {logging_mixin.py:137} INFO - [2023-04-07T18:41:47.772+0200] {dagbag.py:532} INFO - Filling up the DagBag from /Users/oanottage/opt/anaconda3/envs/energyvenv/lib/python3.9/site-packages/airflow/example_dags/subdags/subdag.py
[2023-04-07T18:41:47.803+0200] {processor.py:755} WARNING - No viable dags retrieved from /Users/oanottage/opt/anaconda3/envs/energyvenv/lib/python3.9/site-packages/airflow/example_dags/subdags/subdag.py
[2023-04-07T18:41:48.404+0200] {processor.py:175} INFO - Processing /Users/oanottage/opt/anaconda3/envs/energyvenv/lib/python3.9/site-packages/airflow/example_dags/subdags/subdag.py took 0.636 seconds
[2023-04-07T18:43:43.378+0200] {processor.py:153} INFO - Started process (PID=21504) to work on /Users/oanottage/opt/anaconda3/envs/energyvenv/lib/python3.9/site-packages/airflow/example_dags/subdags/subdag.py
[2023-04-07T18:43:43.382+0200] {processor.py:743} INFO - Processing file /Users/oanottage/opt/anaconda3/envs/energyvenv/lib/python3.9/site-packages/airflow/example_dags/subdags/subdag.py for tasks to queue
[2023-04-07T18:43:43.382+0200] {logging_mixin.py:137} INFO - [2023-04-07T18:43:43.382+0200] {dagbag.py:532} INFO - Filling up the DagBag from /Users/oanottage/opt/anaconda3/envs/energyvenv/lib/python3.9/site-packages/airflow/example_dags/subdags/subdag.py
[2023-04-07T18:43:43.418+0200] {processor.py:755} WARNING - No viable dags retrieved from /Users/oanottage/opt/anaconda3/envs/energyvenv/lib/python3.9/site-packages/airflow/example_dags/subdags/subdag.py
[2023-04-07T18:43:44.154+0200] {processor.py:175} INFO - Processing /Users/oanottage/opt/anaconda3/envs/energyvenv/lib/python3.9/site-packages/airflow/example_dags/subdags/subdag.py took 0.776 seconds
[2023-04-07T18:44:43.186+0200] {processor.py:153} INFO - Started process (PID=21595) to work on /Users/oanottage/opt/anaconda3/envs/energyvenv/lib/python3.9/site-packages/airflow/example_dags/subdags/subdag.py
[2023-04-07T18:44:43.190+0200] {processor.py:743} INFO - Processing file /Users/oanottage/opt/anaconda3/envs/energyvenv/lib/python3.9/site-packages/airflow/example_dags/subdags/subdag.py for tasks to queue
[2023-04-07T18:44:43.190+0200] {logging_mixin.py:137} INFO - [2023-04-07T18:44:43.190+0200] {dagbag.py:532} INFO - Filling up the DagBag from /Users/oanottage/opt/anaconda3/envs/energyvenv/lib/python3.9/site-packages/airflow/example_dags/subdags/subdag.py
[2023-04-07T18:44:43.237+0200] {processor.py:755} WARNING - No viable dags retrieved from /Users/oanottage/opt/anaconda3/envs/energyvenv/lib/python3.9/site-packages/airflow/example_dags/subdags/subdag.py
[2023-04-07T18:44:43.954+0200] {processor.py:175} INFO - Processing /Users/oanottage/opt/anaconda3/envs/energyvenv/lib/python3.9/site-packages/airflow/example_dags/subdags/subdag.py took 0.769 seconds
