[2023-04-07T17:54:05.264+0200] {processor.py:153} INFO - Started process (PID=17786) to work on /Users/oanottage/opt/anaconda3/envs/energyvenv/lib/python3.9/site-packages/airflow/example_dags/plugins/event_listener.py
[2023-04-07T17:54:05.267+0200] {processor.py:743} INFO - Processing file /Users/oanottage/opt/anaconda3/envs/energyvenv/lib/python3.9/site-packages/airflow/example_dags/plugins/event_listener.py for tasks to queue
[2023-04-07T17:54:05.268+0200] {logging_mixin.py:137} INFO - [2023-04-07T17:54:05.268+0200] {dagbag.py:532} INFO - Filling up the DagBag from /Users/oanottage/opt/anaconda3/envs/energyvenv/lib/python3.9/site-packages/airflow/example_dags/plugins/event_listener.py
[2023-04-07T17:54:05.300+0200] {processor.py:755} WARNING - No viable dags retrieved from /Users/oanottage/opt/anaconda3/envs/energyvenv/lib/python3.9/site-packages/airflow/example_dags/plugins/event_listener.py
[2023-04-07T17:54:06.003+0200] {processor.py:175} INFO - Processing /Users/oanottage/opt/anaconda3/envs/energyvenv/lib/python3.9/site-packages/airflow/example_dags/plugins/event_listener.py took 0.740 seconds
[2023-04-07T17:56:14.178+0200] {processor.py:153} INFO - Started process (PID=17999) to work on /Users/oanottage/opt/anaconda3/envs/energyvenv/lib/python3.9/site-packages/airflow/example_dags/plugins/event_listener.py
[2023-04-07T17:56:14.181+0200] {processor.py:743} INFO - Processing file /Users/oanottage/opt/anaconda3/envs/energyvenv/lib/python3.9/site-packages/airflow/example_dags/plugins/event_listener.py for tasks to queue
[2023-04-07T17:56:14.182+0200] {logging_mixin.py:137} INFO - [2023-04-07T17:56:14.182+0200] {dagbag.py:532} INFO - Filling up the DagBag from /Users/oanottage/opt/anaconda3/envs/energyvenv/lib/python3.9/site-packages/airflow/example_dags/plugins/event_listener.py
[2023-04-07T17:56:14.212+0200] {processor.py:755} WARNING - No viable dags retrieved from /Users/oanottage/opt/anaconda3/envs/energyvenv/lib/python3.9/site-packages/airflow/example_dags/plugins/event_listener.py
[2023-04-07T17:56:14.888+0200] {processor.py:175} INFO - Processing /Users/oanottage/opt/anaconda3/envs/energyvenv/lib/python3.9/site-packages/airflow/example_dags/plugins/event_listener.py took 0.710 seconds
[2023-04-07T17:57:51.561+0200] {processor.py:153} INFO - Started process (PID=18104) to work on /Users/oanottage/opt/anaconda3/envs/energyvenv/lib/python3.9/site-packages/airflow/example_dags/plugins/event_listener.py
[2023-04-07T17:57:51.564+0200] {processor.py:743} INFO - Processing file /Users/oanottage/opt/anaconda3/envs/energyvenv/lib/python3.9/site-packages/airflow/example_dags/plugins/event_listener.py for tasks to queue
[2023-04-07T17:57:51.564+0200] {logging_mixin.py:137} INFO - [2023-04-07T17:57:51.564+0200] {dagbag.py:532} INFO - Filling up the DagBag from /Users/oanottage/opt/anaconda3/envs/energyvenv/lib/python3.9/site-packages/airflow/example_dags/plugins/event_listener.py
[2023-04-07T17:57:51.594+0200] {processor.py:755} WARNING - No viable dags retrieved from /Users/oanottage/opt/anaconda3/envs/energyvenv/lib/python3.9/site-packages/airflow/example_dags/plugins/event_listener.py
[2023-04-07T17:57:52.238+0200] {processor.py:175} INFO - Processing /Users/oanottage/opt/anaconda3/envs/energyvenv/lib/python3.9/site-packages/airflow/example_dags/plugins/event_listener.py took 0.678 seconds
[2023-04-07T17:59:11.339+0200] {processor.py:153} INFO - Started process (PID=18202) to work on /Users/oanottage/opt/anaconda3/envs/energyvenv/lib/python3.9/site-packages/airflow/example_dags/plugins/event_listener.py
[2023-04-07T17:59:11.342+0200] {processor.py:743} INFO - Processing file /Users/oanottage/opt/anaconda3/envs/energyvenv/lib/python3.9/site-packages/airflow/example_dags/plugins/event_listener.py for tasks to queue
[2023-04-07T17:59:11.343+0200] {logging_mixin.py:137} INFO - [2023-04-07T17:59:11.343+0200] {dagbag.py:532} INFO - Filling up the DagBag from /Users/oanottage/opt/anaconda3/envs/energyvenv/lib/python3.9/site-packages/airflow/example_dags/plugins/event_listener.py
[2023-04-07T17:59:11.372+0200] {processor.py:755} WARNING - No viable dags retrieved from /Users/oanottage/opt/anaconda3/envs/energyvenv/lib/python3.9/site-packages/airflow/example_dags/plugins/event_listener.py
[2023-04-07T17:59:12.007+0200] {processor.py:175} INFO - Processing /Users/oanottage/opt/anaconda3/envs/energyvenv/lib/python3.9/site-packages/airflow/example_dags/plugins/event_listener.py took 0.668 seconds
[2023-04-07T18:00:30.543+0200] {processor.py:153} INFO - Started process (PID=18291) to work on /Users/oanottage/opt/anaconda3/envs/energyvenv/lib/python3.9/site-packages/airflow/example_dags/plugins/event_listener.py
[2023-04-07T18:00:30.548+0200] {processor.py:743} INFO - Processing file /Users/oanottage/opt/anaconda3/envs/energyvenv/lib/python3.9/site-packages/airflow/example_dags/plugins/event_listener.py for tasks to queue
[2023-04-07T18:00:30.549+0200] {logging_mixin.py:137} INFO - [2023-04-07T18:00:30.549+0200] {dagbag.py:532} INFO - Filling up the DagBag from /Users/oanottage/opt/anaconda3/envs/energyvenv/lib/python3.9/site-packages/airflow/example_dags/plugins/event_listener.py
[2023-04-07T18:00:30.581+0200] {processor.py:755} WARNING - No viable dags retrieved from /Users/oanottage/opt/anaconda3/envs/energyvenv/lib/python3.9/site-packages/airflow/example_dags/plugins/event_listener.py
[2023-04-07T18:00:31.251+0200] {processor.py:175} INFO - Processing /Users/oanottage/opt/anaconda3/envs/energyvenv/lib/python3.9/site-packages/airflow/example_dags/plugins/event_listener.py took 0.708 seconds
[2023-04-07T18:01:52.799+0200] {processor.py:153} INFO - Started process (PID=18391) to work on /Users/oanottage/opt/anaconda3/envs/energyvenv/lib/python3.9/site-packages/airflow/example_dags/plugins/event_listener.py
[2023-04-07T18:01:52.802+0200] {processor.py:743} INFO - Processing file /Users/oanottage/opt/anaconda3/envs/energyvenv/lib/python3.9/site-packages/airflow/example_dags/plugins/event_listener.py for tasks to queue
[2023-04-07T18:01:52.802+0200] {logging_mixin.py:137} INFO - [2023-04-07T18:01:52.802+0200] {dagbag.py:532} INFO - Filling up the DagBag from /Users/oanottage/opt/anaconda3/envs/energyvenv/lib/python3.9/site-packages/airflow/example_dags/plugins/event_listener.py
[2023-04-07T18:01:52.831+0200] {processor.py:755} WARNING - No viable dags retrieved from /Users/oanottage/opt/anaconda3/envs/energyvenv/lib/python3.9/site-packages/airflow/example_dags/plugins/event_listener.py
[2023-04-07T18:01:53.494+0200] {processor.py:175} INFO - Processing /Users/oanottage/opt/anaconda3/envs/energyvenv/lib/python3.9/site-packages/airflow/example_dags/plugins/event_listener.py took 0.696 seconds
[2023-04-07T18:03:12.886+0200] {processor.py:153} INFO - Started process (PID=18477) to work on /Users/oanottage/opt/anaconda3/envs/energyvenv/lib/python3.9/site-packages/airflow/example_dags/plugins/event_listener.py
[2023-04-07T18:03:12.889+0200] {processor.py:743} INFO - Processing file /Users/oanottage/opt/anaconda3/envs/energyvenv/lib/python3.9/site-packages/airflow/example_dags/plugins/event_listener.py for tasks to queue
[2023-04-07T18:03:12.889+0200] {logging_mixin.py:137} INFO - [2023-04-07T18:03:12.889+0200] {dagbag.py:532} INFO - Filling up the DagBag from /Users/oanottage/opt/anaconda3/envs/energyvenv/lib/python3.9/site-packages/airflow/example_dags/plugins/event_listener.py
[2023-04-07T18:03:12.917+0200] {processor.py:755} WARNING - No viable dags retrieved from /Users/oanottage/opt/anaconda3/envs/energyvenv/lib/python3.9/site-packages/airflow/example_dags/plugins/event_listener.py
[2023-04-07T18:03:13.574+0200] {processor.py:175} INFO - Processing /Users/oanottage/opt/anaconda3/envs/energyvenv/lib/python3.9/site-packages/airflow/example_dags/plugins/event_listener.py took 0.688 seconds
[2023-04-07T18:04:16.742+0200] {processor.py:153} INFO - Started process (PID=18548) to work on /Users/oanottage/opt/anaconda3/envs/energyvenv/lib/python3.9/site-packages/airflow/example_dags/plugins/event_listener.py
[2023-04-07T18:04:16.745+0200] {processor.py:743} INFO - Processing file /Users/oanottage/opt/anaconda3/envs/energyvenv/lib/python3.9/site-packages/airflow/example_dags/plugins/event_listener.py for tasks to queue
[2023-04-07T18:04:16.746+0200] {logging_mixin.py:137} INFO - [2023-04-07T18:04:16.746+0200] {dagbag.py:532} INFO - Filling up the DagBag from /Users/oanottage/opt/anaconda3/envs/energyvenv/lib/python3.9/site-packages/airflow/example_dags/plugins/event_listener.py
[2023-04-07T18:04:16.779+0200] {processor.py:755} WARNING - No viable dags retrieved from /Users/oanottage/opt/anaconda3/envs/energyvenv/lib/python3.9/site-packages/airflow/example_dags/plugins/event_listener.py
[2023-04-07T18:04:17.452+0200] {processor.py:175} INFO - Processing /Users/oanottage/opt/anaconda3/envs/energyvenv/lib/python3.9/site-packages/airflow/example_dags/plugins/event_listener.py took 0.710 seconds
[2023-04-07T18:06:09.984+0200] {processor.py:153} INFO - Started process (PID=18713) to work on /Users/oanottage/opt/anaconda3/envs/energyvenv/lib/python3.9/site-packages/airflow/example_dags/plugins/event_listener.py
[2023-04-07T18:06:09.989+0200] {processor.py:743} INFO - Processing file /Users/oanottage/opt/anaconda3/envs/energyvenv/lib/python3.9/site-packages/airflow/example_dags/plugins/event_listener.py for tasks to queue
[2023-04-07T18:06:09.989+0200] {logging_mixin.py:137} INFO - [2023-04-07T18:06:09.989+0200] {dagbag.py:532} INFO - Filling up the DagBag from /Users/oanottage/opt/anaconda3/envs/energyvenv/lib/python3.9/site-packages/airflow/example_dags/plugins/event_listener.py
[2023-04-07T18:06:10.025+0200] {processor.py:755} WARNING - No viable dags retrieved from /Users/oanottage/opt/anaconda3/envs/energyvenv/lib/python3.9/site-packages/airflow/example_dags/plugins/event_listener.py
[2023-04-07T18:06:10.766+0200] {processor.py:175} INFO - Processing /Users/oanottage/opt/anaconda3/envs/energyvenv/lib/python3.9/site-packages/airflow/example_dags/plugins/event_listener.py took 0.783 seconds
[2023-04-07T18:07:46.865+0200] {processor.py:153} INFO - Started process (PID=18852) to work on /Users/oanottage/opt/anaconda3/envs/energyvenv/lib/python3.9/site-packages/airflow/example_dags/plugins/event_listener.py
[2023-04-07T18:07:46.868+0200] {processor.py:743} INFO - Processing file /Users/oanottage/opt/anaconda3/envs/energyvenv/lib/python3.9/site-packages/airflow/example_dags/plugins/event_listener.py for tasks to queue
[2023-04-07T18:07:46.868+0200] {logging_mixin.py:137} INFO - [2023-04-07T18:07:46.868+0200] {dagbag.py:532} INFO - Filling up the DagBag from /Users/oanottage/opt/anaconda3/envs/energyvenv/lib/python3.9/site-packages/airflow/example_dags/plugins/event_listener.py
[2023-04-07T18:07:46.906+0200] {processor.py:755} WARNING - No viable dags retrieved from /Users/oanottage/opt/anaconda3/envs/energyvenv/lib/python3.9/site-packages/airflow/example_dags/plugins/event_listener.py
[2023-04-07T18:07:47.516+0200] {processor.py:175} INFO - Processing /Users/oanottage/opt/anaconda3/envs/energyvenv/lib/python3.9/site-packages/airflow/example_dags/plugins/event_listener.py took 0.652 seconds
[2023-04-07T18:09:39.034+0200] {processor.py:153} INFO - Started process (PID=19063) to work on /Users/oanottage/opt/anaconda3/envs/energyvenv/lib/python3.9/site-packages/airflow/example_dags/plugins/event_listener.py
[2023-04-07T18:09:39.040+0200] {processor.py:743} INFO - Processing file /Users/oanottage/opt/anaconda3/envs/energyvenv/lib/python3.9/site-packages/airflow/example_dags/plugins/event_listener.py for tasks to queue
[2023-04-07T18:09:39.040+0200] {logging_mixin.py:137} INFO - [2023-04-07T18:09:39.040+0200] {dagbag.py:532} INFO - Filling up the DagBag from /Users/oanottage/opt/anaconda3/envs/energyvenv/lib/python3.9/site-packages/airflow/example_dags/plugins/event_listener.py
[2023-04-07T18:09:39.086+0200] {processor.py:755} WARNING - No viable dags retrieved from /Users/oanottage/opt/anaconda3/envs/energyvenv/lib/python3.9/site-packages/airflow/example_dags/plugins/event_listener.py
[2023-04-07T18:09:39.765+0200] {processor.py:175} INFO - Processing /Users/oanottage/opt/anaconda3/envs/energyvenv/lib/python3.9/site-packages/airflow/example_dags/plugins/event_listener.py took 0.731 seconds
[2023-04-07T18:10:58.376+0200] {processor.py:153} INFO - Started process (PID=19177) to work on /Users/oanottage/opt/anaconda3/envs/energyvenv/lib/python3.9/site-packages/airflow/example_dags/plugins/event_listener.py
[2023-04-07T18:10:58.382+0200] {processor.py:743} INFO - Processing file /Users/oanottage/opt/anaconda3/envs/energyvenv/lib/python3.9/site-packages/airflow/example_dags/plugins/event_listener.py for tasks to queue
[2023-04-07T18:10:58.383+0200] {logging_mixin.py:137} INFO - [2023-04-07T18:10:58.383+0200] {dagbag.py:532} INFO - Filling up the DagBag from /Users/oanottage/opt/anaconda3/envs/energyvenv/lib/python3.9/site-packages/airflow/example_dags/plugins/event_listener.py
[2023-04-07T18:10:58.439+0200] {processor.py:755} WARNING - No viable dags retrieved from /Users/oanottage/opt/anaconda3/envs/energyvenv/lib/python3.9/site-packages/airflow/example_dags/plugins/event_listener.py
[2023-04-07T18:10:59.200+0200] {processor.py:175} INFO - Processing /Users/oanottage/opt/anaconda3/envs/energyvenv/lib/python3.9/site-packages/airflow/example_dags/plugins/event_listener.py took 0.825 seconds
[2023-04-07T18:12:21.462+0200] {processor.py:153} INFO - Started process (PID=19276) to work on /Users/oanottage/opt/anaconda3/envs/energyvenv/lib/python3.9/site-packages/airflow/example_dags/plugins/event_listener.py
[2023-04-07T18:12:21.465+0200] {processor.py:743} INFO - Processing file /Users/oanottage/opt/anaconda3/envs/energyvenv/lib/python3.9/site-packages/airflow/example_dags/plugins/event_listener.py for tasks to queue
[2023-04-07T18:12:21.466+0200] {logging_mixin.py:137} INFO - [2023-04-07T18:12:21.466+0200] {dagbag.py:532} INFO - Filling up the DagBag from /Users/oanottage/opt/anaconda3/envs/energyvenv/lib/python3.9/site-packages/airflow/example_dags/plugins/event_listener.py
[2023-04-07T18:12:21.495+0200] {processor.py:755} WARNING - No viable dags retrieved from /Users/oanottage/opt/anaconda3/envs/energyvenv/lib/python3.9/site-packages/airflow/example_dags/plugins/event_listener.py
[2023-04-07T18:12:22.098+0200] {processor.py:175} INFO - Processing /Users/oanottage/opt/anaconda3/envs/energyvenv/lib/python3.9/site-packages/airflow/example_dags/plugins/event_listener.py took 0.637 seconds
[2023-04-07T18:12:55.836+0200] {processor.py:153} INFO - Started process (PID=19333) to work on /Users/oanottage/opt/anaconda3/envs/energyvenv/lib/python3.9/site-packages/airflow/example_dags/plugins/event_listener.py
[2023-04-07T18:12:55.840+0200] {processor.py:743} INFO - Processing file /Users/oanottage/opt/anaconda3/envs/energyvenv/lib/python3.9/site-packages/airflow/example_dags/plugins/event_listener.py for tasks to queue
[2023-04-07T18:12:55.841+0200] {logging_mixin.py:137} INFO - [2023-04-07T18:12:55.841+0200] {dagbag.py:532} INFO - Filling up the DagBag from /Users/oanottage/opt/anaconda3/envs/energyvenv/lib/python3.9/site-packages/airflow/example_dags/plugins/event_listener.py
[2023-04-07T18:12:55.885+0200] {processor.py:755} WARNING - No viable dags retrieved from /Users/oanottage/opt/anaconda3/envs/energyvenv/lib/python3.9/site-packages/airflow/example_dags/plugins/event_listener.py
[2023-04-07T18:12:56.543+0200] {processor.py:175} INFO - Processing /Users/oanottage/opt/anaconda3/envs/energyvenv/lib/python3.9/site-packages/airflow/example_dags/plugins/event_listener.py took 0.708 seconds
[2023-04-07T18:15:27.372+0200] {processor.py:153} INFO - Started process (PID=19537) to work on /Users/oanottage/opt/anaconda3/envs/energyvenv/lib/python3.9/site-packages/airflow/example_dags/plugins/event_listener.py
[2023-04-07T18:15:27.376+0200] {processor.py:743} INFO - Processing file /Users/oanottage/opt/anaconda3/envs/energyvenv/lib/python3.9/site-packages/airflow/example_dags/plugins/event_listener.py for tasks to queue
[2023-04-07T18:15:27.377+0200] {logging_mixin.py:137} INFO - [2023-04-07T18:15:27.377+0200] {dagbag.py:532} INFO - Filling up the DagBag from /Users/oanottage/opt/anaconda3/envs/energyvenv/lib/python3.9/site-packages/airflow/example_dags/plugins/event_listener.py
[2023-04-07T18:15:27.412+0200] {processor.py:755} WARNING - No viable dags retrieved from /Users/oanottage/opt/anaconda3/envs/energyvenv/lib/python3.9/site-packages/airflow/example_dags/plugins/event_listener.py
[2023-04-07T18:15:28.111+0200] {processor.py:175} INFO - Processing /Users/oanottage/opt/anaconda3/envs/energyvenv/lib/python3.9/site-packages/airflow/example_dags/plugins/event_listener.py took 0.739 seconds
[2023-04-07T18:17:19.542+0200] {processor.py:153} INFO - Started process (PID=19691) to work on /Users/oanottage/opt/anaconda3/envs/energyvenv/lib/python3.9/site-packages/airflow/example_dags/plugins/event_listener.py
[2023-04-07T18:17:19.546+0200] {processor.py:743} INFO - Processing file /Users/oanottage/opt/anaconda3/envs/energyvenv/lib/python3.9/site-packages/airflow/example_dags/plugins/event_listener.py for tasks to queue
[2023-04-07T18:17:19.546+0200] {logging_mixin.py:137} INFO - [2023-04-07T18:17:19.546+0200] {dagbag.py:532} INFO - Filling up the DagBag from /Users/oanottage/opt/anaconda3/envs/energyvenv/lib/python3.9/site-packages/airflow/example_dags/plugins/event_listener.py
[2023-04-07T18:17:19.578+0200] {processor.py:755} WARNING - No viable dags retrieved from /Users/oanottage/opt/anaconda3/envs/energyvenv/lib/python3.9/site-packages/airflow/example_dags/plugins/event_listener.py
[2023-04-07T18:17:20.227+0200] {processor.py:175} INFO - Processing /Users/oanottage/opt/anaconda3/envs/energyvenv/lib/python3.9/site-packages/airflow/example_dags/plugins/event_listener.py took 0.685 seconds
[2023-04-07T18:18:40.649+0200] {processor.py:153} INFO - Started process (PID=19773) to work on /Users/oanottage/opt/anaconda3/envs/energyvenv/lib/python3.9/site-packages/airflow/example_dags/plugins/event_listener.py
[2023-04-07T18:18:40.652+0200] {processor.py:743} INFO - Processing file /Users/oanottage/opt/anaconda3/envs/energyvenv/lib/python3.9/site-packages/airflow/example_dags/plugins/event_listener.py for tasks to queue
[2023-04-07T18:18:40.652+0200] {logging_mixin.py:137} INFO - [2023-04-07T18:18:40.652+0200] {dagbag.py:532} INFO - Filling up the DagBag from /Users/oanottage/opt/anaconda3/envs/energyvenv/lib/python3.9/site-packages/airflow/example_dags/plugins/event_listener.py
[2023-04-07T18:18:40.681+0200] {processor.py:755} WARNING - No viable dags retrieved from /Users/oanottage/opt/anaconda3/envs/energyvenv/lib/python3.9/site-packages/airflow/example_dags/plugins/event_listener.py
[2023-04-07T18:18:41.328+0200] {processor.py:175} INFO - Processing /Users/oanottage/opt/anaconda3/envs/energyvenv/lib/python3.9/site-packages/airflow/example_dags/plugins/event_listener.py took 0.680 seconds
[2023-04-07T18:20:03.918+0200] {processor.py:153} INFO - Started process (PID=19936) to work on /Users/oanottage/opt/anaconda3/envs/energyvenv/lib/python3.9/site-packages/airflow/example_dags/plugins/event_listener.py
[2023-04-07T18:20:03.922+0200] {processor.py:743} INFO - Processing file /Users/oanottage/opt/anaconda3/envs/energyvenv/lib/python3.9/site-packages/airflow/example_dags/plugins/event_listener.py for tasks to queue
[2023-04-07T18:20:03.922+0200] {logging_mixin.py:137} INFO - [2023-04-07T18:20:03.922+0200] {dagbag.py:532} INFO - Filling up the DagBag from /Users/oanottage/opt/anaconda3/envs/energyvenv/lib/python3.9/site-packages/airflow/example_dags/plugins/event_listener.py
[2023-04-07T18:20:03.960+0200] {processor.py:755} WARNING - No viable dags retrieved from /Users/oanottage/opt/anaconda3/envs/energyvenv/lib/python3.9/site-packages/airflow/example_dags/plugins/event_listener.py
[2023-04-07T18:20:04.697+0200] {processor.py:175} INFO - Processing /Users/oanottage/opt/anaconda3/envs/energyvenv/lib/python3.9/site-packages/airflow/example_dags/plugins/event_listener.py took 0.779 seconds
[2023-04-07T18:21:27.142+0200] {processor.py:153} INFO - Started process (PID=20043) to work on /Users/oanottage/opt/anaconda3/envs/energyvenv/lib/python3.9/site-packages/airflow/example_dags/plugins/event_listener.py
[2023-04-07T18:21:27.146+0200] {processor.py:743} INFO - Processing file /Users/oanottage/opt/anaconda3/envs/energyvenv/lib/python3.9/site-packages/airflow/example_dags/plugins/event_listener.py for tasks to queue
[2023-04-07T18:21:27.146+0200] {logging_mixin.py:137} INFO - [2023-04-07T18:21:27.146+0200] {dagbag.py:532} INFO - Filling up the DagBag from /Users/oanottage/opt/anaconda3/envs/energyvenv/lib/python3.9/site-packages/airflow/example_dags/plugins/event_listener.py
[2023-04-07T18:21:27.175+0200] {processor.py:755} WARNING - No viable dags retrieved from /Users/oanottage/opt/anaconda3/envs/energyvenv/lib/python3.9/site-packages/airflow/example_dags/plugins/event_listener.py
[2023-04-07T18:21:27.824+0200] {processor.py:175} INFO - Processing /Users/oanottage/opt/anaconda3/envs/energyvenv/lib/python3.9/site-packages/airflow/example_dags/plugins/event_listener.py took 0.682 seconds
[2023-04-07T18:22:45.682+0200] {processor.py:153} INFO - Started process (PID=20125) to work on /Users/oanottage/opt/anaconda3/envs/energyvenv/lib/python3.9/site-packages/airflow/example_dags/plugins/event_listener.py
[2023-04-07T18:22:45.686+0200] {processor.py:743} INFO - Processing file /Users/oanottage/opt/anaconda3/envs/energyvenv/lib/python3.9/site-packages/airflow/example_dags/plugins/event_listener.py for tasks to queue
[2023-04-07T18:22:45.686+0200] {logging_mixin.py:137} INFO - [2023-04-07T18:22:45.686+0200] {dagbag.py:532} INFO - Filling up the DagBag from /Users/oanottage/opt/anaconda3/envs/energyvenv/lib/python3.9/site-packages/airflow/example_dags/plugins/event_listener.py
[2023-04-07T18:22:45.729+0200] {processor.py:755} WARNING - No viable dags retrieved from /Users/oanottage/opt/anaconda3/envs/energyvenv/lib/python3.9/site-packages/airflow/example_dags/plugins/event_listener.py
[2023-04-07T18:22:46.457+0200] {processor.py:175} INFO - Processing /Users/oanottage/opt/anaconda3/envs/energyvenv/lib/python3.9/site-packages/airflow/example_dags/plugins/event_listener.py took 0.776 seconds
[2023-04-07T18:24:08.051+0200] {processor.py:153} INFO - Started process (PID=20213) to work on /Users/oanottage/opt/anaconda3/envs/energyvenv/lib/python3.9/site-packages/airflow/example_dags/plugins/event_listener.py
[2023-04-07T18:24:08.055+0200] {processor.py:743} INFO - Processing file /Users/oanottage/opt/anaconda3/envs/energyvenv/lib/python3.9/site-packages/airflow/example_dags/plugins/event_listener.py for tasks to queue
[2023-04-07T18:24:08.055+0200] {logging_mixin.py:137} INFO - [2023-04-07T18:24:08.055+0200] {dagbag.py:532} INFO - Filling up the DagBag from /Users/oanottage/opt/anaconda3/envs/energyvenv/lib/python3.9/site-packages/airflow/example_dags/plugins/event_listener.py
[2023-04-07T18:24:08.085+0200] {processor.py:755} WARNING - No viable dags retrieved from /Users/oanottage/opt/anaconda3/envs/energyvenv/lib/python3.9/site-packages/airflow/example_dags/plugins/event_listener.py
[2023-04-07T18:24:08.725+0200] {processor.py:175} INFO - Processing /Users/oanottage/opt/anaconda3/envs/energyvenv/lib/python3.9/site-packages/airflow/example_dags/plugins/event_listener.py took 0.674 seconds
[2023-04-07T18:25:31.394+0200] {processor.py:153} INFO - Started process (PID=20319) to work on /Users/oanottage/opt/anaconda3/envs/energyvenv/lib/python3.9/site-packages/airflow/example_dags/plugins/event_listener.py
[2023-04-07T18:25:31.397+0200] {processor.py:743} INFO - Processing file /Users/oanottage/opt/anaconda3/envs/energyvenv/lib/python3.9/site-packages/airflow/example_dags/plugins/event_listener.py for tasks to queue
[2023-04-07T18:25:31.398+0200] {logging_mixin.py:137} INFO - [2023-04-07T18:25:31.397+0200] {dagbag.py:532} INFO - Filling up the DagBag from /Users/oanottage/opt/anaconda3/envs/energyvenv/lib/python3.9/site-packages/airflow/example_dags/plugins/event_listener.py
[2023-04-07T18:25:31.426+0200] {processor.py:755} WARNING - No viable dags retrieved from /Users/oanottage/opt/anaconda3/envs/energyvenv/lib/python3.9/site-packages/airflow/example_dags/plugins/event_listener.py
[2023-04-07T18:25:32.063+0200] {processor.py:175} INFO - Processing /Users/oanottage/opt/anaconda3/envs/energyvenv/lib/python3.9/site-packages/airflow/example_dags/plugins/event_listener.py took 0.670 seconds
[2023-04-07T18:26:51.545+0200] {processor.py:153} INFO - Started process (PID=20415) to work on /Users/oanottage/opt/anaconda3/envs/energyvenv/lib/python3.9/site-packages/airflow/example_dags/plugins/event_listener.py
[2023-04-07T18:26:51.548+0200] {processor.py:743} INFO - Processing file /Users/oanottage/opt/anaconda3/envs/energyvenv/lib/python3.9/site-packages/airflow/example_dags/plugins/event_listener.py for tasks to queue
[2023-04-07T18:26:51.549+0200] {logging_mixin.py:137} INFO - [2023-04-07T18:26:51.549+0200] {dagbag.py:532} INFO - Filling up the DagBag from /Users/oanottage/opt/anaconda3/envs/energyvenv/lib/python3.9/site-packages/airflow/example_dags/plugins/event_listener.py
[2023-04-07T18:26:51.578+0200] {processor.py:755} WARNING - No viable dags retrieved from /Users/oanottage/opt/anaconda3/envs/energyvenv/lib/python3.9/site-packages/airflow/example_dags/plugins/event_listener.py
[2023-04-07T18:26:52.217+0200] {processor.py:175} INFO - Processing /Users/oanottage/opt/anaconda3/envs/energyvenv/lib/python3.9/site-packages/airflow/example_dags/plugins/event_listener.py took 0.672 seconds
[2023-04-07T18:28:36.426+0200] {processor.py:153} INFO - Started process (PID=20533) to work on /Users/oanottage/opt/anaconda3/envs/energyvenv/lib/python3.9/site-packages/airflow/example_dags/plugins/event_listener.py
[2023-04-07T18:28:36.430+0200] {processor.py:743} INFO - Processing file /Users/oanottage/opt/anaconda3/envs/energyvenv/lib/python3.9/site-packages/airflow/example_dags/plugins/event_listener.py for tasks to queue
[2023-04-07T18:28:36.431+0200] {logging_mixin.py:137} INFO - [2023-04-07T18:28:36.431+0200] {dagbag.py:532} INFO - Filling up the DagBag from /Users/oanottage/opt/anaconda3/envs/energyvenv/lib/python3.9/site-packages/airflow/example_dags/plugins/event_listener.py
[2023-04-07T18:28:36.474+0200] {processor.py:755} WARNING - No viable dags retrieved from /Users/oanottage/opt/anaconda3/envs/energyvenv/lib/python3.9/site-packages/airflow/example_dags/plugins/event_listener.py
[2023-04-07T18:28:37.113+0200] {processor.py:175} INFO - Processing /Users/oanottage/opt/anaconda3/envs/energyvenv/lib/python3.9/site-packages/airflow/example_dags/plugins/event_listener.py took 0.688 seconds
[2023-04-07T18:29:58.589+0200] {processor.py:153} INFO - Started process (PID=20679) to work on /Users/oanottage/opt/anaconda3/envs/energyvenv/lib/python3.9/site-packages/airflow/example_dags/plugins/event_listener.py
[2023-04-07T18:29:58.592+0200] {processor.py:743} INFO - Processing file /Users/oanottage/opt/anaconda3/envs/energyvenv/lib/python3.9/site-packages/airflow/example_dags/plugins/event_listener.py for tasks to queue
[2023-04-07T18:29:58.592+0200] {logging_mixin.py:137} INFO - [2023-04-07T18:29:58.592+0200] {dagbag.py:532} INFO - Filling up the DagBag from /Users/oanottage/opt/anaconda3/envs/energyvenv/lib/python3.9/site-packages/airflow/example_dags/plugins/event_listener.py
[2023-04-07T18:29:58.622+0200] {processor.py:755} WARNING - No viable dags retrieved from /Users/oanottage/opt/anaconda3/envs/energyvenv/lib/python3.9/site-packages/airflow/example_dags/plugins/event_listener.py
[2023-04-07T18:29:59.276+0200] {processor.py:175} INFO - Processing /Users/oanottage/opt/anaconda3/envs/energyvenv/lib/python3.9/site-packages/airflow/example_dags/plugins/event_listener.py took 0.688 seconds
[2023-04-07T18:41:56.076+0200] {processor.py:153} INFO - Started process (PID=21366) to work on /Users/oanottage/opt/anaconda3/envs/energyvenv/lib/python3.9/site-packages/airflow/example_dags/plugins/event_listener.py
[2023-04-07T18:41:56.080+0200] {processor.py:743} INFO - Processing file /Users/oanottage/opt/anaconda3/envs/energyvenv/lib/python3.9/site-packages/airflow/example_dags/plugins/event_listener.py for tasks to queue
[2023-04-07T18:41:56.080+0200] {logging_mixin.py:137} INFO - [2023-04-07T18:41:56.080+0200] {dagbag.py:532} INFO - Filling up the DagBag from /Users/oanottage/opt/anaconda3/envs/energyvenv/lib/python3.9/site-packages/airflow/example_dags/plugins/event_listener.py
[2023-04-07T18:41:56.113+0200] {processor.py:755} WARNING - No viable dags retrieved from /Users/oanottage/opt/anaconda3/envs/energyvenv/lib/python3.9/site-packages/airflow/example_dags/plugins/event_listener.py
[2023-04-07T18:41:56.729+0200] {processor.py:175} INFO - Processing /Users/oanottage/opt/anaconda3/envs/energyvenv/lib/python3.9/site-packages/airflow/example_dags/plugins/event_listener.py took 0.653 seconds
[2023-04-07T18:43:52.248+0200] {processor.py:153} INFO - Started process (PID=21515) to work on /Users/oanottage/opt/anaconda3/envs/energyvenv/lib/python3.9/site-packages/airflow/example_dags/plugins/event_listener.py
[2023-04-07T18:43:52.262+0200] {processor.py:743} INFO - Processing file /Users/oanottage/opt/anaconda3/envs/energyvenv/lib/python3.9/site-packages/airflow/example_dags/plugins/event_listener.py for tasks to queue
[2023-04-07T18:43:52.262+0200] {logging_mixin.py:137} INFO - [2023-04-07T18:43:52.262+0200] {dagbag.py:532} INFO - Filling up the DagBag from /Users/oanottage/opt/anaconda3/envs/energyvenv/lib/python3.9/site-packages/airflow/example_dags/plugins/event_listener.py
[2023-04-07T18:43:52.300+0200] {processor.py:755} WARNING - No viable dags retrieved from /Users/oanottage/opt/anaconda3/envs/energyvenv/lib/python3.9/site-packages/airflow/example_dags/plugins/event_listener.py
[2023-04-07T18:43:53.133+0200] {processor.py:175} INFO - Processing /Users/oanottage/opt/anaconda3/envs/energyvenv/lib/python3.9/site-packages/airflow/example_dags/plugins/event_listener.py took 0.885 seconds
[2023-04-07T18:44:51.872+0200] {processor.py:153} INFO - Started process (PID=21606) to work on /Users/oanottage/opt/anaconda3/envs/energyvenv/lib/python3.9/site-packages/airflow/example_dags/plugins/event_listener.py
[2023-04-07T18:44:51.875+0200] {processor.py:743} INFO - Processing file /Users/oanottage/opt/anaconda3/envs/energyvenv/lib/python3.9/site-packages/airflow/example_dags/plugins/event_listener.py for tasks to queue
[2023-04-07T18:44:51.875+0200] {logging_mixin.py:137} INFO - [2023-04-07T18:44:51.875+0200] {dagbag.py:532} INFO - Filling up the DagBag from /Users/oanottage/opt/anaconda3/envs/energyvenv/lib/python3.9/site-packages/airflow/example_dags/plugins/event_listener.py
[2023-04-07T18:44:51.908+0200] {processor.py:755} WARNING - No viable dags retrieved from /Users/oanottage/opt/anaconda3/envs/energyvenv/lib/python3.9/site-packages/airflow/example_dags/plugins/event_listener.py
[2023-04-07T18:44:52.633+0200] {processor.py:175} INFO - Processing /Users/oanottage/opt/anaconda3/envs/energyvenv/lib/python3.9/site-packages/airflow/example_dags/plugins/event_listener.py took 0.762 seconds
