[2023-04-07T17:54:02.682+0200] {processor.py:153} INFO - Started process (PID=17783) to work on /Users/oanottage/opt/anaconda3/envs/energyvenv/lib/python3.9/site-packages/airflow/example_dags/plugins/listener_plugin.py
[2023-04-07T17:54:02.685+0200] {processor.py:743} INFO - Processing file /Users/oanottage/opt/anaconda3/envs/energyvenv/lib/python3.9/site-packages/airflow/example_dags/plugins/listener_plugin.py for tasks to queue
[2023-04-07T17:54:02.685+0200] {logging_mixin.py:137} INFO - [2023-04-07T17:54:02.685+0200] {dagbag.py:532} INFO - Filling up the DagBag from /Users/oanottage/opt/anaconda3/envs/energyvenv/lib/python3.9/site-packages/airflow/example_dags/plugins/listener_plugin.py
[2023-04-07T17:54:02.716+0200] {processor.py:755} WARNING - No viable dags retrieved from /Users/oanottage/opt/anaconda3/envs/energyvenv/lib/python3.9/site-packages/airflow/example_dags/plugins/listener_plugin.py
[2023-04-07T17:54:03.352+0200] {processor.py:175} INFO - Processing /Users/oanottage/opt/anaconda3/envs/energyvenv/lib/python3.9/site-packages/airflow/example_dags/plugins/listener_plugin.py took 0.670 seconds
[2023-04-07T17:56:11.623+0200] {processor.py:153} INFO - Started process (PID=17992) to work on /Users/oanottage/opt/anaconda3/envs/energyvenv/lib/python3.9/site-packages/airflow/example_dags/plugins/listener_plugin.py
[2023-04-07T17:56:11.626+0200] {processor.py:743} INFO - Processing file /Users/oanottage/opt/anaconda3/envs/energyvenv/lib/python3.9/site-packages/airflow/example_dags/plugins/listener_plugin.py for tasks to queue
[2023-04-07T17:56:11.626+0200] {logging_mixin.py:137} INFO - [2023-04-07T17:56:11.626+0200] {dagbag.py:532} INFO - Filling up the DagBag from /Users/oanottage/opt/anaconda3/envs/energyvenv/lib/python3.9/site-packages/airflow/example_dags/plugins/listener_plugin.py
[2023-04-07T17:56:11.657+0200] {processor.py:755} WARNING - No viable dags retrieved from /Users/oanottage/opt/anaconda3/envs/energyvenv/lib/python3.9/site-packages/airflow/example_dags/plugins/listener_plugin.py
[2023-04-07T17:56:12.349+0200] {processor.py:175} INFO - Processing /Users/oanottage/opt/anaconda3/envs/energyvenv/lib/python3.9/site-packages/airflow/example_dags/plugins/listener_plugin.py took 0.727 seconds
[2023-04-07T17:57:48.934+0200] {processor.py:153} INFO - Started process (PID=18102) to work on /Users/oanottage/opt/anaconda3/envs/energyvenv/lib/python3.9/site-packages/airflow/example_dags/plugins/listener_plugin.py
[2023-04-07T17:57:48.938+0200] {processor.py:743} INFO - Processing file /Users/oanottage/opt/anaconda3/envs/energyvenv/lib/python3.9/site-packages/airflow/example_dags/plugins/listener_plugin.py for tasks to queue
[2023-04-07T17:57:48.938+0200] {logging_mixin.py:137} INFO - [2023-04-07T17:57:48.938+0200] {dagbag.py:532} INFO - Filling up the DagBag from /Users/oanottage/opt/anaconda3/envs/energyvenv/lib/python3.9/site-packages/airflow/example_dags/plugins/listener_plugin.py
[2023-04-07T17:57:48.982+0200] {processor.py:755} WARNING - No viable dags retrieved from /Users/oanottage/opt/anaconda3/envs/energyvenv/lib/python3.9/site-packages/airflow/example_dags/plugins/listener_plugin.py
[2023-04-07T17:57:49.639+0200] {processor.py:175} INFO - Processing /Users/oanottage/opt/anaconda3/envs/energyvenv/lib/python3.9/site-packages/airflow/example_dags/plugins/listener_plugin.py took 0.705 seconds
[2023-04-07T17:59:08.692+0200] {processor.py:153} INFO - Started process (PID=18197) to work on /Users/oanottage/opt/anaconda3/envs/energyvenv/lib/python3.9/site-packages/airflow/example_dags/plugins/listener_plugin.py
[2023-04-07T17:59:08.695+0200] {processor.py:743} INFO - Processing file /Users/oanottage/opt/anaconda3/envs/energyvenv/lib/python3.9/site-packages/airflow/example_dags/plugins/listener_plugin.py for tasks to queue
[2023-04-07T17:59:08.695+0200] {logging_mixin.py:137} INFO - [2023-04-07T17:59:08.695+0200] {dagbag.py:532} INFO - Filling up the DagBag from /Users/oanottage/opt/anaconda3/envs/energyvenv/lib/python3.9/site-packages/airflow/example_dags/plugins/listener_plugin.py
[2023-04-07T17:59:08.731+0200] {processor.py:755} WARNING - No viable dags retrieved from /Users/oanottage/opt/anaconda3/envs/energyvenv/lib/python3.9/site-packages/airflow/example_dags/plugins/listener_plugin.py
[2023-04-07T17:59:09.391+0200] {processor.py:175} INFO - Processing /Users/oanottage/opt/anaconda3/envs/energyvenv/lib/python3.9/site-packages/airflow/example_dags/plugins/listener_plugin.py took 0.700 seconds
[2023-04-07T18:00:27.840+0200] {processor.py:153} INFO - Started process (PID=18287) to work on /Users/oanottage/opt/anaconda3/envs/energyvenv/lib/python3.9/site-packages/airflow/example_dags/plugins/listener_plugin.py
[2023-04-07T18:00:27.844+0200] {processor.py:743} INFO - Processing file /Users/oanottage/opt/anaconda3/envs/energyvenv/lib/python3.9/site-packages/airflow/example_dags/plugins/listener_plugin.py for tasks to queue
[2023-04-07T18:00:27.844+0200] {logging_mixin.py:137} INFO - [2023-04-07T18:00:27.844+0200] {dagbag.py:532} INFO - Filling up the DagBag from /Users/oanottage/opt/anaconda3/envs/energyvenv/lib/python3.9/site-packages/airflow/example_dags/plugins/listener_plugin.py
[2023-04-07T18:00:27.884+0200] {processor.py:755} WARNING - No viable dags retrieved from /Users/oanottage/opt/anaconda3/envs/energyvenv/lib/python3.9/site-packages/airflow/example_dags/plugins/listener_plugin.py
[2023-04-07T18:00:28.626+0200] {processor.py:175} INFO - Processing /Users/oanottage/opt/anaconda3/envs/energyvenv/lib/python3.9/site-packages/airflow/example_dags/plugins/listener_plugin.py took 0.786 seconds
[2023-04-07T18:01:50.103+0200] {processor.py:153} INFO - Started process (PID=18385) to work on /Users/oanottage/opt/anaconda3/envs/energyvenv/lib/python3.9/site-packages/airflow/example_dags/plugins/listener_plugin.py
[2023-04-07T18:01:50.106+0200] {processor.py:743} INFO - Processing file /Users/oanottage/opt/anaconda3/envs/energyvenv/lib/python3.9/site-packages/airflow/example_dags/plugins/listener_plugin.py for tasks to queue
[2023-04-07T18:01:50.106+0200] {logging_mixin.py:137} INFO - [2023-04-07T18:01:50.106+0200] {dagbag.py:532} INFO - Filling up the DagBag from /Users/oanottage/opt/anaconda3/envs/energyvenv/lib/python3.9/site-packages/airflow/example_dags/plugins/listener_plugin.py
[2023-04-07T18:01:50.136+0200] {processor.py:755} WARNING - No viable dags retrieved from /Users/oanottage/opt/anaconda3/envs/energyvenv/lib/python3.9/site-packages/airflow/example_dags/plugins/listener_plugin.py
[2023-04-07T18:01:50.800+0200] {processor.py:175} INFO - Processing /Users/oanottage/opt/anaconda3/envs/energyvenv/lib/python3.9/site-packages/airflow/example_dags/plugins/listener_plugin.py took 0.698 seconds
[2023-04-07T18:03:10.355+0200] {processor.py:153} INFO - Started process (PID=18475) to work on /Users/oanottage/opt/anaconda3/envs/energyvenv/lib/python3.9/site-packages/airflow/example_dags/plugins/listener_plugin.py
[2023-04-07T18:03:10.358+0200] {processor.py:743} INFO - Processing file /Users/oanottage/opt/anaconda3/envs/energyvenv/lib/python3.9/site-packages/airflow/example_dags/plugins/listener_plugin.py for tasks to queue
[2023-04-07T18:03:10.359+0200] {logging_mixin.py:137} INFO - [2023-04-07T18:03:10.359+0200] {dagbag.py:532} INFO - Filling up the DagBag from /Users/oanottage/opt/anaconda3/envs/energyvenv/lib/python3.9/site-packages/airflow/example_dags/plugins/listener_plugin.py
[2023-04-07T18:03:10.388+0200] {processor.py:755} WARNING - No viable dags retrieved from /Users/oanottage/opt/anaconda3/envs/energyvenv/lib/python3.9/site-packages/airflow/example_dags/plugins/listener_plugin.py
[2023-04-07T18:03:10.993+0200] {processor.py:175} INFO - Processing /Users/oanottage/opt/anaconda3/envs/energyvenv/lib/python3.9/site-packages/airflow/example_dags/plugins/listener_plugin.py took 0.639 seconds
[2023-04-07T18:04:14.200+0200] {processor.py:153} INFO - Started process (PID=18544) to work on /Users/oanottage/opt/anaconda3/envs/energyvenv/lib/python3.9/site-packages/airflow/example_dags/plugins/listener_plugin.py
[2023-04-07T18:04:14.203+0200] {processor.py:743} INFO - Processing file /Users/oanottage/opt/anaconda3/envs/energyvenv/lib/python3.9/site-packages/airflow/example_dags/plugins/listener_plugin.py for tasks to queue
[2023-04-07T18:04:14.204+0200] {logging_mixin.py:137} INFO - [2023-04-07T18:04:14.203+0200] {dagbag.py:532} INFO - Filling up the DagBag from /Users/oanottage/opt/anaconda3/envs/energyvenv/lib/python3.9/site-packages/airflow/example_dags/plugins/listener_plugin.py
[2023-04-07T18:04:14.232+0200] {processor.py:755} WARNING - No viable dags retrieved from /Users/oanottage/opt/anaconda3/envs/energyvenv/lib/python3.9/site-packages/airflow/example_dags/plugins/listener_plugin.py
[2023-04-07T18:04:14.881+0200] {processor.py:175} INFO - Processing /Users/oanottage/opt/anaconda3/envs/energyvenv/lib/python3.9/site-packages/airflow/example_dags/plugins/listener_plugin.py took 0.681 seconds
[2023-04-07T18:06:07.242+0200] {processor.py:153} INFO - Started process (PID=18711) to work on /Users/oanottage/opt/anaconda3/envs/energyvenv/lib/python3.9/site-packages/airflow/example_dags/plugins/listener_plugin.py
[2023-04-07T18:06:07.245+0200] {processor.py:743} INFO - Processing file /Users/oanottage/opt/anaconda3/envs/energyvenv/lib/python3.9/site-packages/airflow/example_dags/plugins/listener_plugin.py for tasks to queue
[2023-04-07T18:06:07.246+0200] {logging_mixin.py:137} INFO - [2023-04-07T18:06:07.246+0200] {dagbag.py:532} INFO - Filling up the DagBag from /Users/oanottage/opt/anaconda3/envs/energyvenv/lib/python3.9/site-packages/airflow/example_dags/plugins/listener_plugin.py
[2023-04-07T18:06:07.284+0200] {processor.py:755} WARNING - No viable dags retrieved from /Users/oanottage/opt/anaconda3/envs/energyvenv/lib/python3.9/site-packages/airflow/example_dags/plugins/listener_plugin.py
[2023-04-07T18:06:08.002+0200] {processor.py:175} INFO - Processing /Users/oanottage/opt/anaconda3/envs/energyvenv/lib/python3.9/site-packages/airflow/example_dags/plugins/listener_plugin.py took 0.761 seconds
[2023-04-07T18:07:44.242+0200] {processor.py:153} INFO - Started process (PID=18848) to work on /Users/oanottage/opt/anaconda3/envs/energyvenv/lib/python3.9/site-packages/airflow/example_dags/plugins/listener_plugin.py
[2023-04-07T18:07:44.245+0200] {processor.py:743} INFO - Processing file /Users/oanottage/opt/anaconda3/envs/energyvenv/lib/python3.9/site-packages/airflow/example_dags/plugins/listener_plugin.py for tasks to queue
[2023-04-07T18:07:44.246+0200] {logging_mixin.py:137} INFO - [2023-04-07T18:07:44.246+0200] {dagbag.py:532} INFO - Filling up the DagBag from /Users/oanottage/opt/anaconda3/envs/energyvenv/lib/python3.9/site-packages/airflow/example_dags/plugins/listener_plugin.py
[2023-04-07T18:07:44.275+0200] {processor.py:755} WARNING - No viable dags retrieved from /Users/oanottage/opt/anaconda3/envs/energyvenv/lib/python3.9/site-packages/airflow/example_dags/plugins/listener_plugin.py
[2023-04-07T18:07:44.971+0200] {processor.py:175} INFO - Processing /Users/oanottage/opt/anaconda3/envs/energyvenv/lib/python3.9/site-packages/airflow/example_dags/plugins/listener_plugin.py took 0.729 seconds
[2023-04-07T18:09:37.099+0200] {processor.py:153} INFO - Started process (PID=19061) to work on /Users/oanottage/opt/anaconda3/envs/energyvenv/lib/python3.9/site-packages/airflow/example_dags/plugins/listener_plugin.py
[2023-04-07T18:09:37.103+0200] {processor.py:743} INFO - Processing file /Users/oanottage/opt/anaconda3/envs/energyvenv/lib/python3.9/site-packages/airflow/example_dags/plugins/listener_plugin.py for tasks to queue
[2023-04-07T18:09:37.103+0200] {logging_mixin.py:137} INFO - [2023-04-07T18:09:37.103+0200] {dagbag.py:532} INFO - Filling up the DagBag from /Users/oanottage/opt/anaconda3/envs/energyvenv/lib/python3.9/site-packages/airflow/example_dags/plugins/listener_plugin.py
[2023-04-07T18:09:37.147+0200] {processor.py:755} WARNING - No viable dags retrieved from /Users/oanottage/opt/anaconda3/envs/energyvenv/lib/python3.9/site-packages/airflow/example_dags/plugins/listener_plugin.py
[2023-04-07T18:09:37.824+0200] {processor.py:175} INFO - Processing /Users/oanottage/opt/anaconda3/envs/energyvenv/lib/python3.9/site-packages/airflow/example_dags/plugins/listener_plugin.py took 0.726 seconds
[2023-04-07T18:10:55.517+0200] {processor.py:153} INFO - Started process (PID=19167) to work on /Users/oanottage/opt/anaconda3/envs/energyvenv/lib/python3.9/site-packages/airflow/example_dags/plugins/listener_plugin.py
[2023-04-07T18:10:55.522+0200] {processor.py:743} INFO - Processing file /Users/oanottage/opt/anaconda3/envs/energyvenv/lib/python3.9/site-packages/airflow/example_dags/plugins/listener_plugin.py for tasks to queue
[2023-04-07T18:10:55.522+0200] {logging_mixin.py:137} INFO - [2023-04-07T18:10:55.522+0200] {dagbag.py:532} INFO - Filling up the DagBag from /Users/oanottage/opt/anaconda3/envs/energyvenv/lib/python3.9/site-packages/airflow/example_dags/plugins/listener_plugin.py
[2023-04-07T18:10:55.560+0200] {processor.py:755} WARNING - No viable dags retrieved from /Users/oanottage/opt/anaconda3/envs/energyvenv/lib/python3.9/site-packages/airflow/example_dags/plugins/listener_plugin.py
[2023-04-07T18:10:56.402+0200] {processor.py:175} INFO - Processing /Users/oanottage/opt/anaconda3/envs/energyvenv/lib/python3.9/site-packages/airflow/example_dags/plugins/listener_plugin.py took 0.886 seconds
[2023-04-07T18:12:18.774+0200] {processor.py:153} INFO - Started process (PID=19274) to work on /Users/oanottage/opt/anaconda3/envs/energyvenv/lib/python3.9/site-packages/airflow/example_dags/plugins/listener_plugin.py
[2023-04-07T18:12:18.777+0200] {processor.py:743} INFO - Processing file /Users/oanottage/opt/anaconda3/envs/energyvenv/lib/python3.9/site-packages/airflow/example_dags/plugins/listener_plugin.py for tasks to queue
[2023-04-07T18:12:18.777+0200] {logging_mixin.py:137} INFO - [2023-04-07T18:12:18.777+0200] {dagbag.py:532} INFO - Filling up the DagBag from /Users/oanottage/opt/anaconda3/envs/energyvenv/lib/python3.9/site-packages/airflow/example_dags/plugins/listener_plugin.py
[2023-04-07T18:12:18.809+0200] {processor.py:755} WARNING - No viable dags retrieved from /Users/oanottage/opt/anaconda3/envs/energyvenv/lib/python3.9/site-packages/airflow/example_dags/plugins/listener_plugin.py
[2023-04-07T18:12:19.571+0200] {processor.py:175} INFO - Processing /Users/oanottage/opt/anaconda3/envs/energyvenv/lib/python3.9/site-packages/airflow/example_dags/plugins/listener_plugin.py took 0.797 seconds
[2023-04-07T18:12:53.208+0200] {processor.py:153} INFO - Started process (PID=19326) to work on /Users/oanottage/opt/anaconda3/envs/energyvenv/lib/python3.9/site-packages/airflow/example_dags/plugins/listener_plugin.py
[2023-04-07T18:12:53.211+0200] {processor.py:743} INFO - Processing file /Users/oanottage/opt/anaconda3/envs/energyvenv/lib/python3.9/site-packages/airflow/example_dags/plugins/listener_plugin.py for tasks to queue
[2023-04-07T18:12:53.212+0200] {logging_mixin.py:137} INFO - [2023-04-07T18:12:53.212+0200] {dagbag.py:532} INFO - Filling up the DagBag from /Users/oanottage/opt/anaconda3/envs/energyvenv/lib/python3.9/site-packages/airflow/example_dags/plugins/listener_plugin.py
[2023-04-07T18:12:53.243+0200] {processor.py:755} WARNING - No viable dags retrieved from /Users/oanottage/opt/anaconda3/envs/energyvenv/lib/python3.9/site-packages/airflow/example_dags/plugins/listener_plugin.py
[2023-04-07T18:12:53.896+0200] {processor.py:175} INFO - Processing /Users/oanottage/opt/anaconda3/envs/energyvenv/lib/python3.9/site-packages/airflow/example_dags/plugins/listener_plugin.py took 0.689 seconds
[2023-04-07T18:15:24.742+0200] {processor.py:153} INFO - Started process (PID=19530) to work on /Users/oanottage/opt/anaconda3/envs/energyvenv/lib/python3.9/site-packages/airflow/example_dags/plugins/listener_plugin.py
[2023-04-07T18:15:24.745+0200] {processor.py:743} INFO - Processing file /Users/oanottage/opt/anaconda3/envs/energyvenv/lib/python3.9/site-packages/airflow/example_dags/plugins/listener_plugin.py for tasks to queue
[2023-04-07T18:15:24.746+0200] {logging_mixin.py:137} INFO - [2023-04-07T18:15:24.745+0200] {dagbag.py:532} INFO - Filling up the DagBag from /Users/oanottage/opt/anaconda3/envs/energyvenv/lib/python3.9/site-packages/airflow/example_dags/plugins/listener_plugin.py
[2023-04-07T18:15:24.777+0200] {processor.py:755} WARNING - No viable dags retrieved from /Users/oanottage/opt/anaconda3/envs/energyvenv/lib/python3.9/site-packages/airflow/example_dags/plugins/listener_plugin.py
[2023-04-07T18:15:25.468+0200] {processor.py:175} INFO - Processing /Users/oanottage/opt/anaconda3/envs/energyvenv/lib/python3.9/site-packages/airflow/example_dags/plugins/listener_plugin.py took 0.727 seconds
[2023-04-07T18:17:16.996+0200] {processor.py:153} INFO - Started process (PID=19689) to work on /Users/oanottage/opt/anaconda3/envs/energyvenv/lib/python3.9/site-packages/airflow/example_dags/plugins/listener_plugin.py
[2023-04-07T18:17:17.000+0200] {processor.py:743} INFO - Processing file /Users/oanottage/opt/anaconda3/envs/energyvenv/lib/python3.9/site-packages/airflow/example_dags/plugins/listener_plugin.py for tasks to queue
[2023-04-07T18:17:17.001+0200] {logging_mixin.py:137} INFO - [2023-04-07T18:17:17.001+0200] {dagbag.py:532} INFO - Filling up the DagBag from /Users/oanottage/opt/anaconda3/envs/energyvenv/lib/python3.9/site-packages/airflow/example_dags/plugins/listener_plugin.py
[2023-04-07T18:17:17.034+0200] {processor.py:755} WARNING - No viable dags retrieved from /Users/oanottage/opt/anaconda3/envs/energyvenv/lib/python3.9/site-packages/airflow/example_dags/plugins/listener_plugin.py
[2023-04-07T18:17:17.734+0200] {processor.py:175} INFO - Processing /Users/oanottage/opt/anaconda3/envs/energyvenv/lib/python3.9/site-packages/airflow/example_dags/plugins/listener_plugin.py took 0.738 seconds
[2023-04-07T18:18:38.090+0200] {processor.py:153} INFO - Started process (PID=19771) to work on /Users/oanottage/opt/anaconda3/envs/energyvenv/lib/python3.9/site-packages/airflow/example_dags/plugins/listener_plugin.py
[2023-04-07T18:18:38.093+0200] {processor.py:743} INFO - Processing file /Users/oanottage/opt/anaconda3/envs/energyvenv/lib/python3.9/site-packages/airflow/example_dags/plugins/listener_plugin.py for tasks to queue
[2023-04-07T18:18:38.093+0200] {logging_mixin.py:137} INFO - [2023-04-07T18:18:38.093+0200] {dagbag.py:532} INFO - Filling up the DagBag from /Users/oanottage/opt/anaconda3/envs/energyvenv/lib/python3.9/site-packages/airflow/example_dags/plugins/listener_plugin.py
[2023-04-07T18:18:38.122+0200] {processor.py:755} WARNING - No viable dags retrieved from /Users/oanottage/opt/anaconda3/envs/energyvenv/lib/python3.9/site-packages/airflow/example_dags/plugins/listener_plugin.py
[2023-04-07T18:18:38.750+0200] {processor.py:175} INFO - Processing /Users/oanottage/opt/anaconda3/envs/energyvenv/lib/python3.9/site-packages/airflow/example_dags/plugins/listener_plugin.py took 0.661 seconds
[2023-04-07T18:20:01.250+0200] {processor.py:153} INFO - Started process (PID=19930) to work on /Users/oanottage/opt/anaconda3/envs/energyvenv/lib/python3.9/site-packages/airflow/example_dags/plugins/listener_plugin.py
[2023-04-07T18:20:01.253+0200] {processor.py:743} INFO - Processing file /Users/oanottage/opt/anaconda3/envs/energyvenv/lib/python3.9/site-packages/airflow/example_dags/plugins/listener_plugin.py for tasks to queue
[2023-04-07T18:20:01.254+0200] {logging_mixin.py:137} INFO - [2023-04-07T18:20:01.254+0200] {dagbag.py:532} INFO - Filling up the DagBag from /Users/oanottage/opt/anaconda3/envs/energyvenv/lib/python3.9/site-packages/airflow/example_dags/plugins/listener_plugin.py
[2023-04-07T18:20:01.287+0200] {processor.py:755} WARNING - No viable dags retrieved from /Users/oanottage/opt/anaconda3/envs/energyvenv/lib/python3.9/site-packages/airflow/example_dags/plugins/listener_plugin.py
[2023-04-07T18:20:01.993+0200] {processor.py:175} INFO - Processing /Users/oanottage/opt/anaconda3/envs/energyvenv/lib/python3.9/site-packages/airflow/example_dags/plugins/listener_plugin.py took 0.744 seconds
[2023-04-07T18:21:24.407+0200] {processor.py:153} INFO - Started process (PID=20040) to work on /Users/oanottage/opt/anaconda3/envs/energyvenv/lib/python3.9/site-packages/airflow/example_dags/plugins/listener_plugin.py
[2023-04-07T18:21:24.412+0200] {processor.py:743} INFO - Processing file /Users/oanottage/opt/anaconda3/envs/energyvenv/lib/python3.9/site-packages/airflow/example_dags/plugins/listener_plugin.py for tasks to queue
[2023-04-07T18:21:24.413+0200] {logging_mixin.py:137} INFO - [2023-04-07T18:21:24.412+0200] {dagbag.py:532} INFO - Filling up the DagBag from /Users/oanottage/opt/anaconda3/envs/energyvenv/lib/python3.9/site-packages/airflow/example_dags/plugins/listener_plugin.py
[2023-04-07T18:21:24.452+0200] {processor.py:755} WARNING - No viable dags retrieved from /Users/oanottage/opt/anaconda3/envs/energyvenv/lib/python3.9/site-packages/airflow/example_dags/plugins/listener_plugin.py
[2023-04-07T18:21:25.181+0200] {processor.py:175} INFO - Processing /Users/oanottage/opt/anaconda3/envs/energyvenv/lib/python3.9/site-packages/airflow/example_dags/plugins/listener_plugin.py took 0.776 seconds
[2023-04-07T18:22:42.917+0200] {processor.py:153} INFO - Started process (PID=20123) to work on /Users/oanottage/opt/anaconda3/envs/energyvenv/lib/python3.9/site-packages/airflow/example_dags/plugins/listener_plugin.py
[2023-04-07T18:22:42.922+0200] {processor.py:743} INFO - Processing file /Users/oanottage/opt/anaconda3/envs/energyvenv/lib/python3.9/site-packages/airflow/example_dags/plugins/listener_plugin.py for tasks to queue
[2023-04-07T18:22:42.922+0200] {logging_mixin.py:137} INFO - [2023-04-07T18:22:42.922+0200] {dagbag.py:532} INFO - Filling up the DagBag from /Users/oanottage/opt/anaconda3/envs/energyvenv/lib/python3.9/site-packages/airflow/example_dags/plugins/listener_plugin.py
[2023-04-07T18:22:42.963+0200] {processor.py:755} WARNING - No viable dags retrieved from /Users/oanottage/opt/anaconda3/envs/energyvenv/lib/python3.9/site-packages/airflow/example_dags/plugins/listener_plugin.py
[2023-04-07T18:22:43.721+0200] {processor.py:175} INFO - Processing /Users/oanottage/opt/anaconda3/envs/energyvenv/lib/python3.9/site-packages/airflow/example_dags/plugins/listener_plugin.py took 0.804 seconds
[2023-04-07T18:24:05.203+0200] {processor.py:153} INFO - Started process (PID=20210) to work on /Users/oanottage/opt/anaconda3/envs/energyvenv/lib/python3.9/site-packages/airflow/example_dags/plugins/listener_plugin.py
[2023-04-07T18:24:05.207+0200] {processor.py:743} INFO - Processing file /Users/oanottage/opt/anaconda3/envs/energyvenv/lib/python3.9/site-packages/airflow/example_dags/plugins/listener_plugin.py for tasks to queue
[2023-04-07T18:24:05.208+0200] {logging_mixin.py:137} INFO - [2023-04-07T18:24:05.208+0200] {dagbag.py:532} INFO - Filling up the DagBag from /Users/oanottage/opt/anaconda3/envs/energyvenv/lib/python3.9/site-packages/airflow/example_dags/plugins/listener_plugin.py
[2023-04-07T18:24:05.257+0200] {processor.py:755} WARNING - No viable dags retrieved from /Users/oanottage/opt/anaconda3/envs/energyvenv/lib/python3.9/site-packages/airflow/example_dags/plugins/listener_plugin.py
[2023-04-07T18:24:06.139+0200] {processor.py:175} INFO - Processing /Users/oanottage/opt/anaconda3/envs/energyvenv/lib/python3.9/site-packages/airflow/example_dags/plugins/listener_plugin.py took 0.937 seconds
[2023-04-07T18:25:28.749+0200] {processor.py:153} INFO - Started process (PID=20318) to work on /Users/oanottage/opt/anaconda3/envs/energyvenv/lib/python3.9/site-packages/airflow/example_dags/plugins/listener_plugin.py
[2023-04-07T18:25:28.752+0200] {processor.py:743} INFO - Processing file /Users/oanottage/opt/anaconda3/envs/energyvenv/lib/python3.9/site-packages/airflow/example_dags/plugins/listener_plugin.py for tasks to queue
[2023-04-07T18:25:28.753+0200] {logging_mixin.py:137} INFO - [2023-04-07T18:25:28.753+0200] {dagbag.py:532} INFO - Filling up the DagBag from /Users/oanottage/opt/anaconda3/envs/energyvenv/lib/python3.9/site-packages/airflow/example_dags/plugins/listener_plugin.py
[2023-04-07T18:25:28.795+0200] {processor.py:755} WARNING - No viable dags retrieved from /Users/oanottage/opt/anaconda3/envs/energyvenv/lib/python3.9/site-packages/airflow/example_dags/plugins/listener_plugin.py
[2023-04-07T18:25:29.485+0200] {processor.py:175} INFO - Processing /Users/oanottage/opt/anaconda3/envs/energyvenv/lib/python3.9/site-packages/airflow/example_dags/plugins/listener_plugin.py took 0.737 seconds
[2023-04-07T18:26:48.977+0200] {processor.py:153} INFO - Started process (PID=20414) to work on /Users/oanottage/opt/anaconda3/envs/energyvenv/lib/python3.9/site-packages/airflow/example_dags/plugins/listener_plugin.py
[2023-04-07T18:26:48.980+0200] {processor.py:743} INFO - Processing file /Users/oanottage/opt/anaconda3/envs/energyvenv/lib/python3.9/site-packages/airflow/example_dags/plugins/listener_plugin.py for tasks to queue
[2023-04-07T18:26:48.981+0200] {logging_mixin.py:137} INFO - [2023-04-07T18:26:48.981+0200] {dagbag.py:532} INFO - Filling up the DagBag from /Users/oanottage/opt/anaconda3/envs/energyvenv/lib/python3.9/site-packages/airflow/example_dags/plugins/listener_plugin.py
[2023-04-07T18:26:49.019+0200] {processor.py:755} WARNING - No viable dags retrieved from /Users/oanottage/opt/anaconda3/envs/energyvenv/lib/python3.9/site-packages/airflow/example_dags/plugins/listener_plugin.py
[2023-04-07T18:26:49.646+0200] {processor.py:175} INFO - Processing /Users/oanottage/opt/anaconda3/envs/energyvenv/lib/python3.9/site-packages/airflow/example_dags/plugins/listener_plugin.py took 0.669 seconds
[2023-04-07T18:28:33.817+0200] {processor.py:153} INFO - Started process (PID=20529) to work on /Users/oanottage/opt/anaconda3/envs/energyvenv/lib/python3.9/site-packages/airflow/example_dags/plugins/listener_plugin.py
[2023-04-07T18:28:33.820+0200] {processor.py:743} INFO - Processing file /Users/oanottage/opt/anaconda3/envs/energyvenv/lib/python3.9/site-packages/airflow/example_dags/plugins/listener_plugin.py for tasks to queue
[2023-04-07T18:28:33.820+0200] {logging_mixin.py:137} INFO - [2023-04-07T18:28:33.820+0200] {dagbag.py:532} INFO - Filling up the DagBag from /Users/oanottage/opt/anaconda3/envs/energyvenv/lib/python3.9/site-packages/airflow/example_dags/plugins/listener_plugin.py
[2023-04-07T18:28:33.855+0200] {processor.py:755} WARNING - No viable dags retrieved from /Users/oanottage/opt/anaconda3/envs/energyvenv/lib/python3.9/site-packages/airflow/example_dags/plugins/listener_plugin.py
[2023-04-07T18:28:34.508+0200] {processor.py:175} INFO - Processing /Users/oanottage/opt/anaconda3/envs/energyvenv/lib/python3.9/site-packages/airflow/example_dags/plugins/listener_plugin.py took 0.692 seconds
[2023-04-07T18:29:56.051+0200] {processor.py:153} INFO - Started process (PID=20676) to work on /Users/oanottage/opt/anaconda3/envs/energyvenv/lib/python3.9/site-packages/airflow/example_dags/plugins/listener_plugin.py
[2023-04-07T18:29:56.054+0200] {processor.py:743} INFO - Processing file /Users/oanottage/opt/anaconda3/envs/energyvenv/lib/python3.9/site-packages/airflow/example_dags/plugins/listener_plugin.py for tasks to queue
[2023-04-07T18:29:56.054+0200] {logging_mixin.py:137} INFO - [2023-04-07T18:29:56.054+0200] {dagbag.py:532} INFO - Filling up the DagBag from /Users/oanottage/opt/anaconda3/envs/energyvenv/lib/python3.9/site-packages/airflow/example_dags/plugins/listener_plugin.py
[2023-04-07T18:29:56.084+0200] {processor.py:755} WARNING - No viable dags retrieved from /Users/oanottage/opt/anaconda3/envs/energyvenv/lib/python3.9/site-packages/airflow/example_dags/plugins/listener_plugin.py
[2023-04-07T18:29:56.700+0200] {processor.py:175} INFO - Processing /Users/oanottage/opt/anaconda3/envs/energyvenv/lib/python3.9/site-packages/airflow/example_dags/plugins/listener_plugin.py took 0.649 seconds
[2023-04-07T18:41:53.381+0200] {processor.py:153} INFO - Started process (PID=21356) to work on /Users/oanottage/opt/anaconda3/envs/energyvenv/lib/python3.9/site-packages/airflow/example_dags/plugins/listener_plugin.py
[2023-04-07T18:41:53.384+0200] {processor.py:743} INFO - Processing file /Users/oanottage/opt/anaconda3/envs/energyvenv/lib/python3.9/site-packages/airflow/example_dags/plugins/listener_plugin.py for tasks to queue
[2023-04-07T18:41:53.385+0200] {logging_mixin.py:137} INFO - [2023-04-07T18:41:53.385+0200] {dagbag.py:532} INFO - Filling up the DagBag from /Users/oanottage/opt/anaconda3/envs/energyvenv/lib/python3.9/site-packages/airflow/example_dags/plugins/listener_plugin.py
[2023-04-07T18:41:53.417+0200] {processor.py:755} WARNING - No viable dags retrieved from /Users/oanottage/opt/anaconda3/envs/energyvenv/lib/python3.9/site-packages/airflow/example_dags/plugins/listener_plugin.py
[2023-04-07T18:41:54.158+0200] {processor.py:175} INFO - Processing /Users/oanottage/opt/anaconda3/envs/energyvenv/lib/python3.9/site-packages/airflow/example_dags/plugins/listener_plugin.py took 0.777 seconds
[2023-04-07T18:43:49.397+0200] {processor.py:153} INFO - Started process (PID=21510) to work on /Users/oanottage/opt/anaconda3/envs/energyvenv/lib/python3.9/site-packages/airflow/example_dags/plugins/listener_plugin.py
[2023-04-07T18:43:49.403+0200] {processor.py:743} INFO - Processing file /Users/oanottage/opt/anaconda3/envs/energyvenv/lib/python3.9/site-packages/airflow/example_dags/plugins/listener_plugin.py for tasks to queue
[2023-04-07T18:43:49.404+0200] {logging_mixin.py:137} INFO - [2023-04-07T18:43:49.404+0200] {dagbag.py:532} INFO - Filling up the DagBag from /Users/oanottage/opt/anaconda3/envs/energyvenv/lib/python3.9/site-packages/airflow/example_dags/plugins/listener_plugin.py
[2023-04-07T18:43:49.444+0200] {processor.py:755} WARNING - No viable dags retrieved from /Users/oanottage/opt/anaconda3/envs/energyvenv/lib/python3.9/site-packages/airflow/example_dags/plugins/listener_plugin.py
[2023-04-07T18:43:50.153+0200] {processor.py:175} INFO - Processing /Users/oanottage/opt/anaconda3/envs/energyvenv/lib/python3.9/site-packages/airflow/example_dags/plugins/listener_plugin.py took 0.757 seconds
[2023-04-07T18:44:49.125+0200] {processor.py:153} INFO - Started process (PID=21601) to work on /Users/oanottage/opt/anaconda3/envs/energyvenv/lib/python3.9/site-packages/airflow/example_dags/plugins/listener_plugin.py
[2023-04-07T18:44:49.129+0200] {processor.py:743} INFO - Processing file /Users/oanottage/opt/anaconda3/envs/energyvenv/lib/python3.9/site-packages/airflow/example_dags/plugins/listener_plugin.py for tasks to queue
[2023-04-07T18:44:49.129+0200] {logging_mixin.py:137} INFO - [2023-04-07T18:44:49.129+0200] {dagbag.py:532} INFO - Filling up the DagBag from /Users/oanottage/opt/anaconda3/envs/energyvenv/lib/python3.9/site-packages/airflow/example_dags/plugins/listener_plugin.py
[2023-04-07T18:44:49.166+0200] {processor.py:755} WARNING - No viable dags retrieved from /Users/oanottage/opt/anaconda3/envs/energyvenv/lib/python3.9/site-packages/airflow/example_dags/plugins/listener_plugin.py
[2023-04-07T18:44:49.907+0200] {processor.py:175} INFO - Processing /Users/oanottage/opt/anaconda3/envs/energyvenv/lib/python3.9/site-packages/airflow/example_dags/plugins/listener_plugin.py took 0.783 seconds
