[2023-04-07T17:53:59.722+0200] {processor.py:153} INFO - Started process (PID=17780) to work on /Users/oanottage/opt/anaconda3/envs/energyvenv/lib/python3.9/site-packages/airflow/example_dags/plugins/workday.py
[2023-04-07T17:53:59.725+0200] {processor.py:743} INFO - Processing file /Users/oanottage/opt/anaconda3/envs/energyvenv/lib/python3.9/site-packages/airflow/example_dags/plugins/workday.py for tasks to queue
[2023-04-07T17:53:59.726+0200] {logging_mixin.py:137} INFO - [2023-04-07T17:53:59.725+0200] {dagbag.py:532} INFO - Filling up the DagBag from /Users/oanottage/opt/anaconda3/envs/energyvenv/lib/python3.9/site-packages/airflow/example_dags/plugins/workday.py
[2023-04-07T17:54:00.046+0200] {processor.py:755} WARNING - No viable dags retrieved from /Users/oanottage/opt/anaconda3/envs/energyvenv/lib/python3.9/site-packages/airflow/example_dags/plugins/workday.py
[2023-04-07T17:54:00.725+0200] {processor.py:175} INFO - Processing /Users/oanottage/opt/anaconda3/envs/energyvenv/lib/python3.9/site-packages/airflow/example_dags/plugins/workday.py took 1.003 seconds
[2023-04-07T17:56:08.623+0200] {processor.py:153} INFO - Started process (PID=17988) to work on /Users/oanottage/opt/anaconda3/envs/energyvenv/lib/python3.9/site-packages/airflow/example_dags/plugins/workday.py
[2023-04-07T17:56:08.626+0200] {processor.py:743} INFO - Processing file /Users/oanottage/opt/anaconda3/envs/energyvenv/lib/python3.9/site-packages/airflow/example_dags/plugins/workday.py for tasks to queue
[2023-04-07T17:56:08.627+0200] {logging_mixin.py:137} INFO - [2023-04-07T17:56:08.627+0200] {dagbag.py:532} INFO - Filling up the DagBag from /Users/oanottage/opt/anaconda3/envs/energyvenv/lib/python3.9/site-packages/airflow/example_dags/plugins/workday.py
[2023-04-07T17:56:08.963+0200] {processor.py:755} WARNING - No viable dags retrieved from /Users/oanottage/opt/anaconda3/envs/energyvenv/lib/python3.9/site-packages/airflow/example_dags/plugins/workday.py
[2023-04-07T17:56:09.677+0200] {processor.py:175} INFO - Processing /Users/oanottage/opt/anaconda3/envs/energyvenv/lib/python3.9/site-packages/airflow/example_dags/plugins/workday.py took 1.054 seconds
[2023-04-07T17:57:46.016+0200] {processor.py:153} INFO - Started process (PID=18099) to work on /Users/oanottage/opt/anaconda3/envs/energyvenv/lib/python3.9/site-packages/airflow/example_dags/plugins/workday.py
[2023-04-07T17:57:46.019+0200] {processor.py:743} INFO - Processing file /Users/oanottage/opt/anaconda3/envs/energyvenv/lib/python3.9/site-packages/airflow/example_dags/plugins/workday.py for tasks to queue
[2023-04-07T17:57:46.019+0200] {logging_mixin.py:137} INFO - [2023-04-07T17:57:46.019+0200] {dagbag.py:532} INFO - Filling up the DagBag from /Users/oanottage/opt/anaconda3/envs/energyvenv/lib/python3.9/site-packages/airflow/example_dags/plugins/workday.py
[2023-04-07T17:57:46.362+0200] {processor.py:755} WARNING - No viable dags retrieved from /Users/oanottage/opt/anaconda3/envs/energyvenv/lib/python3.9/site-packages/airflow/example_dags/plugins/workday.py
[2023-04-07T17:57:47.049+0200] {processor.py:175} INFO - Processing /Users/oanottage/opt/anaconda3/envs/energyvenv/lib/python3.9/site-packages/airflow/example_dags/plugins/workday.py took 1.034 seconds
[2023-04-07T17:59:05.617+0200] {processor.py:153} INFO - Started process (PID=18188) to work on /Users/oanottage/opt/anaconda3/envs/energyvenv/lib/python3.9/site-packages/airflow/example_dags/plugins/workday.py
[2023-04-07T17:59:05.621+0200] {processor.py:743} INFO - Processing file /Users/oanottage/opt/anaconda3/envs/energyvenv/lib/python3.9/site-packages/airflow/example_dags/plugins/workday.py for tasks to queue
[2023-04-07T17:59:05.621+0200] {logging_mixin.py:137} INFO - [2023-04-07T17:59:05.621+0200] {dagbag.py:532} INFO - Filling up the DagBag from /Users/oanottage/opt/anaconda3/envs/energyvenv/lib/python3.9/site-packages/airflow/example_dags/plugins/workday.py
[2023-04-07T17:59:06.022+0200] {processor.py:755} WARNING - No viable dags retrieved from /Users/oanottage/opt/anaconda3/envs/energyvenv/lib/python3.9/site-packages/airflow/example_dags/plugins/workday.py
[2023-04-07T17:59:06.756+0200] {processor.py:175} INFO - Processing /Users/oanottage/opt/anaconda3/envs/energyvenv/lib/python3.9/site-packages/airflow/example_dags/plugins/workday.py took 1.139 seconds
[2023-04-07T18:00:24.901+0200] {processor.py:153} INFO - Started process (PID=18286) to work on /Users/oanottage/opt/anaconda3/envs/energyvenv/lib/python3.9/site-packages/airflow/example_dags/plugins/workday.py
[2023-04-07T18:00:24.904+0200] {processor.py:743} INFO - Processing file /Users/oanottage/opt/anaconda3/envs/energyvenv/lib/python3.9/site-packages/airflow/example_dags/plugins/workday.py for tasks to queue
[2023-04-07T18:00:24.905+0200] {logging_mixin.py:137} INFO - [2023-04-07T18:00:24.905+0200] {dagbag.py:532} INFO - Filling up the DagBag from /Users/oanottage/opt/anaconda3/envs/energyvenv/lib/python3.9/site-packages/airflow/example_dags/plugins/workday.py
[2023-04-07T18:00:25.223+0200] {processor.py:755} WARNING - No viable dags retrieved from /Users/oanottage/opt/anaconda3/envs/energyvenv/lib/python3.9/site-packages/airflow/example_dags/plugins/workday.py
[2023-04-07T18:00:25.894+0200] {processor.py:175} INFO - Processing /Users/oanottage/opt/anaconda3/envs/energyvenv/lib/python3.9/site-packages/airflow/example_dags/plugins/workday.py took 0.994 seconds
[2023-04-07T18:01:47.080+0200] {processor.py:153} INFO - Started process (PID=18382) to work on /Users/oanottage/opt/anaconda3/envs/energyvenv/lib/python3.9/site-packages/airflow/example_dags/plugins/workday.py
[2023-04-07T18:01:47.083+0200] {processor.py:743} INFO - Processing file /Users/oanottage/opt/anaconda3/envs/energyvenv/lib/python3.9/site-packages/airflow/example_dags/plugins/workday.py for tasks to queue
[2023-04-07T18:01:47.083+0200] {logging_mixin.py:137} INFO - [2023-04-07T18:01:47.083+0200] {dagbag.py:532} INFO - Filling up the DagBag from /Users/oanottage/opt/anaconda3/envs/energyvenv/lib/python3.9/site-packages/airflow/example_dags/plugins/workday.py
[2023-04-07T18:01:47.411+0200] {processor.py:755} WARNING - No viable dags retrieved from /Users/oanottage/opt/anaconda3/envs/energyvenv/lib/python3.9/site-packages/airflow/example_dags/plugins/workday.py
[2023-04-07T18:01:48.107+0200] {processor.py:175} INFO - Processing /Users/oanottage/opt/anaconda3/envs/energyvenv/lib/python3.9/site-packages/airflow/example_dags/plugins/workday.py took 1.028 seconds
[2023-04-07T18:03:07.363+0200] {processor.py:153} INFO - Started process (PID=18472) to work on /Users/oanottage/opt/anaconda3/envs/energyvenv/lib/python3.9/site-packages/airflow/example_dags/plugins/workday.py
[2023-04-07T18:03:07.366+0200] {processor.py:743} INFO - Processing file /Users/oanottage/opt/anaconda3/envs/energyvenv/lib/python3.9/site-packages/airflow/example_dags/plugins/workday.py for tasks to queue
[2023-04-07T18:03:07.366+0200] {logging_mixin.py:137} INFO - [2023-04-07T18:03:07.366+0200] {dagbag.py:532} INFO - Filling up the DagBag from /Users/oanottage/opt/anaconda3/envs/energyvenv/lib/python3.9/site-packages/airflow/example_dags/plugins/workday.py
[2023-04-07T18:03:07.683+0200] {processor.py:755} WARNING - No viable dags retrieved from /Users/oanottage/opt/anaconda3/envs/energyvenv/lib/python3.9/site-packages/airflow/example_dags/plugins/workday.py
[2023-04-07T18:03:08.386+0200] {processor.py:175} INFO - Processing /Users/oanottage/opt/anaconda3/envs/energyvenv/lib/python3.9/site-packages/airflow/example_dags/plugins/workday.py took 1.024 seconds
[2023-04-07T18:04:11.206+0200] {processor.py:153} INFO - Started process (PID=18539) to work on /Users/oanottage/opt/anaconda3/envs/energyvenv/lib/python3.9/site-packages/airflow/example_dags/plugins/workday.py
[2023-04-07T18:04:11.209+0200] {processor.py:743} INFO - Processing file /Users/oanottage/opt/anaconda3/envs/energyvenv/lib/python3.9/site-packages/airflow/example_dags/plugins/workday.py for tasks to queue
[2023-04-07T18:04:11.209+0200] {logging_mixin.py:137} INFO - [2023-04-07T18:04:11.209+0200] {dagbag.py:532} INFO - Filling up the DagBag from /Users/oanottage/opt/anaconda3/envs/energyvenv/lib/python3.9/site-packages/airflow/example_dags/plugins/workday.py
[2023-04-07T18:04:11.574+0200] {processor.py:755} WARNING - No viable dags retrieved from /Users/oanottage/opt/anaconda3/envs/energyvenv/lib/python3.9/site-packages/airflow/example_dags/plugins/workday.py
[2023-04-07T18:04:12.291+0200] {processor.py:175} INFO - Processing /Users/oanottage/opt/anaconda3/envs/energyvenv/lib/python3.9/site-packages/airflow/example_dags/plugins/workday.py took 1.085 seconds
[2023-04-07T18:06:03.984+0200] {processor.py:153} INFO - Started process (PID=18707) to work on /Users/oanottage/opt/anaconda3/envs/energyvenv/lib/python3.9/site-packages/airflow/example_dags/plugins/workday.py
[2023-04-07T18:06:03.988+0200] {processor.py:743} INFO - Processing file /Users/oanottage/opt/anaconda3/envs/energyvenv/lib/python3.9/site-packages/airflow/example_dags/plugins/workday.py for tasks to queue
[2023-04-07T18:06:03.989+0200] {logging_mixin.py:137} INFO - [2023-04-07T18:06:03.989+0200] {dagbag.py:532} INFO - Filling up the DagBag from /Users/oanottage/opt/anaconda3/envs/energyvenv/lib/python3.9/site-packages/airflow/example_dags/plugins/workday.py
[2023-04-07T18:06:04.379+0200] {processor.py:755} WARNING - No viable dags retrieved from /Users/oanottage/opt/anaconda3/envs/energyvenv/lib/python3.9/site-packages/airflow/example_dags/plugins/workday.py
[2023-04-07T18:06:05.204+0200] {processor.py:175} INFO - Processing /Users/oanottage/opt/anaconda3/envs/energyvenv/lib/python3.9/site-packages/airflow/example_dags/plugins/workday.py took 1.221 seconds
[2023-04-07T18:07:41.268+0200] {processor.py:153} INFO - Started process (PID=18844) to work on /Users/oanottage/opt/anaconda3/envs/energyvenv/lib/python3.9/site-packages/airflow/example_dags/plugins/workday.py
[2023-04-07T18:07:41.271+0200] {processor.py:743} INFO - Processing file /Users/oanottage/opt/anaconda3/envs/energyvenv/lib/python3.9/site-packages/airflow/example_dags/plugins/workday.py for tasks to queue
[2023-04-07T18:07:41.272+0200] {logging_mixin.py:137} INFO - [2023-04-07T18:07:41.271+0200] {dagbag.py:532} INFO - Filling up the DagBag from /Users/oanottage/opt/anaconda3/envs/energyvenv/lib/python3.9/site-packages/airflow/example_dags/plugins/workday.py
[2023-04-07T18:07:41.631+0200] {processor.py:755} WARNING - No viable dags retrieved from /Users/oanottage/opt/anaconda3/envs/energyvenv/lib/python3.9/site-packages/airflow/example_dags/plugins/workday.py
[2023-04-07T18:07:42.334+0200] {processor.py:175} INFO - Processing /Users/oanottage/opt/anaconda3/envs/energyvenv/lib/python3.9/site-packages/airflow/example_dags/plugins/workday.py took 1.066 seconds
[2023-04-07T18:09:33.861+0200] {processor.py:153} INFO - Started process (PID=19058) to work on /Users/oanottage/opt/anaconda3/envs/energyvenv/lib/python3.9/site-packages/airflow/example_dags/plugins/workday.py
[2023-04-07T18:09:33.865+0200] {processor.py:743} INFO - Processing file /Users/oanottage/opt/anaconda3/envs/energyvenv/lib/python3.9/site-packages/airflow/example_dags/plugins/workday.py for tasks to queue
[2023-04-07T18:09:33.865+0200] {logging_mixin.py:137} INFO - [2023-04-07T18:09:33.865+0200] {dagbag.py:532} INFO - Filling up the DagBag from /Users/oanottage/opt/anaconda3/envs/energyvenv/lib/python3.9/site-packages/airflow/example_dags/plugins/workday.py
[2023-04-07T18:09:34.335+0200] {processor.py:755} WARNING - No viable dags retrieved from /Users/oanottage/opt/anaconda3/envs/energyvenv/lib/python3.9/site-packages/airflow/example_dags/plugins/workday.py
[2023-04-07T18:09:35.101+0200] {processor.py:175} INFO - Processing /Users/oanottage/opt/anaconda3/envs/energyvenv/lib/python3.9/site-packages/airflow/example_dags/plugins/workday.py took 1.242 seconds
[2023-04-07T18:10:52.500+0200] {processor.py:153} INFO - Started process (PID=19160) to work on /Users/oanottage/opt/anaconda3/envs/energyvenv/lib/python3.9/site-packages/airflow/example_dags/plugins/workday.py
[2023-04-07T18:10:52.503+0200] {processor.py:743} INFO - Processing file /Users/oanottage/opt/anaconda3/envs/energyvenv/lib/python3.9/site-packages/airflow/example_dags/plugins/workday.py for tasks to queue
[2023-04-07T18:10:52.504+0200] {logging_mixin.py:137} INFO - [2023-04-07T18:10:52.503+0200] {dagbag.py:532} INFO - Filling up the DagBag from /Users/oanottage/opt/anaconda3/envs/energyvenv/lib/python3.9/site-packages/airflow/example_dags/plugins/workday.py
[2023-04-07T18:10:52.834+0200] {processor.py:755} WARNING - No viable dags retrieved from /Users/oanottage/opt/anaconda3/envs/energyvenv/lib/python3.9/site-packages/airflow/example_dags/plugins/workday.py
[2023-04-07T18:10:53.557+0200] {processor.py:175} INFO - Processing /Users/oanottage/opt/anaconda3/envs/energyvenv/lib/python3.9/site-packages/airflow/example_dags/plugins/workday.py took 1.057 seconds
[2023-04-07T18:12:15.647+0200] {processor.py:153} INFO - Started process (PID=19270) to work on /Users/oanottage/opt/anaconda3/envs/energyvenv/lib/python3.9/site-packages/airflow/example_dags/plugins/workday.py
[2023-04-07T18:12:15.650+0200] {processor.py:743} INFO - Processing file /Users/oanottage/opt/anaconda3/envs/energyvenv/lib/python3.9/site-packages/airflow/example_dags/plugins/workday.py for tasks to queue
[2023-04-07T18:12:15.651+0200] {logging_mixin.py:137} INFO - [2023-04-07T18:12:15.650+0200] {dagbag.py:532} INFO - Filling up the DagBag from /Users/oanottage/opt/anaconda3/envs/energyvenv/lib/python3.9/site-packages/airflow/example_dags/plugins/workday.py
[2023-04-07T18:12:16.025+0200] {processor.py:755} WARNING - No viable dags retrieved from /Users/oanottage/opt/anaconda3/envs/energyvenv/lib/python3.9/site-packages/airflow/example_dags/plugins/workday.py
[2023-04-07T18:12:16.806+0200] {processor.py:175} INFO - Processing /Users/oanottage/opt/anaconda3/envs/energyvenv/lib/python3.9/site-packages/airflow/example_dags/plugins/workday.py took 1.159 seconds
[2023-04-07T18:12:50.219+0200] {processor.py:153} INFO - Started process (PID=19321) to work on /Users/oanottage/opt/anaconda3/envs/energyvenv/lib/python3.9/site-packages/airflow/example_dags/plugins/workday.py
[2023-04-07T18:12:50.222+0200] {processor.py:743} INFO - Processing file /Users/oanottage/opt/anaconda3/envs/energyvenv/lib/python3.9/site-packages/airflow/example_dags/plugins/workday.py for tasks to queue
[2023-04-07T18:12:50.222+0200] {logging_mixin.py:137} INFO - [2023-04-07T18:12:50.222+0200] {dagbag.py:532} INFO - Filling up the DagBag from /Users/oanottage/opt/anaconda3/envs/energyvenv/lib/python3.9/site-packages/airflow/example_dags/plugins/workday.py
[2023-04-07T18:12:50.566+0200] {processor.py:755} WARNING - No viable dags retrieved from /Users/oanottage/opt/anaconda3/envs/energyvenv/lib/python3.9/site-packages/airflow/example_dags/plugins/workday.py
[2023-04-07T18:12:51.239+0200] {processor.py:175} INFO - Processing /Users/oanottage/opt/anaconda3/envs/energyvenv/lib/python3.9/site-packages/airflow/example_dags/plugins/workday.py took 1.021 seconds
[2023-04-07T18:15:21.635+0200] {processor.py:153} INFO - Started process (PID=19516) to work on /Users/oanottage/opt/anaconda3/envs/energyvenv/lib/python3.9/site-packages/airflow/example_dags/plugins/workday.py
[2023-04-07T18:15:21.639+0200] {processor.py:743} INFO - Processing file /Users/oanottage/opt/anaconda3/envs/energyvenv/lib/python3.9/site-packages/airflow/example_dags/plugins/workday.py for tasks to queue
[2023-04-07T18:15:21.639+0200] {logging_mixin.py:137} INFO - [2023-04-07T18:15:21.639+0200] {dagbag.py:532} INFO - Filling up the DagBag from /Users/oanottage/opt/anaconda3/envs/energyvenv/lib/python3.9/site-packages/airflow/example_dags/plugins/workday.py
[2023-04-07T18:15:22.102+0200] {processor.py:755} WARNING - No viable dags retrieved from /Users/oanottage/opt/anaconda3/envs/energyvenv/lib/python3.9/site-packages/airflow/example_dags/plugins/workday.py
[2023-04-07T18:15:22.840+0200] {processor.py:175} INFO - Processing /Users/oanottage/opt/anaconda3/envs/energyvenv/lib/python3.9/site-packages/airflow/example_dags/plugins/workday.py took 1.206 seconds
[2023-04-07T18:17:13.902+0200] {processor.py:153} INFO - Started process (PID=19686) to work on /Users/oanottage/opt/anaconda3/envs/energyvenv/lib/python3.9/site-packages/airflow/example_dags/plugins/workday.py
[2023-04-07T18:17:13.906+0200] {processor.py:743} INFO - Processing file /Users/oanottage/opt/anaconda3/envs/energyvenv/lib/python3.9/site-packages/airflow/example_dags/plugins/workday.py for tasks to queue
[2023-04-07T18:17:13.906+0200] {logging_mixin.py:137} INFO - [2023-04-07T18:17:13.906+0200] {dagbag.py:532} INFO - Filling up the DagBag from /Users/oanottage/opt/anaconda3/envs/energyvenv/lib/python3.9/site-packages/airflow/example_dags/plugins/workday.py
[2023-04-07T18:17:14.377+0200] {processor.py:755} WARNING - No viable dags retrieved from /Users/oanottage/opt/anaconda3/envs/energyvenv/lib/python3.9/site-packages/airflow/example_dags/plugins/workday.py
[2023-04-07T18:17:15.087+0200] {processor.py:175} INFO - Processing /Users/oanottage/opt/anaconda3/envs/energyvenv/lib/python3.9/site-packages/airflow/example_dags/plugins/workday.py took 1.186 seconds
[2023-04-07T18:18:35.043+0200] {processor.py:153} INFO - Started process (PID=19766) to work on /Users/oanottage/opt/anaconda3/envs/energyvenv/lib/python3.9/site-packages/airflow/example_dags/plugins/workday.py
[2023-04-07T18:18:35.049+0200] {processor.py:743} INFO - Processing file /Users/oanottage/opt/anaconda3/envs/energyvenv/lib/python3.9/site-packages/airflow/example_dags/plugins/workday.py for tasks to queue
[2023-04-07T18:18:35.049+0200] {logging_mixin.py:137} INFO - [2023-04-07T18:18:35.049+0200] {dagbag.py:532} INFO - Filling up the DagBag from /Users/oanottage/opt/anaconda3/envs/energyvenv/lib/python3.9/site-packages/airflow/example_dags/plugins/workday.py
[2023-04-07T18:18:35.417+0200] {processor.py:755} WARNING - No viable dags retrieved from /Users/oanottage/opt/anaconda3/envs/energyvenv/lib/python3.9/site-packages/airflow/example_dags/plugins/workday.py
[2023-04-07T18:18:36.211+0200] {processor.py:175} INFO - Processing /Users/oanottage/opt/anaconda3/envs/energyvenv/lib/python3.9/site-packages/airflow/example_dags/plugins/workday.py took 1.168 seconds
[2023-04-07T18:19:58.487+0200] {processor.py:153} INFO - Started process (PID=19928) to work on /Users/oanottage/opt/anaconda3/envs/energyvenv/lib/python3.9/site-packages/airflow/example_dags/plugins/workday.py
[2023-04-07T18:19:58.492+0200] {processor.py:743} INFO - Processing file /Users/oanottage/opt/anaconda3/envs/energyvenv/lib/python3.9/site-packages/airflow/example_dags/plugins/workday.py for tasks to queue
[2023-04-07T18:19:58.492+0200] {logging_mixin.py:137} INFO - [2023-04-07T18:19:58.492+0200] {dagbag.py:532} INFO - Filling up the DagBag from /Users/oanottage/opt/anaconda3/envs/energyvenv/lib/python3.9/site-packages/airflow/example_dags/plugins/workday.py
[2023-04-07T18:19:59.153+0200] {processor.py:755} WARNING - No viable dags retrieved from /Users/oanottage/opt/anaconda3/envs/energyvenv/lib/python3.9/site-packages/airflow/example_dags/plugins/workday.py
[2023-04-07T18:19:59.981+0200] {processor.py:175} INFO - Processing /Users/oanottage/opt/anaconda3/envs/energyvenv/lib/python3.9/site-packages/airflow/example_dags/plugins/workday.py took 1.496 seconds
[2023-04-07T18:21:21.704+0200] {processor.py:153} INFO - Started process (PID=20031) to work on /Users/oanottage/opt/anaconda3/envs/energyvenv/lib/python3.9/site-packages/airflow/example_dags/plugins/workday.py
[2023-04-07T18:21:21.707+0200] {processor.py:743} INFO - Processing file /Users/oanottage/opt/anaconda3/envs/energyvenv/lib/python3.9/site-packages/airflow/example_dags/plugins/workday.py for tasks to queue
[2023-04-07T18:21:21.708+0200] {logging_mixin.py:137} INFO - [2023-04-07T18:21:21.708+0200] {dagbag.py:532} INFO - Filling up the DagBag from /Users/oanottage/opt/anaconda3/envs/energyvenv/lib/python3.9/site-packages/airflow/example_dags/plugins/workday.py
[2023-04-07T18:21:22.158+0200] {processor.py:755} WARNING - No viable dags retrieved from /Users/oanottage/opt/anaconda3/envs/energyvenv/lib/python3.9/site-packages/airflow/example_dags/plugins/workday.py
[2023-04-07T18:21:22.869+0200] {processor.py:175} INFO - Processing /Users/oanottage/opt/anaconda3/envs/energyvenv/lib/python3.9/site-packages/airflow/example_dags/plugins/workday.py took 1.166 seconds
[2023-04-07T18:22:39.825+0200] {processor.py:153} INFO - Started process (PID=20119) to work on /Users/oanottage/opt/anaconda3/envs/energyvenv/lib/python3.9/site-packages/airflow/example_dags/plugins/workday.py
[2023-04-07T18:22:39.829+0200] {processor.py:743} INFO - Processing file /Users/oanottage/opt/anaconda3/envs/energyvenv/lib/python3.9/site-packages/airflow/example_dags/plugins/workday.py for tasks to queue
[2023-04-07T18:22:39.829+0200] {logging_mixin.py:137} INFO - [2023-04-07T18:22:39.829+0200] {dagbag.py:532} INFO - Filling up the DagBag from /Users/oanottage/opt/anaconda3/envs/energyvenv/lib/python3.9/site-packages/airflow/example_dags/plugins/workday.py
[2023-04-07T18:22:40.288+0200] {processor.py:755} WARNING - No viable dags retrieved from /Users/oanottage/opt/anaconda3/envs/energyvenv/lib/python3.9/site-packages/airflow/example_dags/plugins/workday.py
[2023-04-07T18:22:40.967+0200] {processor.py:175} INFO - Processing /Users/oanottage/opt/anaconda3/envs/energyvenv/lib/python3.9/site-packages/airflow/example_dags/plugins/workday.py took 1.143 seconds
[2023-04-07T18:24:01.993+0200] {processor.py:153} INFO - Started process (PID=20206) to work on /Users/oanottage/opt/anaconda3/envs/energyvenv/lib/python3.9/site-packages/airflow/example_dags/plugins/workday.py
[2023-04-07T18:24:01.996+0200] {processor.py:743} INFO - Processing file /Users/oanottage/opt/anaconda3/envs/energyvenv/lib/python3.9/site-packages/airflow/example_dags/plugins/workday.py for tasks to queue
[2023-04-07T18:24:01.996+0200] {logging_mixin.py:137} INFO - [2023-04-07T18:24:01.996+0200] {dagbag.py:532} INFO - Filling up the DagBag from /Users/oanottage/opt/anaconda3/envs/energyvenv/lib/python3.9/site-packages/airflow/example_dags/plugins/workday.py
[2023-04-07T18:24:02.489+0200] {processor.py:755} WARNING - No viable dags retrieved from /Users/oanottage/opt/anaconda3/envs/energyvenv/lib/python3.9/site-packages/airflow/example_dags/plugins/workday.py
[2023-04-07T18:24:03.179+0200] {processor.py:175} INFO - Processing /Users/oanottage/opt/anaconda3/envs/energyvenv/lib/python3.9/site-packages/airflow/example_dags/plugins/workday.py took 1.187 seconds
[2023-04-07T18:25:26.287+0200] {processor.py:153} INFO - Started process (PID=20315) to work on /Users/oanottage/opt/anaconda3/envs/energyvenv/lib/python3.9/site-packages/airflow/example_dags/plugins/workday.py
[2023-04-07T18:25:26.292+0200] {processor.py:743} INFO - Processing file /Users/oanottage/opt/anaconda3/envs/energyvenv/lib/python3.9/site-packages/airflow/example_dags/plugins/workday.py for tasks to queue
[2023-04-07T18:25:26.293+0200] {logging_mixin.py:137} INFO - [2023-04-07T18:25:26.293+0200] {dagbag.py:532} INFO - Filling up the DagBag from /Users/oanottage/opt/anaconda3/envs/energyvenv/lib/python3.9/site-packages/airflow/example_dags/plugins/workday.py
[2023-04-07T18:25:26.804+0200] {processor.py:755} WARNING - No viable dags retrieved from /Users/oanottage/opt/anaconda3/envs/energyvenv/lib/python3.9/site-packages/airflow/example_dags/plugins/workday.py
[2023-04-07T18:25:27.485+0200] {processor.py:175} INFO - Processing /Users/oanottage/opt/anaconda3/envs/energyvenv/lib/python3.9/site-packages/airflow/example_dags/plugins/workday.py took 1.199 seconds
[2023-04-07T18:26:46.772+0200] {processor.py:153} INFO - Started process (PID=20411) to work on /Users/oanottage/opt/anaconda3/envs/energyvenv/lib/python3.9/site-packages/airflow/example_dags/plugins/workday.py
[2023-04-07T18:26:46.775+0200] {processor.py:743} INFO - Processing file /Users/oanottage/opt/anaconda3/envs/energyvenv/lib/python3.9/site-packages/airflow/example_dags/plugins/workday.py for tasks to queue
[2023-04-07T18:26:46.775+0200] {logging_mixin.py:137} INFO - [2023-04-07T18:26:46.775+0200] {dagbag.py:532} INFO - Filling up the DagBag from /Users/oanottage/opt/anaconda3/envs/energyvenv/lib/python3.9/site-packages/airflow/example_dags/plugins/workday.py
[2023-04-07T18:26:47.244+0200] {processor.py:755} WARNING - No viable dags retrieved from /Users/oanottage/opt/anaconda3/envs/energyvenv/lib/python3.9/site-packages/airflow/example_dags/plugins/workday.py
[2023-04-07T18:26:47.915+0200] {processor.py:175} INFO - Processing /Users/oanottage/opt/anaconda3/envs/energyvenv/lib/python3.9/site-packages/airflow/example_dags/plugins/workday.py took 1.143 seconds
[2023-04-07T18:28:30.741+0200] {processor.py:153} INFO - Started process (PID=20527) to work on /Users/oanottage/opt/anaconda3/envs/energyvenv/lib/python3.9/site-packages/airflow/example_dags/plugins/workday.py
[2023-04-07T18:28:30.762+0200] {processor.py:743} INFO - Processing file /Users/oanottage/opt/anaconda3/envs/energyvenv/lib/python3.9/site-packages/airflow/example_dags/plugins/workday.py for tasks to queue
[2023-04-07T18:28:30.763+0200] {logging_mixin.py:137} INFO - [2023-04-07T18:28:30.763+0200] {dagbag.py:532} INFO - Filling up the DagBag from /Users/oanottage/opt/anaconda3/envs/energyvenv/lib/python3.9/site-packages/airflow/example_dags/plugins/workday.py
[2023-04-07T18:28:31.170+0200] {processor.py:755} WARNING - No viable dags retrieved from /Users/oanottage/opt/anaconda3/envs/energyvenv/lib/python3.9/site-packages/airflow/example_dags/plugins/workday.py
[2023-04-07T18:28:31.877+0200] {processor.py:175} INFO - Processing /Users/oanottage/opt/anaconda3/envs/energyvenv/lib/python3.9/site-packages/airflow/example_dags/plugins/workday.py took 1.137 seconds
[2023-04-07T18:29:53.064+0200] {processor.py:153} INFO - Started process (PID=20667) to work on /Users/oanottage/opt/anaconda3/envs/energyvenv/lib/python3.9/site-packages/airflow/example_dags/plugins/workday.py
[2023-04-07T18:29:53.067+0200] {processor.py:743} INFO - Processing file /Users/oanottage/opt/anaconda3/envs/energyvenv/lib/python3.9/site-packages/airflow/example_dags/plugins/workday.py for tasks to queue
[2023-04-07T18:29:53.067+0200] {logging_mixin.py:137} INFO - [2023-04-07T18:29:53.067+0200] {dagbag.py:532} INFO - Filling up the DagBag from /Users/oanottage/opt/anaconda3/envs/energyvenv/lib/python3.9/site-packages/airflow/example_dags/plugins/workday.py
[2023-04-07T18:29:53.451+0200] {processor.py:755} WARNING - No viable dags retrieved from /Users/oanottage/opt/anaconda3/envs/energyvenv/lib/python3.9/site-packages/airflow/example_dags/plugins/workday.py
[2023-04-07T18:29:54.158+0200] {processor.py:175} INFO - Processing /Users/oanottage/opt/anaconda3/envs/energyvenv/lib/python3.9/site-packages/airflow/example_dags/plugins/workday.py took 1.095 seconds
[2023-04-07T18:41:50.292+0200] {processor.py:153} INFO - Started process (PID=21352) to work on /Users/oanottage/opt/anaconda3/envs/energyvenv/lib/python3.9/site-packages/airflow/example_dags/plugins/workday.py
[2023-04-07T18:41:50.295+0200] {processor.py:743} INFO - Processing file /Users/oanottage/opt/anaconda3/envs/energyvenv/lib/python3.9/site-packages/airflow/example_dags/plugins/workday.py for tasks to queue
[2023-04-07T18:41:50.296+0200] {logging_mixin.py:137} INFO - [2023-04-07T18:41:50.295+0200] {dagbag.py:532} INFO - Filling up the DagBag from /Users/oanottage/opt/anaconda3/envs/energyvenv/lib/python3.9/site-packages/airflow/example_dags/plugins/workday.py
[2023-04-07T18:41:50.749+0200] {processor.py:755} WARNING - No viable dags retrieved from /Users/oanottage/opt/anaconda3/envs/energyvenv/lib/python3.9/site-packages/airflow/example_dags/plugins/workday.py
[2023-04-07T18:41:51.451+0200] {processor.py:175} INFO - Processing /Users/oanottage/opt/anaconda3/envs/energyvenv/lib/python3.9/site-packages/airflow/example_dags/plugins/workday.py took 1.160 seconds
[2023-04-07T18:43:46.096+0200] {processor.py:153} INFO - Started process (PID=21508) to work on /Users/oanottage/opt/anaconda3/envs/energyvenv/lib/python3.9/site-packages/airflow/example_dags/plugins/workday.py
[2023-04-07T18:43:46.101+0200] {processor.py:743} INFO - Processing file /Users/oanottage/opt/anaconda3/envs/energyvenv/lib/python3.9/site-packages/airflow/example_dags/plugins/workday.py for tasks to queue
[2023-04-07T18:43:46.102+0200] {logging_mixin.py:137} INFO - [2023-04-07T18:43:46.102+0200] {dagbag.py:532} INFO - Filling up the DagBag from /Users/oanottage/opt/anaconda3/envs/energyvenv/lib/python3.9/site-packages/airflow/example_dags/plugins/workday.py
[2023-04-07T18:43:46.589+0200] {processor.py:755} WARNING - No viable dags retrieved from /Users/oanottage/opt/anaconda3/envs/energyvenv/lib/python3.9/site-packages/airflow/example_dags/plugins/workday.py
[2023-04-07T18:43:47.380+0200] {processor.py:175} INFO - Processing /Users/oanottage/opt/anaconda3/envs/energyvenv/lib/python3.9/site-packages/airflow/example_dags/plugins/workday.py took 1.286 seconds
[2023-04-07T18:44:45.859+0200] {processor.py:153} INFO - Started process (PID=21598) to work on /Users/oanottage/opt/anaconda3/envs/energyvenv/lib/python3.9/site-packages/airflow/example_dags/plugins/workday.py
[2023-04-07T18:44:45.862+0200] {processor.py:743} INFO - Processing file /Users/oanottage/opt/anaconda3/envs/energyvenv/lib/python3.9/site-packages/airflow/example_dags/plugins/workday.py for tasks to queue
[2023-04-07T18:44:45.863+0200] {logging_mixin.py:137} INFO - [2023-04-07T18:44:45.862+0200] {dagbag.py:532} INFO - Filling up the DagBag from /Users/oanottage/opt/anaconda3/envs/energyvenv/lib/python3.9/site-packages/airflow/example_dags/plugins/workday.py
[2023-04-07T18:44:46.238+0200] {processor.py:755} WARNING - No viable dags retrieved from /Users/oanottage/opt/anaconda3/envs/energyvenv/lib/python3.9/site-packages/airflow/example_dags/plugins/workday.py
[2023-04-07T18:44:47.041+0200] {processor.py:175} INFO - Processing /Users/oanottage/opt/anaconda3/envs/energyvenv/lib/python3.9/site-packages/airflow/example_dags/plugins/workday.py took 1.183 seconds
