[2023-03-01T12:22:53.361+0100] {taskinstance.py:1083} INFO - Dependencies all met for <TaskInstance: example_bash_operator.this_will_skip scheduled__2023-02-28T00:00:00+00:00 [queued]>
[2023-03-01T12:22:53.370+0100] {taskinstance.py:1083} INFO - Dependencies all met for <TaskInstance: example_bash_operator.this_will_skip scheduled__2023-02-28T00:00:00+00:00 [queued]>
[2023-03-01T12:22:53.371+0100] {taskinstance.py:1279} INFO - 
--------------------------------------------------------------------------------
[2023-03-01T12:22:53.371+0100] {taskinstance.py:1280} INFO - Starting attempt 1 of 1
[2023-03-01T12:22:53.371+0100] {taskinstance.py:1281} INFO - 
--------------------------------------------------------------------------------
[2023-03-01T12:22:53.379+0100] {taskinstance.py:1300} INFO - Executing <Task(BashOperator): this_will_skip> on 2023-02-28 00:00:00+00:00
[2023-03-01T12:22:53.382+0100] {standard_task_runner.py:55} INFO - Started process 97344 to run task
[2023-03-01T12:22:53.387+0100] {standard_task_runner.py:82} INFO - Running: ['airflow', 'tasks', 'run', 'example_bash_operator', 'this_will_skip', 'scheduled__2023-02-28T00:00:00+00:00', '--job-id', '7', '--raw', '--subdir', '/Users/oanottage/opt/anaconda3/lib/python3.8/site-packages/airflow/example_dags/example_bash_operator.py', '--cfg-path', '/var/folders/gy/mhj_p09j1m14zw460p7wfy6nztk25_/T/tmpfuy5jdcq']
[2023-03-01T12:22:53.388+0100] {standard_task_runner.py:83} INFO - Job 7: Subtask this_will_skip
[2023-03-01T12:22:53.433+0100] {task_command.py:388} INFO - Running <TaskInstance: example_bash_operator.this_will_skip scheduled__2023-02-28T00:00:00+00:00 [running]> on host administrators-macbook-pro-3.local
[2023-03-01T12:22:53.473+0100] {taskinstance.py:1507} INFO - Exporting the following env vars:
AIRFLOW_CTX_DAG_OWNER=airflow
AIRFLOW_CTX_DAG_ID=example_bash_operator
AIRFLOW_CTX_TASK_ID=this_will_skip
AIRFLOW_CTX_EXECUTION_DATE=2023-02-28T00:00:00+00:00
AIRFLOW_CTX_TRY_NUMBER=1
AIRFLOW_CTX_DAG_RUN_ID=scheduled__2023-02-28T00:00:00+00:00
[2023-03-01T12:22:53.475+0100] {subprocess.py:63} INFO - Tmp dir root location: 
 /var/folders/gy/mhj_p09j1m14zw460p7wfy6nztk25_/T
[2023-03-01T12:22:53.476+0100] {subprocess.py:75} INFO - Running command: ['/bin/bash', '-c', 'echo "hello world"; exit 99;']
[2023-03-01T12:22:53.483+0100] {subprocess.py:86} INFO - Output:
[2023-03-01T12:22:53.485+0100] {subprocess.py:93} INFO - hello world
[2023-03-01T12:22:53.485+0100] {subprocess.py:97} INFO - Command exited with return code 99
[2023-03-01T12:22:53.486+0100] {taskinstance.py:1398} INFO - Bash command returned exit code 99. Skipping.
[2023-03-01T12:22:53.493+0100] {taskinstance.py:1318} INFO - Marking task as SKIPPED. dag_id=example_bash_operator, task_id=this_will_skip, execution_date=20230228T000000, start_date=20230301T112253, end_date=20230301T112253
[2023-03-01T12:22:53.530+0100] {local_task_job.py:208} INFO - Task exited with return code 0
[2023-03-01T12:22:53.546+0100] {taskinstance.py:2578} INFO - 0 downstream tasks scheduled from follow-on schedule check
