[2023-03-01T12:02:20.941+0100] {processor.py:153} INFO - Started process (PID=54134) to work on /Users/oanottage/opt/anaconda3/lib/python3.8/site-packages/airflow/example_dags/subdags/subdag.py
[2023-03-01T12:02:20.947+0100] {processor.py:743} INFO - Processing file /Users/oanottage/opt/anaconda3/lib/python3.8/site-packages/airflow/example_dags/subdags/subdag.py for tasks to queue
[2023-03-01T12:02:20.948+0100] {logging_mixin.py:137} INFO - [2023-03-01T12:02:20.947+0100] {dagbag.py:538} INFO - Filling up the DagBag from /Users/oanottage/opt/anaconda3/lib/python3.8/site-packages/airflow/example_dags/subdags/subdag.py
[2023-03-01T12:02:20.967+0100] {processor.py:755} WARNING - No viable dags retrieved from /Users/oanottage/opt/anaconda3/lib/python3.8/site-packages/airflow/example_dags/subdags/subdag.py
[2023-03-01T12:02:21.898+0100] {processor.py:175} INFO - Processing /Users/oanottage/opt/anaconda3/lib/python3.8/site-packages/airflow/example_dags/subdags/subdag.py took 0.957 seconds
[2023-03-01T12:04:24.847+0100] {processor.py:153} INFO - Started process (PID=58336) to work on /Users/oanottage/opt/anaconda3/lib/python3.8/site-packages/airflow/example_dags/subdags/subdag.py
[2023-03-01T12:04:24.852+0100] {processor.py:743} INFO - Processing file /Users/oanottage/opt/anaconda3/lib/python3.8/site-packages/airflow/example_dags/subdags/subdag.py for tasks to queue
[2023-03-01T12:04:24.852+0100] {logging_mixin.py:137} INFO - [2023-03-01T12:04:24.852+0100] {dagbag.py:538} INFO - Filling up the DagBag from /Users/oanottage/opt/anaconda3/lib/python3.8/site-packages/airflow/example_dags/subdags/subdag.py
[2023-03-01T12:04:24.869+0100] {processor.py:755} WARNING - No viable dags retrieved from /Users/oanottage/opt/anaconda3/lib/python3.8/site-packages/airflow/example_dags/subdags/subdag.py
[2023-03-01T12:04:25.784+0100] {processor.py:175} INFO - Processing /Users/oanottage/opt/anaconda3/lib/python3.8/site-packages/airflow/example_dags/subdags/subdag.py took 0.938 seconds
[2023-03-01T12:06:21.312+0100] {processor.py:153} INFO - Started process (PID=62520) to work on /Users/oanottage/opt/anaconda3/lib/python3.8/site-packages/airflow/example_dags/subdags/subdag.py
[2023-03-01T12:06:21.315+0100] {processor.py:743} INFO - Processing file /Users/oanottage/opt/anaconda3/lib/python3.8/site-packages/airflow/example_dags/subdags/subdag.py for tasks to queue
[2023-03-01T12:06:21.315+0100] {logging_mixin.py:137} INFO - [2023-03-01T12:06:21.315+0100] {dagbag.py:538} INFO - Filling up the DagBag from /Users/oanottage/opt/anaconda3/lib/python3.8/site-packages/airflow/example_dags/subdags/subdag.py
[2023-03-01T12:06:21.329+0100] {processor.py:755} WARNING - No viable dags retrieved from /Users/oanottage/opt/anaconda3/lib/python3.8/site-packages/airflow/example_dags/subdags/subdag.py
[2023-03-01T12:06:22.510+0100] {processor.py:175} INFO - Processing /Users/oanottage/opt/anaconda3/lib/python3.8/site-packages/airflow/example_dags/subdags/subdag.py took 1.199 seconds
[2023-03-01T12:08:11.572+0100] {processor.py:153} INFO - Started process (PID=66705) to work on /Users/oanottage/opt/anaconda3/lib/python3.8/site-packages/airflow/example_dags/subdags/subdag.py
[2023-03-01T12:08:11.576+0100] {processor.py:743} INFO - Processing file /Users/oanottage/opt/anaconda3/lib/python3.8/site-packages/airflow/example_dags/subdags/subdag.py for tasks to queue
[2023-03-01T12:08:11.576+0100] {logging_mixin.py:137} INFO - [2023-03-01T12:08:11.576+0100] {dagbag.py:538} INFO - Filling up the DagBag from /Users/oanottage/opt/anaconda3/lib/python3.8/site-packages/airflow/example_dags/subdags/subdag.py
[2023-03-01T12:08:11.591+0100] {processor.py:755} WARNING - No viable dags retrieved from /Users/oanottage/opt/anaconda3/lib/python3.8/site-packages/airflow/example_dags/subdags/subdag.py
[2023-03-01T12:08:12.447+0100] {processor.py:175} INFO - Processing /Users/oanottage/opt/anaconda3/lib/python3.8/site-packages/airflow/example_dags/subdags/subdag.py took 0.876 seconds
[2023-03-01T12:10:08.113+0100] {processor.py:153} INFO - Started process (PID=70900) to work on /Users/oanottage/opt/anaconda3/lib/python3.8/site-packages/airflow/example_dags/subdags/subdag.py
[2023-03-01T12:10:08.117+0100] {processor.py:743} INFO - Processing file /Users/oanottage/opt/anaconda3/lib/python3.8/site-packages/airflow/example_dags/subdags/subdag.py for tasks to queue
[2023-03-01T12:10:08.118+0100] {logging_mixin.py:137} INFO - [2023-03-01T12:10:08.117+0100] {dagbag.py:538} INFO - Filling up the DagBag from /Users/oanottage/opt/anaconda3/lib/python3.8/site-packages/airflow/example_dags/subdags/subdag.py
[2023-03-01T12:10:08.133+0100] {processor.py:755} WARNING - No viable dags retrieved from /Users/oanottage/opt/anaconda3/lib/python3.8/site-packages/airflow/example_dags/subdags/subdag.py
[2023-03-01T12:10:09.006+0100] {processor.py:175} INFO - Processing /Users/oanottage/opt/anaconda3/lib/python3.8/site-packages/airflow/example_dags/subdags/subdag.py took 0.893 seconds
[2023-03-01T12:12:15.221+0100] {processor.py:153} INFO - Started process (PID=75184) to work on /Users/oanottage/opt/anaconda3/lib/python3.8/site-packages/airflow/example_dags/subdags/subdag.py
[2023-03-01T12:12:15.225+0100] {processor.py:743} INFO - Processing file /Users/oanottage/opt/anaconda3/lib/python3.8/site-packages/airflow/example_dags/subdags/subdag.py for tasks to queue
[2023-03-01T12:12:15.226+0100] {logging_mixin.py:137} INFO - [2023-03-01T12:12:15.226+0100] {dagbag.py:538} INFO - Filling up the DagBag from /Users/oanottage/opt/anaconda3/lib/python3.8/site-packages/airflow/example_dags/subdags/subdag.py
[2023-03-01T12:12:15.242+0100] {processor.py:755} WARNING - No viable dags retrieved from /Users/oanottage/opt/anaconda3/lib/python3.8/site-packages/airflow/example_dags/subdags/subdag.py
[2023-03-01T12:12:16.351+0100] {processor.py:175} INFO - Processing /Users/oanottage/opt/anaconda3/lib/python3.8/site-packages/airflow/example_dags/subdags/subdag.py took 1.131 seconds
[2023-03-01T12:14:08.845+0100] {processor.py:153} INFO - Started process (PID=79412) to work on /Users/oanottage/opt/anaconda3/lib/python3.8/site-packages/airflow/example_dags/subdags/subdag.py
[2023-03-01T12:14:08.849+0100] {processor.py:743} INFO - Processing file /Users/oanottage/opt/anaconda3/lib/python3.8/site-packages/airflow/example_dags/subdags/subdag.py for tasks to queue
[2023-03-01T12:14:08.849+0100] {logging_mixin.py:137} INFO - [2023-03-01T12:14:08.849+0100] {dagbag.py:538} INFO - Filling up the DagBag from /Users/oanottage/opt/anaconda3/lib/python3.8/site-packages/airflow/example_dags/subdags/subdag.py
[2023-03-01T12:14:08.866+0100] {processor.py:755} WARNING - No viable dags retrieved from /Users/oanottage/opt/anaconda3/lib/python3.8/site-packages/airflow/example_dags/subdags/subdag.py
[2023-03-01T12:14:09.716+0100] {processor.py:175} INFO - Processing /Users/oanottage/opt/anaconda3/lib/python3.8/site-packages/airflow/example_dags/subdags/subdag.py took 0.872 seconds
[2023-03-01T12:16:04.241+0100] {processor.py:153} INFO - Started process (PID=83572) to work on /Users/oanottage/opt/anaconda3/lib/python3.8/site-packages/airflow/example_dags/subdags/subdag.py
[2023-03-01T12:16:04.247+0100] {processor.py:743} INFO - Processing file /Users/oanottage/opt/anaconda3/lib/python3.8/site-packages/airflow/example_dags/subdags/subdag.py for tasks to queue
[2023-03-01T12:16:04.247+0100] {logging_mixin.py:137} INFO - [2023-03-01T12:16:04.247+0100] {dagbag.py:538} INFO - Filling up the DagBag from /Users/oanottage/opt/anaconda3/lib/python3.8/site-packages/airflow/example_dags/subdags/subdag.py
[2023-03-01T12:16:04.266+0100] {processor.py:755} WARNING - No viable dags retrieved from /Users/oanottage/opt/anaconda3/lib/python3.8/site-packages/airflow/example_dags/subdags/subdag.py
[2023-03-01T12:16:05.385+0100] {processor.py:175} INFO - Processing /Users/oanottage/opt/anaconda3/lib/python3.8/site-packages/airflow/example_dags/subdags/subdag.py took 1.145 seconds
[2023-03-01T12:18:06.719+0100] {processor.py:153} INFO - Started process (PID=87780) to work on /Users/oanottage/opt/anaconda3/lib/python3.8/site-packages/airflow/example_dags/subdags/subdag.py
[2023-03-01T12:18:06.722+0100] {processor.py:743} INFO - Processing file /Users/oanottage/opt/anaconda3/lib/python3.8/site-packages/airflow/example_dags/subdags/subdag.py for tasks to queue
[2023-03-01T12:18:06.723+0100] {logging_mixin.py:137} INFO - [2023-03-01T12:18:06.723+0100] {dagbag.py:538} INFO - Filling up the DagBag from /Users/oanottage/opt/anaconda3/lib/python3.8/site-packages/airflow/example_dags/subdags/subdag.py
[2023-03-01T12:18:06.740+0100] {processor.py:755} WARNING - No viable dags retrieved from /Users/oanottage/opt/anaconda3/lib/python3.8/site-packages/airflow/example_dags/subdags/subdag.py
[2023-03-01T12:18:07.652+0100] {processor.py:175} INFO - Processing /Users/oanottage/opt/anaconda3/lib/python3.8/site-packages/airflow/example_dags/subdags/subdag.py took 0.933 seconds
[2023-03-01T12:19:58.642+0100] {processor.py:153} INFO - Started process (PID=91268) to work on /Users/oanottage/opt/anaconda3/lib/python3.8/site-packages/airflow/example_dags/subdags/subdag.py
[2023-03-01T12:19:58.646+0100] {processor.py:743} INFO - Processing file /Users/oanottage/opt/anaconda3/lib/python3.8/site-packages/airflow/example_dags/subdags/subdag.py for tasks to queue
[2023-03-01T12:19:58.647+0100] {logging_mixin.py:137} INFO - [2023-03-01T12:19:58.647+0100] {dagbag.py:538} INFO - Filling up the DagBag from /Users/oanottage/opt/anaconda3/lib/python3.8/site-packages/airflow/example_dags/subdags/subdag.py
[2023-03-01T12:19:58.666+0100] {processor.py:755} WARNING - No viable dags retrieved from /Users/oanottage/opt/anaconda3/lib/python3.8/site-packages/airflow/example_dags/subdags/subdag.py
[2023-03-01T12:19:59.620+0100] {processor.py:175} INFO - Processing /Users/oanottage/opt/anaconda3/lib/python3.8/site-packages/airflow/example_dags/subdags/subdag.py took 0.978 seconds
[2023-03-01T12:22:06.332+0100] {processor.py:153} INFO - Started process (PID=96257) to work on /Users/oanottage/opt/anaconda3/lib/python3.8/site-packages/airflow/example_dags/subdags/subdag.py
[2023-03-01T12:22:06.342+0100] {processor.py:743} INFO - Processing file /Users/oanottage/opt/anaconda3/lib/python3.8/site-packages/airflow/example_dags/subdags/subdag.py for tasks to queue
[2023-03-01T12:22:06.343+0100] {logging_mixin.py:137} INFO - [2023-03-01T12:22:06.343+0100] {dagbag.py:538} INFO - Filling up the DagBag from /Users/oanottage/opt/anaconda3/lib/python3.8/site-packages/airflow/example_dags/subdags/subdag.py
[2023-03-01T12:22:06.376+0100] {processor.py:755} WARNING - No viable dags retrieved from /Users/oanottage/opt/anaconda3/lib/python3.8/site-packages/airflow/example_dags/subdags/subdag.py
[2023-03-01T12:22:07.781+0100] {processor.py:175} INFO - Processing /Users/oanottage/opt/anaconda3/lib/python3.8/site-packages/airflow/example_dags/subdags/subdag.py took 1.451 seconds
[2023-03-01T12:24:35.728+0100] {processor.py:153} INFO - Started process (PID=1943) to work on /Users/oanottage/opt/anaconda3/lib/python3.8/site-packages/airflow/example_dags/subdags/subdag.py
[2023-03-01T12:24:35.731+0100] {processor.py:743} INFO - Processing file /Users/oanottage/opt/anaconda3/lib/python3.8/site-packages/airflow/example_dags/subdags/subdag.py for tasks to queue
[2023-03-01T12:24:35.732+0100] {logging_mixin.py:137} INFO - [2023-03-01T12:24:35.731+0100] {dagbag.py:538} INFO - Filling up the DagBag from /Users/oanottage/opt/anaconda3/lib/python3.8/site-packages/airflow/example_dags/subdags/subdag.py
[2023-03-01T12:24:35.747+0100] {processor.py:755} WARNING - No viable dags retrieved from /Users/oanottage/opt/anaconda3/lib/python3.8/site-packages/airflow/example_dags/subdags/subdag.py
[2023-03-01T12:24:36.641+0100] {processor.py:175} INFO - Processing /Users/oanottage/opt/anaconda3/lib/python3.8/site-packages/airflow/example_dags/subdags/subdag.py took 0.913 seconds
[2023-03-01T12:26:37.572+0100] {processor.py:153} INFO - Started process (PID=6187) to work on /Users/oanottage/opt/anaconda3/lib/python3.8/site-packages/airflow/example_dags/subdags/subdag.py
[2023-03-01T12:26:37.576+0100] {processor.py:743} INFO - Processing file /Users/oanottage/opt/anaconda3/lib/python3.8/site-packages/airflow/example_dags/subdags/subdag.py for tasks to queue
[2023-03-01T12:26:37.576+0100] {logging_mixin.py:137} INFO - [2023-03-01T12:26:37.576+0100] {dagbag.py:538} INFO - Filling up the DagBag from /Users/oanottage/opt/anaconda3/lib/python3.8/site-packages/airflow/example_dags/subdags/subdag.py
[2023-03-01T12:26:37.592+0100] {processor.py:755} WARNING - No viable dags retrieved from /Users/oanottage/opt/anaconda3/lib/python3.8/site-packages/airflow/example_dags/subdags/subdag.py
[2023-03-01T12:26:38.598+0100] {processor.py:175} INFO - Processing /Users/oanottage/opt/anaconda3/lib/python3.8/site-packages/airflow/example_dags/subdags/subdag.py took 1.026 seconds
[2023-03-01T12:28:32.066+0100] {processor.py:153} INFO - Started process (PID=10401) to work on /Users/oanottage/opt/anaconda3/lib/python3.8/site-packages/airflow/example_dags/subdags/subdag.py
[2023-03-01T12:28:32.070+0100] {processor.py:743} INFO - Processing file /Users/oanottage/opt/anaconda3/lib/python3.8/site-packages/airflow/example_dags/subdags/subdag.py for tasks to queue
[2023-03-01T12:28:32.070+0100] {logging_mixin.py:137} INFO - [2023-03-01T12:28:32.070+0100] {dagbag.py:538} INFO - Filling up the DagBag from /Users/oanottage/opt/anaconda3/lib/python3.8/site-packages/airflow/example_dags/subdags/subdag.py
[2023-03-01T12:28:32.085+0100] {processor.py:755} WARNING - No viable dags retrieved from /Users/oanottage/opt/anaconda3/lib/python3.8/site-packages/airflow/example_dags/subdags/subdag.py
[2023-03-01T12:28:32.852+0100] {processor.py:175} INFO - Processing /Users/oanottage/opt/anaconda3/lib/python3.8/site-packages/airflow/example_dags/subdags/subdag.py took 0.786 seconds
[2023-03-01T12:30:22.297+0100] {processor.py:153} INFO - Started process (PID=13600) to work on /Users/oanottage/opt/anaconda3/lib/python3.8/site-packages/airflow/example_dags/subdags/subdag.py
[2023-03-01T12:30:22.300+0100] {processor.py:743} INFO - Processing file /Users/oanottage/opt/anaconda3/lib/python3.8/site-packages/airflow/example_dags/subdags/subdag.py for tasks to queue
[2023-03-01T12:30:22.301+0100] {logging_mixin.py:137} INFO - [2023-03-01T12:30:22.301+0100] {dagbag.py:538} INFO - Filling up the DagBag from /Users/oanottage/opt/anaconda3/lib/python3.8/site-packages/airflow/example_dags/subdags/subdag.py
[2023-03-01T12:30:22.315+0100] {processor.py:755} WARNING - No viable dags retrieved from /Users/oanottage/opt/anaconda3/lib/python3.8/site-packages/airflow/example_dags/subdags/subdag.py
[2023-03-01T12:30:23.187+0100] {processor.py:175} INFO - Processing /Users/oanottage/opt/anaconda3/lib/python3.8/site-packages/airflow/example_dags/subdags/subdag.py took 0.891 seconds
[2023-03-01T12:32:10.371+0100] {processor.py:153} INFO - Started process (PID=17874) to work on /Users/oanottage/opt/anaconda3/lib/python3.8/site-packages/airflow/example_dags/subdags/subdag.py
[2023-03-01T12:32:10.375+0100] {processor.py:743} INFO - Processing file /Users/oanottage/opt/anaconda3/lib/python3.8/site-packages/airflow/example_dags/subdags/subdag.py for tasks to queue
[2023-03-01T12:32:10.375+0100] {logging_mixin.py:137} INFO - [2023-03-01T12:32:10.375+0100] {dagbag.py:538} INFO - Filling up the DagBag from /Users/oanottage/opt/anaconda3/lib/python3.8/site-packages/airflow/example_dags/subdags/subdag.py
[2023-03-01T12:32:10.393+0100] {processor.py:755} WARNING - No viable dags retrieved from /Users/oanottage/opt/anaconda3/lib/python3.8/site-packages/airflow/example_dags/subdags/subdag.py
[2023-03-01T12:32:11.285+0100] {processor.py:175} INFO - Processing /Users/oanottage/opt/anaconda3/lib/python3.8/site-packages/airflow/example_dags/subdags/subdag.py took 0.914 seconds
[2023-03-01T12:33:59.379+0100] {processor.py:153} INFO - Started process (PID=21605) to work on /Users/oanottage/opt/anaconda3/lib/python3.8/site-packages/airflow/example_dags/subdags/subdag.py
[2023-03-01T12:33:59.396+0100] {processor.py:743} INFO - Processing file /Users/oanottage/opt/anaconda3/lib/python3.8/site-packages/airflow/example_dags/subdags/subdag.py for tasks to queue
[2023-03-01T12:33:59.397+0100] {logging_mixin.py:137} INFO - [2023-03-01T12:33:59.396+0100] {dagbag.py:538} INFO - Filling up the DagBag from /Users/oanottage/opt/anaconda3/lib/python3.8/site-packages/airflow/example_dags/subdags/subdag.py
[2023-03-01T12:33:59.413+0100] {processor.py:755} WARNING - No viable dags retrieved from /Users/oanottage/opt/anaconda3/lib/python3.8/site-packages/airflow/example_dags/subdags/subdag.py
[2023-03-01T12:34:00.341+0100] {processor.py:175} INFO - Processing /Users/oanottage/opt/anaconda3/lib/python3.8/site-packages/airflow/example_dags/subdags/subdag.py took 0.963 seconds
[2023-03-01T12:35:51.204+0100] {processor.py:153} INFO - Started process (PID=25288) to work on /Users/oanottage/opt/anaconda3/lib/python3.8/site-packages/airflow/example_dags/subdags/subdag.py
[2023-03-01T12:35:51.208+0100] {processor.py:743} INFO - Processing file /Users/oanottage/opt/anaconda3/lib/python3.8/site-packages/airflow/example_dags/subdags/subdag.py for tasks to queue
[2023-03-01T12:35:51.208+0100] {logging_mixin.py:137} INFO - [2023-03-01T12:35:51.208+0100] {dagbag.py:538} INFO - Filling up the DagBag from /Users/oanottage/opt/anaconda3/lib/python3.8/site-packages/airflow/example_dags/subdags/subdag.py
[2023-03-01T12:35:51.223+0100] {processor.py:755} WARNING - No viable dags retrieved from /Users/oanottage/opt/anaconda3/lib/python3.8/site-packages/airflow/example_dags/subdags/subdag.py
[2023-03-01T12:35:52.155+0100] {processor.py:175} INFO - Processing /Users/oanottage/opt/anaconda3/lib/python3.8/site-packages/airflow/example_dags/subdags/subdag.py took 0.951 seconds
[2023-03-01T12:37:46.274+0100] {processor.py:153} INFO - Started process (PID=29530) to work on /Users/oanottage/opt/anaconda3/lib/python3.8/site-packages/airflow/example_dags/subdags/subdag.py
[2023-03-01T12:37:46.278+0100] {processor.py:743} INFO - Processing file /Users/oanottage/opt/anaconda3/lib/python3.8/site-packages/airflow/example_dags/subdags/subdag.py for tasks to queue
[2023-03-01T12:37:46.278+0100] {logging_mixin.py:137} INFO - [2023-03-01T12:37:46.278+0100] {dagbag.py:538} INFO - Filling up the DagBag from /Users/oanottage/opt/anaconda3/lib/python3.8/site-packages/airflow/example_dags/subdags/subdag.py
[2023-03-01T12:37:46.297+0100] {processor.py:755} WARNING - No viable dags retrieved from /Users/oanottage/opt/anaconda3/lib/python3.8/site-packages/airflow/example_dags/subdags/subdag.py
[2023-03-01T12:37:47.190+0100] {processor.py:175} INFO - Processing /Users/oanottage/opt/anaconda3/lib/python3.8/site-packages/airflow/example_dags/subdags/subdag.py took 0.916 seconds
[2023-03-01T12:39:48.887+0100] {processor.py:153} INFO - Started process (PID=33767) to work on /Users/oanottage/opt/anaconda3/lib/python3.8/site-packages/airflow/example_dags/subdags/subdag.py
[2023-03-01T12:39:48.893+0100] {processor.py:743} INFO - Processing file /Users/oanottage/opt/anaconda3/lib/python3.8/site-packages/airflow/example_dags/subdags/subdag.py for tasks to queue
[2023-03-01T12:39:48.894+0100] {logging_mixin.py:137} INFO - [2023-03-01T12:39:48.893+0100] {dagbag.py:538} INFO - Filling up the DagBag from /Users/oanottage/opt/anaconda3/lib/python3.8/site-packages/airflow/example_dags/subdags/subdag.py
[2023-03-01T12:39:48.912+0100] {processor.py:755} WARNING - No viable dags retrieved from /Users/oanottage/opt/anaconda3/lib/python3.8/site-packages/airflow/example_dags/subdags/subdag.py
[2023-03-01T12:39:50.361+0100] {processor.py:175} INFO - Processing /Users/oanottage/opt/anaconda3/lib/python3.8/site-packages/airflow/example_dags/subdags/subdag.py took 1.474 seconds
[2023-03-01T12:41:56.690+0100] {processor.py:153} INFO - Started process (PID=38031) to work on /Users/oanottage/opt/anaconda3/lib/python3.8/site-packages/airflow/example_dags/subdags/subdag.py
[2023-03-01T12:41:56.694+0100] {processor.py:743} INFO - Processing file /Users/oanottage/opt/anaconda3/lib/python3.8/site-packages/airflow/example_dags/subdags/subdag.py for tasks to queue
[2023-03-01T12:41:56.695+0100] {logging_mixin.py:137} INFO - [2023-03-01T12:41:56.695+0100] {dagbag.py:538} INFO - Filling up the DagBag from /Users/oanottage/opt/anaconda3/lib/python3.8/site-packages/airflow/example_dags/subdags/subdag.py
[2023-03-01T12:41:56.711+0100] {processor.py:755} WARNING - No viable dags retrieved from /Users/oanottage/opt/anaconda3/lib/python3.8/site-packages/airflow/example_dags/subdags/subdag.py
[2023-03-01T12:41:57.688+0100] {processor.py:175} INFO - Processing /Users/oanottage/opt/anaconda3/lib/python3.8/site-packages/airflow/example_dags/subdags/subdag.py took 0.998 seconds
[2023-03-01T12:44:08.621+0100] {processor.py:153} INFO - Started process (PID=43327) to work on /Users/oanottage/opt/anaconda3/lib/python3.8/site-packages/airflow/example_dags/subdags/subdag.py
[2023-03-01T12:44:08.626+0100] {processor.py:743} INFO - Processing file /Users/oanottage/opt/anaconda3/lib/python3.8/site-packages/airflow/example_dags/subdags/subdag.py for tasks to queue
[2023-03-01T12:44:08.627+0100] {logging_mixin.py:137} INFO - [2023-03-01T12:44:08.627+0100] {dagbag.py:538} INFO - Filling up the DagBag from /Users/oanottage/opt/anaconda3/lib/python3.8/site-packages/airflow/example_dags/subdags/subdag.py
[2023-03-01T12:44:08.645+0100] {processor.py:755} WARNING - No viable dags retrieved from /Users/oanottage/opt/anaconda3/lib/python3.8/site-packages/airflow/example_dags/subdags/subdag.py
[2023-03-01T12:44:09.881+0100] {processor.py:175} INFO - Processing /Users/oanottage/opt/anaconda3/lib/python3.8/site-packages/airflow/example_dags/subdags/subdag.py took 1.260 seconds
[2023-03-01T12:46:16.499+0100] {processor.py:153} INFO - Started process (PID=47594) to work on /Users/oanottage/opt/anaconda3/lib/python3.8/site-packages/airflow/example_dags/subdags/subdag.py
[2023-03-01T12:46:16.503+0100] {processor.py:743} INFO - Processing file /Users/oanottage/opt/anaconda3/lib/python3.8/site-packages/airflow/example_dags/subdags/subdag.py for tasks to queue
[2023-03-01T12:46:16.504+0100] {logging_mixin.py:137} INFO - [2023-03-01T12:46:16.504+0100] {dagbag.py:538} INFO - Filling up the DagBag from /Users/oanottage/opt/anaconda3/lib/python3.8/site-packages/airflow/example_dags/subdags/subdag.py
[2023-03-01T12:46:16.522+0100] {processor.py:755} WARNING - No viable dags retrieved from /Users/oanottage/opt/anaconda3/lib/python3.8/site-packages/airflow/example_dags/subdags/subdag.py
[2023-03-01T12:46:17.655+0100] {processor.py:175} INFO - Processing /Users/oanottage/opt/anaconda3/lib/python3.8/site-packages/airflow/example_dags/subdags/subdag.py took 1.156 seconds
[2023-03-01T12:48:18.865+0100] {processor.py:153} INFO - Started process (PID=51916) to work on /Users/oanottage/opt/anaconda3/lib/python3.8/site-packages/airflow/example_dags/subdags/subdag.py
[2023-03-01T12:48:18.870+0100] {processor.py:743} INFO - Processing file /Users/oanottage/opt/anaconda3/lib/python3.8/site-packages/airflow/example_dags/subdags/subdag.py for tasks to queue
[2023-03-01T12:48:18.871+0100] {logging_mixin.py:137} INFO - [2023-03-01T12:48:18.870+0100] {dagbag.py:538} INFO - Filling up the DagBag from /Users/oanottage/opt/anaconda3/lib/python3.8/site-packages/airflow/example_dags/subdags/subdag.py
[2023-03-01T12:48:18.890+0100] {processor.py:755} WARNING - No viable dags retrieved from /Users/oanottage/opt/anaconda3/lib/python3.8/site-packages/airflow/example_dags/subdags/subdag.py
[2023-03-01T12:48:19.937+0100] {processor.py:175} INFO - Processing /Users/oanottage/opt/anaconda3/lib/python3.8/site-packages/airflow/example_dags/subdags/subdag.py took 1.073 seconds
[2023-03-01T12:50:25.038+0100] {processor.py:153} INFO - Started process (PID=56230) to work on /Users/oanottage/opt/anaconda3/lib/python3.8/site-packages/airflow/example_dags/subdags/subdag.py
[2023-03-01T12:50:25.042+0100] {processor.py:743} INFO - Processing file /Users/oanottage/opt/anaconda3/lib/python3.8/site-packages/airflow/example_dags/subdags/subdag.py for tasks to queue
[2023-03-01T12:50:25.043+0100] {logging_mixin.py:137} INFO - [2023-03-01T12:50:25.042+0100] {dagbag.py:538} INFO - Filling up the DagBag from /Users/oanottage/opt/anaconda3/lib/python3.8/site-packages/airflow/example_dags/subdags/subdag.py
[2023-03-01T12:50:25.060+0100] {processor.py:755} WARNING - No viable dags retrieved from /Users/oanottage/opt/anaconda3/lib/python3.8/site-packages/airflow/example_dags/subdags/subdag.py
[2023-03-01T12:50:25.919+0100] {processor.py:175} INFO - Processing /Users/oanottage/opt/anaconda3/lib/python3.8/site-packages/airflow/example_dags/subdags/subdag.py took 0.882 seconds
[2023-03-01T12:52:21.455+0100] {processor.py:153} INFO - Started process (PID=60480) to work on /Users/oanottage/opt/anaconda3/lib/python3.8/site-packages/airflow/example_dags/subdags/subdag.py
[2023-03-01T12:52:21.459+0100] {processor.py:743} INFO - Processing file /Users/oanottage/opt/anaconda3/lib/python3.8/site-packages/airflow/example_dags/subdags/subdag.py for tasks to queue
[2023-03-01T12:52:21.460+0100] {logging_mixin.py:137} INFO - [2023-03-01T12:52:21.459+0100] {dagbag.py:538} INFO - Filling up the DagBag from /Users/oanottage/opt/anaconda3/lib/python3.8/site-packages/airflow/example_dags/subdags/subdag.py
[2023-03-01T12:52:21.478+0100] {processor.py:755} WARNING - No viable dags retrieved from /Users/oanottage/opt/anaconda3/lib/python3.8/site-packages/airflow/example_dags/subdags/subdag.py
[2023-03-01T12:52:22.532+0100] {processor.py:175} INFO - Processing /Users/oanottage/opt/anaconda3/lib/python3.8/site-packages/airflow/example_dags/subdags/subdag.py took 1.077 seconds
[2023-03-01T12:54:26.468+0100] {processor.py:153} INFO - Started process (PID=64787) to work on /Users/oanottage/opt/anaconda3/lib/python3.8/site-packages/airflow/example_dags/subdags/subdag.py
[2023-03-01T12:54:26.471+0100] {processor.py:743} INFO - Processing file /Users/oanottage/opt/anaconda3/lib/python3.8/site-packages/airflow/example_dags/subdags/subdag.py for tasks to queue
[2023-03-01T12:54:26.472+0100] {logging_mixin.py:137} INFO - [2023-03-01T12:54:26.472+0100] {dagbag.py:538} INFO - Filling up the DagBag from /Users/oanottage/opt/anaconda3/lib/python3.8/site-packages/airflow/example_dags/subdags/subdag.py
[2023-03-01T12:54:26.488+0100] {processor.py:755} WARNING - No viable dags retrieved from /Users/oanottage/opt/anaconda3/lib/python3.8/site-packages/airflow/example_dags/subdags/subdag.py
[2023-03-01T12:54:27.465+0100] {processor.py:175} INFO - Processing /Users/oanottage/opt/anaconda3/lib/python3.8/site-packages/airflow/example_dags/subdags/subdag.py took 0.998 seconds
[2023-03-01T12:56:20.430+0100] {processor.py:153} INFO - Started process (PID=69038) to work on /Users/oanottage/opt/anaconda3/lib/python3.8/site-packages/airflow/example_dags/subdags/subdag.py
[2023-03-01T12:56:20.434+0100] {processor.py:743} INFO - Processing file /Users/oanottage/opt/anaconda3/lib/python3.8/site-packages/airflow/example_dags/subdags/subdag.py for tasks to queue
[2023-03-01T12:56:20.434+0100] {logging_mixin.py:137} INFO - [2023-03-01T12:56:20.434+0100] {dagbag.py:538} INFO - Filling up the DagBag from /Users/oanottage/opt/anaconda3/lib/python3.8/site-packages/airflow/example_dags/subdags/subdag.py
[2023-03-01T12:56:20.452+0100] {processor.py:755} WARNING - No viable dags retrieved from /Users/oanottage/opt/anaconda3/lib/python3.8/site-packages/airflow/example_dags/subdags/subdag.py
[2023-03-01T12:56:21.430+0100] {processor.py:175} INFO - Processing /Users/oanottage/opt/anaconda3/lib/python3.8/site-packages/airflow/example_dags/subdags/subdag.py took 1.001 seconds
[2023-03-01T12:58:11.606+0100] {processor.py:153} INFO - Started process (PID=73322) to work on /Users/oanottage/opt/anaconda3/lib/python3.8/site-packages/airflow/example_dags/subdags/subdag.py
[2023-03-01T12:58:11.609+0100] {processor.py:743} INFO - Processing file /Users/oanottage/opt/anaconda3/lib/python3.8/site-packages/airflow/example_dags/subdags/subdag.py for tasks to queue
[2023-03-01T12:58:11.609+0100] {logging_mixin.py:137} INFO - [2023-03-01T12:58:11.609+0100] {dagbag.py:538} INFO - Filling up the DagBag from /Users/oanottage/opt/anaconda3/lib/python3.8/site-packages/airflow/example_dags/subdags/subdag.py
[2023-03-01T12:58:11.623+0100] {processor.py:755} WARNING - No viable dags retrieved from /Users/oanottage/opt/anaconda3/lib/python3.8/site-packages/airflow/example_dags/subdags/subdag.py
[2023-03-01T12:58:12.482+0100] {processor.py:175} INFO - Processing /Users/oanottage/opt/anaconda3/lib/python3.8/site-packages/airflow/example_dags/subdags/subdag.py took 0.877 seconds
[2023-03-01T13:00:11.540+0100] {processor.py:153} INFO - Started process (PID=77606) to work on /Users/oanottage/opt/anaconda3/lib/python3.8/site-packages/airflow/example_dags/subdags/subdag.py
[2023-03-01T13:00:11.544+0100] {processor.py:743} INFO - Processing file /Users/oanottage/opt/anaconda3/lib/python3.8/site-packages/airflow/example_dags/subdags/subdag.py for tasks to queue
[2023-03-01T13:00:11.544+0100] {logging_mixin.py:137} INFO - [2023-03-01T13:00:11.544+0100] {dagbag.py:538} INFO - Filling up the DagBag from /Users/oanottage/opt/anaconda3/lib/python3.8/site-packages/airflow/example_dags/subdags/subdag.py
[2023-03-01T13:00:11.560+0100] {processor.py:755} WARNING - No viable dags retrieved from /Users/oanottage/opt/anaconda3/lib/python3.8/site-packages/airflow/example_dags/subdags/subdag.py
[2023-03-01T13:00:12.577+0100] {processor.py:175} INFO - Processing /Users/oanottage/opt/anaconda3/lib/python3.8/site-packages/airflow/example_dags/subdags/subdag.py took 1.038 seconds
