[2023-03-01T12:22:47.169+0100] {taskinstance.py:1083} INFO - Dependencies all met for <TaskInstance: example_bash_operator.runme_2 scheduled__2023-02-28T00:00:00+00:00 [queued]>
[2023-03-01T12:22:47.177+0100] {taskinstance.py:1083} INFO - Dependencies all met for <TaskInstance: example_bash_operator.runme_2 scheduled__2023-02-28T00:00:00+00:00 [queued]>
[2023-03-01T12:22:47.177+0100] {taskinstance.py:1279} INFO - 
--------------------------------------------------------------------------------
[2023-03-01T12:22:47.177+0100] {taskinstance.py:1280} INFO - Starting attempt 1 of 1
[2023-03-01T12:22:47.177+0100] {taskinstance.py:1281} INFO - 
--------------------------------------------------------------------------------
[2023-03-01T12:22:47.185+0100] {taskinstance.py:1300} INFO - Executing <Task(BashOperator): runme_2> on 2023-02-28 00:00:00+00:00
[2023-03-01T12:22:47.188+0100] {standard_task_runner.py:55} INFO - Started process 97331 to run task
[2023-03-01T12:22:47.193+0100] {standard_task_runner.py:82} INFO - Running: ['airflow', 'tasks', 'run', 'example_bash_operator', 'runme_2', 'scheduled__2023-02-28T00:00:00+00:00', '--job-id', '5', '--raw', '--subdir', '/Users/oanottage/opt/anaconda3/lib/python3.8/site-packages/airflow/example_dags/example_bash_operator.py', '--cfg-path', '/var/folders/gy/mhj_p09j1m14zw460p7wfy6nztk25_/T/tmpynytmlel']
[2023-03-01T12:22:47.194+0100] {standard_task_runner.py:83} INFO - Job 5: Subtask runme_2
[2023-03-01T12:22:47.236+0100] {task_command.py:388} INFO - Running <TaskInstance: example_bash_operator.runme_2 scheduled__2023-02-28T00:00:00+00:00 [running]> on host administrators-macbook-pro-3.local
[2023-03-01T12:22:47.273+0100] {taskinstance.py:1507} INFO - Exporting the following env vars:
AIRFLOW_CTX_DAG_OWNER=airflow
AIRFLOW_CTX_DAG_ID=example_bash_operator
AIRFLOW_CTX_TASK_ID=runme_2
AIRFLOW_CTX_EXECUTION_DATE=2023-02-28T00:00:00+00:00
AIRFLOW_CTX_TRY_NUMBER=1
AIRFLOW_CTX_DAG_RUN_ID=scheduled__2023-02-28T00:00:00+00:00
[2023-03-01T12:22:47.275+0100] {subprocess.py:63} INFO - Tmp dir root location: 
 /var/folders/gy/mhj_p09j1m14zw460p7wfy6nztk25_/T
[2023-03-01T12:22:47.276+0100] {subprocess.py:75} INFO - Running command: ['/bin/bash', '-c', 'echo "example_bash_operator__runme_2__20230228" && sleep 1']
[2023-03-01T12:22:47.282+0100] {subprocess.py:86} INFO - Output:
[2023-03-01T12:22:47.284+0100] {subprocess.py:93} INFO - example_bash_operator__runme_2__20230228
[2023-03-01T12:22:48.287+0100] {subprocess.py:97} INFO - Command exited with return code 0
[2023-03-01T12:22:48.305+0100] {taskinstance.py:1318} INFO - Marking task as SUCCESS. dag_id=example_bash_operator, task_id=runme_2, execution_date=20230228T000000, start_date=20230301T112247, end_date=20230301T112248
[2023-03-01T12:22:48.324+0100] {local_task_job.py:208} INFO - Task exited with return code 0
[2023-03-01T12:22:48.346+0100] {taskinstance.py:2578} INFO - 1 downstream tasks scheduled from follow-on schedule check
