[2023-04-07T17:56:02.984+0200] {taskinstance.py:1090} INFO - Dependencies all met for dep_context=non-requeueable deps ti=<TaskInstance: example_bash_operator.this_will_skip scheduled__2023-04-06T00:00:00+00:00 [queued]>
[2023-04-07T17:56:02.993+0200] {taskinstance.py:1090} INFO - Dependencies all met for dep_context=requeueable deps ti=<TaskInstance: example_bash_operator.this_will_skip scheduled__2023-04-06T00:00:00+00:00 [queued]>
[2023-04-07T17:56:02.993+0200] {taskinstance.py:1288} INFO - 
--------------------------------------------------------------------------------
[2023-04-07T17:56:02.993+0200] {taskinstance.py:1289} INFO - Starting attempt 1 of 1
[2023-04-07T17:56:02.993+0200] {taskinstance.py:1290} INFO - 
--------------------------------------------------------------------------------
[2023-04-07T17:56:03.001+0200] {taskinstance.py:1309} INFO - Executing <Task(BashOperator): this_will_skip> on 2023-04-06 00:00:00+00:00
[2023-04-07T17:56:03.004+0200] {standard_task_runner.py:55} INFO - Started process 17973 to run task
[2023-04-07T17:56:03.009+0200] {standard_task_runner.py:82} INFO - Running: ['airflow', 'tasks', 'run', 'example_bash_operator', 'this_will_skip', 'scheduled__2023-04-06T00:00:00+00:00', '--job-id', '16', '--raw', '--subdir', '/Users/oanottage/opt/anaconda3/envs/energyvenv/lib/python3.9/site-packages/airflow/example_dags/example_bash_operator.py', '--cfg-path', '/var/folders/gy/mhj_p09j1m14zw460p7wfy6nztk25_/T/tmpd69xte5k']
[2023-04-07T17:56:03.011+0200] {standard_task_runner.py:83} INFO - Job 16: Subtask this_will_skip
[2023-04-07T17:56:03.056+0200] {task_command.py:389} INFO - Running <TaskInstance: example_bash_operator.this_will_skip scheduled__2023-04-06T00:00:00+00:00 [running]> on host pc-13-38.customer.ask4.lan
[2023-04-07T17:56:03.093+0200] {taskinstance.py:1516} INFO - Exporting the following env vars:
AIRFLOW_CTX_DAG_OWNER=airflow
AIRFLOW_CTX_DAG_ID=example_bash_operator
AIRFLOW_CTX_TASK_ID=this_will_skip
AIRFLOW_CTX_EXECUTION_DATE=2023-04-06T00:00:00+00:00
AIRFLOW_CTX_TRY_NUMBER=1
AIRFLOW_CTX_DAG_RUN_ID=scheduled__2023-04-06T00:00:00+00:00
[2023-04-07T17:56:03.095+0200] {subprocess.py:63} INFO - Tmp dir root location: 
 /var/folders/gy/mhj_p09j1m14zw460p7wfy6nztk25_/T
[2023-04-07T17:56:03.096+0200] {subprocess.py:75} INFO - Running command: ['/bin/bash', '-c', 'echo "hello world"; exit 99;']
[2023-04-07T17:56:03.102+0200] {subprocess.py:86} INFO - Output:
[2023-04-07T17:56:03.104+0200] {subprocess.py:93} INFO - hello world
[2023-04-07T17:56:03.105+0200] {subprocess.py:97} INFO - Command exited with return code 99
[2023-04-07T17:56:03.106+0200] {taskinstance.py:1407} INFO - Bash command returned exit code 99. Skipping.
[2023-04-07T17:56:03.112+0200] {taskinstance.py:1327} INFO - Marking task as SKIPPED. dag_id=example_bash_operator, task_id=this_will_skip, execution_date=20230406T000000, start_date=20230407T155602, end_date=20230407T155603
[2023-04-07T17:56:03.153+0200] {local_task_job.py:212} INFO - Task exited with return code 0
[2023-04-07T17:56:03.172+0200] {taskinstance.py:2596} INFO - 0 downstream tasks scheduled from follow-on schedule check
