[2023-04-07T17:56:00.309+0200] {taskinstance.py:1090} INFO - Dependencies all met for dep_context=non-requeueable deps ti=<TaskInstance: example_bash_operator.also_run_this scheduled__2023-04-06T00:00:00+00:00 [queued]>
[2023-04-07T17:56:00.318+0200] {taskinstance.py:1090} INFO - Dependencies all met for dep_context=requeueable deps ti=<TaskInstance: example_bash_operator.also_run_this scheduled__2023-04-06T00:00:00+00:00 [queued]>
[2023-04-07T17:56:00.318+0200] {taskinstance.py:1288} INFO - 
--------------------------------------------------------------------------------
[2023-04-07T17:56:00.318+0200] {taskinstance.py:1289} INFO - Starting attempt 1 of 1
[2023-04-07T17:56:00.318+0200] {taskinstance.py:1290} INFO - 
--------------------------------------------------------------------------------
[2023-04-07T17:56:00.326+0200] {taskinstance.py:1309} INFO - Executing <Task(BashOperator): also_run_this> on 2023-04-06 00:00:00+00:00
[2023-04-07T17:56:00.329+0200] {standard_task_runner.py:55} INFO - Started process 17969 to run task
[2023-04-07T17:56:00.334+0200] {standard_task_runner.py:82} INFO - Running: ['airflow', 'tasks', 'run', 'example_bash_operator', 'also_run_this', 'scheduled__2023-04-06T00:00:00+00:00', '--job-id', '15', '--raw', '--subdir', '/Users/oanottage/opt/anaconda3/envs/energyvenv/lib/python3.9/site-packages/airflow/example_dags/example_bash_operator.py', '--cfg-path', '/var/folders/gy/mhj_p09j1m14zw460p7wfy6nztk25_/T/tmphpei8xzc']
[2023-04-07T17:56:00.336+0200] {standard_task_runner.py:83} INFO - Job 15: Subtask also_run_this
[2023-04-07T17:56:00.379+0200] {task_command.py:389} INFO - Running <TaskInstance: example_bash_operator.also_run_this scheduled__2023-04-06T00:00:00+00:00 [running]> on host pc-13-38.customer.ask4.lan
[2023-04-07T17:56:00.417+0200] {taskinstance.py:1516} INFO - Exporting the following env vars:
AIRFLOW_CTX_DAG_OWNER=airflow
AIRFLOW_CTX_DAG_ID=example_bash_operator
AIRFLOW_CTX_TASK_ID=also_run_this
AIRFLOW_CTX_EXECUTION_DATE=2023-04-06T00:00:00+00:00
AIRFLOW_CTX_TRY_NUMBER=1
AIRFLOW_CTX_DAG_RUN_ID=scheduled__2023-04-06T00:00:00+00:00
[2023-04-07T17:56:00.419+0200] {subprocess.py:63} INFO - Tmp dir root location: 
 /var/folders/gy/mhj_p09j1m14zw460p7wfy6nztk25_/T
[2023-04-07T17:56:00.420+0200] {subprocess.py:75} INFO - Running command: ['/bin/bash', '-c', 'echo "ti_key=example_bash_operator__also_run_this__20230406"']
[2023-04-07T17:56:00.426+0200] {subprocess.py:86} INFO - Output:
[2023-04-07T17:56:00.428+0200] {subprocess.py:93} INFO - ti_key=example_bash_operator__also_run_this__20230406
[2023-04-07T17:56:00.428+0200] {subprocess.py:97} INFO - Command exited with return code 0
[2023-04-07T17:56:00.441+0200] {taskinstance.py:1327} INFO - Marking task as SUCCESS. dag_id=example_bash_operator, task_id=also_run_this, execution_date=20230406T000000, start_date=20230407T155600, end_date=20230407T155600
[2023-04-07T17:56:00.479+0200] {local_task_job.py:212} INFO - Task exited with return code 0
[2023-04-07T17:56:00.497+0200] {taskinstance.py:2596} INFO - 0 downstream tasks scheduled from follow-on schedule check
