[2023-03-01T12:02:23.948+0100] {processor.py:153} INFO - Started process (PID=54136) to work on /Users/oanottage/opt/anaconda3/lib/python3.8/site-packages/airflow/example_dags/plugins/workday.py
[2023-03-01T12:02:23.952+0100] {processor.py:743} INFO - Processing file /Users/oanottage/opt/anaconda3/lib/python3.8/site-packages/airflow/example_dags/plugins/workday.py for tasks to queue
[2023-03-01T12:02:23.953+0100] {logging_mixin.py:137} INFO - [2023-03-01T12:02:23.953+0100] {dagbag.py:538} INFO - Filling up the DagBag from /Users/oanottage/opt/anaconda3/lib/python3.8/site-packages/airflow/example_dags/plugins/workday.py
[2023-03-01T12:02:23.971+0100] {processor.py:755} WARNING - No viable dags retrieved from /Users/oanottage/opt/anaconda3/lib/python3.8/site-packages/airflow/example_dags/plugins/workday.py
[2023-03-01T12:02:24.966+0100] {processor.py:175} INFO - Processing /Users/oanottage/opt/anaconda3/lib/python3.8/site-packages/airflow/example_dags/plugins/workday.py took 1.019 seconds
[2023-03-01T12:04:27.970+0100] {processor.py:153} INFO - Started process (PID=58340) to work on /Users/oanottage/opt/anaconda3/lib/python3.8/site-packages/airflow/example_dags/plugins/workday.py
[2023-03-01T12:04:27.975+0100] {processor.py:743} INFO - Processing file /Users/oanottage/opt/anaconda3/lib/python3.8/site-packages/airflow/example_dags/plugins/workday.py for tasks to queue
[2023-03-01T12:04:27.976+0100] {logging_mixin.py:137} INFO - [2023-03-01T12:04:27.976+0100] {dagbag.py:538} INFO - Filling up the DagBag from /Users/oanottage/opt/anaconda3/lib/python3.8/site-packages/airflow/example_dags/plugins/workday.py
[2023-03-01T12:04:27.998+0100] {processor.py:755} WARNING - No viable dags retrieved from /Users/oanottage/opt/anaconda3/lib/python3.8/site-packages/airflow/example_dags/plugins/workday.py
[2023-03-01T12:04:29.172+0100] {processor.py:175} INFO - Processing /Users/oanottage/opt/anaconda3/lib/python3.8/site-packages/airflow/example_dags/plugins/workday.py took 1.203 seconds
[2023-03-01T12:06:24.462+0100] {processor.py:153} INFO - Started process (PID=62522) to work on /Users/oanottage/opt/anaconda3/lib/python3.8/site-packages/airflow/example_dags/plugins/workday.py
[2023-03-01T12:06:24.466+0100] {processor.py:743} INFO - Processing file /Users/oanottage/opt/anaconda3/lib/python3.8/site-packages/airflow/example_dags/plugins/workday.py for tasks to queue
[2023-03-01T12:06:24.466+0100] {logging_mixin.py:137} INFO - [2023-03-01T12:06:24.466+0100] {dagbag.py:538} INFO - Filling up the DagBag from /Users/oanottage/opt/anaconda3/lib/python3.8/site-packages/airflow/example_dags/plugins/workday.py
[2023-03-01T12:06:24.479+0100] {processor.py:755} WARNING - No viable dags retrieved from /Users/oanottage/opt/anaconda3/lib/python3.8/site-packages/airflow/example_dags/plugins/workday.py
[2023-03-01T12:06:25.350+0100] {processor.py:175} INFO - Processing /Users/oanottage/opt/anaconda3/lib/python3.8/site-packages/airflow/example_dags/plugins/workday.py took 0.888 seconds
[2023-03-01T12:08:14.406+0100] {processor.py:153} INFO - Started process (PID=66707) to work on /Users/oanottage/opt/anaconda3/lib/python3.8/site-packages/airflow/example_dags/plugins/workday.py
[2023-03-01T12:08:14.410+0100] {processor.py:743} INFO - Processing file /Users/oanottage/opt/anaconda3/lib/python3.8/site-packages/airflow/example_dags/plugins/workday.py for tasks to queue
[2023-03-01T12:08:14.410+0100] {logging_mixin.py:137} INFO - [2023-03-01T12:08:14.410+0100] {dagbag.py:538} INFO - Filling up the DagBag from /Users/oanottage/opt/anaconda3/lib/python3.8/site-packages/airflow/example_dags/plugins/workday.py
[2023-03-01T12:08:14.425+0100] {processor.py:755} WARNING - No viable dags retrieved from /Users/oanottage/opt/anaconda3/lib/python3.8/site-packages/airflow/example_dags/plugins/workday.py
[2023-03-01T12:08:15.312+0100] {processor.py:175} INFO - Processing /Users/oanottage/opt/anaconda3/lib/python3.8/site-packages/airflow/example_dags/plugins/workday.py took 0.906 seconds
[2023-03-01T12:10:10.898+0100] {processor.py:153} INFO - Started process (PID=70912) to work on /Users/oanottage/opt/anaconda3/lib/python3.8/site-packages/airflow/example_dags/plugins/workday.py
[2023-03-01T12:10:10.903+0100] {processor.py:743} INFO - Processing file /Users/oanottage/opt/anaconda3/lib/python3.8/site-packages/airflow/example_dags/plugins/workday.py for tasks to queue
[2023-03-01T12:10:10.903+0100] {logging_mixin.py:137} INFO - [2023-03-01T12:10:10.903+0100] {dagbag.py:538} INFO - Filling up the DagBag from /Users/oanottage/opt/anaconda3/lib/python3.8/site-packages/airflow/example_dags/plugins/workday.py
[2023-03-01T12:10:10.920+0100] {processor.py:755} WARNING - No viable dags retrieved from /Users/oanottage/opt/anaconda3/lib/python3.8/site-packages/airflow/example_dags/plugins/workday.py
[2023-03-01T12:10:11.864+0100] {processor.py:175} INFO - Processing /Users/oanottage/opt/anaconda3/lib/python3.8/site-packages/airflow/example_dags/plugins/workday.py took 0.966 seconds
[2023-03-01T12:12:18.363+0100] {processor.py:153} INFO - Started process (PID=75186) to work on /Users/oanottage/opt/anaconda3/lib/python3.8/site-packages/airflow/example_dags/plugins/workday.py
[2023-03-01T12:12:18.367+0100] {processor.py:743} INFO - Processing file /Users/oanottage/opt/anaconda3/lib/python3.8/site-packages/airflow/example_dags/plugins/workday.py for tasks to queue
[2023-03-01T12:12:18.368+0100] {logging_mixin.py:137} INFO - [2023-03-01T12:12:18.368+0100] {dagbag.py:538} INFO - Filling up the DagBag from /Users/oanottage/opt/anaconda3/lib/python3.8/site-packages/airflow/example_dags/plugins/workday.py
[2023-03-01T12:12:18.384+0100] {processor.py:755} WARNING - No viable dags retrieved from /Users/oanottage/opt/anaconda3/lib/python3.8/site-packages/airflow/example_dags/plugins/workday.py
[2023-03-01T12:12:19.293+0100] {processor.py:175} INFO - Processing /Users/oanottage/opt/anaconda3/lib/python3.8/site-packages/airflow/example_dags/plugins/workday.py took 0.930 seconds
[2023-03-01T12:14:10.711+0100] {processor.py:153} INFO - Started process (PID=79416) to work on /Users/oanottage/opt/anaconda3/lib/python3.8/site-packages/airflow/example_dags/plugins/workday.py
[2023-03-01T12:14:10.715+0100] {processor.py:743} INFO - Processing file /Users/oanottage/opt/anaconda3/lib/python3.8/site-packages/airflow/example_dags/plugins/workday.py for tasks to queue
[2023-03-01T12:14:10.716+0100] {logging_mixin.py:137} INFO - [2023-03-01T12:14:10.716+0100] {dagbag.py:538} INFO - Filling up the DagBag from /Users/oanottage/opt/anaconda3/lib/python3.8/site-packages/airflow/example_dags/plugins/workday.py
[2023-03-01T12:14:10.730+0100] {processor.py:755} WARNING - No viable dags retrieved from /Users/oanottage/opt/anaconda3/lib/python3.8/site-packages/airflow/example_dags/plugins/workday.py
[2023-03-01T12:14:11.616+0100] {processor.py:175} INFO - Processing /Users/oanottage/opt/anaconda3/lib/python3.8/site-packages/airflow/example_dags/plugins/workday.py took 0.905 seconds
[2023-03-01T12:16:08.021+0100] {processor.py:153} INFO - Started process (PID=83575) to work on /Users/oanottage/opt/anaconda3/lib/python3.8/site-packages/airflow/example_dags/plugins/workday.py
[2023-03-01T12:16:08.025+0100] {processor.py:743} INFO - Processing file /Users/oanottage/opt/anaconda3/lib/python3.8/site-packages/airflow/example_dags/plugins/workday.py for tasks to queue
[2023-03-01T12:16:08.026+0100] {logging_mixin.py:137} INFO - [2023-03-01T12:16:08.026+0100] {dagbag.py:538} INFO - Filling up the DagBag from /Users/oanottage/opt/anaconda3/lib/python3.8/site-packages/airflow/example_dags/plugins/workday.py
[2023-03-01T12:16:08.042+0100] {processor.py:755} WARNING - No viable dags retrieved from /Users/oanottage/opt/anaconda3/lib/python3.8/site-packages/airflow/example_dags/plugins/workday.py
[2023-03-01T12:16:09.035+0100] {processor.py:175} INFO - Processing /Users/oanottage/opt/anaconda3/lib/python3.8/site-packages/airflow/example_dags/plugins/workday.py took 1.015 seconds
[2023-03-01T12:18:09.628+0100] {processor.py:153} INFO - Started process (PID=87782) to work on /Users/oanottage/opt/anaconda3/lib/python3.8/site-packages/airflow/example_dags/plugins/workday.py
[2023-03-01T12:18:09.633+0100] {processor.py:743} INFO - Processing file /Users/oanottage/opt/anaconda3/lib/python3.8/site-packages/airflow/example_dags/plugins/workday.py for tasks to queue
[2023-03-01T12:18:09.633+0100] {logging_mixin.py:137} INFO - [2023-03-01T12:18:09.633+0100] {dagbag.py:538} INFO - Filling up the DagBag from /Users/oanottage/opt/anaconda3/lib/python3.8/site-packages/airflow/example_dags/plugins/workday.py
[2023-03-01T12:18:09.648+0100] {processor.py:755} WARNING - No viable dags retrieved from /Users/oanottage/opt/anaconda3/lib/python3.8/site-packages/airflow/example_dags/plugins/workday.py
[2023-03-01T12:18:10.523+0100] {processor.py:175} INFO - Processing /Users/oanottage/opt/anaconda3/lib/python3.8/site-packages/airflow/example_dags/plugins/workday.py took 0.896 seconds
[2023-03-01T12:20:01.580+0100] {processor.py:153} INFO - Started process (PID=92003) to work on /Users/oanottage/opt/anaconda3/lib/python3.8/site-packages/airflow/example_dags/plugins/workday.py
[2023-03-01T12:20:01.583+0100] {processor.py:743} INFO - Processing file /Users/oanottage/opt/anaconda3/lib/python3.8/site-packages/airflow/example_dags/plugins/workday.py for tasks to queue
[2023-03-01T12:20:01.584+0100] {logging_mixin.py:137} INFO - [2023-03-01T12:20:01.583+0100] {dagbag.py:538} INFO - Filling up the DagBag from /Users/oanottage/opt/anaconda3/lib/python3.8/site-packages/airflow/example_dags/plugins/workday.py
[2023-03-01T12:20:01.600+0100] {processor.py:755} WARNING - No viable dags retrieved from /Users/oanottage/opt/anaconda3/lib/python3.8/site-packages/airflow/example_dags/plugins/workday.py
[2023-03-01T12:20:02.512+0100] {processor.py:175} INFO - Processing /Users/oanottage/opt/anaconda3/lib/python3.8/site-packages/airflow/example_dags/plugins/workday.py took 0.934 seconds
[2023-03-01T12:22:10.047+0100] {processor.py:153} INFO - Started process (PID=96260) to work on /Users/oanottage/opt/anaconda3/lib/python3.8/site-packages/airflow/example_dags/plugins/workday.py
[2023-03-01T12:22:10.053+0100] {processor.py:743} INFO - Processing file /Users/oanottage/opt/anaconda3/lib/python3.8/site-packages/airflow/example_dags/plugins/workday.py for tasks to queue
[2023-03-01T12:22:10.053+0100] {logging_mixin.py:137} INFO - [2023-03-01T12:22:10.053+0100] {dagbag.py:538} INFO - Filling up the DagBag from /Users/oanottage/opt/anaconda3/lib/python3.8/site-packages/airflow/example_dags/plugins/workday.py
[2023-03-01T12:22:10.077+0100] {processor.py:755} WARNING - No viable dags retrieved from /Users/oanottage/opt/anaconda3/lib/python3.8/site-packages/airflow/example_dags/plugins/workday.py
[2023-03-01T12:22:10.957+0100] {processor.py:175} INFO - Processing /Users/oanottage/opt/anaconda3/lib/python3.8/site-packages/airflow/example_dags/plugins/workday.py took 0.911 seconds
[2023-03-01T12:24:38.613+0100] {processor.py:153} INFO - Started process (PID=1945) to work on /Users/oanottage/opt/anaconda3/lib/python3.8/site-packages/airflow/example_dags/plugins/workday.py
[2023-03-01T12:24:38.616+0100] {processor.py:743} INFO - Processing file /Users/oanottage/opt/anaconda3/lib/python3.8/site-packages/airflow/example_dags/plugins/workday.py for tasks to queue
[2023-03-01T12:24:38.617+0100] {logging_mixin.py:137} INFO - [2023-03-01T12:24:38.617+0100] {dagbag.py:538} INFO - Filling up the DagBag from /Users/oanottage/opt/anaconda3/lib/python3.8/site-packages/airflow/example_dags/plugins/workday.py
[2023-03-01T12:24:38.631+0100] {processor.py:755} WARNING - No viable dags retrieved from /Users/oanottage/opt/anaconda3/lib/python3.8/site-packages/airflow/example_dags/plugins/workday.py
[2023-03-01T12:24:39.492+0100] {processor.py:175} INFO - Processing /Users/oanottage/opt/anaconda3/lib/python3.8/site-packages/airflow/example_dags/plugins/workday.py took 0.879 seconds
[2023-03-01T12:26:39.806+0100] {processor.py:153} INFO - Started process (PID=6189) to work on /Users/oanottage/opt/anaconda3/lib/python3.8/site-packages/airflow/example_dags/plugins/workday.py
[2023-03-01T12:26:39.812+0100] {processor.py:743} INFO - Processing file /Users/oanottage/opt/anaconda3/lib/python3.8/site-packages/airflow/example_dags/plugins/workday.py for tasks to queue
[2023-03-01T12:26:39.812+0100] {logging_mixin.py:137} INFO - [2023-03-01T12:26:39.812+0100] {dagbag.py:538} INFO - Filling up the DagBag from /Users/oanottage/opt/anaconda3/lib/python3.8/site-packages/airflow/example_dags/plugins/workday.py
[2023-03-01T12:26:39.833+0100] {processor.py:755} WARNING - No viable dags retrieved from /Users/oanottage/opt/anaconda3/lib/python3.8/site-packages/airflow/example_dags/plugins/workday.py
[2023-03-01T12:26:40.747+0100] {processor.py:175} INFO - Processing /Users/oanottage/opt/anaconda3/lib/python3.8/site-packages/airflow/example_dags/plugins/workday.py took 0.942 seconds
[2023-03-01T12:28:34.778+0100] {processor.py:153} INFO - Started process (PID=10404) to work on /Users/oanottage/opt/anaconda3/lib/python3.8/site-packages/airflow/example_dags/plugins/workday.py
[2023-03-01T12:28:34.783+0100] {processor.py:743} INFO - Processing file /Users/oanottage/opt/anaconda3/lib/python3.8/site-packages/airflow/example_dags/plugins/workday.py for tasks to queue
[2023-03-01T12:28:34.783+0100] {logging_mixin.py:137} INFO - [2023-03-01T12:28:34.783+0100] {dagbag.py:538} INFO - Filling up the DagBag from /Users/oanottage/opt/anaconda3/lib/python3.8/site-packages/airflow/example_dags/plugins/workday.py
[2023-03-01T12:28:34.802+0100] {processor.py:755} WARNING - No viable dags retrieved from /Users/oanottage/opt/anaconda3/lib/python3.8/site-packages/airflow/example_dags/plugins/workday.py
[2023-03-01T12:28:35.627+0100] {processor.py:175} INFO - Processing /Users/oanottage/opt/anaconda3/lib/python3.8/site-packages/airflow/example_dags/plugins/workday.py took 0.849 seconds
[2023-03-01T12:30:25.144+0100] {processor.py:153} INFO - Started process (PID=13603) to work on /Users/oanottage/opt/anaconda3/lib/python3.8/site-packages/airflow/example_dags/plugins/workday.py
[2023-03-01T12:30:25.148+0100] {processor.py:743} INFO - Processing file /Users/oanottage/opt/anaconda3/lib/python3.8/site-packages/airflow/example_dags/plugins/workday.py for tasks to queue
[2023-03-01T12:30:25.148+0100] {logging_mixin.py:137} INFO - [2023-03-01T12:30:25.148+0100] {dagbag.py:538} INFO - Filling up the DagBag from /Users/oanottage/opt/anaconda3/lib/python3.8/site-packages/airflow/example_dags/plugins/workday.py
[2023-03-01T12:30:25.166+0100] {processor.py:755} WARNING - No viable dags retrieved from /Users/oanottage/opt/anaconda3/lib/python3.8/site-packages/airflow/example_dags/plugins/workday.py
[2023-03-01T12:30:26.070+0100] {processor.py:175} INFO - Processing /Users/oanottage/opt/anaconda3/lib/python3.8/site-packages/airflow/example_dags/plugins/workday.py took 0.927 seconds
[2023-03-01T12:32:13.532+0100] {processor.py:153} INFO - Started process (PID=17878) to work on /Users/oanottage/opt/anaconda3/lib/python3.8/site-packages/airflow/example_dags/plugins/workday.py
[2023-03-01T12:32:13.536+0100] {processor.py:743} INFO - Processing file /Users/oanottage/opt/anaconda3/lib/python3.8/site-packages/airflow/example_dags/plugins/workday.py for tasks to queue
[2023-03-01T12:32:13.536+0100] {logging_mixin.py:137} INFO - [2023-03-01T12:32:13.536+0100] {dagbag.py:538} INFO - Filling up the DagBag from /Users/oanottage/opt/anaconda3/lib/python3.8/site-packages/airflow/example_dags/plugins/workday.py
[2023-03-01T12:32:13.551+0100] {processor.py:755} WARNING - No viable dags retrieved from /Users/oanottage/opt/anaconda3/lib/python3.8/site-packages/airflow/example_dags/plugins/workday.py
[2023-03-01T12:32:14.530+0100] {processor.py:175} INFO - Processing /Users/oanottage/opt/anaconda3/lib/python3.8/site-packages/airflow/example_dags/plugins/workday.py took 0.998 seconds
[2023-03-01T12:34:02.295+0100] {processor.py:153} INFO - Started process (PID=22099) to work on /Users/oanottage/opt/anaconda3/lib/python3.8/site-packages/airflow/example_dags/plugins/workday.py
[2023-03-01T12:34:02.298+0100] {processor.py:743} INFO - Processing file /Users/oanottage/opt/anaconda3/lib/python3.8/site-packages/airflow/example_dags/plugins/workday.py for tasks to queue
[2023-03-01T12:34:02.299+0100] {logging_mixin.py:137} INFO - [2023-03-01T12:34:02.299+0100] {dagbag.py:538} INFO - Filling up the DagBag from /Users/oanottage/opt/anaconda3/lib/python3.8/site-packages/airflow/example_dags/plugins/workday.py
[2023-03-01T12:34:02.312+0100] {processor.py:755} WARNING - No viable dags retrieved from /Users/oanottage/opt/anaconda3/lib/python3.8/site-packages/airflow/example_dags/plugins/workday.py
[2023-03-01T12:34:03.182+0100] {processor.py:175} INFO - Processing /Users/oanottage/opt/anaconda3/lib/python3.8/site-packages/airflow/example_dags/plugins/workday.py took 0.888 seconds
[2023-03-01T12:35:54.099+0100] {processor.py:153} INFO - Started process (PID=25291) to work on /Users/oanottage/opt/anaconda3/lib/python3.8/site-packages/airflow/example_dags/plugins/workday.py
[2023-03-01T12:35:54.103+0100] {processor.py:743} INFO - Processing file /Users/oanottage/opt/anaconda3/lib/python3.8/site-packages/airflow/example_dags/plugins/workday.py for tasks to queue
[2023-03-01T12:35:54.103+0100] {logging_mixin.py:137} INFO - [2023-03-01T12:35:54.103+0100] {dagbag.py:538} INFO - Filling up the DagBag from /Users/oanottage/opt/anaconda3/lib/python3.8/site-packages/airflow/example_dags/plugins/workday.py
[2023-03-01T12:35:54.118+0100] {processor.py:755} WARNING - No viable dags retrieved from /Users/oanottage/opt/anaconda3/lib/python3.8/site-packages/airflow/example_dags/plugins/workday.py
[2023-03-01T12:35:55.061+0100] {processor.py:175} INFO - Processing /Users/oanottage/opt/anaconda3/lib/python3.8/site-packages/airflow/example_dags/plugins/workday.py took 0.962 seconds
[2023-03-01T12:37:49.119+0100] {processor.py:153} INFO - Started process (PID=29532) to work on /Users/oanottage/opt/anaconda3/lib/python3.8/site-packages/airflow/example_dags/plugins/workday.py
[2023-03-01T12:37:49.123+0100] {processor.py:743} INFO - Processing file /Users/oanottage/opt/anaconda3/lib/python3.8/site-packages/airflow/example_dags/plugins/workday.py for tasks to queue
[2023-03-01T12:37:49.123+0100] {logging_mixin.py:137} INFO - [2023-03-01T12:37:49.123+0100] {dagbag.py:538} INFO - Filling up the DagBag from /Users/oanottage/opt/anaconda3/lib/python3.8/site-packages/airflow/example_dags/plugins/workday.py
[2023-03-01T12:37:49.138+0100] {processor.py:755} WARNING - No viable dags retrieved from /Users/oanottage/opt/anaconda3/lib/python3.8/site-packages/airflow/example_dags/plugins/workday.py
[2023-03-01T12:37:49.939+0100] {processor.py:175} INFO - Processing /Users/oanottage/opt/anaconda3/lib/python3.8/site-packages/airflow/example_dags/plugins/workday.py took 0.820 seconds
[2023-03-01T12:39:52.580+0100] {processor.py:153} INFO - Started process (PID=33770) to work on /Users/oanottage/opt/anaconda3/lib/python3.8/site-packages/airflow/example_dags/plugins/workday.py
[2023-03-01T12:39:52.584+0100] {processor.py:743} INFO - Processing file /Users/oanottage/opt/anaconda3/lib/python3.8/site-packages/airflow/example_dags/plugins/workday.py for tasks to queue
[2023-03-01T12:39:52.585+0100] {logging_mixin.py:137} INFO - [2023-03-01T12:39:52.585+0100] {dagbag.py:538} INFO - Filling up the DagBag from /Users/oanottage/opt/anaconda3/lib/python3.8/site-packages/airflow/example_dags/plugins/workday.py
[2023-03-01T12:39:52.601+0100] {processor.py:755} WARNING - No viable dags retrieved from /Users/oanottage/opt/anaconda3/lib/python3.8/site-packages/airflow/example_dags/plugins/workday.py
[2023-03-01T12:39:53.629+0100] {processor.py:175} INFO - Processing /Users/oanottage/opt/anaconda3/lib/python3.8/site-packages/airflow/example_dags/plugins/workday.py took 1.050 seconds
[2023-03-01T12:41:59.696+0100] {processor.py:153} INFO - Started process (PID=38604) to work on /Users/oanottage/opt/anaconda3/lib/python3.8/site-packages/airflow/example_dags/plugins/workday.py
[2023-03-01T12:41:59.701+0100] {processor.py:743} INFO - Processing file /Users/oanottage/opt/anaconda3/lib/python3.8/site-packages/airflow/example_dags/plugins/workday.py for tasks to queue
[2023-03-01T12:41:59.701+0100] {logging_mixin.py:137} INFO - [2023-03-01T12:41:59.701+0100] {dagbag.py:538} INFO - Filling up the DagBag from /Users/oanottage/opt/anaconda3/lib/python3.8/site-packages/airflow/example_dags/plugins/workday.py
[2023-03-01T12:41:59.718+0100] {processor.py:755} WARNING - No viable dags retrieved from /Users/oanottage/opt/anaconda3/lib/python3.8/site-packages/airflow/example_dags/plugins/workday.py
[2023-03-01T12:42:00.667+0100] {processor.py:175} INFO - Processing /Users/oanottage/opt/anaconda3/lib/python3.8/site-packages/airflow/example_dags/plugins/workday.py took 0.971 seconds
[2023-03-01T12:44:12.058+0100] {processor.py:153} INFO - Started process (PID=43329) to work on /Users/oanottage/opt/anaconda3/lib/python3.8/site-packages/airflow/example_dags/plugins/workday.py
[2023-03-01T12:44:12.062+0100] {processor.py:743} INFO - Processing file /Users/oanottage/opt/anaconda3/lib/python3.8/site-packages/airflow/example_dags/plugins/workday.py for tasks to queue
[2023-03-01T12:44:12.063+0100] {logging_mixin.py:137} INFO - [2023-03-01T12:44:12.063+0100] {dagbag.py:538} INFO - Filling up the DagBag from /Users/oanottage/opt/anaconda3/lib/python3.8/site-packages/airflow/example_dags/plugins/workday.py
[2023-03-01T12:44:12.083+0100] {processor.py:755} WARNING - No viable dags retrieved from /Users/oanottage/opt/anaconda3/lib/python3.8/site-packages/airflow/example_dags/plugins/workday.py
[2023-03-01T12:44:14.455+0100] {processor.py:175} INFO - Processing /Users/oanottage/opt/anaconda3/lib/python3.8/site-packages/airflow/example_dags/plugins/workday.py took 2.398 seconds
[2023-03-01T12:46:19.594+0100] {processor.py:153} INFO - Started process (PID=47598) to work on /Users/oanottage/opt/anaconda3/lib/python3.8/site-packages/airflow/example_dags/plugins/workday.py
[2023-03-01T12:46:19.599+0100] {processor.py:743} INFO - Processing file /Users/oanottage/opt/anaconda3/lib/python3.8/site-packages/airflow/example_dags/plugins/workday.py for tasks to queue
[2023-03-01T12:46:19.599+0100] {logging_mixin.py:137} INFO - [2023-03-01T12:46:19.599+0100] {dagbag.py:538} INFO - Filling up the DagBag from /Users/oanottage/opt/anaconda3/lib/python3.8/site-packages/airflow/example_dags/plugins/workday.py
[2023-03-01T12:46:19.615+0100] {processor.py:755} WARNING - No viable dags retrieved from /Users/oanottage/opt/anaconda3/lib/python3.8/site-packages/airflow/example_dags/plugins/workday.py
[2023-03-01T12:46:20.500+0100] {processor.py:175} INFO - Processing /Users/oanottage/opt/anaconda3/lib/python3.8/site-packages/airflow/example_dags/plugins/workday.py took 0.906 seconds
[2023-03-01T12:48:21.969+0100] {processor.py:153} INFO - Started process (PID=51918) to work on /Users/oanottage/opt/anaconda3/lib/python3.8/site-packages/airflow/example_dags/plugins/workday.py
[2023-03-01T12:48:21.988+0100] {processor.py:743} INFO - Processing file /Users/oanottage/opt/anaconda3/lib/python3.8/site-packages/airflow/example_dags/plugins/workday.py for tasks to queue
[2023-03-01T12:48:21.989+0100] {logging_mixin.py:137} INFO - [2023-03-01T12:48:21.989+0100] {dagbag.py:538} INFO - Filling up the DagBag from /Users/oanottage/opt/anaconda3/lib/python3.8/site-packages/airflow/example_dags/plugins/workday.py
[2023-03-01T12:48:22.005+0100] {processor.py:755} WARNING - No viable dags retrieved from /Users/oanottage/opt/anaconda3/lib/python3.8/site-packages/airflow/example_dags/plugins/workday.py
[2023-03-01T12:48:23.215+0100] {processor.py:175} INFO - Processing /Users/oanottage/opt/anaconda3/lib/python3.8/site-packages/airflow/example_dags/plugins/workday.py took 1.247 seconds
[2023-03-01T12:50:27.322+0100] {processor.py:153} INFO - Started process (PID=56234) to work on /Users/oanottage/opt/anaconda3/lib/python3.8/site-packages/airflow/example_dags/plugins/workday.py
[2023-03-01T12:50:27.326+0100] {processor.py:743} INFO - Processing file /Users/oanottage/opt/anaconda3/lib/python3.8/site-packages/airflow/example_dags/plugins/workday.py for tasks to queue
[2023-03-01T12:50:27.327+0100] {logging_mixin.py:137} INFO - [2023-03-01T12:50:27.327+0100] {dagbag.py:538} INFO - Filling up the DagBag from /Users/oanottage/opt/anaconda3/lib/python3.8/site-packages/airflow/example_dags/plugins/workday.py
[2023-03-01T12:50:27.343+0100] {processor.py:755} WARNING - No viable dags retrieved from /Users/oanottage/opt/anaconda3/lib/python3.8/site-packages/airflow/example_dags/plugins/workday.py
[2023-03-01T12:50:28.355+0100] {processor.py:175} INFO - Processing /Users/oanottage/opt/anaconda3/lib/python3.8/site-packages/airflow/example_dags/plugins/workday.py took 1.033 seconds
[2023-03-01T12:52:24.577+0100] {processor.py:153} INFO - Started process (PID=60483) to work on /Users/oanottage/opt/anaconda3/lib/python3.8/site-packages/airflow/example_dags/plugins/workday.py
[2023-03-01T12:52:24.582+0100] {processor.py:743} INFO - Processing file /Users/oanottage/opt/anaconda3/lib/python3.8/site-packages/airflow/example_dags/plugins/workday.py for tasks to queue
[2023-03-01T12:52:24.582+0100] {logging_mixin.py:137} INFO - [2023-03-01T12:52:24.582+0100] {dagbag.py:538} INFO - Filling up the DagBag from /Users/oanottage/opt/anaconda3/lib/python3.8/site-packages/airflow/example_dags/plugins/workday.py
[2023-03-01T12:52:24.599+0100] {processor.py:755} WARNING - No viable dags retrieved from /Users/oanottage/opt/anaconda3/lib/python3.8/site-packages/airflow/example_dags/plugins/workday.py
[2023-03-01T12:52:25.567+0100] {processor.py:175} INFO - Processing /Users/oanottage/opt/anaconda3/lib/python3.8/site-packages/airflow/example_dags/plugins/workday.py took 0.991 seconds
[2023-03-01T12:54:29.524+0100] {processor.py:153} INFO - Started process (PID=65307) to work on /Users/oanottage/opt/anaconda3/lib/python3.8/site-packages/airflow/example_dags/plugins/workday.py
[2023-03-01T12:54:29.529+0100] {processor.py:743} INFO - Processing file /Users/oanottage/opt/anaconda3/lib/python3.8/site-packages/airflow/example_dags/plugins/workday.py for tasks to queue
[2023-03-01T12:54:29.530+0100] {logging_mixin.py:137} INFO - [2023-03-01T12:54:29.529+0100] {dagbag.py:538} INFO - Filling up the DagBag from /Users/oanottage/opt/anaconda3/lib/python3.8/site-packages/airflow/example_dags/plugins/workday.py
[2023-03-01T12:54:29.548+0100] {processor.py:755} WARNING - No viable dags retrieved from /Users/oanottage/opt/anaconda3/lib/python3.8/site-packages/airflow/example_dags/plugins/workday.py
[2023-03-01T12:54:30.487+0100] {processor.py:175} INFO - Processing /Users/oanottage/opt/anaconda3/lib/python3.8/site-packages/airflow/example_dags/plugins/workday.py took 0.963 seconds
[2023-03-01T12:56:23.432+0100] {processor.py:153} INFO - Started process (PID=69041) to work on /Users/oanottage/opt/anaconda3/lib/python3.8/site-packages/airflow/example_dags/plugins/workday.py
[2023-03-01T12:56:23.435+0100] {processor.py:743} INFO - Processing file /Users/oanottage/opt/anaconda3/lib/python3.8/site-packages/airflow/example_dags/plugins/workday.py for tasks to queue
[2023-03-01T12:56:23.436+0100] {logging_mixin.py:137} INFO - [2023-03-01T12:56:23.436+0100] {dagbag.py:538} INFO - Filling up the DagBag from /Users/oanottage/opt/anaconda3/lib/python3.8/site-packages/airflow/example_dags/plugins/workday.py
[2023-03-01T12:56:23.452+0100] {processor.py:755} WARNING - No viable dags retrieved from /Users/oanottage/opt/anaconda3/lib/python3.8/site-packages/airflow/example_dags/plugins/workday.py
[2023-03-01T12:56:24.365+0100] {processor.py:175} INFO - Processing /Users/oanottage/opt/anaconda3/lib/python3.8/site-packages/airflow/example_dags/plugins/workday.py took 0.933 seconds
[2023-03-01T12:58:14.108+0100] {processor.py:153} INFO - Started process (PID=73325) to work on /Users/oanottage/opt/anaconda3/lib/python3.8/site-packages/airflow/example_dags/plugins/workday.py
[2023-03-01T12:58:14.112+0100] {processor.py:743} INFO - Processing file /Users/oanottage/opt/anaconda3/lib/python3.8/site-packages/airflow/example_dags/plugins/workday.py for tasks to queue
[2023-03-01T12:58:14.113+0100] {logging_mixin.py:137} INFO - [2023-03-01T12:58:14.113+0100] {dagbag.py:538} INFO - Filling up the DagBag from /Users/oanottage/opt/anaconda3/lib/python3.8/site-packages/airflow/example_dags/plugins/workday.py
[2023-03-01T12:58:14.127+0100] {processor.py:755} WARNING - No viable dags retrieved from /Users/oanottage/opt/anaconda3/lib/python3.8/site-packages/airflow/example_dags/plugins/workday.py
[2023-03-01T12:58:14.929+0100] {processor.py:175} INFO - Processing /Users/oanottage/opt/anaconda3/lib/python3.8/site-packages/airflow/example_dags/plugins/workday.py took 0.821 seconds
[2023-03-01T13:00:14.592+0100] {processor.py:153} INFO - Started process (PID=77609) to work on /Users/oanottage/opt/anaconda3/lib/python3.8/site-packages/airflow/example_dags/plugins/workday.py
[2023-03-01T13:00:14.596+0100] {processor.py:743} INFO - Processing file /Users/oanottage/opt/anaconda3/lib/python3.8/site-packages/airflow/example_dags/plugins/workday.py for tasks to queue
[2023-03-01T13:00:14.597+0100] {logging_mixin.py:137} INFO - [2023-03-01T13:00:14.597+0100] {dagbag.py:538} INFO - Filling up the DagBag from /Users/oanottage/opt/anaconda3/lib/python3.8/site-packages/airflow/example_dags/plugins/workday.py
[2023-03-01T13:00:14.613+0100] {processor.py:755} WARNING - No viable dags retrieved from /Users/oanottage/opt/anaconda3/lib/python3.8/site-packages/airflow/example_dags/plugins/workday.py
[2023-03-01T13:00:15.509+0100] {processor.py:175} INFO - Processing /Users/oanottage/opt/anaconda3/lib/python3.8/site-packages/airflow/example_dags/plugins/workday.py took 0.918 seconds
