[2023-03-01T12:04:12.415+0100] {processor.py:153} INFO - Started process (PID=58324) to work on /Users/oanottage/opt/anaconda3/lib/python3.8/site-packages/airflow/example_dags/example_branch_labels.py
[2023-03-01T12:04:12.419+0100] {processor.py:743} INFO - Processing file /Users/oanottage/opt/anaconda3/lib/python3.8/site-packages/airflow/example_dags/example_branch_labels.py for tasks to queue
[2023-03-01T12:04:12.420+0100] {logging_mixin.py:137} INFO - [2023-03-01T12:04:12.420+0100] {dagbag.py:538} INFO - Filling up the DagBag from /Users/oanottage/opt/anaconda3/lib/python3.8/site-packages/airflow/example_dags/example_branch_labels.py
[2023-03-01T12:04:12.480+0100] {processor.py:753} INFO - DAG(s) dict_keys(['example_branch_labels']) retrieved from /Users/oanottage/opt/anaconda3/lib/python3.8/site-packages/airflow/example_dags/example_branch_labels.py
[2023-03-01T12:04:13.866+0100] {logging_mixin.py:137} INFO - [2023-03-01T12:04:13.865+0100] {manager.py:504} INFO - Created Permission View: can delete on DAG:example_branch_labels
[2023-03-01T12:04:13.875+0100] {logging_mixin.py:137} INFO - [2023-03-01T12:04:13.875+0100] {manager.py:504} INFO - Created Permission View: can read on DAG:example_branch_labels
[2023-03-01T12:04:13.882+0100] {logging_mixin.py:137} INFO - [2023-03-01T12:04:13.882+0100] {manager.py:504} INFO - Created Permission View: can edit on DAG:example_branch_labels
[2023-03-01T12:04:13.882+0100] {logging_mixin.py:137} INFO - [2023-03-01T12:04:13.882+0100] {dag.py:2690} INFO - Sync 1 DAGs
[2023-03-01T12:04:13.894+0100] {logging_mixin.py:137} INFO - [2023-03-01T12:04:13.894+0100] {dag.py:2711} INFO - Creating ORM DAG for example_branch_labels
[2023-03-01T12:04:13.904+0100] {logging_mixin.py:137} INFO - [2023-03-01T12:04:13.904+0100] {dag.py:3437} INFO - Setting next_dagrun for example_branch_labels to 2023-02-28T00:00:00+00:00, run_after=2023-03-01T00:00:00+00:00
[2023-03-01T12:04:13.922+0100] {processor.py:175} INFO - Processing /Users/oanottage/opt/anaconda3/lib/python3.8/site-packages/airflow/example_dags/example_branch_labels.py took 1.507 seconds
[2023-03-01T12:06:09.470+0100] {processor.py:153} INFO - Started process (PID=62508) to work on /Users/oanottage/opt/anaconda3/lib/python3.8/site-packages/airflow/example_dags/example_branch_labels.py
[2023-03-01T12:06:09.473+0100] {processor.py:743} INFO - Processing file /Users/oanottage/opt/anaconda3/lib/python3.8/site-packages/airflow/example_dags/example_branch_labels.py for tasks to queue
[2023-03-01T12:06:09.473+0100] {logging_mixin.py:137} INFO - [2023-03-01T12:06:09.473+0100] {dagbag.py:538} INFO - Filling up the DagBag from /Users/oanottage/opt/anaconda3/lib/python3.8/site-packages/airflow/example_dags/example_branch_labels.py
[2023-03-01T12:06:09.521+0100] {processor.py:753} INFO - DAG(s) dict_keys(['example_branch_labels']) retrieved from /Users/oanottage/opt/anaconda3/lib/python3.8/site-packages/airflow/example_dags/example_branch_labels.py
[2023-03-01T12:06:10.387+0100] {logging_mixin.py:137} INFO - [2023-03-01T12:06:10.387+0100] {dag.py:2690} INFO - Sync 1 DAGs
[2023-03-01T12:06:10.400+0100] {logging_mixin.py:137} INFO - [2023-03-01T12:06:10.400+0100] {dag.py:3437} INFO - Setting next_dagrun for example_branch_labels to 2023-02-28T00:00:00+00:00, run_after=2023-03-01T00:00:00+00:00
[2023-03-01T12:06:10.413+0100] {processor.py:175} INFO - Processing /Users/oanottage/opt/anaconda3/lib/python3.8/site-packages/airflow/example_dags/example_branch_labels.py took 0.944 seconds
[2023-03-01T12:08:02.563+0100] {processor.py:153} INFO - Started process (PID=66694) to work on /Users/oanottage/opt/anaconda3/lib/python3.8/site-packages/airflow/example_dags/example_branch_labels.py
[2023-03-01T12:08:02.566+0100] {processor.py:743} INFO - Processing file /Users/oanottage/opt/anaconda3/lib/python3.8/site-packages/airflow/example_dags/example_branch_labels.py for tasks to queue
[2023-03-01T12:08:02.567+0100] {logging_mixin.py:137} INFO - [2023-03-01T12:08:02.567+0100] {dagbag.py:538} INFO - Filling up the DagBag from /Users/oanottage/opt/anaconda3/lib/python3.8/site-packages/airflow/example_dags/example_branch_labels.py
[2023-03-01T12:08:02.612+0100] {processor.py:753} INFO - DAG(s) dict_keys(['example_branch_labels']) retrieved from /Users/oanottage/opt/anaconda3/lib/python3.8/site-packages/airflow/example_dags/example_branch_labels.py
[2023-03-01T12:08:03.469+0100] {logging_mixin.py:137} INFO - [2023-03-01T12:08:03.469+0100] {dag.py:2690} INFO - Sync 1 DAGs
[2023-03-01T12:08:03.484+0100] {logging_mixin.py:137} INFO - [2023-03-01T12:08:03.483+0100] {dag.py:3437} INFO - Setting next_dagrun for example_branch_labels to 2023-02-28T00:00:00+00:00, run_after=2023-03-01T00:00:00+00:00
[2023-03-01T12:08:03.496+0100] {processor.py:175} INFO - Processing /Users/oanottage/opt/anaconda3/lib/python3.8/site-packages/airflow/example_dags/example_branch_labels.py took 0.934 seconds
[2023-03-01T12:09:56.586+0100] {processor.py:153} INFO - Started process (PID=69867) to work on /Users/oanottage/opt/anaconda3/lib/python3.8/site-packages/airflow/example_dags/example_branch_labels.py
[2023-03-01T12:09:56.590+0100] {processor.py:743} INFO - Processing file /Users/oanottage/opt/anaconda3/lib/python3.8/site-packages/airflow/example_dags/example_branch_labels.py for tasks to queue
[2023-03-01T12:09:56.591+0100] {logging_mixin.py:137} INFO - [2023-03-01T12:09:56.590+0100] {dagbag.py:538} INFO - Filling up the DagBag from /Users/oanottage/opt/anaconda3/lib/python3.8/site-packages/airflow/example_dags/example_branch_labels.py
[2023-03-01T12:09:56.640+0100] {processor.py:753} INFO - DAG(s) dict_keys(['example_branch_labels']) retrieved from /Users/oanottage/opt/anaconda3/lib/python3.8/site-packages/airflow/example_dags/example_branch_labels.py
[2023-03-01T12:09:57.529+0100] {logging_mixin.py:137} INFO - [2023-03-01T12:09:57.528+0100] {dag.py:2690} INFO - Sync 1 DAGs
[2023-03-01T12:09:57.546+0100] {logging_mixin.py:137} INFO - [2023-03-01T12:09:57.546+0100] {dag.py:3437} INFO - Setting next_dagrun for example_branch_labels to 2023-02-28T00:00:00+00:00, run_after=2023-03-01T00:00:00+00:00
[2023-03-01T12:09:57.560+0100] {processor.py:175} INFO - Processing /Users/oanottage/opt/anaconda3/lib/python3.8/site-packages/airflow/example_dags/example_branch_labels.py took 0.975 seconds
[2023-03-01T12:12:03.272+0100] {processor.py:153} INFO - Started process (PID=75170) to work on /Users/oanottage/opt/anaconda3/lib/python3.8/site-packages/airflow/example_dags/example_branch_labels.py
[2023-03-01T12:12:03.276+0100] {processor.py:743} INFO - Processing file /Users/oanottage/opt/anaconda3/lib/python3.8/site-packages/airflow/example_dags/example_branch_labels.py for tasks to queue
[2023-03-01T12:12:03.276+0100] {logging_mixin.py:137} INFO - [2023-03-01T12:12:03.276+0100] {dagbag.py:538} INFO - Filling up the DagBag from /Users/oanottage/opt/anaconda3/lib/python3.8/site-packages/airflow/example_dags/example_branch_labels.py
[2023-03-01T12:12:03.324+0100] {processor.py:753} INFO - DAG(s) dict_keys(['example_branch_labels']) retrieved from /Users/oanottage/opt/anaconda3/lib/python3.8/site-packages/airflow/example_dags/example_branch_labels.py
[2023-03-01T12:12:04.229+0100] {logging_mixin.py:137} INFO - [2023-03-01T12:12:04.228+0100] {dag.py:2690} INFO - Sync 1 DAGs
[2023-03-01T12:12:04.244+0100] {logging_mixin.py:137} INFO - [2023-03-01T12:12:04.243+0100] {dag.py:3437} INFO - Setting next_dagrun for example_branch_labels to 2023-02-28T00:00:00+00:00, run_after=2023-03-01T00:00:00+00:00
[2023-03-01T12:12:04.256+0100] {processor.py:175} INFO - Processing /Users/oanottage/opt/anaconda3/lib/python3.8/site-packages/airflow/example_dags/example_branch_labels.py took 0.985 seconds
[2023-03-01T12:13:57.900+0100] {processor.py:153} INFO - Started process (PID=78404) to work on /Users/oanottage/opt/anaconda3/lib/python3.8/site-packages/airflow/example_dags/example_branch_labels.py
[2023-03-01T12:13:57.904+0100] {processor.py:743} INFO - Processing file /Users/oanottage/opt/anaconda3/lib/python3.8/site-packages/airflow/example_dags/example_branch_labels.py for tasks to queue
[2023-03-01T12:13:57.905+0100] {logging_mixin.py:137} INFO - [2023-03-01T12:13:57.904+0100] {dagbag.py:538} INFO - Filling up the DagBag from /Users/oanottage/opt/anaconda3/lib/python3.8/site-packages/airflow/example_dags/example_branch_labels.py
[2023-03-01T12:13:57.968+0100] {processor.py:753} INFO - DAG(s) dict_keys(['example_branch_labels']) retrieved from /Users/oanottage/opt/anaconda3/lib/python3.8/site-packages/airflow/example_dags/example_branch_labels.py
[2023-03-01T12:13:58.918+0100] {logging_mixin.py:137} INFO - [2023-03-01T12:13:58.917+0100] {dag.py:2690} INFO - Sync 1 DAGs
[2023-03-01T12:13:58.939+0100] {logging_mixin.py:137} INFO - [2023-03-01T12:13:58.939+0100] {dag.py:3437} INFO - Setting next_dagrun for example_branch_labels to 2023-02-28T00:00:00+00:00, run_after=2023-03-01T00:00:00+00:00
[2023-03-01T12:13:58.958+0100] {processor.py:175} INFO - Processing /Users/oanottage/opt/anaconda3/lib/python3.8/site-packages/airflow/example_dags/example_branch_labels.py took 1.059 seconds
[2023-03-01T12:15:49.682+0100] {processor.py:153} INFO - Started process (PID=82544) to work on /Users/oanottage/opt/anaconda3/lib/python3.8/site-packages/airflow/example_dags/example_branch_labels.py
[2023-03-01T12:15:49.686+0100] {processor.py:743} INFO - Processing file /Users/oanottage/opt/anaconda3/lib/python3.8/site-packages/airflow/example_dags/example_branch_labels.py for tasks to queue
[2023-03-01T12:15:49.686+0100] {logging_mixin.py:137} INFO - [2023-03-01T12:15:49.686+0100] {dagbag.py:538} INFO - Filling up the DagBag from /Users/oanottage/opt/anaconda3/lib/python3.8/site-packages/airflow/example_dags/example_branch_labels.py
[2023-03-01T12:15:49.746+0100] {processor.py:753} INFO - DAG(s) dict_keys(['example_branch_labels']) retrieved from /Users/oanottage/opt/anaconda3/lib/python3.8/site-packages/airflow/example_dags/example_branch_labels.py
[2023-03-01T12:15:50.610+0100] {logging_mixin.py:137} INFO - [2023-03-01T12:15:50.610+0100] {dag.py:2690} INFO - Sync 1 DAGs
[2023-03-01T12:15:50.624+0100] {logging_mixin.py:137} INFO - [2023-03-01T12:15:50.624+0100] {dag.py:3437} INFO - Setting next_dagrun for example_branch_labels to 2023-02-28T00:00:00+00:00, run_after=2023-03-01T00:00:00+00:00
[2023-03-01T12:15:50.637+0100] {processor.py:175} INFO - Processing /Users/oanottage/opt/anaconda3/lib/python3.8/site-packages/airflow/example_dags/example_branch_labels.py took 0.956 seconds
[2023-03-01T12:17:54.824+0100] {processor.py:153} INFO - Started process (PID=86737) to work on /Users/oanottage/opt/anaconda3/lib/python3.8/site-packages/airflow/example_dags/example_branch_labels.py
[2023-03-01T12:17:54.828+0100] {processor.py:743} INFO - Processing file /Users/oanottage/opt/anaconda3/lib/python3.8/site-packages/airflow/example_dags/example_branch_labels.py for tasks to queue
[2023-03-01T12:17:54.829+0100] {logging_mixin.py:137} INFO - [2023-03-01T12:17:54.829+0100] {dagbag.py:538} INFO - Filling up the DagBag from /Users/oanottage/opt/anaconda3/lib/python3.8/site-packages/airflow/example_dags/example_branch_labels.py
[2023-03-01T12:17:54.906+0100] {processor.py:753} INFO - DAG(s) dict_keys(['example_branch_labels']) retrieved from /Users/oanottage/opt/anaconda3/lib/python3.8/site-packages/airflow/example_dags/example_branch_labels.py
[2023-03-01T12:17:55.848+0100] {logging_mixin.py:137} INFO - [2023-03-01T12:17:55.847+0100] {dag.py:2690} INFO - Sync 1 DAGs
[2023-03-01T12:17:55.869+0100] {logging_mixin.py:137} INFO - [2023-03-01T12:17:55.868+0100] {dag.py:3437} INFO - Setting next_dagrun for example_branch_labels to 2023-02-28T00:00:00+00:00, run_after=2023-03-01T00:00:00+00:00
[2023-03-01T12:17:55.888+0100] {processor.py:175} INFO - Processing /Users/oanottage/opt/anaconda3/lib/python3.8/site-packages/airflow/example_dags/example_branch_labels.py took 1.064 seconds
[2023-03-01T12:19:48.570+0100] {processor.py:153} INFO - Started process (PID=90962) to work on /Users/oanottage/opt/anaconda3/lib/python3.8/site-packages/airflow/example_dags/example_branch_labels.py
[2023-03-01T12:19:48.573+0100] {processor.py:743} INFO - Processing file /Users/oanottage/opt/anaconda3/lib/python3.8/site-packages/airflow/example_dags/example_branch_labels.py for tasks to queue
[2023-03-01T12:19:48.573+0100] {logging_mixin.py:137} INFO - [2023-03-01T12:19:48.573+0100] {dagbag.py:538} INFO - Filling up the DagBag from /Users/oanottage/opt/anaconda3/lib/python3.8/site-packages/airflow/example_dags/example_branch_labels.py
[2023-03-01T12:19:48.616+0100] {processor.py:753} INFO - DAG(s) dict_keys(['example_branch_labels']) retrieved from /Users/oanottage/opt/anaconda3/lib/python3.8/site-packages/airflow/example_dags/example_branch_labels.py
[2023-03-01T12:19:49.513+0100] {logging_mixin.py:137} INFO - [2023-03-01T12:19:49.513+0100] {dag.py:2690} INFO - Sync 1 DAGs
[2023-03-01T12:19:49.529+0100] {logging_mixin.py:137} INFO - [2023-03-01T12:19:49.529+0100] {dag.py:3437} INFO - Setting next_dagrun for example_branch_labels to 2023-02-28T00:00:00+00:00, run_after=2023-03-01T00:00:00+00:00
[2023-03-01T12:19:49.543+0100] {processor.py:175} INFO - Processing /Users/oanottage/opt/anaconda3/lib/python3.8/site-packages/airflow/example_dags/example_branch_labels.py took 0.974 seconds
[2023-03-01T12:21:51.398+0100] {processor.py:153} INFO - Started process (PID=95220) to work on /Users/oanottage/opt/anaconda3/lib/python3.8/site-packages/airflow/example_dags/example_branch_labels.py
[2023-03-01T12:21:51.402+0100] {processor.py:743} INFO - Processing file /Users/oanottage/opt/anaconda3/lib/python3.8/site-packages/airflow/example_dags/example_branch_labels.py for tasks to queue
[2023-03-01T12:21:51.403+0100] {logging_mixin.py:137} INFO - [2023-03-01T12:21:51.403+0100] {dagbag.py:538} INFO - Filling up the DagBag from /Users/oanottage/opt/anaconda3/lib/python3.8/site-packages/airflow/example_dags/example_branch_labels.py
[2023-03-01T12:21:51.454+0100] {processor.py:753} INFO - DAG(s) dict_keys(['example_branch_labels']) retrieved from /Users/oanottage/opt/anaconda3/lib/python3.8/site-packages/airflow/example_dags/example_branch_labels.py
[2023-03-01T12:21:53.129+0100] {logging_mixin.py:137} INFO - [2023-03-01T12:21:53.129+0100] {dag.py:2690} INFO - Sync 1 DAGs
[2023-03-01T12:21:53.150+0100] {logging_mixin.py:137} INFO - [2023-03-01T12:21:53.150+0100] {dag.py:3437} INFO - Setting next_dagrun for example_branch_labels to 2023-02-28T00:00:00+00:00, run_after=2023-03-01T00:00:00+00:00
[2023-03-01T12:21:53.172+0100] {processor.py:175} INFO - Processing /Users/oanottage/opt/anaconda3/lib/python3.8/site-packages/airflow/example_dags/example_branch_labels.py took 1.774 seconds
[2023-03-01T12:24:23.753+0100] {processor.py:153} INFO - Started process (PID=848) to work on /Users/oanottage/opt/anaconda3/lib/python3.8/site-packages/airflow/example_dags/example_branch_labels.py
[2023-03-01T12:24:23.756+0100] {processor.py:743} INFO - Processing file /Users/oanottage/opt/anaconda3/lib/python3.8/site-packages/airflow/example_dags/example_branch_labels.py for tasks to queue
[2023-03-01T12:24:23.756+0100] {logging_mixin.py:137} INFO - [2023-03-01T12:24:23.756+0100] {dagbag.py:538} INFO - Filling up the DagBag from /Users/oanottage/opt/anaconda3/lib/python3.8/site-packages/airflow/example_dags/example_branch_labels.py
[2023-03-01T12:24:23.800+0100] {processor.py:753} INFO - DAG(s) dict_keys(['example_branch_labels']) retrieved from /Users/oanottage/opt/anaconda3/lib/python3.8/site-packages/airflow/example_dags/example_branch_labels.py
[2023-03-01T12:24:24.678+0100] {logging_mixin.py:137} INFO - [2023-03-01T12:24:24.678+0100] {dag.py:2690} INFO - Sync 1 DAGs
[2023-03-01T12:24:24.693+0100] {logging_mixin.py:137} INFO - [2023-03-01T12:24:24.693+0100] {dag.py:3437} INFO - Setting next_dagrun for example_branch_labels to 2023-02-28T00:00:00+00:00, run_after=2023-03-01T00:00:00+00:00
[2023-03-01T12:24:24.706+0100] {processor.py:175} INFO - Processing /Users/oanottage/opt/anaconda3/lib/python3.8/site-packages/airflow/example_dags/example_branch_labels.py took 0.954 seconds
[2023-03-01T12:26:25.741+0100] {processor.py:153} INFO - Started process (PID=5150) to work on /Users/oanottage/opt/anaconda3/lib/python3.8/site-packages/airflow/example_dags/example_branch_labels.py
[2023-03-01T12:26:25.745+0100] {processor.py:743} INFO - Processing file /Users/oanottage/opt/anaconda3/lib/python3.8/site-packages/airflow/example_dags/example_branch_labels.py for tasks to queue
[2023-03-01T12:26:25.745+0100] {logging_mixin.py:137} INFO - [2023-03-01T12:26:25.745+0100] {dagbag.py:538} INFO - Filling up the DagBag from /Users/oanottage/opt/anaconda3/lib/python3.8/site-packages/airflow/example_dags/example_branch_labels.py
[2023-03-01T12:26:25.796+0100] {processor.py:753} INFO - DAG(s) dict_keys(['example_branch_labels']) retrieved from /Users/oanottage/opt/anaconda3/lib/python3.8/site-packages/airflow/example_dags/example_branch_labels.py
[2023-03-01T12:26:26.814+0100] {logging_mixin.py:137} INFO - [2023-03-01T12:26:26.813+0100] {dag.py:2690} INFO - Sync 1 DAGs
[2023-03-01T12:26:26.838+0100] {logging_mixin.py:137} INFO - [2023-03-01T12:26:26.838+0100] {dag.py:3437} INFO - Setting next_dagrun for example_branch_labels to 2023-02-28T00:00:00+00:00, run_after=2023-03-01T00:00:00+00:00
[2023-03-01T12:26:26.860+0100] {processor.py:175} INFO - Processing /Users/oanottage/opt/anaconda3/lib/python3.8/site-packages/airflow/example_dags/example_branch_labels.py took 1.119 seconds
[2023-03-01T12:28:20.643+0100] {processor.py:153} INFO - Started process (PID=9366) to work on /Users/oanottage/opt/anaconda3/lib/python3.8/site-packages/airflow/example_dags/example_branch_labels.py
[2023-03-01T12:28:20.646+0100] {processor.py:743} INFO - Processing file /Users/oanottage/opt/anaconda3/lib/python3.8/site-packages/airflow/example_dags/example_branch_labels.py for tasks to queue
[2023-03-01T12:28:20.647+0100] {logging_mixin.py:137} INFO - [2023-03-01T12:28:20.647+0100] {dagbag.py:538} INFO - Filling up the DagBag from /Users/oanottage/opt/anaconda3/lib/python3.8/site-packages/airflow/example_dags/example_branch_labels.py
[2023-03-01T12:28:20.695+0100] {processor.py:753} INFO - DAG(s) dict_keys(['example_branch_labels']) retrieved from /Users/oanottage/opt/anaconda3/lib/python3.8/site-packages/airflow/example_dags/example_branch_labels.py
[2023-03-01T12:28:21.550+0100] {logging_mixin.py:137} INFO - [2023-03-01T12:28:21.549+0100] {dag.py:2690} INFO - Sync 1 DAGs
[2023-03-01T12:28:21.565+0100] {logging_mixin.py:137} INFO - [2023-03-01T12:28:21.565+0100] {dag.py:3437} INFO - Setting next_dagrun for example_branch_labels to 2023-02-28T00:00:00+00:00, run_after=2023-03-01T00:00:00+00:00
[2023-03-01T12:28:21.581+0100] {processor.py:175} INFO - Processing /Users/oanottage/opt/anaconda3/lib/python3.8/site-packages/airflow/example_dags/example_branch_labels.py took 0.939 seconds
[2023-03-01T12:30:10.660+0100] {processor.py:153} INFO - Started process (PID=13588) to work on /Users/oanottage/opt/anaconda3/lib/python3.8/site-packages/airflow/example_dags/example_branch_labels.py
[2023-03-01T12:30:10.663+0100] {processor.py:743} INFO - Processing file /Users/oanottage/opt/anaconda3/lib/python3.8/site-packages/airflow/example_dags/example_branch_labels.py for tasks to queue
[2023-03-01T12:30:10.663+0100] {logging_mixin.py:137} INFO - [2023-03-01T12:30:10.663+0100] {dagbag.py:538} INFO - Filling up the DagBag from /Users/oanottage/opt/anaconda3/lib/python3.8/site-packages/airflow/example_dags/example_branch_labels.py
[2023-03-01T12:30:10.708+0100] {processor.py:753} INFO - DAG(s) dict_keys(['example_branch_labels']) retrieved from /Users/oanottage/opt/anaconda3/lib/python3.8/site-packages/airflow/example_dags/example_branch_labels.py
[2023-03-01T12:30:11.622+0100] {logging_mixin.py:137} INFO - [2023-03-01T12:30:11.622+0100] {dag.py:2690} INFO - Sync 1 DAGs
[2023-03-01T12:30:11.637+0100] {logging_mixin.py:137} INFO - [2023-03-01T12:30:11.637+0100] {dag.py:3437} INFO - Setting next_dagrun for example_branch_labels to 2023-02-28T00:00:00+00:00, run_after=2023-03-01T00:00:00+00:00
[2023-03-01T12:30:11.651+0100] {processor.py:175} INFO - Processing /Users/oanottage/opt/anaconda3/lib/python3.8/site-packages/airflow/example_dags/example_branch_labels.py took 0.992 seconds
[2023-03-01T12:31:58.525+0100] {processor.py:153} INFO - Started process (PID=17007) to work on /Users/oanottage/opt/anaconda3/lib/python3.8/site-packages/airflow/example_dags/example_branch_labels.py
[2023-03-01T12:31:58.530+0100] {processor.py:743} INFO - Processing file /Users/oanottage/opt/anaconda3/lib/python3.8/site-packages/airflow/example_dags/example_branch_labels.py for tasks to queue
[2023-03-01T12:31:58.530+0100] {logging_mixin.py:137} INFO - [2023-03-01T12:31:58.530+0100] {dagbag.py:538} INFO - Filling up the DagBag from /Users/oanottage/opt/anaconda3/lib/python3.8/site-packages/airflow/example_dags/example_branch_labels.py
[2023-03-01T12:31:58.580+0100] {processor.py:753} INFO - DAG(s) dict_keys(['example_branch_labels']) retrieved from /Users/oanottage/opt/anaconda3/lib/python3.8/site-packages/airflow/example_dags/example_branch_labels.py
[2023-03-01T12:31:59.508+0100] {logging_mixin.py:137} INFO - [2023-03-01T12:31:59.507+0100] {dag.py:2690} INFO - Sync 1 DAGs
[2023-03-01T12:31:59.523+0100] {logging_mixin.py:137} INFO - [2023-03-01T12:31:59.523+0100] {dag.py:3437} INFO - Setting next_dagrun for example_branch_labels to 2023-02-28T00:00:00+00:00, run_after=2023-03-01T00:00:00+00:00
[2023-03-01T12:31:59.536+0100] {processor.py:175} INFO - Processing /Users/oanottage/opt/anaconda3/lib/python3.8/site-packages/airflow/example_dags/example_branch_labels.py took 1.012 seconds
[2023-03-01T12:33:47.612+0100] {processor.py:153} INFO - Started process (PID=21064) to work on /Users/oanottage/opt/anaconda3/lib/python3.8/site-packages/airflow/example_dags/example_branch_labels.py
[2023-03-01T12:33:47.616+0100] {processor.py:743} INFO - Processing file /Users/oanottage/opt/anaconda3/lib/python3.8/site-packages/airflow/example_dags/example_branch_labels.py for tasks to queue
[2023-03-01T12:33:47.616+0100] {logging_mixin.py:137} INFO - [2023-03-01T12:33:47.616+0100] {dagbag.py:538} INFO - Filling up the DagBag from /Users/oanottage/opt/anaconda3/lib/python3.8/site-packages/airflow/example_dags/example_branch_labels.py
[2023-03-01T12:33:47.660+0100] {processor.py:753} INFO - DAG(s) dict_keys(['example_branch_labels']) retrieved from /Users/oanottage/opt/anaconda3/lib/python3.8/site-packages/airflow/example_dags/example_branch_labels.py
[2023-03-01T12:33:48.536+0100] {logging_mixin.py:137} INFO - [2023-03-01T12:33:48.536+0100] {dag.py:2690} INFO - Sync 1 DAGs
[2023-03-01T12:33:48.549+0100] {logging_mixin.py:137} INFO - [2023-03-01T12:33:48.549+0100] {dag.py:3437} INFO - Setting next_dagrun for example_branch_labels to 2023-02-28T00:00:00+00:00, run_after=2023-03-01T00:00:00+00:00
[2023-03-01T12:33:48.561+0100] {processor.py:175} INFO - Processing /Users/oanottage/opt/anaconda3/lib/python3.8/site-packages/airflow/example_dags/example_branch_labels.py took 0.949 seconds
[2023-03-01T12:35:40.297+0100] {processor.py:153} INFO - Started process (PID=25277) to work on /Users/oanottage/opt/anaconda3/lib/python3.8/site-packages/airflow/example_dags/example_branch_labels.py
[2023-03-01T12:35:40.301+0100] {processor.py:743} INFO - Processing file /Users/oanottage/opt/anaconda3/lib/python3.8/site-packages/airflow/example_dags/example_branch_labels.py for tasks to queue
[2023-03-01T12:35:40.301+0100] {logging_mixin.py:137} INFO - [2023-03-01T12:35:40.301+0100] {dagbag.py:538} INFO - Filling up the DagBag from /Users/oanottage/opt/anaconda3/lib/python3.8/site-packages/airflow/example_dags/example_branch_labels.py
[2023-03-01T12:35:40.345+0100] {processor.py:753} INFO - DAG(s) dict_keys(['example_branch_labels']) retrieved from /Users/oanottage/opt/anaconda3/lib/python3.8/site-packages/airflow/example_dags/example_branch_labels.py
[2023-03-01T12:35:41.202+0100] {logging_mixin.py:137} INFO - [2023-03-01T12:35:41.201+0100] {dag.py:2690} INFO - Sync 1 DAGs
[2023-03-01T12:35:41.216+0100] {logging_mixin.py:137} INFO - [2023-03-01T12:35:41.216+0100] {dag.py:3437} INFO - Setting next_dagrun for example_branch_labels to 2023-02-28T00:00:00+00:00, run_after=2023-03-01T00:00:00+00:00
[2023-03-01T12:35:41.229+0100] {processor.py:175} INFO - Processing /Users/oanottage/opt/anaconda3/lib/python3.8/site-packages/airflow/example_dags/example_branch_labels.py took 0.932 seconds
[2023-03-01T12:37:34.792+0100] {processor.py:153} INFO - Started process (PID=29518) to work on /Users/oanottage/opt/anaconda3/lib/python3.8/site-packages/airflow/example_dags/example_branch_labels.py
[2023-03-01T12:37:34.798+0100] {processor.py:743} INFO - Processing file /Users/oanottage/opt/anaconda3/lib/python3.8/site-packages/airflow/example_dags/example_branch_labels.py for tasks to queue
[2023-03-01T12:37:34.798+0100] {logging_mixin.py:137} INFO - [2023-03-01T12:37:34.798+0100] {dagbag.py:538} INFO - Filling up the DagBag from /Users/oanottage/opt/anaconda3/lib/python3.8/site-packages/airflow/example_dags/example_branch_labels.py
[2023-03-01T12:37:34.866+0100] {processor.py:753} INFO - DAG(s) dict_keys(['example_branch_labels']) retrieved from /Users/oanottage/opt/anaconda3/lib/python3.8/site-packages/airflow/example_dags/example_branch_labels.py
[2023-03-01T12:37:35.692+0100] {logging_mixin.py:137} INFO - [2023-03-01T12:37:35.692+0100] {dag.py:2690} INFO - Sync 1 DAGs
[2023-03-01T12:37:35.706+0100] {logging_mixin.py:137} INFO - [2023-03-01T12:37:35.705+0100] {dag.py:3437} INFO - Setting next_dagrun for example_branch_labels to 2023-02-28T00:00:00+00:00, run_after=2023-03-01T00:00:00+00:00
[2023-03-01T12:37:35.717+0100] {processor.py:175} INFO - Processing /Users/oanottage/opt/anaconda3/lib/python3.8/site-packages/airflow/example_dags/example_branch_labels.py took 0.925 seconds
[2023-03-01T12:39:33.499+0100] {processor.py:153} INFO - Started process (PID=33754) to work on /Users/oanottage/opt/anaconda3/lib/python3.8/site-packages/airflow/example_dags/example_branch_labels.py
[2023-03-01T12:39:33.502+0100] {processor.py:743} INFO - Processing file /Users/oanottage/opt/anaconda3/lib/python3.8/site-packages/airflow/example_dags/example_branch_labels.py for tasks to queue
[2023-03-01T12:39:33.503+0100] {logging_mixin.py:137} INFO - [2023-03-01T12:39:33.503+0100] {dagbag.py:538} INFO - Filling up the DagBag from /Users/oanottage/opt/anaconda3/lib/python3.8/site-packages/airflow/example_dags/example_branch_labels.py
[2023-03-01T12:39:33.565+0100] {processor.py:753} INFO - DAG(s) dict_keys(['example_branch_labels']) retrieved from /Users/oanottage/opt/anaconda3/lib/python3.8/site-packages/airflow/example_dags/example_branch_labels.py
[2023-03-01T12:39:34.717+0100] {logging_mixin.py:137} INFO - [2023-03-01T12:39:34.717+0100] {dag.py:2690} INFO - Sync 1 DAGs
[2023-03-01T12:39:34.743+0100] {logging_mixin.py:137} INFO - [2023-03-01T12:39:34.743+0100] {dag.py:3437} INFO - Setting next_dagrun for example_branch_labels to 2023-02-28T00:00:00+00:00, run_after=2023-03-01T00:00:00+00:00
[2023-03-01T12:39:34.766+0100] {processor.py:175} INFO - Processing /Users/oanottage/opt/anaconda3/lib/python3.8/site-packages/airflow/example_dags/example_branch_labels.py took 1.268 seconds
[2023-03-01T12:41:44.601+0100] {processor.py:153} INFO - Started process (PID=38021) to work on /Users/oanottage/opt/anaconda3/lib/python3.8/site-packages/airflow/example_dags/example_branch_labels.py
[2023-03-01T12:41:44.605+0100] {processor.py:743} INFO - Processing file /Users/oanottage/opt/anaconda3/lib/python3.8/site-packages/airflow/example_dags/example_branch_labels.py for tasks to queue
[2023-03-01T12:41:44.605+0100] {logging_mixin.py:137} INFO - [2023-03-01T12:41:44.605+0100] {dagbag.py:538} INFO - Filling up the DagBag from /Users/oanottage/opt/anaconda3/lib/python3.8/site-packages/airflow/example_dags/example_branch_labels.py
[2023-03-01T12:41:44.652+0100] {processor.py:753} INFO - DAG(s) dict_keys(['example_branch_labels']) retrieved from /Users/oanottage/opt/anaconda3/lib/python3.8/site-packages/airflow/example_dags/example_branch_labels.py
[2023-03-01T12:41:45.900+0100] {logging_mixin.py:137} INFO - [2023-03-01T12:41:45.900+0100] {dag.py:2690} INFO - Sync 1 DAGs
[2023-03-01T12:41:45.925+0100] {logging_mixin.py:137} INFO - [2023-03-01T12:41:45.925+0100] {dag.py:3437} INFO - Setting next_dagrun for example_branch_labels to 2023-02-28T00:00:00+00:00, run_after=2023-03-01T00:00:00+00:00
[2023-03-01T12:41:45.952+0100] {processor.py:175} INFO - Processing /Users/oanottage/opt/anaconda3/lib/python3.8/site-packages/airflow/example_dags/example_branch_labels.py took 1.352 seconds
[2023-03-01T12:43:53.216+0100] {processor.py:153} INFO - Started process (PID=42270) to work on /Users/oanottage/opt/anaconda3/lib/python3.8/site-packages/airflow/example_dags/example_branch_labels.py
[2023-03-01T12:43:53.220+0100] {processor.py:743} INFO - Processing file /Users/oanottage/opt/anaconda3/lib/python3.8/site-packages/airflow/example_dags/example_branch_labels.py for tasks to queue
[2023-03-01T12:43:53.220+0100] {logging_mixin.py:137} INFO - [2023-03-01T12:43:53.220+0100] {dagbag.py:538} INFO - Filling up the DagBag from /Users/oanottage/opt/anaconda3/lib/python3.8/site-packages/airflow/example_dags/example_branch_labels.py
[2023-03-01T12:43:53.278+0100] {processor.py:753} INFO - DAG(s) dict_keys(['example_branch_labels']) retrieved from /Users/oanottage/opt/anaconda3/lib/python3.8/site-packages/airflow/example_dags/example_branch_labels.py
[2023-03-01T12:43:54.435+0100] {logging_mixin.py:137} INFO - [2023-03-01T12:43:54.434+0100] {dag.py:2690} INFO - Sync 1 DAGs
[2023-03-01T12:43:54.450+0100] {logging_mixin.py:137} INFO - [2023-03-01T12:43:54.450+0100] {dag.py:3437} INFO - Setting next_dagrun for example_branch_labels to 2023-02-28T00:00:00+00:00, run_after=2023-03-01T00:00:00+00:00
[2023-03-01T12:43:54.464+0100] {processor.py:175} INFO - Processing /Users/oanottage/opt/anaconda3/lib/python3.8/site-packages/airflow/example_dags/example_branch_labels.py took 1.248 seconds
[2023-03-01T12:46:04.643+0100] {processor.py:153} INFO - Started process (PID=47429) to work on /Users/oanottage/opt/anaconda3/lib/python3.8/site-packages/airflow/example_dags/example_branch_labels.py
[2023-03-01T12:46:04.651+0100] {processor.py:743} INFO - Processing file /Users/oanottage/opt/anaconda3/lib/python3.8/site-packages/airflow/example_dags/example_branch_labels.py for tasks to queue
[2023-03-01T12:46:04.652+0100] {logging_mixin.py:137} INFO - [2023-03-01T12:46:04.652+0100] {dagbag.py:538} INFO - Filling up the DagBag from /Users/oanottage/opt/anaconda3/lib/python3.8/site-packages/airflow/example_dags/example_branch_labels.py
[2023-03-01T12:46:04.792+0100] {processor.py:753} INFO - DAG(s) dict_keys(['example_branch_labels']) retrieved from /Users/oanottage/opt/anaconda3/lib/python3.8/site-packages/airflow/example_dags/example_branch_labels.py
[2023-03-01T12:46:06.468+0100] {logging_mixin.py:137} INFO - [2023-03-01T12:46:06.468+0100] {dag.py:2690} INFO - Sync 1 DAGs
[2023-03-01T12:46:06.482+0100] {logging_mixin.py:137} INFO - [2023-03-01T12:46:06.481+0100] {dag.py:3437} INFO - Setting next_dagrun for example_branch_labels to 2023-02-28T00:00:00+00:00, run_after=2023-03-01T00:00:00+00:00
[2023-03-01T12:46:06.496+0100] {processor.py:175} INFO - Processing /Users/oanottage/opt/anaconda3/lib/python3.8/site-packages/airflow/example_dags/example_branch_labels.py took 1.854 seconds
[2023-03-01T12:48:06.499+0100] {processor.py:153} INFO - Started process (PID=51905) to work on /Users/oanottage/opt/anaconda3/lib/python3.8/site-packages/airflow/example_dags/example_branch_labels.py
[2023-03-01T12:48:06.503+0100] {processor.py:743} INFO - Processing file /Users/oanottage/opt/anaconda3/lib/python3.8/site-packages/airflow/example_dags/example_branch_labels.py for tasks to queue
[2023-03-01T12:48:06.504+0100] {logging_mixin.py:137} INFO - [2023-03-01T12:48:06.503+0100] {dagbag.py:538} INFO - Filling up the DagBag from /Users/oanottage/opt/anaconda3/lib/python3.8/site-packages/airflow/example_dags/example_branch_labels.py
[2023-03-01T12:48:06.558+0100] {processor.py:753} INFO - DAG(s) dict_keys(['example_branch_labels']) retrieved from /Users/oanottage/opt/anaconda3/lib/python3.8/site-packages/airflow/example_dags/example_branch_labels.py
[2023-03-01T12:48:07.654+0100] {logging_mixin.py:137} INFO - [2023-03-01T12:48:07.653+0100] {dag.py:2690} INFO - Sync 1 DAGs
[2023-03-01T12:48:07.677+0100] {logging_mixin.py:137} INFO - [2023-03-01T12:48:07.677+0100] {dag.py:3437} INFO - Setting next_dagrun for example_branch_labels to 2023-02-28T00:00:00+00:00, run_after=2023-03-01T00:00:00+00:00
[2023-03-01T12:48:07.700+0100] {processor.py:175} INFO - Processing /Users/oanottage/opt/anaconda3/lib/python3.8/site-packages/airflow/example_dags/example_branch_labels.py took 1.202 seconds
[2023-03-01T12:50:12.563+0100] {processor.py:153} INFO - Started process (PID=56218) to work on /Users/oanottage/opt/anaconda3/lib/python3.8/site-packages/airflow/example_dags/example_branch_labels.py
[2023-03-01T12:50:12.567+0100] {processor.py:743} INFO - Processing file /Users/oanottage/opt/anaconda3/lib/python3.8/site-packages/airflow/example_dags/example_branch_labels.py for tasks to queue
[2023-03-01T12:50:12.567+0100] {logging_mixin.py:137} INFO - [2023-03-01T12:50:12.567+0100] {dagbag.py:538} INFO - Filling up the DagBag from /Users/oanottage/opt/anaconda3/lib/python3.8/site-packages/airflow/example_dags/example_branch_labels.py
[2023-03-01T12:50:12.625+0100] {processor.py:753} INFO - DAG(s) dict_keys(['example_branch_labels']) retrieved from /Users/oanottage/opt/anaconda3/lib/python3.8/site-packages/airflow/example_dags/example_branch_labels.py
[2023-03-01T12:50:13.642+0100] {logging_mixin.py:137} INFO - [2023-03-01T12:50:13.642+0100] {dag.py:2690} INFO - Sync 1 DAGs
[2023-03-01T12:50:13.659+0100] {logging_mixin.py:137} INFO - [2023-03-01T12:50:13.659+0100] {dag.py:3437} INFO - Setting next_dagrun for example_branch_labels to 2023-02-28T00:00:00+00:00, run_after=2023-03-01T00:00:00+00:00
[2023-03-01T12:50:13.673+0100] {processor.py:175} INFO - Processing /Users/oanottage/opt/anaconda3/lib/python3.8/site-packages/airflow/example_dags/example_branch_labels.py took 1.111 seconds
[2023-03-01T12:52:08.826+0100] {processor.py:153} INFO - Started process (PID=60470) to work on /Users/oanottage/opt/anaconda3/lib/python3.8/site-packages/airflow/example_dags/example_branch_labels.py
[2023-03-01T12:52:08.832+0100] {processor.py:743} INFO - Processing file /Users/oanottage/opt/anaconda3/lib/python3.8/site-packages/airflow/example_dags/example_branch_labels.py for tasks to queue
[2023-03-01T12:52:08.833+0100] {logging_mixin.py:137} INFO - [2023-03-01T12:52:08.833+0100] {dagbag.py:538} INFO - Filling up the DagBag from /Users/oanottage/opt/anaconda3/lib/python3.8/site-packages/airflow/example_dags/example_branch_labels.py
[2023-03-01T12:52:08.908+0100] {processor.py:753} INFO - DAG(s) dict_keys(['example_branch_labels']) retrieved from /Users/oanottage/opt/anaconda3/lib/python3.8/site-packages/airflow/example_dags/example_branch_labels.py
[2023-03-01T12:52:09.995+0100] {logging_mixin.py:137} INFO - [2023-03-01T12:52:09.995+0100] {dag.py:2690} INFO - Sync 1 DAGs
[2023-03-01T12:52:10.020+0100] {logging_mixin.py:137} INFO - [2023-03-01T12:52:10.020+0100] {dag.py:3437} INFO - Setting next_dagrun for example_branch_labels to 2023-02-28T00:00:00+00:00, run_after=2023-03-01T00:00:00+00:00
[2023-03-01T12:52:10.042+0100] {processor.py:175} INFO - Processing /Users/oanottage/opt/anaconda3/lib/python3.8/site-packages/airflow/example_dags/example_branch_labels.py took 1.217 seconds
[2023-03-01T12:54:15.042+0100] {processor.py:153} INFO - Started process (PID=64774) to work on /Users/oanottage/opt/anaconda3/lib/python3.8/site-packages/airflow/example_dags/example_branch_labels.py
[2023-03-01T12:54:15.046+0100] {processor.py:743} INFO - Processing file /Users/oanottage/opt/anaconda3/lib/python3.8/site-packages/airflow/example_dags/example_branch_labels.py for tasks to queue
[2023-03-01T12:54:15.046+0100] {logging_mixin.py:137} INFO - [2023-03-01T12:54:15.046+0100] {dagbag.py:538} INFO - Filling up the DagBag from /Users/oanottage/opt/anaconda3/lib/python3.8/site-packages/airflow/example_dags/example_branch_labels.py
[2023-03-01T12:54:15.093+0100] {processor.py:753} INFO - DAG(s) dict_keys(['example_branch_labels']) retrieved from /Users/oanottage/opt/anaconda3/lib/python3.8/site-packages/airflow/example_dags/example_branch_labels.py
[2023-03-01T12:54:15.933+0100] {logging_mixin.py:137} INFO - [2023-03-01T12:54:15.932+0100] {dag.py:2690} INFO - Sync 1 DAGs
[2023-03-01T12:54:15.954+0100] {logging_mixin.py:137} INFO - [2023-03-01T12:54:15.954+0100] {dag.py:3437} INFO - Setting next_dagrun for example_branch_labels to 2023-02-28T00:00:00+00:00, run_after=2023-03-01T00:00:00+00:00
[2023-03-01T12:54:15.974+0100] {processor.py:175} INFO - Processing /Users/oanottage/opt/anaconda3/lib/python3.8/site-packages/airflow/example_dags/example_branch_labels.py took 0.933 seconds
[2023-03-01T12:56:09.305+0100] {processor.py:153} INFO - Started process (PID=69027) to work on /Users/oanottage/opt/anaconda3/lib/python3.8/site-packages/airflow/example_dags/example_branch_labels.py
[2023-03-01T12:56:09.309+0100] {processor.py:743} INFO - Processing file /Users/oanottage/opt/anaconda3/lib/python3.8/site-packages/airflow/example_dags/example_branch_labels.py for tasks to queue
[2023-03-01T12:56:09.310+0100] {logging_mixin.py:137} INFO - [2023-03-01T12:56:09.310+0100] {dagbag.py:538} INFO - Filling up the DagBag from /Users/oanottage/opt/anaconda3/lib/python3.8/site-packages/airflow/example_dags/example_branch_labels.py
[2023-03-01T12:56:09.357+0100] {processor.py:753} INFO - DAG(s) dict_keys(['example_branch_labels']) retrieved from /Users/oanottage/opt/anaconda3/lib/python3.8/site-packages/airflow/example_dags/example_branch_labels.py
[2023-03-01T12:56:10.232+0100] {logging_mixin.py:137} INFO - [2023-03-01T12:56:10.232+0100] {dag.py:2690} INFO - Sync 1 DAGs
[2023-03-01T12:56:10.246+0100] {logging_mixin.py:137} INFO - [2023-03-01T12:56:10.246+0100] {dag.py:3437} INFO - Setting next_dagrun for example_branch_labels to 2023-02-28T00:00:00+00:00, run_after=2023-03-01T00:00:00+00:00
[2023-03-01T12:56:10.260+0100] {processor.py:175} INFO - Processing /Users/oanottage/opt/anaconda3/lib/python3.8/site-packages/airflow/example_dags/example_branch_labels.py took 0.955 seconds
[2023-03-01T12:57:58.554+0100] {processor.py:153} INFO - Started process (PID=72509) to work on /Users/oanottage/opt/anaconda3/lib/python3.8/site-packages/airflow/example_dags/example_branch_labels.py
[2023-03-01T12:57:58.559+0100] {processor.py:743} INFO - Processing file /Users/oanottage/opt/anaconda3/lib/python3.8/site-packages/airflow/example_dags/example_branch_labels.py for tasks to queue
[2023-03-01T12:57:58.559+0100] {logging_mixin.py:137} INFO - [2023-03-01T12:57:58.559+0100] {dagbag.py:538} INFO - Filling up the DagBag from /Users/oanottage/opt/anaconda3/lib/python3.8/site-packages/airflow/example_dags/example_branch_labels.py
[2023-03-01T12:57:58.610+0100] {processor.py:753} INFO - DAG(s) dict_keys(['example_branch_labels']) retrieved from /Users/oanottage/opt/anaconda3/lib/python3.8/site-packages/airflow/example_dags/example_branch_labels.py
[2023-03-01T12:57:59.534+0100] {logging_mixin.py:137} INFO - [2023-03-01T12:57:59.534+0100] {dag.py:2690} INFO - Sync 1 DAGs
[2023-03-01T12:57:59.550+0100] {logging_mixin.py:137} INFO - [2023-03-01T12:57:59.550+0100] {dag.py:3437} INFO - Setting next_dagrun for example_branch_labels to 2023-02-28T00:00:00+00:00, run_after=2023-03-01T00:00:00+00:00
[2023-03-01T12:57:59.563+0100] {processor.py:175} INFO - Processing /Users/oanottage/opt/anaconda3/lib/python3.8/site-packages/airflow/example_dags/example_branch_labels.py took 1.009 seconds
[2023-03-01T12:59:59.389+0100] {processor.py:153} INFO - Started process (PID=77021) to work on /Users/oanottage/opt/anaconda3/lib/python3.8/site-packages/airflow/example_dags/example_branch_labels.py
[2023-03-01T12:59:59.393+0100] {processor.py:743} INFO - Processing file /Users/oanottage/opt/anaconda3/lib/python3.8/site-packages/airflow/example_dags/example_branch_labels.py for tasks to queue
[2023-03-01T12:59:59.394+0100] {logging_mixin.py:137} INFO - [2023-03-01T12:59:59.393+0100] {dagbag.py:538} INFO - Filling up the DagBag from /Users/oanottage/opt/anaconda3/lib/python3.8/site-packages/airflow/example_dags/example_branch_labels.py
[2023-03-01T12:59:59.444+0100] {processor.py:753} INFO - DAG(s) dict_keys(['example_branch_labels']) retrieved from /Users/oanottage/opt/anaconda3/lib/python3.8/site-packages/airflow/example_dags/example_branch_labels.py
[2023-03-01T13:00:00.421+0100] {logging_mixin.py:137} INFO - [2023-03-01T13:00:00.421+0100] {dag.py:2690} INFO - Sync 1 DAGs
[2023-03-01T13:00:00.437+0100] {logging_mixin.py:137} INFO - [2023-03-01T13:00:00.437+0100] {dag.py:3437} INFO - Setting next_dagrun for example_branch_labels to 2023-02-28T00:00:00+00:00, run_after=2023-03-01T00:00:00+00:00
[2023-03-01T13:00:00.450+0100] {processor.py:175} INFO - Processing /Users/oanottage/opt/anaconda3/lib/python3.8/site-packages/airflow/example_dags/example_branch_labels.py took 1.062 seconds
