[2023-03-01T12:04:16.067+0100] {processor.py:153} INFO - Started process (PID=58327) to work on /Users/oanottage/opt/anaconda3/lib/python3.8/site-packages/airflow/example_dags/example_branch_day_of_week_operator.py
[2023-03-01T12:04:16.071+0100] {processor.py:743} INFO - Processing file /Users/oanottage/opt/anaconda3/lib/python3.8/site-packages/airflow/example_dags/example_branch_day_of_week_operator.py for tasks to queue
[2023-03-01T12:04:16.072+0100] {logging_mixin.py:137} INFO - [2023-03-01T12:04:16.072+0100] {dagbag.py:538} INFO - Filling up the DagBag from /Users/oanottage/opt/anaconda3/lib/python3.8/site-packages/airflow/example_dags/example_branch_day_of_week_operator.py
[2023-03-01T12:04:16.130+0100] {processor.py:753} INFO - DAG(s) dict_keys(['example_weekday_branch_operator']) retrieved from /Users/oanottage/opt/anaconda3/lib/python3.8/site-packages/airflow/example_dags/example_branch_day_of_week_operator.py
[2023-03-01T12:04:17.155+0100] {logging_mixin.py:137} INFO - [2023-03-01T12:04:17.154+0100] {manager.py:504} INFO - Created Permission View: can delete on DAG:example_weekday_branch_operator
[2023-03-01T12:04:17.160+0100] {logging_mixin.py:137} INFO - [2023-03-01T12:04:17.160+0100] {manager.py:504} INFO - Created Permission View: can edit on DAG:example_weekday_branch_operator
[2023-03-01T12:04:17.165+0100] {logging_mixin.py:137} INFO - [2023-03-01T12:04:17.165+0100] {manager.py:504} INFO - Created Permission View: can read on DAG:example_weekday_branch_operator
[2023-03-01T12:04:17.165+0100] {logging_mixin.py:137} INFO - [2023-03-01T12:04:17.165+0100] {dag.py:2690} INFO - Sync 1 DAGs
[2023-03-01T12:04:17.173+0100] {logging_mixin.py:137} INFO - [2023-03-01T12:04:17.173+0100] {dag.py:2711} INFO - Creating ORM DAG for example_weekday_branch_operator
[2023-03-01T12:04:17.181+0100] {logging_mixin.py:137} INFO - [2023-03-01T12:04:17.181+0100] {dag.py:3437} INFO - Setting next_dagrun for example_weekday_branch_operator to 2023-02-28T00:00:00+00:00, run_after=2023-03-01T00:00:00+00:00
[2023-03-01T12:04:17.194+0100] {processor.py:175} INFO - Processing /Users/oanottage/opt/anaconda3/lib/python3.8/site-packages/airflow/example_dags/example_branch_day_of_week_operator.py took 1.127 seconds
[2023-03-01T12:06:12.456+0100] {processor.py:153} INFO - Started process (PID=62510) to work on /Users/oanottage/opt/anaconda3/lib/python3.8/site-packages/airflow/example_dags/example_branch_day_of_week_operator.py
[2023-03-01T12:06:12.459+0100] {processor.py:743} INFO - Processing file /Users/oanottage/opt/anaconda3/lib/python3.8/site-packages/airflow/example_dags/example_branch_day_of_week_operator.py for tasks to queue
[2023-03-01T12:06:12.459+0100] {logging_mixin.py:137} INFO - [2023-03-01T12:06:12.459+0100] {dagbag.py:538} INFO - Filling up the DagBag from /Users/oanottage/opt/anaconda3/lib/python3.8/site-packages/airflow/example_dags/example_branch_day_of_week_operator.py
[2023-03-01T12:06:12.513+0100] {processor.py:753} INFO - DAG(s) dict_keys(['example_weekday_branch_operator']) retrieved from /Users/oanottage/opt/anaconda3/lib/python3.8/site-packages/airflow/example_dags/example_branch_day_of_week_operator.py
[2023-03-01T12:06:13.414+0100] {logging_mixin.py:137} INFO - [2023-03-01T12:06:13.414+0100] {dag.py:2690} INFO - Sync 1 DAGs
[2023-03-01T12:06:13.430+0100] {logging_mixin.py:137} INFO - [2023-03-01T12:06:13.430+0100] {dag.py:3437} INFO - Setting next_dagrun for example_weekday_branch_operator to 2023-02-28T00:00:00+00:00, run_after=2023-03-01T00:00:00+00:00
[2023-03-01T12:06:13.444+0100] {processor.py:175} INFO - Processing /Users/oanottage/opt/anaconda3/lib/python3.8/site-packages/airflow/example_dags/example_branch_day_of_week_operator.py took 0.989 seconds
[2023-03-01T12:08:04.687+0100] {processor.py:153} INFO - Started process (PID=66697) to work on /Users/oanottage/opt/anaconda3/lib/python3.8/site-packages/airflow/example_dags/example_branch_day_of_week_operator.py
[2023-03-01T12:08:04.691+0100] {processor.py:743} INFO - Processing file /Users/oanottage/opt/anaconda3/lib/python3.8/site-packages/airflow/example_dags/example_branch_day_of_week_operator.py for tasks to queue
[2023-03-01T12:08:04.691+0100] {logging_mixin.py:137} INFO - [2023-03-01T12:08:04.691+0100] {dagbag.py:538} INFO - Filling up the DagBag from /Users/oanottage/opt/anaconda3/lib/python3.8/site-packages/airflow/example_dags/example_branch_day_of_week_operator.py
[2023-03-01T12:08:04.751+0100] {processor.py:753} INFO - DAG(s) dict_keys(['example_weekday_branch_operator']) retrieved from /Users/oanottage/opt/anaconda3/lib/python3.8/site-packages/airflow/example_dags/example_branch_day_of_week_operator.py
[2023-03-01T12:08:05.594+0100] {logging_mixin.py:137} INFO - [2023-03-01T12:08:05.593+0100] {dag.py:2690} INFO - Sync 1 DAGs
[2023-03-01T12:08:05.610+0100] {logging_mixin.py:137} INFO - [2023-03-01T12:08:05.610+0100] {dag.py:3437} INFO - Setting next_dagrun for example_weekday_branch_operator to 2023-02-28T00:00:00+00:00, run_after=2023-03-01T00:00:00+00:00
[2023-03-01T12:08:05.624+0100] {processor.py:175} INFO - Processing /Users/oanottage/opt/anaconda3/lib/python3.8/site-packages/airflow/example_dags/example_branch_day_of_week_operator.py took 0.938 seconds
[2023-03-01T12:09:59.182+0100] {processor.py:153} INFO - Started process (PID=70273) to work on /Users/oanottage/opt/anaconda3/lib/python3.8/site-packages/airflow/example_dags/example_branch_day_of_week_operator.py
[2023-03-01T12:09:59.186+0100] {processor.py:743} INFO - Processing file /Users/oanottage/opt/anaconda3/lib/python3.8/site-packages/airflow/example_dags/example_branch_day_of_week_operator.py for tasks to queue
[2023-03-01T12:09:59.187+0100] {logging_mixin.py:137} INFO - [2023-03-01T12:09:59.187+0100] {dagbag.py:538} INFO - Filling up the DagBag from /Users/oanottage/opt/anaconda3/lib/python3.8/site-packages/airflow/example_dags/example_branch_day_of_week_operator.py
[2023-03-01T12:09:59.243+0100] {processor.py:753} INFO - DAG(s) dict_keys(['example_weekday_branch_operator']) retrieved from /Users/oanottage/opt/anaconda3/lib/python3.8/site-packages/airflow/example_dags/example_branch_day_of_week_operator.py
[2023-03-01T12:10:00.191+0100] {logging_mixin.py:137} INFO - [2023-03-01T12:10:00.191+0100] {dag.py:2690} INFO - Sync 1 DAGs
[2023-03-01T12:10:00.208+0100] {logging_mixin.py:137} INFO - [2023-03-01T12:10:00.208+0100] {dag.py:3437} INFO - Setting next_dagrun for example_weekday_branch_operator to 2023-02-28T00:00:00+00:00, run_after=2023-03-01T00:00:00+00:00
[2023-03-01T12:10:00.223+0100] {processor.py:175} INFO - Processing /Users/oanottage/opt/anaconda3/lib/python3.8/site-packages/airflow/example_dags/example_branch_day_of_week_operator.py took 1.041 seconds
[2023-03-01T12:12:06.220+0100] {processor.py:153} INFO - Started process (PID=75173) to work on /Users/oanottage/opt/anaconda3/lib/python3.8/site-packages/airflow/example_dags/example_branch_day_of_week_operator.py
[2023-03-01T12:12:06.224+0100] {processor.py:743} INFO - Processing file /Users/oanottage/opt/anaconda3/lib/python3.8/site-packages/airflow/example_dags/example_branch_day_of_week_operator.py for tasks to queue
[2023-03-01T12:12:06.225+0100] {logging_mixin.py:137} INFO - [2023-03-01T12:12:06.224+0100] {dagbag.py:538} INFO - Filling up the DagBag from /Users/oanottage/opt/anaconda3/lib/python3.8/site-packages/airflow/example_dags/example_branch_day_of_week_operator.py
[2023-03-01T12:12:06.274+0100] {processor.py:753} INFO - DAG(s) dict_keys(['example_weekday_branch_operator']) retrieved from /Users/oanottage/opt/anaconda3/lib/python3.8/site-packages/airflow/example_dags/example_branch_day_of_week_operator.py
[2023-03-01T12:12:07.171+0100] {logging_mixin.py:137} INFO - [2023-03-01T12:12:07.171+0100] {dag.py:2690} INFO - Sync 1 DAGs
[2023-03-01T12:12:07.186+0100] {logging_mixin.py:137} INFO - [2023-03-01T12:12:07.186+0100] {dag.py:3437} INFO - Setting next_dagrun for example_weekday_branch_operator to 2023-02-28T00:00:00+00:00, run_after=2023-03-01T00:00:00+00:00
[2023-03-01T12:12:07.200+0100] {processor.py:175} INFO - Processing /Users/oanottage/opt/anaconda3/lib/python3.8/site-packages/airflow/example_dags/example_branch_day_of_week_operator.py took 0.981 seconds
[2023-03-01T12:14:00.947+0100] {processor.py:153} INFO - Started process (PID=79303) to work on /Users/oanottage/opt/anaconda3/lib/python3.8/site-packages/airflow/example_dags/example_branch_day_of_week_operator.py
[2023-03-01T12:14:00.952+0100] {processor.py:743} INFO - Processing file /Users/oanottage/opt/anaconda3/lib/python3.8/site-packages/airflow/example_dags/example_branch_day_of_week_operator.py for tasks to queue
[2023-03-01T12:14:00.953+0100] {logging_mixin.py:137} INFO - [2023-03-01T12:14:00.953+0100] {dagbag.py:538} INFO - Filling up the DagBag from /Users/oanottage/opt/anaconda3/lib/python3.8/site-packages/airflow/example_dags/example_branch_day_of_week_operator.py
[2023-03-01T12:14:01.005+0100] {processor.py:753} INFO - DAG(s) dict_keys(['example_weekday_branch_operator']) retrieved from /Users/oanottage/opt/anaconda3/lib/python3.8/site-packages/airflow/example_dags/example_branch_day_of_week_operator.py
[2023-03-01T12:14:01.890+0100] {logging_mixin.py:137} INFO - [2023-03-01T12:14:01.889+0100] {dag.py:2690} INFO - Sync 1 DAGs
[2023-03-01T12:14:01.908+0100] {logging_mixin.py:137} INFO - [2023-03-01T12:14:01.908+0100] {dag.py:3437} INFO - Setting next_dagrun for example_weekday_branch_operator to 2023-02-28T00:00:00+00:00, run_after=2023-03-01T00:00:00+00:00
[2023-03-01T12:14:01.923+0100] {processor.py:175} INFO - Processing /Users/oanottage/opt/anaconda3/lib/python3.8/site-packages/airflow/example_dags/example_branch_day_of_week_operator.py took 0.977 seconds
[2023-03-01T12:15:52.859+0100] {processor.py:153} INFO - Started process (PID=82548) to work on /Users/oanottage/opt/anaconda3/lib/python3.8/site-packages/airflow/example_dags/example_branch_day_of_week_operator.py
[2023-03-01T12:15:52.864+0100] {processor.py:743} INFO - Processing file /Users/oanottage/opt/anaconda3/lib/python3.8/site-packages/airflow/example_dags/example_branch_day_of_week_operator.py for tasks to queue
[2023-03-01T12:15:52.864+0100] {logging_mixin.py:137} INFO - [2023-03-01T12:15:52.864+0100] {dagbag.py:538} INFO - Filling up the DagBag from /Users/oanottage/opt/anaconda3/lib/python3.8/site-packages/airflow/example_dags/example_branch_day_of_week_operator.py
[2023-03-01T12:15:52.933+0100] {processor.py:753} INFO - DAG(s) dict_keys(['example_weekday_branch_operator']) retrieved from /Users/oanottage/opt/anaconda3/lib/python3.8/site-packages/airflow/example_dags/example_branch_day_of_week_operator.py
[2023-03-01T12:15:53.999+0100] {logging_mixin.py:137} INFO - [2023-03-01T12:15:53.998+0100] {dag.py:2690} INFO - Sync 1 DAGs
[2023-03-01T12:15:54.043+0100] {logging_mixin.py:137} INFO - [2023-03-01T12:15:54.043+0100] {dag.py:3437} INFO - Setting next_dagrun for example_weekday_branch_operator to 2023-02-28T00:00:00+00:00, run_after=2023-03-01T00:00:00+00:00
[2023-03-01T12:15:54.072+0100] {processor.py:175} INFO - Processing /Users/oanottage/opt/anaconda3/lib/python3.8/site-packages/airflow/example_dags/example_branch_day_of_week_operator.py took 1.214 seconds
[2023-03-01T12:17:57.997+0100] {processor.py:153} INFO - Started process (PID=86741) to work on /Users/oanottage/opt/anaconda3/lib/python3.8/site-packages/airflow/example_dags/example_branch_day_of_week_operator.py
[2023-03-01T12:17:58.002+0100] {processor.py:743} INFO - Processing file /Users/oanottage/opt/anaconda3/lib/python3.8/site-packages/airflow/example_dags/example_branch_day_of_week_operator.py for tasks to queue
[2023-03-01T12:17:58.003+0100] {logging_mixin.py:137} INFO - [2023-03-01T12:17:58.003+0100] {dagbag.py:538} INFO - Filling up the DagBag from /Users/oanottage/opt/anaconda3/lib/python3.8/site-packages/airflow/example_dags/example_branch_day_of_week_operator.py
[2023-03-01T12:17:58.071+0100] {processor.py:753} INFO - DAG(s) dict_keys(['example_weekday_branch_operator']) retrieved from /Users/oanottage/opt/anaconda3/lib/python3.8/site-packages/airflow/example_dags/example_branch_day_of_week_operator.py
[2023-03-01T12:17:59.106+0100] {logging_mixin.py:137} INFO - [2023-03-01T12:17:59.106+0100] {dag.py:2690} INFO - Sync 1 DAGs
[2023-03-01T12:17:59.123+0100] {logging_mixin.py:137} INFO - [2023-03-01T12:17:59.123+0100] {dag.py:3437} INFO - Setting next_dagrun for example_weekday_branch_operator to 2023-02-28T00:00:00+00:00, run_after=2023-03-01T00:00:00+00:00
[2023-03-01T12:17:59.137+0100] {processor.py:175} INFO - Processing /Users/oanottage/opt/anaconda3/lib/python3.8/site-packages/airflow/example_dags/example_branch_day_of_week_operator.py took 1.141 seconds
[2023-03-01T12:19:51.586+0100] {processor.py:153} INFO - Started process (PID=90967) to work on /Users/oanottage/opt/anaconda3/lib/python3.8/site-packages/airflow/example_dags/example_branch_day_of_week_operator.py
[2023-03-01T12:19:51.590+0100] {processor.py:743} INFO - Processing file /Users/oanottage/opt/anaconda3/lib/python3.8/site-packages/airflow/example_dags/example_branch_day_of_week_operator.py for tasks to queue
[2023-03-01T12:19:51.591+0100] {logging_mixin.py:137} INFO - [2023-03-01T12:19:51.591+0100] {dagbag.py:538} INFO - Filling up the DagBag from /Users/oanottage/opt/anaconda3/lib/python3.8/site-packages/airflow/example_dags/example_branch_day_of_week_operator.py
[2023-03-01T12:19:51.643+0100] {processor.py:753} INFO - DAG(s) dict_keys(['example_weekday_branch_operator']) retrieved from /Users/oanottage/opt/anaconda3/lib/python3.8/site-packages/airflow/example_dags/example_branch_day_of_week_operator.py
[2023-03-01T12:19:52.555+0100] {logging_mixin.py:137} INFO - [2023-03-01T12:19:52.555+0100] {dag.py:2690} INFO - Sync 1 DAGs
[2023-03-01T12:19:52.568+0100] {logging_mixin.py:137} INFO - [2023-03-01T12:19:52.568+0100] {dag.py:3437} INFO - Setting next_dagrun for example_weekday_branch_operator to 2023-02-28T00:00:00+00:00, run_after=2023-03-01T00:00:00+00:00
[2023-03-01T12:19:52.579+0100] {processor.py:175} INFO - Processing /Users/oanottage/opt/anaconda3/lib/python3.8/site-packages/airflow/example_dags/example_branch_day_of_week_operator.py took 0.994 seconds
[2023-03-01T12:21:55.327+0100] {processor.py:153} INFO - Started process (PID=95224) to work on /Users/oanottage/opt/anaconda3/lib/python3.8/site-packages/airflow/example_dags/example_branch_day_of_week_operator.py
[2023-03-01T12:21:55.332+0100] {processor.py:743} INFO - Processing file /Users/oanottage/opt/anaconda3/lib/python3.8/site-packages/airflow/example_dags/example_branch_day_of_week_operator.py for tasks to queue
[2023-03-01T12:21:55.333+0100] {logging_mixin.py:137} INFO - [2023-03-01T12:21:55.333+0100] {dagbag.py:538} INFO - Filling up the DagBag from /Users/oanottage/opt/anaconda3/lib/python3.8/site-packages/airflow/example_dags/example_branch_day_of_week_operator.py
[2023-03-01T12:21:55.385+0100] {processor.py:753} INFO - DAG(s) dict_keys(['example_weekday_branch_operator']) retrieved from /Users/oanottage/opt/anaconda3/lib/python3.8/site-packages/airflow/example_dags/example_branch_day_of_week_operator.py
[2023-03-01T12:21:56.325+0100] {logging_mixin.py:137} INFO - [2023-03-01T12:21:56.325+0100] {dag.py:2690} INFO - Sync 1 DAGs
[2023-03-01T12:21:56.340+0100] {logging_mixin.py:137} INFO - [2023-03-01T12:21:56.340+0100] {dag.py:3437} INFO - Setting next_dagrun for example_weekday_branch_operator to 2023-02-28T00:00:00+00:00, run_after=2023-03-01T00:00:00+00:00
[2023-03-01T12:21:56.356+0100] {processor.py:175} INFO - Processing /Users/oanottage/opt/anaconda3/lib/python3.8/site-packages/airflow/example_dags/example_branch_day_of_week_operator.py took 1.029 seconds
[2023-03-01T12:24:26.725+0100] {processor.py:153} INFO - Started process (PID=855) to work on /Users/oanottage/opt/anaconda3/lib/python3.8/site-packages/airflow/example_dags/example_branch_day_of_week_operator.py
[2023-03-01T12:24:26.730+0100] {processor.py:743} INFO - Processing file /Users/oanottage/opt/anaconda3/lib/python3.8/site-packages/airflow/example_dags/example_branch_day_of_week_operator.py for tasks to queue
[2023-03-01T12:24:26.730+0100] {logging_mixin.py:137} INFO - [2023-03-01T12:24:26.730+0100] {dagbag.py:538} INFO - Filling up the DagBag from /Users/oanottage/opt/anaconda3/lib/python3.8/site-packages/airflow/example_dags/example_branch_day_of_week_operator.py
[2023-03-01T12:24:26.793+0100] {processor.py:753} INFO - DAG(s) dict_keys(['example_weekday_branch_operator']) retrieved from /Users/oanottage/opt/anaconda3/lib/python3.8/site-packages/airflow/example_dags/example_branch_day_of_week_operator.py
[2023-03-01T12:24:27.928+0100] {logging_mixin.py:137} INFO - [2023-03-01T12:24:27.927+0100] {dag.py:2690} INFO - Sync 1 DAGs
[2023-03-01T12:24:27.944+0100] {logging_mixin.py:137} INFO - [2023-03-01T12:24:27.943+0100] {dag.py:3437} INFO - Setting next_dagrun for example_weekday_branch_operator to 2023-02-28T00:00:00+00:00, run_after=2023-03-01T00:00:00+00:00
[2023-03-01T12:24:27.961+0100] {processor.py:175} INFO - Processing /Users/oanottage/opt/anaconda3/lib/python3.8/site-packages/airflow/example_dags/example_branch_day_of_week_operator.py took 1.236 seconds
[2023-03-01T12:26:28.814+0100] {processor.py:153} INFO - Started process (PID=5490) to work on /Users/oanottage/opt/anaconda3/lib/python3.8/site-packages/airflow/example_dags/example_branch_day_of_week_operator.py
[2023-03-01T12:26:28.819+0100] {processor.py:743} INFO - Processing file /Users/oanottage/opt/anaconda3/lib/python3.8/site-packages/airflow/example_dags/example_branch_day_of_week_operator.py for tasks to queue
[2023-03-01T12:26:28.819+0100] {logging_mixin.py:137} INFO - [2023-03-01T12:26:28.819+0100] {dagbag.py:538} INFO - Filling up the DagBag from /Users/oanottage/opt/anaconda3/lib/python3.8/site-packages/airflow/example_dags/example_branch_day_of_week_operator.py
[2023-03-01T12:26:28.884+0100] {processor.py:753} INFO - DAG(s) dict_keys(['example_weekday_branch_operator']) retrieved from /Users/oanottage/opt/anaconda3/lib/python3.8/site-packages/airflow/example_dags/example_branch_day_of_week_operator.py
[2023-03-01T12:26:29.842+0100] {logging_mixin.py:137} INFO - [2023-03-01T12:26:29.841+0100] {dag.py:2690} INFO - Sync 1 DAGs
[2023-03-01T12:26:29.864+0100] {logging_mixin.py:137} INFO - [2023-03-01T12:26:29.864+0100] {dag.py:3437} INFO - Setting next_dagrun for example_weekday_branch_operator to 2023-02-28T00:00:00+00:00, run_after=2023-03-01T00:00:00+00:00
[2023-03-01T12:26:29.882+0100] {processor.py:175} INFO - Processing /Users/oanottage/opt/anaconda3/lib/python3.8/site-packages/airflow/example_dags/example_branch_day_of_week_operator.py took 1.069 seconds
[2023-03-01T12:28:23.541+0100] {processor.py:153} INFO - Started process (PID=9370) to work on /Users/oanottage/opt/anaconda3/lib/python3.8/site-packages/airflow/example_dags/example_branch_day_of_week_operator.py
[2023-03-01T12:28:23.544+0100] {processor.py:743} INFO - Processing file /Users/oanottage/opt/anaconda3/lib/python3.8/site-packages/airflow/example_dags/example_branch_day_of_week_operator.py for tasks to queue
[2023-03-01T12:28:23.544+0100] {logging_mixin.py:137} INFO - [2023-03-01T12:28:23.544+0100] {dagbag.py:538} INFO - Filling up the DagBag from /Users/oanottage/opt/anaconda3/lib/python3.8/site-packages/airflow/example_dags/example_branch_day_of_week_operator.py
[2023-03-01T12:28:23.590+0100] {processor.py:753} INFO - DAG(s) dict_keys(['example_weekday_branch_operator']) retrieved from /Users/oanottage/opt/anaconda3/lib/python3.8/site-packages/airflow/example_dags/example_branch_day_of_week_operator.py
[2023-03-01T12:28:24.463+0100] {logging_mixin.py:137} INFO - [2023-03-01T12:28:24.463+0100] {dag.py:2690} INFO - Sync 1 DAGs
[2023-03-01T12:28:24.478+0100] {logging_mixin.py:137} INFO - [2023-03-01T12:28:24.478+0100] {dag.py:3437} INFO - Setting next_dagrun for example_weekday_branch_operator to 2023-02-28T00:00:00+00:00, run_after=2023-03-01T00:00:00+00:00
[2023-03-01T12:28:24.492+0100] {processor.py:175} INFO - Processing /Users/oanottage/opt/anaconda3/lib/python3.8/site-packages/airflow/example_dags/example_branch_day_of_week_operator.py took 0.952 seconds
[2023-03-01T12:30:13.613+0100] {processor.py:153} INFO - Started process (PID=13592) to work on /Users/oanottage/opt/anaconda3/lib/python3.8/site-packages/airflow/example_dags/example_branch_day_of_week_operator.py
[2023-03-01T12:30:13.616+0100] {processor.py:743} INFO - Processing file /Users/oanottage/opt/anaconda3/lib/python3.8/site-packages/airflow/example_dags/example_branch_day_of_week_operator.py for tasks to queue
[2023-03-01T12:30:13.617+0100] {logging_mixin.py:137} INFO - [2023-03-01T12:30:13.616+0100] {dagbag.py:538} INFO - Filling up the DagBag from /Users/oanottage/opt/anaconda3/lib/python3.8/site-packages/airflow/example_dags/example_branch_day_of_week_operator.py
[2023-03-01T12:30:13.663+0100] {processor.py:753} INFO - DAG(s) dict_keys(['example_weekday_branch_operator']) retrieved from /Users/oanottage/opt/anaconda3/lib/python3.8/site-packages/airflow/example_dags/example_branch_day_of_week_operator.py
[2023-03-01T12:30:14.535+0100] {logging_mixin.py:137} INFO - [2023-03-01T12:30:14.535+0100] {dag.py:2690} INFO - Sync 1 DAGs
[2023-03-01T12:30:14.548+0100] {logging_mixin.py:137} INFO - [2023-03-01T12:30:14.548+0100] {dag.py:3437} INFO - Setting next_dagrun for example_weekday_branch_operator to 2023-02-28T00:00:00+00:00, run_after=2023-03-01T00:00:00+00:00
[2023-03-01T12:30:14.559+0100] {processor.py:175} INFO - Processing /Users/oanottage/opt/anaconda3/lib/python3.8/site-packages/airflow/example_dags/example_branch_day_of_week_operator.py took 0.947 seconds
[2023-03-01T12:32:01.498+0100] {processor.py:153} INFO - Started process (PID=17863) to work on /Users/oanottage/opt/anaconda3/lib/python3.8/site-packages/airflow/example_dags/example_branch_day_of_week_operator.py
[2023-03-01T12:32:01.501+0100] {processor.py:743} INFO - Processing file /Users/oanottage/opt/anaconda3/lib/python3.8/site-packages/airflow/example_dags/example_branch_day_of_week_operator.py for tasks to queue
[2023-03-01T12:32:01.502+0100] {logging_mixin.py:137} INFO - [2023-03-01T12:32:01.502+0100] {dagbag.py:538} INFO - Filling up the DagBag from /Users/oanottage/opt/anaconda3/lib/python3.8/site-packages/airflow/example_dags/example_branch_day_of_week_operator.py
[2023-03-01T12:32:01.547+0100] {processor.py:753} INFO - DAG(s) dict_keys(['example_weekday_branch_operator']) retrieved from /Users/oanottage/opt/anaconda3/lib/python3.8/site-packages/airflow/example_dags/example_branch_day_of_week_operator.py
[2023-03-01T12:32:02.420+0100] {logging_mixin.py:137} INFO - [2023-03-01T12:32:02.419+0100] {dag.py:2690} INFO - Sync 1 DAGs
[2023-03-01T12:32:02.434+0100] {logging_mixin.py:137} INFO - [2023-03-01T12:32:02.434+0100] {dag.py:3437} INFO - Setting next_dagrun for example_weekday_branch_operator to 2023-02-28T00:00:00+00:00, run_after=2023-03-01T00:00:00+00:00
[2023-03-01T12:32:02.448+0100] {processor.py:175} INFO - Processing /Users/oanottage/opt/anaconda3/lib/python3.8/site-packages/airflow/example_dags/example_branch_day_of_week_operator.py took 0.950 seconds
[2023-03-01T12:33:50.558+0100] {processor.py:153} INFO - Started process (PID=21068) to work on /Users/oanottage/opt/anaconda3/lib/python3.8/site-packages/airflow/example_dags/example_branch_day_of_week_operator.py
[2023-03-01T12:33:50.561+0100] {processor.py:743} INFO - Processing file /Users/oanottage/opt/anaconda3/lib/python3.8/site-packages/airflow/example_dags/example_branch_day_of_week_operator.py for tasks to queue
[2023-03-01T12:33:50.561+0100] {logging_mixin.py:137} INFO - [2023-03-01T12:33:50.561+0100] {dagbag.py:538} INFO - Filling up the DagBag from /Users/oanottage/opt/anaconda3/lib/python3.8/site-packages/airflow/example_dags/example_branch_day_of_week_operator.py
[2023-03-01T12:33:50.607+0100] {processor.py:753} INFO - DAG(s) dict_keys(['example_weekday_branch_operator']) retrieved from /Users/oanottage/opt/anaconda3/lib/python3.8/site-packages/airflow/example_dags/example_branch_day_of_week_operator.py
[2023-03-01T12:33:51.477+0100] {logging_mixin.py:137} INFO - [2023-03-01T12:33:51.477+0100] {dag.py:2690} INFO - Sync 1 DAGs
[2023-03-01T12:33:51.492+0100] {logging_mixin.py:137} INFO - [2023-03-01T12:33:51.492+0100] {dag.py:3437} INFO - Setting next_dagrun for example_weekday_branch_operator to 2023-02-28T00:00:00+00:00, run_after=2023-03-01T00:00:00+00:00
[2023-03-01T12:33:51.512+0100] {processor.py:175} INFO - Processing /Users/oanottage/opt/anaconda3/lib/python3.8/site-packages/airflow/example_dags/example_branch_day_of_week_operator.py took 0.954 seconds
[2023-03-01T12:35:43.178+0100] {processor.py:153} INFO - Started process (PID=25280) to work on /Users/oanottage/opt/anaconda3/lib/python3.8/site-packages/airflow/example_dags/example_branch_day_of_week_operator.py
[2023-03-01T12:35:43.183+0100] {processor.py:743} INFO - Processing file /Users/oanottage/opt/anaconda3/lib/python3.8/site-packages/airflow/example_dags/example_branch_day_of_week_operator.py for tasks to queue
[2023-03-01T12:35:43.183+0100] {logging_mixin.py:137} INFO - [2023-03-01T12:35:43.183+0100] {dagbag.py:538} INFO - Filling up the DagBag from /Users/oanottage/opt/anaconda3/lib/python3.8/site-packages/airflow/example_dags/example_branch_day_of_week_operator.py
[2023-03-01T12:35:43.230+0100] {processor.py:753} INFO - DAG(s) dict_keys(['example_weekday_branch_operator']) retrieved from /Users/oanottage/opt/anaconda3/lib/python3.8/site-packages/airflow/example_dags/example_branch_day_of_week_operator.py
[2023-03-01T12:35:44.091+0100] {logging_mixin.py:137} INFO - [2023-03-01T12:35:44.091+0100] {dag.py:2690} INFO - Sync 1 DAGs
[2023-03-01T12:35:44.110+0100] {logging_mixin.py:137} INFO - [2023-03-01T12:35:44.110+0100] {dag.py:3437} INFO - Setting next_dagrun for example_weekday_branch_operator to 2023-02-28T00:00:00+00:00, run_after=2023-03-01T00:00:00+00:00
[2023-03-01T12:35:44.126+0100] {processor.py:175} INFO - Processing /Users/oanottage/opt/anaconda3/lib/python3.8/site-packages/airflow/example_dags/example_branch_day_of_week_operator.py took 0.949 seconds
[2023-03-01T12:37:37.597+0100] {processor.py:153} INFO - Started process (PID=29520) to work on /Users/oanottage/opt/anaconda3/lib/python3.8/site-packages/airflow/example_dags/example_branch_day_of_week_operator.py
[2023-03-01T12:37:37.601+0100] {processor.py:743} INFO - Processing file /Users/oanottage/opt/anaconda3/lib/python3.8/site-packages/airflow/example_dags/example_branch_day_of_week_operator.py for tasks to queue
[2023-03-01T12:37:37.601+0100] {logging_mixin.py:137} INFO - [2023-03-01T12:37:37.601+0100] {dagbag.py:538} INFO - Filling up the DagBag from /Users/oanottage/opt/anaconda3/lib/python3.8/site-packages/airflow/example_dags/example_branch_day_of_week_operator.py
[2023-03-01T12:37:37.654+0100] {processor.py:753} INFO - DAG(s) dict_keys(['example_weekday_branch_operator']) retrieved from /Users/oanottage/opt/anaconda3/lib/python3.8/site-packages/airflow/example_dags/example_branch_day_of_week_operator.py
[2023-03-01T12:37:38.491+0100] {logging_mixin.py:137} INFO - [2023-03-01T12:37:38.491+0100] {dag.py:2690} INFO - Sync 1 DAGs
[2023-03-01T12:37:38.504+0100] {logging_mixin.py:137} INFO - [2023-03-01T12:37:38.504+0100] {dag.py:3437} INFO - Setting next_dagrun for example_weekday_branch_operator to 2023-02-28T00:00:00+00:00, run_after=2023-03-01T00:00:00+00:00
[2023-03-01T12:37:38.516+0100] {processor.py:175} INFO - Processing /Users/oanottage/opt/anaconda3/lib/python3.8/site-packages/airflow/example_dags/example_branch_day_of_week_operator.py took 0.919 seconds
[2023-03-01T12:39:36.972+0100] {processor.py:153} INFO - Started process (PID=33757) to work on /Users/oanottage/opt/anaconda3/lib/python3.8/site-packages/airflow/example_dags/example_branch_day_of_week_operator.py
[2023-03-01T12:39:36.977+0100] {processor.py:743} INFO - Processing file /Users/oanottage/opt/anaconda3/lib/python3.8/site-packages/airflow/example_dags/example_branch_day_of_week_operator.py for tasks to queue
[2023-03-01T12:39:36.977+0100] {logging_mixin.py:137} INFO - [2023-03-01T12:39:36.977+0100] {dagbag.py:538} INFO - Filling up the DagBag from /Users/oanottage/opt/anaconda3/lib/python3.8/site-packages/airflow/example_dags/example_branch_day_of_week_operator.py
[2023-03-01T12:39:37.048+0100] {processor.py:753} INFO - DAG(s) dict_keys(['example_weekday_branch_operator']) retrieved from /Users/oanottage/opt/anaconda3/lib/python3.8/site-packages/airflow/example_dags/example_branch_day_of_week_operator.py
[2023-03-01T12:39:38.080+0100] {logging_mixin.py:137} INFO - [2023-03-01T12:39:38.079+0100] {dag.py:2690} INFO - Sync 1 DAGs
[2023-03-01T12:39:38.108+0100] {logging_mixin.py:137} INFO - [2023-03-01T12:39:38.108+0100] {dag.py:3437} INFO - Setting next_dagrun for example_weekday_branch_operator to 2023-02-28T00:00:00+00:00, run_after=2023-03-01T00:00:00+00:00
[2023-03-01T12:39:38.134+0100] {processor.py:175} INFO - Processing /Users/oanottage/opt/anaconda3/lib/python3.8/site-packages/airflow/example_dags/example_branch_day_of_week_operator.py took 1.163 seconds
[2023-03-01T12:41:48.306+0100] {processor.py:153} INFO - Started process (PID=38023) to work on /Users/oanottage/opt/anaconda3/lib/python3.8/site-packages/airflow/example_dags/example_branch_day_of_week_operator.py
[2023-03-01T12:41:48.310+0100] {processor.py:743} INFO - Processing file /Users/oanottage/opt/anaconda3/lib/python3.8/site-packages/airflow/example_dags/example_branch_day_of_week_operator.py for tasks to queue
[2023-03-01T12:41:48.310+0100] {logging_mixin.py:137} INFO - [2023-03-01T12:41:48.310+0100] {dagbag.py:538} INFO - Filling up the DagBag from /Users/oanottage/opt/anaconda3/lib/python3.8/site-packages/airflow/example_dags/example_branch_day_of_week_operator.py
[2023-03-01T12:41:48.362+0100] {processor.py:753} INFO - DAG(s) dict_keys(['example_weekday_branch_operator']) retrieved from /Users/oanottage/opt/anaconda3/lib/python3.8/site-packages/airflow/example_dags/example_branch_day_of_week_operator.py
[2023-03-01T12:41:49.280+0100] {logging_mixin.py:137} INFO - [2023-03-01T12:41:49.280+0100] {dag.py:2690} INFO - Sync 1 DAGs
[2023-03-01T12:41:49.295+0100] {logging_mixin.py:137} INFO - [2023-03-01T12:41:49.295+0100] {dag.py:3437} INFO - Setting next_dagrun for example_weekday_branch_operator to 2023-02-28T00:00:00+00:00, run_after=2023-03-01T00:00:00+00:00
[2023-03-01T12:41:49.311+0100] {processor.py:175} INFO - Processing /Users/oanottage/opt/anaconda3/lib/python3.8/site-packages/airflow/example_dags/example_branch_day_of_week_operator.py took 1.005 seconds
[2023-03-01T12:43:56.657+0100] {processor.py:153} INFO - Started process (PID=42277) to work on /Users/oanottage/opt/anaconda3/lib/python3.8/site-packages/airflow/example_dags/example_branch_day_of_week_operator.py
[2023-03-01T12:43:56.661+0100] {processor.py:743} INFO - Processing file /Users/oanottage/opt/anaconda3/lib/python3.8/site-packages/airflow/example_dags/example_branch_day_of_week_operator.py for tasks to queue
[2023-03-01T12:43:56.662+0100] {logging_mixin.py:137} INFO - [2023-03-01T12:43:56.662+0100] {dagbag.py:538} INFO - Filling up the DagBag from /Users/oanottage/opt/anaconda3/lib/python3.8/site-packages/airflow/example_dags/example_branch_day_of_week_operator.py
[2023-03-01T12:43:56.723+0100] {processor.py:753} INFO - DAG(s) dict_keys(['example_weekday_branch_operator']) retrieved from /Users/oanottage/opt/anaconda3/lib/python3.8/site-packages/airflow/example_dags/example_branch_day_of_week_operator.py
[2023-03-01T12:43:57.918+0100] {logging_mixin.py:137} INFO - [2023-03-01T12:43:57.917+0100] {dag.py:2690} INFO - Sync 1 DAGs
[2023-03-01T12:43:57.946+0100] {logging_mixin.py:137} INFO - [2023-03-01T12:43:57.945+0100] {dag.py:3437} INFO - Setting next_dagrun for example_weekday_branch_operator to 2023-02-28T00:00:00+00:00, run_after=2023-03-01T00:00:00+00:00
[2023-03-01T12:43:57.969+0100] {processor.py:175} INFO - Processing /Users/oanottage/opt/anaconda3/lib/python3.8/site-packages/airflow/example_dags/example_branch_day_of_week_operator.py took 1.312 seconds
[2023-03-01T12:46:07.729+0100] {processor.py:153} INFO - Started process (PID=47586) to work on /Users/oanottage/opt/anaconda3/lib/python3.8/site-packages/airflow/example_dags/example_branch_day_of_week_operator.py
[2023-03-01T12:46:07.734+0100] {processor.py:743} INFO - Processing file /Users/oanottage/opt/anaconda3/lib/python3.8/site-packages/airflow/example_dags/example_branch_day_of_week_operator.py for tasks to queue
[2023-03-01T12:46:07.734+0100] {logging_mixin.py:137} INFO - [2023-03-01T12:46:07.734+0100] {dagbag.py:538} INFO - Filling up the DagBag from /Users/oanottage/opt/anaconda3/lib/python3.8/site-packages/airflow/example_dags/example_branch_day_of_week_operator.py
[2023-03-01T12:46:07.799+0100] {processor.py:753} INFO - DAG(s) dict_keys(['example_weekday_branch_operator']) retrieved from /Users/oanottage/opt/anaconda3/lib/python3.8/site-packages/airflow/example_dags/example_branch_day_of_week_operator.py
[2023-03-01T12:46:08.696+0100] {logging_mixin.py:137} INFO - [2023-03-01T12:46:08.696+0100] {dag.py:2690} INFO - Sync 1 DAGs
[2023-03-01T12:46:08.717+0100] {logging_mixin.py:137} INFO - [2023-03-01T12:46:08.717+0100] {dag.py:3437} INFO - Setting next_dagrun for example_weekday_branch_operator to 2023-02-28T00:00:00+00:00, run_after=2023-03-01T00:00:00+00:00
[2023-03-01T12:46:08.738+0100] {processor.py:175} INFO - Processing /Users/oanottage/opt/anaconda3/lib/python3.8/site-packages/airflow/example_dags/example_branch_day_of_week_operator.py took 1.009 seconds
[2023-03-01T12:48:09.755+0100] {processor.py:153} INFO - Started process (PID=51908) to work on /Users/oanottage/opt/anaconda3/lib/python3.8/site-packages/airflow/example_dags/example_branch_day_of_week_operator.py
[2023-03-01T12:48:09.761+0100] {processor.py:743} INFO - Processing file /Users/oanottage/opt/anaconda3/lib/python3.8/site-packages/airflow/example_dags/example_branch_day_of_week_operator.py for tasks to queue
[2023-03-01T12:48:09.761+0100] {logging_mixin.py:137} INFO - [2023-03-01T12:48:09.761+0100] {dagbag.py:538} INFO - Filling up the DagBag from /Users/oanottage/opt/anaconda3/lib/python3.8/site-packages/airflow/example_dags/example_branch_day_of_week_operator.py
[2023-03-01T12:48:09.836+0100] {processor.py:753} INFO - DAG(s) dict_keys(['example_weekday_branch_operator']) retrieved from /Users/oanottage/opt/anaconda3/lib/python3.8/site-packages/airflow/example_dags/example_branch_day_of_week_operator.py
[2023-03-01T12:48:10.853+0100] {logging_mixin.py:137} INFO - [2023-03-01T12:48:10.853+0100] {dag.py:2690} INFO - Sync 1 DAGs
[2023-03-01T12:48:10.879+0100] {logging_mixin.py:137} INFO - [2023-03-01T12:48:10.878+0100] {dag.py:3437} INFO - Setting next_dagrun for example_weekday_branch_operator to 2023-02-28T00:00:00+00:00, run_after=2023-03-01T00:00:00+00:00
[2023-03-01T12:48:10.903+0100] {processor.py:175} INFO - Processing /Users/oanottage/opt/anaconda3/lib/python3.8/site-packages/airflow/example_dags/example_branch_day_of_week_operator.py took 1.149 seconds
[2023-03-01T12:50:15.182+0100] {processor.py:153} INFO - Started process (PID=56221) to work on /Users/oanottage/opt/anaconda3/lib/python3.8/site-packages/airflow/example_dags/example_branch_day_of_week_operator.py
[2023-03-01T12:50:15.186+0100] {processor.py:743} INFO - Processing file /Users/oanottage/opt/anaconda3/lib/python3.8/site-packages/airflow/example_dags/example_branch_day_of_week_operator.py for tasks to queue
[2023-03-01T12:50:15.187+0100] {logging_mixin.py:137} INFO - [2023-03-01T12:50:15.187+0100] {dagbag.py:538} INFO - Filling up the DagBag from /Users/oanottage/opt/anaconda3/lib/python3.8/site-packages/airflow/example_dags/example_branch_day_of_week_operator.py
[2023-03-01T12:50:15.243+0100] {processor.py:753} INFO - DAG(s) dict_keys(['example_weekday_branch_operator']) retrieved from /Users/oanottage/opt/anaconda3/lib/python3.8/site-packages/airflow/example_dags/example_branch_day_of_week_operator.py
[2023-03-01T12:50:16.226+0100] {logging_mixin.py:137} INFO - [2023-03-01T12:50:16.226+0100] {dag.py:2690} INFO - Sync 1 DAGs
[2023-03-01T12:50:16.241+0100] {logging_mixin.py:137} INFO - [2023-03-01T12:50:16.241+0100] {dag.py:3437} INFO - Setting next_dagrun for example_weekday_branch_operator to 2023-02-28T00:00:00+00:00, run_after=2023-03-01T00:00:00+00:00
[2023-03-01T12:50:16.255+0100] {processor.py:175} INFO - Processing /Users/oanottage/opt/anaconda3/lib/python3.8/site-packages/airflow/example_dags/example_branch_day_of_week_operator.py took 1.073 seconds
[2023-03-01T12:52:12.237+0100] {processor.py:153} INFO - Started process (PID=60472) to work on /Users/oanottage/opt/anaconda3/lib/python3.8/site-packages/airflow/example_dags/example_branch_day_of_week_operator.py
[2023-03-01T12:52:12.241+0100] {processor.py:743} INFO - Processing file /Users/oanottage/opt/anaconda3/lib/python3.8/site-packages/airflow/example_dags/example_branch_day_of_week_operator.py for tasks to queue
[2023-03-01T12:52:12.241+0100] {logging_mixin.py:137} INFO - [2023-03-01T12:52:12.241+0100] {dagbag.py:538} INFO - Filling up the DagBag from /Users/oanottage/opt/anaconda3/lib/python3.8/site-packages/airflow/example_dags/example_branch_day_of_week_operator.py
[2023-03-01T12:52:12.294+0100] {processor.py:753} INFO - DAG(s) dict_keys(['example_weekday_branch_operator']) retrieved from /Users/oanottage/opt/anaconda3/lib/python3.8/site-packages/airflow/example_dags/example_branch_day_of_week_operator.py
[2023-03-01T12:52:13.320+0100] {logging_mixin.py:137} INFO - [2023-03-01T12:52:13.320+0100] {dag.py:2690} INFO - Sync 1 DAGs
[2023-03-01T12:52:13.337+0100] {logging_mixin.py:137} INFO - [2023-03-01T12:52:13.337+0100] {dag.py:3437} INFO - Setting next_dagrun for example_weekday_branch_operator to 2023-02-28T00:00:00+00:00, run_after=2023-03-01T00:00:00+00:00
[2023-03-01T12:52:13.352+0100] {processor.py:175} INFO - Processing /Users/oanottage/opt/anaconda3/lib/python3.8/site-packages/airflow/example_dags/example_branch_day_of_week_operator.py took 1.115 seconds
[2023-03-01T12:54:17.853+0100] {processor.py:153} INFO - Started process (PID=64777) to work on /Users/oanottage/opt/anaconda3/lib/python3.8/site-packages/airflow/example_dags/example_branch_day_of_week_operator.py
[2023-03-01T12:54:17.857+0100] {processor.py:743} INFO - Processing file /Users/oanottage/opt/anaconda3/lib/python3.8/site-packages/airflow/example_dags/example_branch_day_of_week_operator.py for tasks to queue
[2023-03-01T12:54:17.858+0100] {logging_mixin.py:137} INFO - [2023-03-01T12:54:17.858+0100] {dagbag.py:538} INFO - Filling up the DagBag from /Users/oanottage/opt/anaconda3/lib/python3.8/site-packages/airflow/example_dags/example_branch_day_of_week_operator.py
[2023-03-01T12:54:17.910+0100] {processor.py:753} INFO - DAG(s) dict_keys(['example_weekday_branch_operator']) retrieved from /Users/oanottage/opt/anaconda3/lib/python3.8/site-packages/airflow/example_dags/example_branch_day_of_week_operator.py
[2023-03-01T12:54:18.766+0100] {logging_mixin.py:137} INFO - [2023-03-01T12:54:18.766+0100] {dag.py:2690} INFO - Sync 1 DAGs
[2023-03-01T12:54:18.782+0100] {logging_mixin.py:137} INFO - [2023-03-01T12:54:18.782+0100] {dag.py:3437} INFO - Setting next_dagrun for example_weekday_branch_operator to 2023-02-28T00:00:00+00:00, run_after=2023-03-01T00:00:00+00:00
[2023-03-01T12:54:18.795+0100] {processor.py:175} INFO - Processing /Users/oanottage/opt/anaconda3/lib/python3.8/site-packages/airflow/example_dags/example_branch_day_of_week_operator.py took 0.942 seconds
[2023-03-01T12:56:12.309+0100] {processor.py:153} INFO - Started process (PID=69029) to work on /Users/oanottage/opt/anaconda3/lib/python3.8/site-packages/airflow/example_dags/example_branch_day_of_week_operator.py
[2023-03-01T12:56:12.312+0100] {processor.py:743} INFO - Processing file /Users/oanottage/opt/anaconda3/lib/python3.8/site-packages/airflow/example_dags/example_branch_day_of_week_operator.py for tasks to queue
[2023-03-01T12:56:12.312+0100] {logging_mixin.py:137} INFO - [2023-03-01T12:56:12.312+0100] {dagbag.py:538} INFO - Filling up the DagBag from /Users/oanottage/opt/anaconda3/lib/python3.8/site-packages/airflow/example_dags/example_branch_day_of_week_operator.py
[2023-03-01T12:56:12.358+0100] {processor.py:753} INFO - DAG(s) dict_keys(['example_weekday_branch_operator']) retrieved from /Users/oanottage/opt/anaconda3/lib/python3.8/site-packages/airflow/example_dags/example_branch_day_of_week_operator.py
[2023-03-01T12:56:13.273+0100] {logging_mixin.py:137} INFO - [2023-03-01T12:56:13.273+0100] {dag.py:2690} INFO - Sync 1 DAGs
[2023-03-01T12:56:13.288+0100] {logging_mixin.py:137} INFO - [2023-03-01T12:56:13.288+0100] {dag.py:3437} INFO - Setting next_dagrun for example_weekday_branch_operator to 2023-02-28T00:00:00+00:00, run_after=2023-03-01T00:00:00+00:00
[2023-03-01T12:56:13.302+0100] {processor.py:175} INFO - Processing /Users/oanottage/opt/anaconda3/lib/python3.8/site-packages/airflow/example_dags/example_branch_day_of_week_operator.py took 0.994 seconds
[2023-03-01T12:58:01.510+0100] {processor.py:153} INFO - Started process (PID=73310) to work on /Users/oanottage/opt/anaconda3/lib/python3.8/site-packages/airflow/example_dags/example_branch_day_of_week_operator.py
[2023-03-01T12:58:01.513+0100] {processor.py:743} INFO - Processing file /Users/oanottage/opt/anaconda3/lib/python3.8/site-packages/airflow/example_dags/example_branch_day_of_week_operator.py for tasks to queue
[2023-03-01T12:58:01.514+0100] {logging_mixin.py:137} INFO - [2023-03-01T12:58:01.514+0100] {dagbag.py:538} INFO - Filling up the DagBag from /Users/oanottage/opt/anaconda3/lib/python3.8/site-packages/airflow/example_dags/example_branch_day_of_week_operator.py
[2023-03-01T12:58:01.559+0100] {processor.py:753} INFO - DAG(s) dict_keys(['example_weekday_branch_operator']) retrieved from /Users/oanottage/opt/anaconda3/lib/python3.8/site-packages/airflow/example_dags/example_branch_day_of_week_operator.py
[2023-03-01T12:58:03.066+0100] {logging_mixin.py:137} INFO - [2023-03-01T12:58:03.066+0100] {dag.py:2690} INFO - Sync 1 DAGs
[2023-03-01T12:58:03.095+0100] {logging_mixin.py:137} INFO - [2023-03-01T12:58:03.094+0100] {dag.py:3437} INFO - Setting next_dagrun for example_weekday_branch_operator to 2023-02-28T00:00:00+00:00, run_after=2023-03-01T00:00:00+00:00
[2023-03-01T12:58:03.116+0100] {processor.py:175} INFO - Processing /Users/oanottage/opt/anaconda3/lib/python3.8/site-packages/airflow/example_dags/example_branch_day_of_week_operator.py took 1.607 seconds
[2023-03-01T13:00:02.708+0100] {processor.py:153} INFO - Started process (PID=77585) to work on /Users/oanottage/opt/anaconda3/lib/python3.8/site-packages/airflow/example_dags/example_branch_day_of_week_operator.py
[2023-03-01T13:00:02.713+0100] {processor.py:743} INFO - Processing file /Users/oanottage/opt/anaconda3/lib/python3.8/site-packages/airflow/example_dags/example_branch_day_of_week_operator.py for tasks to queue
[2023-03-01T13:00:02.713+0100] {logging_mixin.py:137} INFO - [2023-03-01T13:00:02.713+0100] {dagbag.py:538} INFO - Filling up the DagBag from /Users/oanottage/opt/anaconda3/lib/python3.8/site-packages/airflow/example_dags/example_branch_day_of_week_operator.py
[2023-03-01T13:00:02.757+0100] {processor.py:753} INFO - DAG(s) dict_keys(['example_weekday_branch_operator']) retrieved from /Users/oanottage/opt/anaconda3/lib/python3.8/site-packages/airflow/example_dags/example_branch_day_of_week_operator.py
[2023-03-01T13:00:03.735+0100] {logging_mixin.py:137} INFO - [2023-03-01T13:00:03.735+0100] {dag.py:2690} INFO - Sync 1 DAGs
[2023-03-01T13:00:03.753+0100] {logging_mixin.py:137} INFO - [2023-03-01T13:00:03.753+0100] {dag.py:3437} INFO - Setting next_dagrun for example_weekday_branch_operator to 2023-02-28T00:00:00+00:00, run_after=2023-03-01T00:00:00+00:00
[2023-03-01T13:00:03.767+0100] {processor.py:175} INFO - Processing /Users/oanottage/opt/anaconda3/lib/python3.8/site-packages/airflow/example_dags/example_branch_day_of_week_operator.py took 1.059 seconds
