[2023-03-01T12:02:51.539+0100] {processor.py:153} INFO - Started process (PID=55200) to work on /Users/oanottage/opt/anaconda3/lib/python3.8/site-packages/airflow/example_dags/example_time_delta_sensor_async.py
[2023-03-01T12:02:51.545+0100] {processor.py:743} INFO - Processing file /Users/oanottage/opt/anaconda3/lib/python3.8/site-packages/airflow/example_dags/example_time_delta_sensor_async.py for tasks to queue
[2023-03-01T12:02:51.545+0100] {logging_mixin.py:137} INFO - [2023-03-01T12:02:51.545+0100] {dagbag.py:538} INFO - Filling up the DagBag from /Users/oanottage/opt/anaconda3/lib/python3.8/site-packages/airflow/example_dags/example_time_delta_sensor_async.py
[2023-03-01T12:02:51.592+0100] {processor.py:753} INFO - DAG(s) dict_keys(['example_time_delta_sensor_async']) retrieved from /Users/oanottage/opt/anaconda3/lib/python3.8/site-packages/airflow/example_dags/example_time_delta_sensor_async.py
[2023-03-01T12:02:53.135+0100] {logging_mixin.py:137} INFO - [2023-03-01T12:02:53.135+0100] {manager.py:504} INFO - Created Permission View: can read on DAG:example_time_delta_sensor_async
[2023-03-01T12:02:53.141+0100] {logging_mixin.py:137} INFO - [2023-03-01T12:02:53.141+0100] {manager.py:504} INFO - Created Permission View: can edit on DAG:example_time_delta_sensor_async
[2023-03-01T12:02:53.146+0100] {logging_mixin.py:137} INFO - [2023-03-01T12:02:53.146+0100] {manager.py:504} INFO - Created Permission View: can delete on DAG:example_time_delta_sensor_async
[2023-03-01T12:02:53.146+0100] {logging_mixin.py:137} INFO - [2023-03-01T12:02:53.146+0100] {dag.py:2690} INFO - Sync 1 DAGs
[2023-03-01T12:02:53.154+0100] {logging_mixin.py:137} INFO - [2023-03-01T12:02:53.153+0100] {dag.py:2711} INFO - Creating ORM DAG for example_time_delta_sensor_async
[2023-03-01T12:02:53.159+0100] {logging_mixin.py:137} INFO - [2023-03-01T12:02:53.159+0100] {dag.py:3437} INFO - Setting next_dagrun for example_time_delta_sensor_async to None, run_after=None
[2023-03-01T12:02:53.172+0100] {processor.py:175} INFO - Processing /Users/oanottage/opt/anaconda3/lib/python3.8/site-packages/airflow/example_dags/example_time_delta_sensor_async.py took 1.634 seconds
[2023-03-01T12:04:55.858+0100] {processor.py:153} INFO - Started process (PID=59388) to work on /Users/oanottage/opt/anaconda3/lib/python3.8/site-packages/airflow/example_dags/example_time_delta_sensor_async.py
[2023-03-01T12:04:55.863+0100] {processor.py:743} INFO - Processing file /Users/oanottage/opt/anaconda3/lib/python3.8/site-packages/airflow/example_dags/example_time_delta_sensor_async.py for tasks to queue
[2023-03-01T12:04:55.864+0100] {logging_mixin.py:137} INFO - [2023-03-01T12:04:55.864+0100] {dagbag.py:538} INFO - Filling up the DagBag from /Users/oanottage/opt/anaconda3/lib/python3.8/site-packages/airflow/example_dags/example_time_delta_sensor_async.py
[2023-03-01T12:04:55.928+0100] {processor.py:753} INFO - DAG(s) dict_keys(['example_time_delta_sensor_async']) retrieved from /Users/oanottage/opt/anaconda3/lib/python3.8/site-packages/airflow/example_dags/example_time_delta_sensor_async.py
[2023-03-01T12:04:57.037+0100] {logging_mixin.py:137} INFO - [2023-03-01T12:04:57.037+0100] {dag.py:2690} INFO - Sync 1 DAGs
[2023-03-01T12:04:57.059+0100] {logging_mixin.py:137} INFO - [2023-03-01T12:04:57.059+0100] {dag.py:3437} INFO - Setting next_dagrun for example_time_delta_sensor_async to None, run_after=None
[2023-03-01T12:04:57.083+0100] {processor.py:175} INFO - Processing /Users/oanottage/opt/anaconda3/lib/python3.8/site-packages/airflow/example_dags/example_time_delta_sensor_async.py took 1.226 seconds
[2023-03-01T12:06:49.808+0100] {processor.py:153} INFO - Started process (PID=63570) to work on /Users/oanottage/opt/anaconda3/lib/python3.8/site-packages/airflow/example_dags/example_time_delta_sensor_async.py
[2023-03-01T12:06:49.812+0100] {processor.py:743} INFO - Processing file /Users/oanottage/opt/anaconda3/lib/python3.8/site-packages/airflow/example_dags/example_time_delta_sensor_async.py for tasks to queue
[2023-03-01T12:06:49.812+0100] {logging_mixin.py:137} INFO - [2023-03-01T12:06:49.812+0100] {dagbag.py:538} INFO - Filling up the DagBag from /Users/oanottage/opt/anaconda3/lib/python3.8/site-packages/airflow/example_dags/example_time_delta_sensor_async.py
[2023-03-01T12:06:49.858+0100] {processor.py:753} INFO - DAG(s) dict_keys(['example_time_delta_sensor_async']) retrieved from /Users/oanottage/opt/anaconda3/lib/python3.8/site-packages/airflow/example_dags/example_time_delta_sensor_async.py
[2023-03-01T12:06:51.103+0100] {logging_mixin.py:137} INFO - [2023-03-01T12:06:51.102+0100] {dag.py:2690} INFO - Sync 1 DAGs
[2023-03-01T12:06:51.114+0100] {logging_mixin.py:137} INFO - [2023-03-01T12:06:51.114+0100] {dag.py:3437} INFO - Setting next_dagrun for example_time_delta_sensor_async to None, run_after=None
[2023-03-01T12:06:51.125+0100] {processor.py:175} INFO - Processing /Users/oanottage/opt/anaconda3/lib/python3.8/site-packages/airflow/example_dags/example_time_delta_sensor_async.py took 1.317 seconds
[2023-03-01T12:08:38.745+0100] {processor.py:153} INFO - Started process (PID=67745) to work on /Users/oanottage/opt/anaconda3/lib/python3.8/site-packages/airflow/example_dags/example_time_delta_sensor_async.py
[2023-03-01T12:08:38.749+0100] {processor.py:743} INFO - Processing file /Users/oanottage/opt/anaconda3/lib/python3.8/site-packages/airflow/example_dags/example_time_delta_sensor_async.py for tasks to queue
[2023-03-01T12:08:38.749+0100] {logging_mixin.py:137} INFO - [2023-03-01T12:08:38.749+0100] {dagbag.py:538} INFO - Filling up the DagBag from /Users/oanottage/opt/anaconda3/lib/python3.8/site-packages/airflow/example_dags/example_time_delta_sensor_async.py
[2023-03-01T12:08:38.788+0100] {processor.py:753} INFO - DAG(s) dict_keys(['example_time_delta_sensor_async']) retrieved from /Users/oanottage/opt/anaconda3/lib/python3.8/site-packages/airflow/example_dags/example_time_delta_sensor_async.py
[2023-03-01T12:08:39.836+0100] {logging_mixin.py:137} INFO - [2023-03-01T12:08:39.836+0100] {dag.py:2690} INFO - Sync 1 DAGs
[2023-03-01T12:08:39.849+0100] {logging_mixin.py:137} INFO - [2023-03-01T12:08:39.849+0100] {dag.py:3437} INFO - Setting next_dagrun for example_time_delta_sensor_async to None, run_after=None
[2023-03-01T12:08:39.861+0100] {processor.py:175} INFO - Processing /Users/oanottage/opt/anaconda3/lib/python3.8/site-packages/airflow/example_dags/example_time_delta_sensor_async.py took 1.116 seconds
[2023-03-01T12:10:37.527+0100] {processor.py:153} INFO - Started process (PID=71959) to work on /Users/oanottage/opt/anaconda3/lib/python3.8/site-packages/airflow/example_dags/example_time_delta_sensor_async.py
[2023-03-01T12:10:37.531+0100] {processor.py:743} INFO - Processing file /Users/oanottage/opt/anaconda3/lib/python3.8/site-packages/airflow/example_dags/example_time_delta_sensor_async.py for tasks to queue
[2023-03-01T12:10:37.532+0100] {logging_mixin.py:137} INFO - [2023-03-01T12:10:37.532+0100] {dagbag.py:538} INFO - Filling up the DagBag from /Users/oanottage/opt/anaconda3/lib/python3.8/site-packages/airflow/example_dags/example_time_delta_sensor_async.py
[2023-03-01T12:10:37.584+0100] {processor.py:753} INFO - DAG(s) dict_keys(['example_time_delta_sensor_async']) retrieved from /Users/oanottage/opt/anaconda3/lib/python3.8/site-packages/airflow/example_dags/example_time_delta_sensor_async.py
[2023-03-01T12:10:38.964+0100] {logging_mixin.py:137} INFO - [2023-03-01T12:10:38.964+0100] {dag.py:2690} INFO - Sync 1 DAGs
[2023-03-01T12:10:38.980+0100] {logging_mixin.py:137} INFO - [2023-03-01T12:10:38.980+0100] {dag.py:3437} INFO - Setting next_dagrun for example_time_delta_sensor_async to None, run_after=None
[2023-03-01T12:10:38.995+0100] {processor.py:175} INFO - Processing /Users/oanottage/opt/anaconda3/lib/python3.8/site-packages/airflow/example_dags/example_time_delta_sensor_async.py took 1.469 seconds
[2023-03-01T12:12:44.335+0100] {processor.py:153} INFO - Started process (PID=76275) to work on /Users/oanottage/opt/anaconda3/lib/python3.8/site-packages/airflow/example_dags/example_time_delta_sensor_async.py
[2023-03-01T12:12:44.340+0100] {processor.py:743} INFO - Processing file /Users/oanottage/opt/anaconda3/lib/python3.8/site-packages/airflow/example_dags/example_time_delta_sensor_async.py for tasks to queue
[2023-03-01T12:12:44.341+0100] {logging_mixin.py:137} INFO - [2023-03-01T12:12:44.341+0100] {dagbag.py:538} INFO - Filling up the DagBag from /Users/oanottage/opt/anaconda3/lib/python3.8/site-packages/airflow/example_dags/example_time_delta_sensor_async.py
[2023-03-01T12:12:44.383+0100] {processor.py:753} INFO - DAG(s) dict_keys(['example_time_delta_sensor_async']) retrieved from /Users/oanottage/opt/anaconda3/lib/python3.8/site-packages/airflow/example_dags/example_time_delta_sensor_async.py
[2023-03-01T12:12:45.770+0100] {logging_mixin.py:137} INFO - [2023-03-01T12:12:45.769+0100] {dag.py:2690} INFO - Sync 1 DAGs
[2023-03-01T12:12:45.781+0100] {logging_mixin.py:137} INFO - [2023-03-01T12:12:45.781+0100] {dag.py:3437} INFO - Setting next_dagrun for example_time_delta_sensor_async to None, run_after=None
[2023-03-01T12:12:45.792+0100] {processor.py:175} INFO - Processing /Users/oanottage/opt/anaconda3/lib/python3.8/site-packages/airflow/example_dags/example_time_delta_sensor_async.py took 1.457 seconds
[2023-03-01T12:14:36.484+0100] {processor.py:153} INFO - Started process (PID=80454) to work on /Users/oanottage/opt/anaconda3/lib/python3.8/site-packages/airflow/example_dags/example_time_delta_sensor_async.py
[2023-03-01T12:14:36.489+0100] {processor.py:743} INFO - Processing file /Users/oanottage/opt/anaconda3/lib/python3.8/site-packages/airflow/example_dags/example_time_delta_sensor_async.py for tasks to queue
[2023-03-01T12:14:36.489+0100] {logging_mixin.py:137} INFO - [2023-03-01T12:14:36.489+0100] {dagbag.py:538} INFO - Filling up the DagBag from /Users/oanottage/opt/anaconda3/lib/python3.8/site-packages/airflow/example_dags/example_time_delta_sensor_async.py
[2023-03-01T12:14:36.538+0100] {processor.py:753} INFO - DAG(s) dict_keys(['example_time_delta_sensor_async']) retrieved from /Users/oanottage/opt/anaconda3/lib/python3.8/site-packages/airflow/example_dags/example_time_delta_sensor_async.py
[2023-03-01T12:14:37.643+0100] {logging_mixin.py:137} INFO - [2023-03-01T12:14:37.643+0100] {dag.py:2690} INFO - Sync 1 DAGs
[2023-03-01T12:14:37.654+0100] {logging_mixin.py:137} INFO - [2023-03-01T12:14:37.654+0100] {dag.py:3437} INFO - Setting next_dagrun for example_time_delta_sensor_async to None, run_after=None
[2023-03-01T12:14:37.666+0100] {processor.py:175} INFO - Processing /Users/oanottage/opt/anaconda3/lib/python3.8/site-packages/airflow/example_dags/example_time_delta_sensor_async.py took 1.183 seconds
[2023-03-01T12:16:38.101+0100] {processor.py:153} INFO - Started process (PID=84620) to work on /Users/oanottage/opt/anaconda3/lib/python3.8/site-packages/airflow/example_dags/example_time_delta_sensor_async.py
[2023-03-01T12:16:38.105+0100] {processor.py:743} INFO - Processing file /Users/oanottage/opt/anaconda3/lib/python3.8/site-packages/airflow/example_dags/example_time_delta_sensor_async.py for tasks to queue
[2023-03-01T12:16:38.106+0100] {logging_mixin.py:137} INFO - [2023-03-01T12:16:38.105+0100] {dagbag.py:538} INFO - Filling up the DagBag from /Users/oanottage/opt/anaconda3/lib/python3.8/site-packages/airflow/example_dags/example_time_delta_sensor_async.py
[2023-03-01T12:16:38.155+0100] {processor.py:753} INFO - DAG(s) dict_keys(['example_time_delta_sensor_async']) retrieved from /Users/oanottage/opt/anaconda3/lib/python3.8/site-packages/airflow/example_dags/example_time_delta_sensor_async.py
[2023-03-01T12:16:39.506+0100] {logging_mixin.py:137} INFO - [2023-03-01T12:16:39.506+0100] {dag.py:2690} INFO - Sync 1 DAGs
[2023-03-01T12:16:39.517+0100] {logging_mixin.py:137} INFO - [2023-03-01T12:16:39.517+0100] {dag.py:3437} INFO - Setting next_dagrun for example_time_delta_sensor_async to None, run_after=None
[2023-03-01T12:16:39.529+0100] {processor.py:175} INFO - Processing /Users/oanottage/opt/anaconda3/lib/python3.8/site-packages/airflow/example_dags/example_time_delta_sensor_async.py took 1.428 seconds
[2023-03-01T12:18:35.124+0100] {processor.py:153} INFO - Started process (PID=88835) to work on /Users/oanottage/opt/anaconda3/lib/python3.8/site-packages/airflow/example_dags/example_time_delta_sensor_async.py
[2023-03-01T12:18:35.127+0100] {processor.py:743} INFO - Processing file /Users/oanottage/opt/anaconda3/lib/python3.8/site-packages/airflow/example_dags/example_time_delta_sensor_async.py for tasks to queue
[2023-03-01T12:18:35.128+0100] {logging_mixin.py:137} INFO - [2023-03-01T12:18:35.128+0100] {dagbag.py:538} INFO - Filling up the DagBag from /Users/oanottage/opt/anaconda3/lib/python3.8/site-packages/airflow/example_dags/example_time_delta_sensor_async.py
[2023-03-01T12:18:35.177+0100] {processor.py:753} INFO - DAG(s) dict_keys(['example_time_delta_sensor_async']) retrieved from /Users/oanottage/opt/anaconda3/lib/python3.8/site-packages/airflow/example_dags/example_time_delta_sensor_async.py
[2023-03-01T12:18:36.234+0100] {logging_mixin.py:137} INFO - [2023-03-01T12:18:36.233+0100] {dag.py:2690} INFO - Sync 1 DAGs
[2023-03-01T12:18:36.246+0100] {logging_mixin.py:137} INFO - [2023-03-01T12:18:36.246+0100] {dag.py:3437} INFO - Setting next_dagrun for example_time_delta_sensor_async to None, run_after=None
[2023-03-01T12:18:36.259+0100] {processor.py:175} INFO - Processing /Users/oanottage/opt/anaconda3/lib/python3.8/site-packages/airflow/example_dags/example_time_delta_sensor_async.py took 1.135 seconds
[2023-03-01T12:20:28.656+0100] {processor.py:153} INFO - Started process (PID=92291) to work on /Users/oanottage/opt/anaconda3/lib/python3.8/site-packages/airflow/example_dags/example_time_delta_sensor_async.py
[2023-03-01T12:20:28.660+0100] {processor.py:743} INFO - Processing file /Users/oanottage/opt/anaconda3/lib/python3.8/site-packages/airflow/example_dags/example_time_delta_sensor_async.py for tasks to queue
[2023-03-01T12:20:28.660+0100] {logging_mixin.py:137} INFO - [2023-03-01T12:20:28.660+0100] {dagbag.py:538} INFO - Filling up the DagBag from /Users/oanottage/opt/anaconda3/lib/python3.8/site-packages/airflow/example_dags/example_time_delta_sensor_async.py
[2023-03-01T12:20:28.717+0100] {processor.py:753} INFO - DAG(s) dict_keys(['example_time_delta_sensor_async']) retrieved from /Users/oanottage/opt/anaconda3/lib/python3.8/site-packages/airflow/example_dags/example_time_delta_sensor_async.py
[2023-03-01T12:20:30.170+0100] {logging_mixin.py:137} INFO - [2023-03-01T12:20:30.169+0100] {dag.py:2690} INFO - Sync 1 DAGs
[2023-03-01T12:20:30.183+0100] {logging_mixin.py:137} INFO - [2023-03-01T12:20:30.183+0100] {dag.py:3437} INFO - Setting next_dagrun for example_time_delta_sensor_async to None, run_after=None
[2023-03-01T12:20:30.197+0100] {processor.py:175} INFO - Processing /Users/oanottage/opt/anaconda3/lib/python3.8/site-packages/airflow/example_dags/example_time_delta_sensor_async.py took 1.542 seconds
[2023-03-01T12:22:54.736+0100] {processor.py:153} INFO - Started process (PID=97346) to work on /Users/oanottage/opt/anaconda3/lib/python3.8/site-packages/airflow/example_dags/example_time_delta_sensor_async.py
[2023-03-01T12:22:54.741+0100] {processor.py:743} INFO - Processing file /Users/oanottage/opt/anaconda3/lib/python3.8/site-packages/airflow/example_dags/example_time_delta_sensor_async.py for tasks to queue
[2023-03-01T12:22:54.742+0100] {logging_mixin.py:137} INFO - [2023-03-01T12:22:54.742+0100] {dagbag.py:538} INFO - Filling up the DagBag from /Users/oanottage/opt/anaconda3/lib/python3.8/site-packages/airflow/example_dags/example_time_delta_sensor_async.py
[2023-03-01T12:22:54.819+0100] {processor.py:753} INFO - DAG(s) dict_keys(['example_time_delta_sensor_async']) retrieved from /Users/oanottage/opt/anaconda3/lib/python3.8/site-packages/airflow/example_dags/example_time_delta_sensor_async.py
[2023-03-01T12:22:56.338+0100] {logging_mixin.py:137} INFO - [2023-03-01T12:22:56.338+0100] {dag.py:2690} INFO - Sync 1 DAGs
[2023-03-01T12:22:56.353+0100] {logging_mixin.py:137} INFO - [2023-03-01T12:22:56.353+0100] {dag.py:3437} INFO - Setting next_dagrun for example_time_delta_sensor_async to None, run_after=None
[2023-03-01T12:22:56.371+0100] {processor.py:175} INFO - Processing /Users/oanottage/opt/anaconda3/lib/python3.8/site-packages/airflow/example_dags/example_time_delta_sensor_async.py took 1.637 seconds
[2023-03-01T12:25:06.304+0100] {processor.py:153} INFO - Started process (PID=3009) to work on /Users/oanottage/opt/anaconda3/lib/python3.8/site-packages/airflow/example_dags/example_time_delta_sensor_async.py
[2023-03-01T12:25:06.310+0100] {processor.py:743} INFO - Processing file /Users/oanottage/opt/anaconda3/lib/python3.8/site-packages/airflow/example_dags/example_time_delta_sensor_async.py for tasks to queue
[2023-03-01T12:25:06.310+0100] {logging_mixin.py:137} INFO - [2023-03-01T12:25:06.310+0100] {dagbag.py:538} INFO - Filling up the DagBag from /Users/oanottage/opt/anaconda3/lib/python3.8/site-packages/airflow/example_dags/example_time_delta_sensor_async.py
[2023-03-01T12:25:06.359+0100] {processor.py:753} INFO - DAG(s) dict_keys(['example_time_delta_sensor_async']) retrieved from /Users/oanottage/opt/anaconda3/lib/python3.8/site-packages/airflow/example_dags/example_time_delta_sensor_async.py
[2023-03-01T12:25:07.932+0100] {logging_mixin.py:137} INFO - [2023-03-01T12:25:07.931+0100] {dag.py:2690} INFO - Sync 1 DAGs
[2023-03-01T12:25:07.949+0100] {logging_mixin.py:137} INFO - [2023-03-01T12:25:07.948+0100] {dag.py:3437} INFO - Setting next_dagrun for example_time_delta_sensor_async to None, run_after=None
[2023-03-01T12:25:07.967+0100] {processor.py:175} INFO - Processing /Users/oanottage/opt/anaconda3/lib/python3.8/site-packages/airflow/example_dags/example_time_delta_sensor_async.py took 1.664 seconds
[2023-03-01T12:27:06.822+0100] {processor.py:153} INFO - Started process (PID=7248) to work on /Users/oanottage/opt/anaconda3/lib/python3.8/site-packages/airflow/example_dags/example_time_delta_sensor_async.py
[2023-03-01T12:27:06.826+0100] {processor.py:743} INFO - Processing file /Users/oanottage/opt/anaconda3/lib/python3.8/site-packages/airflow/example_dags/example_time_delta_sensor_async.py for tasks to queue
[2023-03-01T12:27:06.827+0100] {logging_mixin.py:137} INFO - [2023-03-01T12:27:06.826+0100] {dagbag.py:538} INFO - Filling up the DagBag from /Users/oanottage/opt/anaconda3/lib/python3.8/site-packages/airflow/example_dags/example_time_delta_sensor_async.py
[2023-03-01T12:27:06.882+0100] {processor.py:753} INFO - DAG(s) dict_keys(['example_time_delta_sensor_async']) retrieved from /Users/oanottage/opt/anaconda3/lib/python3.8/site-packages/airflow/example_dags/example_time_delta_sensor_async.py
[2023-03-01T12:27:08.659+0100] {logging_mixin.py:137} INFO - [2023-03-01T12:27:08.659+0100] {dag.py:2690} INFO - Sync 1 DAGs
[2023-03-01T12:27:08.670+0100] {logging_mixin.py:137} INFO - [2023-03-01T12:27:08.670+0100] {dag.py:3437} INFO - Setting next_dagrun for example_time_delta_sensor_async to None, run_after=None
[2023-03-01T12:27:08.681+0100] {processor.py:175} INFO - Processing /Users/oanottage/opt/anaconda3/lib/python3.8/site-packages/airflow/example_dags/example_time_delta_sensor_async.py took 1.860 seconds
[2023-03-01T12:29:00.624+0100] {processor.py:153} INFO - Started process (PID=11340) to work on /Users/oanottage/opt/anaconda3/lib/python3.8/site-packages/airflow/example_dags/example_time_delta_sensor_async.py
[2023-03-01T12:29:00.628+0100] {processor.py:743} INFO - Processing file /Users/oanottage/opt/anaconda3/lib/python3.8/site-packages/airflow/example_dags/example_time_delta_sensor_async.py for tasks to queue
[2023-03-01T12:29:00.629+0100] {logging_mixin.py:137} INFO - [2023-03-01T12:29:00.629+0100] {dagbag.py:538} INFO - Filling up the DagBag from /Users/oanottage/opt/anaconda3/lib/python3.8/site-packages/airflow/example_dags/example_time_delta_sensor_async.py
[2023-03-01T12:29:00.674+0100] {processor.py:753} INFO - DAG(s) dict_keys(['example_time_delta_sensor_async']) retrieved from /Users/oanottage/opt/anaconda3/lib/python3.8/site-packages/airflow/example_dags/example_time_delta_sensor_async.py
[2023-03-01T12:29:01.942+0100] {logging_mixin.py:137} INFO - [2023-03-01T12:29:01.942+0100] {dag.py:2690} INFO - Sync 1 DAGs
[2023-03-01T12:29:01.959+0100] {logging_mixin.py:137} INFO - [2023-03-01T12:29:01.959+0100] {dag.py:3437} INFO - Setting next_dagrun for example_time_delta_sensor_async to None, run_after=None
[2023-03-01T12:29:01.979+0100] {processor.py:175} INFO - Processing /Users/oanottage/opt/anaconda3/lib/python3.8/site-packages/airflow/example_dags/example_time_delta_sensor_async.py took 1.355 seconds
[2023-03-01T12:30:50.196+0100] {processor.py:153} INFO - Started process (PID=14648) to work on /Users/oanottage/opt/anaconda3/lib/python3.8/site-packages/airflow/example_dags/example_time_delta_sensor_async.py
[2023-03-01T12:30:50.200+0100] {processor.py:743} INFO - Processing file /Users/oanottage/opt/anaconda3/lib/python3.8/site-packages/airflow/example_dags/example_time_delta_sensor_async.py for tasks to queue
[2023-03-01T12:30:50.200+0100] {logging_mixin.py:137} INFO - [2023-03-01T12:30:50.200+0100] {dagbag.py:538} INFO - Filling up the DagBag from /Users/oanottage/opt/anaconda3/lib/python3.8/site-packages/airflow/example_dags/example_time_delta_sensor_async.py
[2023-03-01T12:30:50.244+0100] {processor.py:753} INFO - DAG(s) dict_keys(['example_time_delta_sensor_async']) retrieved from /Users/oanottage/opt/anaconda3/lib/python3.8/site-packages/airflow/example_dags/example_time_delta_sensor_async.py
[2023-03-01T12:30:51.300+0100] {logging_mixin.py:137} INFO - [2023-03-01T12:30:51.300+0100] {dag.py:2690} INFO - Sync 1 DAGs
[2023-03-01T12:30:51.311+0100] {logging_mixin.py:137} INFO - [2023-03-01T12:30:51.310+0100] {dag.py:3437} INFO - Setting next_dagrun for example_time_delta_sensor_async to None, run_after=None
[2023-03-01T12:30:51.322+0100] {processor.py:175} INFO - Processing /Users/oanottage/opt/anaconda3/lib/python3.8/site-packages/airflow/example_dags/example_time_delta_sensor_async.py took 1.127 seconds
[2023-03-01T12:32:39.034+0100] {processor.py:153} INFO - Started process (PID=18924) to work on /Users/oanottage/opt/anaconda3/lib/python3.8/site-packages/airflow/example_dags/example_time_delta_sensor_async.py
[2023-03-01T12:32:39.038+0100] {processor.py:743} INFO - Processing file /Users/oanottage/opt/anaconda3/lib/python3.8/site-packages/airflow/example_dags/example_time_delta_sensor_async.py for tasks to queue
[2023-03-01T12:32:39.038+0100] {logging_mixin.py:137} INFO - [2023-03-01T12:32:39.038+0100] {dagbag.py:538} INFO - Filling up the DagBag from /Users/oanottage/opt/anaconda3/lib/python3.8/site-packages/airflow/example_dags/example_time_delta_sensor_async.py
[2023-03-01T12:32:39.085+0100] {processor.py:753} INFO - DAG(s) dict_keys(['example_time_delta_sensor_async']) retrieved from /Users/oanottage/opt/anaconda3/lib/python3.8/site-packages/airflow/example_dags/example_time_delta_sensor_async.py
[2023-03-01T12:32:40.193+0100] {logging_mixin.py:137} INFO - [2023-03-01T12:32:40.193+0100] {dag.py:2690} INFO - Sync 1 DAGs
[2023-03-01T12:32:40.204+0100] {logging_mixin.py:137} INFO - [2023-03-01T12:32:40.204+0100] {dag.py:3437} INFO - Setting next_dagrun for example_time_delta_sensor_async to None, run_after=None
[2023-03-01T12:32:40.215+0100] {processor.py:175} INFO - Processing /Users/oanottage/opt/anaconda3/lib/python3.8/site-packages/airflow/example_dags/example_time_delta_sensor_async.py took 1.181 seconds
[2023-03-01T12:34:27.076+0100] {processor.py:153} INFO - Started process (PID=22125) to work on /Users/oanottage/opt/anaconda3/lib/python3.8/site-packages/airflow/example_dags/example_time_delta_sensor_async.py
[2023-03-01T12:34:27.080+0100] {processor.py:743} INFO - Processing file /Users/oanottage/opt/anaconda3/lib/python3.8/site-packages/airflow/example_dags/example_time_delta_sensor_async.py for tasks to queue
[2023-03-01T12:34:27.080+0100] {logging_mixin.py:137} INFO - [2023-03-01T12:34:27.080+0100] {dagbag.py:538} INFO - Filling up the DagBag from /Users/oanottage/opt/anaconda3/lib/python3.8/site-packages/airflow/example_dags/example_time_delta_sensor_async.py
[2023-03-01T12:34:27.123+0100] {processor.py:753} INFO - DAG(s) dict_keys(['example_time_delta_sensor_async']) retrieved from /Users/oanottage/opt/anaconda3/lib/python3.8/site-packages/airflow/example_dags/example_time_delta_sensor_async.py
[2023-03-01T12:34:28.291+0100] {logging_mixin.py:137} INFO - [2023-03-01T12:34:28.291+0100] {dag.py:2690} INFO - Sync 1 DAGs
[2023-03-01T12:34:28.304+0100] {logging_mixin.py:137} INFO - [2023-03-01T12:34:28.304+0100] {dag.py:3437} INFO - Setting next_dagrun for example_time_delta_sensor_async to None, run_after=None
[2023-03-01T12:34:28.318+0100] {processor.py:175} INFO - Processing /Users/oanottage/opt/anaconda3/lib/python3.8/site-packages/airflow/example_dags/example_time_delta_sensor_async.py took 1.242 seconds
[2023-03-01T12:36:19.346+0100] {processor.py:153} INFO - Started process (PID=26340) to work on /Users/oanottage/opt/anaconda3/lib/python3.8/site-packages/airflow/example_dags/example_time_delta_sensor_async.py
[2023-03-01T12:36:19.351+0100] {processor.py:743} INFO - Processing file /Users/oanottage/opt/anaconda3/lib/python3.8/site-packages/airflow/example_dags/example_time_delta_sensor_async.py for tasks to queue
[2023-03-01T12:36:19.351+0100] {logging_mixin.py:137} INFO - [2023-03-01T12:36:19.351+0100] {dagbag.py:538} INFO - Filling up the DagBag from /Users/oanottage/opt/anaconda3/lib/python3.8/site-packages/airflow/example_dags/example_time_delta_sensor_async.py
[2023-03-01T12:36:19.408+0100] {processor.py:753} INFO - DAG(s) dict_keys(['example_time_delta_sensor_async']) retrieved from /Users/oanottage/opt/anaconda3/lib/python3.8/site-packages/airflow/example_dags/example_time_delta_sensor_async.py
[2023-03-01T12:36:20.912+0100] {logging_mixin.py:137} INFO - [2023-03-01T12:36:20.912+0100] {dag.py:2690} INFO - Sync 1 DAGs
[2023-03-01T12:36:20.931+0100] {logging_mixin.py:137} INFO - [2023-03-01T12:36:20.931+0100] {dag.py:3437} INFO - Setting next_dagrun for example_time_delta_sensor_async to None, run_after=None
[2023-03-01T12:36:20.955+0100] {processor.py:175} INFO - Processing /Users/oanottage/opt/anaconda3/lib/python3.8/site-packages/airflow/example_dags/example_time_delta_sensor_async.py took 1.608 seconds
[2023-03-01T12:38:15.912+0100] {processor.py:153} INFO - Started process (PID=30585) to work on /Users/oanottage/opt/anaconda3/lib/python3.8/site-packages/airflow/example_dags/example_time_delta_sensor_async.py
[2023-03-01T12:38:15.916+0100] {processor.py:743} INFO - Processing file /Users/oanottage/opt/anaconda3/lib/python3.8/site-packages/airflow/example_dags/example_time_delta_sensor_async.py for tasks to queue
[2023-03-01T12:38:15.916+0100] {logging_mixin.py:137} INFO - [2023-03-01T12:38:15.916+0100] {dagbag.py:538} INFO - Filling up the DagBag from /Users/oanottage/opt/anaconda3/lib/python3.8/site-packages/airflow/example_dags/example_time_delta_sensor_async.py
[2023-03-01T12:38:15.972+0100] {processor.py:753} INFO - DAG(s) dict_keys(['example_time_delta_sensor_async']) retrieved from /Users/oanottage/opt/anaconda3/lib/python3.8/site-packages/airflow/example_dags/example_time_delta_sensor_async.py
[2023-03-01T12:38:17.498+0100] {logging_mixin.py:137} INFO - [2023-03-01T12:38:17.498+0100] {dag.py:2690} INFO - Sync 1 DAGs
[2023-03-01T12:38:17.509+0100] {logging_mixin.py:137} INFO - [2023-03-01T12:38:17.509+0100] {dag.py:3437} INFO - Setting next_dagrun for example_time_delta_sensor_async to None, run_after=None
[2023-03-01T12:38:17.520+0100] {processor.py:175} INFO - Processing /Users/oanottage/opt/anaconda3/lib/python3.8/site-packages/airflow/example_dags/example_time_delta_sensor_async.py took 1.609 seconds
[2023-03-01T12:40:19.757+0100] {processor.py:153} INFO - Started process (PID=34839) to work on /Users/oanottage/opt/anaconda3/lib/python3.8/site-packages/airflow/example_dags/example_time_delta_sensor_async.py
[2023-03-01T12:40:19.764+0100] {processor.py:743} INFO - Processing file /Users/oanottage/opt/anaconda3/lib/python3.8/site-packages/airflow/example_dags/example_time_delta_sensor_async.py for tasks to queue
[2023-03-01T12:40:19.765+0100] {logging_mixin.py:137} INFO - [2023-03-01T12:40:19.765+0100] {dagbag.py:538} INFO - Filling up the DagBag from /Users/oanottage/opt/anaconda3/lib/python3.8/site-packages/airflow/example_dags/example_time_delta_sensor_async.py
[2023-03-01T12:40:19.884+0100] {processor.py:753} INFO - DAG(s) dict_keys(['example_time_delta_sensor_async']) retrieved from /Users/oanottage/opt/anaconda3/lib/python3.8/site-packages/airflow/example_dags/example_time_delta_sensor_async.py
[2023-03-01T12:40:21.286+0100] {logging_mixin.py:137} INFO - [2023-03-01T12:40:21.286+0100] {dag.py:2690} INFO - Sync 1 DAGs
[2023-03-01T12:40:21.298+0100] {logging_mixin.py:137} INFO - [2023-03-01T12:40:21.298+0100] {dag.py:3437} INFO - Setting next_dagrun for example_time_delta_sensor_async to None, run_after=None
[2023-03-01T12:40:21.314+0100] {processor.py:175} INFO - Processing /Users/oanottage/opt/anaconda3/lib/python3.8/site-packages/airflow/example_dags/example_time_delta_sensor_async.py took 1.558 seconds
[2023-03-01T12:42:27.636+0100] {processor.py:153} INFO - Started process (PID=39095) to work on /Users/oanottage/opt/anaconda3/lib/python3.8/site-packages/airflow/example_dags/example_time_delta_sensor_async.py
[2023-03-01T12:42:27.640+0100] {processor.py:743} INFO - Processing file /Users/oanottage/opt/anaconda3/lib/python3.8/site-packages/airflow/example_dags/example_time_delta_sensor_async.py for tasks to queue
[2023-03-01T12:42:27.640+0100] {logging_mixin.py:137} INFO - [2023-03-01T12:42:27.640+0100] {dagbag.py:538} INFO - Filling up the DagBag from /Users/oanottage/opt/anaconda3/lib/python3.8/site-packages/airflow/example_dags/example_time_delta_sensor_async.py
[2023-03-01T12:42:27.688+0100] {processor.py:753} INFO - DAG(s) dict_keys(['example_time_delta_sensor_async']) retrieved from /Users/oanottage/opt/anaconda3/lib/python3.8/site-packages/airflow/example_dags/example_time_delta_sensor_async.py
[2023-03-01T12:42:28.910+0100] {logging_mixin.py:137} INFO - [2023-03-01T12:42:28.909+0100] {dag.py:2690} INFO - Sync 1 DAGs
[2023-03-01T12:42:28.927+0100] {logging_mixin.py:137} INFO - [2023-03-01T12:42:28.927+0100] {dag.py:3437} INFO - Setting next_dagrun for example_time_delta_sensor_async to None, run_after=None
[2023-03-01T12:42:28.947+0100] {processor.py:175} INFO - Processing /Users/oanottage/opt/anaconda3/lib/python3.8/site-packages/airflow/example_dags/example_time_delta_sensor_async.py took 1.311 seconds
[2023-03-01T12:44:42.512+0100] {processor.py:153} INFO - Started process (PID=44395) to work on /Users/oanottage/opt/anaconda3/lib/python3.8/site-packages/airflow/example_dags/example_time_delta_sensor_async.py
[2023-03-01T12:44:42.516+0100] {processor.py:743} INFO - Processing file /Users/oanottage/opt/anaconda3/lib/python3.8/site-packages/airflow/example_dags/example_time_delta_sensor_async.py for tasks to queue
[2023-03-01T12:44:42.517+0100] {logging_mixin.py:137} INFO - [2023-03-01T12:44:42.517+0100] {dagbag.py:538} INFO - Filling up the DagBag from /Users/oanottage/opt/anaconda3/lib/python3.8/site-packages/airflow/example_dags/example_time_delta_sensor_async.py
[2023-03-01T12:44:42.569+0100] {processor.py:753} INFO - DAG(s) dict_keys(['example_time_delta_sensor_async']) retrieved from /Users/oanottage/opt/anaconda3/lib/python3.8/site-packages/airflow/example_dags/example_time_delta_sensor_async.py
[2023-03-01T12:44:43.997+0100] {logging_mixin.py:137} INFO - [2023-03-01T12:44:43.997+0100] {dag.py:2690} INFO - Sync 1 DAGs
[2023-03-01T12:44:44.008+0100] {logging_mixin.py:137} INFO - [2023-03-01T12:44:44.008+0100] {dag.py:3437} INFO - Setting next_dagrun for example_time_delta_sensor_async to None, run_after=None
[2023-03-01T12:44:44.020+0100] {processor.py:175} INFO - Processing /Users/oanottage/opt/anaconda3/lib/python3.8/site-packages/airflow/example_dags/example_time_delta_sensor_async.py took 1.509 seconds
[2023-03-01T12:46:45.174+0100] {processor.py:153} INFO - Started process (PID=48685) to work on /Users/oanottage/opt/anaconda3/lib/python3.8/site-packages/airflow/example_dags/example_time_delta_sensor_async.py
[2023-03-01T12:46:45.178+0100] {processor.py:743} INFO - Processing file /Users/oanottage/opt/anaconda3/lib/python3.8/site-packages/airflow/example_dags/example_time_delta_sensor_async.py for tasks to queue
[2023-03-01T12:46:45.178+0100] {logging_mixin.py:137} INFO - [2023-03-01T12:46:45.178+0100] {dagbag.py:538} INFO - Filling up the DagBag from /Users/oanottage/opt/anaconda3/lib/python3.8/site-packages/airflow/example_dags/example_time_delta_sensor_async.py
[2023-03-01T12:46:45.227+0100] {processor.py:753} INFO - DAG(s) dict_keys(['example_time_delta_sensor_async']) retrieved from /Users/oanottage/opt/anaconda3/lib/python3.8/site-packages/airflow/example_dags/example_time_delta_sensor_async.py
[2023-03-01T12:46:46.668+0100] {logging_mixin.py:137} INFO - [2023-03-01T12:46:46.668+0100] {dag.py:2690} INFO - Sync 1 DAGs
[2023-03-01T12:46:46.680+0100] {logging_mixin.py:137} INFO - [2023-03-01T12:46:46.680+0100] {dag.py:3437} INFO - Setting next_dagrun for example_time_delta_sensor_async to None, run_after=None
[2023-03-01T12:46:46.692+0100] {processor.py:175} INFO - Processing /Users/oanottage/opt/anaconda3/lib/python3.8/site-packages/airflow/example_dags/example_time_delta_sensor_async.py took 1.518 seconds
[2023-03-01T12:48:50.815+0100] {processor.py:153} INFO - Started process (PID=52980) to work on /Users/oanottage/opt/anaconda3/lib/python3.8/site-packages/airflow/example_dags/example_time_delta_sensor_async.py
[2023-03-01T12:48:50.820+0100] {processor.py:743} INFO - Processing file /Users/oanottage/opt/anaconda3/lib/python3.8/site-packages/airflow/example_dags/example_time_delta_sensor_async.py for tasks to queue
[2023-03-01T12:48:50.820+0100] {logging_mixin.py:137} INFO - [2023-03-01T12:48:50.820+0100] {dagbag.py:538} INFO - Filling up the DagBag from /Users/oanottage/opt/anaconda3/lib/python3.8/site-packages/airflow/example_dags/example_time_delta_sensor_async.py
[2023-03-01T12:48:50.892+0100] {processor.py:753} INFO - DAG(s) dict_keys(['example_time_delta_sensor_async']) retrieved from /Users/oanottage/opt/anaconda3/lib/python3.8/site-packages/airflow/example_dags/example_time_delta_sensor_async.py
[2023-03-01T12:48:52.849+0100] {logging_mixin.py:137} INFO - [2023-03-01T12:48:52.849+0100] {dag.py:2690} INFO - Sync 1 DAGs
[2023-03-01T12:48:52.861+0100] {logging_mixin.py:137} INFO - [2023-03-01T12:48:52.861+0100] {dag.py:3437} INFO - Setting next_dagrun for example_time_delta_sensor_async to None, run_after=None
[2023-03-01T12:48:52.882+0100] {processor.py:175} INFO - Processing /Users/oanottage/opt/anaconda3/lib/python3.8/site-packages/airflow/example_dags/example_time_delta_sensor_async.py took 2.068 seconds
[2023-03-01T12:50:53.775+0100] {processor.py:153} INFO - Started process (PID=57287) to work on /Users/oanottage/opt/anaconda3/lib/python3.8/site-packages/airflow/example_dags/example_time_delta_sensor_async.py
[2023-03-01T12:50:53.779+0100] {processor.py:743} INFO - Processing file /Users/oanottage/opt/anaconda3/lib/python3.8/site-packages/airflow/example_dags/example_time_delta_sensor_async.py for tasks to queue
[2023-03-01T12:50:53.780+0100] {logging_mixin.py:137} INFO - [2023-03-01T12:50:53.779+0100] {dagbag.py:538} INFO - Filling up the DagBag from /Users/oanottage/opt/anaconda3/lib/python3.8/site-packages/airflow/example_dags/example_time_delta_sensor_async.py
[2023-03-01T12:50:53.830+0100] {processor.py:753} INFO - DAG(s) dict_keys(['example_time_delta_sensor_async']) retrieved from /Users/oanottage/opt/anaconda3/lib/python3.8/site-packages/airflow/example_dags/example_time_delta_sensor_async.py
[2023-03-01T12:50:54.919+0100] {logging_mixin.py:137} INFO - [2023-03-01T12:50:54.918+0100] {dag.py:2690} INFO - Sync 1 DAGs
[2023-03-01T12:50:54.938+0100] {logging_mixin.py:137} INFO - [2023-03-01T12:50:54.937+0100] {dag.py:3437} INFO - Setting next_dagrun for example_time_delta_sensor_async to None, run_after=None
[2023-03-01T12:50:54.959+0100] {processor.py:175} INFO - Processing /Users/oanottage/opt/anaconda3/lib/python3.8/site-packages/airflow/example_dags/example_time_delta_sensor_async.py took 1.185 seconds
[2023-03-01T12:52:53.276+0100] {processor.py:153} INFO - Started process (PID=61545) to work on /Users/oanottage/opt/anaconda3/lib/python3.8/site-packages/airflow/example_dags/example_time_delta_sensor_async.py
[2023-03-01T12:52:53.281+0100] {processor.py:743} INFO - Processing file /Users/oanottage/opt/anaconda3/lib/python3.8/site-packages/airflow/example_dags/example_time_delta_sensor_async.py for tasks to queue
[2023-03-01T12:52:53.281+0100] {logging_mixin.py:137} INFO - [2023-03-01T12:52:53.281+0100] {dagbag.py:538} INFO - Filling up the DagBag from /Users/oanottage/opt/anaconda3/lib/python3.8/site-packages/airflow/example_dags/example_time_delta_sensor_async.py
[2023-03-01T12:52:53.346+0100] {processor.py:753} INFO - DAG(s) dict_keys(['example_time_delta_sensor_async']) retrieved from /Users/oanottage/opt/anaconda3/lib/python3.8/site-packages/airflow/example_dags/example_time_delta_sensor_async.py
[2023-03-01T12:52:55.335+0100] {logging_mixin.py:137} INFO - [2023-03-01T12:52:55.334+0100] {dag.py:2690} INFO - Sync 1 DAGs
[2023-03-01T12:52:55.347+0100] {logging_mixin.py:137} INFO - [2023-03-01T12:52:55.347+0100] {dag.py:3437} INFO - Setting next_dagrun for example_time_delta_sensor_async to None, run_after=None
[2023-03-01T12:52:55.361+0100] {processor.py:175} INFO - Processing /Users/oanottage/opt/anaconda3/lib/python3.8/site-packages/airflow/example_dags/example_time_delta_sensor_async.py took 2.086 seconds
[2023-03-01T12:54:54.543+0100] {processor.py:153} INFO - Started process (PID=65848) to work on /Users/oanottage/opt/anaconda3/lib/python3.8/site-packages/airflow/example_dags/example_time_delta_sensor_async.py
[2023-03-01T12:54:54.548+0100] {processor.py:743} INFO - Processing file /Users/oanottage/opt/anaconda3/lib/python3.8/site-packages/airflow/example_dags/example_time_delta_sensor_async.py for tasks to queue
[2023-03-01T12:54:54.548+0100] {logging_mixin.py:137} INFO - [2023-03-01T12:54:54.548+0100] {dagbag.py:538} INFO - Filling up the DagBag from /Users/oanottage/opt/anaconda3/lib/python3.8/site-packages/airflow/example_dags/example_time_delta_sensor_async.py
[2023-03-01T12:54:54.605+0100] {processor.py:753} INFO - DAG(s) dict_keys(['example_time_delta_sensor_async']) retrieved from /Users/oanottage/opt/anaconda3/lib/python3.8/site-packages/airflow/example_dags/example_time_delta_sensor_async.py
[2023-03-01T12:54:55.756+0100] {logging_mixin.py:137} INFO - [2023-03-01T12:54:55.756+0100] {dag.py:2690} INFO - Sync 1 DAGs
[2023-03-01T12:54:55.766+0100] {logging_mixin.py:137} INFO - [2023-03-01T12:54:55.766+0100] {dag.py:3437} INFO - Setting next_dagrun for example_time_delta_sensor_async to None, run_after=None
[2023-03-01T12:54:55.780+0100] {processor.py:175} INFO - Processing /Users/oanottage/opt/anaconda3/lib/python3.8/site-packages/airflow/example_dags/example_time_delta_sensor_async.py took 1.237 seconds
[2023-03-01T12:56:46.956+0100] {processor.py:153} INFO - Started process (PID=70106) to work on /Users/oanottage/opt/anaconda3/lib/python3.8/site-packages/airflow/example_dags/example_time_delta_sensor_async.py
[2023-03-01T12:56:46.960+0100] {processor.py:743} INFO - Processing file /Users/oanottage/opt/anaconda3/lib/python3.8/site-packages/airflow/example_dags/example_time_delta_sensor_async.py for tasks to queue
[2023-03-01T12:56:46.961+0100] {logging_mixin.py:137} INFO - [2023-03-01T12:56:46.960+0100] {dagbag.py:538} INFO - Filling up the DagBag from /Users/oanottage/opt/anaconda3/lib/python3.8/site-packages/airflow/example_dags/example_time_delta_sensor_async.py
[2023-03-01T12:56:47.012+0100] {processor.py:753} INFO - DAG(s) dict_keys(['example_time_delta_sensor_async']) retrieved from /Users/oanottage/opt/anaconda3/lib/python3.8/site-packages/airflow/example_dags/example_time_delta_sensor_async.py
[2023-03-01T12:56:48.171+0100] {logging_mixin.py:137} INFO - [2023-03-01T12:56:48.171+0100] {dag.py:2690} INFO - Sync 1 DAGs
[2023-03-01T12:56:48.185+0100] {logging_mixin.py:137} INFO - [2023-03-01T12:56:48.185+0100] {dag.py:3437} INFO - Setting next_dagrun for example_time_delta_sensor_async to None, run_after=None
[2023-03-01T12:56:48.199+0100] {processor.py:175} INFO - Processing /Users/oanottage/opt/anaconda3/lib/python3.8/site-packages/airflow/example_dags/example_time_delta_sensor_async.py took 1.243 seconds
[2023-03-01T12:58:42.040+0100] {processor.py:153} INFO - Started process (PID=74393) to work on /Users/oanottage/opt/anaconda3/lib/python3.8/site-packages/airflow/example_dags/example_time_delta_sensor_async.py
[2023-03-01T12:58:42.044+0100] {processor.py:743} INFO - Processing file /Users/oanottage/opt/anaconda3/lib/python3.8/site-packages/airflow/example_dags/example_time_delta_sensor_async.py for tasks to queue
[2023-03-01T12:58:42.045+0100] {logging_mixin.py:137} INFO - [2023-03-01T12:58:42.045+0100] {dagbag.py:538} INFO - Filling up the DagBag from /Users/oanottage/opt/anaconda3/lib/python3.8/site-packages/airflow/example_dags/example_time_delta_sensor_async.py
[2023-03-01T12:58:42.096+0100] {processor.py:753} INFO - DAG(s) dict_keys(['example_time_delta_sensor_async']) retrieved from /Users/oanottage/opt/anaconda3/lib/python3.8/site-packages/airflow/example_dags/example_time_delta_sensor_async.py
[2023-03-01T12:58:43.287+0100] {logging_mixin.py:137} INFO - [2023-03-01T12:58:43.287+0100] {dag.py:2690} INFO - Sync 1 DAGs
[2023-03-01T12:58:43.297+0100] {logging_mixin.py:137} INFO - [2023-03-01T12:58:43.297+0100] {dag.py:3437} INFO - Setting next_dagrun for example_time_delta_sensor_async to None, run_after=None
[2023-03-01T12:58:43.309+0100] {processor.py:175} INFO - Processing /Users/oanottage/opt/anaconda3/lib/python3.8/site-packages/airflow/example_dags/example_time_delta_sensor_async.py took 1.269 seconds
[2023-03-01T13:00:39.905+0100] {processor.py:153} INFO - Started process (PID=78668) to work on /Users/oanottage/opt/anaconda3/lib/python3.8/site-packages/airflow/example_dags/example_time_delta_sensor_async.py
[2023-03-01T13:00:39.909+0100] {processor.py:743} INFO - Processing file /Users/oanottage/opt/anaconda3/lib/python3.8/site-packages/airflow/example_dags/example_time_delta_sensor_async.py for tasks to queue
[2023-03-01T13:00:39.910+0100] {logging_mixin.py:137} INFO - [2023-03-01T13:00:39.910+0100] {dagbag.py:538} INFO - Filling up the DagBag from /Users/oanottage/opt/anaconda3/lib/python3.8/site-packages/airflow/example_dags/example_time_delta_sensor_async.py
[2023-03-01T13:00:39.972+0100] {processor.py:753} INFO - DAG(s) dict_keys(['example_time_delta_sensor_async']) retrieved from /Users/oanottage/opt/anaconda3/lib/python3.8/site-packages/airflow/example_dags/example_time_delta_sensor_async.py
[2023-03-01T13:00:41.320+0100] {logging_mixin.py:137} INFO - [2023-03-01T13:00:41.319+0100] {dag.py:2690} INFO - Sync 1 DAGs
[2023-03-01T13:00:41.331+0100] {logging_mixin.py:137} INFO - [2023-03-01T13:00:41.331+0100] {dag.py:3437} INFO - Setting next_dagrun for example_time_delta_sensor_async to None, run_after=None
[2023-03-01T13:00:41.342+0100] {processor.py:175} INFO - Processing /Users/oanottage/opt/anaconda3/lib/python3.8/site-packages/airflow/example_dags/example_time_delta_sensor_async.py took 1.438 seconds
