[2023-03-01T12:03:01.737+0100] {processor.py:153} INFO - Started process (PID=56222) to work on /Users/oanottage/opt/anaconda3/lib/python3.8/site-packages/airflow/example_dags/example_subdag_operator.py
[2023-03-01T12:03:01.742+0100] {processor.py:743} INFO - Processing file /Users/oanottage/opt/anaconda3/lib/python3.8/site-packages/airflow/example_dags/example_subdag_operator.py for tasks to queue
[2023-03-01T12:03:01.743+0100] {logging_mixin.py:137} INFO - [2023-03-01T12:03:01.743+0100] {dagbag.py:538} INFO - Filling up the DagBag from /Users/oanottage/opt/anaconda3/lib/python3.8/site-packages/airflow/example_dags/example_subdag_operator.py
[2023-03-01T12:03:02.709+0100] {processor.py:753} INFO - DAG(s) dict_keys(['example_subdag_operator.section-1', 'example_subdag_operator.section-2', 'example_subdag_operator']) retrieved from /Users/oanottage/opt/anaconda3/lib/python3.8/site-packages/airflow/example_dags/example_subdag_operator.py
[2023-03-01T12:03:03.075+0100] {logging_mixin.py:137} INFO - [2023-03-01T12:03:03.075+0100] {manager.py:504} INFO - Created Permission View: can read on DAG:example_subdag_operator
[2023-03-01T12:03:03.081+0100] {logging_mixin.py:137} INFO - [2023-03-01T12:03:03.080+0100] {manager.py:504} INFO - Created Permission View: can delete on DAG:example_subdag_operator
[2023-03-01T12:03:03.085+0100] {logging_mixin.py:137} INFO - [2023-03-01T12:03:03.085+0100] {manager.py:504} INFO - Created Permission View: can edit on DAG:example_subdag_operator
[2023-03-01T12:03:03.085+0100] {logging_mixin.py:137} INFO - [2023-03-01T12:03:03.085+0100] {dag.py:2690} INFO - Sync 3 DAGs
[2023-03-01T12:03:03.094+0100] {logging_mixin.py:137} INFO - [2023-03-01T12:03:03.093+0100] {dag.py:2711} INFO - Creating ORM DAG for example_subdag_operator.section-1
[2023-03-01T12:03:03.094+0100] {logging_mixin.py:137} INFO - [2023-03-01T12:03:03.094+0100] {dag.py:2711} INFO - Creating ORM DAG for example_subdag_operator.section-2
[2023-03-01T12:03:03.094+0100] {logging_mixin.py:137} INFO - [2023-03-01T12:03:03.094+0100] {dag.py:2711} INFO - Creating ORM DAG for example_subdag_operator
[2023-03-01T12:03:03.101+0100] {logging_mixin.py:137} INFO - [2023-03-01T12:03:03.100+0100] {dag.py:3437} INFO - Setting next_dagrun for example_subdag_operator to 2022-01-01T00:00:00+00:00, run_after=2022-01-01T00:00:00+00:00
[2023-03-01T12:03:03.101+0100] {logging_mixin.py:137} INFO - [2023-03-01T12:03:03.101+0100] {dag.py:3437} INFO - Setting next_dagrun for example_subdag_operator.section-1 to None, run_after=None
[2023-03-01T12:03:03.101+0100] {logging_mixin.py:137} INFO - [2023-03-01T12:03:03.101+0100] {dag.py:3437} INFO - Setting next_dagrun for example_subdag_operator.section-2 to None, run_after=None
[2023-03-01T12:03:03.106+0100] {logging_mixin.py:137} INFO - [2023-03-01T12:03:03.106+0100] {dag.py:2690} INFO - Sync 2 DAGs
[2023-03-01T12:03:03.110+0100] {logging_mixin.py:137} INFO - [2023-03-01T12:03:03.110+0100] {dag.py:3437} INFO - Setting next_dagrun for example_subdag_operator.section-1 to None, run_after=None
[2023-03-01T12:03:03.111+0100] {logging_mixin.py:137} INFO - [2023-03-01T12:03:03.111+0100] {dag.py:3437} INFO - Setting next_dagrun for example_subdag_operator.section-2 to None, run_after=None
[2023-03-01T12:03:03.122+0100] {processor.py:175} INFO - Processing /Users/oanottage/opt/anaconda3/lib/python3.8/site-packages/airflow/example_dags/example_subdag_operator.py took 1.385 seconds
[2023-03-01T12:05:04.224+0100] {processor.py:153} INFO - Started process (PID=60413) to work on /Users/oanottage/opt/anaconda3/lib/python3.8/site-packages/airflow/example_dags/example_subdag_operator.py
[2023-03-01T12:05:04.227+0100] {processor.py:743} INFO - Processing file /Users/oanottage/opt/anaconda3/lib/python3.8/site-packages/airflow/example_dags/example_subdag_operator.py for tasks to queue
[2023-03-01T12:05:04.228+0100] {logging_mixin.py:137} INFO - [2023-03-01T12:05:04.228+0100] {dagbag.py:538} INFO - Filling up the DagBag from /Users/oanottage/opt/anaconda3/lib/python3.8/site-packages/airflow/example_dags/example_subdag_operator.py
[2023-03-01T12:05:05.181+0100] {processor.py:753} INFO - DAG(s) dict_keys(['example_subdag_operator.section-1', 'example_subdag_operator.section-2', 'example_subdag_operator']) retrieved from /Users/oanottage/opt/anaconda3/lib/python3.8/site-packages/airflow/example_dags/example_subdag_operator.py
[2023-03-01T12:05:05.402+0100] {logging_mixin.py:137} INFO - [2023-03-01T12:05:05.401+0100] {dag.py:2690} INFO - Sync 3 DAGs
[2023-03-01T12:05:05.414+0100] {logging_mixin.py:137} INFO - [2023-03-01T12:05:05.414+0100] {dag.py:3437} INFO - Setting next_dagrun for example_subdag_operator to 2022-01-01T00:00:00+00:00, run_after=2022-01-01T00:00:00+00:00
[2023-03-01T12:05:05.416+0100] {logging_mixin.py:137} INFO - [2023-03-01T12:05:05.415+0100] {dag.py:3437} INFO - Setting next_dagrun for example_subdag_operator.section-1 to None, run_after=None
[2023-03-01T12:05:05.416+0100] {logging_mixin.py:137} INFO - [2023-03-01T12:05:05.416+0100] {dag.py:3437} INFO - Setting next_dagrun for example_subdag_operator.section-2 to None, run_after=None
[2023-03-01T12:05:05.420+0100] {logging_mixin.py:137} INFO - [2023-03-01T12:05:05.420+0100] {dag.py:2690} INFO - Sync 2 DAGs
[2023-03-01T12:05:05.423+0100] {logging_mixin.py:137} INFO - [2023-03-01T12:05:05.423+0100] {dag.py:3437} INFO - Setting next_dagrun for example_subdag_operator.section-1 to None, run_after=None
[2023-03-01T12:05:05.423+0100] {logging_mixin.py:137} INFO - [2023-03-01T12:05:05.423+0100] {dag.py:3437} INFO - Setting next_dagrun for example_subdag_operator.section-2 to None, run_after=None
[2023-03-01T12:05:05.432+0100] {processor.py:175} INFO - Processing /Users/oanottage/opt/anaconda3/lib/python3.8/site-packages/airflow/example_dags/example_subdag_operator.py took 1.209 seconds
[2023-03-01T12:06:58.644+0100] {processor.py:153} INFO - Started process (PID=63819) to work on /Users/oanottage/opt/anaconda3/lib/python3.8/site-packages/airflow/example_dags/example_subdag_operator.py
[2023-03-01T12:06:58.649+0100] {processor.py:743} INFO - Processing file /Users/oanottage/opt/anaconda3/lib/python3.8/site-packages/airflow/example_dags/example_subdag_operator.py for tasks to queue
[2023-03-01T12:06:58.649+0100] {logging_mixin.py:137} INFO - [2023-03-01T12:06:58.649+0100] {dagbag.py:538} INFO - Filling up the DagBag from /Users/oanottage/opt/anaconda3/lib/python3.8/site-packages/airflow/example_dags/example_subdag_operator.py
[2023-03-01T12:06:59.631+0100] {processor.py:753} INFO - DAG(s) dict_keys(['example_subdag_operator.section-1', 'example_subdag_operator.section-2', 'example_subdag_operator']) retrieved from /Users/oanottage/opt/anaconda3/lib/python3.8/site-packages/airflow/example_dags/example_subdag_operator.py
[2023-03-01T12:06:59.899+0100] {logging_mixin.py:137} INFO - [2023-03-01T12:06:59.899+0100] {dag.py:2690} INFO - Sync 3 DAGs
[2023-03-01T12:06:59.916+0100] {logging_mixin.py:137} INFO - [2023-03-01T12:06:59.916+0100] {dag.py:3437} INFO - Setting next_dagrun for example_subdag_operator to 2022-01-01T00:00:00+00:00, run_after=2022-01-01T00:00:00+00:00
[2023-03-01T12:06:59.919+0100] {logging_mixin.py:137} INFO - [2023-03-01T12:06:59.919+0100] {dag.py:3437} INFO - Setting next_dagrun for example_subdag_operator.section-1 to None, run_after=None
[2023-03-01T12:06:59.920+0100] {logging_mixin.py:137} INFO - [2023-03-01T12:06:59.920+0100] {dag.py:3437} INFO - Setting next_dagrun for example_subdag_operator.section-2 to None, run_after=None
[2023-03-01T12:06:59.926+0100] {logging_mixin.py:137} INFO - [2023-03-01T12:06:59.925+0100] {dag.py:2690} INFO - Sync 2 DAGs
[2023-03-01T12:06:59.930+0100] {logging_mixin.py:137} INFO - [2023-03-01T12:06:59.930+0100] {dag.py:3437} INFO - Setting next_dagrun for example_subdag_operator.section-1 to None, run_after=None
[2023-03-01T12:06:59.930+0100] {logging_mixin.py:137} INFO - [2023-03-01T12:06:59.930+0100] {dag.py:3437} INFO - Setting next_dagrun for example_subdag_operator.section-2 to None, run_after=None
[2023-03-01T12:06:59.943+0100] {processor.py:175} INFO - Processing /Users/oanottage/opt/anaconda3/lib/python3.8/site-packages/airflow/example_dags/example_subdag_operator.py took 1.300 seconds
[2023-03-01T12:08:48.672+0100] {processor.py:153} INFO - Started process (PID=67754) to work on /Users/oanottage/opt/anaconda3/lib/python3.8/site-packages/airflow/example_dags/example_subdag_operator.py
[2023-03-01T12:08:48.677+0100] {processor.py:743} INFO - Processing file /Users/oanottage/opt/anaconda3/lib/python3.8/site-packages/airflow/example_dags/example_subdag_operator.py for tasks to queue
[2023-03-01T12:08:48.677+0100] {logging_mixin.py:137} INFO - [2023-03-01T12:08:48.677+0100] {dagbag.py:538} INFO - Filling up the DagBag from /Users/oanottage/opt/anaconda3/lib/python3.8/site-packages/airflow/example_dags/example_subdag_operator.py
[2023-03-01T12:08:49.980+0100] {processor.py:753} INFO - DAG(s) dict_keys(['example_subdag_operator.section-1', 'example_subdag_operator.section-2', 'example_subdag_operator']) retrieved from /Users/oanottage/opt/anaconda3/lib/python3.8/site-packages/airflow/example_dags/example_subdag_operator.py
[2023-03-01T12:08:50.478+0100] {logging_mixin.py:137} INFO - [2023-03-01T12:08:50.478+0100] {dag.py:2690} INFO - Sync 3 DAGs
[2023-03-01T12:08:50.489+0100] {logging_mixin.py:137} INFO - [2023-03-01T12:08:50.489+0100] {dag.py:3437} INFO - Setting next_dagrun for example_subdag_operator to 2022-01-01T00:00:00+00:00, run_after=2022-01-01T00:00:00+00:00
[2023-03-01T12:08:50.491+0100] {logging_mixin.py:137} INFO - [2023-03-01T12:08:50.491+0100] {dag.py:3437} INFO - Setting next_dagrun for example_subdag_operator.section-1 to None, run_after=None
[2023-03-01T12:08:50.491+0100] {logging_mixin.py:137} INFO - [2023-03-01T12:08:50.491+0100] {dag.py:3437} INFO - Setting next_dagrun for example_subdag_operator.section-2 to None, run_after=None
[2023-03-01T12:08:50.495+0100] {logging_mixin.py:137} INFO - [2023-03-01T12:08:50.495+0100] {dag.py:2690} INFO - Sync 2 DAGs
[2023-03-01T12:08:50.497+0100] {logging_mixin.py:137} INFO - [2023-03-01T12:08:50.497+0100] {dag.py:3437} INFO - Setting next_dagrun for example_subdag_operator.section-1 to None, run_after=None
[2023-03-01T12:08:50.497+0100] {logging_mixin.py:137} INFO - [2023-03-01T12:08:50.497+0100] {dag.py:3437} INFO - Setting next_dagrun for example_subdag_operator.section-2 to None, run_after=None
[2023-03-01T12:08:50.509+0100] {processor.py:175} INFO - Processing /Users/oanottage/opt/anaconda3/lib/python3.8/site-packages/airflow/example_dags/example_subdag_operator.py took 1.837 seconds
[2023-03-01T12:10:47.185+0100] {processor.py:153} INFO - Started process (PID=71971) to work on /Users/oanottage/opt/anaconda3/lib/python3.8/site-packages/airflow/example_dags/example_subdag_operator.py
[2023-03-01T12:10:47.190+0100] {processor.py:743} INFO - Processing file /Users/oanottage/opt/anaconda3/lib/python3.8/site-packages/airflow/example_dags/example_subdag_operator.py for tasks to queue
[2023-03-01T12:10:47.191+0100] {logging_mixin.py:137} INFO - [2023-03-01T12:10:47.191+0100] {dagbag.py:538} INFO - Filling up the DagBag from /Users/oanottage/opt/anaconda3/lib/python3.8/site-packages/airflow/example_dags/example_subdag_operator.py
[2023-03-01T12:10:48.707+0100] {processor.py:753} INFO - DAG(s) dict_keys(['example_subdag_operator.section-1', 'example_subdag_operator.section-2', 'example_subdag_operator']) retrieved from /Users/oanottage/opt/anaconda3/lib/python3.8/site-packages/airflow/example_dags/example_subdag_operator.py
[2023-03-01T12:10:49.254+0100] {logging_mixin.py:137} INFO - [2023-03-01T12:10:49.254+0100] {dag.py:2690} INFO - Sync 3 DAGs
[2023-03-01T12:10:49.268+0100] {logging_mixin.py:137} INFO - [2023-03-01T12:10:49.267+0100] {dag.py:3437} INFO - Setting next_dagrun for example_subdag_operator to 2022-01-01T00:00:00+00:00, run_after=2022-01-01T00:00:00+00:00
[2023-03-01T12:10:49.269+0100] {logging_mixin.py:137} INFO - [2023-03-01T12:10:49.269+0100] {dag.py:3437} INFO - Setting next_dagrun for example_subdag_operator.section-1 to None, run_after=None
[2023-03-01T12:10:49.270+0100] {logging_mixin.py:137} INFO - [2023-03-01T12:10:49.270+0100] {dag.py:3437} INFO - Setting next_dagrun for example_subdag_operator.section-2 to None, run_after=None
[2023-03-01T12:10:49.274+0100] {logging_mixin.py:137} INFO - [2023-03-01T12:10:49.274+0100] {dag.py:2690} INFO - Sync 2 DAGs
[2023-03-01T12:10:49.277+0100] {logging_mixin.py:137} INFO - [2023-03-01T12:10:49.277+0100] {dag.py:3437} INFO - Setting next_dagrun for example_subdag_operator.section-1 to None, run_after=None
[2023-03-01T12:10:49.277+0100] {logging_mixin.py:137} INFO - [2023-03-01T12:10:49.277+0100] {dag.py:3437} INFO - Setting next_dagrun for example_subdag_operator.section-2 to None, run_after=None
[2023-03-01T12:10:49.289+0100] {processor.py:175} INFO - Processing /Users/oanottage/opt/anaconda3/lib/python3.8/site-packages/airflow/example_dags/example_subdag_operator.py took 2.104 seconds
[2023-03-01T12:12:53.188+0100] {processor.py:153} INFO - Started process (PID=76283) to work on /Users/oanottage/opt/anaconda3/lib/python3.8/site-packages/airflow/example_dags/example_subdag_operator.py
[2023-03-01T12:12:53.194+0100] {processor.py:743} INFO - Processing file /Users/oanottage/opt/anaconda3/lib/python3.8/site-packages/airflow/example_dags/example_subdag_operator.py for tasks to queue
[2023-03-01T12:12:53.194+0100] {logging_mixin.py:137} INFO - [2023-03-01T12:12:53.194+0100] {dagbag.py:538} INFO - Filling up the DagBag from /Users/oanottage/opt/anaconda3/lib/python3.8/site-packages/airflow/example_dags/example_subdag_operator.py
[2023-03-01T12:12:54.055+0100] {processor.py:753} INFO - DAG(s) dict_keys(['example_subdag_operator.section-1', 'example_subdag_operator.section-2', 'example_subdag_operator']) retrieved from /Users/oanottage/opt/anaconda3/lib/python3.8/site-packages/airflow/example_dags/example_subdag_operator.py
[2023-03-01T12:12:54.300+0100] {logging_mixin.py:137} INFO - [2023-03-01T12:12:54.300+0100] {dag.py:2690} INFO - Sync 3 DAGs
[2023-03-01T12:12:54.312+0100] {logging_mixin.py:137} INFO - [2023-03-01T12:12:54.312+0100] {dag.py:3437} INFO - Setting next_dagrun for example_subdag_operator to 2022-01-01T00:00:00+00:00, run_after=2022-01-01T00:00:00+00:00
[2023-03-01T12:12:54.314+0100] {logging_mixin.py:137} INFO - [2023-03-01T12:12:54.314+0100] {dag.py:3437} INFO - Setting next_dagrun for example_subdag_operator.section-1 to None, run_after=None
[2023-03-01T12:12:54.314+0100] {logging_mixin.py:137} INFO - [2023-03-01T12:12:54.314+0100] {dag.py:3437} INFO - Setting next_dagrun for example_subdag_operator.section-2 to None, run_after=None
[2023-03-01T12:12:54.318+0100] {logging_mixin.py:137} INFO - [2023-03-01T12:12:54.318+0100] {dag.py:2690} INFO - Sync 2 DAGs
[2023-03-01T12:12:54.321+0100] {logging_mixin.py:137} INFO - [2023-03-01T12:12:54.321+0100] {dag.py:3437} INFO - Setting next_dagrun for example_subdag_operator.section-1 to None, run_after=None
[2023-03-01T12:12:54.321+0100] {logging_mixin.py:137} INFO - [2023-03-01T12:12:54.321+0100] {dag.py:3437} INFO - Setting next_dagrun for example_subdag_operator.section-2 to None, run_after=None
[2023-03-01T12:12:54.330+0100] {processor.py:175} INFO - Processing /Users/oanottage/opt/anaconda3/lib/python3.8/site-packages/airflow/example_dags/example_subdag_operator.py took 1.142 seconds
[2023-03-01T12:14:45.355+0100] {processor.py:153} INFO - Started process (PID=80463) to work on /Users/oanottage/opt/anaconda3/lib/python3.8/site-packages/airflow/example_dags/example_subdag_operator.py
[2023-03-01T12:14:45.359+0100] {processor.py:743} INFO - Processing file /Users/oanottage/opt/anaconda3/lib/python3.8/site-packages/airflow/example_dags/example_subdag_operator.py for tasks to queue
[2023-03-01T12:14:45.359+0100] {logging_mixin.py:137} INFO - [2023-03-01T12:14:45.359+0100] {dagbag.py:538} INFO - Filling up the DagBag from /Users/oanottage/opt/anaconda3/lib/python3.8/site-packages/airflow/example_dags/example_subdag_operator.py
[2023-03-01T12:14:46.237+0100] {processor.py:753} INFO - DAG(s) dict_keys(['example_subdag_operator.section-1', 'example_subdag_operator.section-2', 'example_subdag_operator']) retrieved from /Users/oanottage/opt/anaconda3/lib/python3.8/site-packages/airflow/example_dags/example_subdag_operator.py
[2023-03-01T12:14:46.455+0100] {logging_mixin.py:137} INFO - [2023-03-01T12:14:46.454+0100] {dag.py:2690} INFO - Sync 3 DAGs
[2023-03-01T12:14:46.466+0100] {logging_mixin.py:137} INFO - [2023-03-01T12:14:46.465+0100] {dag.py:3437} INFO - Setting next_dagrun for example_subdag_operator to 2022-01-01T00:00:00+00:00, run_after=2022-01-01T00:00:00+00:00
[2023-03-01T12:14:46.467+0100] {logging_mixin.py:137} INFO - [2023-03-01T12:14:46.467+0100] {dag.py:3437} INFO - Setting next_dagrun for example_subdag_operator.section-1 to None, run_after=None
[2023-03-01T12:14:46.468+0100] {logging_mixin.py:137} INFO - [2023-03-01T12:14:46.468+0100] {dag.py:3437} INFO - Setting next_dagrun for example_subdag_operator.section-2 to None, run_after=None
[2023-03-01T12:14:46.471+0100] {logging_mixin.py:137} INFO - [2023-03-01T12:14:46.471+0100] {dag.py:2690} INFO - Sync 2 DAGs
[2023-03-01T12:14:46.474+0100] {logging_mixin.py:137} INFO - [2023-03-01T12:14:46.473+0100] {dag.py:3437} INFO - Setting next_dagrun for example_subdag_operator.section-1 to None, run_after=None
[2023-03-01T12:14:46.474+0100] {logging_mixin.py:137} INFO - [2023-03-01T12:14:46.474+0100] {dag.py:3437} INFO - Setting next_dagrun for example_subdag_operator.section-2 to None, run_after=None
[2023-03-01T12:14:46.482+0100] {processor.py:175} INFO - Processing /Users/oanottage/opt/anaconda3/lib/python3.8/site-packages/airflow/example_dags/example_subdag_operator.py took 1.128 seconds
[2023-03-01T12:16:48.743+0100] {processor.py:153} INFO - Started process (PID=84629) to work on /Users/oanottage/opt/anaconda3/lib/python3.8/site-packages/airflow/example_dags/example_subdag_operator.py
[2023-03-01T12:16:48.748+0100] {processor.py:743} INFO - Processing file /Users/oanottage/opt/anaconda3/lib/python3.8/site-packages/airflow/example_dags/example_subdag_operator.py for tasks to queue
[2023-03-01T12:16:48.749+0100] {logging_mixin.py:137} INFO - [2023-03-01T12:16:48.749+0100] {dagbag.py:538} INFO - Filling up the DagBag from /Users/oanottage/opt/anaconda3/lib/python3.8/site-packages/airflow/example_dags/example_subdag_operator.py
[2023-03-01T12:16:49.694+0100] {processor.py:753} INFO - DAG(s) dict_keys(['example_subdag_operator.section-1', 'example_subdag_operator.section-2', 'example_subdag_operator']) retrieved from /Users/oanottage/opt/anaconda3/lib/python3.8/site-packages/airflow/example_dags/example_subdag_operator.py
[2023-03-01T12:16:49.942+0100] {logging_mixin.py:137} INFO - [2023-03-01T12:16:49.941+0100] {dag.py:2690} INFO - Sync 3 DAGs
[2023-03-01T12:16:49.959+0100] {logging_mixin.py:137} INFO - [2023-03-01T12:16:49.959+0100] {dag.py:3437} INFO - Setting next_dagrun for example_subdag_operator to 2022-01-01T00:00:00+00:00, run_after=2022-01-01T00:00:00+00:00
[2023-03-01T12:16:49.962+0100] {logging_mixin.py:137} INFO - [2023-03-01T12:16:49.962+0100] {dag.py:3437} INFO - Setting next_dagrun for example_subdag_operator.section-1 to None, run_after=None
[2023-03-01T12:16:49.963+0100] {logging_mixin.py:137} INFO - [2023-03-01T12:16:49.963+0100] {dag.py:3437} INFO - Setting next_dagrun for example_subdag_operator.section-2 to None, run_after=None
[2023-03-01T12:16:49.969+0100] {logging_mixin.py:137} INFO - [2023-03-01T12:16:49.969+0100] {dag.py:2690} INFO - Sync 2 DAGs
[2023-03-01T12:16:49.974+0100] {logging_mixin.py:137} INFO - [2023-03-01T12:16:49.974+0100] {dag.py:3437} INFO - Setting next_dagrun for example_subdag_operator.section-1 to None, run_after=None
[2023-03-01T12:16:49.974+0100] {logging_mixin.py:137} INFO - [2023-03-01T12:16:49.974+0100] {dag.py:3437} INFO - Setting next_dagrun for example_subdag_operator.section-2 to None, run_after=None
[2023-03-01T12:16:49.993+0100] {processor.py:175} INFO - Processing /Users/oanottage/opt/anaconda3/lib/python3.8/site-packages/airflow/example_dags/example_subdag_operator.py took 1.250 seconds
[2023-03-01T12:18:44.355+0100] {processor.py:153} INFO - Started process (PID=88844) to work on /Users/oanottage/opt/anaconda3/lib/python3.8/site-packages/airflow/example_dags/example_subdag_operator.py
[2023-03-01T12:18:44.359+0100] {processor.py:743} INFO - Processing file /Users/oanottage/opt/anaconda3/lib/python3.8/site-packages/airflow/example_dags/example_subdag_operator.py for tasks to queue
[2023-03-01T12:18:44.359+0100] {logging_mixin.py:137} INFO - [2023-03-01T12:18:44.359+0100] {dagbag.py:538} INFO - Filling up the DagBag from /Users/oanottage/opt/anaconda3/lib/python3.8/site-packages/airflow/example_dags/example_subdag_operator.py
[2023-03-01T12:18:45.297+0100] {processor.py:753} INFO - DAG(s) dict_keys(['example_subdag_operator.section-1', 'example_subdag_operator.section-2', 'example_subdag_operator']) retrieved from /Users/oanottage/opt/anaconda3/lib/python3.8/site-packages/airflow/example_dags/example_subdag_operator.py
[2023-03-01T12:18:45.523+0100] {logging_mixin.py:137} INFO - [2023-03-01T12:18:45.523+0100] {dag.py:2690} INFO - Sync 3 DAGs
[2023-03-01T12:18:45.534+0100] {logging_mixin.py:137} INFO - [2023-03-01T12:18:45.534+0100] {dag.py:3437} INFO - Setting next_dagrun for example_subdag_operator to 2022-01-01T00:00:00+00:00, run_after=2022-01-01T00:00:00+00:00
[2023-03-01T12:18:45.537+0100] {logging_mixin.py:137} INFO - [2023-03-01T12:18:45.537+0100] {dag.py:3437} INFO - Setting next_dagrun for example_subdag_operator.section-1 to None, run_after=None
[2023-03-01T12:18:45.537+0100] {logging_mixin.py:137} INFO - [2023-03-01T12:18:45.537+0100] {dag.py:3437} INFO - Setting next_dagrun for example_subdag_operator.section-2 to None, run_after=None
[2023-03-01T12:18:45.541+0100] {logging_mixin.py:137} INFO - [2023-03-01T12:18:45.541+0100] {dag.py:2690} INFO - Sync 2 DAGs
[2023-03-01T12:18:45.544+0100] {logging_mixin.py:137} INFO - [2023-03-01T12:18:45.544+0100] {dag.py:3437} INFO - Setting next_dagrun for example_subdag_operator.section-1 to None, run_after=None
[2023-03-01T12:18:45.544+0100] {logging_mixin.py:137} INFO - [2023-03-01T12:18:45.544+0100] {dag.py:3437} INFO - Setting next_dagrun for example_subdag_operator.section-2 to None, run_after=None
[2023-03-01T12:18:45.557+0100] {processor.py:175} INFO - Processing /Users/oanottage/opt/anaconda3/lib/python3.8/site-packages/airflow/example_dags/example_subdag_operator.py took 1.203 seconds
[2023-03-01T12:20:37.578+0100] {processor.py:153} INFO - Started process (PID=93071) to work on /Users/oanottage/opt/anaconda3/lib/python3.8/site-packages/airflow/example_dags/example_subdag_operator.py
[2023-03-01T12:20:37.581+0100] {processor.py:743} INFO - Processing file /Users/oanottage/opt/anaconda3/lib/python3.8/site-packages/airflow/example_dags/example_subdag_operator.py for tasks to queue
[2023-03-01T12:20:37.581+0100] {logging_mixin.py:137} INFO - [2023-03-01T12:20:37.581+0100] {dagbag.py:538} INFO - Filling up the DagBag from /Users/oanottage/opt/anaconda3/lib/python3.8/site-packages/airflow/example_dags/example_subdag_operator.py
[2023-03-01T12:20:38.519+0100] {processor.py:753} INFO - DAG(s) dict_keys(['example_subdag_operator.section-1', 'example_subdag_operator.section-2', 'example_subdag_operator']) retrieved from /Users/oanottage/opt/anaconda3/lib/python3.8/site-packages/airflow/example_dags/example_subdag_operator.py
[2023-03-01T12:20:38.744+0100] {logging_mixin.py:137} INFO - [2023-03-01T12:20:38.744+0100] {dag.py:2690} INFO - Sync 3 DAGs
[2023-03-01T12:20:38.755+0100] {logging_mixin.py:137} INFO - [2023-03-01T12:20:38.755+0100] {dag.py:3437} INFO - Setting next_dagrun for example_subdag_operator to 2022-01-01T00:00:00+00:00, run_after=2022-01-01T00:00:00+00:00
[2023-03-01T12:20:38.757+0100] {logging_mixin.py:137} INFO - [2023-03-01T12:20:38.757+0100] {dag.py:3437} INFO - Setting next_dagrun for example_subdag_operator.section-1 to None, run_after=None
[2023-03-01T12:20:38.757+0100] {logging_mixin.py:137} INFO - [2023-03-01T12:20:38.757+0100] {dag.py:3437} INFO - Setting next_dagrun for example_subdag_operator.section-2 to None, run_after=None
[2023-03-01T12:20:38.761+0100] {logging_mixin.py:137} INFO - [2023-03-01T12:20:38.761+0100] {dag.py:2690} INFO - Sync 2 DAGs
[2023-03-01T12:20:38.765+0100] {logging_mixin.py:137} INFO - [2023-03-01T12:20:38.765+0100] {dag.py:3437} INFO - Setting next_dagrun for example_subdag_operator.section-1 to None, run_after=None
[2023-03-01T12:20:38.765+0100] {logging_mixin.py:137} INFO - [2023-03-01T12:20:38.765+0100] {dag.py:3437} INFO - Setting next_dagrun for example_subdag_operator.section-2 to None, run_after=None
[2023-03-01T12:20:38.774+0100] {processor.py:175} INFO - Processing /Users/oanottage/opt/anaconda3/lib/python3.8/site-packages/airflow/example_dags/example_subdag_operator.py took 1.197 seconds
[2023-03-01T12:23:07.618+0100] {processor.py:153} INFO - Started process (PID=98405) to work on /Users/oanottage/opt/anaconda3/lib/python3.8/site-packages/airflow/example_dags/example_subdag_operator.py
[2023-03-01T12:23:07.623+0100] {processor.py:743} INFO - Processing file /Users/oanottage/opt/anaconda3/lib/python3.8/site-packages/airflow/example_dags/example_subdag_operator.py for tasks to queue
[2023-03-01T12:23:07.624+0100] {logging_mixin.py:137} INFO - [2023-03-01T12:23:07.623+0100] {dagbag.py:538} INFO - Filling up the DagBag from /Users/oanottage/opt/anaconda3/lib/python3.8/site-packages/airflow/example_dags/example_subdag_operator.py
[2023-03-01T12:23:09.070+0100] {processor.py:753} INFO - DAG(s) dict_keys(['example_subdag_operator.section-1', 'example_subdag_operator.section-2', 'example_subdag_operator']) retrieved from /Users/oanottage/opt/anaconda3/lib/python3.8/site-packages/airflow/example_dags/example_subdag_operator.py
[2023-03-01T12:23:09.536+0100] {logging_mixin.py:137} INFO - [2023-03-01T12:23:09.536+0100] {dag.py:2690} INFO - Sync 3 DAGs
[2023-03-01T12:23:09.552+0100] {logging_mixin.py:137} INFO - [2023-03-01T12:23:09.552+0100] {dag.py:3437} INFO - Setting next_dagrun for example_subdag_operator to 2022-01-01T00:00:00+00:00, run_after=2022-01-01T00:00:00+00:00
[2023-03-01T12:23:09.555+0100] {logging_mixin.py:137} INFO - [2023-03-01T12:23:09.555+0100] {dag.py:3437} INFO - Setting next_dagrun for example_subdag_operator.section-1 to None, run_after=None
[2023-03-01T12:23:09.556+0100] {logging_mixin.py:137} INFO - [2023-03-01T12:23:09.556+0100] {dag.py:3437} INFO - Setting next_dagrun for example_subdag_operator.section-2 to None, run_after=None
[2023-03-01T12:23:09.561+0100] {logging_mixin.py:137} INFO - [2023-03-01T12:23:09.561+0100] {dag.py:2690} INFO - Sync 2 DAGs
[2023-03-01T12:23:09.565+0100] {logging_mixin.py:137} INFO - [2023-03-01T12:23:09.565+0100] {dag.py:3437} INFO - Setting next_dagrun for example_subdag_operator.section-1 to None, run_after=None
[2023-03-01T12:23:09.566+0100] {logging_mixin.py:137} INFO - [2023-03-01T12:23:09.565+0100] {dag.py:3437} INFO - Setting next_dagrun for example_subdag_operator.section-2 to None, run_after=None
[2023-03-01T12:23:09.578+0100] {processor.py:175} INFO - Processing /Users/oanottage/opt/anaconda3/lib/python3.8/site-packages/airflow/example_dags/example_subdag_operator.py took 1.961 seconds
[2023-03-01T12:25:16.078+0100] {processor.py:153} INFO - Started process (PID=3019) to work on /Users/oanottage/opt/anaconda3/lib/python3.8/site-packages/airflow/example_dags/example_subdag_operator.py
[2023-03-01T12:25:16.083+0100] {processor.py:743} INFO - Processing file /Users/oanottage/opt/anaconda3/lib/python3.8/site-packages/airflow/example_dags/example_subdag_operator.py for tasks to queue
[2023-03-01T12:25:16.084+0100] {logging_mixin.py:137} INFO - [2023-03-01T12:25:16.084+0100] {dagbag.py:538} INFO - Filling up the DagBag from /Users/oanottage/opt/anaconda3/lib/python3.8/site-packages/airflow/example_dags/example_subdag_operator.py
[2023-03-01T12:25:17.101+0100] {processor.py:753} INFO - DAG(s) dict_keys(['example_subdag_operator.section-1', 'example_subdag_operator.section-2', 'example_subdag_operator']) retrieved from /Users/oanottage/opt/anaconda3/lib/python3.8/site-packages/airflow/example_dags/example_subdag_operator.py
[2023-03-01T12:25:17.419+0100] {logging_mixin.py:137} INFO - [2023-03-01T12:25:17.418+0100] {dag.py:2690} INFO - Sync 3 DAGs
[2023-03-01T12:25:17.429+0100] {logging_mixin.py:137} INFO - [2023-03-01T12:25:17.429+0100] {dag.py:3437} INFO - Setting next_dagrun for example_subdag_operator to 2022-01-01T00:00:00+00:00, run_after=2022-01-01T00:00:00+00:00
[2023-03-01T12:25:17.432+0100] {logging_mixin.py:137} INFO - [2023-03-01T12:25:17.432+0100] {dag.py:3437} INFO - Setting next_dagrun for example_subdag_operator.section-1 to None, run_after=None
[2023-03-01T12:25:17.433+0100] {logging_mixin.py:137} INFO - [2023-03-01T12:25:17.433+0100] {dag.py:3437} INFO - Setting next_dagrun for example_subdag_operator.section-2 to None, run_after=None
[2023-03-01T12:25:17.438+0100] {logging_mixin.py:137} INFO - [2023-03-01T12:25:17.438+0100] {dag.py:2690} INFO - Sync 2 DAGs
[2023-03-01T12:25:17.440+0100] {logging_mixin.py:137} INFO - [2023-03-01T12:25:17.440+0100] {dag.py:3437} INFO - Setting next_dagrun for example_subdag_operator.section-1 to None, run_after=None
[2023-03-01T12:25:17.441+0100] {logging_mixin.py:137} INFO - [2023-03-01T12:25:17.441+0100] {dag.py:3437} INFO - Setting next_dagrun for example_subdag_operator.section-2 to None, run_after=None
[2023-03-01T12:25:17.449+0100] {processor.py:175} INFO - Processing /Users/oanottage/opt/anaconda3/lib/python3.8/site-packages/airflow/example_dags/example_subdag_operator.py took 1.371 seconds
[2023-03-01T12:27:16.467+0100] {processor.py:153} INFO - Started process (PID=7256) to work on /Users/oanottage/opt/anaconda3/lib/python3.8/site-packages/airflow/example_dags/example_subdag_operator.py
[2023-03-01T12:27:16.471+0100] {processor.py:743} INFO - Processing file /Users/oanottage/opt/anaconda3/lib/python3.8/site-packages/airflow/example_dags/example_subdag_operator.py for tasks to queue
[2023-03-01T12:27:16.471+0100] {logging_mixin.py:137} INFO - [2023-03-01T12:27:16.471+0100] {dagbag.py:538} INFO - Filling up the DagBag from /Users/oanottage/opt/anaconda3/lib/python3.8/site-packages/airflow/example_dags/example_subdag_operator.py
[2023-03-01T12:27:17.347+0100] {processor.py:753} INFO - DAG(s) dict_keys(['example_subdag_operator.section-1', 'example_subdag_operator.section-2', 'example_subdag_operator']) retrieved from /Users/oanottage/opt/anaconda3/lib/python3.8/site-packages/airflow/example_dags/example_subdag_operator.py
[2023-03-01T12:27:17.575+0100] {logging_mixin.py:137} INFO - [2023-03-01T12:27:17.575+0100] {dag.py:2690} INFO - Sync 3 DAGs
[2023-03-01T12:27:17.588+0100] {logging_mixin.py:137} INFO - [2023-03-01T12:27:17.588+0100] {dag.py:3437} INFO - Setting next_dagrun for example_subdag_operator to 2022-01-01T00:00:00+00:00, run_after=2022-01-01T00:00:00+00:00
[2023-03-01T12:27:17.589+0100] {logging_mixin.py:137} INFO - [2023-03-01T12:27:17.589+0100] {dag.py:3437} INFO - Setting next_dagrun for example_subdag_operator.section-1 to None, run_after=None
[2023-03-01T12:27:17.590+0100] {logging_mixin.py:137} INFO - [2023-03-01T12:27:17.590+0100] {dag.py:3437} INFO - Setting next_dagrun for example_subdag_operator.section-2 to None, run_after=None
[2023-03-01T12:27:17.593+0100] {logging_mixin.py:137} INFO - [2023-03-01T12:27:17.593+0100] {dag.py:2690} INFO - Sync 2 DAGs
[2023-03-01T12:27:17.596+0100] {logging_mixin.py:137} INFO - [2023-03-01T12:27:17.596+0100] {dag.py:3437} INFO - Setting next_dagrun for example_subdag_operator.section-1 to None, run_after=None
[2023-03-01T12:27:17.596+0100] {logging_mixin.py:137} INFO - [2023-03-01T12:27:17.596+0100] {dag.py:3437} INFO - Setting next_dagrun for example_subdag_operator.section-2 to None, run_after=None
[2023-03-01T12:27:17.605+0100] {processor.py:175} INFO - Processing /Users/oanottage/opt/anaconda3/lib/python3.8/site-packages/airflow/example_dags/example_subdag_operator.py took 1.139 seconds
[2023-03-01T12:29:07.958+0100] {processor.py:153} INFO - Started process (PID=11467) to work on /Users/oanottage/opt/anaconda3/lib/python3.8/site-packages/airflow/example_dags/example_subdag_operator.py
[2023-03-01T12:29:07.962+0100] {processor.py:743} INFO - Processing file /Users/oanottage/opt/anaconda3/lib/python3.8/site-packages/airflow/example_dags/example_subdag_operator.py for tasks to queue
[2023-03-01T12:29:07.962+0100] {logging_mixin.py:137} INFO - [2023-03-01T12:29:07.962+0100] {dagbag.py:538} INFO - Filling up the DagBag from /Users/oanottage/opt/anaconda3/lib/python3.8/site-packages/airflow/example_dags/example_subdag_operator.py
[2023-03-01T12:29:08.776+0100] {processor.py:753} INFO - DAG(s) dict_keys(['example_subdag_operator.section-1', 'example_subdag_operator.section-2', 'example_subdag_operator']) retrieved from /Users/oanottage/opt/anaconda3/lib/python3.8/site-packages/airflow/example_dags/example_subdag_operator.py
[2023-03-01T12:29:09.079+0100] {logging_mixin.py:137} INFO - [2023-03-01T12:29:09.079+0100] {dag.py:2690} INFO - Sync 3 DAGs
[2023-03-01T12:29:09.091+0100] {logging_mixin.py:137} INFO - [2023-03-01T12:29:09.090+0100] {dag.py:3437} INFO - Setting next_dagrun for example_subdag_operator to 2022-01-01T00:00:00+00:00, run_after=2022-01-01T00:00:00+00:00
[2023-03-01T12:29:09.093+0100] {logging_mixin.py:137} INFO - [2023-03-01T12:29:09.092+0100] {dag.py:3437} INFO - Setting next_dagrun for example_subdag_operator.section-1 to None, run_after=None
[2023-03-01T12:29:09.093+0100] {logging_mixin.py:137} INFO - [2023-03-01T12:29:09.093+0100] {dag.py:3437} INFO - Setting next_dagrun for example_subdag_operator.section-2 to None, run_after=None
[2023-03-01T12:29:09.097+0100] {logging_mixin.py:137} INFO - [2023-03-01T12:29:09.097+0100] {dag.py:2690} INFO - Sync 2 DAGs
[2023-03-01T12:29:09.100+0100] {logging_mixin.py:137} INFO - [2023-03-01T12:29:09.100+0100] {dag.py:3437} INFO - Setting next_dagrun for example_subdag_operator.section-1 to None, run_after=None
[2023-03-01T12:29:09.100+0100] {logging_mixin.py:137} INFO - [2023-03-01T12:29:09.100+0100] {dag.py:3437} INFO - Setting next_dagrun for example_subdag_operator.section-2 to None, run_after=None
[2023-03-01T12:29:09.109+0100] {processor.py:175} INFO - Processing /Users/oanottage/opt/anaconda3/lib/python3.8/site-packages/airflow/example_dags/example_subdag_operator.py took 1.152 seconds
[2023-03-01T12:30:59.120+0100] {processor.py:153} INFO - Started process (PID=15089) to work on /Users/oanottage/opt/anaconda3/lib/python3.8/site-packages/airflow/example_dags/example_subdag_operator.py
[2023-03-01T12:30:59.124+0100] {processor.py:743} INFO - Processing file /Users/oanottage/opt/anaconda3/lib/python3.8/site-packages/airflow/example_dags/example_subdag_operator.py for tasks to queue
[2023-03-01T12:30:59.125+0100] {logging_mixin.py:137} INFO - [2023-03-01T12:30:59.125+0100] {dagbag.py:538} INFO - Filling up the DagBag from /Users/oanottage/opt/anaconda3/lib/python3.8/site-packages/airflow/example_dags/example_subdag_operator.py
[2023-03-01T12:31:00.120+0100] {processor.py:753} INFO - DAG(s) dict_keys(['example_subdag_operator.section-1', 'example_subdag_operator.section-2', 'example_subdag_operator']) retrieved from /Users/oanottage/opt/anaconda3/lib/python3.8/site-packages/airflow/example_dags/example_subdag_operator.py
[2023-03-01T12:31:00.371+0100] {logging_mixin.py:137} INFO - [2023-03-01T12:31:00.371+0100] {dag.py:2690} INFO - Sync 3 DAGs
[2023-03-01T12:31:00.384+0100] {logging_mixin.py:137} INFO - [2023-03-01T12:31:00.384+0100] {dag.py:3437} INFO - Setting next_dagrun for example_subdag_operator to 2022-01-01T00:00:00+00:00, run_after=2022-01-01T00:00:00+00:00
[2023-03-01T12:31:00.386+0100] {logging_mixin.py:137} INFO - [2023-03-01T12:31:00.386+0100] {dag.py:3437} INFO - Setting next_dagrun for example_subdag_operator.section-1 to None, run_after=None
[2023-03-01T12:31:00.387+0100] {logging_mixin.py:137} INFO - [2023-03-01T12:31:00.386+0100] {dag.py:3437} INFO - Setting next_dagrun for example_subdag_operator.section-2 to None, run_after=None
[2023-03-01T12:31:00.391+0100] {logging_mixin.py:137} INFO - [2023-03-01T12:31:00.390+0100] {dag.py:2690} INFO - Sync 2 DAGs
[2023-03-01T12:31:00.393+0100] {logging_mixin.py:137} INFO - [2023-03-01T12:31:00.393+0100] {dag.py:3437} INFO - Setting next_dagrun for example_subdag_operator.section-1 to None, run_after=None
[2023-03-01T12:31:00.394+0100] {logging_mixin.py:137} INFO - [2023-03-01T12:31:00.393+0100] {dag.py:3437} INFO - Setting next_dagrun for example_subdag_operator.section-2 to None, run_after=None
[2023-03-01T12:31:00.403+0100] {processor.py:175} INFO - Processing /Users/oanottage/opt/anaconda3/lib/python3.8/site-packages/airflow/example_dags/example_subdag_operator.py took 1.284 seconds
[2023-03-01T12:32:46.158+0100] {processor.py:153} INFO - Started process (PID=18932) to work on /Users/oanottage/opt/anaconda3/lib/python3.8/site-packages/airflow/example_dags/example_subdag_operator.py
[2023-03-01T12:32:46.161+0100] {processor.py:743} INFO - Processing file /Users/oanottage/opt/anaconda3/lib/python3.8/site-packages/airflow/example_dags/example_subdag_operator.py for tasks to queue
[2023-03-01T12:32:46.162+0100] {logging_mixin.py:137} INFO - [2023-03-01T12:32:46.162+0100] {dagbag.py:538} INFO - Filling up the DagBag from /Users/oanottage/opt/anaconda3/lib/python3.8/site-packages/airflow/example_dags/example_subdag_operator.py
[2023-03-01T12:32:47.036+0100] {processor.py:753} INFO - DAG(s) dict_keys(['example_subdag_operator.section-1', 'example_subdag_operator.section-2', 'example_subdag_operator']) retrieved from /Users/oanottage/opt/anaconda3/lib/python3.8/site-packages/airflow/example_dags/example_subdag_operator.py
[2023-03-01T12:32:47.305+0100] {logging_mixin.py:137} INFO - [2023-03-01T12:32:47.305+0100] {dag.py:2690} INFO - Sync 3 DAGs
[2023-03-01T12:32:47.316+0100] {logging_mixin.py:137} INFO - [2023-03-01T12:32:47.316+0100] {dag.py:3437} INFO - Setting next_dagrun for example_subdag_operator to 2022-01-01T00:00:00+00:00, run_after=2022-01-01T00:00:00+00:00
[2023-03-01T12:32:47.318+0100] {logging_mixin.py:137} INFO - [2023-03-01T12:32:47.318+0100] {dag.py:3437} INFO - Setting next_dagrun for example_subdag_operator.section-1 to None, run_after=None
[2023-03-01T12:32:47.319+0100] {logging_mixin.py:137} INFO - [2023-03-01T12:32:47.319+0100] {dag.py:3437} INFO - Setting next_dagrun for example_subdag_operator.section-2 to None, run_after=None
[2023-03-01T12:32:47.322+0100] {logging_mixin.py:137} INFO - [2023-03-01T12:32:47.322+0100] {dag.py:2690} INFO - Sync 2 DAGs
[2023-03-01T12:32:47.325+0100] {logging_mixin.py:137} INFO - [2023-03-01T12:32:47.325+0100] {dag.py:3437} INFO - Setting next_dagrun for example_subdag_operator.section-1 to None, run_after=None
[2023-03-01T12:32:47.325+0100] {logging_mixin.py:137} INFO - [2023-03-01T12:32:47.325+0100] {dag.py:3437} INFO - Setting next_dagrun for example_subdag_operator.section-2 to None, run_after=None
[2023-03-01T12:32:47.335+0100] {processor.py:175} INFO - Processing /Users/oanottage/opt/anaconda3/lib/python3.8/site-packages/airflow/example_dags/example_subdag_operator.py took 1.178 seconds
[2023-03-01T12:34:36.125+0100] {processor.py:153} INFO - Started process (PID=23155) to work on /Users/oanottage/opt/anaconda3/lib/python3.8/site-packages/airflow/example_dags/example_subdag_operator.py
[2023-03-01T12:34:36.129+0100] {processor.py:743} INFO - Processing file /Users/oanottage/opt/anaconda3/lib/python3.8/site-packages/airflow/example_dags/example_subdag_operator.py for tasks to queue
[2023-03-01T12:34:36.129+0100] {logging_mixin.py:137} INFO - [2023-03-01T12:34:36.129+0100] {dagbag.py:538} INFO - Filling up the DagBag from /Users/oanottage/opt/anaconda3/lib/python3.8/site-packages/airflow/example_dags/example_subdag_operator.py
[2023-03-01T12:34:36.937+0100] {processor.py:753} INFO - DAG(s) dict_keys(['example_subdag_operator.section-1', 'example_subdag_operator.section-2', 'example_subdag_operator']) retrieved from /Users/oanottage/opt/anaconda3/lib/python3.8/site-packages/airflow/example_dags/example_subdag_operator.py
[2023-03-01T12:34:37.234+0100] {logging_mixin.py:137} INFO - [2023-03-01T12:34:37.234+0100] {dag.py:2690} INFO - Sync 3 DAGs
[2023-03-01T12:34:37.246+0100] {logging_mixin.py:137} INFO - [2023-03-01T12:34:37.246+0100] {dag.py:3437} INFO - Setting next_dagrun for example_subdag_operator to 2022-01-01T00:00:00+00:00, run_after=2022-01-01T00:00:00+00:00
[2023-03-01T12:34:37.248+0100] {logging_mixin.py:137} INFO - [2023-03-01T12:34:37.248+0100] {dag.py:3437} INFO - Setting next_dagrun for example_subdag_operator.section-1 to None, run_after=None
[2023-03-01T12:34:37.249+0100] {logging_mixin.py:137} INFO - [2023-03-01T12:34:37.249+0100] {dag.py:3437} INFO - Setting next_dagrun for example_subdag_operator.section-2 to None, run_after=None
[2023-03-01T12:34:37.253+0100] {logging_mixin.py:137} INFO - [2023-03-01T12:34:37.253+0100] {dag.py:2690} INFO - Sync 2 DAGs
[2023-03-01T12:34:37.256+0100] {logging_mixin.py:137} INFO - [2023-03-01T12:34:37.256+0100] {dag.py:3437} INFO - Setting next_dagrun for example_subdag_operator.section-1 to None, run_after=None
[2023-03-01T12:34:37.256+0100] {logging_mixin.py:137} INFO - [2023-03-01T12:34:37.256+0100] {dag.py:3437} INFO - Setting next_dagrun for example_subdag_operator.section-2 to None, run_after=None
[2023-03-01T12:34:37.265+0100] {processor.py:175} INFO - Processing /Users/oanottage/opt/anaconda3/lib/python3.8/site-packages/airflow/example_dags/example_subdag_operator.py took 1.140 seconds
[2023-03-01T12:36:29.196+0100] {processor.py:153} INFO - Started process (PID=26698) to work on /Users/oanottage/opt/anaconda3/lib/python3.8/site-packages/airflow/example_dags/example_subdag_operator.py
[2023-03-01T12:36:29.202+0100] {processor.py:743} INFO - Processing file /Users/oanottage/opt/anaconda3/lib/python3.8/site-packages/airflow/example_dags/example_subdag_operator.py for tasks to queue
[2023-03-01T12:36:29.203+0100] {logging_mixin.py:137} INFO - [2023-03-01T12:36:29.203+0100] {dagbag.py:538} INFO - Filling up the DagBag from /Users/oanottage/opt/anaconda3/lib/python3.8/site-packages/airflow/example_dags/example_subdag_operator.py
[2023-03-01T12:36:30.406+0100] {processor.py:753} INFO - DAG(s) dict_keys(['example_subdag_operator.section-1', 'example_subdag_operator.section-2', 'example_subdag_operator']) retrieved from /Users/oanottage/opt/anaconda3/lib/python3.8/site-packages/airflow/example_dags/example_subdag_operator.py
[2023-03-01T12:36:30.674+0100] {logging_mixin.py:137} INFO - [2023-03-01T12:36:30.673+0100] {dag.py:2690} INFO - Sync 3 DAGs
[2023-03-01T12:36:30.687+0100] {logging_mixin.py:137} INFO - [2023-03-01T12:36:30.687+0100] {dag.py:3437} INFO - Setting next_dagrun for example_subdag_operator to 2022-01-01T00:00:00+00:00, run_after=2022-01-01T00:00:00+00:00
[2023-03-01T12:36:30.689+0100] {logging_mixin.py:137} INFO - [2023-03-01T12:36:30.689+0100] {dag.py:3437} INFO - Setting next_dagrun for example_subdag_operator.section-1 to None, run_after=None
[2023-03-01T12:36:30.690+0100] {logging_mixin.py:137} INFO - [2023-03-01T12:36:30.690+0100] {dag.py:3437} INFO - Setting next_dagrun for example_subdag_operator.section-2 to None, run_after=None
[2023-03-01T12:36:30.694+0100] {logging_mixin.py:137} INFO - [2023-03-01T12:36:30.694+0100] {dag.py:2690} INFO - Sync 2 DAGs
[2023-03-01T12:36:30.697+0100] {logging_mixin.py:137} INFO - [2023-03-01T12:36:30.697+0100] {dag.py:3437} INFO - Setting next_dagrun for example_subdag_operator.section-1 to None, run_after=None
[2023-03-01T12:36:30.698+0100] {logging_mixin.py:137} INFO - [2023-03-01T12:36:30.698+0100] {dag.py:3437} INFO - Setting next_dagrun for example_subdag_operator.section-2 to None, run_after=None
[2023-03-01T12:36:30.707+0100] {processor.py:175} INFO - Processing /Users/oanottage/opt/anaconda3/lib/python3.8/site-packages/airflow/example_dags/example_subdag_operator.py took 1.512 seconds
[2023-03-01T12:38:24.812+0100] {processor.py:153} INFO - Started process (PID=30594) to work on /Users/oanottage/opt/anaconda3/lib/python3.8/site-packages/airflow/example_dags/example_subdag_operator.py
[2023-03-01T12:38:24.817+0100] {processor.py:743} INFO - Processing file /Users/oanottage/opt/anaconda3/lib/python3.8/site-packages/airflow/example_dags/example_subdag_operator.py for tasks to queue
[2023-03-01T12:38:24.817+0100] {logging_mixin.py:137} INFO - [2023-03-01T12:38:24.817+0100] {dagbag.py:538} INFO - Filling up the DagBag from /Users/oanottage/opt/anaconda3/lib/python3.8/site-packages/airflow/example_dags/example_subdag_operator.py
[2023-03-01T12:38:25.893+0100] {processor.py:753} INFO - DAG(s) dict_keys(['example_subdag_operator.section-1', 'example_subdag_operator.section-2', 'example_subdag_operator']) retrieved from /Users/oanottage/opt/anaconda3/lib/python3.8/site-packages/airflow/example_dags/example_subdag_operator.py
[2023-03-01T12:38:26.129+0100] {logging_mixin.py:137} INFO - [2023-03-01T12:38:26.129+0100] {dag.py:2690} INFO - Sync 3 DAGs
[2023-03-01T12:38:26.140+0100] {logging_mixin.py:137} INFO - [2023-03-01T12:38:26.140+0100] {dag.py:3437} INFO - Setting next_dagrun for example_subdag_operator to 2022-01-01T00:00:00+00:00, run_after=2022-01-01T00:00:00+00:00
[2023-03-01T12:38:26.142+0100] {logging_mixin.py:137} INFO - [2023-03-01T12:38:26.142+0100] {dag.py:3437} INFO - Setting next_dagrun for example_subdag_operator.section-1 to None, run_after=None
[2023-03-01T12:38:26.142+0100] {logging_mixin.py:137} INFO - [2023-03-01T12:38:26.142+0100] {dag.py:3437} INFO - Setting next_dagrun for example_subdag_operator.section-2 to None, run_after=None
[2023-03-01T12:38:26.146+0100] {logging_mixin.py:137} INFO - [2023-03-01T12:38:26.146+0100] {dag.py:2690} INFO - Sync 2 DAGs
[2023-03-01T12:38:26.149+0100] {logging_mixin.py:137} INFO - [2023-03-01T12:38:26.149+0100] {dag.py:3437} INFO - Setting next_dagrun for example_subdag_operator.section-1 to None, run_after=None
[2023-03-01T12:38:26.150+0100] {logging_mixin.py:137} INFO - [2023-03-01T12:38:26.150+0100] {dag.py:3437} INFO - Setting next_dagrun for example_subdag_operator.section-2 to None, run_after=None
[2023-03-01T12:38:26.159+0100] {processor.py:175} INFO - Processing /Users/oanottage/opt/anaconda3/lib/python3.8/site-packages/airflow/example_dags/example_subdag_operator.py took 1.347 seconds
[2023-03-01T12:40:31.413+0100] {processor.py:153} INFO - Started process (PID=35589) to work on /Users/oanottage/opt/anaconda3/lib/python3.8/site-packages/airflow/example_dags/example_subdag_operator.py
[2023-03-01T12:40:31.417+0100] {processor.py:743} INFO - Processing file /Users/oanottage/opt/anaconda3/lib/python3.8/site-packages/airflow/example_dags/example_subdag_operator.py for tasks to queue
[2023-03-01T12:40:31.417+0100] {logging_mixin.py:137} INFO - [2023-03-01T12:40:31.417+0100] {dagbag.py:538} INFO - Filling up the DagBag from /Users/oanottage/opt/anaconda3/lib/python3.8/site-packages/airflow/example_dags/example_subdag_operator.py
[2023-03-01T12:40:32.507+0100] {processor.py:753} INFO - DAG(s) dict_keys(['example_subdag_operator.section-1', 'example_subdag_operator.section-2', 'example_subdag_operator']) retrieved from /Users/oanottage/opt/anaconda3/lib/python3.8/site-packages/airflow/example_dags/example_subdag_operator.py
[2023-03-01T12:40:32.774+0100] {logging_mixin.py:137} INFO - [2023-03-01T12:40:32.774+0100] {dag.py:2690} INFO - Sync 3 DAGs
[2023-03-01T12:40:32.789+0100] {logging_mixin.py:137} INFO - [2023-03-01T12:40:32.789+0100] {dag.py:3437} INFO - Setting next_dagrun for example_subdag_operator to 2022-01-01T00:00:00+00:00, run_after=2022-01-01T00:00:00+00:00
[2023-03-01T12:40:32.791+0100] {logging_mixin.py:137} INFO - [2023-03-01T12:40:32.791+0100] {dag.py:3437} INFO - Setting next_dagrun for example_subdag_operator.section-1 to None, run_after=None
[2023-03-01T12:40:32.792+0100] {logging_mixin.py:137} INFO - [2023-03-01T12:40:32.792+0100] {dag.py:3437} INFO - Setting next_dagrun for example_subdag_operator.section-2 to None, run_after=None
[2023-03-01T12:40:32.798+0100] {logging_mixin.py:137} INFO - [2023-03-01T12:40:32.797+0100] {dag.py:2690} INFO - Sync 2 DAGs
[2023-03-01T12:40:32.801+0100] {logging_mixin.py:137} INFO - [2023-03-01T12:40:32.801+0100] {dag.py:3437} INFO - Setting next_dagrun for example_subdag_operator.section-1 to None, run_after=None
[2023-03-01T12:40:32.801+0100] {logging_mixin.py:137} INFO - [2023-03-01T12:40:32.801+0100] {dag.py:3437} INFO - Setting next_dagrun for example_subdag_operator.section-2 to None, run_after=None
[2023-03-01T12:40:32.814+0100] {processor.py:175} INFO - Processing /Users/oanottage/opt/anaconda3/lib/python3.8/site-packages/airflow/example_dags/example_subdag_operator.py took 1.401 seconds
[2023-03-01T12:42:37.256+0100] {processor.py:153} INFO - Started process (PID=40136) to work on /Users/oanottage/opt/anaconda3/lib/python3.8/site-packages/airflow/example_dags/example_subdag_operator.py
[2023-03-01T12:42:37.259+0100] {processor.py:743} INFO - Processing file /Users/oanottage/opt/anaconda3/lib/python3.8/site-packages/airflow/example_dags/example_subdag_operator.py for tasks to queue
[2023-03-01T12:42:37.260+0100] {logging_mixin.py:137} INFO - [2023-03-01T12:42:37.260+0100] {dagbag.py:538} INFO - Filling up the DagBag from /Users/oanottage/opt/anaconda3/lib/python3.8/site-packages/airflow/example_dags/example_subdag_operator.py
[2023-03-01T12:42:38.939+0100] {processor.py:753} INFO - DAG(s) dict_keys(['example_subdag_operator.section-1', 'example_subdag_operator.section-2', 'example_subdag_operator']) retrieved from /Users/oanottage/opt/anaconda3/lib/python3.8/site-packages/airflow/example_dags/example_subdag_operator.py
[2023-03-01T12:42:39.218+0100] {logging_mixin.py:137} INFO - [2023-03-01T12:42:39.217+0100] {dag.py:2690} INFO - Sync 3 DAGs
[2023-03-01T12:42:39.230+0100] {logging_mixin.py:137} INFO - [2023-03-01T12:42:39.230+0100] {dag.py:3437} INFO - Setting next_dagrun for example_subdag_operator to 2022-01-01T00:00:00+00:00, run_after=2022-01-01T00:00:00+00:00
[2023-03-01T12:42:39.232+0100] {logging_mixin.py:137} INFO - [2023-03-01T12:42:39.232+0100] {dag.py:3437} INFO - Setting next_dagrun for example_subdag_operator.section-1 to None, run_after=None
[2023-03-01T12:42:39.233+0100] {logging_mixin.py:137} INFO - [2023-03-01T12:42:39.232+0100] {dag.py:3437} INFO - Setting next_dagrun for example_subdag_operator.section-2 to None, run_after=None
[2023-03-01T12:42:39.237+0100] {logging_mixin.py:137} INFO - [2023-03-01T12:42:39.237+0100] {dag.py:2690} INFO - Sync 2 DAGs
[2023-03-01T12:42:39.240+0100] {logging_mixin.py:137} INFO - [2023-03-01T12:42:39.240+0100] {dag.py:3437} INFO - Setting next_dagrun for example_subdag_operator.section-1 to None, run_after=None
[2023-03-01T12:42:39.241+0100] {logging_mixin.py:137} INFO - [2023-03-01T12:42:39.241+0100] {dag.py:3437} INFO - Setting next_dagrun for example_subdag_operator.section-2 to None, run_after=None
[2023-03-01T12:42:39.251+0100] {processor.py:175} INFO - Processing /Users/oanottage/opt/anaconda3/lib/python3.8/site-packages/airflow/example_dags/example_subdag_operator.py took 1.996 seconds
[2023-03-01T12:44:51.460+0100] {processor.py:153} INFO - Started process (PID=44404) to work on /Users/oanottage/opt/anaconda3/lib/python3.8/site-packages/airflow/example_dags/example_subdag_operator.py
[2023-03-01T12:44:51.465+0100] {processor.py:743} INFO - Processing file /Users/oanottage/opt/anaconda3/lib/python3.8/site-packages/airflow/example_dags/example_subdag_operator.py for tasks to queue
[2023-03-01T12:44:51.466+0100] {logging_mixin.py:137} INFO - [2023-03-01T12:44:51.466+0100] {dagbag.py:538} INFO - Filling up the DagBag from /Users/oanottage/opt/anaconda3/lib/python3.8/site-packages/airflow/example_dags/example_subdag_operator.py
[2023-03-01T12:44:52.469+0100] {processor.py:753} INFO - DAG(s) dict_keys(['example_subdag_operator.section-1', 'example_subdag_operator.section-2', 'example_subdag_operator']) retrieved from /Users/oanottage/opt/anaconda3/lib/python3.8/site-packages/airflow/example_dags/example_subdag_operator.py
[2023-03-01T12:44:52.729+0100] {logging_mixin.py:137} INFO - [2023-03-01T12:44:52.729+0100] {dag.py:2690} INFO - Sync 3 DAGs
[2023-03-01T12:44:52.742+0100] {logging_mixin.py:137} INFO - [2023-03-01T12:44:52.742+0100] {dag.py:3437} INFO - Setting next_dagrun for example_subdag_operator to 2022-01-01T00:00:00+00:00, run_after=2022-01-01T00:00:00+00:00
[2023-03-01T12:44:52.744+0100] {logging_mixin.py:137} INFO - [2023-03-01T12:44:52.744+0100] {dag.py:3437} INFO - Setting next_dagrun for example_subdag_operator.section-1 to None, run_after=None
[2023-03-01T12:44:52.745+0100] {logging_mixin.py:137} INFO - [2023-03-01T12:44:52.745+0100] {dag.py:3437} INFO - Setting next_dagrun for example_subdag_operator.section-2 to None, run_after=None
[2023-03-01T12:44:52.749+0100] {logging_mixin.py:137} INFO - [2023-03-01T12:44:52.749+0100] {dag.py:2690} INFO - Sync 2 DAGs
[2023-03-01T12:44:52.752+0100] {logging_mixin.py:137} INFO - [2023-03-01T12:44:52.752+0100] {dag.py:3437} INFO - Setting next_dagrun for example_subdag_operator.section-1 to None, run_after=None
[2023-03-01T12:44:52.752+0100] {logging_mixin.py:137} INFO - [2023-03-01T12:44:52.752+0100] {dag.py:3437} INFO - Setting next_dagrun for example_subdag_operator.section-2 to None, run_after=None
[2023-03-01T12:44:52.763+0100] {processor.py:175} INFO - Processing /Users/oanottage/opt/anaconda3/lib/python3.8/site-packages/airflow/example_dags/example_subdag_operator.py took 1.303 seconds
[2023-03-01T12:46:54.449+0100] {processor.py:153} INFO - Started process (PID=48693) to work on /Users/oanottage/opt/anaconda3/lib/python3.8/site-packages/airflow/example_dags/example_subdag_operator.py
[2023-03-01T12:46:54.453+0100] {processor.py:743} INFO - Processing file /Users/oanottage/opt/anaconda3/lib/python3.8/site-packages/airflow/example_dags/example_subdag_operator.py for tasks to queue
[2023-03-01T12:46:54.454+0100] {logging_mixin.py:137} INFO - [2023-03-01T12:46:54.454+0100] {dagbag.py:538} INFO - Filling up the DagBag from /Users/oanottage/opt/anaconda3/lib/python3.8/site-packages/airflow/example_dags/example_subdag_operator.py
[2023-03-01T12:46:55.412+0100] {processor.py:753} INFO - DAG(s) dict_keys(['example_subdag_operator.section-1', 'example_subdag_operator.section-2', 'example_subdag_operator']) retrieved from /Users/oanottage/opt/anaconda3/lib/python3.8/site-packages/airflow/example_dags/example_subdag_operator.py
[2023-03-01T12:46:55.632+0100] {logging_mixin.py:137} INFO - [2023-03-01T12:46:55.631+0100] {dag.py:2690} INFO - Sync 3 DAGs
[2023-03-01T12:46:55.643+0100] {logging_mixin.py:137} INFO - [2023-03-01T12:46:55.643+0100] {dag.py:3437} INFO - Setting next_dagrun for example_subdag_operator to 2022-01-01T00:00:00+00:00, run_after=2022-01-01T00:00:00+00:00
[2023-03-01T12:46:55.645+0100] {logging_mixin.py:137} INFO - [2023-03-01T12:46:55.645+0100] {dag.py:3437} INFO - Setting next_dagrun for example_subdag_operator.section-1 to None, run_after=None
[2023-03-01T12:46:55.645+0100] {logging_mixin.py:137} INFO - [2023-03-01T12:46:55.645+0100] {dag.py:3437} INFO - Setting next_dagrun for example_subdag_operator.section-2 to None, run_after=None
[2023-03-01T12:46:55.649+0100] {logging_mixin.py:137} INFO - [2023-03-01T12:46:55.649+0100] {dag.py:2690} INFO - Sync 2 DAGs
[2023-03-01T12:46:55.651+0100] {logging_mixin.py:137} INFO - [2023-03-01T12:46:55.651+0100] {dag.py:3437} INFO - Setting next_dagrun for example_subdag_operator.section-1 to None, run_after=None
[2023-03-01T12:46:55.652+0100] {logging_mixin.py:137} INFO - [2023-03-01T12:46:55.651+0100] {dag.py:3437} INFO - Setting next_dagrun for example_subdag_operator.section-2 to None, run_after=None
[2023-03-01T12:46:55.662+0100] {processor.py:175} INFO - Processing /Users/oanottage/opt/anaconda3/lib/python3.8/site-packages/airflow/example_dags/example_subdag_operator.py took 1.213 seconds
[2023-03-01T12:49:01.778+0100] {processor.py:153} INFO - Started process (PID=53792) to work on /Users/oanottage/opt/anaconda3/lib/python3.8/site-packages/airflow/example_dags/example_subdag_operator.py
[2023-03-01T12:49:01.783+0100] {processor.py:743} INFO - Processing file /Users/oanottage/opt/anaconda3/lib/python3.8/site-packages/airflow/example_dags/example_subdag_operator.py for tasks to queue
[2023-03-01T12:49:01.784+0100] {logging_mixin.py:137} INFO - [2023-03-01T12:49:01.784+0100] {dagbag.py:538} INFO - Filling up the DagBag from /Users/oanottage/opt/anaconda3/lib/python3.8/site-packages/airflow/example_dags/example_subdag_operator.py
[2023-03-01T12:49:03.037+0100] {processor.py:753} INFO - DAG(s) dict_keys(['example_subdag_operator.section-1', 'example_subdag_operator.section-2', 'example_subdag_operator']) retrieved from /Users/oanottage/opt/anaconda3/lib/python3.8/site-packages/airflow/example_dags/example_subdag_operator.py
[2023-03-01T12:49:03.318+0100] {logging_mixin.py:137} INFO - [2023-03-01T12:49:03.318+0100] {dag.py:2690} INFO - Sync 3 DAGs
[2023-03-01T12:49:03.337+0100] {logging_mixin.py:137} INFO - [2023-03-01T12:49:03.337+0100] {dag.py:3437} INFO - Setting next_dagrun for example_subdag_operator to 2022-01-01T00:00:00+00:00, run_after=2022-01-01T00:00:00+00:00
[2023-03-01T12:49:03.342+0100] {logging_mixin.py:137} INFO - [2023-03-01T12:49:03.341+0100] {dag.py:3437} INFO - Setting next_dagrun for example_subdag_operator.section-1 to None, run_after=None
[2023-03-01T12:49:03.343+0100] {logging_mixin.py:137} INFO - [2023-03-01T12:49:03.342+0100] {dag.py:3437} INFO - Setting next_dagrun for example_subdag_operator.section-2 to None, run_after=None
[2023-03-01T12:49:03.350+0100] {logging_mixin.py:137} INFO - [2023-03-01T12:49:03.350+0100] {dag.py:2690} INFO - Sync 2 DAGs
[2023-03-01T12:49:03.356+0100] {logging_mixin.py:137} INFO - [2023-03-01T12:49:03.355+0100] {dag.py:3437} INFO - Setting next_dagrun for example_subdag_operator.section-1 to None, run_after=None
[2023-03-01T12:49:03.356+0100] {logging_mixin.py:137} INFO - [2023-03-01T12:49:03.356+0100] {dag.py:3437} INFO - Setting next_dagrun for example_subdag_operator.section-2 to None, run_after=None
[2023-03-01T12:49:03.371+0100] {processor.py:175} INFO - Processing /Users/oanottage/opt/anaconda3/lib/python3.8/site-packages/airflow/example_dags/example_subdag_operator.py took 1.594 seconds
[2023-03-01T12:51:02.782+0100] {processor.py:153} INFO - Started process (PID=58331) to work on /Users/oanottage/opt/anaconda3/lib/python3.8/site-packages/airflow/example_dags/example_subdag_operator.py
[2023-03-01T12:51:02.786+0100] {processor.py:743} INFO - Processing file /Users/oanottage/opt/anaconda3/lib/python3.8/site-packages/airflow/example_dags/example_subdag_operator.py for tasks to queue
[2023-03-01T12:51:02.786+0100] {logging_mixin.py:137} INFO - [2023-03-01T12:51:02.786+0100] {dagbag.py:538} INFO - Filling up the DagBag from /Users/oanottage/opt/anaconda3/lib/python3.8/site-packages/airflow/example_dags/example_subdag_operator.py
[2023-03-01T12:51:03.709+0100] {processor.py:753} INFO - DAG(s) dict_keys(['example_subdag_operator.section-1', 'example_subdag_operator.section-2', 'example_subdag_operator']) retrieved from /Users/oanottage/opt/anaconda3/lib/python3.8/site-packages/airflow/example_dags/example_subdag_operator.py
[2023-03-01T12:51:03.986+0100] {logging_mixin.py:137} INFO - [2023-03-01T12:51:03.986+0100] {dag.py:2690} INFO - Sync 3 DAGs
[2023-03-01T12:51:04.005+0100] {logging_mixin.py:137} INFO - [2023-03-01T12:51:04.005+0100] {dag.py:3437} INFO - Setting next_dagrun for example_subdag_operator to 2022-01-01T00:00:00+00:00, run_after=2022-01-01T00:00:00+00:00
[2023-03-01T12:51:04.009+0100] {logging_mixin.py:137} INFO - [2023-03-01T12:51:04.008+0100] {dag.py:3437} INFO - Setting next_dagrun for example_subdag_operator.section-1 to None, run_after=None
[2023-03-01T12:51:04.010+0100] {logging_mixin.py:137} INFO - [2023-03-01T12:51:04.009+0100] {dag.py:3437} INFO - Setting next_dagrun for example_subdag_operator.section-2 to None, run_after=None
[2023-03-01T12:51:04.016+0100] {logging_mixin.py:137} INFO - [2023-03-01T12:51:04.016+0100] {dag.py:2690} INFO - Sync 2 DAGs
[2023-03-01T12:51:04.021+0100] {logging_mixin.py:137} INFO - [2023-03-01T12:51:04.020+0100] {dag.py:3437} INFO - Setting next_dagrun for example_subdag_operator.section-1 to None, run_after=None
[2023-03-01T12:51:04.021+0100] {logging_mixin.py:137} INFO - [2023-03-01T12:51:04.021+0100] {dag.py:3437} INFO - Setting next_dagrun for example_subdag_operator.section-2 to None, run_after=None
[2023-03-01T12:51:04.035+0100] {processor.py:175} INFO - Processing /Users/oanottage/opt/anaconda3/lib/python3.8/site-packages/airflow/example_dags/example_subdag_operator.py took 1.254 seconds
[2023-03-01T12:53:04.699+0100] {processor.py:153} INFO - Started process (PID=62589) to work on /Users/oanottage/opt/anaconda3/lib/python3.8/site-packages/airflow/example_dags/example_subdag_operator.py
[2023-03-01T12:53:04.704+0100] {processor.py:743} INFO - Processing file /Users/oanottage/opt/anaconda3/lib/python3.8/site-packages/airflow/example_dags/example_subdag_operator.py for tasks to queue
[2023-03-01T12:53:04.704+0100] {logging_mixin.py:137} INFO - [2023-03-01T12:53:04.704+0100] {dagbag.py:538} INFO - Filling up the DagBag from /Users/oanottage/opt/anaconda3/lib/python3.8/site-packages/airflow/example_dags/example_subdag_operator.py
[2023-03-01T12:53:05.577+0100] {processor.py:753} INFO - DAG(s) dict_keys(['example_subdag_operator.section-1', 'example_subdag_operator.section-2', 'example_subdag_operator']) retrieved from /Users/oanottage/opt/anaconda3/lib/python3.8/site-packages/airflow/example_dags/example_subdag_operator.py
[2023-03-01T12:53:06.081+0100] {logging_mixin.py:137} INFO - [2023-03-01T12:53:06.081+0100] {dag.py:2690} INFO - Sync 3 DAGs
[2023-03-01T12:53:06.094+0100] {logging_mixin.py:137} INFO - [2023-03-01T12:53:06.094+0100] {dag.py:3437} INFO - Setting next_dagrun for example_subdag_operator to 2022-01-01T00:00:00+00:00, run_after=2022-01-01T00:00:00+00:00
[2023-03-01T12:53:06.096+0100] {logging_mixin.py:137} INFO - [2023-03-01T12:53:06.096+0100] {dag.py:3437} INFO - Setting next_dagrun for example_subdag_operator.section-1 to None, run_after=None
[2023-03-01T12:53:06.097+0100] {logging_mixin.py:137} INFO - [2023-03-01T12:53:06.097+0100] {dag.py:3437} INFO - Setting next_dagrun for example_subdag_operator.section-2 to None, run_after=None
[2023-03-01T12:53:06.101+0100] {logging_mixin.py:137} INFO - [2023-03-01T12:53:06.101+0100] {dag.py:2690} INFO - Sync 2 DAGs
[2023-03-01T12:53:06.103+0100] {logging_mixin.py:137} INFO - [2023-03-01T12:53:06.103+0100] {dag.py:3437} INFO - Setting next_dagrun for example_subdag_operator.section-1 to None, run_after=None
[2023-03-01T12:53:06.103+0100] {logging_mixin.py:137} INFO - [2023-03-01T12:53:06.103+0100] {dag.py:3437} INFO - Setting next_dagrun for example_subdag_operator.section-2 to None, run_after=None
[2023-03-01T12:53:06.112+0100] {processor.py:175} INFO - Processing /Users/oanottage/opt/anaconda3/lib/python3.8/site-packages/airflow/example_dags/example_subdag_operator.py took 1.413 seconds
[2023-03-01T12:55:04.086+0100] {processor.py:153} INFO - Started process (PID=66891) to work on /Users/oanottage/opt/anaconda3/lib/python3.8/site-packages/airflow/example_dags/example_subdag_operator.py
[2023-03-01T12:55:04.090+0100] {processor.py:743} INFO - Processing file /Users/oanottage/opt/anaconda3/lib/python3.8/site-packages/airflow/example_dags/example_subdag_operator.py for tasks to queue
[2023-03-01T12:55:04.090+0100] {logging_mixin.py:137} INFO - [2023-03-01T12:55:04.090+0100] {dagbag.py:538} INFO - Filling up the DagBag from /Users/oanottage/opt/anaconda3/lib/python3.8/site-packages/airflow/example_dags/example_subdag_operator.py
[2023-03-01T12:55:05.052+0100] {processor.py:753} INFO - DAG(s) dict_keys(['example_subdag_operator.section-1', 'example_subdag_operator.section-2', 'example_subdag_operator']) retrieved from /Users/oanottage/opt/anaconda3/lib/python3.8/site-packages/airflow/example_dags/example_subdag_operator.py
[2023-03-01T12:55:05.279+0100] {logging_mixin.py:137} INFO - [2023-03-01T12:55:05.279+0100] {dag.py:2690} INFO - Sync 3 DAGs
[2023-03-01T12:55:05.291+0100] {logging_mixin.py:137} INFO - [2023-03-01T12:55:05.291+0100] {dag.py:3437} INFO - Setting next_dagrun for example_subdag_operator to 2022-01-01T00:00:00+00:00, run_after=2022-01-01T00:00:00+00:00
[2023-03-01T12:55:05.293+0100] {logging_mixin.py:137} INFO - [2023-03-01T12:55:05.293+0100] {dag.py:3437} INFO - Setting next_dagrun for example_subdag_operator.section-1 to None, run_after=None
[2023-03-01T12:55:05.293+0100] {logging_mixin.py:137} INFO - [2023-03-01T12:55:05.293+0100] {dag.py:3437} INFO - Setting next_dagrun for example_subdag_operator.section-2 to None, run_after=None
[2023-03-01T12:55:05.297+0100] {logging_mixin.py:137} INFO - [2023-03-01T12:55:05.297+0100] {dag.py:2690} INFO - Sync 2 DAGs
[2023-03-01T12:55:05.299+0100] {logging_mixin.py:137} INFO - [2023-03-01T12:55:05.299+0100] {dag.py:3437} INFO - Setting next_dagrun for example_subdag_operator.section-1 to None, run_after=None
[2023-03-01T12:55:05.299+0100] {logging_mixin.py:137} INFO - [2023-03-01T12:55:05.299+0100] {dag.py:3437} INFO - Setting next_dagrun for example_subdag_operator.section-2 to None, run_after=None
[2023-03-01T12:55:05.307+0100] {processor.py:175} INFO - Processing /Users/oanottage/opt/anaconda3/lib/python3.8/site-packages/airflow/example_dags/example_subdag_operator.py took 1.222 seconds
[2023-03-01T12:56:55.655+0100] {processor.py:153} INFO - Started process (PID=70113) to work on /Users/oanottage/opt/anaconda3/lib/python3.8/site-packages/airflow/example_dags/example_subdag_operator.py
[2023-03-01T12:56:55.658+0100] {processor.py:743} INFO - Processing file /Users/oanottage/opt/anaconda3/lib/python3.8/site-packages/airflow/example_dags/example_subdag_operator.py for tasks to queue
[2023-03-01T12:56:55.658+0100] {logging_mixin.py:137} INFO - [2023-03-01T12:56:55.658+0100] {dagbag.py:538} INFO - Filling up the DagBag from /Users/oanottage/opt/anaconda3/lib/python3.8/site-packages/airflow/example_dags/example_subdag_operator.py
[2023-03-01T12:56:56.520+0100] {processor.py:753} INFO - DAG(s) dict_keys(['example_subdag_operator.section-1', 'example_subdag_operator.section-2', 'example_subdag_operator']) retrieved from /Users/oanottage/opt/anaconda3/lib/python3.8/site-packages/airflow/example_dags/example_subdag_operator.py
[2023-03-01T12:56:56.820+0100] {logging_mixin.py:137} INFO - [2023-03-01T12:56:56.820+0100] {dag.py:2690} INFO - Sync 3 DAGs
[2023-03-01T12:56:56.837+0100] {logging_mixin.py:137} INFO - [2023-03-01T12:56:56.836+0100] {dag.py:3437} INFO - Setting next_dagrun for example_subdag_operator to 2022-01-01T00:00:00+00:00, run_after=2022-01-01T00:00:00+00:00
[2023-03-01T12:56:56.839+0100] {logging_mixin.py:137} INFO - [2023-03-01T12:56:56.839+0100] {dag.py:3437} INFO - Setting next_dagrun for example_subdag_operator.section-1 to None, run_after=None
[2023-03-01T12:56:56.840+0100] {logging_mixin.py:137} INFO - [2023-03-01T12:56:56.840+0100] {dag.py:3437} INFO - Setting next_dagrun for example_subdag_operator.section-2 to None, run_after=None
[2023-03-01T12:56:56.846+0100] {logging_mixin.py:137} INFO - [2023-03-01T12:56:56.846+0100] {dag.py:2690} INFO - Sync 2 DAGs
[2023-03-01T12:56:56.850+0100] {logging_mixin.py:137} INFO - [2023-03-01T12:56:56.850+0100] {dag.py:3437} INFO - Setting next_dagrun for example_subdag_operator.section-1 to None, run_after=None
[2023-03-01T12:56:56.850+0100] {logging_mixin.py:137} INFO - [2023-03-01T12:56:56.850+0100] {dag.py:3437} INFO - Setting next_dagrun for example_subdag_operator.section-2 to None, run_after=None
[2023-03-01T12:56:56.864+0100] {processor.py:175} INFO - Processing /Users/oanottage/opt/anaconda3/lib/python3.8/site-packages/airflow/example_dags/example_subdag_operator.py took 1.209 seconds
[2023-03-01T12:58:50.609+0100] {processor.py:153} INFO - Started process (PID=74403) to work on /Users/oanottage/opt/anaconda3/lib/python3.8/site-packages/airflow/example_dags/example_subdag_operator.py
[2023-03-01T12:58:50.613+0100] {processor.py:743} INFO - Processing file /Users/oanottage/opt/anaconda3/lib/python3.8/site-packages/airflow/example_dags/example_subdag_operator.py for tasks to queue
[2023-03-01T12:58:50.614+0100] {logging_mixin.py:137} INFO - [2023-03-01T12:58:50.614+0100] {dagbag.py:538} INFO - Filling up the DagBag from /Users/oanottage/opt/anaconda3/lib/python3.8/site-packages/airflow/example_dags/example_subdag_operator.py
[2023-03-01T12:58:51.980+0100] {processor.py:753} INFO - DAG(s) dict_keys(['example_subdag_operator.section-1', 'example_subdag_operator.section-2', 'example_subdag_operator']) retrieved from /Users/oanottage/opt/anaconda3/lib/python3.8/site-packages/airflow/example_dags/example_subdag_operator.py
[2023-03-01T12:58:52.558+0100] {logging_mixin.py:137} INFO - [2023-03-01T12:58:52.558+0100] {dag.py:2690} INFO - Sync 3 DAGs
[2023-03-01T12:58:52.657+0100] {logging_mixin.py:137} INFO - [2023-03-01T12:58:52.657+0100] {dag.py:3437} INFO - Setting next_dagrun for example_subdag_operator to 2022-01-01T00:00:00+00:00, run_after=2022-01-01T00:00:00+00:00
[2023-03-01T12:58:52.666+0100] {logging_mixin.py:137} INFO - [2023-03-01T12:58:52.663+0100] {dag.py:3437} INFO - Setting next_dagrun for example_subdag_operator.section-1 to None, run_after=None
[2023-03-01T12:58:52.668+0100] {logging_mixin.py:137} INFO - [2023-03-01T12:58:52.668+0100] {dag.py:3437} INFO - Setting next_dagrun for example_subdag_operator.section-2 to None, run_after=None
[2023-03-01T12:58:52.692+0100] {logging_mixin.py:137} INFO - [2023-03-01T12:58:52.692+0100] {dag.py:2690} INFO - Sync 2 DAGs
[2023-03-01T12:58:52.742+0100] {logging_mixin.py:137} INFO - [2023-03-01T12:58:52.742+0100] {dag.py:3437} INFO - Setting next_dagrun for example_subdag_operator.section-1 to None, run_after=None
[2023-03-01T12:58:52.743+0100] {logging_mixin.py:137} INFO - [2023-03-01T12:58:52.743+0100] {dag.py:3437} INFO - Setting next_dagrun for example_subdag_operator.section-2 to None, run_after=None
[2023-03-01T12:58:52.761+0100] {processor.py:175} INFO - Processing /Users/oanottage/opt/anaconda3/lib/python3.8/site-packages/airflow/example_dags/example_subdag_operator.py took 2.152 seconds
[2023-03-01T13:00:49.345+0100] {processor.py:153} INFO - Started process (PID=78678) to work on /Users/oanottage/opt/anaconda3/lib/python3.8/site-packages/airflow/example_dags/example_subdag_operator.py
[2023-03-01T13:00:49.349+0100] {processor.py:743} INFO - Processing file /Users/oanottage/opt/anaconda3/lib/python3.8/site-packages/airflow/example_dags/example_subdag_operator.py for tasks to queue
[2023-03-01T13:00:49.349+0100] {logging_mixin.py:137} INFO - [2023-03-01T13:00:49.349+0100] {dagbag.py:538} INFO - Filling up the DagBag from /Users/oanottage/opt/anaconda3/lib/python3.8/site-packages/airflow/example_dags/example_subdag_operator.py
[2023-03-01T13:00:50.259+0100] {processor.py:753} INFO - DAG(s) dict_keys(['example_subdag_operator.section-1', 'example_subdag_operator.section-2', 'example_subdag_operator']) retrieved from /Users/oanottage/opt/anaconda3/lib/python3.8/site-packages/airflow/example_dags/example_subdag_operator.py
[2023-03-01T13:00:50.476+0100] {logging_mixin.py:137} INFO - [2023-03-01T13:00:50.476+0100] {dag.py:2690} INFO - Sync 3 DAGs
[2023-03-01T13:00:50.487+0100] {logging_mixin.py:137} INFO - [2023-03-01T13:00:50.486+0100] {dag.py:3437} INFO - Setting next_dagrun for example_subdag_operator to 2022-01-01T00:00:00+00:00, run_after=2022-01-01T00:00:00+00:00
[2023-03-01T13:00:50.488+0100] {logging_mixin.py:137} INFO - [2023-03-01T13:00:50.488+0100] {dag.py:3437} INFO - Setting next_dagrun for example_subdag_operator.section-1 to None, run_after=None
[2023-03-01T13:00:50.489+0100] {logging_mixin.py:137} INFO - [2023-03-01T13:00:50.489+0100] {dag.py:3437} INFO - Setting next_dagrun for example_subdag_operator.section-2 to None, run_after=None
[2023-03-01T13:00:50.492+0100] {logging_mixin.py:137} INFO - [2023-03-01T13:00:50.492+0100] {dag.py:2690} INFO - Sync 2 DAGs
[2023-03-01T13:00:50.494+0100] {logging_mixin.py:137} INFO - [2023-03-01T13:00:50.494+0100] {dag.py:3437} INFO - Setting next_dagrun for example_subdag_operator.section-1 to None, run_after=None
[2023-03-01T13:00:50.494+0100] {logging_mixin.py:137} INFO - [2023-03-01T13:00:50.494+0100] {dag.py:3437} INFO - Setting next_dagrun for example_subdag_operator.section-2 to None, run_after=None
[2023-03-01T13:00:50.502+0100] {processor.py:175} INFO - Processing /Users/oanottage/opt/anaconda3/lib/python3.8/site-packages/airflow/example_dags/example_subdag_operator.py took 1.158 seconds
