[2023-03-01T12:03:36.453+0100] {processor.py:153} INFO - Started process (PID=57271) to work on /Users/oanottage/opt/anaconda3/lib/python3.8/site-packages/airflow/example_dags/example_latest_only_with_trigger.py
[2023-03-01T12:03:36.457+0100] {processor.py:743} INFO - Processing file /Users/oanottage/opt/anaconda3/lib/python3.8/site-packages/airflow/example_dags/example_latest_only_with_trigger.py for tasks to queue
[2023-03-01T12:03:36.457+0100] {logging_mixin.py:137} INFO - [2023-03-01T12:03:36.457+0100] {dagbag.py:538} INFO - Filling up the DagBag from /Users/oanottage/opt/anaconda3/lib/python3.8/site-packages/airflow/example_dags/example_latest_only_with_trigger.py
[2023-03-01T12:03:36.511+0100] {processor.py:753} INFO - DAG(s) dict_keys(['latest_only_with_trigger']) retrieved from /Users/oanottage/opt/anaconda3/lib/python3.8/site-packages/airflow/example_dags/example_latest_only_with_trigger.py
[2023-03-01T12:03:37.564+0100] {logging_mixin.py:137} INFO - [2023-03-01T12:03:37.564+0100] {manager.py:504} INFO - Created Permission View: can read on DAG:latest_only_with_trigger
[2023-03-01T12:03:37.570+0100] {logging_mixin.py:137} INFO - [2023-03-01T12:03:37.570+0100] {manager.py:504} INFO - Created Permission View: can edit on DAG:latest_only_with_trigger
[2023-03-01T12:03:37.575+0100] {logging_mixin.py:137} INFO - [2023-03-01T12:03:37.575+0100] {manager.py:504} INFO - Created Permission View: can delete on DAG:latest_only_with_trigger
[2023-03-01T12:03:37.575+0100] {logging_mixin.py:137} INFO - [2023-03-01T12:03:37.575+0100] {dag.py:2690} INFO - Sync 1 DAGs
[2023-03-01T12:03:37.583+0100] {logging_mixin.py:137} INFO - [2023-03-01T12:03:37.583+0100] {dag.py:2711} INFO - Creating ORM DAG for latest_only_with_trigger
[2023-03-01T12:03:37.589+0100] {logging_mixin.py:137} INFO - [2023-03-01T12:03:37.589+0100] {dag.py:3437} INFO - Setting next_dagrun for latest_only_with_trigger to 2023-03-01T07:03:37.589584+00:00, run_after=2023-03-01T11:03:37.589584+00:00
[2023-03-01T12:03:37.603+0100] {processor.py:175} INFO - Processing /Users/oanottage/opt/anaconda3/lib/python3.8/site-packages/airflow/example_dags/example_latest_only_with_trigger.py took 1.150 seconds
[2023-03-01T12:05:37.314+0100] {processor.py:153} INFO - Started process (PID=61458) to work on /Users/oanottage/opt/anaconda3/lib/python3.8/site-packages/airflow/example_dags/example_latest_only_with_trigger.py
[2023-03-01T12:05:37.317+0100] {processor.py:743} INFO - Processing file /Users/oanottage/opt/anaconda3/lib/python3.8/site-packages/airflow/example_dags/example_latest_only_with_trigger.py for tasks to queue
[2023-03-01T12:05:37.318+0100] {logging_mixin.py:137} INFO - [2023-03-01T12:05:37.317+0100] {dagbag.py:538} INFO - Filling up the DagBag from /Users/oanottage/opt/anaconda3/lib/python3.8/site-packages/airflow/example_dags/example_latest_only_with_trigger.py
[2023-03-01T12:05:37.362+0100] {processor.py:753} INFO - DAG(s) dict_keys(['latest_only_with_trigger']) retrieved from /Users/oanottage/opt/anaconda3/lib/python3.8/site-packages/airflow/example_dags/example_latest_only_with_trigger.py
[2023-03-01T12:05:38.256+0100] {logging_mixin.py:137} INFO - [2023-03-01T12:05:38.255+0100] {dag.py:2690} INFO - Sync 1 DAGs
[2023-03-01T12:05:38.270+0100] {logging_mixin.py:137} INFO - [2023-03-01T12:05:38.270+0100] {dag.py:3437} INFO - Setting next_dagrun for latest_only_with_trigger to 2023-03-01T07:05:38.269979+00:00, run_after=2023-03-01T11:05:38.269979+00:00
[2023-03-01T12:05:38.284+0100] {processor.py:175} INFO - Processing /Users/oanottage/opt/anaconda3/lib/python3.8/site-packages/airflow/example_dags/example_latest_only_with_trigger.py took 0.970 seconds
[2023-03-01T12:07:31.662+0100] {processor.py:153} INFO - Started process (PID=65653) to work on /Users/oanottage/opt/anaconda3/lib/python3.8/site-packages/airflow/example_dags/example_latest_only_with_trigger.py
[2023-03-01T12:07:31.667+0100] {processor.py:743} INFO - Processing file /Users/oanottage/opt/anaconda3/lib/python3.8/site-packages/airflow/example_dags/example_latest_only_with_trigger.py for tasks to queue
[2023-03-01T12:07:31.668+0100] {logging_mixin.py:137} INFO - [2023-03-01T12:07:31.668+0100] {dagbag.py:538} INFO - Filling up the DagBag from /Users/oanottage/opt/anaconda3/lib/python3.8/site-packages/airflow/example_dags/example_latest_only_with_trigger.py
[2023-03-01T12:07:31.709+0100] {processor.py:753} INFO - DAG(s) dict_keys(['latest_only_with_trigger']) retrieved from /Users/oanottage/opt/anaconda3/lib/python3.8/site-packages/airflow/example_dags/example_latest_only_with_trigger.py
[2023-03-01T12:07:32.556+0100] {logging_mixin.py:137} INFO - [2023-03-01T12:07:32.556+0100] {dag.py:2690} INFO - Sync 1 DAGs
[2023-03-01T12:07:32.567+0100] {logging_mixin.py:137} INFO - [2023-03-01T12:07:32.567+0100] {dag.py:3437} INFO - Setting next_dagrun for latest_only_with_trigger to 2023-03-01T07:07:32.567563+00:00, run_after=2023-03-01T11:07:32.567563+00:00
[2023-03-01T12:07:32.580+0100] {processor.py:175} INFO - Processing /Users/oanottage/opt/anaconda3/lib/python3.8/site-packages/airflow/example_dags/example_latest_only_with_trigger.py took 0.918 seconds
[2023-03-01T12:09:22.182+0100] {processor.py:153} INFO - Started process (PID=68806) to work on /Users/oanottage/opt/anaconda3/lib/python3.8/site-packages/airflow/example_dags/example_latest_only_with_trigger.py
[2023-03-01T12:09:22.186+0100] {processor.py:743} INFO - Processing file /Users/oanottage/opt/anaconda3/lib/python3.8/site-packages/airflow/example_dags/example_latest_only_with_trigger.py for tasks to queue
[2023-03-01T12:09:22.187+0100] {logging_mixin.py:137} INFO - [2023-03-01T12:09:22.187+0100] {dagbag.py:538} INFO - Filling up the DagBag from /Users/oanottage/opt/anaconda3/lib/python3.8/site-packages/airflow/example_dags/example_latest_only_with_trigger.py
[2023-03-01T12:09:22.237+0100] {processor.py:753} INFO - DAG(s) dict_keys(['latest_only_with_trigger']) retrieved from /Users/oanottage/opt/anaconda3/lib/python3.8/site-packages/airflow/example_dags/example_latest_only_with_trigger.py
[2023-03-01T12:09:23.253+0100] {logging_mixin.py:137} INFO - [2023-03-01T12:09:23.253+0100] {dag.py:2690} INFO - Sync 1 DAGs
[2023-03-01T12:09:23.275+0100] {logging_mixin.py:137} INFO - [2023-03-01T12:09:23.275+0100] {dag.py:3437} INFO - Setting next_dagrun for latest_only_with_trigger to 2023-03-01T07:09:23.275079+00:00, run_after=2023-03-01T11:09:23.275079+00:00
[2023-03-01T12:09:23.295+0100] {processor.py:175} INFO - Processing /Users/oanottage/opt/anaconda3/lib/python3.8/site-packages/airflow/example_dags/example_latest_only_with_trigger.py took 1.113 seconds
[2023-03-01T12:11:28.352+0100] {processor.py:153} INFO - Started process (PID=73103) to work on /Users/oanottage/opt/anaconda3/lib/python3.8/site-packages/airflow/example_dags/example_latest_only_with_trigger.py
[2023-03-01T12:11:28.356+0100] {processor.py:743} INFO - Processing file /Users/oanottage/opt/anaconda3/lib/python3.8/site-packages/airflow/example_dags/example_latest_only_with_trigger.py for tasks to queue
[2023-03-01T12:11:28.356+0100] {logging_mixin.py:137} INFO - [2023-03-01T12:11:28.356+0100] {dagbag.py:538} INFO - Filling up the DagBag from /Users/oanottage/opt/anaconda3/lib/python3.8/site-packages/airflow/example_dags/example_latest_only_with_trigger.py
[2023-03-01T12:11:28.414+0100] {processor.py:753} INFO - DAG(s) dict_keys(['latest_only_with_trigger']) retrieved from /Users/oanottage/opt/anaconda3/lib/python3.8/site-packages/airflow/example_dags/example_latest_only_with_trigger.py
[2023-03-01T12:11:29.812+0100] {logging_mixin.py:137} INFO - [2023-03-01T12:11:29.812+0100] {dag.py:2690} INFO - Sync 1 DAGs
[2023-03-01T12:11:29.829+0100] {logging_mixin.py:137} INFO - [2023-03-01T12:11:29.829+0100] {dag.py:3437} INFO - Setting next_dagrun for latest_only_with_trigger to 2023-03-01T07:11:29.829049+00:00, run_after=2023-03-01T11:11:29.829049+00:00
[2023-03-01T12:11:29.844+0100] {processor.py:175} INFO - Processing /Users/oanottage/opt/anaconda3/lib/python3.8/site-packages/airflow/example_dags/example_latest_only_with_trigger.py took 1.492 seconds
[2023-03-01T12:13:25.813+0100] {processor.py:153} INFO - Started process (PID=77334) to work on /Users/oanottage/opt/anaconda3/lib/python3.8/site-packages/airflow/example_dags/example_latest_only_with_trigger.py
[2023-03-01T12:13:25.821+0100] {processor.py:743} INFO - Processing file /Users/oanottage/opt/anaconda3/lib/python3.8/site-packages/airflow/example_dags/example_latest_only_with_trigger.py for tasks to queue
[2023-03-01T12:13:25.822+0100] {logging_mixin.py:137} INFO - [2023-03-01T12:13:25.822+0100] {dagbag.py:538} INFO - Filling up the DagBag from /Users/oanottage/opt/anaconda3/lib/python3.8/site-packages/airflow/example_dags/example_latest_only_with_trigger.py
[2023-03-01T12:13:25.871+0100] {processor.py:753} INFO - DAG(s) dict_keys(['latest_only_with_trigger']) retrieved from /Users/oanottage/opt/anaconda3/lib/python3.8/site-packages/airflow/example_dags/example_latest_only_with_trigger.py
[2023-03-01T12:13:26.772+0100] {logging_mixin.py:137} INFO - [2023-03-01T12:13:26.772+0100] {dag.py:2690} INFO - Sync 1 DAGs
[2023-03-01T12:13:26.783+0100] {logging_mixin.py:137} INFO - [2023-03-01T12:13:26.783+0100] {dag.py:3437} INFO - Setting next_dagrun for latest_only_with_trigger to 2023-03-01T07:13:26.783797+00:00, run_after=2023-03-01T11:13:26.783797+00:00
[2023-03-01T12:13:26.798+0100] {processor.py:175} INFO - Processing /Users/oanottage/opt/anaconda3/lib/python3.8/site-packages/airflow/example_dags/example_latest_only_with_trigger.py took 0.985 seconds
[2023-03-01T12:15:17.457+0100] {processor.py:153} INFO - Started process (PID=81503) to work on /Users/oanottage/opt/anaconda3/lib/python3.8/site-packages/airflow/example_dags/example_latest_only_with_trigger.py
[2023-03-01T12:15:17.461+0100] {processor.py:743} INFO - Processing file /Users/oanottage/opt/anaconda3/lib/python3.8/site-packages/airflow/example_dags/example_latest_only_with_trigger.py for tasks to queue
[2023-03-01T12:15:17.461+0100] {logging_mixin.py:137} INFO - [2023-03-01T12:15:17.461+0100] {dagbag.py:538} INFO - Filling up the DagBag from /Users/oanottage/opt/anaconda3/lib/python3.8/site-packages/airflow/example_dags/example_latest_only_with_trigger.py
[2023-03-01T12:15:17.506+0100] {processor.py:753} INFO - DAG(s) dict_keys(['latest_only_with_trigger']) retrieved from /Users/oanottage/opt/anaconda3/lib/python3.8/site-packages/airflow/example_dags/example_latest_only_with_trigger.py
[2023-03-01T12:15:18.437+0100] {logging_mixin.py:137} INFO - [2023-03-01T12:15:18.436+0100] {dag.py:2690} INFO - Sync 1 DAGs
[2023-03-01T12:15:18.451+0100] {logging_mixin.py:137} INFO - [2023-03-01T12:15:18.451+0100] {dag.py:3437} INFO - Setting next_dagrun for latest_only_with_trigger to 2023-03-01T07:15:18.451468+00:00, run_after=2023-03-01T11:15:18.451468+00:00
[2023-03-01T12:15:18.465+0100] {processor.py:175} INFO - Processing /Users/oanottage/opt/anaconda3/lib/python3.8/site-packages/airflow/example_dags/example_latest_only_with_trigger.py took 1.008 seconds
[2023-03-01T12:17:20.616+0100] {processor.py:153} INFO - Started process (PID=85678) to work on /Users/oanottage/opt/anaconda3/lib/python3.8/site-packages/airflow/example_dags/example_latest_only_with_trigger.py
[2023-03-01T12:17:20.620+0100] {processor.py:743} INFO - Processing file /Users/oanottage/opt/anaconda3/lib/python3.8/site-packages/airflow/example_dags/example_latest_only_with_trigger.py for tasks to queue
[2023-03-01T12:17:20.620+0100] {logging_mixin.py:137} INFO - [2023-03-01T12:17:20.620+0100] {dagbag.py:538} INFO - Filling up the DagBag from /Users/oanottage/opt/anaconda3/lib/python3.8/site-packages/airflow/example_dags/example_latest_only_with_trigger.py
[2023-03-01T12:17:20.671+0100] {processor.py:753} INFO - DAG(s) dict_keys(['latest_only_with_trigger']) retrieved from /Users/oanottage/opt/anaconda3/lib/python3.8/site-packages/airflow/example_dags/example_latest_only_with_trigger.py
[2023-03-01T12:17:21.589+0100] {logging_mixin.py:137} INFO - [2023-03-01T12:17:21.588+0100] {dag.py:2690} INFO - Sync 1 DAGs
[2023-03-01T12:17:21.603+0100] {logging_mixin.py:137} INFO - [2023-03-01T12:17:21.603+0100] {dag.py:3437} INFO - Setting next_dagrun for latest_only_with_trigger to 2023-03-01T07:17:21.603321+00:00, run_after=2023-03-01T11:17:21.603321+00:00
[2023-03-01T12:17:21.617+0100] {processor.py:175} INFO - Processing /Users/oanottage/opt/anaconda3/lib/python3.8/site-packages/airflow/example_dags/example_latest_only_with_trigger.py took 1.001 seconds
[2023-03-01T12:19:16.486+0100] {processor.py:153} INFO - Started process (PID=89898) to work on /Users/oanottage/opt/anaconda3/lib/python3.8/site-packages/airflow/example_dags/example_latest_only_with_trigger.py
[2023-03-01T12:19:16.490+0100] {processor.py:743} INFO - Processing file /Users/oanottage/opt/anaconda3/lib/python3.8/site-packages/airflow/example_dags/example_latest_only_with_trigger.py for tasks to queue
[2023-03-01T12:19:16.490+0100] {logging_mixin.py:137} INFO - [2023-03-01T12:19:16.490+0100] {dagbag.py:538} INFO - Filling up the DagBag from /Users/oanottage/opt/anaconda3/lib/python3.8/site-packages/airflow/example_dags/example_latest_only_with_trigger.py
[2023-03-01T12:19:16.533+0100] {processor.py:753} INFO - DAG(s) dict_keys(['latest_only_with_trigger']) retrieved from /Users/oanottage/opt/anaconda3/lib/python3.8/site-packages/airflow/example_dags/example_latest_only_with_trigger.py
[2023-03-01T12:19:17.458+0100] {logging_mixin.py:137} INFO - [2023-03-01T12:19:17.458+0100] {dag.py:2690} INFO - Sync 1 DAGs
[2023-03-01T12:19:17.472+0100] {logging_mixin.py:137} INFO - [2023-03-01T12:19:17.472+0100] {dag.py:3437} INFO - Setting next_dagrun for latest_only_with_trigger to 2023-03-01T07:19:17.471951+00:00, run_after=2023-03-01T11:19:17.471951+00:00
[2023-03-01T12:19:17.485+0100] {processor.py:175} INFO - Processing /Users/oanottage/opt/anaconda3/lib/python3.8/site-packages/airflow/example_dags/example_latest_only_with_trigger.py took 1.000 seconds
[2023-03-01T12:21:14.546+0100] {processor.py:153} INFO - Started process (PID=94143) to work on /Users/oanottage/opt/anaconda3/lib/python3.8/site-packages/airflow/example_dags/example_latest_only_with_trigger.py
[2023-03-01T12:21:14.550+0100] {processor.py:743} INFO - Processing file /Users/oanottage/opt/anaconda3/lib/python3.8/site-packages/airflow/example_dags/example_latest_only_with_trigger.py for tasks to queue
[2023-03-01T12:21:14.550+0100] {logging_mixin.py:137} INFO - [2023-03-01T12:21:14.550+0100] {dagbag.py:538} INFO - Filling up the DagBag from /Users/oanottage/opt/anaconda3/lib/python3.8/site-packages/airflow/example_dags/example_latest_only_with_trigger.py
[2023-03-01T12:21:14.611+0100] {processor.py:753} INFO - DAG(s) dict_keys(['latest_only_with_trigger']) retrieved from /Users/oanottage/opt/anaconda3/lib/python3.8/site-packages/airflow/example_dags/example_latest_only_with_trigger.py
[2023-03-01T12:21:15.935+0100] {logging_mixin.py:137} INFO - [2023-03-01T12:21:15.935+0100] {dag.py:2690} INFO - Sync 1 DAGs
[2023-03-01T12:21:15.957+0100] {logging_mixin.py:137} INFO - [2023-03-01T12:21:15.957+0100] {dag.py:3437} INFO - Setting next_dagrun for latest_only_with_trigger to 2023-03-01T07:21:15.957117+00:00, run_after=2023-03-01T11:21:15.957117+00:00
[2023-03-01T12:21:15.979+0100] {processor.py:175} INFO - Processing /Users/oanottage/opt/anaconda3/lib/python3.8/site-packages/airflow/example_dags/example_latest_only_with_trigger.py took 1.434 seconds
[2023-03-01T12:23:44.283+0100] {processor.py:153} INFO - Started process (PID=99478) to work on /Users/oanottage/opt/anaconda3/lib/python3.8/site-packages/airflow/example_dags/example_latest_only_with_trigger.py
[2023-03-01T12:23:44.287+0100] {processor.py:743} INFO - Processing file /Users/oanottage/opt/anaconda3/lib/python3.8/site-packages/airflow/example_dags/example_latest_only_with_trigger.py for tasks to queue
[2023-03-01T12:23:44.288+0100] {logging_mixin.py:137} INFO - [2023-03-01T12:23:44.288+0100] {dagbag.py:538} INFO - Filling up the DagBag from /Users/oanottage/opt/anaconda3/lib/python3.8/site-packages/airflow/example_dags/example_latest_only_with_trigger.py
[2023-03-01T12:23:44.345+0100] {processor.py:753} INFO - DAG(s) dict_keys(['latest_only_with_trigger']) retrieved from /Users/oanottage/opt/anaconda3/lib/python3.8/site-packages/airflow/example_dags/example_latest_only_with_trigger.py
[2023-03-01T12:23:45.555+0100] {logging_mixin.py:137} INFO - [2023-03-01T12:23:45.555+0100] {dag.py:2690} INFO - Sync 1 DAGs
[2023-03-01T12:23:45.569+0100] {logging_mixin.py:137} INFO - [2023-03-01T12:23:45.569+0100] {dag.py:3437} INFO - Setting next_dagrun for latest_only_with_trigger to 2023-03-01T07:23:45.569491+00:00, run_after=2023-03-01T11:23:45.569491+00:00
[2023-03-01T12:23:45.584+0100] {processor.py:175} INFO - Processing /Users/oanottage/opt/anaconda3/lib/python3.8/site-packages/airflow/example_dags/example_latest_only_with_trigger.py took 1.301 seconds
[2023-03-01T12:25:52.743+0100] {processor.py:153} INFO - Started process (PID=4080) to work on /Users/oanottage/opt/anaconda3/lib/python3.8/site-packages/airflow/example_dags/example_latest_only_with_trigger.py
[2023-03-01T12:25:52.748+0100] {processor.py:743} INFO - Processing file /Users/oanottage/opt/anaconda3/lib/python3.8/site-packages/airflow/example_dags/example_latest_only_with_trigger.py for tasks to queue
[2023-03-01T12:25:52.748+0100] {logging_mixin.py:137} INFO - [2023-03-01T12:25:52.748+0100] {dagbag.py:538} INFO - Filling up the DagBag from /Users/oanottage/opt/anaconda3/lib/python3.8/site-packages/airflow/example_dags/example_latest_only_with_trigger.py
[2023-03-01T12:25:52.815+0100] {processor.py:753} INFO - DAG(s) dict_keys(['latest_only_with_trigger']) retrieved from /Users/oanottage/opt/anaconda3/lib/python3.8/site-packages/airflow/example_dags/example_latest_only_with_trigger.py
[2023-03-01T12:25:53.813+0100] {logging_mixin.py:137} INFO - [2023-03-01T12:25:53.813+0100] {dag.py:2690} INFO - Sync 1 DAGs
[2023-03-01T12:25:53.829+0100] {logging_mixin.py:137} INFO - [2023-03-01T12:25:53.829+0100] {dag.py:3437} INFO - Setting next_dagrun for latest_only_with_trigger to 2023-03-01T07:25:53.829549+00:00, run_after=2023-03-01T11:25:53.829549+00:00
[2023-03-01T12:25:53.843+0100] {processor.py:175} INFO - Processing /Users/oanottage/opt/anaconda3/lib/python3.8/site-packages/airflow/example_dags/example_latest_only_with_trigger.py took 1.101 seconds
[2023-03-01T12:27:48.745+0100] {processor.py:153} INFO - Started process (PID=8313) to work on /Users/oanottage/opt/anaconda3/lib/python3.8/site-packages/airflow/example_dags/example_latest_only_with_trigger.py
[2023-03-01T12:27:48.749+0100] {processor.py:743} INFO - Processing file /Users/oanottage/opt/anaconda3/lib/python3.8/site-packages/airflow/example_dags/example_latest_only_with_trigger.py for tasks to queue
[2023-03-01T12:27:48.749+0100] {logging_mixin.py:137} INFO - [2023-03-01T12:27:48.749+0100] {dagbag.py:538} INFO - Filling up the DagBag from /Users/oanottage/opt/anaconda3/lib/python3.8/site-packages/airflow/example_dags/example_latest_only_with_trigger.py
[2023-03-01T12:27:48.792+0100] {processor.py:753} INFO - DAG(s) dict_keys(['latest_only_with_trigger']) retrieved from /Users/oanottage/opt/anaconda3/lib/python3.8/site-packages/airflow/example_dags/example_latest_only_with_trigger.py
[2023-03-01T12:27:49.665+0100] {logging_mixin.py:137} INFO - [2023-03-01T12:27:49.665+0100] {dag.py:2690} INFO - Sync 1 DAGs
[2023-03-01T12:27:49.677+0100] {logging_mixin.py:137} INFO - [2023-03-01T12:27:49.677+0100] {dag.py:3437} INFO - Setting next_dagrun for latest_only_with_trigger to 2023-03-01T07:27:49.677648+00:00, run_after=2023-03-01T11:27:49.677648+00:00
[2023-03-01T12:27:49.691+0100] {processor.py:175} INFO - Processing /Users/oanottage/opt/anaconda3/lib/python3.8/site-packages/airflow/example_dags/example_latest_only_with_trigger.py took 0.946 seconds
[2023-03-01T12:29:40.703+0100] {processor.py:153} INFO - Started process (PID=12528) to work on /Users/oanottage/opt/anaconda3/lib/python3.8/site-packages/airflow/example_dags/example_latest_only_with_trigger.py
[2023-03-01T12:29:40.708+0100] {processor.py:743} INFO - Processing file /Users/oanottage/opt/anaconda3/lib/python3.8/site-packages/airflow/example_dags/example_latest_only_with_trigger.py for tasks to queue
[2023-03-01T12:29:40.708+0100] {logging_mixin.py:137} INFO - [2023-03-01T12:29:40.708+0100] {dagbag.py:538} INFO - Filling up the DagBag from /Users/oanottage/opt/anaconda3/lib/python3.8/site-packages/airflow/example_dags/example_latest_only_with_trigger.py
[2023-03-01T12:29:40.764+0100] {processor.py:753} INFO - DAG(s) dict_keys(['latest_only_with_trigger']) retrieved from /Users/oanottage/opt/anaconda3/lib/python3.8/site-packages/airflow/example_dags/example_latest_only_with_trigger.py
[2023-03-01T12:29:41.603+0100] {logging_mixin.py:137} INFO - [2023-03-01T12:29:41.603+0100] {dag.py:2690} INFO - Sync 1 DAGs
[2023-03-01T12:29:41.615+0100] {logging_mixin.py:137} INFO - [2023-03-01T12:29:41.614+0100] {dag.py:3437} INFO - Setting next_dagrun for latest_only_with_trigger to 2023-03-01T07:29:41.614850+00:00, run_after=2023-03-01T11:29:41.614850+00:00
[2023-03-01T12:29:41.626+0100] {processor.py:175} INFO - Processing /Users/oanottage/opt/anaconda3/lib/python3.8/site-packages/airflow/example_dags/example_latest_only_with_trigger.py took 0.925 seconds
[2023-03-01T12:31:29.337+0100] {processor.py:153} INFO - Started process (PID=16208) to work on /Users/oanottage/opt/anaconda3/lib/python3.8/site-packages/airflow/example_dags/example_latest_only_with_trigger.py
[2023-03-01T12:31:29.342+0100] {processor.py:743} INFO - Processing file /Users/oanottage/opt/anaconda3/lib/python3.8/site-packages/airflow/example_dags/example_latest_only_with_trigger.py for tasks to queue
[2023-03-01T12:31:29.342+0100] {logging_mixin.py:137} INFO - [2023-03-01T12:31:29.342+0100] {dagbag.py:538} INFO - Filling up the DagBag from /Users/oanottage/opt/anaconda3/lib/python3.8/site-packages/airflow/example_dags/example_latest_only_with_trigger.py
[2023-03-01T12:31:29.391+0100] {processor.py:753} INFO - DAG(s) dict_keys(['latest_only_with_trigger']) retrieved from /Users/oanottage/opt/anaconda3/lib/python3.8/site-packages/airflow/example_dags/example_latest_only_with_trigger.py
[2023-03-01T12:31:30.338+0100] {logging_mixin.py:137} INFO - [2023-03-01T12:31:30.338+0100] {dag.py:2690} INFO - Sync 1 DAGs
[2023-03-01T12:31:30.352+0100] {logging_mixin.py:137} INFO - [2023-03-01T12:31:30.352+0100] {dag.py:3437} INFO - Setting next_dagrun for latest_only_with_trigger to 2023-03-01T07:31:30.352441+00:00, run_after=2023-03-01T11:31:30.352441+00:00
[2023-03-01T12:31:30.367+0100] {processor.py:175} INFO - Processing /Users/oanottage/opt/anaconda3/lib/python3.8/site-packages/airflow/example_dags/example_latest_only_with_trigger.py took 1.031 seconds
[2023-03-01T12:33:17.355+0100] {processor.py:153} INFO - Started process (PID=20000) to work on /Users/oanottage/opt/anaconda3/lib/python3.8/site-packages/airflow/example_dags/example_latest_only_with_trigger.py
[2023-03-01T12:33:17.358+0100] {processor.py:743} INFO - Processing file /Users/oanottage/opt/anaconda3/lib/python3.8/site-packages/airflow/example_dags/example_latest_only_with_trigger.py for tasks to queue
[2023-03-01T12:33:17.359+0100] {logging_mixin.py:137} INFO - [2023-03-01T12:33:17.359+0100] {dagbag.py:538} INFO - Filling up the DagBag from /Users/oanottage/opt/anaconda3/lib/python3.8/site-packages/airflow/example_dags/example_latest_only_with_trigger.py
[2023-03-01T12:33:17.401+0100] {processor.py:753} INFO - DAG(s) dict_keys(['latest_only_with_trigger']) retrieved from /Users/oanottage/opt/anaconda3/lib/python3.8/site-packages/airflow/example_dags/example_latest_only_with_trigger.py
[2023-03-01T12:33:18.262+0100] {logging_mixin.py:137} INFO - [2023-03-01T12:33:18.262+0100] {dag.py:2690} INFO - Sync 1 DAGs
[2023-03-01T12:33:18.273+0100] {logging_mixin.py:137} INFO - [2023-03-01T12:33:18.273+0100] {dag.py:3437} INFO - Setting next_dagrun for latest_only_with_trigger to 2023-03-01T07:33:18.273419+00:00, run_after=2023-03-01T11:33:18.273419+00:00
[2023-03-01T12:33:18.285+0100] {processor.py:175} INFO - Processing /Users/oanottage/opt/anaconda3/lib/python3.8/site-packages/airflow/example_dags/example_latest_only_with_trigger.py took 0.931 seconds
[2023-03-01T12:35:08.912+0100] {processor.py:153} INFO - Started process (PID=24227) to work on /Users/oanottage/opt/anaconda3/lib/python3.8/site-packages/airflow/example_dags/example_latest_only_with_trigger.py
[2023-03-01T12:35:08.916+0100] {processor.py:743} INFO - Processing file /Users/oanottage/opt/anaconda3/lib/python3.8/site-packages/airflow/example_dags/example_latest_only_with_trigger.py for tasks to queue
[2023-03-01T12:35:08.916+0100] {logging_mixin.py:137} INFO - [2023-03-01T12:35:08.916+0100] {dagbag.py:538} INFO - Filling up the DagBag from /Users/oanottage/opt/anaconda3/lib/python3.8/site-packages/airflow/example_dags/example_latest_only_with_trigger.py
[2023-03-01T12:35:08.964+0100] {processor.py:753} INFO - DAG(s) dict_keys(['latest_only_with_trigger']) retrieved from /Users/oanottage/opt/anaconda3/lib/python3.8/site-packages/airflow/example_dags/example_latest_only_with_trigger.py
[2023-03-01T12:35:09.860+0100] {logging_mixin.py:137} INFO - [2023-03-01T12:35:09.860+0100] {dag.py:2690} INFO - Sync 1 DAGs
[2023-03-01T12:35:09.877+0100] {logging_mixin.py:137} INFO - [2023-03-01T12:35:09.877+0100] {dag.py:3437} INFO - Setting next_dagrun for latest_only_with_trigger to 2023-03-01T07:35:09.877227+00:00, run_after=2023-03-01T11:35:09.877227+00:00
[2023-03-01T12:35:09.893+0100] {processor.py:175} INFO - Processing /Users/oanottage/opt/anaconda3/lib/python3.8/site-packages/airflow/example_dags/example_latest_only_with_trigger.py took 0.982 seconds
[2023-03-01T12:37:01.926+0100] {processor.py:153} INFO - Started process (PID=28454) to work on /Users/oanottage/opt/anaconda3/lib/python3.8/site-packages/airflow/example_dags/example_latest_only_with_trigger.py
[2023-03-01T12:37:01.931+0100] {processor.py:743} INFO - Processing file /Users/oanottage/opt/anaconda3/lib/python3.8/site-packages/airflow/example_dags/example_latest_only_with_trigger.py for tasks to queue
[2023-03-01T12:37:01.931+0100] {logging_mixin.py:137} INFO - [2023-03-01T12:37:01.931+0100] {dagbag.py:538} INFO - Filling up the DagBag from /Users/oanottage/opt/anaconda3/lib/python3.8/site-packages/airflow/example_dags/example_latest_only_with_trigger.py
[2023-03-01T12:37:01.989+0100] {processor.py:753} INFO - DAG(s) dict_keys(['latest_only_with_trigger']) retrieved from /Users/oanottage/opt/anaconda3/lib/python3.8/site-packages/airflow/example_dags/example_latest_only_with_trigger.py
[2023-03-01T12:37:02.809+0100] {logging_mixin.py:137} INFO - [2023-03-01T12:37:02.809+0100] {dag.py:2690} INFO - Sync 1 DAGs
[2023-03-01T12:37:02.821+0100] {logging_mixin.py:137} INFO - [2023-03-01T12:37:02.821+0100] {dag.py:3437} INFO - Setting next_dagrun for latest_only_with_trigger to 2023-03-01T07:37:02.821392+00:00, run_after=2023-03-01T11:37:02.821392+00:00
[2023-03-01T12:37:02.835+0100] {processor.py:175} INFO - Processing /Users/oanottage/opt/anaconda3/lib/python3.8/site-packages/airflow/example_dags/example_latest_only_with_trigger.py took 0.909 seconds
[2023-03-01T12:38:58.540+0100] {processor.py:153} INFO - Started process (PID=31803) to work on /Users/oanottage/opt/anaconda3/lib/python3.8/site-packages/airflow/example_dags/example_latest_only_with_trigger.py
[2023-03-01T12:38:58.544+0100] {processor.py:743} INFO - Processing file /Users/oanottage/opt/anaconda3/lib/python3.8/site-packages/airflow/example_dags/example_latest_only_with_trigger.py for tasks to queue
[2023-03-01T12:38:58.544+0100] {logging_mixin.py:137} INFO - [2023-03-01T12:38:58.544+0100] {dagbag.py:538} INFO - Filling up the DagBag from /Users/oanottage/opt/anaconda3/lib/python3.8/site-packages/airflow/example_dags/example_latest_only_with_trigger.py
[2023-03-01T12:38:58.595+0100] {processor.py:753} INFO - DAG(s) dict_keys(['latest_only_with_trigger']) retrieved from /Users/oanottage/opt/anaconda3/lib/python3.8/site-packages/airflow/example_dags/example_latest_only_with_trigger.py
[2023-03-01T12:38:59.681+0100] {logging_mixin.py:137} INFO - [2023-03-01T12:38:59.681+0100] {dag.py:2690} INFO - Sync 1 DAGs
[2023-03-01T12:38:59.701+0100] {logging_mixin.py:137} INFO - [2023-03-01T12:38:59.701+0100] {dag.py:3437} INFO - Setting next_dagrun for latest_only_with_trigger to 2023-03-01T07:38:59.701096+00:00, run_after=2023-03-01T11:38:59.701096+00:00
[2023-03-01T12:38:59.720+0100] {processor.py:175} INFO - Processing /Users/oanottage/opt/anaconda3/lib/python3.8/site-packages/airflow/example_dags/example_latest_only_with_trigger.py took 1.181 seconds
[2023-03-01T12:41:09.585+0100] {processor.py:153} INFO - Started process (PID=36951) to work on /Users/oanottage/opt/anaconda3/lib/python3.8/site-packages/airflow/example_dags/example_latest_only_with_trigger.py
[2023-03-01T12:41:09.588+0100] {processor.py:743} INFO - Processing file /Users/oanottage/opt/anaconda3/lib/python3.8/site-packages/airflow/example_dags/example_latest_only_with_trigger.py for tasks to queue
[2023-03-01T12:41:09.589+0100] {logging_mixin.py:137} INFO - [2023-03-01T12:41:09.589+0100] {dagbag.py:538} INFO - Filling up the DagBag from /Users/oanottage/opt/anaconda3/lib/python3.8/site-packages/airflow/example_dags/example_latest_only_with_trigger.py
[2023-03-01T12:41:09.656+0100] {processor.py:753} INFO - DAG(s) dict_keys(['latest_only_with_trigger']) retrieved from /Users/oanottage/opt/anaconda3/lib/python3.8/site-packages/airflow/example_dags/example_latest_only_with_trigger.py
[2023-03-01T12:41:11.024+0100] {logging_mixin.py:137} INFO - [2023-03-01T12:41:11.024+0100] {dag.py:2690} INFO - Sync 1 DAGs
[2023-03-01T12:41:11.043+0100] {logging_mixin.py:137} INFO - [2023-03-01T12:41:11.042+0100] {dag.py:3437} INFO - Setting next_dagrun for latest_only_with_trigger to 2023-03-01T07:41:11.042826+00:00, run_after=2023-03-01T11:41:11.042826+00:00
[2023-03-01T12:41:11.061+0100] {processor.py:175} INFO - Processing /Users/oanottage/opt/anaconda3/lib/python3.8/site-packages/airflow/example_dags/example_latest_only_with_trigger.py took 1.477 seconds
[2023-03-01T12:43:11.225+0100] {processor.py:153} INFO - Started process (PID=41198) to work on /Users/oanottage/opt/anaconda3/lib/python3.8/site-packages/airflow/example_dags/example_latest_only_with_trigger.py
[2023-03-01T12:43:11.228+0100] {processor.py:743} INFO - Processing file /Users/oanottage/opt/anaconda3/lib/python3.8/site-packages/airflow/example_dags/example_latest_only_with_trigger.py for tasks to queue
[2023-03-01T12:43:11.229+0100] {logging_mixin.py:137} INFO - [2023-03-01T12:43:11.229+0100] {dagbag.py:538} INFO - Filling up the DagBag from /Users/oanottage/opt/anaconda3/lib/python3.8/site-packages/airflow/example_dags/example_latest_only_with_trigger.py
[2023-03-01T12:43:11.274+0100] {processor.py:753} INFO - DAG(s) dict_keys(['latest_only_with_trigger']) retrieved from /Users/oanottage/opt/anaconda3/lib/python3.8/site-packages/airflow/example_dags/example_latest_only_with_trigger.py
[2023-03-01T12:43:12.203+0100] {logging_mixin.py:137} INFO - [2023-03-01T12:43:12.203+0100] {dag.py:2690} INFO - Sync 1 DAGs
[2023-03-01T12:43:12.219+0100] {logging_mixin.py:137} INFO - [2023-03-01T12:43:12.219+0100] {dag.py:3437} INFO - Setting next_dagrun for latest_only_with_trigger to 2023-03-01T07:43:12.218932+00:00, run_after=2023-03-01T11:43:12.218932+00:00
[2023-03-01T12:43:12.234+0100] {processor.py:175} INFO - Processing /Users/oanottage/opt/anaconda3/lib/python3.8/site-packages/airflow/example_dags/example_latest_only_with_trigger.py took 1.009 seconds
[2023-03-01T12:45:27.717+0100] {processor.py:153} INFO - Started process (PID=45474) to work on /Users/oanottage/opt/anaconda3/lib/python3.8/site-packages/airflow/example_dags/example_latest_only_with_trigger.py
[2023-03-01T12:45:27.721+0100] {processor.py:743} INFO - Processing file /Users/oanottage/opt/anaconda3/lib/python3.8/site-packages/airflow/example_dags/example_latest_only_with_trigger.py for tasks to queue
[2023-03-01T12:45:27.722+0100] {logging_mixin.py:137} INFO - [2023-03-01T12:45:27.722+0100] {dagbag.py:538} INFO - Filling up the DagBag from /Users/oanottage/opt/anaconda3/lib/python3.8/site-packages/airflow/example_dags/example_latest_only_with_trigger.py
[2023-03-01T12:45:27.779+0100] {processor.py:753} INFO - DAG(s) dict_keys(['latest_only_with_trigger']) retrieved from /Users/oanottage/opt/anaconda3/lib/python3.8/site-packages/airflow/example_dags/example_latest_only_with_trigger.py
[2023-03-01T12:45:28.710+0100] {logging_mixin.py:137} INFO - [2023-03-01T12:45:28.710+0100] {dag.py:2690} INFO - Sync 1 DAGs
[2023-03-01T12:45:28.725+0100] {logging_mixin.py:137} INFO - [2023-03-01T12:45:28.725+0100] {dag.py:3437} INFO - Setting next_dagrun for latest_only_with_trigger to 2023-03-01T07:45:28.725429+00:00, run_after=2023-03-01T11:45:28.725429+00:00
[2023-03-01T12:45:28.739+0100] {processor.py:175} INFO - Processing /Users/oanottage/opt/anaconda3/lib/python3.8/site-packages/airflow/example_dags/example_latest_only_with_trigger.py took 1.023 seconds
[2023-03-01T12:47:30.037+0100] {processor.py:153} INFO - Started process (PID=50312) to work on /Users/oanottage/opt/anaconda3/lib/python3.8/site-packages/airflow/example_dags/example_latest_only_with_trigger.py
[2023-03-01T12:47:30.041+0100] {processor.py:743} INFO - Processing file /Users/oanottage/opt/anaconda3/lib/python3.8/site-packages/airflow/example_dags/example_latest_only_with_trigger.py for tasks to queue
[2023-03-01T12:47:30.042+0100] {logging_mixin.py:137} INFO - [2023-03-01T12:47:30.042+0100] {dagbag.py:538} INFO - Filling up the DagBag from /Users/oanottage/opt/anaconda3/lib/python3.8/site-packages/airflow/example_dags/example_latest_only_with_trigger.py
[2023-03-01T12:47:30.093+0100] {processor.py:753} INFO - DAG(s) dict_keys(['latest_only_with_trigger']) retrieved from /Users/oanottage/opt/anaconda3/lib/python3.8/site-packages/airflow/example_dags/example_latest_only_with_trigger.py
[2023-03-01T12:47:31.124+0100] {logging_mixin.py:137} INFO - [2023-03-01T12:47:31.123+0100] {dag.py:2690} INFO - Sync 1 DAGs
[2023-03-01T12:47:31.143+0100] {logging_mixin.py:137} INFO - [2023-03-01T12:47:31.143+0100] {dag.py:3437} INFO - Setting next_dagrun for latest_only_with_trigger to 2023-03-01T07:47:31.142937+00:00, run_after=2023-03-01T11:47:31.142937+00:00
[2023-03-01T12:47:31.161+0100] {processor.py:175} INFO - Processing /Users/oanottage/opt/anaconda3/lib/python3.8/site-packages/airflow/example_dags/example_latest_only_with_trigger.py took 1.124 seconds
[2023-03-01T12:49:38.869+0100] {processor.py:153} INFO - Started process (PID=55143) to work on /Users/oanottage/opt/anaconda3/lib/python3.8/site-packages/airflow/example_dags/example_latest_only_with_trigger.py
[2023-03-01T12:49:38.874+0100] {processor.py:743} INFO - Processing file /Users/oanottage/opt/anaconda3/lib/python3.8/site-packages/airflow/example_dags/example_latest_only_with_trigger.py for tasks to queue
[2023-03-01T12:49:38.874+0100] {logging_mixin.py:137} INFO - [2023-03-01T12:49:38.874+0100] {dagbag.py:538} INFO - Filling up the DagBag from /Users/oanottage/opt/anaconda3/lib/python3.8/site-packages/airflow/example_dags/example_latest_only_with_trigger.py
[2023-03-01T12:49:38.924+0100] {processor.py:753} INFO - DAG(s) dict_keys(['latest_only_with_trigger']) retrieved from /Users/oanottage/opt/anaconda3/lib/python3.8/site-packages/airflow/example_dags/example_latest_only_with_trigger.py
[2023-03-01T12:49:39.935+0100] {logging_mixin.py:137} INFO - [2023-03-01T12:49:39.935+0100] {dag.py:2690} INFO - Sync 1 DAGs
[2023-03-01T12:49:39.952+0100] {logging_mixin.py:137} INFO - [2023-03-01T12:49:39.952+0100] {dag.py:3437} INFO - Setting next_dagrun for latest_only_with_trigger to 2023-03-01T07:49:39.952485+00:00, run_after=2023-03-01T11:49:39.952485+00:00
[2023-03-01T12:49:39.967+0100] {processor.py:175} INFO - Processing /Users/oanottage/opt/anaconda3/lib/python3.8/site-packages/airflow/example_dags/example_latest_only_with_trigger.py took 1.099 seconds
[2023-03-01T12:51:35.594+0100] {processor.py:153} INFO - Started process (PID=59403) to work on /Users/oanottage/opt/anaconda3/lib/python3.8/site-packages/airflow/example_dags/example_latest_only_with_trigger.py
[2023-03-01T12:51:35.598+0100] {processor.py:743} INFO - Processing file /Users/oanottage/opt/anaconda3/lib/python3.8/site-packages/airflow/example_dags/example_latest_only_with_trigger.py for tasks to queue
[2023-03-01T12:51:35.598+0100] {logging_mixin.py:137} INFO - [2023-03-01T12:51:35.598+0100] {dagbag.py:538} INFO - Filling up the DagBag from /Users/oanottage/opt/anaconda3/lib/python3.8/site-packages/airflow/example_dags/example_latest_only_with_trigger.py
[2023-03-01T12:51:35.648+0100] {processor.py:753} INFO - DAG(s) dict_keys(['latest_only_with_trigger']) retrieved from /Users/oanottage/opt/anaconda3/lib/python3.8/site-packages/airflow/example_dags/example_latest_only_with_trigger.py
[2023-03-01T12:51:36.602+0100] {logging_mixin.py:137} INFO - [2023-03-01T12:51:36.602+0100] {dag.py:2690} INFO - Sync 1 DAGs
[2023-03-01T12:51:36.620+0100] {logging_mixin.py:137} INFO - [2023-03-01T12:51:36.619+0100] {dag.py:3437} INFO - Setting next_dagrun for latest_only_with_trigger to 2023-03-01T07:51:36.619797+00:00, run_after=2023-03-01T11:51:36.619797+00:00
[2023-03-01T12:51:36.638+0100] {processor.py:175} INFO - Processing /Users/oanottage/opt/anaconda3/lib/python3.8/site-packages/airflow/example_dags/example_latest_only_with_trigger.py took 1.045 seconds
[2023-03-01T12:53:39.396+0100] {processor.py:153} INFO - Started process (PID=63667) to work on /Users/oanottage/opt/anaconda3/lib/python3.8/site-packages/airflow/example_dags/example_latest_only_with_trigger.py
[2023-03-01T12:53:39.400+0100] {processor.py:743} INFO - Processing file /Users/oanottage/opt/anaconda3/lib/python3.8/site-packages/airflow/example_dags/example_latest_only_with_trigger.py for tasks to queue
[2023-03-01T12:53:39.400+0100] {logging_mixin.py:137} INFO - [2023-03-01T12:53:39.400+0100] {dagbag.py:538} INFO - Filling up the DagBag from /Users/oanottage/opt/anaconda3/lib/python3.8/site-packages/airflow/example_dags/example_latest_only_with_trigger.py
[2023-03-01T12:53:39.447+0100] {processor.py:753} INFO - DAG(s) dict_keys(['latest_only_with_trigger']) retrieved from /Users/oanottage/opt/anaconda3/lib/python3.8/site-packages/airflow/example_dags/example_latest_only_with_trigger.py
[2023-03-01T12:53:40.452+0100] {logging_mixin.py:137} INFO - [2023-03-01T12:53:40.451+0100] {dag.py:2690} INFO - Sync 1 DAGs
[2023-03-01T12:53:40.467+0100] {logging_mixin.py:137} INFO - [2023-03-01T12:53:40.466+0100] {dag.py:3437} INFO - Setting next_dagrun for latest_only_with_trigger to 2023-03-01T07:53:40.466756+00:00, run_after=2023-03-01T11:53:40.466756+00:00
[2023-03-01T12:53:40.483+0100] {processor.py:175} INFO - Processing /Users/oanottage/opt/anaconda3/lib/python3.8/site-packages/airflow/example_dags/example_latest_only_with_trigger.py took 1.087 seconds
[2023-03-01T12:55:36.780+0100] {processor.py:153} INFO - Started process (PID=67958) to work on /Users/oanottage/opt/anaconda3/lib/python3.8/site-packages/airflow/example_dags/example_latest_only_with_trigger.py
[2023-03-01T12:55:36.785+0100] {processor.py:743} INFO - Processing file /Users/oanottage/opt/anaconda3/lib/python3.8/site-packages/airflow/example_dags/example_latest_only_with_trigger.py for tasks to queue
[2023-03-01T12:55:36.785+0100] {logging_mixin.py:137} INFO - [2023-03-01T12:55:36.785+0100] {dagbag.py:538} INFO - Filling up the DagBag from /Users/oanottage/opt/anaconda3/lib/python3.8/site-packages/airflow/example_dags/example_latest_only_with_trigger.py
[2023-03-01T12:55:36.830+0100] {processor.py:753} INFO - DAG(s) dict_keys(['latest_only_with_trigger']) retrieved from /Users/oanottage/opt/anaconda3/lib/python3.8/site-packages/airflow/example_dags/example_latest_only_with_trigger.py
[2023-03-01T12:55:37.686+0100] {logging_mixin.py:137} INFO - [2023-03-01T12:55:37.685+0100] {dag.py:2690} INFO - Sync 1 DAGs
[2023-03-01T12:55:37.697+0100] {logging_mixin.py:137} INFO - [2023-03-01T12:55:37.697+0100] {dag.py:3437} INFO - Setting next_dagrun for latest_only_with_trigger to 2023-03-01T07:55:37.697793+00:00, run_after=2023-03-01T11:55:37.697793+00:00
[2023-03-01T12:55:37.709+0100] {processor.py:175} INFO - Processing /Users/oanottage/opt/anaconda3/lib/python3.8/site-packages/airflow/example_dags/example_latest_only_with_trigger.py took 0.929 seconds
[2023-03-01T12:57:26.759+0100] {processor.py:153} INFO - Started process (PID=71186) to work on /Users/oanottage/opt/anaconda3/lib/python3.8/site-packages/airflow/example_dags/example_latest_only_with_trigger.py
[2023-03-01T12:57:26.762+0100] {processor.py:743} INFO - Processing file /Users/oanottage/opt/anaconda3/lib/python3.8/site-packages/airflow/example_dags/example_latest_only_with_trigger.py for tasks to queue
[2023-03-01T12:57:26.762+0100] {logging_mixin.py:137} INFO - [2023-03-01T12:57:26.762+0100] {dagbag.py:538} INFO - Filling up the DagBag from /Users/oanottage/opt/anaconda3/lib/python3.8/site-packages/airflow/example_dags/example_latest_only_with_trigger.py
[2023-03-01T12:57:26.808+0100] {processor.py:753} INFO - DAG(s) dict_keys(['latest_only_with_trigger']) retrieved from /Users/oanottage/opt/anaconda3/lib/python3.8/site-packages/airflow/example_dags/example_latest_only_with_trigger.py
[2023-03-01T12:57:27.738+0100] {logging_mixin.py:137} INFO - [2023-03-01T12:57:27.738+0100] {dag.py:2690} INFO - Sync 1 DAGs
[2023-03-01T12:57:27.752+0100] {logging_mixin.py:137} INFO - [2023-03-01T12:57:27.752+0100] {dag.py:3437} INFO - Setting next_dagrun for latest_only_with_trigger to 2023-03-01T07:57:27.752751+00:00, run_after=2023-03-01T11:57:27.752751+00:00
[2023-03-01T12:57:27.766+0100] {processor.py:175} INFO - Processing /Users/oanottage/opt/anaconda3/lib/python3.8/site-packages/airflow/example_dags/example_latest_only_with_trigger.py took 1.008 seconds
[2023-03-01T12:59:25.946+0100] {processor.py:153} INFO - Started process (PID=75478) to work on /Users/oanottage/opt/anaconda3/lib/python3.8/site-packages/airflow/example_dags/example_latest_only_with_trigger.py
[2023-03-01T12:59:25.951+0100] {processor.py:743} INFO - Processing file /Users/oanottage/opt/anaconda3/lib/python3.8/site-packages/airflow/example_dags/example_latest_only_with_trigger.py for tasks to queue
[2023-03-01T12:59:25.951+0100] {logging_mixin.py:137} INFO - [2023-03-01T12:59:25.951+0100] {dagbag.py:538} INFO - Filling up the DagBag from /Users/oanottage/opt/anaconda3/lib/python3.8/site-packages/airflow/example_dags/example_latest_only_with_trigger.py
[2023-03-01T12:59:26.004+0100] {processor.py:753} INFO - DAG(s) dict_keys(['latest_only_with_trigger']) retrieved from /Users/oanottage/opt/anaconda3/lib/python3.8/site-packages/airflow/example_dags/example_latest_only_with_trigger.py
[2023-03-01T12:59:27.026+0100] {logging_mixin.py:137} INFO - [2023-03-01T12:59:27.026+0100] {dag.py:2690} INFO - Sync 1 DAGs
[2023-03-01T12:59:27.041+0100] {logging_mixin.py:137} INFO - [2023-03-01T12:59:27.041+0100] {dag.py:3437} INFO - Setting next_dagrun for latest_only_with_trigger to 2023-03-01T07:59:27.041361+00:00, run_after=2023-03-01T11:59:27.041361+00:00
[2023-03-01T12:59:27.055+0100] {processor.py:175} INFO - Processing /Users/oanottage/opt/anaconda3/lib/python3.8/site-packages/airflow/example_dags/example_latest_only_with_trigger.py took 1.109 seconds
[2023-03-01T13:01:22.841+0100] {processor.py:153} INFO - Started process (PID=79749) to work on /Users/oanottage/opt/anaconda3/lib/python3.8/site-packages/airflow/example_dags/example_latest_only_with_trigger.py
[2023-03-01T13:01:22.846+0100] {processor.py:743} INFO - Processing file /Users/oanottage/opt/anaconda3/lib/python3.8/site-packages/airflow/example_dags/example_latest_only_with_trigger.py for tasks to queue
[2023-03-01T13:01:22.847+0100] {logging_mixin.py:137} INFO - [2023-03-01T13:01:22.847+0100] {dagbag.py:538} INFO - Filling up the DagBag from /Users/oanottage/opt/anaconda3/lib/python3.8/site-packages/airflow/example_dags/example_latest_only_with_trigger.py
[2023-03-01T13:01:22.935+0100] {processor.py:753} INFO - DAG(s) dict_keys(['latest_only_with_trigger']) retrieved from /Users/oanottage/opt/anaconda3/lib/python3.8/site-packages/airflow/example_dags/example_latest_only_with_trigger.py
[2023-03-01T13:01:24.216+0100] {logging_mixin.py:137} INFO - [2023-03-01T13:01:24.216+0100] {dag.py:2690} INFO - Sync 1 DAGs
[2023-03-01T13:01:24.230+0100] {logging_mixin.py:137} INFO - [2023-03-01T13:01:24.230+0100] {dag.py:3437} INFO - Setting next_dagrun for latest_only_with_trigger to 2023-03-01T08:01:24.230722+00:00, run_after=2023-03-01T12:01:24.230722+00:00
[2023-03-01T13:01:24.244+0100] {processor.py:175} INFO - Processing /Users/oanottage/opt/anaconda3/lib/python3.8/site-packages/airflow/example_dags/example_latest_only_with_trigger.py took 1.404 seconds
