[2023-03-01T12:04:06.611+0100] {processor.py:153} INFO - Started process (PID=58319) to work on /Users/oanottage/opt/anaconda3/lib/python3.8/site-packages/airflow/example_dags/example_branch_operator_decorator.py
[2023-03-01T12:04:06.614+0100] {processor.py:743} INFO - Processing file /Users/oanottage/opt/anaconda3/lib/python3.8/site-packages/airflow/example_dags/example_branch_operator_decorator.py for tasks to queue
[2023-03-01T12:04:06.614+0100] {logging_mixin.py:137} INFO - [2023-03-01T12:04:06.614+0100] {dagbag.py:538} INFO - Filling up the DagBag from /Users/oanottage/opt/anaconda3/lib/python3.8/site-packages/airflow/example_dags/example_branch_operator_decorator.py
[2023-03-01T12:04:06.686+0100] {processor.py:753} INFO - DAG(s) dict_keys(['example_branch_python_operator_decorator']) retrieved from /Users/oanottage/opt/anaconda3/lib/python3.8/site-packages/airflow/example_dags/example_branch_operator_decorator.py
[2023-03-01T12:04:07.593+0100] {logging_mixin.py:137} INFO - [2023-03-01T12:04:07.592+0100] {manager.py:504} INFO - Created Permission View: can edit on DAG:example_branch_python_operator_decorator
[2023-03-01T12:04:07.598+0100] {logging_mixin.py:137} INFO - [2023-03-01T12:04:07.598+0100] {manager.py:504} INFO - Created Permission View: can read on DAG:example_branch_python_operator_decorator
[2023-03-01T12:04:07.603+0100] {logging_mixin.py:137} INFO - [2023-03-01T12:04:07.603+0100] {manager.py:504} INFO - Created Permission View: can delete on DAG:example_branch_python_operator_decorator
[2023-03-01T12:04:07.603+0100] {logging_mixin.py:137} INFO - [2023-03-01T12:04:07.603+0100] {dag.py:2690} INFO - Sync 1 DAGs
[2023-03-01T12:04:07.611+0100] {logging_mixin.py:137} INFO - [2023-03-01T12:04:07.611+0100] {dag.py:2711} INFO - Creating ORM DAG for example_branch_python_operator_decorator
[2023-03-01T12:04:07.618+0100] {logging_mixin.py:137} INFO - [2023-03-01T12:04:07.618+0100] {dag.py:3437} INFO - Setting next_dagrun for example_branch_python_operator_decorator to 2023-02-28T00:00:00+00:00, run_after=2023-03-01T00:00:00+00:00
[2023-03-01T12:04:07.629+0100] {processor.py:175} INFO - Processing /Users/oanottage/opt/anaconda3/lib/python3.8/site-packages/airflow/example_dags/example_branch_operator_decorator.py took 1.019 seconds
[2023-03-01T12:06:03.454+0100] {processor.py:153} INFO - Started process (PID=62500) to work on /Users/oanottage/opt/anaconda3/lib/python3.8/site-packages/airflow/example_dags/example_branch_operator_decorator.py
[2023-03-01T12:06:03.458+0100] {processor.py:743} INFO - Processing file /Users/oanottage/opt/anaconda3/lib/python3.8/site-packages/airflow/example_dags/example_branch_operator_decorator.py for tasks to queue
[2023-03-01T12:06:03.458+0100] {logging_mixin.py:137} INFO - [2023-03-01T12:06:03.458+0100] {dagbag.py:538} INFO - Filling up the DagBag from /Users/oanottage/opt/anaconda3/lib/python3.8/site-packages/airflow/example_dags/example_branch_operator_decorator.py
[2023-03-01T12:06:03.521+0100] {processor.py:753} INFO - DAG(s) dict_keys(['example_branch_python_operator_decorator']) retrieved from /Users/oanottage/opt/anaconda3/lib/python3.8/site-packages/airflow/example_dags/example_branch_operator_decorator.py
[2023-03-01T12:06:04.391+0100] {logging_mixin.py:137} INFO - [2023-03-01T12:06:04.391+0100] {dag.py:2690} INFO - Sync 1 DAGs
[2023-03-01T12:06:04.405+0100] {logging_mixin.py:137} INFO - [2023-03-01T12:06:04.405+0100] {dag.py:3437} INFO - Setting next_dagrun for example_branch_python_operator_decorator to 2023-02-28T00:00:00+00:00, run_after=2023-03-01T00:00:00+00:00
[2023-03-01T12:06:04.418+0100] {processor.py:175} INFO - Processing /Users/oanottage/opt/anaconda3/lib/python3.8/site-packages/airflow/example_dags/example_branch_operator_decorator.py took 0.965 seconds
[2023-03-01T12:07:57.646+0100] {processor.py:153} INFO - Started process (PID=65677) to work on /Users/oanottage/opt/anaconda3/lib/python3.8/site-packages/airflow/example_dags/example_branch_operator_decorator.py
[2023-03-01T12:07:57.651+0100] {processor.py:743} INFO - Processing file /Users/oanottage/opt/anaconda3/lib/python3.8/site-packages/airflow/example_dags/example_branch_operator_decorator.py for tasks to queue
[2023-03-01T12:07:57.652+0100] {logging_mixin.py:137} INFO - [2023-03-01T12:07:57.652+0100] {dagbag.py:538} INFO - Filling up the DagBag from /Users/oanottage/opt/anaconda3/lib/python3.8/site-packages/airflow/example_dags/example_branch_operator_decorator.py
[2023-03-01T12:07:57.725+0100] {processor.py:753} INFO - DAG(s) dict_keys(['example_branch_python_operator_decorator']) retrieved from /Users/oanottage/opt/anaconda3/lib/python3.8/site-packages/airflow/example_dags/example_branch_operator_decorator.py
[2023-03-01T12:07:58.666+0100] {logging_mixin.py:137} INFO - [2023-03-01T12:07:58.665+0100] {dag.py:2690} INFO - Sync 1 DAGs
[2023-03-01T12:07:58.682+0100] {logging_mixin.py:137} INFO - [2023-03-01T12:07:58.682+0100] {dag.py:3437} INFO - Setting next_dagrun for example_branch_python_operator_decorator to 2023-02-28T00:00:00+00:00, run_after=2023-03-01T00:00:00+00:00
[2023-03-01T12:07:58.701+0100] {processor.py:175} INFO - Processing /Users/oanottage/opt/anaconda3/lib/python3.8/site-packages/airflow/example_dags/example_branch_operator_decorator.py took 1.055 seconds
[2023-03-01T12:09:50.730+0100] {processor.py:153} INFO - Started process (PID=69863) to work on /Users/oanottage/opt/anaconda3/lib/python3.8/site-packages/airflow/example_dags/example_branch_operator_decorator.py
[2023-03-01T12:09:50.735+0100] {processor.py:743} INFO - Processing file /Users/oanottage/opt/anaconda3/lib/python3.8/site-packages/airflow/example_dags/example_branch_operator_decorator.py for tasks to queue
[2023-03-01T12:09:50.735+0100] {logging_mixin.py:137} INFO - [2023-03-01T12:09:50.735+0100] {dagbag.py:538} INFO - Filling up the DagBag from /Users/oanottage/opt/anaconda3/lib/python3.8/site-packages/airflow/example_dags/example_branch_operator_decorator.py
[2023-03-01T12:09:50.803+0100] {processor.py:753} INFO - DAG(s) dict_keys(['example_branch_python_operator_decorator']) retrieved from /Users/oanottage/opt/anaconda3/lib/python3.8/site-packages/airflow/example_dags/example_branch_operator_decorator.py
[2023-03-01T12:09:51.715+0100] {logging_mixin.py:137} INFO - [2023-03-01T12:09:51.714+0100] {dag.py:2690} INFO - Sync 1 DAGs
[2023-03-01T12:09:51.728+0100] {logging_mixin.py:137} INFO - [2023-03-01T12:09:51.728+0100] {dag.py:3437} INFO - Setting next_dagrun for example_branch_python_operator_decorator to 2023-02-28T00:00:00+00:00, run_after=2023-03-01T00:00:00+00:00
[2023-03-01T12:09:51.740+0100] {processor.py:175} INFO - Processing /Users/oanottage/opt/anaconda3/lib/python3.8/site-packages/airflow/example_dags/example_branch_operator_decorator.py took 1.010 seconds
[2023-03-01T12:11:56.462+0100] {processor.py:153} INFO - Started process (PID=74142) to work on /Users/oanottage/opt/anaconda3/lib/python3.8/site-packages/airflow/example_dags/example_branch_operator_decorator.py
[2023-03-01T12:11:56.466+0100] {processor.py:743} INFO - Processing file /Users/oanottage/opt/anaconda3/lib/python3.8/site-packages/airflow/example_dags/example_branch_operator_decorator.py for tasks to queue
[2023-03-01T12:11:56.467+0100] {logging_mixin.py:137} INFO - [2023-03-01T12:11:56.467+0100] {dagbag.py:538} INFO - Filling up the DagBag from /Users/oanottage/opt/anaconda3/lib/python3.8/site-packages/airflow/example_dags/example_branch_operator_decorator.py
[2023-03-01T12:11:56.539+0100] {processor.py:753} INFO - DAG(s) dict_keys(['example_branch_python_operator_decorator']) retrieved from /Users/oanottage/opt/anaconda3/lib/python3.8/site-packages/airflow/example_dags/example_branch_operator_decorator.py
[2023-03-01T12:11:57.722+0100] {logging_mixin.py:137} INFO - [2023-03-01T12:11:57.722+0100] {dag.py:2690} INFO - Sync 1 DAGs
[2023-03-01T12:11:57.748+0100] {logging_mixin.py:137} INFO - [2023-03-01T12:11:57.747+0100] {dag.py:3437} INFO - Setting next_dagrun for example_branch_python_operator_decorator to 2023-02-28T00:00:00+00:00, run_after=2023-03-01T00:00:00+00:00
[2023-03-01T12:11:57.773+0100] {processor.py:175} INFO - Processing /Users/oanottage/opt/anaconda3/lib/python3.8/site-packages/airflow/example_dags/example_branch_operator_decorator.py took 1.311 seconds
[2023-03-01T12:13:51.914+0100] {processor.py:153} INFO - Started process (PID=78381) to work on /Users/oanottage/opt/anaconda3/lib/python3.8/site-packages/airflow/example_dags/example_branch_operator_decorator.py
[2023-03-01T12:13:51.918+0100] {processor.py:743} INFO - Processing file /Users/oanottage/opt/anaconda3/lib/python3.8/site-packages/airflow/example_dags/example_branch_operator_decorator.py for tasks to queue
[2023-03-01T12:13:51.919+0100] {logging_mixin.py:137} INFO - [2023-03-01T12:13:51.919+0100] {dagbag.py:538} INFO - Filling up the DagBag from /Users/oanottage/opt/anaconda3/lib/python3.8/site-packages/airflow/example_dags/example_branch_operator_decorator.py
[2023-03-01T12:13:52.007+0100] {processor.py:753} INFO - DAG(s) dict_keys(['example_branch_python_operator_decorator']) retrieved from /Users/oanottage/opt/anaconda3/lib/python3.8/site-packages/airflow/example_dags/example_branch_operator_decorator.py
[2023-03-01T12:13:52.829+0100] {logging_mixin.py:137} INFO - [2023-03-01T12:13:52.829+0100] {dag.py:2690} INFO - Sync 1 DAGs
[2023-03-01T12:13:52.842+0100] {logging_mixin.py:137} INFO - [2023-03-01T12:13:52.842+0100] {dag.py:3437} INFO - Setting next_dagrun for example_branch_python_operator_decorator to 2023-02-28T00:00:00+00:00, run_after=2023-03-01T00:00:00+00:00
[2023-03-01T12:13:52.853+0100] {processor.py:175} INFO - Processing /Users/oanottage/opt/anaconda3/lib/python3.8/site-packages/airflow/example_dags/example_branch_operator_decorator.py took 0.940 seconds
[2023-03-01T12:15:43.767+0100] {processor.py:153} INFO - Started process (PID=82540) to work on /Users/oanottage/opt/anaconda3/lib/python3.8/site-packages/airflow/example_dags/example_branch_operator_decorator.py
[2023-03-01T12:15:43.783+0100] {processor.py:743} INFO - Processing file /Users/oanottage/opt/anaconda3/lib/python3.8/site-packages/airflow/example_dags/example_branch_operator_decorator.py for tasks to queue
[2023-03-01T12:15:43.783+0100] {logging_mixin.py:137} INFO - [2023-03-01T12:15:43.783+0100] {dagbag.py:538} INFO - Filling up the DagBag from /Users/oanottage/opt/anaconda3/lib/python3.8/site-packages/airflow/example_dags/example_branch_operator_decorator.py
[2023-03-01T12:15:43.856+0100] {processor.py:753} INFO - DAG(s) dict_keys(['example_branch_python_operator_decorator']) retrieved from /Users/oanottage/opt/anaconda3/lib/python3.8/site-packages/airflow/example_dags/example_branch_operator_decorator.py
[2023-03-01T12:15:44.730+0100] {logging_mixin.py:137} INFO - [2023-03-01T12:15:44.730+0100] {dag.py:2690} INFO - Sync 1 DAGs
[2023-03-01T12:15:44.743+0100] {logging_mixin.py:137} INFO - [2023-03-01T12:15:44.743+0100] {dag.py:3437} INFO - Setting next_dagrun for example_branch_python_operator_decorator to 2023-02-28T00:00:00+00:00, run_after=2023-03-01T00:00:00+00:00
[2023-03-01T12:15:44.756+0100] {processor.py:175} INFO - Processing /Users/oanottage/opt/anaconda3/lib/python3.8/site-packages/airflow/example_dags/example_branch_operator_decorator.py took 0.990 seconds
[2023-03-01T12:17:48.723+0100] {processor.py:153} INFO - Started process (PID=86724) to work on /Users/oanottage/opt/anaconda3/lib/python3.8/site-packages/airflow/example_dags/example_branch_operator_decorator.py
[2023-03-01T12:17:48.727+0100] {processor.py:743} INFO - Processing file /Users/oanottage/opt/anaconda3/lib/python3.8/site-packages/airflow/example_dags/example_branch_operator_decorator.py for tasks to queue
[2023-03-01T12:17:48.727+0100] {logging_mixin.py:137} INFO - [2023-03-01T12:17:48.727+0100] {dagbag.py:538} INFO - Filling up the DagBag from /Users/oanottage/opt/anaconda3/lib/python3.8/site-packages/airflow/example_dags/example_branch_operator_decorator.py
[2023-03-01T12:17:48.793+0100] {processor.py:753} INFO - DAG(s) dict_keys(['example_branch_python_operator_decorator']) retrieved from /Users/oanottage/opt/anaconda3/lib/python3.8/site-packages/airflow/example_dags/example_branch_operator_decorator.py
[2023-03-01T12:17:49.676+0100] {logging_mixin.py:137} INFO - [2023-03-01T12:17:49.676+0100] {dag.py:2690} INFO - Sync 1 DAGs
[2023-03-01T12:17:49.691+0100] {logging_mixin.py:137} INFO - [2023-03-01T12:17:49.690+0100] {dag.py:3437} INFO - Setting next_dagrun for example_branch_python_operator_decorator to 2023-02-28T00:00:00+00:00, run_after=2023-03-01T00:00:00+00:00
[2023-03-01T12:17:49.704+0100] {processor.py:175} INFO - Processing /Users/oanottage/opt/anaconda3/lib/python3.8/site-packages/airflow/example_dags/example_branch_operator_decorator.py took 0.982 seconds
[2023-03-01T12:19:42.501+0100] {processor.py:153} INFO - Started process (PID=90958) to work on /Users/oanottage/opt/anaconda3/lib/python3.8/site-packages/airflow/example_dags/example_branch_operator_decorator.py
[2023-03-01T12:19:42.505+0100] {processor.py:743} INFO - Processing file /Users/oanottage/opt/anaconda3/lib/python3.8/site-packages/airflow/example_dags/example_branch_operator_decorator.py for tasks to queue
[2023-03-01T12:19:42.505+0100] {logging_mixin.py:137} INFO - [2023-03-01T12:19:42.505+0100] {dagbag.py:538} INFO - Filling up the DagBag from /Users/oanottage/opt/anaconda3/lib/python3.8/site-packages/airflow/example_dags/example_branch_operator_decorator.py
[2023-03-01T12:19:42.570+0100] {processor.py:753} INFO - DAG(s) dict_keys(['example_branch_python_operator_decorator']) retrieved from /Users/oanottage/opt/anaconda3/lib/python3.8/site-packages/airflow/example_dags/example_branch_operator_decorator.py
[2023-03-01T12:19:43.443+0100] {logging_mixin.py:137} INFO - [2023-03-01T12:19:43.443+0100] {dag.py:2690} INFO - Sync 1 DAGs
[2023-03-01T12:19:43.458+0100] {logging_mixin.py:137} INFO - [2023-03-01T12:19:43.457+0100] {dag.py:3437} INFO - Setting next_dagrun for example_branch_python_operator_decorator to 2023-02-28T00:00:00+00:00, run_after=2023-03-01T00:00:00+00:00
[2023-03-01T12:19:43.471+0100] {processor.py:175} INFO - Processing /Users/oanottage/opt/anaconda3/lib/python3.8/site-packages/airflow/example_dags/example_branch_operator_decorator.py took 0.970 seconds
[2023-03-01T12:21:44.921+0100] {processor.py:153} INFO - Started process (PID=95216) to work on /Users/oanottage/opt/anaconda3/lib/python3.8/site-packages/airflow/example_dags/example_branch_operator_decorator.py
[2023-03-01T12:21:44.927+0100] {processor.py:743} INFO - Processing file /Users/oanottage/opt/anaconda3/lib/python3.8/site-packages/airflow/example_dags/example_branch_operator_decorator.py for tasks to queue
[2023-03-01T12:21:44.927+0100] {logging_mixin.py:137} INFO - [2023-03-01T12:21:44.927+0100] {dagbag.py:538} INFO - Filling up the DagBag from /Users/oanottage/opt/anaconda3/lib/python3.8/site-packages/airflow/example_dags/example_branch_operator_decorator.py
[2023-03-01T12:21:45.027+0100] {processor.py:753} INFO - DAG(s) dict_keys(['example_branch_python_operator_decorator']) retrieved from /Users/oanottage/opt/anaconda3/lib/python3.8/site-packages/airflow/example_dags/example_branch_operator_decorator.py
[2023-03-01T12:21:46.058+0100] {logging_mixin.py:137} INFO - [2023-03-01T12:21:46.057+0100] {dag.py:2690} INFO - Sync 1 DAGs
[2023-03-01T12:21:46.077+0100] {logging_mixin.py:137} INFO - [2023-03-01T12:21:46.077+0100] {dag.py:3437} INFO - Setting next_dagrun for example_branch_python_operator_decorator to 2023-02-28T00:00:00+00:00, run_after=2023-03-01T00:00:00+00:00
[2023-03-01T12:21:46.094+0100] {processor.py:175} INFO - Processing /Users/oanottage/opt/anaconda3/lib/python3.8/site-packages/airflow/example_dags/example_branch_operator_decorator.py took 1.174 seconds
[2023-03-01T12:24:17.601+0100] {processor.py:153} INFO - Started process (PID=842) to work on /Users/oanottage/opt/anaconda3/lib/python3.8/site-packages/airflow/example_dags/example_branch_operator_decorator.py
[2023-03-01T12:24:17.606+0100] {processor.py:743} INFO - Processing file /Users/oanottage/opt/anaconda3/lib/python3.8/site-packages/airflow/example_dags/example_branch_operator_decorator.py for tasks to queue
[2023-03-01T12:24:17.606+0100] {logging_mixin.py:137} INFO - [2023-03-01T12:24:17.606+0100] {dagbag.py:538} INFO - Filling up the DagBag from /Users/oanottage/opt/anaconda3/lib/python3.8/site-packages/airflow/example_dags/example_branch_operator_decorator.py
[2023-03-01T12:24:17.683+0100] {processor.py:753} INFO - DAG(s) dict_keys(['example_branch_python_operator_decorator']) retrieved from /Users/oanottage/opt/anaconda3/lib/python3.8/site-packages/airflow/example_dags/example_branch_operator_decorator.py
[2023-03-01T12:24:18.629+0100] {logging_mixin.py:137} INFO - [2023-03-01T12:24:18.629+0100] {dag.py:2690} INFO - Sync 1 DAGs
[2023-03-01T12:24:18.644+0100] {logging_mixin.py:137} INFO - [2023-03-01T12:24:18.644+0100] {dag.py:3437} INFO - Setting next_dagrun for example_branch_python_operator_decorator to 2023-02-28T00:00:00+00:00, run_after=2023-03-01T00:00:00+00:00
[2023-03-01T12:24:18.659+0100] {processor.py:175} INFO - Processing /Users/oanottage/opt/anaconda3/lib/python3.8/site-packages/airflow/example_dags/example_branch_operator_decorator.py took 1.059 seconds
[2023-03-01T12:26:20.532+0100] {processor.py:153} INFO - Started process (PID=5142) to work on /Users/oanottage/opt/anaconda3/lib/python3.8/site-packages/airflow/example_dags/example_branch_operator_decorator.py
[2023-03-01T12:26:20.536+0100] {processor.py:743} INFO - Processing file /Users/oanottage/opt/anaconda3/lib/python3.8/site-packages/airflow/example_dags/example_branch_operator_decorator.py for tasks to queue
[2023-03-01T12:26:20.536+0100] {logging_mixin.py:137} INFO - [2023-03-01T12:26:20.536+0100] {dagbag.py:538} INFO - Filling up the DagBag from /Users/oanottage/opt/anaconda3/lib/python3.8/site-packages/airflow/example_dags/example_branch_operator_decorator.py
[2023-03-01T12:26:20.598+0100] {processor.py:753} INFO - DAG(s) dict_keys(['example_branch_python_operator_decorator']) retrieved from /Users/oanottage/opt/anaconda3/lib/python3.8/site-packages/airflow/example_dags/example_branch_operator_decorator.py
[2023-03-01T12:26:21.450+0100] {logging_mixin.py:137} INFO - [2023-03-01T12:26:21.450+0100] {dag.py:2690} INFO - Sync 1 DAGs
[2023-03-01T12:26:21.465+0100] {logging_mixin.py:137} INFO - [2023-03-01T12:26:21.465+0100] {dag.py:3437} INFO - Setting next_dagrun for example_branch_python_operator_decorator to 2023-02-28T00:00:00+00:00, run_after=2023-03-01T00:00:00+00:00
[2023-03-01T12:26:21.478+0100] {processor.py:175} INFO - Processing /Users/oanottage/opt/anaconda3/lib/python3.8/site-packages/airflow/example_dags/example_branch_operator_decorator.py took 0.947 seconds
[2023-03-01T12:28:14.848+0100] {processor.py:153} INFO - Started process (PID=9361) to work on /Users/oanottage/opt/anaconda3/lib/python3.8/site-packages/airflow/example_dags/example_branch_operator_decorator.py
[2023-03-01T12:28:14.852+0100] {processor.py:743} INFO - Processing file /Users/oanottage/opt/anaconda3/lib/python3.8/site-packages/airflow/example_dags/example_branch_operator_decorator.py for tasks to queue
[2023-03-01T12:28:14.853+0100] {logging_mixin.py:137} INFO - [2023-03-01T12:28:14.853+0100] {dagbag.py:538} INFO - Filling up the DagBag from /Users/oanottage/opt/anaconda3/lib/python3.8/site-packages/airflow/example_dags/example_branch_operator_decorator.py
[2023-03-01T12:28:14.941+0100] {processor.py:753} INFO - DAG(s) dict_keys(['example_branch_python_operator_decorator']) retrieved from /Users/oanottage/opt/anaconda3/lib/python3.8/site-packages/airflow/example_dags/example_branch_operator_decorator.py
[2023-03-01T12:28:15.775+0100] {logging_mixin.py:137} INFO - [2023-03-01T12:28:15.775+0100] {dag.py:2690} INFO - Sync 1 DAGs
[2023-03-01T12:28:15.789+0100] {logging_mixin.py:137} INFO - [2023-03-01T12:28:15.789+0100] {dag.py:3437} INFO - Setting next_dagrun for example_branch_python_operator_decorator to 2023-02-28T00:00:00+00:00, run_after=2023-03-01T00:00:00+00:00
[2023-03-01T12:28:15.803+0100] {processor.py:175} INFO - Processing /Users/oanottage/opt/anaconda3/lib/python3.8/site-packages/airflow/example_dags/example_branch_operator_decorator.py took 0.955 seconds
[2023-03-01T12:30:04.621+0100] {processor.py:153} INFO - Started process (PID=13573) to work on /Users/oanottage/opt/anaconda3/lib/python3.8/site-packages/airflow/example_dags/example_branch_operator_decorator.py
[2023-03-01T12:30:04.625+0100] {processor.py:743} INFO - Processing file /Users/oanottage/opt/anaconda3/lib/python3.8/site-packages/airflow/example_dags/example_branch_operator_decorator.py for tasks to queue
[2023-03-01T12:30:04.625+0100] {logging_mixin.py:137} INFO - [2023-03-01T12:30:04.625+0100] {dagbag.py:538} INFO - Filling up the DagBag from /Users/oanottage/opt/anaconda3/lib/python3.8/site-packages/airflow/example_dags/example_branch_operator_decorator.py
[2023-03-01T12:30:04.692+0100] {processor.py:753} INFO - DAG(s) dict_keys(['example_branch_python_operator_decorator']) retrieved from /Users/oanottage/opt/anaconda3/lib/python3.8/site-packages/airflow/example_dags/example_branch_operator_decorator.py
[2023-03-01T12:30:05.860+0100] {logging_mixin.py:137} INFO - [2023-03-01T12:30:05.860+0100] {dag.py:2690} INFO - Sync 1 DAGs
[2023-03-01T12:30:05.881+0100] {logging_mixin.py:137} INFO - [2023-03-01T12:30:05.881+0100] {dag.py:3437} INFO - Setting next_dagrun for example_branch_python_operator_decorator to 2023-02-28T00:00:00+00:00, run_after=2023-03-01T00:00:00+00:00
[2023-03-01T12:30:05.903+0100] {processor.py:175} INFO - Processing /Users/oanottage/opt/anaconda3/lib/python3.8/site-packages/airflow/example_dags/example_branch_operator_decorator.py took 1.282 seconds
[2023-03-01T12:31:53.412+0100] {processor.py:153} INFO - Started process (PID=16771) to work on /Users/oanottage/opt/anaconda3/lib/python3.8/site-packages/airflow/example_dags/example_branch_operator_decorator.py
[2023-03-01T12:31:53.417+0100] {processor.py:743} INFO - Processing file /Users/oanottage/opt/anaconda3/lib/python3.8/site-packages/airflow/example_dags/example_branch_operator_decorator.py for tasks to queue
[2023-03-01T12:31:53.417+0100] {logging_mixin.py:137} INFO - [2023-03-01T12:31:53.417+0100] {dagbag.py:538} INFO - Filling up the DagBag from /Users/oanottage/opt/anaconda3/lib/python3.8/site-packages/airflow/example_dags/example_branch_operator_decorator.py
[2023-03-01T12:31:53.484+0100] {processor.py:753} INFO - DAG(s) dict_keys(['example_branch_python_operator_decorator']) retrieved from /Users/oanottage/opt/anaconda3/lib/python3.8/site-packages/airflow/example_dags/example_branch_operator_decorator.py
[2023-03-01T12:31:54.322+0100] {logging_mixin.py:137} INFO - [2023-03-01T12:31:54.322+0100] {dag.py:2690} INFO - Sync 1 DAGs
[2023-03-01T12:31:54.337+0100] {logging_mixin.py:137} INFO - [2023-03-01T12:31:54.337+0100] {dag.py:3437} INFO - Setting next_dagrun for example_branch_python_operator_decorator to 2023-02-28T00:00:00+00:00, run_after=2023-03-01T00:00:00+00:00
[2023-03-01T12:31:54.351+0100] {processor.py:175} INFO - Processing /Users/oanottage/opt/anaconda3/lib/python3.8/site-packages/airflow/example_dags/example_branch_operator_decorator.py took 0.939 seconds
[2023-03-01T12:33:42.361+0100] {processor.py:153} INFO - Started process (PID=21059) to work on /Users/oanottage/opt/anaconda3/lib/python3.8/site-packages/airflow/example_dags/example_branch_operator_decorator.py
[2023-03-01T12:33:42.365+0100] {processor.py:743} INFO - Processing file /Users/oanottage/opt/anaconda3/lib/python3.8/site-packages/airflow/example_dags/example_branch_operator_decorator.py for tasks to queue
[2023-03-01T12:33:42.365+0100] {logging_mixin.py:137} INFO - [2023-03-01T12:33:42.365+0100] {dagbag.py:538} INFO - Filling up the DagBag from /Users/oanottage/opt/anaconda3/lib/python3.8/site-packages/airflow/example_dags/example_branch_operator_decorator.py
[2023-03-01T12:33:42.430+0100] {processor.py:753} INFO - DAG(s) dict_keys(['example_branch_python_operator_decorator']) retrieved from /Users/oanottage/opt/anaconda3/lib/python3.8/site-packages/airflow/example_dags/example_branch_operator_decorator.py
[2023-03-01T12:33:43.316+0100] {logging_mixin.py:137} INFO - [2023-03-01T12:33:43.316+0100] {dag.py:2690} INFO - Sync 1 DAGs
[2023-03-01T12:33:43.328+0100] {logging_mixin.py:137} INFO - [2023-03-01T12:33:43.328+0100] {dag.py:3437} INFO - Setting next_dagrun for example_branch_python_operator_decorator to 2023-02-28T00:00:00+00:00, run_after=2023-03-01T00:00:00+00:00
[2023-03-01T12:33:43.344+0100] {processor.py:175} INFO - Processing /Users/oanottage/opt/anaconda3/lib/python3.8/site-packages/airflow/example_dags/example_branch_operator_decorator.py took 0.983 seconds
[2023-03-01T12:35:35.276+0100] {processor.py:153} INFO - Started process (PID=25272) to work on /Users/oanottage/opt/anaconda3/lib/python3.8/site-packages/airflow/example_dags/example_branch_operator_decorator.py
[2023-03-01T12:35:35.281+0100] {processor.py:743} INFO - Processing file /Users/oanottage/opt/anaconda3/lib/python3.8/site-packages/airflow/example_dags/example_branch_operator_decorator.py for tasks to queue
[2023-03-01T12:35:35.282+0100] {logging_mixin.py:137} INFO - [2023-03-01T12:35:35.282+0100] {dagbag.py:538} INFO - Filling up the DagBag from /Users/oanottage/opt/anaconda3/lib/python3.8/site-packages/airflow/example_dags/example_branch_operator_decorator.py
[2023-03-01T12:35:35.350+0100] {processor.py:753} INFO - DAG(s) dict_keys(['example_branch_python_operator_decorator']) retrieved from /Users/oanottage/opt/anaconda3/lib/python3.8/site-packages/airflow/example_dags/example_branch_operator_decorator.py
[2023-03-01T12:35:36.330+0100] {logging_mixin.py:137} INFO - [2023-03-01T12:35:36.330+0100] {dag.py:2690} INFO - Sync 1 DAGs
[2023-03-01T12:35:36.343+0100] {logging_mixin.py:137} INFO - [2023-03-01T12:35:36.343+0100] {dag.py:3437} INFO - Setting next_dagrun for example_branch_python_operator_decorator to 2023-02-28T00:00:00+00:00, run_after=2023-03-01T00:00:00+00:00
[2023-03-01T12:35:36.355+0100] {processor.py:175} INFO - Processing /Users/oanottage/opt/anaconda3/lib/python3.8/site-packages/airflow/example_dags/example_branch_operator_decorator.py took 1.080 seconds
[2023-03-01T12:37:30.724+0100] {processor.py:153} INFO - Started process (PID=29188) to work on /Users/oanottage/opt/anaconda3/lib/python3.8/site-packages/airflow/example_dags/example_branch_operator_decorator.py
[2023-03-01T12:37:30.729+0100] {processor.py:743} INFO - Processing file /Users/oanottage/opt/anaconda3/lib/python3.8/site-packages/airflow/example_dags/example_branch_operator_decorator.py for tasks to queue
[2023-03-01T12:37:30.729+0100] {logging_mixin.py:137} INFO - [2023-03-01T12:37:30.729+0100] {dagbag.py:538} INFO - Filling up the DagBag from /Users/oanottage/opt/anaconda3/lib/python3.8/site-packages/airflow/example_dags/example_branch_operator_decorator.py
[2023-03-01T12:37:30.818+0100] {processor.py:753} INFO - DAG(s) dict_keys(['example_branch_python_operator_decorator']) retrieved from /Users/oanottage/opt/anaconda3/lib/python3.8/site-packages/airflow/example_dags/example_branch_operator_decorator.py
[2023-03-01T12:37:31.659+0100] {logging_mixin.py:137} INFO - [2023-03-01T12:37:31.659+0100] {dag.py:2690} INFO - Sync 1 DAGs
[2023-03-01T12:37:31.672+0100] {logging_mixin.py:137} INFO - [2023-03-01T12:37:31.672+0100] {dag.py:3437} INFO - Setting next_dagrun for example_branch_python_operator_decorator to 2023-02-28T00:00:00+00:00, run_after=2023-03-01T00:00:00+00:00
[2023-03-01T12:37:31.685+0100] {processor.py:175} INFO - Processing /Users/oanottage/opt/anaconda3/lib/python3.8/site-packages/airflow/example_dags/example_branch_operator_decorator.py took 0.961 seconds
[2023-03-01T12:39:26.542+0100] {processor.py:153} INFO - Started process (PID=32713) to work on /Users/oanottage/opt/anaconda3/lib/python3.8/site-packages/airflow/example_dags/example_branch_operator_decorator.py
[2023-03-01T12:39:26.546+0100] {processor.py:743} INFO - Processing file /Users/oanottage/opt/anaconda3/lib/python3.8/site-packages/airflow/example_dags/example_branch_operator_decorator.py for tasks to queue
[2023-03-01T12:39:26.546+0100] {logging_mixin.py:137} INFO - [2023-03-01T12:39:26.546+0100] {dagbag.py:538} INFO - Filling up the DagBag from /Users/oanottage/opt/anaconda3/lib/python3.8/site-packages/airflow/example_dags/example_branch_operator_decorator.py
[2023-03-01T12:39:26.620+0100] {processor.py:753} INFO - DAG(s) dict_keys(['example_branch_python_operator_decorator']) retrieved from /Users/oanottage/opt/anaconda3/lib/python3.8/site-packages/airflow/example_dags/example_branch_operator_decorator.py
[2023-03-01T12:39:27.715+0100] {logging_mixin.py:137} INFO - [2023-03-01T12:39:27.715+0100] {dag.py:2690} INFO - Sync 1 DAGs
[2023-03-01T12:39:27.734+0100] {logging_mixin.py:137} INFO - [2023-03-01T12:39:27.734+0100] {dag.py:3437} INFO - Setting next_dagrun for example_branch_python_operator_decorator to 2023-02-28T00:00:00+00:00, run_after=2023-03-01T00:00:00+00:00
[2023-03-01T12:39:27.753+0100] {processor.py:175} INFO - Processing /Users/oanottage/opt/anaconda3/lib/python3.8/site-packages/airflow/example_dags/example_branch_operator_decorator.py took 1.211 seconds
[2023-03-01T12:41:38.613+0100] {processor.py:153} INFO - Started process (PID=38014) to work on /Users/oanottage/opt/anaconda3/lib/python3.8/site-packages/airflow/example_dags/example_branch_operator_decorator.py
[2023-03-01T12:41:38.616+0100] {processor.py:743} INFO - Processing file /Users/oanottage/opt/anaconda3/lib/python3.8/site-packages/airflow/example_dags/example_branch_operator_decorator.py for tasks to queue
[2023-03-01T12:41:38.616+0100] {logging_mixin.py:137} INFO - [2023-03-01T12:41:38.616+0100] {dagbag.py:538} INFO - Filling up the DagBag from /Users/oanottage/opt/anaconda3/lib/python3.8/site-packages/airflow/example_dags/example_branch_operator_decorator.py
[2023-03-01T12:41:38.688+0100] {processor.py:753} INFO - DAG(s) dict_keys(['example_branch_python_operator_decorator']) retrieved from /Users/oanottage/opt/anaconda3/lib/python3.8/site-packages/airflow/example_dags/example_branch_operator_decorator.py
[2023-03-01T12:41:39.595+0100] {logging_mixin.py:137} INFO - [2023-03-01T12:41:39.594+0100] {dag.py:2690} INFO - Sync 1 DAGs
[2023-03-01T12:41:39.611+0100] {logging_mixin.py:137} INFO - [2023-03-01T12:41:39.611+0100] {dag.py:3437} INFO - Setting next_dagrun for example_branch_python_operator_decorator to 2023-02-28T00:00:00+00:00, run_after=2023-03-01T00:00:00+00:00
[2023-03-01T12:41:39.625+0100] {processor.py:175} INFO - Processing /Users/oanottage/opt/anaconda3/lib/python3.8/site-packages/airflow/example_dags/example_branch_operator_decorator.py took 1.013 seconds
[2023-03-01T12:43:44.650+0100] {processor.py:153} INFO - Started process (PID=42262) to work on /Users/oanottage/opt/anaconda3/lib/python3.8/site-packages/airflow/example_dags/example_branch_operator_decorator.py
[2023-03-01T12:43:44.655+0100] {processor.py:743} INFO - Processing file /Users/oanottage/opt/anaconda3/lib/python3.8/site-packages/airflow/example_dags/example_branch_operator_decorator.py for tasks to queue
[2023-03-01T12:43:44.656+0100] {logging_mixin.py:137} INFO - [2023-03-01T12:43:44.656+0100] {dagbag.py:538} INFO - Filling up the DagBag from /Users/oanottage/opt/anaconda3/lib/python3.8/site-packages/airflow/example_dags/example_branch_operator_decorator.py
[2023-03-01T12:43:44.794+0100] {processor.py:753} INFO - DAG(s) dict_keys(['example_branch_python_operator_decorator']) retrieved from /Users/oanottage/opt/anaconda3/lib/python3.8/site-packages/airflow/example_dags/example_branch_operator_decorator.py
[2023-03-01T12:43:46.678+0100] {logging_mixin.py:137} INFO - [2023-03-01T12:43:46.677+0100] {dag.py:2690} INFO - Sync 1 DAGs
[2023-03-01T12:43:46.715+0100] {logging_mixin.py:137} INFO - [2023-03-01T12:43:46.715+0100] {dag.py:3437} INFO - Setting next_dagrun for example_branch_python_operator_decorator to 2023-02-28T00:00:00+00:00, run_after=2023-03-01T00:00:00+00:00
[2023-03-01T12:43:46.747+0100] {processor.py:175} INFO - Processing /Users/oanottage/opt/anaconda3/lib/python3.8/site-packages/airflow/example_dags/example_branch_operator_decorator.py took 2.098 seconds
[2023-03-01T12:45:55.264+0100] {processor.py:153} INFO - Started process (PID=46538) to work on /Users/oanottage/opt/anaconda3/lib/python3.8/site-packages/airflow/example_dags/example_branch_operator_decorator.py
[2023-03-01T12:45:55.283+0100] {processor.py:743} INFO - Processing file /Users/oanottage/opt/anaconda3/lib/python3.8/site-packages/airflow/example_dags/example_branch_operator_decorator.py for tasks to queue
[2023-03-01T12:45:55.284+0100] {logging_mixin.py:137} INFO - [2023-03-01T12:45:55.283+0100] {dagbag.py:538} INFO - Filling up the DagBag from /Users/oanottage/opt/anaconda3/lib/python3.8/site-packages/airflow/example_dags/example_branch_operator_decorator.py
[2023-03-01T12:45:55.366+0100] {processor.py:753} INFO - DAG(s) dict_keys(['example_branch_python_operator_decorator']) retrieved from /Users/oanottage/opt/anaconda3/lib/python3.8/site-packages/airflow/example_dags/example_branch_operator_decorator.py
[2023-03-01T12:45:56.658+0100] {logging_mixin.py:137} INFO - [2023-03-01T12:45:56.658+0100] {dag.py:2690} INFO - Sync 1 DAGs
[2023-03-01T12:45:56.680+0100] {logging_mixin.py:137} INFO - [2023-03-01T12:45:56.680+0100] {dag.py:3437} INFO - Setting next_dagrun for example_branch_python_operator_decorator to 2023-02-28T00:00:00+00:00, run_after=2023-03-01T00:00:00+00:00
[2023-03-01T12:45:56.699+0100] {processor.py:175} INFO - Processing /Users/oanottage/opt/anaconda3/lib/python3.8/site-packages/airflow/example_dags/example_branch_operator_decorator.py took 1.435 seconds
[2023-03-01T12:47:59.651+0100] {processor.py:153} INFO - Started process (PID=51368) to work on /Users/oanottage/opt/anaconda3/lib/python3.8/site-packages/airflow/example_dags/example_branch_operator_decorator.py
[2023-03-01T12:47:59.656+0100] {processor.py:743} INFO - Processing file /Users/oanottage/opt/anaconda3/lib/python3.8/site-packages/airflow/example_dags/example_branch_operator_decorator.py for tasks to queue
[2023-03-01T12:47:59.656+0100] {logging_mixin.py:137} INFO - [2023-03-01T12:47:59.656+0100] {dagbag.py:538} INFO - Filling up the DagBag from /Users/oanottage/opt/anaconda3/lib/python3.8/site-packages/airflow/example_dags/example_branch_operator_decorator.py
[2023-03-01T12:47:59.806+0100] {processor.py:753} INFO - DAG(s) dict_keys(['example_branch_python_operator_decorator']) retrieved from /Users/oanottage/opt/anaconda3/lib/python3.8/site-packages/airflow/example_dags/example_branch_operator_decorator.py
[2023-03-01T12:48:01.049+0100] {logging_mixin.py:137} INFO - [2023-03-01T12:48:01.048+0100] {dag.py:2690} INFO - Sync 1 DAGs
[2023-03-01T12:48:01.069+0100] {logging_mixin.py:137} INFO - [2023-03-01T12:48:01.068+0100] {dag.py:3437} INFO - Setting next_dagrun for example_branch_python_operator_decorator to 2023-02-28T00:00:00+00:00, run_after=2023-03-01T00:00:00+00:00
[2023-03-01T12:48:01.087+0100] {processor.py:175} INFO - Processing /Users/oanottage/opt/anaconda3/lib/python3.8/site-packages/airflow/example_dags/example_branch_operator_decorator.py took 1.436 seconds
[2023-03-01T12:50:06.166+0100] {processor.py:153} INFO - Started process (PID=56204) to work on /Users/oanottage/opt/anaconda3/lib/python3.8/site-packages/airflow/example_dags/example_branch_operator_decorator.py
[2023-03-01T12:50:06.170+0100] {processor.py:743} INFO - Processing file /Users/oanottage/opt/anaconda3/lib/python3.8/site-packages/airflow/example_dags/example_branch_operator_decorator.py for tasks to queue
[2023-03-01T12:50:06.171+0100] {logging_mixin.py:137} INFO - [2023-03-01T12:50:06.171+0100] {dagbag.py:538} INFO - Filling up the DagBag from /Users/oanottage/opt/anaconda3/lib/python3.8/site-packages/airflow/example_dags/example_branch_operator_decorator.py
[2023-03-01T12:50:06.239+0100] {processor.py:753} INFO - DAG(s) dict_keys(['example_branch_python_operator_decorator']) retrieved from /Users/oanottage/opt/anaconda3/lib/python3.8/site-packages/airflow/example_dags/example_branch_operator_decorator.py
[2023-03-01T12:50:07.096+0100] {logging_mixin.py:137} INFO - [2023-03-01T12:50:07.095+0100] {dag.py:2690} INFO - Sync 1 DAGs
[2023-03-01T12:50:07.113+0100] {logging_mixin.py:137} INFO - [2023-03-01T12:50:07.113+0100] {dag.py:3437} INFO - Setting next_dagrun for example_branch_python_operator_decorator to 2023-02-28T00:00:00+00:00, run_after=2023-03-01T00:00:00+00:00
[2023-03-01T12:50:07.129+0100] {processor.py:175} INFO - Processing /Users/oanottage/opt/anaconda3/lib/python3.8/site-packages/airflow/example_dags/example_branch_operator_decorator.py took 0.964 seconds
[2023-03-01T12:52:02.670+0100] {processor.py:153} INFO - Started process (PID=60462) to work on /Users/oanottage/opt/anaconda3/lib/python3.8/site-packages/airflow/example_dags/example_branch_operator_decorator.py
[2023-03-01T12:52:02.674+0100] {processor.py:743} INFO - Processing file /Users/oanottage/opt/anaconda3/lib/python3.8/site-packages/airflow/example_dags/example_branch_operator_decorator.py for tasks to queue
[2023-03-01T12:52:02.674+0100] {logging_mixin.py:137} INFO - [2023-03-01T12:52:02.674+0100] {dagbag.py:538} INFO - Filling up the DagBag from /Users/oanottage/opt/anaconda3/lib/python3.8/site-packages/airflow/example_dags/example_branch_operator_decorator.py
[2023-03-01T12:52:02.767+0100] {processor.py:753} INFO - DAG(s) dict_keys(['example_branch_python_operator_decorator']) retrieved from /Users/oanottage/opt/anaconda3/lib/python3.8/site-packages/airflow/example_dags/example_branch_operator_decorator.py
[2023-03-01T12:52:03.609+0100] {logging_mixin.py:137} INFO - [2023-03-01T12:52:03.609+0100] {dag.py:2690} INFO - Sync 1 DAGs
[2023-03-01T12:52:03.621+0100] {logging_mixin.py:137} INFO - [2023-03-01T12:52:03.621+0100] {dag.py:3437} INFO - Setting next_dagrun for example_branch_python_operator_decorator to 2023-02-28T00:00:00+00:00, run_after=2023-03-01T00:00:00+00:00
[2023-03-01T12:52:03.637+0100] {processor.py:175} INFO - Processing /Users/oanottage/opt/anaconda3/lib/python3.8/site-packages/airflow/example_dags/example_branch_operator_decorator.py took 0.967 seconds
[2023-03-01T12:54:09.183+0100] {processor.py:153} INFO - Started process (PID=64770) to work on /Users/oanottage/opt/anaconda3/lib/python3.8/site-packages/airflow/example_dags/example_branch_operator_decorator.py
[2023-03-01T12:54:09.187+0100] {processor.py:743} INFO - Processing file /Users/oanottage/opt/anaconda3/lib/python3.8/site-packages/airflow/example_dags/example_branch_operator_decorator.py for tasks to queue
[2023-03-01T12:54:09.188+0100] {logging_mixin.py:137} INFO - [2023-03-01T12:54:09.188+0100] {dagbag.py:538} INFO - Filling up the DagBag from /Users/oanottage/opt/anaconda3/lib/python3.8/site-packages/airflow/example_dags/example_branch_operator_decorator.py
[2023-03-01T12:54:09.258+0100] {processor.py:753} INFO - DAG(s) dict_keys(['example_branch_python_operator_decorator']) retrieved from /Users/oanottage/opt/anaconda3/lib/python3.8/site-packages/airflow/example_dags/example_branch_operator_decorator.py
[2023-03-01T12:54:10.145+0100] {logging_mixin.py:137} INFO - [2023-03-01T12:54:10.144+0100] {dag.py:2690} INFO - Sync 1 DAGs
[2023-03-01T12:54:10.158+0100] {logging_mixin.py:137} INFO - [2023-03-01T12:54:10.158+0100] {dag.py:3437} INFO - Setting next_dagrun for example_branch_python_operator_decorator to 2023-02-28T00:00:00+00:00, run_after=2023-03-01T00:00:00+00:00
[2023-03-01T12:54:10.171+0100] {processor.py:175} INFO - Processing /Users/oanottage/opt/anaconda3/lib/python3.8/site-packages/airflow/example_dags/example_branch_operator_decorator.py took 0.989 seconds
[2023-03-01T12:56:03.533+0100] {processor.py:153} INFO - Started process (PID=69019) to work on /Users/oanottage/opt/anaconda3/lib/python3.8/site-packages/airflow/example_dags/example_branch_operator_decorator.py
[2023-03-01T12:56:03.537+0100] {processor.py:743} INFO - Processing file /Users/oanottage/opt/anaconda3/lib/python3.8/site-packages/airflow/example_dags/example_branch_operator_decorator.py for tasks to queue
[2023-03-01T12:56:03.537+0100] {logging_mixin.py:137} INFO - [2023-03-01T12:56:03.537+0100] {dagbag.py:538} INFO - Filling up the DagBag from /Users/oanottage/opt/anaconda3/lib/python3.8/site-packages/airflow/example_dags/example_branch_operator_decorator.py
[2023-03-01T12:56:03.603+0100] {processor.py:753} INFO - DAG(s) dict_keys(['example_branch_python_operator_decorator']) retrieved from /Users/oanottage/opt/anaconda3/lib/python3.8/site-packages/airflow/example_dags/example_branch_operator_decorator.py
[2023-03-01T12:56:04.513+0100] {logging_mixin.py:137} INFO - [2023-03-01T12:56:04.512+0100] {dag.py:2690} INFO - Sync 1 DAGs
[2023-03-01T12:56:04.527+0100] {logging_mixin.py:137} INFO - [2023-03-01T12:56:04.527+0100] {dag.py:3437} INFO - Setting next_dagrun for example_branch_python_operator_decorator to 2023-02-28T00:00:00+00:00, run_after=2023-03-01T00:00:00+00:00
[2023-03-01T12:56:04.542+0100] {processor.py:175} INFO - Processing /Users/oanottage/opt/anaconda3/lib/python3.8/site-packages/airflow/example_dags/example_branch_operator_decorator.py took 1.010 seconds
[2023-03-01T12:57:53.073+0100] {processor.py:153} INFO - Started process (PID=72255) to work on /Users/oanottage/opt/anaconda3/lib/python3.8/site-packages/airflow/example_dags/example_branch_operator_decorator.py
[2023-03-01T12:57:53.078+0100] {processor.py:743} INFO - Processing file /Users/oanottage/opt/anaconda3/lib/python3.8/site-packages/airflow/example_dags/example_branch_operator_decorator.py for tasks to queue
[2023-03-01T12:57:53.078+0100] {logging_mixin.py:137} INFO - [2023-03-01T12:57:53.078+0100] {dagbag.py:538} INFO - Filling up the DagBag from /Users/oanottage/opt/anaconda3/lib/python3.8/site-packages/airflow/example_dags/example_branch_operator_decorator.py
[2023-03-01T12:57:53.141+0100] {processor.py:753} INFO - DAG(s) dict_keys(['example_branch_python_operator_decorator']) retrieved from /Users/oanottage/opt/anaconda3/lib/python3.8/site-packages/airflow/example_dags/example_branch_operator_decorator.py
[2023-03-01T12:57:53.964+0100] {logging_mixin.py:137} INFO - [2023-03-01T12:57:53.963+0100] {dag.py:2690} INFO - Sync 1 DAGs
[2023-03-01T12:57:53.985+0100] {logging_mixin.py:137} INFO - [2023-03-01T12:57:53.985+0100] {dag.py:3437} INFO - Setting next_dagrun for example_branch_python_operator_decorator to 2023-02-28T00:00:00+00:00, run_after=2023-03-01T00:00:00+00:00
[2023-03-01T12:57:54.001+0100] {processor.py:175} INFO - Processing /Users/oanottage/opt/anaconda3/lib/python3.8/site-packages/airflow/example_dags/example_branch_operator_decorator.py took 0.929 seconds
[2023-03-01T12:59:53.428+0100] {processor.py:153} INFO - Started process (PID=76542) to work on /Users/oanottage/opt/anaconda3/lib/python3.8/site-packages/airflow/example_dags/example_branch_operator_decorator.py
[2023-03-01T12:59:53.433+0100] {processor.py:743} INFO - Processing file /Users/oanottage/opt/anaconda3/lib/python3.8/site-packages/airflow/example_dags/example_branch_operator_decorator.py for tasks to queue
[2023-03-01T12:59:53.433+0100] {logging_mixin.py:137} INFO - [2023-03-01T12:59:53.433+0100] {dagbag.py:538} INFO - Filling up the DagBag from /Users/oanottage/opt/anaconda3/lib/python3.8/site-packages/airflow/example_dags/example_branch_operator_decorator.py
[2023-03-01T12:59:53.501+0100] {processor.py:753} INFO - DAG(s) dict_keys(['example_branch_python_operator_decorator']) retrieved from /Users/oanottage/opt/anaconda3/lib/python3.8/site-packages/airflow/example_dags/example_branch_operator_decorator.py
[2023-03-01T12:59:54.405+0100] {logging_mixin.py:137} INFO - [2023-03-01T12:59:54.405+0100] {dag.py:2690} INFO - Sync 1 DAGs
[2023-03-01T12:59:54.419+0100] {logging_mixin.py:137} INFO - [2023-03-01T12:59:54.419+0100] {dag.py:3437} INFO - Setting next_dagrun for example_branch_python_operator_decorator to 2023-02-28T00:00:00+00:00, run_after=2023-03-01T00:00:00+00:00
[2023-03-01T12:59:54.433+0100] {processor.py:175} INFO - Processing /Users/oanottage/opt/anaconda3/lib/python3.8/site-packages/airflow/example_dags/example_branch_operator_decorator.py took 1.005 seconds
