[2023-03-01T12:04:21.655+0100] {processor.py:153} INFO - Started process (PID=58333) to work on /Users/oanottage/opt/anaconda3/lib/python3.8/site-packages/airflow/example_dags/example_bash_operator.py
[2023-03-01T12:04:21.659+0100] {processor.py:743} INFO - Processing file /Users/oanottage/opt/anaconda3/lib/python3.8/site-packages/airflow/example_dags/example_bash_operator.py for tasks to queue
[2023-03-01T12:04:21.660+0100] {logging_mixin.py:137} INFO - [2023-03-01T12:04:21.660+0100] {dagbag.py:538} INFO - Filling up the DagBag from /Users/oanottage/opt/anaconda3/lib/python3.8/site-packages/airflow/example_dags/example_bash_operator.py
[2023-03-01T12:04:21.786+0100] {processor.py:753} INFO - DAG(s) dict_keys(['example_bash_operator']) retrieved from /Users/oanottage/opt/anaconda3/lib/python3.8/site-packages/airflow/example_dags/example_bash_operator.py
[2023-03-01T12:04:22.803+0100] {logging_mixin.py:137} INFO - [2023-03-01T12:04:22.803+0100] {manager.py:504} INFO - Created Permission View: can edit on DAG:example_bash_operator
[2023-03-01T12:04:22.809+0100] {logging_mixin.py:137} INFO - [2023-03-01T12:04:22.809+0100] {manager.py:504} INFO - Created Permission View: can delete on DAG:example_bash_operator
[2023-03-01T12:04:22.813+0100] {logging_mixin.py:137} INFO - [2023-03-01T12:04:22.813+0100] {manager.py:504} INFO - Created Permission View: can read on DAG:example_bash_operator
[2023-03-01T12:04:22.814+0100] {logging_mixin.py:137} INFO - [2023-03-01T12:04:22.814+0100] {dag.py:2690} INFO - Sync 1 DAGs
[2023-03-01T12:04:22.822+0100] {logging_mixin.py:137} INFO - [2023-03-01T12:04:22.821+0100] {dag.py:2711} INFO - Creating ORM DAG for example_bash_operator
[2023-03-01T12:04:22.830+0100] {logging_mixin.py:137} INFO - [2023-03-01T12:04:22.829+0100] {dag.py:3437} INFO - Setting next_dagrun for example_bash_operator to 2023-02-28T00:00:00+00:00, run_after=2023-03-01T00:00:00+00:00
[2023-03-01T12:04:22.843+0100] {processor.py:175} INFO - Processing /Users/oanottage/opt/anaconda3/lib/python3.8/site-packages/airflow/example_dags/example_bash_operator.py took 1.188 seconds
[2023-03-01T12:06:18.379+0100] {processor.py:153} INFO - Started process (PID=62516) to work on /Users/oanottage/opt/anaconda3/lib/python3.8/site-packages/airflow/example_dags/example_bash_operator.py
[2023-03-01T12:06:18.382+0100] {processor.py:743} INFO - Processing file /Users/oanottage/opt/anaconda3/lib/python3.8/site-packages/airflow/example_dags/example_bash_operator.py for tasks to queue
[2023-03-01T12:06:18.382+0100] {logging_mixin.py:137} INFO - [2023-03-01T12:06:18.382+0100] {dagbag.py:538} INFO - Filling up the DagBag from /Users/oanottage/opt/anaconda3/lib/python3.8/site-packages/airflow/example_dags/example_bash_operator.py
[2023-03-01T12:06:18.452+0100] {processor.py:753} INFO - DAG(s) dict_keys(['example_bash_operator']) retrieved from /Users/oanottage/opt/anaconda3/lib/python3.8/site-packages/airflow/example_dags/example_bash_operator.py
[2023-03-01T12:06:19.302+0100] {logging_mixin.py:137} INFO - [2023-03-01T12:06:19.302+0100] {dag.py:2690} INFO - Sync 1 DAGs
[2023-03-01T12:06:19.315+0100] {logging_mixin.py:137} INFO - [2023-03-01T12:06:19.315+0100] {dag.py:3437} INFO - Setting next_dagrun for example_bash_operator to 2023-02-28T00:00:00+00:00, run_after=2023-03-01T00:00:00+00:00
[2023-03-01T12:06:19.328+0100] {processor.py:175} INFO - Processing /Users/oanottage/opt/anaconda3/lib/python3.8/site-packages/airflow/example_dags/example_bash_operator.py took 0.949 seconds
[2023-03-01T12:08:09.685+0100] {processor.py:153} INFO - Started process (PID=66703) to work on /Users/oanottage/opt/anaconda3/lib/python3.8/site-packages/airflow/example_dags/example_bash_operator.py
[2023-03-01T12:08:09.689+0100] {processor.py:743} INFO - Processing file /Users/oanottage/opt/anaconda3/lib/python3.8/site-packages/airflow/example_dags/example_bash_operator.py for tasks to queue
[2023-03-01T12:08:09.689+0100] {logging_mixin.py:137} INFO - [2023-03-01T12:08:09.689+0100] {dagbag.py:538} INFO - Filling up the DagBag from /Users/oanottage/opt/anaconda3/lib/python3.8/site-packages/airflow/example_dags/example_bash_operator.py
[2023-03-01T12:08:09.759+0100] {processor.py:753} INFO - DAG(s) dict_keys(['example_bash_operator']) retrieved from /Users/oanottage/opt/anaconda3/lib/python3.8/site-packages/airflow/example_dags/example_bash_operator.py
[2023-03-01T12:08:10.593+0100] {logging_mixin.py:137} INFO - [2023-03-01T12:08:10.593+0100] {dag.py:2690} INFO - Sync 1 DAGs
[2023-03-01T12:08:10.606+0100] {logging_mixin.py:137} INFO - [2023-03-01T12:08:10.606+0100] {dag.py:3437} INFO - Setting next_dagrun for example_bash_operator to 2023-02-28T00:00:00+00:00, run_after=2023-03-01T00:00:00+00:00
[2023-03-01T12:08:10.617+0100] {processor.py:175} INFO - Processing /Users/oanottage/opt/anaconda3/lib/python3.8/site-packages/airflow/example_dags/example_bash_operator.py took 0.932 seconds
[2023-03-01T12:10:05.188+0100] {processor.py:153} INFO - Started process (PID=70897) to work on /Users/oanottage/opt/anaconda3/lib/python3.8/site-packages/airflow/example_dags/example_bash_operator.py
[2023-03-01T12:10:05.193+0100] {processor.py:743} INFO - Processing file /Users/oanottage/opt/anaconda3/lib/python3.8/site-packages/airflow/example_dags/example_bash_operator.py for tasks to queue
[2023-03-01T12:10:05.193+0100] {logging_mixin.py:137} INFO - [2023-03-01T12:10:05.193+0100] {dagbag.py:538} INFO - Filling up the DagBag from /Users/oanottage/opt/anaconda3/lib/python3.8/site-packages/airflow/example_dags/example_bash_operator.py
[2023-03-01T12:10:05.264+0100] {processor.py:753} INFO - DAG(s) dict_keys(['example_bash_operator']) retrieved from /Users/oanottage/opt/anaconda3/lib/python3.8/site-packages/airflow/example_dags/example_bash_operator.py
[2023-03-01T12:10:06.104+0100] {logging_mixin.py:137} INFO - [2023-03-01T12:10:06.104+0100] {dag.py:2690} INFO - Sync 1 DAGs
[2023-03-01T12:10:06.122+0100] {logging_mixin.py:137} INFO - [2023-03-01T12:10:06.122+0100] {dag.py:3437} INFO - Setting next_dagrun for example_bash_operator to 2023-02-28T00:00:00+00:00, run_after=2023-03-01T00:00:00+00:00
[2023-03-01T12:10:06.137+0100] {processor.py:175} INFO - Processing /Users/oanottage/opt/anaconda3/lib/python3.8/site-packages/airflow/example_dags/example_bash_operator.py took 0.949 seconds
[2023-03-01T12:12:12.333+0100] {processor.py:153} INFO - Started process (PID=75182) to work on /Users/oanottage/opt/anaconda3/lib/python3.8/site-packages/airflow/example_dags/example_bash_operator.py
[2023-03-01T12:12:12.337+0100] {processor.py:743} INFO - Processing file /Users/oanottage/opt/anaconda3/lib/python3.8/site-packages/airflow/example_dags/example_bash_operator.py for tasks to queue
[2023-03-01T12:12:12.337+0100] {logging_mixin.py:137} INFO - [2023-03-01T12:12:12.337+0100] {dagbag.py:538} INFO - Filling up the DagBag from /Users/oanottage/opt/anaconda3/lib/python3.8/site-packages/airflow/example_dags/example_bash_operator.py
[2023-03-01T12:12:12.415+0100] {processor.py:753} INFO - DAG(s) dict_keys(['example_bash_operator']) retrieved from /Users/oanottage/opt/anaconda3/lib/python3.8/site-packages/airflow/example_dags/example_bash_operator.py
[2023-03-01T12:12:13.508+0100] {logging_mixin.py:137} INFO - [2023-03-01T12:12:13.508+0100] {dag.py:2690} INFO - Sync 1 DAGs
[2023-03-01T12:12:13.523+0100] {logging_mixin.py:137} INFO - [2023-03-01T12:12:13.523+0100] {dag.py:3437} INFO - Setting next_dagrun for example_bash_operator to 2023-02-28T00:00:00+00:00, run_after=2023-03-01T00:00:00+00:00
[2023-03-01T12:12:13.537+0100] {processor.py:175} INFO - Processing /Users/oanottage/opt/anaconda3/lib/python3.8/site-packages/airflow/example_dags/example_bash_operator.py took 1.205 seconds
[2023-03-01T12:14:05.920+0100] {processor.py:153} INFO - Started process (PID=79410) to work on /Users/oanottage/opt/anaconda3/lib/python3.8/site-packages/airflow/example_dags/example_bash_operator.py
[2023-03-01T12:14:05.924+0100] {processor.py:743} INFO - Processing file /Users/oanottage/opt/anaconda3/lib/python3.8/site-packages/airflow/example_dags/example_bash_operator.py for tasks to queue
[2023-03-01T12:14:05.924+0100] {logging_mixin.py:137} INFO - [2023-03-01T12:14:05.924+0100] {dagbag.py:538} INFO - Filling up the DagBag from /Users/oanottage/opt/anaconda3/lib/python3.8/site-packages/airflow/example_dags/example_bash_operator.py
[2023-03-01T12:14:06.008+0100] {processor.py:753} INFO - DAG(s) dict_keys(['example_bash_operator']) retrieved from /Users/oanottage/opt/anaconda3/lib/python3.8/site-packages/airflow/example_dags/example_bash_operator.py
[2023-03-01T12:14:06.902+0100] {logging_mixin.py:137} INFO - [2023-03-01T12:14:06.901+0100] {dag.py:2690} INFO - Sync 1 DAGs
[2023-03-01T12:14:06.924+0100] {logging_mixin.py:137} INFO - [2023-03-01T12:14:06.923+0100] {dag.py:3437} INFO - Setting next_dagrun for example_bash_operator to 2023-02-28T00:00:00+00:00, run_after=2023-03-01T00:00:00+00:00
[2023-03-01T12:14:06.945+0100] {processor.py:175} INFO - Processing /Users/oanottage/opt/anaconda3/lib/python3.8/site-packages/airflow/example_dags/example_bash_operator.py took 1.026 seconds
[2023-03-01T12:16:00.914+0100] {processor.py:153} INFO - Started process (PID=83098) to work on /Users/oanottage/opt/anaconda3/lib/python3.8/site-packages/airflow/example_dags/example_bash_operator.py
[2023-03-01T12:16:00.919+0100] {processor.py:743} INFO - Processing file /Users/oanottage/opt/anaconda3/lib/python3.8/site-packages/airflow/example_dags/example_bash_operator.py for tasks to queue
[2023-03-01T12:16:00.920+0100] {logging_mixin.py:137} INFO - [2023-03-01T12:16:00.920+0100] {dagbag.py:538} INFO - Filling up the DagBag from /Users/oanottage/opt/anaconda3/lib/python3.8/site-packages/airflow/example_dags/example_bash_operator.py
[2023-03-01T12:16:01.013+0100] {processor.py:753} INFO - DAG(s) dict_keys(['example_bash_operator']) retrieved from /Users/oanottage/opt/anaconda3/lib/python3.8/site-packages/airflow/example_dags/example_bash_operator.py
[2023-03-01T12:16:01.899+0100] {logging_mixin.py:137} INFO - [2023-03-01T12:16:01.898+0100] {dag.py:2690} INFO - Sync 1 DAGs
[2023-03-01T12:16:01.913+0100] {logging_mixin.py:137} INFO - [2023-03-01T12:16:01.913+0100] {dag.py:3437} INFO - Setting next_dagrun for example_bash_operator to 2023-02-28T00:00:00+00:00, run_after=2023-03-01T00:00:00+00:00
[2023-03-01T12:16:01.926+0100] {processor.py:175} INFO - Processing /Users/oanottage/opt/anaconda3/lib/python3.8/site-packages/airflow/example_dags/example_bash_operator.py took 1.013 seconds
[2023-03-01T12:18:03.771+0100] {processor.py:153} INFO - Started process (PID=87777) to work on /Users/oanottage/opt/anaconda3/lib/python3.8/site-packages/airflow/example_dags/example_bash_operator.py
[2023-03-01T12:18:03.774+0100] {processor.py:743} INFO - Processing file /Users/oanottage/opt/anaconda3/lib/python3.8/site-packages/airflow/example_dags/example_bash_operator.py for tasks to queue
[2023-03-01T12:18:03.775+0100] {logging_mixin.py:137} INFO - [2023-03-01T12:18:03.775+0100] {dagbag.py:538} INFO - Filling up the DagBag from /Users/oanottage/opt/anaconda3/lib/python3.8/site-packages/airflow/example_dags/example_bash_operator.py
[2023-03-01T12:18:03.844+0100] {processor.py:753} INFO - DAG(s) dict_keys(['example_bash_operator']) retrieved from /Users/oanottage/opt/anaconda3/lib/python3.8/site-packages/airflow/example_dags/example_bash_operator.py
[2023-03-01T12:18:04.705+0100] {logging_mixin.py:137} INFO - [2023-03-01T12:18:04.705+0100] {dag.py:2690} INFO - Sync 1 DAGs
[2023-03-01T12:18:04.725+0100] {logging_mixin.py:137} INFO - [2023-03-01T12:18:04.725+0100] {dag.py:3437} INFO - Setting next_dagrun for example_bash_operator to 2023-02-28T00:00:00+00:00, run_after=2023-03-01T00:00:00+00:00
[2023-03-01T12:18:04.745+0100] {processor.py:175} INFO - Processing /Users/oanottage/opt/anaconda3/lib/python3.8/site-packages/airflow/example_dags/example_bash_operator.py took 0.975 seconds
[2023-03-01T12:19:55.566+0100] {processor.py:153} INFO - Started process (PID=90972) to work on /Users/oanottage/opt/anaconda3/lib/python3.8/site-packages/airflow/example_dags/example_bash_operator.py
[2023-03-01T12:19:55.569+0100] {processor.py:743} INFO - Processing file /Users/oanottage/opt/anaconda3/lib/python3.8/site-packages/airflow/example_dags/example_bash_operator.py for tasks to queue
[2023-03-01T12:19:55.570+0100] {logging_mixin.py:137} INFO - [2023-03-01T12:19:55.570+0100] {dagbag.py:538} INFO - Filling up the DagBag from /Users/oanottage/opt/anaconda3/lib/python3.8/site-packages/airflow/example_dags/example_bash_operator.py
[2023-03-01T12:19:55.645+0100] {processor.py:753} INFO - DAG(s) dict_keys(['example_bash_operator']) retrieved from /Users/oanottage/opt/anaconda3/lib/python3.8/site-packages/airflow/example_dags/example_bash_operator.py
[2023-03-01T12:19:56.545+0100] {logging_mixin.py:137} INFO - [2023-03-01T12:19:56.545+0100] {dag.py:2690} INFO - Sync 1 DAGs
[2023-03-01T12:19:56.560+0100] {logging_mixin.py:137} INFO - [2023-03-01T12:19:56.560+0100] {dag.py:3437} INFO - Setting next_dagrun for example_bash_operator to 2023-02-28T00:00:00+00:00, run_after=2023-03-01T00:00:00+00:00
[2023-03-01T12:19:56.574+0100] {processor.py:175} INFO - Processing /Users/oanottage/opt/anaconda3/lib/python3.8/site-packages/airflow/example_dags/example_bash_operator.py took 1.008 seconds
[2023-03-01T12:22:02.704+0100] {processor.py:153} INFO - Started process (PID=96127) to work on /Users/oanottage/opt/anaconda3/lib/python3.8/site-packages/airflow/example_dags/example_bash_operator.py
[2023-03-01T12:22:02.708+0100] {processor.py:743} INFO - Processing file /Users/oanottage/opt/anaconda3/lib/python3.8/site-packages/airflow/example_dags/example_bash_operator.py for tasks to queue
[2023-03-01T12:22:02.708+0100] {logging_mixin.py:137} INFO - [2023-03-01T12:22:02.708+0100] {dagbag.py:538} INFO - Filling up the DagBag from /Users/oanottage/opt/anaconda3/lib/python3.8/site-packages/airflow/example_dags/example_bash_operator.py
[2023-03-01T12:22:02.809+0100] {processor.py:753} INFO - DAG(s) dict_keys(['example_bash_operator']) retrieved from /Users/oanottage/opt/anaconda3/lib/python3.8/site-packages/airflow/example_dags/example_bash_operator.py
[2023-03-01T12:22:03.834+0100] {logging_mixin.py:137} INFO - [2023-03-01T12:22:03.834+0100] {dag.py:2690} INFO - Sync 1 DAGs
[2023-03-01T12:22:03.849+0100] {logging_mixin.py:137} INFO - [2023-03-01T12:22:03.849+0100] {dag.py:3437} INFO - Setting next_dagrun for example_bash_operator to 2023-02-28T00:00:00+00:00, run_after=2023-03-01T00:00:00+00:00
[2023-03-01T12:22:03.863+0100] {processor.py:175} INFO - Processing /Users/oanottage/opt/anaconda3/lib/python3.8/site-packages/airflow/example_dags/example_bash_operator.py took 1.160 seconds
[2023-03-01T12:24:32.804+0100] {processor.py:153} INFO - Started process (PID=1940) to work on /Users/oanottage/opt/anaconda3/lib/python3.8/site-packages/airflow/example_dags/example_bash_operator.py
[2023-03-01T12:24:32.808+0100] {processor.py:743} INFO - Processing file /Users/oanottage/opt/anaconda3/lib/python3.8/site-packages/airflow/example_dags/example_bash_operator.py for tasks to queue
[2023-03-01T12:24:32.808+0100] {logging_mixin.py:137} INFO - [2023-03-01T12:24:32.808+0100] {dagbag.py:538} INFO - Filling up the DagBag from /Users/oanottage/opt/anaconda3/lib/python3.8/site-packages/airflow/example_dags/example_bash_operator.py
[2023-03-01T12:24:32.879+0100] {processor.py:753} INFO - DAG(s) dict_keys(['example_bash_operator']) retrieved from /Users/oanottage/opt/anaconda3/lib/python3.8/site-packages/airflow/example_dags/example_bash_operator.py
[2023-03-01T12:24:33.748+0100] {logging_mixin.py:137} INFO - [2023-03-01T12:24:33.748+0100] {dag.py:2690} INFO - Sync 1 DAGs
[2023-03-01T12:24:33.762+0100] {logging_mixin.py:137} INFO - [2023-03-01T12:24:33.761+0100] {dag.py:3437} INFO - Setting next_dagrun for example_bash_operator to 2023-03-01T00:00:00+00:00, run_after=2023-03-02T00:00:00+00:00
[2023-03-01T12:24:33.774+0100] {processor.py:175} INFO - Processing /Users/oanottage/opt/anaconda3/lib/python3.8/site-packages/airflow/example_dags/example_bash_operator.py took 0.970 seconds
[2023-03-01T12:26:34.648+0100] {processor.py:153} INFO - Started process (PID=6184) to work on /Users/oanottage/opt/anaconda3/lib/python3.8/site-packages/airflow/example_dags/example_bash_operator.py
[2023-03-01T12:26:34.652+0100] {processor.py:743} INFO - Processing file /Users/oanottage/opt/anaconda3/lib/python3.8/site-packages/airflow/example_dags/example_bash_operator.py for tasks to queue
[2023-03-01T12:26:34.652+0100] {logging_mixin.py:137} INFO - [2023-03-01T12:26:34.652+0100] {dagbag.py:538} INFO - Filling up the DagBag from /Users/oanottage/opt/anaconda3/lib/python3.8/site-packages/airflow/example_dags/example_bash_operator.py
[2023-03-01T12:26:34.749+0100] {processor.py:753} INFO - DAG(s) dict_keys(['example_bash_operator']) retrieved from /Users/oanottage/opt/anaconda3/lib/python3.8/site-packages/airflow/example_dags/example_bash_operator.py
[2023-03-01T12:26:35.597+0100] {logging_mixin.py:137} INFO - [2023-03-01T12:26:35.597+0100] {dag.py:2690} INFO - Sync 1 DAGs
[2023-03-01T12:26:35.610+0100] {logging_mixin.py:137} INFO - [2023-03-01T12:26:35.610+0100] {dag.py:3437} INFO - Setting next_dagrun for example_bash_operator to 2023-03-01T00:00:00+00:00, run_after=2023-03-02T00:00:00+00:00
[2023-03-01T12:26:35.623+0100] {processor.py:175} INFO - Processing /Users/oanottage/opt/anaconda3/lib/python3.8/site-packages/airflow/example_dags/example_bash_operator.py took 0.975 seconds
[2023-03-01T12:28:29.396+0100] {processor.py:153} INFO - Started process (PID=9899) to work on /Users/oanottage/opt/anaconda3/lib/python3.8/site-packages/airflow/example_dags/example_bash_operator.py
[2023-03-01T12:28:29.400+0100] {processor.py:743} INFO - Processing file /Users/oanottage/opt/anaconda3/lib/python3.8/site-packages/airflow/example_dags/example_bash_operator.py for tasks to queue
[2023-03-01T12:28:29.401+0100] {logging_mixin.py:137} INFO - [2023-03-01T12:28:29.401+0100] {dagbag.py:538} INFO - Filling up the DagBag from /Users/oanottage/opt/anaconda3/lib/python3.8/site-packages/airflow/example_dags/example_bash_operator.py
[2023-03-01T12:28:29.484+0100] {processor.py:753} INFO - DAG(s) dict_keys(['example_bash_operator']) retrieved from /Users/oanottage/opt/anaconda3/lib/python3.8/site-packages/airflow/example_dags/example_bash_operator.py
[2023-03-01T12:28:30.425+0100] {logging_mixin.py:137} INFO - [2023-03-01T12:28:30.424+0100] {dag.py:2690} INFO - Sync 1 DAGs
[2023-03-01T12:28:30.441+0100] {logging_mixin.py:137} INFO - [2023-03-01T12:28:30.440+0100] {dag.py:3437} INFO - Setting next_dagrun for example_bash_operator to 2023-03-01T00:00:00+00:00, run_after=2023-03-02T00:00:00+00:00
[2023-03-01T12:28:30.455+0100] {processor.py:175} INFO - Processing /Users/oanottage/opt/anaconda3/lib/python3.8/site-packages/airflow/example_dags/example_bash_operator.py took 1.059 seconds
[2023-03-01T12:30:19.366+0100] {processor.py:153} INFO - Started process (PID=13597) to work on /Users/oanottage/opt/anaconda3/lib/python3.8/site-packages/airflow/example_dags/example_bash_operator.py
[2023-03-01T12:30:19.369+0100] {processor.py:743} INFO - Processing file /Users/oanottage/opt/anaconda3/lib/python3.8/site-packages/airflow/example_dags/example_bash_operator.py for tasks to queue
[2023-03-01T12:30:19.370+0100] {logging_mixin.py:137} INFO - [2023-03-01T12:30:19.370+0100] {dagbag.py:538} INFO - Filling up the DagBag from /Users/oanottage/opt/anaconda3/lib/python3.8/site-packages/airflow/example_dags/example_bash_operator.py
[2023-03-01T12:30:19.440+0100] {processor.py:753} INFO - DAG(s) dict_keys(['example_bash_operator']) retrieved from /Users/oanottage/opt/anaconda3/lib/python3.8/site-packages/airflow/example_dags/example_bash_operator.py
[2023-03-01T12:30:20.285+0100] {logging_mixin.py:137} INFO - [2023-03-01T12:30:20.285+0100] {dag.py:2690} INFO - Sync 1 DAGs
[2023-03-01T12:30:20.298+0100] {logging_mixin.py:137} INFO - [2023-03-01T12:30:20.298+0100] {dag.py:3437} INFO - Setting next_dagrun for example_bash_operator to 2023-03-01T00:00:00+00:00, run_after=2023-03-02T00:00:00+00:00
[2023-03-01T12:30:20.311+0100] {processor.py:175} INFO - Processing /Users/oanottage/opt/anaconda3/lib/python3.8/site-packages/airflow/example_dags/example_bash_operator.py took 0.945 seconds
[2023-03-01T12:32:07.367+0100] {processor.py:153} INFO - Started process (PID=17871) to work on /Users/oanottage/opt/anaconda3/lib/python3.8/site-packages/airflow/example_dags/example_bash_operator.py
[2023-03-01T12:32:07.370+0100] {processor.py:743} INFO - Processing file /Users/oanottage/opt/anaconda3/lib/python3.8/site-packages/airflow/example_dags/example_bash_operator.py for tasks to queue
[2023-03-01T12:32:07.370+0100] {logging_mixin.py:137} INFO - [2023-03-01T12:32:07.370+0100] {dagbag.py:538} INFO - Filling up the DagBag from /Users/oanottage/opt/anaconda3/lib/python3.8/site-packages/airflow/example_dags/example_bash_operator.py
[2023-03-01T12:32:07.443+0100] {processor.py:753} INFO - DAG(s) dict_keys(['example_bash_operator']) retrieved from /Users/oanottage/opt/anaconda3/lib/python3.8/site-packages/airflow/example_dags/example_bash_operator.py
[2023-03-01T12:32:08.350+0100] {logging_mixin.py:137} INFO - [2023-03-01T12:32:08.350+0100] {dag.py:2690} INFO - Sync 1 DAGs
[2023-03-01T12:32:08.365+0100] {logging_mixin.py:137} INFO - [2023-03-01T12:32:08.365+0100] {dag.py:3437} INFO - Setting next_dagrun for example_bash_operator to 2023-03-01T00:00:00+00:00, run_after=2023-03-02T00:00:00+00:00
[2023-03-01T12:32:08.379+0100] {processor.py:175} INFO - Processing /Users/oanottage/opt/anaconda3/lib/python3.8/site-packages/airflow/example_dags/example_bash_operator.py took 1.012 seconds
[2023-03-01T12:33:56.327+0100] {processor.py:153} INFO - Started process (PID=21073) to work on /Users/oanottage/opt/anaconda3/lib/python3.8/site-packages/airflow/example_dags/example_bash_operator.py
[2023-03-01T12:33:56.332+0100] {processor.py:743} INFO - Processing file /Users/oanottage/opt/anaconda3/lib/python3.8/site-packages/airflow/example_dags/example_bash_operator.py for tasks to queue
[2023-03-01T12:33:56.333+0100] {logging_mixin.py:137} INFO - [2023-03-01T12:33:56.332+0100] {dagbag.py:538} INFO - Filling up the DagBag from /Users/oanottage/opt/anaconda3/lib/python3.8/site-packages/airflow/example_dags/example_bash_operator.py
[2023-03-01T12:33:56.402+0100] {processor.py:753} INFO - DAG(s) dict_keys(['example_bash_operator']) retrieved from /Users/oanottage/opt/anaconda3/lib/python3.8/site-packages/airflow/example_dags/example_bash_operator.py
[2023-03-01T12:33:57.337+0100] {logging_mixin.py:137} INFO - [2023-03-01T12:33:57.337+0100] {dag.py:2690} INFO - Sync 1 DAGs
[2023-03-01T12:33:57.354+0100] {logging_mixin.py:137} INFO - [2023-03-01T12:33:57.354+0100] {dag.py:3437} INFO - Setting next_dagrun for example_bash_operator to 2023-03-01T00:00:00+00:00, run_after=2023-03-02T00:00:00+00:00
[2023-03-01T12:33:57.368+0100] {processor.py:175} INFO - Processing /Users/oanottage/opt/anaconda3/lib/python3.8/site-packages/airflow/example_dags/example_bash_operator.py took 1.041 seconds
[2023-03-01T12:35:48.285+0100] {processor.py:153} INFO - Started process (PID=25285) to work on /Users/oanottage/opt/anaconda3/lib/python3.8/site-packages/airflow/example_dags/example_bash_operator.py
[2023-03-01T12:35:48.290+0100] {processor.py:743} INFO - Processing file /Users/oanottage/opt/anaconda3/lib/python3.8/site-packages/airflow/example_dags/example_bash_operator.py for tasks to queue
[2023-03-01T12:35:48.291+0100] {logging_mixin.py:137} INFO - [2023-03-01T12:35:48.291+0100] {dagbag.py:538} INFO - Filling up the DagBag from /Users/oanottage/opt/anaconda3/lib/python3.8/site-packages/airflow/example_dags/example_bash_operator.py
[2023-03-01T12:35:48.363+0100] {processor.py:753} INFO - DAG(s) dict_keys(['example_bash_operator']) retrieved from /Users/oanottage/opt/anaconda3/lib/python3.8/site-packages/airflow/example_dags/example_bash_operator.py
[2023-03-01T12:35:49.218+0100] {logging_mixin.py:137} INFO - [2023-03-01T12:35:49.217+0100] {dag.py:2690} INFO - Sync 1 DAGs
[2023-03-01T12:35:49.231+0100] {logging_mixin.py:137} INFO - [2023-03-01T12:35:49.231+0100] {dag.py:3437} INFO - Setting next_dagrun for example_bash_operator to 2023-03-01T00:00:00+00:00, run_after=2023-03-02T00:00:00+00:00
[2023-03-01T12:35:49.245+0100] {processor.py:175} INFO - Processing /Users/oanottage/opt/anaconda3/lib/python3.8/site-packages/airflow/example_dags/example_bash_operator.py took 0.960 seconds
[2023-03-01T12:37:43.276+0100] {processor.py:153} INFO - Started process (PID=29527) to work on /Users/oanottage/opt/anaconda3/lib/python3.8/site-packages/airflow/example_dags/example_bash_operator.py
[2023-03-01T12:37:43.281+0100] {processor.py:743} INFO - Processing file /Users/oanottage/opt/anaconda3/lib/python3.8/site-packages/airflow/example_dags/example_bash_operator.py for tasks to queue
[2023-03-01T12:37:43.281+0100] {logging_mixin.py:137} INFO - [2023-03-01T12:37:43.281+0100] {dagbag.py:538} INFO - Filling up the DagBag from /Users/oanottage/opt/anaconda3/lib/python3.8/site-packages/airflow/example_dags/example_bash_operator.py
[2023-03-01T12:37:43.353+0100] {processor.py:753} INFO - DAG(s) dict_keys(['example_bash_operator']) retrieved from /Users/oanottage/opt/anaconda3/lib/python3.8/site-packages/airflow/example_dags/example_bash_operator.py
[2023-03-01T12:37:44.206+0100] {logging_mixin.py:137} INFO - [2023-03-01T12:37:44.205+0100] {dag.py:2690} INFO - Sync 1 DAGs
[2023-03-01T12:37:44.219+0100] {logging_mixin.py:137} INFO - [2023-03-01T12:37:44.219+0100] {dag.py:3437} INFO - Setting next_dagrun for example_bash_operator to 2023-03-01T00:00:00+00:00, run_after=2023-03-02T00:00:00+00:00
[2023-03-01T12:37:44.231+0100] {processor.py:175} INFO - Processing /Users/oanottage/opt/anaconda3/lib/python3.8/site-packages/airflow/example_dags/example_bash_operator.py took 0.956 seconds
[2023-03-01T12:39:45.705+0100] {processor.py:153} INFO - Started process (PID=33765) to work on /Users/oanottage/opt/anaconda3/lib/python3.8/site-packages/airflow/example_dags/example_bash_operator.py
[2023-03-01T12:39:45.710+0100] {processor.py:743} INFO - Processing file /Users/oanottage/opt/anaconda3/lib/python3.8/site-packages/airflow/example_dags/example_bash_operator.py for tasks to queue
[2023-03-01T12:39:45.710+0100] {logging_mixin.py:137} INFO - [2023-03-01T12:39:45.710+0100] {dagbag.py:538} INFO - Filling up the DagBag from /Users/oanottage/opt/anaconda3/lib/python3.8/site-packages/airflow/example_dags/example_bash_operator.py
[2023-03-01T12:39:45.834+0100] {processor.py:753} INFO - DAG(s) dict_keys(['example_bash_operator']) retrieved from /Users/oanottage/opt/anaconda3/lib/python3.8/site-packages/airflow/example_dags/example_bash_operator.py
[2023-03-01T12:39:46.973+0100] {logging_mixin.py:137} INFO - [2023-03-01T12:39:46.973+0100] {dag.py:2690} INFO - Sync 1 DAGs
[2023-03-01T12:39:46.998+0100] {logging_mixin.py:137} INFO - [2023-03-01T12:39:46.998+0100] {dag.py:3437} INFO - Setting next_dagrun for example_bash_operator to 2023-03-01T00:00:00+00:00, run_after=2023-03-02T00:00:00+00:00
[2023-03-01T12:39:47.021+0100] {processor.py:175} INFO - Processing /Users/oanottage/opt/anaconda3/lib/python3.8/site-packages/airflow/example_dags/example_bash_operator.py took 1.317 seconds
[2023-03-01T12:41:53.759+0100] {processor.py:153} INFO - Started process (PID=38028) to work on /Users/oanottage/opt/anaconda3/lib/python3.8/site-packages/airflow/example_dags/example_bash_operator.py
[2023-03-01T12:41:53.763+0100] {processor.py:743} INFO - Processing file /Users/oanottage/opt/anaconda3/lib/python3.8/site-packages/airflow/example_dags/example_bash_operator.py for tasks to queue
[2023-03-01T12:41:53.764+0100] {logging_mixin.py:137} INFO - [2023-03-01T12:41:53.764+0100] {dagbag.py:538} INFO - Filling up the DagBag from /Users/oanottage/opt/anaconda3/lib/python3.8/site-packages/airflow/example_dags/example_bash_operator.py
[2023-03-01T12:41:53.868+0100] {processor.py:753} INFO - DAG(s) dict_keys(['example_bash_operator']) retrieved from /Users/oanottage/opt/anaconda3/lib/python3.8/site-packages/airflow/example_dags/example_bash_operator.py
[2023-03-01T12:41:54.684+0100] {logging_mixin.py:137} INFO - [2023-03-01T12:41:54.684+0100] {dag.py:2690} INFO - Sync 1 DAGs
[2023-03-01T12:41:54.701+0100] {logging_mixin.py:137} INFO - [2023-03-01T12:41:54.701+0100] {dag.py:3437} INFO - Setting next_dagrun for example_bash_operator to 2023-03-01T00:00:00+00:00, run_after=2023-03-02T00:00:00+00:00
[2023-03-01T12:41:54.715+0100] {processor.py:175} INFO - Processing /Users/oanottage/opt/anaconda3/lib/python3.8/site-packages/airflow/example_dags/example_bash_operator.py took 0.958 seconds
[2023-03-01T12:44:04.304+0100] {processor.py:153} INFO - Started process (PID=43322) to work on /Users/oanottage/opt/anaconda3/lib/python3.8/site-packages/airflow/example_dags/example_bash_operator.py
[2023-03-01T12:44:04.309+0100] {processor.py:743} INFO - Processing file /Users/oanottage/opt/anaconda3/lib/python3.8/site-packages/airflow/example_dags/example_bash_operator.py for tasks to queue
[2023-03-01T12:44:04.309+0100] {logging_mixin.py:137} INFO - [2023-03-01T12:44:04.309+0100] {dagbag.py:538} INFO - Filling up the DagBag from /Users/oanottage/opt/anaconda3/lib/python3.8/site-packages/airflow/example_dags/example_bash_operator.py
[2023-03-01T12:44:04.390+0100] {processor.py:753} INFO - DAG(s) dict_keys(['example_bash_operator']) retrieved from /Users/oanottage/opt/anaconda3/lib/python3.8/site-packages/airflow/example_dags/example_bash_operator.py
[2023-03-01T12:44:06.105+0100] {logging_mixin.py:137} INFO - [2023-03-01T12:44:06.105+0100] {dag.py:2690} INFO - Sync 1 DAGs
[2023-03-01T12:44:06.121+0100] {logging_mixin.py:137} INFO - [2023-03-01T12:44:06.121+0100] {dag.py:3437} INFO - Setting next_dagrun for example_bash_operator to 2023-03-01T00:00:00+00:00, run_after=2023-03-02T00:00:00+00:00
[2023-03-01T12:44:06.134+0100] {processor.py:175} INFO - Processing /Users/oanottage/opt/anaconda3/lib/python3.8/site-packages/airflow/example_dags/example_bash_operator.py took 1.832 seconds
[2023-03-01T12:46:13.053+0100] {processor.py:153} INFO - Started process (PID=47590) to work on /Users/oanottage/opt/anaconda3/lib/python3.8/site-packages/airflow/example_dags/example_bash_operator.py
[2023-03-01T12:46:13.056+0100] {processor.py:743} INFO - Processing file /Users/oanottage/opt/anaconda3/lib/python3.8/site-packages/airflow/example_dags/example_bash_operator.py for tasks to queue
[2023-03-01T12:46:13.057+0100] {logging_mixin.py:137} INFO - [2023-03-01T12:46:13.056+0100] {dagbag.py:538} INFO - Filling up the DagBag from /Users/oanottage/opt/anaconda3/lib/python3.8/site-packages/airflow/example_dags/example_bash_operator.py
[2023-03-01T12:46:13.131+0100] {processor.py:753} INFO - DAG(s) dict_keys(['example_bash_operator']) retrieved from /Users/oanottage/opt/anaconda3/lib/python3.8/site-packages/airflow/example_dags/example_bash_operator.py
[2023-03-01T12:46:14.204+0100] {logging_mixin.py:137} INFO - [2023-03-01T12:46:14.204+0100] {dag.py:2690} INFO - Sync 1 DAGs
[2023-03-01T12:46:14.222+0100] {logging_mixin.py:137} INFO - [2023-03-01T12:46:14.222+0100] {dag.py:3437} INFO - Setting next_dagrun for example_bash_operator to 2023-03-01T00:00:00+00:00, run_after=2023-03-02T00:00:00+00:00
[2023-03-01T12:46:14.238+0100] {processor.py:175} INFO - Processing /Users/oanottage/opt/anaconda3/lib/python3.8/site-packages/airflow/example_dags/example_bash_operator.py took 1.185 seconds
[2023-03-01T12:48:16.129+0100] {processor.py:153} INFO - Started process (PID=51913) to work on /Users/oanottage/opt/anaconda3/lib/python3.8/site-packages/airflow/example_dags/example_bash_operator.py
[2023-03-01T12:48:16.134+0100] {processor.py:743} INFO - Processing file /Users/oanottage/opt/anaconda3/lib/python3.8/site-packages/airflow/example_dags/example_bash_operator.py for tasks to queue
[2023-03-01T12:48:16.135+0100] {logging_mixin.py:137} INFO - [2023-03-01T12:48:16.135+0100] {dagbag.py:538} INFO - Filling up the DagBag from /Users/oanottage/opt/anaconda3/lib/python3.8/site-packages/airflow/example_dags/example_bash_operator.py
[2023-03-01T12:48:16.221+0100] {processor.py:753} INFO - DAG(s) dict_keys(['example_bash_operator']) retrieved from /Users/oanottage/opt/anaconda3/lib/python3.8/site-packages/airflow/example_dags/example_bash_operator.py
[2023-03-01T12:48:17.148+0100] {logging_mixin.py:137} INFO - [2023-03-01T12:48:17.147+0100] {dag.py:2690} INFO - Sync 1 DAGs
[2023-03-01T12:48:17.161+0100] {logging_mixin.py:137} INFO - [2023-03-01T12:48:17.161+0100] {dag.py:3437} INFO - Setting next_dagrun for example_bash_operator to 2023-03-01T00:00:00+00:00, run_after=2023-03-02T00:00:00+00:00
[2023-03-01T12:48:17.174+0100] {processor.py:175} INFO - Processing /Users/oanottage/opt/anaconda3/lib/python3.8/site-packages/airflow/example_dags/example_bash_operator.py took 1.046 seconds
[2023-03-01T12:50:21.818+0100] {processor.py:153} INFO - Started process (PID=56227) to work on /Users/oanottage/opt/anaconda3/lib/python3.8/site-packages/airflow/example_dags/example_bash_operator.py
[2023-03-01T12:50:21.823+0100] {processor.py:743} INFO - Processing file /Users/oanottage/opt/anaconda3/lib/python3.8/site-packages/airflow/example_dags/example_bash_operator.py for tasks to queue
[2023-03-01T12:50:21.824+0100] {logging_mixin.py:137} INFO - [2023-03-01T12:50:21.824+0100] {dagbag.py:538} INFO - Filling up the DagBag from /Users/oanottage/opt/anaconda3/lib/python3.8/site-packages/airflow/example_dags/example_bash_operator.py
[2023-03-01T12:50:21.916+0100] {processor.py:753} INFO - DAG(s) dict_keys(['example_bash_operator']) retrieved from /Users/oanottage/opt/anaconda3/lib/python3.8/site-packages/airflow/example_dags/example_bash_operator.py
[2023-03-01T12:50:22.977+0100] {logging_mixin.py:137} INFO - [2023-03-01T12:50:22.977+0100] {dag.py:2690} INFO - Sync 1 DAGs
[2023-03-01T12:50:22.994+0100] {logging_mixin.py:137} INFO - [2023-03-01T12:50:22.994+0100] {dag.py:3437} INFO - Setting next_dagrun for example_bash_operator to 2023-03-01T00:00:00+00:00, run_after=2023-03-02T00:00:00+00:00
[2023-03-01T12:50:23.009+0100] {processor.py:175} INFO - Processing /Users/oanottage/opt/anaconda3/lib/python3.8/site-packages/airflow/example_dags/example_bash_operator.py took 1.192 seconds
[2023-03-01T12:52:18.106+0100] {processor.py:153} INFO - Started process (PID=60478) to work on /Users/oanottage/opt/anaconda3/lib/python3.8/site-packages/airflow/example_dags/example_bash_operator.py
[2023-03-01T12:52:18.110+0100] {processor.py:743} INFO - Processing file /Users/oanottage/opt/anaconda3/lib/python3.8/site-packages/airflow/example_dags/example_bash_operator.py for tasks to queue
[2023-03-01T12:52:18.110+0100] {logging_mixin.py:137} INFO - [2023-03-01T12:52:18.110+0100] {dagbag.py:538} INFO - Filling up the DagBag from /Users/oanottage/opt/anaconda3/lib/python3.8/site-packages/airflow/example_dags/example_bash_operator.py
[2023-03-01T12:52:18.192+0100] {processor.py:753} INFO - DAG(s) dict_keys(['example_bash_operator']) retrieved from /Users/oanottage/opt/anaconda3/lib/python3.8/site-packages/airflow/example_dags/example_bash_operator.py
[2023-03-01T12:52:19.247+0100] {logging_mixin.py:137} INFO - [2023-03-01T12:52:19.247+0100] {dag.py:2690} INFO - Sync 1 DAGs
[2023-03-01T12:52:19.268+0100] {logging_mixin.py:137} INFO - [2023-03-01T12:52:19.268+0100] {dag.py:3437} INFO - Setting next_dagrun for example_bash_operator to 2023-03-01T00:00:00+00:00, run_after=2023-03-02T00:00:00+00:00
[2023-03-01T12:52:19.286+0100] {processor.py:175} INFO - Processing /Users/oanottage/opt/anaconda3/lib/python3.8/site-packages/airflow/example_dags/example_bash_operator.py took 1.181 seconds
[2023-03-01T12:54:23.522+0100] {processor.py:153} INFO - Started process (PID=64782) to work on /Users/oanottage/opt/anaconda3/lib/python3.8/site-packages/airflow/example_dags/example_bash_operator.py
[2023-03-01T12:54:23.526+0100] {processor.py:743} INFO - Processing file /Users/oanottage/opt/anaconda3/lib/python3.8/site-packages/airflow/example_dags/example_bash_operator.py for tasks to queue
[2023-03-01T12:54:23.527+0100] {logging_mixin.py:137} INFO - [2023-03-01T12:54:23.527+0100] {dagbag.py:538} INFO - Filling up the DagBag from /Users/oanottage/opt/anaconda3/lib/python3.8/site-packages/airflow/example_dags/example_bash_operator.py
[2023-03-01T12:54:23.597+0100] {processor.py:753} INFO - DAG(s) dict_keys(['example_bash_operator']) retrieved from /Users/oanottage/opt/anaconda3/lib/python3.8/site-packages/airflow/example_dags/example_bash_operator.py
[2023-03-01T12:54:24.446+0100] {logging_mixin.py:137} INFO - [2023-03-01T12:54:24.446+0100] {dag.py:2690} INFO - Sync 1 DAGs
[2023-03-01T12:54:24.459+0100] {logging_mixin.py:137} INFO - [2023-03-01T12:54:24.459+0100] {dag.py:3437} INFO - Setting next_dagrun for example_bash_operator to 2023-03-01T00:00:00+00:00, run_after=2023-03-02T00:00:00+00:00
[2023-03-01T12:54:24.471+0100] {processor.py:175} INFO - Processing /Users/oanottage/opt/anaconda3/lib/python3.8/site-packages/airflow/example_dags/example_bash_operator.py took 0.950 seconds
[2023-03-01T12:56:17.421+0100] {processor.py:153} INFO - Started process (PID=69034) to work on /Users/oanottage/opt/anaconda3/lib/python3.8/site-packages/airflow/example_dags/example_bash_operator.py
[2023-03-01T12:56:17.425+0100] {processor.py:743} INFO - Processing file /Users/oanottage/opt/anaconda3/lib/python3.8/site-packages/airflow/example_dags/example_bash_operator.py for tasks to queue
[2023-03-01T12:56:17.425+0100] {logging_mixin.py:137} INFO - [2023-03-01T12:56:17.425+0100] {dagbag.py:538} INFO - Filling up the DagBag from /Users/oanottage/opt/anaconda3/lib/python3.8/site-packages/airflow/example_dags/example_bash_operator.py
[2023-03-01T12:56:17.492+0100] {processor.py:753} INFO - DAG(s) dict_keys(['example_bash_operator']) retrieved from /Users/oanottage/opt/anaconda3/lib/python3.8/site-packages/airflow/example_dags/example_bash_operator.py
[2023-03-01T12:56:18.412+0100] {logging_mixin.py:137} INFO - [2023-03-01T12:56:18.412+0100] {dag.py:2690} INFO - Sync 1 DAGs
[2023-03-01T12:56:18.427+0100] {logging_mixin.py:137} INFO - [2023-03-01T12:56:18.427+0100] {dag.py:3437} INFO - Setting next_dagrun for example_bash_operator to 2023-03-01T00:00:00+00:00, run_after=2023-03-02T00:00:00+00:00
[2023-03-01T12:56:18.441+0100] {processor.py:175} INFO - Processing /Users/oanottage/opt/anaconda3/lib/python3.8/site-packages/airflow/example_dags/example_bash_operator.py took 1.020 seconds
[2023-03-01T12:58:08.717+0100] {processor.py:153} INFO - Started process (PID=73317) to work on /Users/oanottage/opt/anaconda3/lib/python3.8/site-packages/airflow/example_dags/example_bash_operator.py
[2023-03-01T12:58:08.721+0100] {processor.py:743} INFO - Processing file /Users/oanottage/opt/anaconda3/lib/python3.8/site-packages/airflow/example_dags/example_bash_operator.py for tasks to queue
[2023-03-01T12:58:08.721+0100] {logging_mixin.py:137} INFO - [2023-03-01T12:58:08.721+0100] {dagbag.py:538} INFO - Filling up the DagBag from /Users/oanottage/opt/anaconda3/lib/python3.8/site-packages/airflow/example_dags/example_bash_operator.py
[2023-03-01T12:58:08.788+0100] {processor.py:753} INFO - DAG(s) dict_keys(['example_bash_operator']) retrieved from /Users/oanottage/opt/anaconda3/lib/python3.8/site-packages/airflow/example_dags/example_bash_operator.py
[2023-03-01T12:58:09.646+0100] {logging_mixin.py:137} INFO - [2023-03-01T12:58:09.646+0100] {dag.py:2690} INFO - Sync 1 DAGs
[2023-03-01T12:58:09.659+0100] {logging_mixin.py:137} INFO - [2023-03-01T12:58:09.659+0100] {dag.py:3437} INFO - Setting next_dagrun for example_bash_operator to 2023-03-01T00:00:00+00:00, run_after=2023-03-02T00:00:00+00:00
[2023-03-01T12:58:09.671+0100] {processor.py:175} INFO - Processing /Users/oanottage/opt/anaconda3/lib/python3.8/site-packages/airflow/example_dags/example_bash_operator.py took 0.955 seconds
[2023-03-01T13:00:08.760+0100] {processor.py:153} INFO - Started process (PID=77601) to work on /Users/oanottage/opt/anaconda3/lib/python3.8/site-packages/airflow/example_dags/example_bash_operator.py
[2023-03-01T13:00:08.763+0100] {processor.py:743} INFO - Processing file /Users/oanottage/opt/anaconda3/lib/python3.8/site-packages/airflow/example_dags/example_bash_operator.py for tasks to queue
[2023-03-01T13:00:08.764+0100] {logging_mixin.py:137} INFO - [2023-03-01T13:00:08.764+0100] {dagbag.py:538} INFO - Filling up the DagBag from /Users/oanottage/opt/anaconda3/lib/python3.8/site-packages/airflow/example_dags/example_bash_operator.py
[2023-03-01T13:00:08.856+0100] {processor.py:753} INFO - DAG(s) dict_keys(['example_bash_operator']) retrieved from /Users/oanottage/opt/anaconda3/lib/python3.8/site-packages/airflow/example_dags/example_bash_operator.py
[2023-03-01T13:00:09.786+0100] {logging_mixin.py:137} INFO - [2023-03-01T13:00:09.786+0100] {dag.py:2690} INFO - Sync 1 DAGs
[2023-03-01T13:00:09.802+0100] {logging_mixin.py:137} INFO - [2023-03-01T13:00:09.801+0100] {dag.py:3437} INFO - Setting next_dagrun for example_bash_operator to 2023-03-01T00:00:00+00:00, run_after=2023-03-02T00:00:00+00:00
[2023-03-01T13:00:09.816+0100] {processor.py:175} INFO - Processing /Users/oanottage/opt/anaconda3/lib/python3.8/site-packages/airflow/example_dags/example_bash_operator.py took 1.057 seconds
