[2023-03-01T12:03:12.505+0100] {processor.py:153} INFO - Started process (PID=56234) to work on /Users/oanottage/opt/anaconda3/lib/python3.8/site-packages/airflow/example_dags/example_short_circuit_decorator.py
[2023-03-01T12:03:12.509+0100] {processor.py:743} INFO - Processing file /Users/oanottage/opt/anaconda3/lib/python3.8/site-packages/airflow/example_dags/example_short_circuit_decorator.py for tasks to queue
[2023-03-01T12:03:12.509+0100] {logging_mixin.py:137} INFO - [2023-03-01T12:03:12.509+0100] {dagbag.py:538} INFO - Filling up the DagBag from /Users/oanottage/opt/anaconda3/lib/python3.8/site-packages/airflow/example_dags/example_short_circuit_decorator.py
[2023-03-01T12:03:12.583+0100] {processor.py:753} INFO - DAG(s) dict_keys(['example_short_circuit_decorator']) retrieved from /Users/oanottage/opt/anaconda3/lib/python3.8/site-packages/airflow/example_dags/example_short_circuit_decorator.py
[2023-03-01T12:03:13.614+0100] {logging_mixin.py:137} INFO - [2023-03-01T12:03:13.614+0100] {manager.py:504} INFO - Created Permission View: can delete on DAG:example_short_circuit_decorator
[2023-03-01T12:03:13.620+0100] {logging_mixin.py:137} INFO - [2023-03-01T12:03:13.620+0100] {manager.py:504} INFO - Created Permission View: can read on DAG:example_short_circuit_decorator
[2023-03-01T12:03:13.625+0100] {logging_mixin.py:137} INFO - [2023-03-01T12:03:13.625+0100] {manager.py:504} INFO - Created Permission View: can edit on DAG:example_short_circuit_decorator
[2023-03-01T12:03:13.625+0100] {logging_mixin.py:137} INFO - [2023-03-01T12:03:13.625+0100] {dag.py:2690} INFO - Sync 1 DAGs
[2023-03-01T12:03:13.632+0100] {logging_mixin.py:137} INFO - [2023-03-01T12:03:13.632+0100] {dag.py:2711} INFO - Creating ORM DAG for example_short_circuit_decorator
[2023-03-01T12:03:13.638+0100] {logging_mixin.py:137} INFO - [2023-03-01T12:03:13.638+0100] {dag.py:3437} INFO - Setting next_dagrun for example_short_circuit_decorator to 2023-02-28T11:03:13.638693+00:00, run_after=2023-03-01T11:03:13.638693+00:00
[2023-03-01T12:03:13.651+0100] {processor.py:175} INFO - Processing /Users/oanottage/opt/anaconda3/lib/python3.8/site-packages/airflow/example_dags/example_short_circuit_decorator.py took 1.146 seconds
[2023-03-01T12:05:16.134+0100] {processor.py:153} INFO - Started process (PID=60424) to work on /Users/oanottage/opt/anaconda3/lib/python3.8/site-packages/airflow/example_dags/example_short_circuit_decorator.py
[2023-03-01T12:05:16.138+0100] {processor.py:743} INFO - Processing file /Users/oanottage/opt/anaconda3/lib/python3.8/site-packages/airflow/example_dags/example_short_circuit_decorator.py for tasks to queue
[2023-03-01T12:05:16.139+0100] {logging_mixin.py:137} INFO - [2023-03-01T12:05:16.139+0100] {dagbag.py:538} INFO - Filling up the DagBag from /Users/oanottage/opt/anaconda3/lib/python3.8/site-packages/airflow/example_dags/example_short_circuit_decorator.py
[2023-03-01T12:05:16.208+0100] {processor.py:753} INFO - DAG(s) dict_keys(['example_short_circuit_decorator']) retrieved from /Users/oanottage/opt/anaconda3/lib/python3.8/site-packages/airflow/example_dags/example_short_circuit_decorator.py
[2023-03-01T12:05:17.140+0100] {logging_mixin.py:137} INFO - [2023-03-01T12:05:17.140+0100] {dag.py:2690} INFO - Sync 1 DAGs
[2023-03-01T12:05:17.151+0100] {logging_mixin.py:137} INFO - [2023-03-01T12:05:17.151+0100] {dag.py:3437} INFO - Setting next_dagrun for example_short_circuit_decorator to 2023-02-28T11:05:17.151559+00:00, run_after=2023-03-01T11:05:17.151559+00:00
[2023-03-01T12:05:17.165+0100] {processor.py:175} INFO - Processing /Users/oanottage/opt/anaconda3/lib/python3.8/site-packages/airflow/example_dags/example_short_circuit_decorator.py took 1.032 seconds
[2023-03-01T12:07:11.279+0100] {processor.py:153} INFO - Started process (PID=64616) to work on /Users/oanottage/opt/anaconda3/lib/python3.8/site-packages/airflow/example_dags/example_short_circuit_decorator.py
[2023-03-01T12:07:11.283+0100] {processor.py:743} INFO - Processing file /Users/oanottage/opt/anaconda3/lib/python3.8/site-packages/airflow/example_dags/example_short_circuit_decorator.py for tasks to queue
[2023-03-01T12:07:11.283+0100] {logging_mixin.py:137} INFO - [2023-03-01T12:07:11.283+0100] {dagbag.py:538} INFO - Filling up the DagBag from /Users/oanottage/opt/anaconda3/lib/python3.8/site-packages/airflow/example_dags/example_short_circuit_decorator.py
[2023-03-01T12:07:11.360+0100] {processor.py:753} INFO - DAG(s) dict_keys(['example_short_circuit_decorator']) retrieved from /Users/oanottage/opt/anaconda3/lib/python3.8/site-packages/airflow/example_dags/example_short_circuit_decorator.py
[2023-03-01T12:07:12.673+0100] {logging_mixin.py:137} INFO - [2023-03-01T12:07:12.673+0100] {dag.py:2690} INFO - Sync 1 DAGs
[2023-03-01T12:07:12.691+0100] {logging_mixin.py:137} INFO - [2023-03-01T12:07:12.690+0100] {dag.py:3437} INFO - Setting next_dagrun for example_short_circuit_decorator to 2023-02-28T11:07:12.690839+00:00, run_after=2023-03-01T11:07:12.690839+00:00
[2023-03-01T12:07:12.711+0100] {processor.py:175} INFO - Processing /Users/oanottage/opt/anaconda3/lib/python3.8/site-packages/airflow/example_dags/example_short_circuit_decorator.py took 1.433 seconds
[2023-03-01T12:09:00.839+0100] {processor.py:153} INFO - Started process (PID=68660) to work on /Users/oanottage/opt/anaconda3/lib/python3.8/site-packages/airflow/example_dags/example_short_circuit_decorator.py
[2023-03-01T12:09:00.844+0100] {processor.py:743} INFO - Processing file /Users/oanottage/opt/anaconda3/lib/python3.8/site-packages/airflow/example_dags/example_short_circuit_decorator.py for tasks to queue
[2023-03-01T12:09:00.845+0100] {logging_mixin.py:137} INFO - [2023-03-01T12:09:00.845+0100] {dagbag.py:538} INFO - Filling up the DagBag from /Users/oanottage/opt/anaconda3/lib/python3.8/site-packages/airflow/example_dags/example_short_circuit_decorator.py
[2023-03-01T12:09:00.922+0100] {processor.py:753} INFO - DAG(s) dict_keys(['example_short_circuit_decorator']) retrieved from /Users/oanottage/opt/anaconda3/lib/python3.8/site-packages/airflow/example_dags/example_short_circuit_decorator.py
[2023-03-01T12:09:01.826+0100] {logging_mixin.py:137} INFO - [2023-03-01T12:09:01.826+0100] {dag.py:2690} INFO - Sync 1 DAGs
[2023-03-01T12:09:01.844+0100] {logging_mixin.py:137} INFO - [2023-03-01T12:09:01.844+0100] {dag.py:3437} INFO - Setting next_dagrun for example_short_circuit_decorator to 2023-02-28T11:09:01.844612+00:00, run_after=2023-03-01T11:09:01.844612+00:00
[2023-03-01T12:09:01.865+0100] {processor.py:175} INFO - Processing /Users/oanottage/opt/anaconda3/lib/python3.8/site-packages/airflow/example_dags/example_short_circuit_decorator.py took 1.027 seconds
[2023-03-01T12:11:02.728+0100] {processor.py:153} INFO - Started process (PID=73020) to work on /Users/oanottage/opt/anaconda3/lib/python3.8/site-packages/airflow/example_dags/example_short_circuit_decorator.py
[2023-03-01T12:11:02.732+0100] {processor.py:743} INFO - Processing file /Users/oanottage/opt/anaconda3/lib/python3.8/site-packages/airflow/example_dags/example_short_circuit_decorator.py for tasks to queue
[2023-03-01T12:11:02.733+0100] {logging_mixin.py:137} INFO - [2023-03-01T12:11:02.733+0100] {dagbag.py:538} INFO - Filling up the DagBag from /Users/oanottage/opt/anaconda3/lib/python3.8/site-packages/airflow/example_dags/example_short_circuit_decorator.py
[2023-03-01T12:11:02.819+0100] {processor.py:753} INFO - DAG(s) dict_keys(['example_short_circuit_decorator']) retrieved from /Users/oanottage/opt/anaconda3/lib/python3.8/site-packages/airflow/example_dags/example_short_circuit_decorator.py
[2023-03-01T12:11:03.900+0100] {logging_mixin.py:137} INFO - [2023-03-01T12:11:03.899+0100] {dag.py:2690} INFO - Sync 1 DAGs
[2023-03-01T12:11:03.922+0100] {logging_mixin.py:137} INFO - [2023-03-01T12:11:03.921+0100] {dag.py:3437} INFO - Setting next_dagrun for example_short_circuit_decorator to 2023-02-28T11:11:03.921632+00:00, run_after=2023-03-01T11:11:03.921632+00:00
[2023-03-01T12:11:03.948+0100] {processor.py:175} INFO - Processing /Users/oanottage/opt/anaconda3/lib/python3.8/site-packages/airflow/example_dags/example_short_circuit_decorator.py took 1.220 seconds
[2023-03-01T12:13:04.800+0100] {processor.py:153} INFO - Started process (PID=77313) to work on /Users/oanottage/opt/anaconda3/lib/python3.8/site-packages/airflow/example_dags/example_short_circuit_decorator.py
[2023-03-01T12:13:04.804+0100] {processor.py:743} INFO - Processing file /Users/oanottage/opt/anaconda3/lib/python3.8/site-packages/airflow/example_dags/example_short_circuit_decorator.py for tasks to queue
[2023-03-01T12:13:04.805+0100] {logging_mixin.py:137} INFO - [2023-03-01T12:13:04.805+0100] {dagbag.py:538} INFO - Filling up the DagBag from /Users/oanottage/opt/anaconda3/lib/python3.8/site-packages/airflow/example_dags/example_short_circuit_decorator.py
[2023-03-01T12:13:04.885+0100] {processor.py:753} INFO - DAG(s) dict_keys(['example_short_circuit_decorator']) retrieved from /Users/oanottage/opt/anaconda3/lib/python3.8/site-packages/airflow/example_dags/example_short_circuit_decorator.py
[2023-03-01T12:13:05.651+0100] {logging_mixin.py:137} INFO - [2023-03-01T12:13:05.651+0100] {dag.py:2690} INFO - Sync 1 DAGs
[2023-03-01T12:13:05.663+0100] {logging_mixin.py:137} INFO - [2023-03-01T12:13:05.663+0100] {dag.py:3437} INFO - Setting next_dagrun for example_short_circuit_decorator to 2023-02-28T11:13:05.662954+00:00, run_after=2023-03-01T11:13:05.662954+00:00
[2023-03-01T12:13:05.675+0100] {processor.py:175} INFO - Processing /Users/oanottage/opt/anaconda3/lib/python3.8/site-packages/airflow/example_dags/example_short_circuit_decorator.py took 0.876 seconds
[2023-03-01T12:14:56.616+0100] {processor.py:153} INFO - Started process (PID=80473) to work on /Users/oanottage/opt/anaconda3/lib/python3.8/site-packages/airflow/example_dags/example_short_circuit_decorator.py
[2023-03-01T12:14:56.619+0100] {processor.py:743} INFO - Processing file /Users/oanottage/opt/anaconda3/lib/python3.8/site-packages/airflow/example_dags/example_short_circuit_decorator.py for tasks to queue
[2023-03-01T12:14:56.620+0100] {logging_mixin.py:137} INFO - [2023-03-01T12:14:56.620+0100] {dagbag.py:538} INFO - Filling up the DagBag from /Users/oanottage/opt/anaconda3/lib/python3.8/site-packages/airflow/example_dags/example_short_circuit_decorator.py
[2023-03-01T12:14:56.684+0100] {processor.py:753} INFO - DAG(s) dict_keys(['example_short_circuit_decorator']) retrieved from /Users/oanottage/opt/anaconda3/lib/python3.8/site-packages/airflow/example_dags/example_short_circuit_decorator.py
[2023-03-01T12:14:57.591+0100] {logging_mixin.py:137} INFO - [2023-03-01T12:14:57.591+0100] {dag.py:2690} INFO - Sync 1 DAGs
[2023-03-01T12:14:57.605+0100] {logging_mixin.py:137} INFO - [2023-03-01T12:14:57.605+0100] {dag.py:3437} INFO - Setting next_dagrun for example_short_circuit_decorator to 2023-02-28T11:14:57.604900+00:00, run_after=2023-03-01T11:14:57.604900+00:00
[2023-03-01T12:14:57.619+0100] {processor.py:175} INFO - Processing /Users/oanottage/opt/anaconda3/lib/python3.8/site-packages/airflow/example_dags/example_short_circuit_decorator.py took 1.003 seconds
[2023-03-01T12:17:00.485+0100] {processor.py:153} INFO - Started process (PID=85443) to work on /Users/oanottage/opt/anaconda3/lib/python3.8/site-packages/airflow/example_dags/example_short_circuit_decorator.py
[2023-03-01T12:17:00.490+0100] {processor.py:743} INFO - Processing file /Users/oanottage/opt/anaconda3/lib/python3.8/site-packages/airflow/example_dags/example_short_circuit_decorator.py for tasks to queue
[2023-03-01T12:17:00.490+0100] {logging_mixin.py:137} INFO - [2023-03-01T12:17:00.490+0100] {dagbag.py:538} INFO - Filling up the DagBag from /Users/oanottage/opt/anaconda3/lib/python3.8/site-packages/airflow/example_dags/example_short_circuit_decorator.py
[2023-03-01T12:17:00.563+0100] {processor.py:753} INFO - DAG(s) dict_keys(['example_short_circuit_decorator']) retrieved from /Users/oanottage/opt/anaconda3/lib/python3.8/site-packages/airflow/example_dags/example_short_circuit_decorator.py
[2023-03-01T12:17:01.456+0100] {logging_mixin.py:137} INFO - [2023-03-01T12:17:01.456+0100] {dag.py:2690} INFO - Sync 1 DAGs
[2023-03-01T12:17:01.470+0100] {logging_mixin.py:137} INFO - [2023-03-01T12:17:01.469+0100] {dag.py:3437} INFO - Setting next_dagrun for example_short_circuit_decorator to 2023-02-28T11:17:01.469748+00:00, run_after=2023-03-01T11:17:01.469748+00:00
[2023-03-01T12:17:01.484+0100] {processor.py:175} INFO - Processing /Users/oanottage/opt/anaconda3/lib/python3.8/site-packages/airflow/example_dags/example_short_circuit_decorator.py took 0.999 seconds
[2023-03-01T12:18:56.190+0100] {processor.py:153} INFO - Started process (PID=88854) to work on /Users/oanottage/opt/anaconda3/lib/python3.8/site-packages/airflow/example_dags/example_short_circuit_decorator.py
[2023-03-01T12:18:56.194+0100] {processor.py:743} INFO - Processing file /Users/oanottage/opt/anaconda3/lib/python3.8/site-packages/airflow/example_dags/example_short_circuit_decorator.py for tasks to queue
[2023-03-01T12:18:56.195+0100] {logging_mixin.py:137} INFO - [2023-03-01T12:18:56.195+0100] {dagbag.py:538} INFO - Filling up the DagBag from /Users/oanottage/opt/anaconda3/lib/python3.8/site-packages/airflow/example_dags/example_short_circuit_decorator.py
[2023-03-01T12:18:56.264+0100] {processor.py:753} INFO - DAG(s) dict_keys(['example_short_circuit_decorator']) retrieved from /Users/oanottage/opt/anaconda3/lib/python3.8/site-packages/airflow/example_dags/example_short_circuit_decorator.py
[2023-03-01T12:18:57.188+0100] {logging_mixin.py:137} INFO - [2023-03-01T12:18:57.188+0100] {dag.py:2690} INFO - Sync 1 DAGs
[2023-03-01T12:18:57.205+0100] {logging_mixin.py:137} INFO - [2023-03-01T12:18:57.205+0100] {dag.py:3437} INFO - Setting next_dagrun for example_short_circuit_decorator to 2023-02-28T11:18:57.205221+00:00, run_after=2023-03-01T11:18:57.205221+00:00
[2023-03-01T12:18:57.221+0100] {processor.py:175} INFO - Processing /Users/oanottage/opt/anaconda3/lib/python3.8/site-packages/airflow/example_dags/example_short_circuit_decorator.py took 1.032 seconds
[2023-03-01T12:20:49.830+0100] {processor.py:153} INFO - Started process (PID=93083) to work on /Users/oanottage/opt/anaconda3/lib/python3.8/site-packages/airflow/example_dags/example_short_circuit_decorator.py
[2023-03-01T12:20:49.834+0100] {processor.py:743} INFO - Processing file /Users/oanottage/opt/anaconda3/lib/python3.8/site-packages/airflow/example_dags/example_short_circuit_decorator.py for tasks to queue
[2023-03-01T12:20:49.835+0100] {logging_mixin.py:137} INFO - [2023-03-01T12:20:49.835+0100] {dagbag.py:538} INFO - Filling up the DagBag from /Users/oanottage/opt/anaconda3/lib/python3.8/site-packages/airflow/example_dags/example_short_circuit_decorator.py
[2023-03-01T12:20:49.915+0100] {processor.py:753} INFO - DAG(s) dict_keys(['example_short_circuit_decorator']) retrieved from /Users/oanottage/opt/anaconda3/lib/python3.8/site-packages/airflow/example_dags/example_short_circuit_decorator.py
[2023-03-01T12:20:50.934+0100] {logging_mixin.py:137} INFO - [2023-03-01T12:20:50.934+0100] {dag.py:2690} INFO - Sync 1 DAGs
[2023-03-01T12:20:50.951+0100] {logging_mixin.py:137} INFO - [2023-03-01T12:20:50.951+0100] {dag.py:3437} INFO - Setting next_dagrun for example_short_circuit_decorator to 2023-02-28T11:20:50.951515+00:00, run_after=2023-03-01T11:20:50.951515+00:00
[2023-03-01T12:20:50.965+0100] {processor.py:175} INFO - Processing /Users/oanottage/opt/anaconda3/lib/python3.8/site-packages/airflow/example_dags/example_short_circuit_decorator.py took 1.135 seconds
[2023-03-01T12:23:21.824+0100] {processor.py:153} INFO - Started process (PID=98416) to work on /Users/oanottage/opt/anaconda3/lib/python3.8/site-packages/airflow/example_dags/example_short_circuit_decorator.py
[2023-03-01T12:23:21.828+0100] {processor.py:743} INFO - Processing file /Users/oanottage/opt/anaconda3/lib/python3.8/site-packages/airflow/example_dags/example_short_circuit_decorator.py for tasks to queue
[2023-03-01T12:23:21.829+0100] {logging_mixin.py:137} INFO - [2023-03-01T12:23:21.829+0100] {dagbag.py:538} INFO - Filling up the DagBag from /Users/oanottage/opt/anaconda3/lib/python3.8/site-packages/airflow/example_dags/example_short_circuit_decorator.py
[2023-03-01T12:23:21.924+0100] {processor.py:753} INFO - DAG(s) dict_keys(['example_short_circuit_decorator']) retrieved from /Users/oanottage/opt/anaconda3/lib/python3.8/site-packages/airflow/example_dags/example_short_circuit_decorator.py
[2023-03-01T12:23:22.748+0100] {logging_mixin.py:137} INFO - [2023-03-01T12:23:22.747+0100] {dag.py:2690} INFO - Sync 1 DAGs
[2023-03-01T12:23:22.766+0100] {logging_mixin.py:137} INFO - [2023-03-01T12:23:22.765+0100] {dag.py:3437} INFO - Setting next_dagrun for example_short_circuit_decorator to 2023-02-28T11:23:22.765792+00:00, run_after=2023-03-01T11:23:22.765792+00:00
[2023-03-01T12:23:22.786+0100] {processor.py:175} INFO - Processing /Users/oanottage/opt/anaconda3/lib/python3.8/site-packages/airflow/example_dags/example_short_circuit_decorator.py took 0.963 seconds
[2023-03-01T12:25:29.272+0100] {processor.py:153} INFO - Started process (PID=3475) to work on /Users/oanottage/opt/anaconda3/lib/python3.8/site-packages/airflow/example_dags/example_short_circuit_decorator.py
[2023-03-01T12:25:29.277+0100] {processor.py:743} INFO - Processing file /Users/oanottage/opt/anaconda3/lib/python3.8/site-packages/airflow/example_dags/example_short_circuit_decorator.py for tasks to queue
[2023-03-01T12:25:29.277+0100] {logging_mixin.py:137} INFO - [2023-03-01T12:25:29.277+0100] {dagbag.py:538} INFO - Filling up the DagBag from /Users/oanottage/opt/anaconda3/lib/python3.8/site-packages/airflow/example_dags/example_short_circuit_decorator.py
[2023-03-01T12:25:29.354+0100] {processor.py:753} INFO - DAG(s) dict_keys(['example_short_circuit_decorator']) retrieved from /Users/oanottage/opt/anaconda3/lib/python3.8/site-packages/airflow/example_dags/example_short_circuit_decorator.py
[2023-03-01T12:25:30.313+0100] {logging_mixin.py:137} INFO - [2023-03-01T12:25:30.312+0100] {dag.py:2690} INFO - Sync 1 DAGs
[2023-03-01T12:25:30.326+0100] {logging_mixin.py:137} INFO - [2023-03-01T12:25:30.326+0100] {dag.py:3437} INFO - Setting next_dagrun for example_short_circuit_decorator to 2023-02-28T11:25:30.326550+00:00, run_after=2023-03-01T11:25:30.326550+00:00
[2023-03-01T12:25:30.341+0100] {processor.py:175} INFO - Processing /Users/oanottage/opt/anaconda3/lib/python3.8/site-packages/airflow/example_dags/example_short_circuit_decorator.py took 1.069 seconds
[2023-03-01T12:27:27.693+0100] {processor.py:153} INFO - Started process (PID=7268) to work on /Users/oanottage/opt/anaconda3/lib/python3.8/site-packages/airflow/example_dags/example_short_circuit_decorator.py
[2023-03-01T12:27:27.697+0100] {processor.py:743} INFO - Processing file /Users/oanottage/opt/anaconda3/lib/python3.8/site-packages/airflow/example_dags/example_short_circuit_decorator.py for tasks to queue
[2023-03-01T12:27:27.698+0100] {logging_mixin.py:137} INFO - [2023-03-01T12:27:27.698+0100] {dagbag.py:538} INFO - Filling up the DagBag from /Users/oanottage/opt/anaconda3/lib/python3.8/site-packages/airflow/example_dags/example_short_circuit_decorator.py
[2023-03-01T12:27:27.768+0100] {processor.py:753} INFO - DAG(s) dict_keys(['example_short_circuit_decorator']) retrieved from /Users/oanottage/opt/anaconda3/lib/python3.8/site-packages/airflow/example_dags/example_short_circuit_decorator.py
[2023-03-01T12:27:28.681+0100] {logging_mixin.py:137} INFO - [2023-03-01T12:27:28.681+0100] {dag.py:2690} INFO - Sync 1 DAGs
[2023-03-01T12:27:28.695+0100] {logging_mixin.py:137} INFO - [2023-03-01T12:27:28.695+0100] {dag.py:3437} INFO - Setting next_dagrun for example_short_circuit_decorator to 2023-02-28T11:27:28.695485+00:00, run_after=2023-03-01T11:27:28.695485+00:00
[2023-03-01T12:27:28.709+0100] {processor.py:175} INFO - Processing /Users/oanottage/opt/anaconda3/lib/python3.8/site-packages/airflow/example_dags/example_short_circuit_decorator.py took 1.017 seconds
[2023-03-01T12:29:19.652+0100] {processor.py:153} INFO - Started process (PID=11477) to work on /Users/oanottage/opt/anaconda3/lib/python3.8/site-packages/airflow/example_dags/example_short_circuit_decorator.py
[2023-03-01T12:29:19.656+0100] {processor.py:743} INFO - Processing file /Users/oanottage/opt/anaconda3/lib/python3.8/site-packages/airflow/example_dags/example_short_circuit_decorator.py for tasks to queue
[2023-03-01T12:29:19.657+0100] {logging_mixin.py:137} INFO - [2023-03-01T12:29:19.657+0100] {dagbag.py:538} INFO - Filling up the DagBag from /Users/oanottage/opt/anaconda3/lib/python3.8/site-packages/airflow/example_dags/example_short_circuit_decorator.py
[2023-03-01T12:29:19.723+0100] {processor.py:753} INFO - DAG(s) dict_keys(['example_short_circuit_decorator']) retrieved from /Users/oanottage/opt/anaconda3/lib/python3.8/site-packages/airflow/example_dags/example_short_circuit_decorator.py
[2023-03-01T12:29:20.567+0100] {logging_mixin.py:137} INFO - [2023-03-01T12:29:20.566+0100] {dag.py:2690} INFO - Sync 1 DAGs
[2023-03-01T12:29:20.578+0100] {logging_mixin.py:137} INFO - [2023-03-01T12:29:20.578+0100] {dag.py:3437} INFO - Setting next_dagrun for example_short_circuit_decorator to 2023-02-28T11:29:20.578298+00:00, run_after=2023-03-01T11:29:20.578298+00:00
[2023-03-01T12:29:20.591+0100] {processor.py:175} INFO - Processing /Users/oanottage/opt/anaconda3/lib/python3.8/site-packages/airflow/example_dags/example_short_circuit_decorator.py took 0.940 seconds
[2023-03-01T12:31:09.450+0100] {processor.py:153} INFO - Started process (PID=15693) to work on /Users/oanottage/opt/anaconda3/lib/python3.8/site-packages/airflow/example_dags/example_short_circuit_decorator.py
[2023-03-01T12:31:09.453+0100] {processor.py:743} INFO - Processing file /Users/oanottage/opt/anaconda3/lib/python3.8/site-packages/airflow/example_dags/example_short_circuit_decorator.py for tasks to queue
[2023-03-01T12:31:09.454+0100] {logging_mixin.py:137} INFO - [2023-03-01T12:31:09.454+0100] {dagbag.py:538} INFO - Filling up the DagBag from /Users/oanottage/opt/anaconda3/lib/python3.8/site-packages/airflow/example_dags/example_short_circuit_decorator.py
[2023-03-01T12:31:09.517+0100] {processor.py:753} INFO - DAG(s) dict_keys(['example_short_circuit_decorator']) retrieved from /Users/oanottage/opt/anaconda3/lib/python3.8/site-packages/airflow/example_dags/example_short_circuit_decorator.py
[2023-03-01T12:31:10.358+0100] {logging_mixin.py:137} INFO - [2023-03-01T12:31:10.357+0100] {dag.py:2690} INFO - Sync 1 DAGs
[2023-03-01T12:31:10.368+0100] {logging_mixin.py:137} INFO - [2023-03-01T12:31:10.368+0100] {dag.py:3437} INFO - Setting next_dagrun for example_short_circuit_decorator to 2023-02-28T11:31:10.368632+00:00, run_after=2023-03-01T11:31:10.368632+00:00
[2023-03-01T12:31:10.380+0100] {processor.py:175} INFO - Processing /Users/oanottage/opt/anaconda3/lib/python3.8/site-packages/airflow/example_dags/example_short_circuit_decorator.py took 0.930 seconds
[2023-03-01T12:32:58.225+0100] {processor.py:153} INFO - Started process (PID=19068) to work on /Users/oanottage/opt/anaconda3/lib/python3.8/site-packages/airflow/example_dags/example_short_circuit_decorator.py
[2023-03-01T12:32:58.230+0100] {processor.py:743} INFO - Processing file /Users/oanottage/opt/anaconda3/lib/python3.8/site-packages/airflow/example_dags/example_short_circuit_decorator.py for tasks to queue
[2023-03-01T12:32:58.230+0100] {logging_mixin.py:137} INFO - [2023-03-01T12:32:58.230+0100] {dagbag.py:538} INFO - Filling up the DagBag from /Users/oanottage/opt/anaconda3/lib/python3.8/site-packages/airflow/example_dags/example_short_circuit_decorator.py
[2023-03-01T12:32:58.310+0100] {processor.py:753} INFO - DAG(s) dict_keys(['example_short_circuit_decorator']) retrieved from /Users/oanottage/opt/anaconda3/lib/python3.8/site-packages/airflow/example_dags/example_short_circuit_decorator.py
[2023-03-01T12:32:59.247+0100] {logging_mixin.py:137} INFO - [2023-03-01T12:32:59.247+0100] {dag.py:2690} INFO - Sync 1 DAGs
[2023-03-01T12:32:59.261+0100] {logging_mixin.py:137} INFO - [2023-03-01T12:32:59.260+0100] {dag.py:3437} INFO - Setting next_dagrun for example_short_circuit_decorator to 2023-02-28T11:32:59.260824+00:00, run_after=2023-03-01T11:32:59.260824+00:00
[2023-03-01T12:32:59.275+0100] {processor.py:175} INFO - Processing /Users/oanottage/opt/anaconda3/lib/python3.8/site-packages/airflow/example_dags/example_short_circuit_decorator.py took 1.050 seconds
[2023-03-01T12:34:48.305+0100] {processor.py:153} INFO - Started process (PID=23167) to work on /Users/oanottage/opt/anaconda3/lib/python3.8/site-packages/airflow/example_dags/example_short_circuit_decorator.py
[2023-03-01T12:34:48.308+0100] {processor.py:743} INFO - Processing file /Users/oanottage/opt/anaconda3/lib/python3.8/site-packages/airflow/example_dags/example_short_circuit_decorator.py for tasks to queue
[2023-03-01T12:34:48.308+0100] {logging_mixin.py:137} INFO - [2023-03-01T12:34:48.308+0100] {dagbag.py:538} INFO - Filling up the DagBag from /Users/oanottage/opt/anaconda3/lib/python3.8/site-packages/airflow/example_dags/example_short_circuit_decorator.py
[2023-03-01T12:34:48.368+0100] {processor.py:753} INFO - DAG(s) dict_keys(['example_short_circuit_decorator']) retrieved from /Users/oanottage/opt/anaconda3/lib/python3.8/site-packages/airflow/example_dags/example_short_circuit_decorator.py
[2023-03-01T12:34:49.216+0100] {logging_mixin.py:137} INFO - [2023-03-01T12:34:49.216+0100] {dag.py:2690} INFO - Sync 1 DAGs
[2023-03-01T12:34:49.227+0100] {logging_mixin.py:137} INFO - [2023-03-01T12:34:49.227+0100] {dag.py:3437} INFO - Setting next_dagrun for example_short_circuit_decorator to 2023-02-28T11:34:49.227334+00:00, run_after=2023-03-01T11:34:49.227334+00:00
[2023-03-01T12:34:49.240+0100] {processor.py:175} INFO - Processing /Users/oanottage/opt/anaconda3/lib/python3.8/site-packages/airflow/example_dags/example_short_circuit_decorator.py took 0.936 seconds
[2023-03-01T12:36:41.833+0100] {processor.py:153} INFO - Started process (PID=27400) to work on /Users/oanottage/opt/anaconda3/lib/python3.8/site-packages/airflow/example_dags/example_short_circuit_decorator.py
[2023-03-01T12:36:41.838+0100] {processor.py:743} INFO - Processing file /Users/oanottage/opt/anaconda3/lib/python3.8/site-packages/airflow/example_dags/example_short_circuit_decorator.py for tasks to queue
[2023-03-01T12:36:41.839+0100] {logging_mixin.py:137} INFO - [2023-03-01T12:36:41.838+0100] {dagbag.py:538} INFO - Filling up the DagBag from /Users/oanottage/opt/anaconda3/lib/python3.8/site-packages/airflow/example_dags/example_short_circuit_decorator.py
[2023-03-01T12:36:41.934+0100] {processor.py:753} INFO - DAG(s) dict_keys(['example_short_circuit_decorator']) retrieved from /Users/oanottage/opt/anaconda3/lib/python3.8/site-packages/airflow/example_dags/example_short_circuit_decorator.py
[2023-03-01T12:36:42.732+0100] {logging_mixin.py:137} INFO - [2023-03-01T12:36:42.732+0100] {dag.py:2690} INFO - Sync 1 DAGs
[2023-03-01T12:36:42.744+0100] {logging_mixin.py:137} INFO - [2023-03-01T12:36:42.744+0100] {dag.py:3437} INFO - Setting next_dagrun for example_short_circuit_decorator to 2023-02-28T11:36:42.744136+00:00, run_after=2023-03-01T11:36:42.744136+00:00
[2023-03-01T12:36:42.756+0100] {processor.py:175} INFO - Processing /Users/oanottage/opt/anaconda3/lib/python3.8/site-packages/airflow/example_dags/example_short_circuit_decorator.py took 0.923 seconds
[2023-03-01T12:38:37.100+0100] {processor.py:153} INFO - Started process (PID=31632) to work on /Users/oanottage/opt/anaconda3/lib/python3.8/site-packages/airflow/example_dags/example_short_circuit_decorator.py
[2023-03-01T12:38:37.104+0100] {processor.py:743} INFO - Processing file /Users/oanottage/opt/anaconda3/lib/python3.8/site-packages/airflow/example_dags/example_short_circuit_decorator.py for tasks to queue
[2023-03-01T12:38:37.104+0100] {logging_mixin.py:137} INFO - [2023-03-01T12:38:37.104+0100] {dagbag.py:538} INFO - Filling up the DagBag from /Users/oanottage/opt/anaconda3/lib/python3.8/site-packages/airflow/example_dags/example_short_circuit_decorator.py
[2023-03-01T12:38:37.169+0100] {processor.py:753} INFO - DAG(s) dict_keys(['example_short_circuit_decorator']) retrieved from /Users/oanottage/opt/anaconda3/lib/python3.8/site-packages/airflow/example_dags/example_short_circuit_decorator.py
[2023-03-01T12:38:38.029+0100] {logging_mixin.py:137} INFO - [2023-03-01T12:38:38.029+0100] {dag.py:2690} INFO - Sync 1 DAGs
[2023-03-01T12:38:38.042+0100] {logging_mixin.py:137} INFO - [2023-03-01T12:38:38.042+0100] {dag.py:3437} INFO - Setting next_dagrun for example_short_circuit_decorator to 2023-02-28T11:38:38.042244+00:00, run_after=2023-03-01T11:38:38.042244+00:00
[2023-03-01T12:38:38.057+0100] {processor.py:175} INFO - Processing /Users/oanottage/opt/anaconda3/lib/python3.8/site-packages/airflow/example_dags/example_short_circuit_decorator.py took 0.957 seconds
[2023-03-01T12:40:45.276+0100] {processor.py:153} INFO - Started process (PID=35894) to work on /Users/oanottage/opt/anaconda3/lib/python3.8/site-packages/airflow/example_dags/example_short_circuit_decorator.py
[2023-03-01T12:40:45.280+0100] {processor.py:743} INFO - Processing file /Users/oanottage/opt/anaconda3/lib/python3.8/site-packages/airflow/example_dags/example_short_circuit_decorator.py for tasks to queue
[2023-03-01T12:40:45.281+0100] {logging_mixin.py:137} INFO - [2023-03-01T12:40:45.281+0100] {dagbag.py:538} INFO - Filling up the DagBag from /Users/oanottage/opt/anaconda3/lib/python3.8/site-packages/airflow/example_dags/example_short_circuit_decorator.py
[2023-03-01T12:40:45.357+0100] {processor.py:753} INFO - DAG(s) dict_keys(['example_short_circuit_decorator']) retrieved from /Users/oanottage/opt/anaconda3/lib/python3.8/site-packages/airflow/example_dags/example_short_circuit_decorator.py
[2023-03-01T12:40:46.366+0100] {logging_mixin.py:137} INFO - [2023-03-01T12:40:46.366+0100] {dag.py:2690} INFO - Sync 1 DAGs
[2023-03-01T12:40:46.380+0100] {logging_mixin.py:137} INFO - [2023-03-01T12:40:46.380+0100] {dag.py:3437} INFO - Setting next_dagrun for example_short_circuit_decorator to 2023-02-28T11:40:46.380644+00:00, run_after=2023-03-01T11:40:46.380644+00:00
[2023-03-01T12:40:46.395+0100] {processor.py:175} INFO - Processing /Users/oanottage/opt/anaconda3/lib/python3.8/site-packages/airflow/example_dags/example_short_circuit_decorator.py took 1.120 seconds
[2023-03-01T12:42:50.253+0100] {processor.py:153} INFO - Started process (PID=40147) to work on /Users/oanottage/opt/anaconda3/lib/python3.8/site-packages/airflow/example_dags/example_short_circuit_decorator.py
[2023-03-01T12:42:50.259+0100] {processor.py:743} INFO - Processing file /Users/oanottage/opt/anaconda3/lib/python3.8/site-packages/airflow/example_dags/example_short_circuit_decorator.py for tasks to queue
[2023-03-01T12:42:50.259+0100] {logging_mixin.py:137} INFO - [2023-03-01T12:42:50.259+0100] {dagbag.py:538} INFO - Filling up the DagBag from /Users/oanottage/opt/anaconda3/lib/python3.8/site-packages/airflow/example_dags/example_short_circuit_decorator.py
[2023-03-01T12:42:50.327+0100] {processor.py:753} INFO - DAG(s) dict_keys(['example_short_circuit_decorator']) retrieved from /Users/oanottage/opt/anaconda3/lib/python3.8/site-packages/airflow/example_dags/example_short_circuit_decorator.py
[2023-03-01T12:42:51.200+0100] {logging_mixin.py:137} INFO - [2023-03-01T12:42:51.200+0100] {dag.py:2690} INFO - Sync 1 DAGs
[2023-03-01T12:42:51.214+0100] {logging_mixin.py:137} INFO - [2023-03-01T12:42:51.214+0100] {dag.py:3437} INFO - Setting next_dagrun for example_short_circuit_decorator to 2023-02-28T11:42:51.213910+00:00, run_after=2023-03-01T11:42:51.213910+00:00
[2023-03-01T12:42:51.227+0100] {processor.py:175} INFO - Processing /Users/oanottage/opt/anaconda3/lib/python3.8/site-packages/airflow/example_dags/example_short_circuit_decorator.py took 0.975 seconds
[2023-03-01T12:45:05.244+0100] {processor.py:153} INFO - Started process (PID=45448) to work on /Users/oanottage/opt/anaconda3/lib/python3.8/site-packages/airflow/example_dags/example_short_circuit_decorator.py
[2023-03-01T12:45:05.249+0100] {processor.py:743} INFO - Processing file /Users/oanottage/opt/anaconda3/lib/python3.8/site-packages/airflow/example_dags/example_short_circuit_decorator.py for tasks to queue
[2023-03-01T12:45:05.250+0100] {logging_mixin.py:137} INFO - [2023-03-01T12:45:05.250+0100] {dagbag.py:538} INFO - Filling up the DagBag from /Users/oanottage/opt/anaconda3/lib/python3.8/site-packages/airflow/example_dags/example_short_circuit_decorator.py
[2023-03-01T12:45:05.337+0100] {processor.py:753} INFO - DAG(s) dict_keys(['example_short_circuit_decorator']) retrieved from /Users/oanottage/opt/anaconda3/lib/python3.8/site-packages/airflow/example_dags/example_short_circuit_decorator.py
[2023-03-01T12:45:06.911+0100] {logging_mixin.py:137} INFO - [2023-03-01T12:45:06.911+0100] {dag.py:2690} INFO - Sync 1 DAGs
[2023-03-01T12:45:06.936+0100] {logging_mixin.py:137} INFO - [2023-03-01T12:45:06.936+0100] {dag.py:3437} INFO - Setting next_dagrun for example_short_circuit_decorator to 2023-02-28T11:45:06.935878+00:00, run_after=2023-03-01T11:45:06.935878+00:00
[2023-03-01T12:45:06.963+0100] {processor.py:175} INFO - Processing /Users/oanottage/opt/anaconda3/lib/python3.8/site-packages/airflow/example_dags/example_short_circuit_decorator.py took 1.720 seconds
[2023-03-01T12:47:07.006+0100] {processor.py:153} INFO - Started process (PID=49758) to work on /Users/oanottage/opt/anaconda3/lib/python3.8/site-packages/airflow/example_dags/example_short_circuit_decorator.py
[2023-03-01T12:47:07.012+0100] {processor.py:743} INFO - Processing file /Users/oanottage/opt/anaconda3/lib/python3.8/site-packages/airflow/example_dags/example_short_circuit_decorator.py for tasks to queue
[2023-03-01T12:47:07.013+0100] {logging_mixin.py:137} INFO - [2023-03-01T12:47:07.012+0100] {dagbag.py:538} INFO - Filling up the DagBag from /Users/oanottage/opt/anaconda3/lib/python3.8/site-packages/airflow/example_dags/example_short_circuit_decorator.py
[2023-03-01T12:47:07.131+0100] {processor.py:753} INFO - DAG(s) dict_keys(['example_short_circuit_decorator']) retrieved from /Users/oanottage/opt/anaconda3/lib/python3.8/site-packages/airflow/example_dags/example_short_circuit_decorator.py
[2023-03-01T12:47:08.268+0100] {logging_mixin.py:137} INFO - [2023-03-01T12:47:08.268+0100] {dag.py:2690} INFO - Sync 1 DAGs
[2023-03-01T12:47:08.281+0100] {logging_mixin.py:137} INFO - [2023-03-01T12:47:08.281+0100] {dag.py:3437} INFO - Setting next_dagrun for example_short_circuit_decorator to 2023-02-28T11:47:08.281253+00:00, run_after=2023-03-01T11:47:08.281253+00:00
[2023-03-01T12:47:08.295+0100] {processor.py:175} INFO - Processing /Users/oanottage/opt/anaconda3/lib/python3.8/site-packages/airflow/example_dags/example_short_circuit_decorator.py took 1.290 seconds
[2023-03-01T12:49:16.136+0100] {processor.py:153} INFO - Started process (PID=54055) to work on /Users/oanottage/opt/anaconda3/lib/python3.8/site-packages/airflow/example_dags/example_short_circuit_decorator.py
[2023-03-01T12:49:16.140+0100] {processor.py:743} INFO - Processing file /Users/oanottage/opt/anaconda3/lib/python3.8/site-packages/airflow/example_dags/example_short_circuit_decorator.py for tasks to queue
[2023-03-01T12:49:16.140+0100] {logging_mixin.py:137} INFO - [2023-03-01T12:49:16.140+0100] {dagbag.py:538} INFO - Filling up the DagBag from /Users/oanottage/opt/anaconda3/lib/python3.8/site-packages/airflow/example_dags/example_short_circuit_decorator.py
[2023-03-01T12:49:16.214+0100] {processor.py:753} INFO - DAG(s) dict_keys(['example_short_circuit_decorator']) retrieved from /Users/oanottage/opt/anaconda3/lib/python3.8/site-packages/airflow/example_dags/example_short_circuit_decorator.py
[2023-03-01T12:49:17.448+0100] {logging_mixin.py:137} INFO - [2023-03-01T12:49:17.448+0100] {dag.py:2690} INFO - Sync 1 DAGs
[2023-03-01T12:49:17.461+0100] {logging_mixin.py:137} INFO - [2023-03-01T12:49:17.461+0100] {dag.py:3437} INFO - Setting next_dagrun for example_short_circuit_decorator to 2023-02-28T11:49:17.461483+00:00, run_after=2023-03-01T11:49:17.461483+00:00
[2023-03-01T12:49:17.475+0100] {processor.py:175} INFO - Processing /Users/oanottage/opt/anaconda3/lib/python3.8/site-packages/airflow/example_dags/example_short_circuit_decorator.py took 1.340 seconds
[2023-03-01T12:51:14.916+0100] {processor.py:153} INFO - Started process (PID=58345) to work on /Users/oanottage/opt/anaconda3/lib/python3.8/site-packages/airflow/example_dags/example_short_circuit_decorator.py
[2023-03-01T12:51:14.920+0100] {processor.py:743} INFO - Processing file /Users/oanottage/opt/anaconda3/lib/python3.8/site-packages/airflow/example_dags/example_short_circuit_decorator.py for tasks to queue
[2023-03-01T12:51:14.920+0100] {logging_mixin.py:137} INFO - [2023-03-01T12:51:14.920+0100] {dagbag.py:538} INFO - Filling up the DagBag from /Users/oanottage/opt/anaconda3/lib/python3.8/site-packages/airflow/example_dags/example_short_circuit_decorator.py
[2023-03-01T12:51:15.004+0100] {processor.py:753} INFO - DAG(s) dict_keys(['example_short_circuit_decorator']) retrieved from /Users/oanottage/opt/anaconda3/lib/python3.8/site-packages/airflow/example_dags/example_short_circuit_decorator.py
[2023-03-01T12:51:15.804+0100] {logging_mixin.py:137} INFO - [2023-03-01T12:51:15.804+0100] {dag.py:2690} INFO - Sync 1 DAGs
[2023-03-01T12:51:15.815+0100] {logging_mixin.py:137} INFO - [2023-03-01T12:51:15.815+0100] {dag.py:3437} INFO - Setting next_dagrun for example_short_circuit_decorator to 2023-02-28T11:51:15.815513+00:00, run_after=2023-03-01T11:51:15.815513+00:00
[2023-03-01T12:51:15.829+0100] {processor.py:175} INFO - Processing /Users/oanottage/opt/anaconda3/lib/python3.8/site-packages/airflow/example_dags/example_short_circuit_decorator.py took 0.914 seconds
[2023-03-01T12:53:16.677+0100] {processor.py:153} INFO - Started process (PID=62602) to work on /Users/oanottage/opt/anaconda3/lib/python3.8/site-packages/airflow/example_dags/example_short_circuit_decorator.py
[2023-03-01T12:53:16.682+0100] {processor.py:743} INFO - Processing file /Users/oanottage/opt/anaconda3/lib/python3.8/site-packages/airflow/example_dags/example_short_circuit_decorator.py for tasks to queue
[2023-03-01T12:53:16.682+0100] {logging_mixin.py:137} INFO - [2023-03-01T12:53:16.682+0100] {dagbag.py:538} INFO - Filling up the DagBag from /Users/oanottage/opt/anaconda3/lib/python3.8/site-packages/airflow/example_dags/example_short_circuit_decorator.py
[2023-03-01T12:53:16.746+0100] {processor.py:753} INFO - DAG(s) dict_keys(['example_short_circuit_decorator']) retrieved from /Users/oanottage/opt/anaconda3/lib/python3.8/site-packages/airflow/example_dags/example_short_circuit_decorator.py
[2023-03-01T12:53:17.623+0100] {logging_mixin.py:137} INFO - [2023-03-01T12:53:17.623+0100] {dag.py:2690} INFO - Sync 1 DAGs
[2023-03-01T12:53:17.635+0100] {logging_mixin.py:137} INFO - [2023-03-01T12:53:17.634+0100] {dag.py:3437} INFO - Setting next_dagrun for example_short_circuit_decorator to 2023-02-28T11:53:17.634818+00:00, run_after=2023-03-01T11:53:17.634818+00:00
[2023-03-01T12:53:17.647+0100] {processor.py:175} INFO - Processing /Users/oanottage/opt/anaconda3/lib/python3.8/site-packages/airflow/example_dags/example_short_circuit_decorator.py took 0.970 seconds
[2023-03-01T12:55:16.005+0100] {processor.py:153} INFO - Started process (PID=66902) to work on /Users/oanottage/opt/anaconda3/lib/python3.8/site-packages/airflow/example_dags/example_short_circuit_decorator.py
[2023-03-01T12:55:16.009+0100] {processor.py:743} INFO - Processing file /Users/oanottage/opt/anaconda3/lib/python3.8/site-packages/airflow/example_dags/example_short_circuit_decorator.py for tasks to queue
[2023-03-01T12:55:16.009+0100] {logging_mixin.py:137} INFO - [2023-03-01T12:55:16.009+0100] {dagbag.py:538} INFO - Filling up the DagBag from /Users/oanottage/opt/anaconda3/lib/python3.8/site-packages/airflow/example_dags/example_short_circuit_decorator.py
[2023-03-01T12:55:16.076+0100] {processor.py:753} INFO - DAG(s) dict_keys(['example_short_circuit_decorator']) retrieved from /Users/oanottage/opt/anaconda3/lib/python3.8/site-packages/airflow/example_dags/example_short_circuit_decorator.py
[2023-03-01T12:55:16.845+0100] {logging_mixin.py:137} INFO - [2023-03-01T12:55:16.845+0100] {dag.py:2690} INFO - Sync 1 DAGs
[2023-03-01T12:55:16.856+0100] {logging_mixin.py:137} INFO - [2023-03-01T12:55:16.856+0100] {dag.py:3437} INFO - Setting next_dagrun for example_short_circuit_decorator to 2023-02-28T11:55:16.856388+00:00, run_after=2023-03-01T11:55:16.856388+00:00
[2023-03-01T12:55:16.868+0100] {processor.py:175} INFO - Processing /Users/oanottage/opt/anaconda3/lib/python3.8/site-packages/airflow/example_dags/example_short_circuit_decorator.py took 0.864 seconds
[2023-03-01T12:57:06.982+0100] {processor.py:153} INFO - Started process (PID=71165) to work on /Users/oanottage/opt/anaconda3/lib/python3.8/site-packages/airflow/example_dags/example_short_circuit_decorator.py
[2023-03-01T12:57:06.986+0100] {processor.py:743} INFO - Processing file /Users/oanottage/opt/anaconda3/lib/python3.8/site-packages/airflow/example_dags/example_short_circuit_decorator.py for tasks to queue
[2023-03-01T12:57:06.987+0100] {logging_mixin.py:137} INFO - [2023-03-01T12:57:06.987+0100] {dagbag.py:538} INFO - Filling up the DagBag from /Users/oanottage/opt/anaconda3/lib/python3.8/site-packages/airflow/example_dags/example_short_circuit_decorator.py
[2023-03-01T12:57:07.063+0100] {processor.py:753} INFO - DAG(s) dict_keys(['example_short_circuit_decorator']) retrieved from /Users/oanottage/opt/anaconda3/lib/python3.8/site-packages/airflow/example_dags/example_short_circuit_decorator.py
[2023-03-01T12:57:07.853+0100] {logging_mixin.py:137} INFO - [2023-03-01T12:57:07.853+0100] {dag.py:2690} INFO - Sync 1 DAGs
[2023-03-01T12:57:07.864+0100] {logging_mixin.py:137} INFO - [2023-03-01T12:57:07.864+0100] {dag.py:3437} INFO - Setting next_dagrun for example_short_circuit_decorator to 2023-02-28T11:57:07.864137+00:00, run_after=2023-03-01T11:57:07.864137+00:00
[2023-03-01T12:57:07.877+0100] {processor.py:175} INFO - Processing /Users/oanottage/opt/anaconda3/lib/python3.8/site-packages/airflow/example_dags/example_short_circuit_decorator.py took 0.896 seconds
[2023-03-01T12:59:04.534+0100] {processor.py:153} INFO - Started process (PID=75455) to work on /Users/oanottage/opt/anaconda3/lib/python3.8/site-packages/airflow/example_dags/example_short_circuit_decorator.py
[2023-03-01T12:59:04.539+0100] {processor.py:743} INFO - Processing file /Users/oanottage/opt/anaconda3/lib/python3.8/site-packages/airflow/example_dags/example_short_circuit_decorator.py for tasks to queue
[2023-03-01T12:59:04.540+0100] {logging_mixin.py:137} INFO - [2023-03-01T12:59:04.540+0100] {dagbag.py:538} INFO - Filling up the DagBag from /Users/oanottage/opt/anaconda3/lib/python3.8/site-packages/airflow/example_dags/example_short_circuit_decorator.py
[2023-03-01T12:59:04.606+0100] {processor.py:753} INFO - DAG(s) dict_keys(['example_short_circuit_decorator']) retrieved from /Users/oanottage/opt/anaconda3/lib/python3.8/site-packages/airflow/example_dags/example_short_circuit_decorator.py
[2023-03-01T12:59:05.571+0100] {logging_mixin.py:137} INFO - [2023-03-01T12:59:05.571+0100] {dag.py:2690} INFO - Sync 1 DAGs
[2023-03-01T12:59:05.585+0100] {logging_mixin.py:137} INFO - [2023-03-01T12:59:05.585+0100] {dag.py:3437} INFO - Setting next_dagrun for example_short_circuit_decorator to 2023-02-28T11:59:05.585717+00:00, run_after=2023-03-01T11:59:05.585717+00:00
[2023-03-01T12:59:05.600+0100] {processor.py:175} INFO - Processing /Users/oanottage/opt/anaconda3/lib/python3.8/site-packages/airflow/example_dags/example_short_circuit_decorator.py took 1.066 seconds
[2023-03-01T13:01:01.640+0100] {processor.py:153} INFO - Started process (PID=79724) to work on /Users/oanottage/opt/anaconda3/lib/python3.8/site-packages/airflow/example_dags/example_short_circuit_decorator.py
[2023-03-01T13:01:01.644+0100] {processor.py:743} INFO - Processing file /Users/oanottage/opt/anaconda3/lib/python3.8/site-packages/airflow/example_dags/example_short_circuit_decorator.py for tasks to queue
[2023-03-01T13:01:01.644+0100] {logging_mixin.py:137} INFO - [2023-03-01T13:01:01.644+0100] {dagbag.py:538} INFO - Filling up the DagBag from /Users/oanottage/opt/anaconda3/lib/python3.8/site-packages/airflow/example_dags/example_short_circuit_decorator.py
[2023-03-01T13:01:01.714+0100] {processor.py:753} INFO - DAG(s) dict_keys(['example_short_circuit_decorator']) retrieved from /Users/oanottage/opt/anaconda3/lib/python3.8/site-packages/airflow/example_dags/example_short_circuit_decorator.py
[2023-03-01T13:01:02.587+0100] {logging_mixin.py:137} INFO - [2023-03-01T13:01:02.587+0100] {dag.py:2690} INFO - Sync 1 DAGs
[2023-03-01T13:01:02.598+0100] {logging_mixin.py:137} INFO - [2023-03-01T13:01:02.598+0100] {dag.py:3437} INFO - Setting next_dagrun for example_short_circuit_decorator to 2023-02-28T12:01:02.598431+00:00, run_after=2023-03-01T12:01:02.598431+00:00
[2023-03-01T13:01:02.610+0100] {processor.py:175} INFO - Processing /Users/oanottage/opt/anaconda3/lib/python3.8/site-packages/airflow/example_dags/example_short_circuit_decorator.py took 0.971 seconds
