[2023-03-01T12:03:29.756+0100] {processor.py:153} INFO - Started process (PID=56781) to work on /Users/oanottage/opt/anaconda3/lib/python3.8/site-packages/airflow/example_dags/example_nested_branch_dag.py
[2023-03-01T12:03:29.763+0100] {processor.py:743} INFO - Processing file /Users/oanottage/opt/anaconda3/lib/python3.8/site-packages/airflow/example_dags/example_nested_branch_dag.py for tasks to queue
[2023-03-01T12:03:29.764+0100] {logging_mixin.py:137} INFO - [2023-03-01T12:03:29.764+0100] {dagbag.py:538} INFO - Filling up the DagBag from /Users/oanottage/opt/anaconda3/lib/python3.8/site-packages/airflow/example_dags/example_nested_branch_dag.py
[2023-03-01T12:03:29.909+0100] {processor.py:753} INFO - DAG(s) dict_keys(['example_nested_branch_dag']) retrieved from /Users/oanottage/opt/anaconda3/lib/python3.8/site-packages/airflow/example_dags/example_nested_branch_dag.py
[2023-03-01T12:03:31.013+0100] {logging_mixin.py:137} INFO - [2023-03-01T12:03:31.013+0100] {manager.py:504} INFO - Created Permission View: can delete on DAG:example_nested_branch_dag
[2023-03-01T12:03:31.021+0100] {logging_mixin.py:137} INFO - [2023-03-01T12:03:31.021+0100] {manager.py:504} INFO - Created Permission View: can edit on DAG:example_nested_branch_dag
[2023-03-01T12:03:31.029+0100] {logging_mixin.py:137} INFO - [2023-03-01T12:03:31.028+0100] {manager.py:504} INFO - Created Permission View: can read on DAG:example_nested_branch_dag
[2023-03-01T12:03:31.029+0100] {logging_mixin.py:137} INFO - [2023-03-01T12:03:31.029+0100] {dag.py:2690} INFO - Sync 1 DAGs
[2023-03-01T12:03:31.042+0100] {logging_mixin.py:137} INFO - [2023-03-01T12:03:31.042+0100] {dag.py:2711} INFO - Creating ORM DAG for example_nested_branch_dag
[2023-03-01T12:03:31.054+0100] {logging_mixin.py:137} INFO - [2023-03-01T12:03:31.054+0100] {dag.py:3437} INFO - Setting next_dagrun for example_nested_branch_dag to 2023-02-28T00:00:00+00:00, run_after=2023-03-01T00:00:00+00:00
[2023-03-01T12:03:31.079+0100] {processor.py:175} INFO - Processing /Users/oanottage/opt/anaconda3/lib/python3.8/site-packages/airflow/example_dags/example_nested_branch_dag.py took 1.324 seconds
[2023-03-01T12:05:31.469+0100] {processor.py:153} INFO - Started process (PID=61453) to work on /Users/oanottage/opt/anaconda3/lib/python3.8/site-packages/airflow/example_dags/example_nested_branch_dag.py
[2023-03-01T12:05:31.474+0100] {processor.py:743} INFO - Processing file /Users/oanottage/opt/anaconda3/lib/python3.8/site-packages/airflow/example_dags/example_nested_branch_dag.py for tasks to queue
[2023-03-01T12:05:31.475+0100] {logging_mixin.py:137} INFO - [2023-03-01T12:05:31.474+0100] {dagbag.py:538} INFO - Filling up the DagBag from /Users/oanottage/opt/anaconda3/lib/python3.8/site-packages/airflow/example_dags/example_nested_branch_dag.py
[2023-03-01T12:05:31.565+0100] {processor.py:753} INFO - DAG(s) dict_keys(['example_nested_branch_dag']) retrieved from /Users/oanottage/opt/anaconda3/lib/python3.8/site-packages/airflow/example_dags/example_nested_branch_dag.py
[2023-03-01T12:05:32.562+0100] {logging_mixin.py:137} INFO - [2023-03-01T12:05:32.562+0100] {dag.py:2690} INFO - Sync 1 DAGs
[2023-03-01T12:05:32.583+0100] {logging_mixin.py:137} INFO - [2023-03-01T12:05:32.583+0100] {dag.py:3437} INFO - Setting next_dagrun for example_nested_branch_dag to 2023-02-28T00:00:00+00:00, run_after=2023-03-01T00:00:00+00:00
[2023-03-01T12:05:32.602+0100] {processor.py:175} INFO - Processing /Users/oanottage/opt/anaconda3/lib/python3.8/site-packages/airflow/example_dags/example_nested_branch_dag.py took 1.134 seconds
[2023-03-01T12:07:26.311+0100] {processor.py:153} INFO - Started process (PID=64631) to work on /Users/oanottage/opt/anaconda3/lib/python3.8/site-packages/airflow/example_dags/example_nested_branch_dag.py
[2023-03-01T12:07:26.316+0100] {processor.py:743} INFO - Processing file /Users/oanottage/opt/anaconda3/lib/python3.8/site-packages/airflow/example_dags/example_nested_branch_dag.py for tasks to queue
[2023-03-01T12:07:26.317+0100] {logging_mixin.py:137} INFO - [2023-03-01T12:07:26.317+0100] {dagbag.py:538} INFO - Filling up the DagBag from /Users/oanottage/opt/anaconda3/lib/python3.8/site-packages/airflow/example_dags/example_nested_branch_dag.py
[2023-03-01T12:07:26.387+0100] {processor.py:753} INFO - DAG(s) dict_keys(['example_nested_branch_dag']) retrieved from /Users/oanottage/opt/anaconda3/lib/python3.8/site-packages/airflow/example_dags/example_nested_branch_dag.py
[2023-03-01T12:07:27.253+0100] {logging_mixin.py:137} INFO - [2023-03-01T12:07:27.253+0100] {dag.py:2690} INFO - Sync 1 DAGs
[2023-03-01T12:07:27.268+0100] {logging_mixin.py:137} INFO - [2023-03-01T12:07:27.268+0100] {dag.py:3437} INFO - Setting next_dagrun for example_nested_branch_dag to 2023-02-28T00:00:00+00:00, run_after=2023-03-01T00:00:00+00:00
[2023-03-01T12:07:27.282+0100] {processor.py:175} INFO - Processing /Users/oanottage/opt/anaconda3/lib/python3.8/site-packages/airflow/example_dags/example_nested_branch_dag.py took 0.971 seconds
[2023-03-01T12:09:16.321+0100] {processor.py:153} INFO - Started process (PID=68799) to work on /Users/oanottage/opt/anaconda3/lib/python3.8/site-packages/airflow/example_dags/example_nested_branch_dag.py
[2023-03-01T12:09:16.325+0100] {processor.py:743} INFO - Processing file /Users/oanottage/opt/anaconda3/lib/python3.8/site-packages/airflow/example_dags/example_nested_branch_dag.py for tasks to queue
[2023-03-01T12:09:16.326+0100] {logging_mixin.py:137} INFO - [2023-03-01T12:09:16.326+0100] {dagbag.py:538} INFO - Filling up the DagBag from /Users/oanottage/opt/anaconda3/lib/python3.8/site-packages/airflow/example_dags/example_nested_branch_dag.py
[2023-03-01T12:09:16.392+0100] {processor.py:753} INFO - DAG(s) dict_keys(['example_nested_branch_dag']) retrieved from /Users/oanottage/opt/anaconda3/lib/python3.8/site-packages/airflow/example_dags/example_nested_branch_dag.py
[2023-03-01T12:09:17.317+0100] {logging_mixin.py:137} INFO - [2023-03-01T12:09:17.317+0100] {dag.py:2690} INFO - Sync 1 DAGs
[2023-03-01T12:09:17.329+0100] {logging_mixin.py:137} INFO - [2023-03-01T12:09:17.329+0100] {dag.py:3437} INFO - Setting next_dagrun for example_nested_branch_dag to 2023-02-28T00:00:00+00:00, run_after=2023-03-01T00:00:00+00:00
[2023-03-01T12:09:17.341+0100] {processor.py:175} INFO - Processing /Users/oanottage/opt/anaconda3/lib/python3.8/site-packages/airflow/example_dags/example_nested_branch_dag.py took 1.020 seconds
[2023-03-01T12:11:21.613+0100] {processor.py:153} INFO - Started process (PID=73047) to work on /Users/oanottage/opt/anaconda3/lib/python3.8/site-packages/airflow/example_dags/example_nested_branch_dag.py
[2023-03-01T12:11:21.619+0100] {processor.py:743} INFO - Processing file /Users/oanottage/opt/anaconda3/lib/python3.8/site-packages/airflow/example_dags/example_nested_branch_dag.py for tasks to queue
[2023-03-01T12:11:21.620+0100] {logging_mixin.py:137} INFO - [2023-03-01T12:11:21.619+0100] {dagbag.py:538} INFO - Filling up the DagBag from /Users/oanottage/opt/anaconda3/lib/python3.8/site-packages/airflow/example_dags/example_nested_branch_dag.py
[2023-03-01T12:11:21.766+0100] {processor.py:753} INFO - DAG(s) dict_keys(['example_nested_branch_dag']) retrieved from /Users/oanottage/opt/anaconda3/lib/python3.8/site-packages/airflow/example_dags/example_nested_branch_dag.py
[2023-03-01T12:11:22.942+0100] {logging_mixin.py:137} INFO - [2023-03-01T12:11:22.942+0100] {dag.py:2690} INFO - Sync 1 DAGs
[2023-03-01T12:11:22.967+0100] {logging_mixin.py:137} INFO - [2023-03-01T12:11:22.967+0100] {dag.py:3437} INFO - Setting next_dagrun for example_nested_branch_dag to 2023-02-28T00:00:00+00:00, run_after=2023-03-01T00:00:00+00:00
[2023-03-01T12:11:22.990+0100] {processor.py:175} INFO - Processing /Users/oanottage/opt/anaconda3/lib/python3.8/site-packages/airflow/example_dags/example_nested_branch_dag.py took 1.378 seconds
[2023-03-01T12:13:19.921+0100] {processor.py:153} INFO - Started process (PID=77326) to work on /Users/oanottage/opt/anaconda3/lib/python3.8/site-packages/airflow/example_dags/example_nested_branch_dag.py
[2023-03-01T12:13:19.927+0100] {processor.py:743} INFO - Processing file /Users/oanottage/opt/anaconda3/lib/python3.8/site-packages/airflow/example_dags/example_nested_branch_dag.py for tasks to queue
[2023-03-01T12:13:19.927+0100] {logging_mixin.py:137} INFO - [2023-03-01T12:13:19.927+0100] {dagbag.py:538} INFO - Filling up the DagBag from /Users/oanottage/opt/anaconda3/lib/python3.8/site-packages/airflow/example_dags/example_nested_branch_dag.py
[2023-03-01T12:13:20.001+0100] {processor.py:753} INFO - DAG(s) dict_keys(['example_nested_branch_dag']) retrieved from /Users/oanottage/opt/anaconda3/lib/python3.8/site-packages/airflow/example_dags/example_nested_branch_dag.py
[2023-03-01T12:13:20.903+0100] {logging_mixin.py:137} INFO - [2023-03-01T12:13:20.903+0100] {dag.py:2690} INFO - Sync 1 DAGs
[2023-03-01T12:13:20.925+0100] {logging_mixin.py:137} INFO - [2023-03-01T12:13:20.925+0100] {dag.py:3437} INFO - Setting next_dagrun for example_nested_branch_dag to 2023-02-28T00:00:00+00:00, run_after=2023-03-01T00:00:00+00:00
[2023-03-01T12:13:20.944+0100] {processor.py:175} INFO - Processing /Users/oanottage/opt/anaconda3/lib/python3.8/site-packages/airflow/example_dags/example_nested_branch_dag.py took 1.024 seconds
[2023-03-01T12:15:11.611+0100] {processor.py:153} INFO - Started process (PID=81499) to work on /Users/oanottage/opt/anaconda3/lib/python3.8/site-packages/airflow/example_dags/example_nested_branch_dag.py
[2023-03-01T12:15:11.615+0100] {processor.py:743} INFO - Processing file /Users/oanottage/opt/anaconda3/lib/python3.8/site-packages/airflow/example_dags/example_nested_branch_dag.py for tasks to queue
[2023-03-01T12:15:11.615+0100] {logging_mixin.py:137} INFO - [2023-03-01T12:15:11.615+0100] {dagbag.py:538} INFO - Filling up the DagBag from /Users/oanottage/opt/anaconda3/lib/python3.8/site-packages/airflow/example_dags/example_nested_branch_dag.py
[2023-03-01T12:15:11.682+0100] {processor.py:753} INFO - DAG(s) dict_keys(['example_nested_branch_dag']) retrieved from /Users/oanottage/opt/anaconda3/lib/python3.8/site-packages/airflow/example_dags/example_nested_branch_dag.py
[2023-03-01T12:15:12.580+0100] {logging_mixin.py:137} INFO - [2023-03-01T12:15:12.580+0100] {dag.py:2690} INFO - Sync 1 DAGs
[2023-03-01T12:15:12.594+0100] {logging_mixin.py:137} INFO - [2023-03-01T12:15:12.594+0100] {dag.py:3437} INFO - Setting next_dagrun for example_nested_branch_dag to 2023-02-28T00:00:00+00:00, run_after=2023-03-01T00:00:00+00:00
[2023-03-01T12:15:12.608+0100] {processor.py:175} INFO - Processing /Users/oanottage/opt/anaconda3/lib/python3.8/site-packages/airflow/example_dags/example_nested_branch_dag.py took 0.997 seconds
[2023-03-01T12:17:14.758+0100] {processor.py:153} INFO - Started process (PID=85673) to work on /Users/oanottage/opt/anaconda3/lib/python3.8/site-packages/airflow/example_dags/example_nested_branch_dag.py
[2023-03-01T12:17:14.762+0100] {processor.py:743} INFO - Processing file /Users/oanottage/opt/anaconda3/lib/python3.8/site-packages/airflow/example_dags/example_nested_branch_dag.py for tasks to queue
[2023-03-01T12:17:14.762+0100] {logging_mixin.py:137} INFO - [2023-03-01T12:17:14.762+0100] {dagbag.py:538} INFO - Filling up the DagBag from /Users/oanottage/opt/anaconda3/lib/python3.8/site-packages/airflow/example_dags/example_nested_branch_dag.py
[2023-03-01T12:17:14.836+0100] {processor.py:753} INFO - DAG(s) dict_keys(['example_nested_branch_dag']) retrieved from /Users/oanottage/opt/anaconda3/lib/python3.8/site-packages/airflow/example_dags/example_nested_branch_dag.py
[2023-03-01T12:17:15.741+0100] {logging_mixin.py:137} INFO - [2023-03-01T12:17:15.741+0100] {dag.py:2690} INFO - Sync 1 DAGs
[2023-03-01T12:17:15.753+0100] {logging_mixin.py:137} INFO - [2023-03-01T12:17:15.753+0100] {dag.py:3437} INFO - Setting next_dagrun for example_nested_branch_dag to 2023-02-28T00:00:00+00:00, run_after=2023-03-01T00:00:00+00:00
[2023-03-01T12:17:15.767+0100] {processor.py:175} INFO - Processing /Users/oanottage/opt/anaconda3/lib/python3.8/site-packages/airflow/example_dags/example_nested_branch_dag.py took 1.010 seconds
[2023-03-01T12:19:10.617+0100] {processor.py:153} INFO - Started process (PID=89892) to work on /Users/oanottage/opt/anaconda3/lib/python3.8/site-packages/airflow/example_dags/example_nested_branch_dag.py
[2023-03-01T12:19:10.620+0100] {processor.py:743} INFO - Processing file /Users/oanottage/opt/anaconda3/lib/python3.8/site-packages/airflow/example_dags/example_nested_branch_dag.py for tasks to queue
[2023-03-01T12:19:10.621+0100] {logging_mixin.py:137} INFO - [2023-03-01T12:19:10.621+0100] {dagbag.py:538} INFO - Filling up the DagBag from /Users/oanottage/opt/anaconda3/lib/python3.8/site-packages/airflow/example_dags/example_nested_branch_dag.py
[2023-03-01T12:19:10.686+0100] {processor.py:753} INFO - DAG(s) dict_keys(['example_nested_branch_dag']) retrieved from /Users/oanottage/opt/anaconda3/lib/python3.8/site-packages/airflow/example_dags/example_nested_branch_dag.py
[2023-03-01T12:19:11.542+0100] {logging_mixin.py:137} INFO - [2023-03-01T12:19:11.541+0100] {dag.py:2690} INFO - Sync 1 DAGs
[2023-03-01T12:19:11.554+0100] {logging_mixin.py:137} INFO - [2023-03-01T12:19:11.554+0100] {dag.py:3437} INFO - Setting next_dagrun for example_nested_branch_dag to 2023-02-28T00:00:00+00:00, run_after=2023-03-01T00:00:00+00:00
[2023-03-01T12:19:11.567+0100] {processor.py:175} INFO - Processing /Users/oanottage/opt/anaconda3/lib/python3.8/site-packages/airflow/example_dags/example_nested_branch_dag.py took 0.950 seconds
[2023-03-01T12:21:07.999+0100] {processor.py:153} INFO - Started process (PID=94133) to work on /Users/oanottage/opt/anaconda3/lib/python3.8/site-packages/airflow/example_dags/example_nested_branch_dag.py
[2023-03-01T12:21:08.005+0100] {processor.py:743} INFO - Processing file /Users/oanottage/opt/anaconda3/lib/python3.8/site-packages/airflow/example_dags/example_nested_branch_dag.py for tasks to queue
[2023-03-01T12:21:08.006+0100] {logging_mixin.py:137} INFO - [2023-03-01T12:21:08.006+0100] {dagbag.py:538} INFO - Filling up the DagBag from /Users/oanottage/opt/anaconda3/lib/python3.8/site-packages/airflow/example_dags/example_nested_branch_dag.py
[2023-03-01T12:21:08.118+0100] {processor.py:753} INFO - DAG(s) dict_keys(['example_nested_branch_dag']) retrieved from /Users/oanottage/opt/anaconda3/lib/python3.8/site-packages/airflow/example_dags/example_nested_branch_dag.py
[2023-03-01T12:21:09.239+0100] {logging_mixin.py:137} INFO - [2023-03-01T12:21:09.239+0100] {dag.py:2690} INFO - Sync 1 DAGs
[2023-03-01T12:21:09.259+0100] {logging_mixin.py:137} INFO - [2023-03-01T12:21:09.259+0100] {dag.py:3437} INFO - Setting next_dagrun for example_nested_branch_dag to 2023-02-28T00:00:00+00:00, run_after=2023-03-01T00:00:00+00:00
[2023-03-01T12:21:09.280+0100] {processor.py:175} INFO - Processing /Users/oanottage/opt/anaconda3/lib/python3.8/site-packages/airflow/example_dags/example_nested_branch_dag.py took 1.282 seconds
[2023-03-01T12:23:37.715+0100] {processor.py:153} INFO - Started process (PID=99470) to work on /Users/oanottage/opt/anaconda3/lib/python3.8/site-packages/airflow/example_dags/example_nested_branch_dag.py
[2023-03-01T12:23:37.718+0100] {processor.py:743} INFO - Processing file /Users/oanottage/opt/anaconda3/lib/python3.8/site-packages/airflow/example_dags/example_nested_branch_dag.py for tasks to queue
[2023-03-01T12:23:37.719+0100] {logging_mixin.py:137} INFO - [2023-03-01T12:23:37.719+0100] {dagbag.py:538} INFO - Filling up the DagBag from /Users/oanottage/opt/anaconda3/lib/python3.8/site-packages/airflow/example_dags/example_nested_branch_dag.py
[2023-03-01T12:23:37.787+0100] {processor.py:753} INFO - DAG(s) dict_keys(['example_nested_branch_dag']) retrieved from /Users/oanottage/opt/anaconda3/lib/python3.8/site-packages/airflow/example_dags/example_nested_branch_dag.py
[2023-03-01T12:23:38.746+0100] {logging_mixin.py:137} INFO - [2023-03-01T12:23:38.745+0100] {dag.py:2690} INFO - Sync 1 DAGs
[2023-03-01T12:23:38.764+0100] {logging_mixin.py:137} INFO - [2023-03-01T12:23:38.764+0100] {dag.py:3437} INFO - Setting next_dagrun for example_nested_branch_dag to 2023-02-28T00:00:00+00:00, run_after=2023-03-01T00:00:00+00:00
[2023-03-01T12:23:38.783+0100] {processor.py:175} INFO - Processing /Users/oanottage/opt/anaconda3/lib/python3.8/site-packages/airflow/example_dags/example_nested_branch_dag.py took 1.068 seconds
[2023-03-01T12:25:46.857+0100] {processor.py:153} INFO - Started process (PID=4075) to work on /Users/oanottage/opt/anaconda3/lib/python3.8/site-packages/airflow/example_dags/example_nested_branch_dag.py
[2023-03-01T12:25:46.862+0100] {processor.py:743} INFO - Processing file /Users/oanottage/opt/anaconda3/lib/python3.8/site-packages/airflow/example_dags/example_nested_branch_dag.py for tasks to queue
[2023-03-01T12:25:46.862+0100] {logging_mixin.py:137} INFO - [2023-03-01T12:25:46.862+0100] {dagbag.py:538} INFO - Filling up the DagBag from /Users/oanottage/opt/anaconda3/lib/python3.8/site-packages/airflow/example_dags/example_nested_branch_dag.py
[2023-03-01T12:25:46.962+0100] {processor.py:753} INFO - DAG(s) dict_keys(['example_nested_branch_dag']) retrieved from /Users/oanottage/opt/anaconda3/lib/python3.8/site-packages/airflow/example_dags/example_nested_branch_dag.py
[2023-03-01T12:25:47.841+0100] {logging_mixin.py:137} INFO - [2023-03-01T12:25:47.841+0100] {dag.py:2690} INFO - Sync 1 DAGs
[2023-03-01T12:25:47.855+0100] {logging_mixin.py:137} INFO - [2023-03-01T12:25:47.855+0100] {dag.py:3437} INFO - Setting next_dagrun for example_nested_branch_dag to 2023-02-28T00:00:00+00:00, run_after=2023-03-01T00:00:00+00:00
[2023-03-01T12:25:47.869+0100] {processor.py:175} INFO - Processing /Users/oanottage/opt/anaconda3/lib/python3.8/site-packages/airflow/example_dags/example_nested_branch_dag.py took 1.013 seconds
[2023-03-01T12:27:42.763+0100] {processor.py:153} INFO - Started process (PID=8308) to work on /Users/oanottage/opt/anaconda3/lib/python3.8/site-packages/airflow/example_dags/example_nested_branch_dag.py
[2023-03-01T12:27:42.768+0100] {processor.py:743} INFO - Processing file /Users/oanottage/opt/anaconda3/lib/python3.8/site-packages/airflow/example_dags/example_nested_branch_dag.py for tasks to queue
[2023-03-01T12:27:42.768+0100] {logging_mixin.py:137} INFO - [2023-03-01T12:27:42.768+0100] {dagbag.py:538} INFO - Filling up the DagBag from /Users/oanottage/opt/anaconda3/lib/python3.8/site-packages/airflow/example_dags/example_nested_branch_dag.py
[2023-03-01T12:27:42.882+0100] {processor.py:753} INFO - DAG(s) dict_keys(['example_nested_branch_dag']) retrieved from /Users/oanottage/opt/anaconda3/lib/python3.8/site-packages/airflow/example_dags/example_nested_branch_dag.py
[2023-03-01T12:27:43.744+0100] {logging_mixin.py:137} INFO - [2023-03-01T12:27:43.744+0100] {dag.py:2690} INFO - Sync 1 DAGs
[2023-03-01T12:27:43.756+0100] {logging_mixin.py:137} INFO - [2023-03-01T12:27:43.756+0100] {dag.py:3437} INFO - Setting next_dagrun for example_nested_branch_dag to 2023-02-28T00:00:00+00:00, run_after=2023-03-01T00:00:00+00:00
[2023-03-01T12:27:43.769+0100] {processor.py:175} INFO - Processing /Users/oanottage/opt/anaconda3/lib/python3.8/site-packages/airflow/example_dags/example_nested_branch_dag.py took 1.012 seconds
[2023-03-01T12:29:35.123+0100] {processor.py:153} INFO - Started process (PID=12523) to work on /Users/oanottage/opt/anaconda3/lib/python3.8/site-packages/airflow/example_dags/example_nested_branch_dag.py
[2023-03-01T12:29:35.126+0100] {processor.py:743} INFO - Processing file /Users/oanottage/opt/anaconda3/lib/python3.8/site-packages/airflow/example_dags/example_nested_branch_dag.py for tasks to queue
[2023-03-01T12:29:35.127+0100] {logging_mixin.py:137} INFO - [2023-03-01T12:29:35.127+0100] {dagbag.py:538} INFO - Filling up the DagBag from /Users/oanottage/opt/anaconda3/lib/python3.8/site-packages/airflow/example_dags/example_nested_branch_dag.py
[2023-03-01T12:29:35.194+0100] {processor.py:753} INFO - DAG(s) dict_keys(['example_nested_branch_dag']) retrieved from /Users/oanottage/opt/anaconda3/lib/python3.8/site-packages/airflow/example_dags/example_nested_branch_dag.py
[2023-03-01T12:29:36.033+0100] {logging_mixin.py:137} INFO - [2023-03-01T12:29:36.033+0100] {dag.py:2690} INFO - Sync 1 DAGs
[2023-03-01T12:29:36.050+0100] {logging_mixin.py:137} INFO - [2023-03-01T12:29:36.050+0100] {dag.py:3437} INFO - Setting next_dagrun for example_nested_branch_dag to 2023-02-28T00:00:00+00:00, run_after=2023-03-01T00:00:00+00:00
[2023-03-01T12:29:36.064+0100] {processor.py:175} INFO - Processing /Users/oanottage/opt/anaconda3/lib/python3.8/site-packages/airflow/example_dags/example_nested_branch_dag.py took 0.942 seconds
[2023-03-01T12:31:23.528+0100] {processor.py:153} INFO - Started process (PID=15708) to work on /Users/oanottage/opt/anaconda3/lib/python3.8/site-packages/airflow/example_dags/example_nested_branch_dag.py
[2023-03-01T12:31:23.533+0100] {processor.py:743} INFO - Processing file /Users/oanottage/opt/anaconda3/lib/python3.8/site-packages/airflow/example_dags/example_nested_branch_dag.py for tasks to queue
[2023-03-01T12:31:23.533+0100] {logging_mixin.py:137} INFO - [2023-03-01T12:31:23.533+0100] {dagbag.py:538} INFO - Filling up the DagBag from /Users/oanottage/opt/anaconda3/lib/python3.8/site-packages/airflow/example_dags/example_nested_branch_dag.py
[2023-03-01T12:31:23.597+0100] {processor.py:753} INFO - DAG(s) dict_keys(['example_nested_branch_dag']) retrieved from /Users/oanottage/opt/anaconda3/lib/python3.8/site-packages/airflow/example_dags/example_nested_branch_dag.py
[2023-03-01T12:31:24.443+0100] {logging_mixin.py:137} INFO - [2023-03-01T12:31:24.443+0100] {dag.py:2690} INFO - Sync 1 DAGs
[2023-03-01T12:31:24.457+0100] {logging_mixin.py:137} INFO - [2023-03-01T12:31:24.457+0100] {dag.py:3437} INFO - Setting next_dagrun for example_nested_branch_dag to 2023-02-28T00:00:00+00:00, run_after=2023-03-01T00:00:00+00:00
[2023-03-01T12:31:24.474+0100] {processor.py:175} INFO - Processing /Users/oanottage/opt/anaconda3/lib/python3.8/site-packages/airflow/example_dags/example_nested_branch_dag.py took 0.946 seconds
[2023-03-01T12:33:13.352+0100] {processor.py:153} INFO - Started process (PID=19996) to work on /Users/oanottage/opt/anaconda3/lib/python3.8/site-packages/airflow/example_dags/example_nested_branch_dag.py
[2023-03-01T12:33:13.355+0100] {processor.py:743} INFO - Processing file /Users/oanottage/opt/anaconda3/lib/python3.8/site-packages/airflow/example_dags/example_nested_branch_dag.py for tasks to queue
[2023-03-01T12:33:13.355+0100] {logging_mixin.py:137} INFO - [2023-03-01T12:33:13.355+0100] {dagbag.py:538} INFO - Filling up the DagBag from /Users/oanottage/opt/anaconda3/lib/python3.8/site-packages/airflow/example_dags/example_nested_branch_dag.py
[2023-03-01T12:33:13.421+0100] {processor.py:753} INFO - DAG(s) dict_keys(['example_nested_branch_dag']) retrieved from /Users/oanottage/opt/anaconda3/lib/python3.8/site-packages/airflow/example_dags/example_nested_branch_dag.py
[2023-03-01T12:33:14.260+0100] {logging_mixin.py:137} INFO - [2023-03-01T12:33:14.260+0100] {dag.py:2690} INFO - Sync 1 DAGs
[2023-03-01T12:33:14.272+0100] {logging_mixin.py:137} INFO - [2023-03-01T12:33:14.272+0100] {dag.py:3437} INFO - Setting next_dagrun for example_nested_branch_dag to 2023-02-28T00:00:00+00:00, run_after=2023-03-01T00:00:00+00:00
[2023-03-01T12:33:14.284+0100] {processor.py:175} INFO - Processing /Users/oanottage/opt/anaconda3/lib/python3.8/site-packages/airflow/example_dags/example_nested_branch_dag.py took 0.933 seconds
[2023-03-01T12:35:03.409+0100] {processor.py:153} INFO - Started process (PID=24222) to work on /Users/oanottage/opt/anaconda3/lib/python3.8/site-packages/airflow/example_dags/example_nested_branch_dag.py
[2023-03-01T12:35:03.413+0100] {processor.py:743} INFO - Processing file /Users/oanottage/opt/anaconda3/lib/python3.8/site-packages/airflow/example_dags/example_nested_branch_dag.py for tasks to queue
[2023-03-01T12:35:03.413+0100] {logging_mixin.py:137} INFO - [2023-03-01T12:35:03.413+0100] {dagbag.py:538} INFO - Filling up the DagBag from /Users/oanottage/opt/anaconda3/lib/python3.8/site-packages/airflow/example_dags/example_nested_branch_dag.py
[2023-03-01T12:35:03.490+0100] {processor.py:753} INFO - DAG(s) dict_keys(['example_nested_branch_dag']) retrieved from /Users/oanottage/opt/anaconda3/lib/python3.8/site-packages/airflow/example_dags/example_nested_branch_dag.py
[2023-03-01T12:35:04.338+0100] {logging_mixin.py:137} INFO - [2023-03-01T12:35:04.338+0100] {dag.py:2690} INFO - Sync 1 DAGs
[2023-03-01T12:35:04.351+0100] {logging_mixin.py:137} INFO - [2023-03-01T12:35:04.351+0100] {dag.py:3437} INFO - Setting next_dagrun for example_nested_branch_dag to 2023-02-28T00:00:00+00:00, run_after=2023-03-01T00:00:00+00:00
[2023-03-01T12:35:04.365+0100] {processor.py:175} INFO - Processing /Users/oanottage/opt/anaconda3/lib/python3.8/site-packages/airflow/example_dags/example_nested_branch_dag.py took 0.957 seconds
[2023-03-01T12:36:56.954+0100] {processor.py:153} INFO - Started process (PID=27414) to work on /Users/oanottage/opt/anaconda3/lib/python3.8/site-packages/airflow/example_dags/example_nested_branch_dag.py
[2023-03-01T12:36:56.959+0100] {processor.py:743} INFO - Processing file /Users/oanottage/opt/anaconda3/lib/python3.8/site-packages/airflow/example_dags/example_nested_branch_dag.py for tasks to queue
[2023-03-01T12:36:56.960+0100] {logging_mixin.py:137} INFO - [2023-03-01T12:36:56.960+0100] {dagbag.py:538} INFO - Filling up the DagBag from /Users/oanottage/opt/anaconda3/lib/python3.8/site-packages/airflow/example_dags/example_nested_branch_dag.py
[2023-03-01T12:36:57.039+0100] {processor.py:753} INFO - DAG(s) dict_keys(['example_nested_branch_dag']) retrieved from /Users/oanottage/opt/anaconda3/lib/python3.8/site-packages/airflow/example_dags/example_nested_branch_dag.py
[2023-03-01T12:36:57.909+0100] {logging_mixin.py:137} INFO - [2023-03-01T12:36:57.909+0100] {dag.py:2690} INFO - Sync 1 DAGs
[2023-03-01T12:36:57.926+0100] {logging_mixin.py:137} INFO - [2023-03-01T12:36:57.926+0100] {dag.py:3437} INFO - Setting next_dagrun for example_nested_branch_dag to 2023-02-28T00:00:00+00:00, run_after=2023-03-01T00:00:00+00:00
[2023-03-01T12:36:57.946+0100] {processor.py:175} INFO - Processing /Users/oanottage/opt/anaconda3/lib/python3.8/site-packages/airflow/example_dags/example_nested_branch_dag.py took 0.993 seconds
[2023-03-01T12:38:52.403+0100] {processor.py:153} INFO - Started process (PID=31647) to work on /Users/oanottage/opt/anaconda3/lib/python3.8/site-packages/airflow/example_dags/example_nested_branch_dag.py
[2023-03-01T12:38:52.408+0100] {processor.py:743} INFO - Processing file /Users/oanottage/opt/anaconda3/lib/python3.8/site-packages/airflow/example_dags/example_nested_branch_dag.py for tasks to queue
[2023-03-01T12:38:52.408+0100] {logging_mixin.py:137} INFO - [2023-03-01T12:38:52.408+0100] {dagbag.py:538} INFO - Filling up the DagBag from /Users/oanottage/opt/anaconda3/lib/python3.8/site-packages/airflow/example_dags/example_nested_branch_dag.py
[2023-03-01T12:38:52.471+0100] {processor.py:753} INFO - DAG(s) dict_keys(['example_nested_branch_dag']) retrieved from /Users/oanottage/opt/anaconda3/lib/python3.8/site-packages/airflow/example_dags/example_nested_branch_dag.py
[2023-03-01T12:38:53.338+0100] {logging_mixin.py:137} INFO - [2023-03-01T12:38:53.338+0100] {dag.py:2690} INFO - Sync 1 DAGs
[2023-03-01T12:38:53.352+0100] {logging_mixin.py:137} INFO - [2023-03-01T12:38:53.351+0100] {dag.py:3437} INFO - Setting next_dagrun for example_nested_branch_dag to 2023-02-28T00:00:00+00:00, run_after=2023-03-01T00:00:00+00:00
[2023-03-01T12:38:53.366+0100] {processor.py:175} INFO - Processing /Users/oanottage/opt/anaconda3/lib/python3.8/site-packages/airflow/example_dags/example_nested_branch_dag.py took 0.963 seconds
[2023-03-01T12:41:03.651+0100] {processor.py:153} INFO - Started process (PID=36945) to work on /Users/oanottage/opt/anaconda3/lib/python3.8/site-packages/airflow/example_dags/example_nested_branch_dag.py
[2023-03-01T12:41:03.655+0100] {processor.py:743} INFO - Processing file /Users/oanottage/opt/anaconda3/lib/python3.8/site-packages/airflow/example_dags/example_nested_branch_dag.py for tasks to queue
[2023-03-01T12:41:03.655+0100] {logging_mixin.py:137} INFO - [2023-03-01T12:41:03.655+0100] {dagbag.py:538} INFO - Filling up the DagBag from /Users/oanottage/opt/anaconda3/lib/python3.8/site-packages/airflow/example_dags/example_nested_branch_dag.py
[2023-03-01T12:41:03.731+0100] {processor.py:753} INFO - DAG(s) dict_keys(['example_nested_branch_dag']) retrieved from /Users/oanottage/opt/anaconda3/lib/python3.8/site-packages/airflow/example_dags/example_nested_branch_dag.py
[2023-03-01T12:41:04.651+0100] {logging_mixin.py:137} INFO - [2023-03-01T12:41:04.651+0100] {dag.py:2690} INFO - Sync 1 DAGs
[2023-03-01T12:41:04.665+0100] {logging_mixin.py:137} INFO - [2023-03-01T12:41:04.665+0100] {dag.py:3437} INFO - Setting next_dagrun for example_nested_branch_dag to 2023-02-28T00:00:00+00:00, run_after=2023-03-01T00:00:00+00:00
[2023-03-01T12:41:04.678+0100] {processor.py:175} INFO - Processing /Users/oanottage/opt/anaconda3/lib/python3.8/site-packages/airflow/example_dags/example_nested_branch_dag.py took 1.027 seconds
[2023-03-01T12:43:05.323+0100] {processor.py:153} INFO - Started process (PID=41193) to work on /Users/oanottage/opt/anaconda3/lib/python3.8/site-packages/airflow/example_dags/example_nested_branch_dag.py
[2023-03-01T12:43:05.326+0100] {processor.py:743} INFO - Processing file /Users/oanottage/opt/anaconda3/lib/python3.8/site-packages/airflow/example_dags/example_nested_branch_dag.py for tasks to queue
[2023-03-01T12:43:05.327+0100] {logging_mixin.py:137} INFO - [2023-03-01T12:43:05.327+0100] {dagbag.py:538} INFO - Filling up the DagBag from /Users/oanottage/opt/anaconda3/lib/python3.8/site-packages/airflow/example_dags/example_nested_branch_dag.py
[2023-03-01T12:43:05.393+0100] {processor.py:753} INFO - DAG(s) dict_keys(['example_nested_branch_dag']) retrieved from /Users/oanottage/opt/anaconda3/lib/python3.8/site-packages/airflow/example_dags/example_nested_branch_dag.py
[2023-03-01T12:43:06.281+0100] {logging_mixin.py:137} INFO - [2023-03-01T12:43:06.281+0100] {dag.py:2690} INFO - Sync 1 DAGs
[2023-03-01T12:43:06.296+0100] {logging_mixin.py:137} INFO - [2023-03-01T12:43:06.295+0100] {dag.py:3437} INFO - Setting next_dagrun for example_nested_branch_dag to 2023-02-28T00:00:00+00:00, run_after=2023-03-01T00:00:00+00:00
[2023-03-01T12:43:06.309+0100] {processor.py:175} INFO - Processing /Users/oanottage/opt/anaconda3/lib/python3.8/site-packages/airflow/example_dags/example_nested_branch_dag.py took 0.987 seconds
[2023-03-01T12:45:22.520+0100] {processor.py:153} INFO - Started process (PID=45467) to work on /Users/oanottage/opt/anaconda3/lib/python3.8/site-packages/airflow/example_dags/example_nested_branch_dag.py
[2023-03-01T12:45:22.523+0100] {processor.py:743} INFO - Processing file /Users/oanottage/opt/anaconda3/lib/python3.8/site-packages/airflow/example_dags/example_nested_branch_dag.py for tasks to queue
[2023-03-01T12:45:22.524+0100] {logging_mixin.py:137} INFO - [2023-03-01T12:45:22.523+0100] {dagbag.py:538} INFO - Filling up the DagBag from /Users/oanottage/opt/anaconda3/lib/python3.8/site-packages/airflow/example_dags/example_nested_branch_dag.py
[2023-03-01T12:45:22.592+0100] {processor.py:753} INFO - DAG(s) dict_keys(['example_nested_branch_dag']) retrieved from /Users/oanottage/opt/anaconda3/lib/python3.8/site-packages/airflow/example_dags/example_nested_branch_dag.py
[2023-03-01T12:45:23.480+0100] {logging_mixin.py:137} INFO - [2023-03-01T12:45:23.480+0100] {dag.py:2690} INFO - Sync 1 DAGs
[2023-03-01T12:45:23.494+0100] {logging_mixin.py:137} INFO - [2023-03-01T12:45:23.494+0100] {dag.py:3437} INFO - Setting next_dagrun for example_nested_branch_dag to 2023-02-28T00:00:00+00:00, run_after=2023-03-01T00:00:00+00:00
[2023-03-01T12:45:23.508+0100] {processor.py:175} INFO - Processing /Users/oanottage/opt/anaconda3/lib/python3.8/site-packages/airflow/example_dags/example_nested_branch_dag.py took 0.989 seconds
[2023-03-01T12:47:22.919+0100] {processor.py:153} INFO - Started process (PID=49778) to work on /Users/oanottage/opt/anaconda3/lib/python3.8/site-packages/airflow/example_dags/example_nested_branch_dag.py
[2023-03-01T12:47:22.924+0100] {processor.py:743} INFO - Processing file /Users/oanottage/opt/anaconda3/lib/python3.8/site-packages/airflow/example_dags/example_nested_branch_dag.py for tasks to queue
[2023-03-01T12:47:22.924+0100] {logging_mixin.py:137} INFO - [2023-03-01T12:47:22.924+0100] {dagbag.py:538} INFO - Filling up the DagBag from /Users/oanottage/opt/anaconda3/lib/python3.8/site-packages/airflow/example_dags/example_nested_branch_dag.py
[2023-03-01T12:47:22.993+0100] {processor.py:753} INFO - DAG(s) dict_keys(['example_nested_branch_dag']) retrieved from /Users/oanottage/opt/anaconda3/lib/python3.8/site-packages/airflow/example_dags/example_nested_branch_dag.py
[2023-03-01T12:47:23.874+0100] {logging_mixin.py:137} INFO - [2023-03-01T12:47:23.874+0100] {dag.py:2690} INFO - Sync 1 DAGs
[2023-03-01T12:47:23.894+0100] {logging_mixin.py:137} INFO - [2023-03-01T12:47:23.893+0100] {dag.py:3437} INFO - Setting next_dagrun for example_nested_branch_dag to 2023-02-28T00:00:00+00:00, run_after=2023-03-01T00:00:00+00:00
[2023-03-01T12:47:23.913+0100] {processor.py:175} INFO - Processing /Users/oanottage/opt/anaconda3/lib/python3.8/site-packages/airflow/example_dags/example_nested_branch_dag.py took 0.995 seconds
[2023-03-01T12:49:33.241+0100] {processor.py:153} INFO - Started process (PID=55137) to work on /Users/oanottage/opt/anaconda3/lib/python3.8/site-packages/airflow/example_dags/example_nested_branch_dag.py
[2023-03-01T12:49:33.246+0100] {processor.py:743} INFO - Processing file /Users/oanottage/opt/anaconda3/lib/python3.8/site-packages/airflow/example_dags/example_nested_branch_dag.py for tasks to queue
[2023-03-01T12:49:33.246+0100] {logging_mixin.py:137} INFO - [2023-03-01T12:49:33.246+0100] {dagbag.py:538} INFO - Filling up the DagBag from /Users/oanottage/opt/anaconda3/lib/python3.8/site-packages/airflow/example_dags/example_nested_branch_dag.py
[2023-03-01T12:49:33.327+0100] {processor.py:753} INFO - DAG(s) dict_keys(['example_nested_branch_dag']) retrieved from /Users/oanottage/opt/anaconda3/lib/python3.8/site-packages/airflow/example_dags/example_nested_branch_dag.py
[2023-03-01T12:49:34.369+0100] {logging_mixin.py:137} INFO - [2023-03-01T12:49:34.368+0100] {dag.py:2690} INFO - Sync 1 DAGs
[2023-03-01T12:49:34.386+0100] {logging_mixin.py:137} INFO - [2023-03-01T12:49:34.386+0100] {dag.py:3437} INFO - Setting next_dagrun for example_nested_branch_dag to 2023-02-28T00:00:00+00:00, run_after=2023-03-01T00:00:00+00:00
[2023-03-01T12:49:34.404+0100] {processor.py:175} INFO - Processing /Users/oanottage/opt/anaconda3/lib/python3.8/site-packages/airflow/example_dags/example_nested_branch_dag.py took 1.164 seconds
[2023-03-01T12:51:29.377+0100] {processor.py:153} INFO - Started process (PID=58866) to work on /Users/oanottage/opt/anaconda3/lib/python3.8/site-packages/airflow/example_dags/example_nested_branch_dag.py
[2023-03-01T12:51:29.381+0100] {processor.py:743} INFO - Processing file /Users/oanottage/opt/anaconda3/lib/python3.8/site-packages/airflow/example_dags/example_nested_branch_dag.py for tasks to queue
[2023-03-01T12:51:29.382+0100] {logging_mixin.py:137} INFO - [2023-03-01T12:51:29.382+0100] {dagbag.py:538} INFO - Filling up the DagBag from /Users/oanottage/opt/anaconda3/lib/python3.8/site-packages/airflow/example_dags/example_nested_branch_dag.py
[2023-03-01T12:51:29.459+0100] {processor.py:753} INFO - DAG(s) dict_keys(['example_nested_branch_dag']) retrieved from /Users/oanottage/opt/anaconda3/lib/python3.8/site-packages/airflow/example_dags/example_nested_branch_dag.py
[2023-03-01T12:51:30.385+0100] {logging_mixin.py:137} INFO - [2023-03-01T12:51:30.385+0100] {dag.py:2690} INFO - Sync 1 DAGs
[2023-03-01T12:51:30.399+0100] {logging_mixin.py:137} INFO - [2023-03-01T12:51:30.399+0100] {dag.py:3437} INFO - Setting next_dagrun for example_nested_branch_dag to 2023-02-28T00:00:00+00:00, run_after=2023-03-01T00:00:00+00:00
[2023-03-01T12:51:30.412+0100] {processor.py:175} INFO - Processing /Users/oanottage/opt/anaconda3/lib/python3.8/site-packages/airflow/example_dags/example_nested_branch_dag.py took 1.036 seconds
[2023-03-01T12:53:32.414+0100] {processor.py:153} INFO - Started process (PID=63658) to work on /Users/oanottage/opt/anaconda3/lib/python3.8/site-packages/airflow/example_dags/example_nested_branch_dag.py
[2023-03-01T12:53:32.420+0100] {processor.py:743} INFO - Processing file /Users/oanottage/opt/anaconda3/lib/python3.8/site-packages/airflow/example_dags/example_nested_branch_dag.py for tasks to queue
[2023-03-01T12:53:32.420+0100] {logging_mixin.py:137} INFO - [2023-03-01T12:53:32.420+0100] {dagbag.py:538} INFO - Filling up the DagBag from /Users/oanottage/opt/anaconda3/lib/python3.8/site-packages/airflow/example_dags/example_nested_branch_dag.py
[2023-03-01T12:53:32.489+0100] {processor.py:753} INFO - DAG(s) dict_keys(['example_nested_branch_dag']) retrieved from /Users/oanottage/opt/anaconda3/lib/python3.8/site-packages/airflow/example_dags/example_nested_branch_dag.py
[2023-03-01T12:53:33.641+0100] {logging_mixin.py:137} INFO - [2023-03-01T12:53:33.641+0100] {dag.py:2690} INFO - Sync 1 DAGs
[2023-03-01T12:53:33.657+0100] {logging_mixin.py:137} INFO - [2023-03-01T12:53:33.657+0100] {dag.py:3437} INFO - Setting next_dagrun for example_nested_branch_dag to 2023-02-28T00:00:00+00:00, run_after=2023-03-01T00:00:00+00:00
[2023-03-01T12:53:33.671+0100] {processor.py:175} INFO - Processing /Users/oanottage/opt/anaconda3/lib/python3.8/site-packages/airflow/example_dags/example_nested_branch_dag.py took 1.257 seconds
[2023-03-01T12:55:31.288+0100] {processor.py:153} INFO - Started process (PID=67915) to work on /Users/oanottage/opt/anaconda3/lib/python3.8/site-packages/airflow/example_dags/example_nested_branch_dag.py
[2023-03-01T12:55:31.291+0100] {processor.py:743} INFO - Processing file /Users/oanottage/opt/anaconda3/lib/python3.8/site-packages/airflow/example_dags/example_nested_branch_dag.py for tasks to queue
[2023-03-01T12:55:31.292+0100] {logging_mixin.py:137} INFO - [2023-03-01T12:55:31.292+0100] {dagbag.py:538} INFO - Filling up the DagBag from /Users/oanottage/opt/anaconda3/lib/python3.8/site-packages/airflow/example_dags/example_nested_branch_dag.py
[2023-03-01T12:55:31.356+0100] {processor.py:753} INFO - DAG(s) dict_keys(['example_nested_branch_dag']) retrieved from /Users/oanottage/opt/anaconda3/lib/python3.8/site-packages/airflow/example_dags/example_nested_branch_dag.py
[2023-03-01T12:55:32.201+0100] {logging_mixin.py:137} INFO - [2023-03-01T12:55:32.200+0100] {dag.py:2690} INFO - Sync 1 DAGs
[2023-03-01T12:55:32.214+0100] {logging_mixin.py:137} INFO - [2023-03-01T12:55:32.214+0100] {dag.py:3437} INFO - Setting next_dagrun for example_nested_branch_dag to 2023-02-28T00:00:00+00:00, run_after=2023-03-01T00:00:00+00:00
[2023-03-01T12:55:32.227+0100] {processor.py:175} INFO - Processing /Users/oanottage/opt/anaconda3/lib/python3.8/site-packages/airflow/example_dags/example_nested_branch_dag.py took 0.940 seconds
[2023-03-01T12:57:20.980+0100] {processor.py:153} INFO - Started process (PID=71179) to work on /Users/oanottage/opt/anaconda3/lib/python3.8/site-packages/airflow/example_dags/example_nested_branch_dag.py
[2023-03-01T12:57:20.984+0100] {processor.py:743} INFO - Processing file /Users/oanottage/opt/anaconda3/lib/python3.8/site-packages/airflow/example_dags/example_nested_branch_dag.py for tasks to queue
[2023-03-01T12:57:20.985+0100] {logging_mixin.py:137} INFO - [2023-03-01T12:57:20.984+0100] {dagbag.py:538} INFO - Filling up the DagBag from /Users/oanottage/opt/anaconda3/lib/python3.8/site-packages/airflow/example_dags/example_nested_branch_dag.py
[2023-03-01T12:57:21.060+0100] {processor.py:753} INFO - DAG(s) dict_keys(['example_nested_branch_dag']) retrieved from /Users/oanottage/opt/anaconda3/lib/python3.8/site-packages/airflow/example_dags/example_nested_branch_dag.py
[2023-03-01T12:57:21.964+0100] {logging_mixin.py:137} INFO - [2023-03-01T12:57:21.964+0100] {dag.py:2690} INFO - Sync 1 DAGs
[2023-03-01T12:57:21.986+0100] {logging_mixin.py:137} INFO - [2023-03-01T12:57:21.986+0100] {dag.py:3437} INFO - Setting next_dagrun for example_nested_branch_dag to 2023-02-28T00:00:00+00:00, run_after=2023-03-01T00:00:00+00:00
[2023-03-01T12:57:22.007+0100] {processor.py:175} INFO - Processing /Users/oanottage/opt/anaconda3/lib/python3.8/site-packages/airflow/example_dags/example_nested_branch_dag.py took 1.028 seconds
[2023-03-01T12:59:20.574+0100] {processor.py:153} INFO - Started process (PID=75470) to work on /Users/oanottage/opt/anaconda3/lib/python3.8/site-packages/airflow/example_dags/example_nested_branch_dag.py
[2023-03-01T12:59:20.584+0100] {processor.py:743} INFO - Processing file /Users/oanottage/opt/anaconda3/lib/python3.8/site-packages/airflow/example_dags/example_nested_branch_dag.py for tasks to queue
[2023-03-01T12:59:20.585+0100] {logging_mixin.py:137} INFO - [2023-03-01T12:59:20.584+0100] {dagbag.py:538} INFO - Filling up the DagBag from /Users/oanottage/opt/anaconda3/lib/python3.8/site-packages/airflow/example_dags/example_nested_branch_dag.py
[2023-03-01T12:59:20.660+0100] {processor.py:753} INFO - DAG(s) dict_keys(['example_nested_branch_dag']) retrieved from /Users/oanottage/opt/anaconda3/lib/python3.8/site-packages/airflow/example_dags/example_nested_branch_dag.py
[2023-03-01T12:59:21.647+0100] {logging_mixin.py:137} INFO - [2023-03-01T12:59:21.647+0100] {dag.py:2690} INFO - Sync 1 DAGs
[2023-03-01T12:59:21.663+0100] {logging_mixin.py:137} INFO - [2023-03-01T12:59:21.663+0100] {dag.py:3437} INFO - Setting next_dagrun for example_nested_branch_dag to 2023-02-28T00:00:00+00:00, run_after=2023-03-01T00:00:00+00:00
[2023-03-01T12:59:21.681+0100] {processor.py:175} INFO - Processing /Users/oanottage/opt/anaconda3/lib/python3.8/site-packages/airflow/example_dags/example_nested_branch_dag.py took 1.107 seconds
[2023-03-01T13:01:16.878+0100] {processor.py:153} INFO - Started process (PID=79741) to work on /Users/oanottage/opt/anaconda3/lib/python3.8/site-packages/airflow/example_dags/example_nested_branch_dag.py
[2023-03-01T13:01:16.882+0100] {processor.py:743} INFO - Processing file /Users/oanottage/opt/anaconda3/lib/python3.8/site-packages/airflow/example_dags/example_nested_branch_dag.py for tasks to queue
[2023-03-01T13:01:16.883+0100] {logging_mixin.py:137} INFO - [2023-03-01T13:01:16.882+0100] {dagbag.py:538} INFO - Filling up the DagBag from /Users/oanottage/opt/anaconda3/lib/python3.8/site-packages/airflow/example_dags/example_nested_branch_dag.py
[2023-03-01T13:01:16.958+0100] {processor.py:753} INFO - DAG(s) dict_keys(['example_nested_branch_dag']) retrieved from /Users/oanottage/opt/anaconda3/lib/python3.8/site-packages/airflow/example_dags/example_nested_branch_dag.py
[2023-03-01T13:01:17.820+0100] {logging_mixin.py:137} INFO - [2023-03-01T13:01:17.820+0100] {dag.py:2690} INFO - Sync 1 DAGs
[2023-03-01T13:01:17.836+0100] {logging_mixin.py:137} INFO - [2023-03-01T13:01:17.836+0100] {dag.py:3437} INFO - Setting next_dagrun for example_nested_branch_dag to 2023-02-28T00:00:00+00:00, run_after=2023-03-01T00:00:00+00:00
[2023-03-01T13:01:17.852+0100] {processor.py:175} INFO - Processing /Users/oanottage/opt/anaconda3/lib/python3.8/site-packages/airflow/example_dags/example_nested_branch_dag.py took 0.974 seconds
