[2023-03-01T12:04:09.666+0100] {processor.py:153} INFO - Started process (PID=58322) to work on /Users/oanottage/opt/anaconda3/lib/python3.8/site-packages/airflow/example_dags/example_branch_operator.py
[2023-03-01T12:04:09.669+0100] {processor.py:743} INFO - Processing file /Users/oanottage/opt/anaconda3/lib/python3.8/site-packages/airflow/example_dags/example_branch_operator.py for tasks to queue
[2023-03-01T12:04:09.670+0100] {logging_mixin.py:137} INFO - [2023-03-01T12:04:09.670+0100] {dagbag.py:538} INFO - Filling up the DagBag from /Users/oanottage/opt/anaconda3/lib/python3.8/site-packages/airflow/example_dags/example_branch_operator.py
[2023-03-01T12:04:09.726+0100] {processor.py:753} INFO - DAG(s) dict_keys(['example_branch_operator']) retrieved from /Users/oanottage/opt/anaconda3/lib/python3.8/site-packages/airflow/example_dags/example_branch_operator.py
[2023-03-01T12:04:10.975+0100] {logging_mixin.py:137} INFO - [2023-03-01T12:04:10.974+0100] {manager.py:504} INFO - Created Permission View: can edit on DAG:example_branch_operator
[2023-03-01T12:04:10.981+0100] {logging_mixin.py:137} INFO - [2023-03-01T12:04:10.981+0100] {manager.py:504} INFO - Created Permission View: can delete on DAG:example_branch_operator
[2023-03-01T12:04:10.986+0100] {logging_mixin.py:137} INFO - [2023-03-01T12:04:10.986+0100] {manager.py:504} INFO - Created Permission View: can read on DAG:example_branch_operator
[2023-03-01T12:04:10.987+0100] {logging_mixin.py:137} INFO - [2023-03-01T12:04:10.986+0100] {dag.py:2690} INFO - Sync 1 DAGs
[2023-03-01T12:04:10.998+0100] {logging_mixin.py:137} INFO - [2023-03-01T12:04:10.998+0100] {dag.py:2711} INFO - Creating ORM DAG for example_branch_operator
[2023-03-01T12:04:11.022+0100] {logging_mixin.py:137} INFO - [2023-03-01T12:04:11.021+0100] {dag.py:3437} INFO - Setting next_dagrun for example_branch_operator to 2023-02-28T00:00:00+00:00, run_after=2023-03-01T00:00:00+00:00
[2023-03-01T12:04:11.040+0100] {processor.py:175} INFO - Processing /Users/oanottage/opt/anaconda3/lib/python3.8/site-packages/airflow/example_dags/example_branch_operator.py took 1.374 seconds
[2023-03-01T12:06:06.495+0100] {processor.py:153} INFO - Started process (PID=62502) to work on /Users/oanottage/opt/anaconda3/lib/python3.8/site-packages/airflow/example_dags/example_branch_operator.py
[2023-03-01T12:06:06.499+0100] {processor.py:743} INFO - Processing file /Users/oanottage/opt/anaconda3/lib/python3.8/site-packages/airflow/example_dags/example_branch_operator.py for tasks to queue
[2023-03-01T12:06:06.499+0100] {logging_mixin.py:137} INFO - [2023-03-01T12:06:06.499+0100] {dagbag.py:538} INFO - Filling up the DagBag from /Users/oanottage/opt/anaconda3/lib/python3.8/site-packages/airflow/example_dags/example_branch_operator.py
[2023-03-01T12:06:06.559+0100] {processor.py:753} INFO - DAG(s) dict_keys(['example_branch_operator']) retrieved from /Users/oanottage/opt/anaconda3/lib/python3.8/site-packages/airflow/example_dags/example_branch_operator.py
[2023-03-01T12:06:07.460+0100] {logging_mixin.py:137} INFO - [2023-03-01T12:06:07.460+0100] {dag.py:2690} INFO - Sync 1 DAGs
[2023-03-01T12:06:07.475+0100] {logging_mixin.py:137} INFO - [2023-03-01T12:06:07.475+0100] {dag.py:3437} INFO - Setting next_dagrun for example_branch_operator to 2023-02-28T00:00:00+00:00, run_after=2023-03-01T00:00:00+00:00
[2023-03-01T12:06:07.491+0100] {processor.py:175} INFO - Processing /Users/oanottage/opt/anaconda3/lib/python3.8/site-packages/airflow/example_dags/example_branch_operator.py took 0.996 seconds
[2023-03-01T12:08:00.692+0100] {processor.py:153} INFO - Started process (PID=66629) to work on /Users/oanottage/opt/anaconda3/lib/python3.8/site-packages/airflow/example_dags/example_branch_operator.py
[2023-03-01T12:08:00.698+0100] {processor.py:743} INFO - Processing file /Users/oanottage/opt/anaconda3/lib/python3.8/site-packages/airflow/example_dags/example_branch_operator.py for tasks to queue
[2023-03-01T12:08:00.698+0100] {logging_mixin.py:137} INFO - [2023-03-01T12:08:00.698+0100] {dagbag.py:538} INFO - Filling up the DagBag from /Users/oanottage/opt/anaconda3/lib/python3.8/site-packages/airflow/example_dags/example_branch_operator.py
[2023-03-01T12:08:00.751+0100] {processor.py:753} INFO - DAG(s) dict_keys(['example_branch_operator']) retrieved from /Users/oanottage/opt/anaconda3/lib/python3.8/site-packages/airflow/example_dags/example_branch_operator.py
[2023-03-01T12:08:01.580+0100] {logging_mixin.py:137} INFO - [2023-03-01T12:08:01.580+0100] {dag.py:2690} INFO - Sync 1 DAGs
[2023-03-01T12:08:01.595+0100] {logging_mixin.py:137} INFO - [2023-03-01T12:08:01.595+0100] {dag.py:3437} INFO - Setting next_dagrun for example_branch_operator to 2023-02-28T00:00:00+00:00, run_after=2023-03-01T00:00:00+00:00
[2023-03-01T12:08:01.611+0100] {processor.py:175} INFO - Processing /Users/oanottage/opt/anaconda3/lib/python3.8/site-packages/airflow/example_dags/example_branch_operator.py took 0.919 seconds
[2023-03-01T12:09:53.677+0100] {processor.py:153} INFO - Started process (PID=69865) to work on /Users/oanottage/opt/anaconda3/lib/python3.8/site-packages/airflow/example_dags/example_branch_operator.py
[2023-03-01T12:09:53.681+0100] {processor.py:743} INFO - Processing file /Users/oanottage/opt/anaconda3/lib/python3.8/site-packages/airflow/example_dags/example_branch_operator.py for tasks to queue
[2023-03-01T12:09:53.681+0100] {logging_mixin.py:137} INFO - [2023-03-01T12:09:53.681+0100] {dagbag.py:538} INFO - Filling up the DagBag from /Users/oanottage/opt/anaconda3/lib/python3.8/site-packages/airflow/example_dags/example_branch_operator.py
[2023-03-01T12:09:53.741+0100] {processor.py:753} INFO - DAG(s) dict_keys(['example_branch_operator']) retrieved from /Users/oanottage/opt/anaconda3/lib/python3.8/site-packages/airflow/example_dags/example_branch_operator.py
[2023-03-01T12:09:54.609+0100] {logging_mixin.py:137} INFO - [2023-03-01T12:09:54.608+0100] {dag.py:2690} INFO - Sync 1 DAGs
[2023-03-01T12:09:54.624+0100] {logging_mixin.py:137} INFO - [2023-03-01T12:09:54.623+0100] {dag.py:3437} INFO - Setting next_dagrun for example_branch_operator to 2023-02-28T00:00:00+00:00, run_after=2023-03-01T00:00:00+00:00
[2023-03-01T12:09:54.637+0100] {processor.py:175} INFO - Processing /Users/oanottage/opt/anaconda3/lib/python3.8/site-packages/airflow/example_dags/example_branch_operator.py took 0.960 seconds
[2023-03-01T12:11:59.941+0100] {processor.py:153} INFO - Started process (PID=74688) to work on /Users/oanottage/opt/anaconda3/lib/python3.8/site-packages/airflow/example_dags/example_branch_operator.py
[2023-03-01T12:11:59.946+0100] {processor.py:743} INFO - Processing file /Users/oanottage/opt/anaconda3/lib/python3.8/site-packages/airflow/example_dags/example_branch_operator.py for tasks to queue
[2023-03-01T12:11:59.946+0100] {logging_mixin.py:137} INFO - [2023-03-01T12:11:59.946+0100] {dagbag.py:538} INFO - Filling up the DagBag from /Users/oanottage/opt/anaconda3/lib/python3.8/site-packages/airflow/example_dags/example_branch_operator.py
[2023-03-01T12:12:00.040+0100] {processor.py:753} INFO - DAG(s) dict_keys(['example_branch_operator']) retrieved from /Users/oanottage/opt/anaconda3/lib/python3.8/site-packages/airflow/example_dags/example_branch_operator.py
[2023-03-01T12:12:01.188+0100] {logging_mixin.py:137} INFO - [2023-03-01T12:12:01.187+0100] {dag.py:2690} INFO - Sync 1 DAGs
[2023-03-01T12:12:01.206+0100] {logging_mixin.py:137} INFO - [2023-03-01T12:12:01.206+0100] {dag.py:3437} INFO - Setting next_dagrun for example_branch_operator to 2023-02-28T00:00:00+00:00, run_after=2023-03-01T00:00:00+00:00
[2023-03-01T12:12:01.221+0100] {processor.py:175} INFO - Processing /Users/oanottage/opt/anaconda3/lib/python3.8/site-packages/airflow/example_dags/example_branch_operator.py took 1.281 seconds
[2023-03-01T12:13:54.827+0100] {processor.py:153} INFO - Started process (PID=78383) to work on /Users/oanottage/opt/anaconda3/lib/python3.8/site-packages/airflow/example_dags/example_branch_operator.py
[2023-03-01T12:13:54.831+0100] {processor.py:743} INFO - Processing file /Users/oanottage/opt/anaconda3/lib/python3.8/site-packages/airflow/example_dags/example_branch_operator.py for tasks to queue
[2023-03-01T12:13:54.831+0100] {logging_mixin.py:137} INFO - [2023-03-01T12:13:54.831+0100] {dagbag.py:538} INFO - Filling up the DagBag from /Users/oanottage/opt/anaconda3/lib/python3.8/site-packages/airflow/example_dags/example_branch_operator.py
[2023-03-01T12:13:54.899+0100] {processor.py:753} INFO - DAG(s) dict_keys(['example_branch_operator']) retrieved from /Users/oanottage/opt/anaconda3/lib/python3.8/site-packages/airflow/example_dags/example_branch_operator.py
[2023-03-01T12:13:55.856+0100] {logging_mixin.py:137} INFO - [2023-03-01T12:13:55.856+0100] {dag.py:2690} INFO - Sync 1 DAGs
[2023-03-01T12:13:55.872+0100] {logging_mixin.py:137} INFO - [2023-03-01T12:13:55.872+0100] {dag.py:3437} INFO - Setting next_dagrun for example_branch_operator to 2023-02-28T00:00:00+00:00, run_after=2023-03-01T00:00:00+00:00
[2023-03-01T12:13:55.890+0100] {processor.py:175} INFO - Processing /Users/oanottage/opt/anaconda3/lib/python3.8/site-packages/airflow/example_dags/example_branch_operator.py took 1.064 seconds
[2023-03-01T12:15:46.706+0100] {processor.py:153} INFO - Started process (PID=82542) to work on /Users/oanottage/opt/anaconda3/lib/python3.8/site-packages/airflow/example_dags/example_branch_operator.py
[2023-03-01T12:15:46.711+0100] {processor.py:743} INFO - Processing file /Users/oanottage/opt/anaconda3/lib/python3.8/site-packages/airflow/example_dags/example_branch_operator.py for tasks to queue
[2023-03-01T12:15:46.711+0100] {logging_mixin.py:137} INFO - [2023-03-01T12:15:46.711+0100] {dagbag.py:538} INFO - Filling up the DagBag from /Users/oanottage/opt/anaconda3/lib/python3.8/site-packages/airflow/example_dags/example_branch_operator.py
[2023-03-01T12:15:46.774+0100] {processor.py:753} INFO - DAG(s) dict_keys(['example_branch_operator']) retrieved from /Users/oanottage/opt/anaconda3/lib/python3.8/site-packages/airflow/example_dags/example_branch_operator.py
[2023-03-01T12:15:47.657+0100] {logging_mixin.py:137} INFO - [2023-03-01T12:15:47.657+0100] {dag.py:2690} INFO - Sync 1 DAGs
[2023-03-01T12:15:47.671+0100] {logging_mixin.py:137} INFO - [2023-03-01T12:15:47.671+0100] {dag.py:3437} INFO - Setting next_dagrun for example_branch_operator to 2023-02-28T00:00:00+00:00, run_after=2023-03-01T00:00:00+00:00
[2023-03-01T12:15:47.684+0100] {processor.py:175} INFO - Processing /Users/oanottage/opt/anaconda3/lib/python3.8/site-packages/airflow/example_dags/example_branch_operator.py took 0.979 seconds
[2023-03-01T12:17:51.741+0100] {processor.py:153} INFO - Started process (PID=86730) to work on /Users/oanottage/opt/anaconda3/lib/python3.8/site-packages/airflow/example_dags/example_branch_operator.py
[2023-03-01T12:17:51.745+0100] {processor.py:743} INFO - Processing file /Users/oanottage/opt/anaconda3/lib/python3.8/site-packages/airflow/example_dags/example_branch_operator.py for tasks to queue
[2023-03-01T12:17:51.746+0100] {logging_mixin.py:137} INFO - [2023-03-01T12:17:51.746+0100] {dagbag.py:538} INFO - Filling up the DagBag from /Users/oanottage/opt/anaconda3/lib/python3.8/site-packages/airflow/example_dags/example_branch_operator.py
[2023-03-01T12:17:51.813+0100] {processor.py:753} INFO - DAG(s) dict_keys(['example_branch_operator']) retrieved from /Users/oanottage/opt/anaconda3/lib/python3.8/site-packages/airflow/example_dags/example_branch_operator.py
[2023-03-01T12:17:52.767+0100] {logging_mixin.py:137} INFO - [2023-03-01T12:17:52.766+0100] {dag.py:2690} INFO - Sync 1 DAGs
[2023-03-01T12:17:52.781+0100] {logging_mixin.py:137} INFO - [2023-03-01T12:17:52.781+0100] {dag.py:3437} INFO - Setting next_dagrun for example_branch_operator to 2023-02-28T00:00:00+00:00, run_after=2023-03-01T00:00:00+00:00
[2023-03-01T12:17:52.796+0100] {processor.py:175} INFO - Processing /Users/oanottage/opt/anaconda3/lib/python3.8/site-packages/airflow/example_dags/example_branch_operator.py took 1.056 seconds
[2023-03-01T12:19:45.674+0100] {processor.py:153} INFO - Started process (PID=90960) to work on /Users/oanottage/opt/anaconda3/lib/python3.8/site-packages/airflow/example_dags/example_branch_operator.py
[2023-03-01T12:19:45.677+0100] {processor.py:743} INFO - Processing file /Users/oanottage/opt/anaconda3/lib/python3.8/site-packages/airflow/example_dags/example_branch_operator.py for tasks to queue
[2023-03-01T12:19:45.678+0100] {logging_mixin.py:137} INFO - [2023-03-01T12:19:45.677+0100] {dagbag.py:538} INFO - Filling up the DagBag from /Users/oanottage/opt/anaconda3/lib/python3.8/site-packages/airflow/example_dags/example_branch_operator.py
[2023-03-01T12:19:45.731+0100] {processor.py:753} INFO - DAG(s) dict_keys(['example_branch_operator']) retrieved from /Users/oanottage/opt/anaconda3/lib/python3.8/site-packages/airflow/example_dags/example_branch_operator.py
[2023-03-01T12:19:46.621+0100] {logging_mixin.py:137} INFO - [2023-03-01T12:19:46.621+0100] {dag.py:2690} INFO - Sync 1 DAGs
[2023-03-01T12:19:46.634+0100] {logging_mixin.py:137} INFO - [2023-03-01T12:19:46.634+0100] {dag.py:3437} INFO - Setting next_dagrun for example_branch_operator to 2023-02-28T00:00:00+00:00, run_after=2023-03-01T00:00:00+00:00
[2023-03-01T12:19:46.646+0100] {processor.py:175} INFO - Processing /Users/oanottage/opt/anaconda3/lib/python3.8/site-packages/airflow/example_dags/example_branch_operator.py took 0.973 seconds
[2023-03-01T12:21:48.218+0100] {processor.py:153} INFO - Started process (PID=95218) to work on /Users/oanottage/opt/anaconda3/lib/python3.8/site-packages/airflow/example_dags/example_branch_operator.py
[2023-03-01T12:21:48.222+0100] {processor.py:743} INFO - Processing file /Users/oanottage/opt/anaconda3/lib/python3.8/site-packages/airflow/example_dags/example_branch_operator.py for tasks to queue
[2023-03-01T12:21:48.223+0100] {logging_mixin.py:137} INFO - [2023-03-01T12:21:48.223+0100] {dagbag.py:538} INFO - Filling up the DagBag from /Users/oanottage/opt/anaconda3/lib/python3.8/site-packages/airflow/example_dags/example_branch_operator.py
[2023-03-01T12:21:48.285+0100] {processor.py:753} INFO - DAG(s) dict_keys(['example_branch_operator']) retrieved from /Users/oanottage/opt/anaconda3/lib/python3.8/site-packages/airflow/example_dags/example_branch_operator.py
[2023-03-01T12:21:49.238+0100] {logging_mixin.py:137} INFO - [2023-03-01T12:21:49.237+0100] {dag.py:2690} INFO - Sync 1 DAGs
[2023-03-01T12:21:49.255+0100] {logging_mixin.py:137} INFO - [2023-03-01T12:21:49.255+0100] {dag.py:3437} INFO - Setting next_dagrun for example_branch_operator to 2023-02-28T00:00:00+00:00, run_after=2023-03-01T00:00:00+00:00
[2023-03-01T12:21:49.270+0100] {processor.py:175} INFO - Processing /Users/oanottage/opt/anaconda3/lib/python3.8/site-packages/airflow/example_dags/example_branch_operator.py took 1.052 seconds
[2023-03-01T12:24:20.661+0100] {processor.py:153} INFO - Started process (PID=844) to work on /Users/oanottage/opt/anaconda3/lib/python3.8/site-packages/airflow/example_dags/example_branch_operator.py
[2023-03-01T12:24:20.665+0100] {processor.py:743} INFO - Processing file /Users/oanottage/opt/anaconda3/lib/python3.8/site-packages/airflow/example_dags/example_branch_operator.py for tasks to queue
[2023-03-01T12:24:20.665+0100] {logging_mixin.py:137} INFO - [2023-03-01T12:24:20.665+0100] {dagbag.py:538} INFO - Filling up the DagBag from /Users/oanottage/opt/anaconda3/lib/python3.8/site-packages/airflow/example_dags/example_branch_operator.py
[2023-03-01T12:24:20.721+0100] {processor.py:753} INFO - DAG(s) dict_keys(['example_branch_operator']) retrieved from /Users/oanottage/opt/anaconda3/lib/python3.8/site-packages/airflow/example_dags/example_branch_operator.py
[2023-03-01T12:24:21.734+0100] {logging_mixin.py:137} INFO - [2023-03-01T12:24:21.733+0100] {dag.py:2690} INFO - Sync 1 DAGs
[2023-03-01T12:24:21.763+0100] {logging_mixin.py:137} INFO - [2023-03-01T12:24:21.762+0100] {dag.py:3437} INFO - Setting next_dagrun for example_branch_operator to 2023-02-28T00:00:00+00:00, run_after=2023-03-01T00:00:00+00:00
[2023-03-01T12:24:21.790+0100] {processor.py:175} INFO - Processing /Users/oanottage/opt/anaconda3/lib/python3.8/site-packages/airflow/example_dags/example_branch_operator.py took 1.130 seconds
[2023-03-01T12:26:22.841+0100] {processor.py:153} INFO - Started process (PID=5146) to work on /Users/oanottage/opt/anaconda3/lib/python3.8/site-packages/airflow/example_dags/example_branch_operator.py
[2023-03-01T12:26:22.845+0100] {processor.py:743} INFO - Processing file /Users/oanottage/opt/anaconda3/lib/python3.8/site-packages/airflow/example_dags/example_branch_operator.py for tasks to queue
[2023-03-01T12:26:22.845+0100] {logging_mixin.py:137} INFO - [2023-03-01T12:26:22.845+0100] {dagbag.py:538} INFO - Filling up the DagBag from /Users/oanottage/opt/anaconda3/lib/python3.8/site-packages/airflow/example_dags/example_branch_operator.py
[2023-03-01T12:26:22.914+0100] {processor.py:753} INFO - DAG(s) dict_keys(['example_branch_operator']) retrieved from /Users/oanottage/opt/anaconda3/lib/python3.8/site-packages/airflow/example_dags/example_branch_operator.py
[2023-03-01T12:26:23.746+0100] {logging_mixin.py:137} INFO - [2023-03-01T12:26:23.746+0100] {dag.py:2690} INFO - Sync 1 DAGs
[2023-03-01T12:26:23.760+0100] {logging_mixin.py:137} INFO - [2023-03-01T12:26:23.760+0100] {dag.py:3437} INFO - Setting next_dagrun for example_branch_operator to 2023-02-28T00:00:00+00:00, run_after=2023-03-01T00:00:00+00:00
[2023-03-01T12:26:23.774+0100] {processor.py:175} INFO - Processing /Users/oanottage/opt/anaconda3/lib/python3.8/site-packages/airflow/example_dags/example_branch_operator.py took 0.934 seconds
[2023-03-01T12:28:17.795+0100] {processor.py:153} INFO - Started process (PID=9364) to work on /Users/oanottage/opt/anaconda3/lib/python3.8/site-packages/airflow/example_dags/example_branch_operator.py
[2023-03-01T12:28:17.799+0100] {processor.py:743} INFO - Processing file /Users/oanottage/opt/anaconda3/lib/python3.8/site-packages/airflow/example_dags/example_branch_operator.py for tasks to queue
[2023-03-01T12:28:17.799+0100] {logging_mixin.py:137} INFO - [2023-03-01T12:28:17.799+0100] {dagbag.py:538} INFO - Filling up the DagBag from /Users/oanottage/opt/anaconda3/lib/python3.8/site-packages/airflow/example_dags/example_branch_operator.py
[2023-03-01T12:28:17.876+0100] {processor.py:753} INFO - DAG(s) dict_keys(['example_branch_operator']) retrieved from /Users/oanottage/opt/anaconda3/lib/python3.8/site-packages/airflow/example_dags/example_branch_operator.py
[2023-03-01T12:28:18.691+0100] {logging_mixin.py:137} INFO - [2023-03-01T12:28:18.691+0100] {dag.py:2690} INFO - Sync 1 DAGs
[2023-03-01T12:28:18.704+0100] {logging_mixin.py:137} INFO - [2023-03-01T12:28:18.704+0100] {dag.py:3437} INFO - Setting next_dagrun for example_branch_operator to 2023-02-28T00:00:00+00:00, run_after=2023-03-01T00:00:00+00:00
[2023-03-01T12:28:18.716+0100] {processor.py:175} INFO - Processing /Users/oanottage/opt/anaconda3/lib/python3.8/site-packages/airflow/example_dags/example_branch_operator.py took 0.922 seconds
[2023-03-01T12:30:07.779+0100] {processor.py:153} INFO - Started process (PID=13578) to work on /Users/oanottage/opt/anaconda3/lib/python3.8/site-packages/airflow/example_dags/example_branch_operator.py
[2023-03-01T12:30:07.784+0100] {processor.py:743} INFO - Processing file /Users/oanottage/opt/anaconda3/lib/python3.8/site-packages/airflow/example_dags/example_branch_operator.py for tasks to queue
[2023-03-01T12:30:07.784+0100] {logging_mixin.py:137} INFO - [2023-03-01T12:30:07.784+0100] {dagbag.py:538} INFO - Filling up the DagBag from /Users/oanottage/opt/anaconda3/lib/python3.8/site-packages/airflow/example_dags/example_branch_operator.py
[2023-03-01T12:30:07.839+0100] {processor.py:753} INFO - DAG(s) dict_keys(['example_branch_operator']) retrieved from /Users/oanottage/opt/anaconda3/lib/python3.8/site-packages/airflow/example_dags/example_branch_operator.py
[2023-03-01T12:30:08.695+0100] {logging_mixin.py:137} INFO - [2023-03-01T12:30:08.695+0100] {dag.py:2690} INFO - Sync 1 DAGs
[2023-03-01T12:30:08.711+0100] {logging_mixin.py:137} INFO - [2023-03-01T12:30:08.710+0100] {dag.py:3437} INFO - Setting next_dagrun for example_branch_operator to 2023-02-28T00:00:00+00:00, run_after=2023-03-01T00:00:00+00:00
[2023-03-01T12:30:08.723+0100] {processor.py:175} INFO - Processing /Users/oanottage/opt/anaconda3/lib/python3.8/site-packages/airflow/example_dags/example_branch_operator.py took 0.945 seconds
[2023-03-01T12:31:56.398+0100] {processor.py:153} INFO - Started process (PID=16774) to work on /Users/oanottage/opt/anaconda3/lib/python3.8/site-packages/airflow/example_dags/example_branch_operator.py
[2023-03-01T12:31:56.402+0100] {processor.py:743} INFO - Processing file /Users/oanottage/opt/anaconda3/lib/python3.8/site-packages/airflow/example_dags/example_branch_operator.py for tasks to queue
[2023-03-01T12:31:56.402+0100] {logging_mixin.py:137} INFO - [2023-03-01T12:31:56.402+0100] {dagbag.py:538} INFO - Filling up the DagBag from /Users/oanottage/opt/anaconda3/lib/python3.8/site-packages/airflow/example_dags/example_branch_operator.py
[2023-03-01T12:31:56.460+0100] {processor.py:753} INFO - DAG(s) dict_keys(['example_branch_operator']) retrieved from /Users/oanottage/opt/anaconda3/lib/python3.8/site-packages/airflow/example_dags/example_branch_operator.py
[2023-03-01T12:31:57.336+0100] {logging_mixin.py:137} INFO - [2023-03-01T12:31:57.336+0100] {dag.py:2690} INFO - Sync 1 DAGs
[2023-03-01T12:31:57.352+0100] {logging_mixin.py:137} INFO - [2023-03-01T12:31:57.352+0100] {dag.py:3437} INFO - Setting next_dagrun for example_branch_operator to 2023-02-28T00:00:00+00:00, run_after=2023-03-01T00:00:00+00:00
[2023-03-01T12:31:57.365+0100] {processor.py:175} INFO - Processing /Users/oanottage/opt/anaconda3/lib/python3.8/site-packages/airflow/example_dags/example_branch_operator.py took 0.967 seconds
[2023-03-01T12:33:45.314+0100] {processor.py:153} INFO - Started process (PID=21062) to work on /Users/oanottage/opt/anaconda3/lib/python3.8/site-packages/airflow/example_dags/example_branch_operator.py
[2023-03-01T12:33:45.317+0100] {processor.py:743} INFO - Processing file /Users/oanottage/opt/anaconda3/lib/python3.8/site-packages/airflow/example_dags/example_branch_operator.py for tasks to queue
[2023-03-01T12:33:45.318+0100] {logging_mixin.py:137} INFO - [2023-03-01T12:33:45.318+0100] {dagbag.py:538} INFO - Filling up the DagBag from /Users/oanottage/opt/anaconda3/lib/python3.8/site-packages/airflow/example_dags/example_branch_operator.py
[2023-03-01T12:33:45.371+0100] {processor.py:753} INFO - DAG(s) dict_keys(['example_branch_operator']) retrieved from /Users/oanottage/opt/anaconda3/lib/python3.8/site-packages/airflow/example_dags/example_branch_operator.py
[2023-03-01T12:33:46.290+0100] {logging_mixin.py:137} INFO - [2023-03-01T12:33:46.290+0100] {dag.py:2690} INFO - Sync 1 DAGs
[2023-03-01T12:33:46.306+0100] {logging_mixin.py:137} INFO - [2023-03-01T12:33:46.306+0100] {dag.py:3437} INFO - Setting next_dagrun for example_branch_operator to 2023-02-28T00:00:00+00:00, run_after=2023-03-01T00:00:00+00:00
[2023-03-01T12:33:46.319+0100] {processor.py:175} INFO - Processing /Users/oanottage/opt/anaconda3/lib/python3.8/site-packages/airflow/example_dags/example_branch_operator.py took 1.005 seconds
[2023-03-01T12:35:38.274+0100] {processor.py:153} INFO - Started process (PID=25274) to work on /Users/oanottage/opt/anaconda3/lib/python3.8/site-packages/airflow/example_dags/example_branch_operator.py
[2023-03-01T12:35:38.277+0100] {processor.py:743} INFO - Processing file /Users/oanottage/opt/anaconda3/lib/python3.8/site-packages/airflow/example_dags/example_branch_operator.py for tasks to queue
[2023-03-01T12:35:38.278+0100] {logging_mixin.py:137} INFO - [2023-03-01T12:35:38.278+0100] {dagbag.py:538} INFO - Filling up the DagBag from /Users/oanottage/opt/anaconda3/lib/python3.8/site-packages/airflow/example_dags/example_branch_operator.py
[2023-03-01T12:35:38.332+0100] {processor.py:753} INFO - DAG(s) dict_keys(['example_branch_operator']) retrieved from /Users/oanottage/opt/anaconda3/lib/python3.8/site-packages/airflow/example_dags/example_branch_operator.py
[2023-03-01T12:35:39.194+0100] {logging_mixin.py:137} INFO - [2023-03-01T12:35:39.194+0100] {dag.py:2690} INFO - Sync 1 DAGs
[2023-03-01T12:35:39.209+0100] {logging_mixin.py:137} INFO - [2023-03-01T12:35:39.209+0100] {dag.py:3437} INFO - Setting next_dagrun for example_branch_operator to 2023-02-28T00:00:00+00:00, run_after=2023-03-01T00:00:00+00:00
[2023-03-01T12:35:39.222+0100] {processor.py:175} INFO - Processing /Users/oanottage/opt/anaconda3/lib/python3.8/site-packages/airflow/example_dags/example_branch_operator.py took 0.949 seconds
[2023-03-01T12:37:32.700+0100] {processor.py:153} INFO - Started process (PID=29515) to work on /Users/oanottage/opt/anaconda3/lib/python3.8/site-packages/airflow/example_dags/example_branch_operator.py
[2023-03-01T12:37:32.704+0100] {processor.py:743} INFO - Processing file /Users/oanottage/opt/anaconda3/lib/python3.8/site-packages/airflow/example_dags/example_branch_operator.py for tasks to queue
[2023-03-01T12:37:32.705+0100] {logging_mixin.py:137} INFO - [2023-03-01T12:37:32.705+0100] {dagbag.py:538} INFO - Filling up the DagBag from /Users/oanottage/opt/anaconda3/lib/python3.8/site-packages/airflow/example_dags/example_branch_operator.py
[2023-03-01T12:37:32.762+0100] {processor.py:753} INFO - DAG(s) dict_keys(['example_branch_operator']) retrieved from /Users/oanottage/opt/anaconda3/lib/python3.8/site-packages/airflow/example_dags/example_branch_operator.py
[2023-03-01T12:37:33.601+0100] {logging_mixin.py:137} INFO - [2023-03-01T12:37:33.601+0100] {dag.py:2690} INFO - Sync 1 DAGs
[2023-03-01T12:37:33.615+0100] {logging_mixin.py:137} INFO - [2023-03-01T12:37:33.615+0100] {dag.py:3437} INFO - Setting next_dagrun for example_branch_operator to 2023-02-28T00:00:00+00:00, run_after=2023-03-01T00:00:00+00:00
[2023-03-01T12:37:33.626+0100] {processor.py:175} INFO - Processing /Users/oanottage/opt/anaconda3/lib/python3.8/site-packages/airflow/example_dags/example_branch_operator.py took 0.927 seconds
[2023-03-01T12:39:30.069+0100] {processor.py:153} INFO - Started process (PID=33224) to work on /Users/oanottage/opt/anaconda3/lib/python3.8/site-packages/airflow/example_dags/example_branch_operator.py
[2023-03-01T12:39:30.074+0100] {processor.py:743} INFO - Processing file /Users/oanottage/opt/anaconda3/lib/python3.8/site-packages/airflow/example_dags/example_branch_operator.py for tasks to queue
[2023-03-01T12:39:30.075+0100] {logging_mixin.py:137} INFO - [2023-03-01T12:39:30.074+0100] {dagbag.py:538} INFO - Filling up the DagBag from /Users/oanottage/opt/anaconda3/lib/python3.8/site-packages/airflow/example_dags/example_branch_operator.py
[2023-03-01T12:39:30.152+0100] {processor.py:753} INFO - DAG(s) dict_keys(['example_branch_operator']) retrieved from /Users/oanottage/opt/anaconda3/lib/python3.8/site-packages/airflow/example_dags/example_branch_operator.py
[2023-03-01T12:39:31.291+0100] {logging_mixin.py:137} INFO - [2023-03-01T12:39:31.291+0100] {dag.py:2690} INFO - Sync 1 DAGs
[2023-03-01T12:39:31.310+0100] {logging_mixin.py:137} INFO - [2023-03-01T12:39:31.310+0100] {dag.py:3437} INFO - Setting next_dagrun for example_branch_operator to 2023-02-28T00:00:00+00:00, run_after=2023-03-01T00:00:00+00:00
[2023-03-01T12:39:31.329+0100] {processor.py:175} INFO - Processing /Users/oanottage/opt/anaconda3/lib/python3.8/site-packages/airflow/example_dags/example_branch_operator.py took 1.261 seconds
[2023-03-01T12:41:41.622+0100] {processor.py:153} INFO - Started process (PID=38016) to work on /Users/oanottage/opt/anaconda3/lib/python3.8/site-packages/airflow/example_dags/example_branch_operator.py
[2023-03-01T12:41:41.625+0100] {processor.py:743} INFO - Processing file /Users/oanottage/opt/anaconda3/lib/python3.8/site-packages/airflow/example_dags/example_branch_operator.py for tasks to queue
[2023-03-01T12:41:41.626+0100] {logging_mixin.py:137} INFO - [2023-03-01T12:41:41.626+0100] {dagbag.py:538} INFO - Filling up the DagBag from /Users/oanottage/opt/anaconda3/lib/python3.8/site-packages/airflow/example_dags/example_branch_operator.py
[2023-03-01T12:41:41.690+0100] {processor.py:753} INFO - DAG(s) dict_keys(['example_branch_operator']) retrieved from /Users/oanottage/opt/anaconda3/lib/python3.8/site-packages/airflow/example_dags/example_branch_operator.py
[2023-03-01T12:41:42.573+0100] {logging_mixin.py:137} INFO - [2023-03-01T12:41:42.573+0100] {dag.py:2690} INFO - Sync 1 DAGs
[2023-03-01T12:41:42.588+0100] {logging_mixin.py:137} INFO - [2023-03-01T12:41:42.588+0100] {dag.py:3437} INFO - Setting next_dagrun for example_branch_operator to 2023-02-28T00:00:00+00:00, run_after=2023-03-01T00:00:00+00:00
[2023-03-01T12:41:42.602+0100] {processor.py:175} INFO - Processing /Users/oanottage/opt/anaconda3/lib/python3.8/site-packages/airflow/example_dags/example_branch_operator.py took 0.981 seconds
[2023-03-01T12:43:49.430+0100] {processor.py:153} INFO - Started process (PID=42266) to work on /Users/oanottage/opt/anaconda3/lib/python3.8/site-packages/airflow/example_dags/example_branch_operator.py
[2023-03-01T12:43:49.436+0100] {processor.py:743} INFO - Processing file /Users/oanottage/opt/anaconda3/lib/python3.8/site-packages/airflow/example_dags/example_branch_operator.py for tasks to queue
[2023-03-01T12:43:49.436+0100] {logging_mixin.py:137} INFO - [2023-03-01T12:43:49.436+0100] {dagbag.py:538} INFO - Filling up the DagBag from /Users/oanottage/opt/anaconda3/lib/python3.8/site-packages/airflow/example_dags/example_branch_operator.py
[2023-03-01T12:43:49.506+0100] {processor.py:753} INFO - DAG(s) dict_keys(['example_branch_operator']) retrieved from /Users/oanottage/opt/anaconda3/lib/python3.8/site-packages/airflow/example_dags/example_branch_operator.py
[2023-03-01T12:43:50.797+0100] {logging_mixin.py:137} INFO - [2023-03-01T12:43:50.797+0100] {dag.py:2690} INFO - Sync 1 DAGs
[2023-03-01T12:43:50.816+0100] {logging_mixin.py:137} INFO - [2023-03-01T12:43:50.816+0100] {dag.py:3437} INFO - Setting next_dagrun for example_branch_operator to 2023-02-28T00:00:00+00:00, run_after=2023-03-01T00:00:00+00:00
[2023-03-01T12:43:50.833+0100] {processor.py:175} INFO - Processing /Users/oanottage/opt/anaconda3/lib/python3.8/site-packages/airflow/example_dags/example_branch_operator.py took 1.404 seconds
[2023-03-01T12:45:59.510+0100] {processor.py:153} INFO - Started process (PID=46748) to work on /Users/oanottage/opt/anaconda3/lib/python3.8/site-packages/airflow/example_dags/example_branch_operator.py
[2023-03-01T12:45:59.518+0100] {processor.py:743} INFO - Processing file /Users/oanottage/opt/anaconda3/lib/python3.8/site-packages/airflow/example_dags/example_branch_operator.py for tasks to queue
[2023-03-01T12:45:59.519+0100] {logging_mixin.py:137} INFO - [2023-03-01T12:45:59.518+0100] {dagbag.py:538} INFO - Filling up the DagBag from /Users/oanottage/opt/anaconda3/lib/python3.8/site-packages/airflow/example_dags/example_branch_operator.py
[2023-03-01T12:45:59.641+0100] {processor.py:753} INFO - DAG(s) dict_keys(['example_branch_operator']) retrieved from /Users/oanottage/opt/anaconda3/lib/python3.8/site-packages/airflow/example_dags/example_branch_operator.py
[2023-03-01T12:46:01.519+0100] {logging_mixin.py:137} INFO - [2023-03-01T12:46:01.519+0100] {dag.py:2690} INFO - Sync 1 DAGs
[2023-03-01T12:46:01.552+0100] {logging_mixin.py:137} INFO - [2023-03-01T12:46:01.552+0100] {dag.py:3437} INFO - Setting next_dagrun for example_branch_operator to 2023-02-28T00:00:00+00:00, run_after=2023-03-01T00:00:00+00:00
[2023-03-01T12:46:01.581+0100] {processor.py:175} INFO - Processing /Users/oanottage/opt/anaconda3/lib/python3.8/site-packages/airflow/example_dags/example_branch_operator.py took 2.073 seconds
[2023-03-01T12:48:03.289+0100] {processor.py:153} INFO - Started process (PID=51900) to work on /Users/oanottage/opt/anaconda3/lib/python3.8/site-packages/airflow/example_dags/example_branch_operator.py
[2023-03-01T12:48:03.294+0100] {processor.py:743} INFO - Processing file /Users/oanottage/opt/anaconda3/lib/python3.8/site-packages/airflow/example_dags/example_branch_operator.py for tasks to queue
[2023-03-01T12:48:03.294+0100] {logging_mixin.py:137} INFO - [2023-03-01T12:48:03.294+0100] {dagbag.py:538} INFO - Filling up the DagBag from /Users/oanottage/opt/anaconda3/lib/python3.8/site-packages/airflow/example_dags/example_branch_operator.py
[2023-03-01T12:48:03.359+0100] {processor.py:753} INFO - DAG(s) dict_keys(['example_branch_operator']) retrieved from /Users/oanottage/opt/anaconda3/lib/python3.8/site-packages/airflow/example_dags/example_branch_operator.py
[2023-03-01T12:48:04.384+0100] {logging_mixin.py:137} INFO - [2023-03-01T12:48:04.384+0100] {dag.py:2690} INFO - Sync 1 DAGs
[2023-03-01T12:48:04.400+0100] {logging_mixin.py:137} INFO - [2023-03-01T12:48:04.399+0100] {dag.py:3437} INFO - Setting next_dagrun for example_branch_operator to 2023-02-28T00:00:00+00:00, run_after=2023-03-01T00:00:00+00:00
[2023-03-01T12:48:04.413+0100] {processor.py:175} INFO - Processing /Users/oanottage/opt/anaconda3/lib/python3.8/site-packages/airflow/example_dags/example_branch_operator.py took 1.124 seconds
[2023-03-01T12:50:09.153+0100] {processor.py:153} INFO - Started process (PID=56216) to work on /Users/oanottage/opt/anaconda3/lib/python3.8/site-packages/airflow/example_dags/example_branch_operator.py
[2023-03-01T12:50:09.157+0100] {processor.py:743} INFO - Processing file /Users/oanottage/opt/anaconda3/lib/python3.8/site-packages/airflow/example_dags/example_branch_operator.py for tasks to queue
[2023-03-01T12:50:09.158+0100] {logging_mixin.py:137} INFO - [2023-03-01T12:50:09.158+0100] {dagbag.py:538} INFO - Filling up the DagBag from /Users/oanottage/opt/anaconda3/lib/python3.8/site-packages/airflow/example_dags/example_branch_operator.py
[2023-03-01T12:50:09.221+0100] {processor.py:753} INFO - DAG(s) dict_keys(['example_branch_operator']) retrieved from /Users/oanottage/opt/anaconda3/lib/python3.8/site-packages/airflow/example_dags/example_branch_operator.py
[2023-03-01T12:50:10.464+0100] {logging_mixin.py:137} INFO - [2023-03-01T12:50:10.463+0100] {dag.py:2690} INFO - Sync 1 DAGs
[2023-03-01T12:50:10.479+0100] {logging_mixin.py:137} INFO - [2023-03-01T12:50:10.479+0100] {dag.py:3437} INFO - Setting next_dagrun for example_branch_operator to 2023-02-28T00:00:00+00:00, run_after=2023-03-01T00:00:00+00:00
[2023-03-01T12:50:10.492+0100] {processor.py:175} INFO - Processing /Users/oanottage/opt/anaconda3/lib/python3.8/site-packages/airflow/example_dags/example_branch_operator.py took 1.340 seconds
[2023-03-01T12:52:05.755+0100] {processor.py:153} INFO - Started process (PID=60465) to work on /Users/oanottage/opt/anaconda3/lib/python3.8/site-packages/airflow/example_dags/example_branch_operator.py
[2023-03-01T12:52:05.760+0100] {processor.py:743} INFO - Processing file /Users/oanottage/opt/anaconda3/lib/python3.8/site-packages/airflow/example_dags/example_branch_operator.py for tasks to queue
[2023-03-01T12:52:05.761+0100] {logging_mixin.py:137} INFO - [2023-03-01T12:52:05.761+0100] {dagbag.py:538} INFO - Filling up the DagBag from /Users/oanottage/opt/anaconda3/lib/python3.8/site-packages/airflow/example_dags/example_branch_operator.py
[2023-03-01T12:52:05.849+0100] {processor.py:753} INFO - DAG(s) dict_keys(['example_branch_operator']) retrieved from /Users/oanottage/opt/anaconda3/lib/python3.8/site-packages/airflow/example_dags/example_branch_operator.py
[2023-03-01T12:52:06.735+0100] {logging_mixin.py:137} INFO - [2023-03-01T12:52:06.734+0100] {dag.py:2690} INFO - Sync 1 DAGs
[2023-03-01T12:52:06.762+0100] {logging_mixin.py:137} INFO - [2023-03-01T12:52:06.762+0100] {dag.py:3437} INFO - Setting next_dagrun for example_branch_operator to 2023-02-28T00:00:00+00:00, run_after=2023-03-01T00:00:00+00:00
[2023-03-01T12:52:06.785+0100] {processor.py:175} INFO - Processing /Users/oanottage/opt/anaconda3/lib/python3.8/site-packages/airflow/example_dags/example_branch_operator.py took 1.031 seconds
[2023-03-01T12:54:12.174+0100] {processor.py:153} INFO - Started process (PID=64772) to work on /Users/oanottage/opt/anaconda3/lib/python3.8/site-packages/airflow/example_dags/example_branch_operator.py
[2023-03-01T12:54:12.179+0100] {processor.py:743} INFO - Processing file /Users/oanottage/opt/anaconda3/lib/python3.8/site-packages/airflow/example_dags/example_branch_operator.py for tasks to queue
[2023-03-01T12:54:12.180+0100] {logging_mixin.py:137} INFO - [2023-03-01T12:54:12.180+0100] {dagbag.py:538} INFO - Filling up the DagBag from /Users/oanottage/opt/anaconda3/lib/python3.8/site-packages/airflow/example_dags/example_branch_operator.py
[2023-03-01T12:54:12.237+0100] {processor.py:753} INFO - DAG(s) dict_keys(['example_branch_operator']) retrieved from /Users/oanottage/opt/anaconda3/lib/python3.8/site-packages/airflow/example_dags/example_branch_operator.py
[2023-03-01T12:54:13.089+0100] {logging_mixin.py:137} INFO - [2023-03-01T12:54:13.088+0100] {dag.py:2690} INFO - Sync 1 DAGs
[2023-03-01T12:54:13.103+0100] {logging_mixin.py:137} INFO - [2023-03-01T12:54:13.103+0100] {dag.py:3437} INFO - Setting next_dagrun for example_branch_operator to 2023-02-28T00:00:00+00:00, run_after=2023-03-01T00:00:00+00:00
[2023-03-01T12:54:13.117+0100] {processor.py:175} INFO - Processing /Users/oanottage/opt/anaconda3/lib/python3.8/site-packages/airflow/example_dags/example_branch_operator.py took 0.944 seconds
[2023-03-01T12:56:06.349+0100] {processor.py:153} INFO - Started process (PID=69022) to work on /Users/oanottage/opt/anaconda3/lib/python3.8/site-packages/airflow/example_dags/example_branch_operator.py
[2023-03-01T12:56:06.353+0100] {processor.py:743} INFO - Processing file /Users/oanottage/opt/anaconda3/lib/python3.8/site-packages/airflow/example_dags/example_branch_operator.py for tasks to queue
[2023-03-01T12:56:06.353+0100] {logging_mixin.py:137} INFO - [2023-03-01T12:56:06.353+0100] {dagbag.py:538} INFO - Filling up the DagBag from /Users/oanottage/opt/anaconda3/lib/python3.8/site-packages/airflow/example_dags/example_branch_operator.py
[2023-03-01T12:56:06.410+0100] {processor.py:753} INFO - DAG(s) dict_keys(['example_branch_operator']) retrieved from /Users/oanottage/opt/anaconda3/lib/python3.8/site-packages/airflow/example_dags/example_branch_operator.py
[2023-03-01T12:56:07.286+0100] {logging_mixin.py:137} INFO - [2023-03-01T12:56:07.286+0100] {dag.py:2690} INFO - Sync 1 DAGs
[2023-03-01T12:56:07.299+0100] {logging_mixin.py:137} INFO - [2023-03-01T12:56:07.299+0100] {dag.py:3437} INFO - Setting next_dagrun for example_branch_operator to 2023-02-28T00:00:00+00:00, run_after=2023-03-01T00:00:00+00:00
[2023-03-01T12:56:07.312+0100] {processor.py:175} INFO - Processing /Users/oanottage/opt/anaconda3/lib/python3.8/site-packages/airflow/example_dags/example_branch_operator.py took 0.964 seconds
[2023-03-01T12:57:55.501+0100] {processor.py:153} INFO - Started process (PID=72257) to work on /Users/oanottage/opt/anaconda3/lib/python3.8/site-packages/airflow/example_dags/example_branch_operator.py
[2023-03-01T12:57:55.505+0100] {processor.py:743} INFO - Processing file /Users/oanottage/opt/anaconda3/lib/python3.8/site-packages/airflow/example_dags/example_branch_operator.py for tasks to queue
[2023-03-01T12:57:55.506+0100] {logging_mixin.py:137} INFO - [2023-03-01T12:57:55.506+0100] {dagbag.py:538} INFO - Filling up the DagBag from /Users/oanottage/opt/anaconda3/lib/python3.8/site-packages/airflow/example_dags/example_branch_operator.py
[2023-03-01T12:57:55.565+0100] {processor.py:753} INFO - DAG(s) dict_keys(['example_branch_operator']) retrieved from /Users/oanottage/opt/anaconda3/lib/python3.8/site-packages/airflow/example_dags/example_branch_operator.py
[2023-03-01T12:57:56.528+0100] {logging_mixin.py:137} INFO - [2023-03-01T12:57:56.527+0100] {dag.py:2690} INFO - Sync 1 DAGs
[2023-03-01T12:57:56.542+0100] {logging_mixin.py:137} INFO - [2023-03-01T12:57:56.542+0100] {dag.py:3437} INFO - Setting next_dagrun for example_branch_operator to 2023-02-28T00:00:00+00:00, run_after=2023-03-01T00:00:00+00:00
[2023-03-01T12:57:56.555+0100] {processor.py:175} INFO - Processing /Users/oanottage/opt/anaconda3/lib/python3.8/site-packages/airflow/example_dags/example_branch_operator.py took 1.054 seconds
[2023-03-01T12:59:56.494+0100] {processor.py:153} INFO - Started process (PID=76544) to work on /Users/oanottage/opt/anaconda3/lib/python3.8/site-packages/airflow/example_dags/example_branch_operator.py
[2023-03-01T12:59:56.498+0100] {processor.py:743} INFO - Processing file /Users/oanottage/opt/anaconda3/lib/python3.8/site-packages/airflow/example_dags/example_branch_operator.py for tasks to queue
[2023-03-01T12:59:56.498+0100] {logging_mixin.py:137} INFO - [2023-03-01T12:59:56.498+0100] {dagbag.py:538} INFO - Filling up the DagBag from /Users/oanottage/opt/anaconda3/lib/python3.8/site-packages/airflow/example_dags/example_branch_operator.py
[2023-03-01T12:59:56.556+0100] {processor.py:753} INFO - DAG(s) dict_keys(['example_branch_operator']) retrieved from /Users/oanottage/opt/anaconda3/lib/python3.8/site-packages/airflow/example_dags/example_branch_operator.py
[2023-03-01T12:59:57.479+0100] {logging_mixin.py:137} INFO - [2023-03-01T12:59:57.479+0100] {dag.py:2690} INFO - Sync 1 DAGs
[2023-03-01T12:59:57.495+0100] {logging_mixin.py:137} INFO - [2023-03-01T12:59:57.494+0100] {dag.py:3437} INFO - Setting next_dagrun for example_branch_operator to 2023-02-28T00:00:00+00:00, run_after=2023-03-01T00:00:00+00:00
[2023-03-01T12:59:57.508+0100] {processor.py:175} INFO - Processing /Users/oanottage/opt/anaconda3/lib/python3.8/site-packages/airflow/example_dags/example_branch_operator.py took 1.015 seconds
