[2023-03-01T12:03:46.590+0100] {processor.py:153} INFO - Started process (PID=57285) to work on /Users/oanottage/opt/anaconda3/lib/python3.8/site-packages/airflow/example_dags/example_external_task_marker_dag.py
[2023-03-01T12:03:46.594+0100] {processor.py:743} INFO - Processing file /Users/oanottage/opt/anaconda3/lib/python3.8/site-packages/airflow/example_dags/example_external_task_marker_dag.py for tasks to queue
[2023-03-01T12:03:46.594+0100] {logging_mixin.py:137} INFO - [2023-03-01T12:03:46.594+0100] {dagbag.py:538} INFO - Filling up the DagBag from /Users/oanottage/opt/anaconda3/lib/python3.8/site-packages/airflow/example_dags/example_external_task_marker_dag.py
[2023-03-01T12:03:46.658+0100] {processor.py:753} INFO - DAG(s) dict_keys(['example_external_task_marker_child', 'example_external_task_marker_parent']) retrieved from /Users/oanottage/opt/anaconda3/lib/python3.8/site-packages/airflow/example_dags/example_external_task_marker_dag.py
[2023-03-01T12:03:48.952+0100] {logging_mixin.py:137} INFO - [2023-03-01T12:03:48.952+0100] {manager.py:504} INFO - Created Permission View: can delete on DAG:example_external_task_marker_child
[2023-03-01T12:03:48.958+0100] {logging_mixin.py:137} INFO - [2023-03-01T12:03:48.958+0100] {manager.py:504} INFO - Created Permission View: can read on DAG:example_external_task_marker_child
[2023-03-01T12:03:48.963+0100] {logging_mixin.py:137} INFO - [2023-03-01T12:03:48.962+0100] {manager.py:504} INFO - Created Permission View: can edit on DAG:example_external_task_marker_child
[2023-03-01T12:03:48.974+0100] {logging_mixin.py:137} INFO - [2023-03-01T12:03:48.974+0100] {manager.py:504} INFO - Created Permission View: can delete on DAG:example_external_task_marker_parent
[2023-03-01T12:03:48.980+0100] {logging_mixin.py:137} INFO - [2023-03-01T12:03:48.980+0100] {manager.py:504} INFO - Created Permission View: can read on DAG:example_external_task_marker_parent
[2023-03-01T12:03:48.984+0100] {logging_mixin.py:137} INFO - [2023-03-01T12:03:48.984+0100] {manager.py:504} INFO - Created Permission View: can edit on DAG:example_external_task_marker_parent
[2023-03-01T12:03:48.985+0100] {logging_mixin.py:137} INFO - [2023-03-01T12:03:48.985+0100] {dag.py:2690} INFO - Sync 2 DAGs
[2023-03-01T12:03:48.996+0100] {logging_mixin.py:137} INFO - [2023-03-01T12:03:48.995+0100] {dag.py:2711} INFO - Creating ORM DAG for example_external_task_marker_parent
[2023-03-01T12:03:48.996+0100] {logging_mixin.py:137} INFO - [2023-03-01T12:03:48.996+0100] {dag.py:2711} INFO - Creating ORM DAG for example_external_task_marker_child
[2023-03-01T12:03:49.002+0100] {logging_mixin.py:137} INFO - [2023-03-01T12:03:49.002+0100] {dag.py:3437} INFO - Setting next_dagrun for example_external_task_marker_child to None, run_after=None
[2023-03-01T12:03:49.002+0100] {logging_mixin.py:137} INFO - [2023-03-01T12:03:49.002+0100] {dag.py:3437} INFO - Setting next_dagrun for example_external_task_marker_parent to None, run_after=None
[2023-03-01T12:03:49.019+0100] {processor.py:175} INFO - Processing /Users/oanottage/opt/anaconda3/lib/python3.8/site-packages/airflow/example_dags/example_external_task_marker_dag.py took 2.429 seconds
[2023-03-01T12:05:45.990+0100] {processor.py:153} INFO - Started process (PID=61467) to work on /Users/oanottage/opt/anaconda3/lib/python3.8/site-packages/airflow/example_dags/example_external_task_marker_dag.py
[2023-03-01T12:05:45.994+0100] {processor.py:743} INFO - Processing file /Users/oanottage/opt/anaconda3/lib/python3.8/site-packages/airflow/example_dags/example_external_task_marker_dag.py for tasks to queue
[2023-03-01T12:05:45.994+0100] {logging_mixin.py:137} INFO - [2023-03-01T12:05:45.994+0100] {dagbag.py:538} INFO - Filling up the DagBag from /Users/oanottage/opt/anaconda3/lib/python3.8/site-packages/airflow/example_dags/example_external_task_marker_dag.py
[2023-03-01T12:05:46.047+0100] {processor.py:753} INFO - DAG(s) dict_keys(['example_external_task_marker_child', 'example_external_task_marker_parent']) retrieved from /Users/oanottage/opt/anaconda3/lib/python3.8/site-packages/airflow/example_dags/example_external_task_marker_dag.py
[2023-03-01T12:05:47.383+0100] {logging_mixin.py:137} INFO - [2023-03-01T12:05:47.383+0100] {dag.py:2690} INFO - Sync 2 DAGs
[2023-03-01T12:05:47.395+0100] {logging_mixin.py:137} INFO - [2023-03-01T12:05:47.394+0100] {dag.py:3437} INFO - Setting next_dagrun for example_external_task_marker_child to None, run_after=None
[2023-03-01T12:05:47.396+0100] {logging_mixin.py:137} INFO - [2023-03-01T12:05:47.396+0100] {dag.py:3437} INFO - Setting next_dagrun for example_external_task_marker_parent to None, run_after=None
[2023-03-01T12:05:47.408+0100] {processor.py:175} INFO - Processing /Users/oanottage/opt/anaconda3/lib/python3.8/site-packages/airflow/example_dags/example_external_task_marker_dag.py took 1.418 seconds
[2023-03-01T12:07:40.250+0100] {processor.py:153} INFO - Started process (PID=65662) to work on /Users/oanottage/opt/anaconda3/lib/python3.8/site-packages/airflow/example_dags/example_external_task_marker_dag.py
[2023-03-01T12:07:40.254+0100] {processor.py:743} INFO - Processing file /Users/oanottage/opt/anaconda3/lib/python3.8/site-packages/airflow/example_dags/example_external_task_marker_dag.py for tasks to queue
[2023-03-01T12:07:40.254+0100] {logging_mixin.py:137} INFO - [2023-03-01T12:07:40.254+0100] {dagbag.py:538} INFO - Filling up the DagBag from /Users/oanottage/opt/anaconda3/lib/python3.8/site-packages/airflow/example_dags/example_external_task_marker_dag.py
[2023-03-01T12:07:40.299+0100] {processor.py:753} INFO - DAG(s) dict_keys(['example_external_task_marker_parent', 'example_external_task_marker_child']) retrieved from /Users/oanottage/opt/anaconda3/lib/python3.8/site-packages/airflow/example_dags/example_external_task_marker_dag.py
[2023-03-01T12:07:41.366+0100] {logging_mixin.py:137} INFO - [2023-03-01T12:07:41.366+0100] {dag.py:2690} INFO - Sync 2 DAGs
[2023-03-01T12:07:41.377+0100] {logging_mixin.py:137} INFO - [2023-03-01T12:07:41.377+0100] {dag.py:3437} INFO - Setting next_dagrun for example_external_task_marker_child to None, run_after=None
[2023-03-01T12:07:41.378+0100] {logging_mixin.py:137} INFO - [2023-03-01T12:07:41.378+0100] {dag.py:3437} INFO - Setting next_dagrun for example_external_task_marker_parent to None, run_after=None
[2023-03-01T12:07:41.391+0100] {processor.py:175} INFO - Processing /Users/oanottage/opt/anaconda3/lib/python3.8/site-packages/airflow/example_dags/example_external_task_marker_dag.py took 1.142 seconds
[2023-03-01T12:09:32.417+0100] {processor.py:153} INFO - Started process (PID=69667) to work on /Users/oanottage/opt/anaconda3/lib/python3.8/site-packages/airflow/example_dags/example_external_task_marker_dag.py
[2023-03-01T12:09:32.421+0100] {processor.py:743} INFO - Processing file /Users/oanottage/opt/anaconda3/lib/python3.8/site-packages/airflow/example_dags/example_external_task_marker_dag.py for tasks to queue
[2023-03-01T12:09:32.421+0100] {logging_mixin.py:137} INFO - [2023-03-01T12:09:32.421+0100] {dagbag.py:538} INFO - Filling up the DagBag from /Users/oanottage/opt/anaconda3/lib/python3.8/site-packages/airflow/example_dags/example_external_task_marker_dag.py
[2023-03-01T12:09:32.479+0100] {processor.py:753} INFO - DAG(s) dict_keys(['example_external_task_marker_parent', 'example_external_task_marker_child']) retrieved from /Users/oanottage/opt/anaconda3/lib/python3.8/site-packages/airflow/example_dags/example_external_task_marker_dag.py
[2023-03-01T12:09:33.950+0100] {logging_mixin.py:137} INFO - [2023-03-01T12:09:33.950+0100] {dag.py:2690} INFO - Sync 2 DAGs
[2023-03-01T12:09:33.966+0100] {logging_mixin.py:137} INFO - [2023-03-01T12:09:33.966+0100] {dag.py:3437} INFO - Setting next_dagrun for example_external_task_marker_child to None, run_after=None
[2023-03-01T12:09:33.969+0100] {logging_mixin.py:137} INFO - [2023-03-01T12:09:33.969+0100] {dag.py:3437} INFO - Setting next_dagrun for example_external_task_marker_parent to None, run_after=None
[2023-03-01T12:09:33.984+0100] {processor.py:175} INFO - Processing /Users/oanottage/opt/anaconda3/lib/python3.8/site-packages/airflow/example_dags/example_external_task_marker_dag.py took 1.568 seconds
[2023-03-01T12:11:39.011+0100] {processor.py:153} INFO - Started process (PID=74126) to work on /Users/oanottage/opt/anaconda3/lib/python3.8/site-packages/airflow/example_dags/example_external_task_marker_dag.py
[2023-03-01T12:11:39.015+0100] {processor.py:743} INFO - Processing file /Users/oanottage/opt/anaconda3/lib/python3.8/site-packages/airflow/example_dags/example_external_task_marker_dag.py for tasks to queue
[2023-03-01T12:11:39.015+0100] {logging_mixin.py:137} INFO - [2023-03-01T12:11:39.015+0100] {dagbag.py:538} INFO - Filling up the DagBag from /Users/oanottage/opt/anaconda3/lib/python3.8/site-packages/airflow/example_dags/example_external_task_marker_dag.py
[2023-03-01T12:11:39.061+0100] {processor.py:753} INFO - DAG(s) dict_keys(['example_external_task_marker_child', 'example_external_task_marker_parent']) retrieved from /Users/oanottage/opt/anaconda3/lib/python3.8/site-packages/airflow/example_dags/example_external_task_marker_dag.py
[2023-03-01T12:11:40.445+0100] {logging_mixin.py:137} INFO - [2023-03-01T12:11:40.444+0100] {dag.py:2690} INFO - Sync 2 DAGs
[2023-03-01T12:11:40.459+0100] {logging_mixin.py:137} INFO - [2023-03-01T12:11:40.459+0100] {dag.py:3437} INFO - Setting next_dagrun for example_external_task_marker_child to None, run_after=None
[2023-03-01T12:11:40.461+0100] {logging_mixin.py:137} INFO - [2023-03-01T12:11:40.461+0100] {dag.py:3437} INFO - Setting next_dagrun for example_external_task_marker_parent to None, run_after=None
[2023-03-01T12:11:40.474+0100] {processor.py:175} INFO - Processing /Users/oanottage/opt/anaconda3/lib/python3.8/site-packages/airflow/example_dags/example_external_task_marker_dag.py took 1.463 seconds
[2023-03-01T12:13:34.965+0100] {processor.py:153} INFO - Started process (PID=78361) to work on /Users/oanottage/opt/anaconda3/lib/python3.8/site-packages/airflow/example_dags/example_external_task_marker_dag.py
[2023-03-01T12:13:34.969+0100] {processor.py:743} INFO - Processing file /Users/oanottage/opt/anaconda3/lib/python3.8/site-packages/airflow/example_dags/example_external_task_marker_dag.py for tasks to queue
[2023-03-01T12:13:34.969+0100] {logging_mixin.py:137} INFO - [2023-03-01T12:13:34.969+0100] {dagbag.py:538} INFO - Filling up the DagBag from /Users/oanottage/opt/anaconda3/lib/python3.8/site-packages/airflow/example_dags/example_external_task_marker_dag.py
[2023-03-01T12:13:35.017+0100] {processor.py:753} INFO - DAG(s) dict_keys(['example_external_task_marker_parent', 'example_external_task_marker_child']) retrieved from /Users/oanottage/opt/anaconda3/lib/python3.8/site-packages/airflow/example_dags/example_external_task_marker_dag.py
[2023-03-01T12:13:36.349+0100] {logging_mixin.py:137} INFO - [2023-03-01T12:13:36.349+0100] {dag.py:2690} INFO - Sync 2 DAGs
[2023-03-01T12:13:36.360+0100] {logging_mixin.py:137} INFO - [2023-03-01T12:13:36.360+0100] {dag.py:3437} INFO - Setting next_dagrun for example_external_task_marker_child to None, run_after=None
[2023-03-01T12:13:36.362+0100] {logging_mixin.py:137} INFO - [2023-03-01T12:13:36.362+0100] {dag.py:3437} INFO - Setting next_dagrun for example_external_task_marker_parent to None, run_after=None
[2023-03-01T12:13:36.373+0100] {processor.py:175} INFO - Processing /Users/oanottage/opt/anaconda3/lib/python3.8/site-packages/airflow/example_dags/example_external_task_marker_dag.py took 1.408 seconds
[2023-03-01T12:15:26.138+0100] {processor.py:153} INFO - Started process (PID=81513) to work on /Users/oanottage/opt/anaconda3/lib/python3.8/site-packages/airflow/example_dags/example_external_task_marker_dag.py
[2023-03-01T12:15:26.142+0100] {processor.py:743} INFO - Processing file /Users/oanottage/opt/anaconda3/lib/python3.8/site-packages/airflow/example_dags/example_external_task_marker_dag.py for tasks to queue
[2023-03-01T12:15:26.142+0100] {logging_mixin.py:137} INFO - [2023-03-01T12:15:26.142+0100] {dagbag.py:538} INFO - Filling up the DagBag from /Users/oanottage/opt/anaconda3/lib/python3.8/site-packages/airflow/example_dags/example_external_task_marker_dag.py
[2023-03-01T12:15:26.194+0100] {processor.py:753} INFO - DAG(s) dict_keys(['example_external_task_marker_parent', 'example_external_task_marker_child']) retrieved from /Users/oanottage/opt/anaconda3/lib/python3.8/site-packages/airflow/example_dags/example_external_task_marker_dag.py
[2023-03-01T12:15:27.760+0100] {logging_mixin.py:137} INFO - [2023-03-01T12:15:27.760+0100] {dag.py:2690} INFO - Sync 2 DAGs
[2023-03-01T12:15:27.779+0100] {logging_mixin.py:137} INFO - [2023-03-01T12:15:27.779+0100] {dag.py:3437} INFO - Setting next_dagrun for example_external_task_marker_child to None, run_after=None
[2023-03-01T12:15:27.782+0100] {logging_mixin.py:137} INFO - [2023-03-01T12:15:27.782+0100] {dag.py:3437} INFO - Setting next_dagrun for example_external_task_marker_parent to None, run_after=None
[2023-03-01T12:15:27.804+0100] {processor.py:175} INFO - Processing /Users/oanottage/opt/anaconda3/lib/python3.8/site-packages/airflow/example_dags/example_external_task_marker_dag.py took 1.667 seconds
[2023-03-01T12:17:29.195+0100] {processor.py:153} INFO - Started process (PID=86123) to work on /Users/oanottage/opt/anaconda3/lib/python3.8/site-packages/airflow/example_dags/example_external_task_marker_dag.py
[2023-03-01T12:17:29.200+0100] {processor.py:743} INFO - Processing file /Users/oanottage/opt/anaconda3/lib/python3.8/site-packages/airflow/example_dags/example_external_task_marker_dag.py for tasks to queue
[2023-03-01T12:17:29.200+0100] {logging_mixin.py:137} INFO - [2023-03-01T12:17:29.200+0100] {dagbag.py:538} INFO - Filling up the DagBag from /Users/oanottage/opt/anaconda3/lib/python3.8/site-packages/airflow/example_dags/example_external_task_marker_dag.py
[2023-03-01T12:17:29.250+0100] {processor.py:753} INFO - DAG(s) dict_keys(['example_external_task_marker_parent', 'example_external_task_marker_child']) retrieved from /Users/oanottage/opt/anaconda3/lib/python3.8/site-packages/airflow/example_dags/example_external_task_marker_dag.py
[2023-03-01T12:17:30.436+0100] {logging_mixin.py:137} INFO - [2023-03-01T12:17:30.436+0100] {dag.py:2690} INFO - Sync 2 DAGs
[2023-03-01T12:17:30.448+0100] {logging_mixin.py:137} INFO - [2023-03-01T12:17:30.448+0100] {dag.py:3437} INFO - Setting next_dagrun for example_external_task_marker_child to None, run_after=None
[2023-03-01T12:17:30.450+0100] {logging_mixin.py:137} INFO - [2023-03-01T12:17:30.450+0100] {dag.py:3437} INFO - Setting next_dagrun for example_external_task_marker_parent to None, run_after=None
[2023-03-01T12:17:30.462+0100] {processor.py:175} INFO - Processing /Users/oanottage/opt/anaconda3/lib/python3.8/site-packages/airflow/example_dags/example_external_task_marker_dag.py took 1.268 seconds
[2023-03-01T12:19:24.463+0100] {processor.py:153} INFO - Started process (PID=89908) to work on /Users/oanottage/opt/anaconda3/lib/python3.8/site-packages/airflow/example_dags/example_external_task_marker_dag.py
[2023-03-01T12:19:24.467+0100] {processor.py:743} INFO - Processing file /Users/oanottage/opt/anaconda3/lib/python3.8/site-packages/airflow/example_dags/example_external_task_marker_dag.py for tasks to queue
[2023-03-01T12:19:24.467+0100] {logging_mixin.py:137} INFO - [2023-03-01T12:19:24.467+0100] {dagbag.py:538} INFO - Filling up the DagBag from /Users/oanottage/opt/anaconda3/lib/python3.8/site-packages/airflow/example_dags/example_external_task_marker_dag.py
[2023-03-01T12:19:24.512+0100] {processor.py:753} INFO - DAG(s) dict_keys(['example_external_task_marker_child', 'example_external_task_marker_parent']) retrieved from /Users/oanottage/opt/anaconda3/lib/python3.8/site-packages/airflow/example_dags/example_external_task_marker_dag.py
[2023-03-01T12:19:25.607+0100] {logging_mixin.py:137} INFO - [2023-03-01T12:19:25.607+0100] {dag.py:2690} INFO - Sync 2 DAGs
[2023-03-01T12:19:25.620+0100] {logging_mixin.py:137} INFO - [2023-03-01T12:19:25.619+0100] {dag.py:3437} INFO - Setting next_dagrun for example_external_task_marker_child to None, run_after=None
[2023-03-01T12:19:25.621+0100] {logging_mixin.py:137} INFO - [2023-03-01T12:19:25.621+0100] {dag.py:3437} INFO - Setting next_dagrun for example_external_task_marker_parent to None, run_after=None
[2023-03-01T12:19:25.633+0100] {processor.py:175} INFO - Processing /Users/oanottage/opt/anaconda3/lib/python3.8/site-packages/airflow/example_dags/example_external_task_marker_dag.py took 1.171 seconds
[2023-03-01T12:21:25.624+0100] {processor.py:153} INFO - Started process (PID=94153) to work on /Users/oanottage/opt/anaconda3/lib/python3.8/site-packages/airflow/example_dags/example_external_task_marker_dag.py
[2023-03-01T12:21:25.629+0100] {processor.py:743} INFO - Processing file /Users/oanottage/opt/anaconda3/lib/python3.8/site-packages/airflow/example_dags/example_external_task_marker_dag.py for tasks to queue
[2023-03-01T12:21:25.629+0100] {logging_mixin.py:137} INFO - [2023-03-01T12:21:25.629+0100] {dagbag.py:538} INFO - Filling up the DagBag from /Users/oanottage/opt/anaconda3/lib/python3.8/site-packages/airflow/example_dags/example_external_task_marker_dag.py
[2023-03-01T12:21:25.674+0100] {processor.py:753} INFO - DAG(s) dict_keys(['example_external_task_marker_parent', 'example_external_task_marker_child']) retrieved from /Users/oanottage/opt/anaconda3/lib/python3.8/site-packages/airflow/example_dags/example_external_task_marker_dag.py
[2023-03-01T12:21:27.119+0100] {logging_mixin.py:137} INFO - [2023-03-01T12:21:27.119+0100] {dag.py:2690} INFO - Sync 2 DAGs
[2023-03-01T12:21:27.131+0100] {logging_mixin.py:137} INFO - [2023-03-01T12:21:27.131+0100] {dag.py:3437} INFO - Setting next_dagrun for example_external_task_marker_child to None, run_after=None
[2023-03-01T12:21:27.133+0100] {logging_mixin.py:137} INFO - [2023-03-01T12:21:27.133+0100] {dag.py:3437} INFO - Setting next_dagrun for example_external_task_marker_parent to None, run_after=None
[2023-03-01T12:21:27.147+0100] {processor.py:175} INFO - Processing /Users/oanottage/opt/anaconda3/lib/python3.8/site-packages/airflow/example_dags/example_external_task_marker_dag.py took 1.524 seconds
[2023-03-01T12:23:59.250+0100] {processor.py:153} INFO - Started process (PID=99937) to work on /Users/oanottage/opt/anaconda3/lib/python3.8/site-packages/airflow/example_dags/example_external_task_marker_dag.py
[2023-03-01T12:23:59.254+0100] {processor.py:743} INFO - Processing file /Users/oanottage/opt/anaconda3/lib/python3.8/site-packages/airflow/example_dags/example_external_task_marker_dag.py for tasks to queue
[2023-03-01T12:23:59.254+0100] {logging_mixin.py:137} INFO - [2023-03-01T12:23:59.254+0100] {dagbag.py:538} INFO - Filling up the DagBag from /Users/oanottage/opt/anaconda3/lib/python3.8/site-packages/airflow/example_dags/example_external_task_marker_dag.py
[2023-03-01T12:23:59.305+0100] {processor.py:753} INFO - DAG(s) dict_keys(['example_external_task_marker_parent', 'example_external_task_marker_child']) retrieved from /Users/oanottage/opt/anaconda3/lib/python3.8/site-packages/airflow/example_dags/example_external_task_marker_dag.py
[2023-03-01T12:24:00.609+0100] {logging_mixin.py:137} INFO - [2023-03-01T12:24:00.609+0100] {dag.py:2690} INFO - Sync 2 DAGs
[2023-03-01T12:24:00.623+0100] {logging_mixin.py:137} INFO - [2023-03-01T12:24:00.623+0100] {dag.py:3437} INFO - Setting next_dagrun for example_external_task_marker_child to None, run_after=None
[2023-03-01T12:24:00.625+0100] {logging_mixin.py:137} INFO - [2023-03-01T12:24:00.625+0100] {dag.py:3437} INFO - Setting next_dagrun for example_external_task_marker_parent to None, run_after=None
[2023-03-01T12:24:00.640+0100] {processor.py:175} INFO - Processing /Users/oanottage/opt/anaconda3/lib/python3.8/site-packages/airflow/example_dags/example_external_task_marker_dag.py took 1.391 seconds
[2023-03-01T12:26:02.725+0100] {processor.py:153} INFO - Started process (PID=5126) to work on /Users/oanottage/opt/anaconda3/lib/python3.8/site-packages/airflow/example_dags/example_external_task_marker_dag.py
[2023-03-01T12:26:02.729+0100] {processor.py:743} INFO - Processing file /Users/oanottage/opt/anaconda3/lib/python3.8/site-packages/airflow/example_dags/example_external_task_marker_dag.py for tasks to queue
[2023-03-01T12:26:02.729+0100] {logging_mixin.py:137} INFO - [2023-03-01T12:26:02.729+0100] {dagbag.py:538} INFO - Filling up the DagBag from /Users/oanottage/opt/anaconda3/lib/python3.8/site-packages/airflow/example_dags/example_external_task_marker_dag.py
[2023-03-01T12:26:02.772+0100] {processor.py:753} INFO - DAG(s) dict_keys(['example_external_task_marker_parent', 'example_external_task_marker_child']) retrieved from /Users/oanottage/opt/anaconda3/lib/python3.8/site-packages/airflow/example_dags/example_external_task_marker_dag.py
[2023-03-01T12:26:04.062+0100] {logging_mixin.py:137} INFO - [2023-03-01T12:26:04.062+0100] {dag.py:2690} INFO - Sync 2 DAGs
[2023-03-01T12:26:04.074+0100] {logging_mixin.py:137} INFO - [2023-03-01T12:26:04.073+0100] {dag.py:3437} INFO - Setting next_dagrun for example_external_task_marker_child to None, run_after=None
[2023-03-01T12:26:04.075+0100] {logging_mixin.py:137} INFO - [2023-03-01T12:26:04.075+0100] {dag.py:3437} INFO - Setting next_dagrun for example_external_task_marker_parent to None, run_after=None
[2023-03-01T12:26:04.088+0100] {processor.py:175} INFO - Processing /Users/oanottage/opt/anaconda3/lib/python3.8/site-packages/airflow/example_dags/example_external_task_marker_dag.py took 1.364 seconds
[2023-03-01T12:27:57.603+0100] {processor.py:153} INFO - Started process (PID=8321) to work on /Users/oanottage/opt/anaconda3/lib/python3.8/site-packages/airflow/example_dags/example_external_task_marker_dag.py
[2023-03-01T12:27:57.608+0100] {processor.py:743} INFO - Processing file /Users/oanottage/opt/anaconda3/lib/python3.8/site-packages/airflow/example_dags/example_external_task_marker_dag.py for tasks to queue
[2023-03-01T12:27:57.608+0100] {logging_mixin.py:137} INFO - [2023-03-01T12:27:57.608+0100] {dagbag.py:538} INFO - Filling up the DagBag from /Users/oanottage/opt/anaconda3/lib/python3.8/site-packages/airflow/example_dags/example_external_task_marker_dag.py
[2023-03-01T12:27:57.662+0100] {processor.py:753} INFO - DAG(s) dict_keys(['example_external_task_marker_child', 'example_external_task_marker_parent']) retrieved from /Users/oanottage/opt/anaconda3/lib/python3.8/site-packages/airflow/example_dags/example_external_task_marker_dag.py
[2023-03-01T12:27:58.912+0100] {logging_mixin.py:137} INFO - [2023-03-01T12:27:58.911+0100] {dag.py:2690} INFO - Sync 2 DAGs
[2023-03-01T12:27:58.930+0100] {logging_mixin.py:137} INFO - [2023-03-01T12:27:58.930+0100] {dag.py:3437} INFO - Setting next_dagrun for example_external_task_marker_child to None, run_after=None
[2023-03-01T12:27:58.933+0100] {logging_mixin.py:137} INFO - [2023-03-01T12:27:58.933+0100] {dag.py:3437} INFO - Setting next_dagrun for example_external_task_marker_parent to None, run_after=None
[2023-03-01T12:27:58.954+0100] {processor.py:175} INFO - Processing /Users/oanottage/opt/anaconda3/lib/python3.8/site-packages/airflow/example_dags/example_external_task_marker_dag.py took 1.352 seconds
[2023-03-01T12:29:49.439+0100] {processor.py:153} INFO - Started process (PID=12537) to work on /Users/oanottage/opt/anaconda3/lib/python3.8/site-packages/airflow/example_dags/example_external_task_marker_dag.py
[2023-03-01T12:29:49.442+0100] {processor.py:743} INFO - Processing file /Users/oanottage/opt/anaconda3/lib/python3.8/site-packages/airflow/example_dags/example_external_task_marker_dag.py for tasks to queue
[2023-03-01T12:29:49.442+0100] {logging_mixin.py:137} INFO - [2023-03-01T12:29:49.442+0100] {dagbag.py:538} INFO - Filling up the DagBag from /Users/oanottage/opt/anaconda3/lib/python3.8/site-packages/airflow/example_dags/example_external_task_marker_dag.py
[2023-03-01T12:29:49.487+0100] {processor.py:753} INFO - DAG(s) dict_keys(['example_external_task_marker_parent', 'example_external_task_marker_child']) retrieved from /Users/oanottage/opt/anaconda3/lib/python3.8/site-packages/airflow/example_dags/example_external_task_marker_dag.py
[2023-03-01T12:29:50.638+0100] {logging_mixin.py:137} INFO - [2023-03-01T12:29:50.637+0100] {dag.py:2690} INFO - Sync 2 DAGs
[2023-03-01T12:29:50.648+0100] {logging_mixin.py:137} INFO - [2023-03-01T12:29:50.648+0100] {dag.py:3437} INFO - Setting next_dagrun for example_external_task_marker_child to None, run_after=None
[2023-03-01T12:29:50.650+0100] {logging_mixin.py:137} INFO - [2023-03-01T12:29:50.649+0100] {dag.py:3437} INFO - Setting next_dagrun for example_external_task_marker_parent to None, run_after=None
[2023-03-01T12:29:50.662+0100] {processor.py:175} INFO - Processing /Users/oanottage/opt/anaconda3/lib/python3.8/site-packages/airflow/example_dags/example_external_task_marker_dag.py took 1.223 seconds
[2023-03-01T12:31:37.534+0100] {processor.py:153} INFO - Started process (PID=16754) to work on /Users/oanottage/opt/anaconda3/lib/python3.8/site-packages/airflow/example_dags/example_external_task_marker_dag.py
[2023-03-01T12:31:37.539+0100] {processor.py:743} INFO - Processing file /Users/oanottage/opt/anaconda3/lib/python3.8/site-packages/airflow/example_dags/example_external_task_marker_dag.py for tasks to queue
[2023-03-01T12:31:37.540+0100] {logging_mixin.py:137} INFO - [2023-03-01T12:31:37.540+0100] {dagbag.py:538} INFO - Filling up the DagBag from /Users/oanottage/opt/anaconda3/lib/python3.8/site-packages/airflow/example_dags/example_external_task_marker_dag.py
[2023-03-01T12:31:37.584+0100] {processor.py:753} INFO - DAG(s) dict_keys(['example_external_task_marker_child', 'example_external_task_marker_parent']) retrieved from /Users/oanottage/opt/anaconda3/lib/python3.8/site-packages/airflow/example_dags/example_external_task_marker_dag.py
[2023-03-01T12:31:38.645+0100] {logging_mixin.py:137} INFO - [2023-03-01T12:31:38.645+0100] {dag.py:2690} INFO - Sync 2 DAGs
[2023-03-01T12:31:38.656+0100] {logging_mixin.py:137} INFO - [2023-03-01T12:31:38.656+0100] {dag.py:3437} INFO - Setting next_dagrun for example_external_task_marker_child to None, run_after=None
[2023-03-01T12:31:38.657+0100] {logging_mixin.py:137} INFO - [2023-03-01T12:31:38.657+0100] {dag.py:3437} INFO - Setting next_dagrun for example_external_task_marker_parent to None, run_after=None
[2023-03-01T12:31:38.671+0100] {processor.py:175} INFO - Processing /Users/oanottage/opt/anaconda3/lib/python3.8/site-packages/airflow/example_dags/example_external_task_marker_dag.py took 1.138 seconds
[2023-03-01T12:33:24.286+0100] {processor.py:153} INFO - Started process (PID=20010) to work on /Users/oanottage/opt/anaconda3/lib/python3.8/site-packages/airflow/example_dags/example_external_task_marker_dag.py
[2023-03-01T12:33:24.290+0100] {processor.py:743} INFO - Processing file /Users/oanottage/opt/anaconda3/lib/python3.8/site-packages/airflow/example_dags/example_external_task_marker_dag.py for tasks to queue
[2023-03-01T12:33:24.290+0100] {logging_mixin.py:137} INFO - [2023-03-01T12:33:24.290+0100] {dagbag.py:538} INFO - Filling up the DagBag from /Users/oanottage/opt/anaconda3/lib/python3.8/site-packages/airflow/example_dags/example_external_task_marker_dag.py
[2023-03-01T12:33:24.336+0100] {processor.py:753} INFO - DAG(s) dict_keys(['example_external_task_marker_child', 'example_external_task_marker_parent']) retrieved from /Users/oanottage/opt/anaconda3/lib/python3.8/site-packages/airflow/example_dags/example_external_task_marker_dag.py
[2023-03-01T12:33:25.462+0100] {logging_mixin.py:137} INFO - [2023-03-01T12:33:25.462+0100] {dag.py:2690} INFO - Sync 2 DAGs
[2023-03-01T12:33:25.474+0100] {logging_mixin.py:137} INFO - [2023-03-01T12:33:25.474+0100] {dag.py:3437} INFO - Setting next_dagrun for example_external_task_marker_child to None, run_after=None
[2023-03-01T12:33:25.476+0100] {logging_mixin.py:137} INFO - [2023-03-01T12:33:25.476+0100] {dag.py:3437} INFO - Setting next_dagrun for example_external_task_marker_parent to None, run_after=None
[2023-03-01T12:33:25.490+0100] {processor.py:175} INFO - Processing /Users/oanottage/opt/anaconda3/lib/python3.8/site-packages/airflow/example_dags/example_external_task_marker_dag.py took 1.205 seconds
[2023-03-01T12:35:17.671+0100] {processor.py:153} INFO - Started process (PID=24235) to work on /Users/oanottage/opt/anaconda3/lib/python3.8/site-packages/airflow/example_dags/example_external_task_marker_dag.py
[2023-03-01T12:35:17.675+0100] {processor.py:743} INFO - Processing file /Users/oanottage/opt/anaconda3/lib/python3.8/site-packages/airflow/example_dags/example_external_task_marker_dag.py for tasks to queue
[2023-03-01T12:35:17.675+0100] {logging_mixin.py:137} INFO - [2023-03-01T12:35:17.675+0100] {dagbag.py:538} INFO - Filling up the DagBag from /Users/oanottage/opt/anaconda3/lib/python3.8/site-packages/airflow/example_dags/example_external_task_marker_dag.py
[2023-03-01T12:35:17.720+0100] {processor.py:753} INFO - DAG(s) dict_keys(['example_external_task_marker_child', 'example_external_task_marker_parent']) retrieved from /Users/oanottage/opt/anaconda3/lib/python3.8/site-packages/airflow/example_dags/example_external_task_marker_dag.py
[2023-03-01T12:35:19.137+0100] {logging_mixin.py:137} INFO - [2023-03-01T12:35:19.137+0100] {dag.py:2690} INFO - Sync 2 DAGs
[2023-03-01T12:35:19.149+0100] {logging_mixin.py:137} INFO - [2023-03-01T12:35:19.149+0100] {dag.py:3437} INFO - Setting next_dagrun for example_external_task_marker_child to None, run_after=None
[2023-03-01T12:35:19.151+0100] {logging_mixin.py:137} INFO - [2023-03-01T12:35:19.151+0100] {dag.py:3437} INFO - Setting next_dagrun for example_external_task_marker_parent to None, run_after=None
[2023-03-01T12:35:19.162+0100] {processor.py:175} INFO - Processing /Users/oanottage/opt/anaconda3/lib/python3.8/site-packages/airflow/example_dags/example_external_task_marker_dag.py took 1.492 seconds
[2023-03-01T12:37:11.714+0100] {processor.py:153} INFO - Started process (PID=28464) to work on /Users/oanottage/opt/anaconda3/lib/python3.8/site-packages/airflow/example_dags/example_external_task_marker_dag.py
[2023-03-01T12:37:11.718+0100] {processor.py:743} INFO - Processing file /Users/oanottage/opt/anaconda3/lib/python3.8/site-packages/airflow/example_dags/example_external_task_marker_dag.py for tasks to queue
[2023-03-01T12:37:11.718+0100] {logging_mixin.py:137} INFO - [2023-03-01T12:37:11.718+0100] {dagbag.py:538} INFO - Filling up the DagBag from /Users/oanottage/opt/anaconda3/lib/python3.8/site-packages/airflow/example_dags/example_external_task_marker_dag.py
[2023-03-01T12:37:11.764+0100] {processor.py:753} INFO - DAG(s) dict_keys(['example_external_task_marker_parent', 'example_external_task_marker_child']) retrieved from /Users/oanottage/opt/anaconda3/lib/python3.8/site-packages/airflow/example_dags/example_external_task_marker_dag.py
[2023-03-01T12:37:13.050+0100] {logging_mixin.py:137} INFO - [2023-03-01T12:37:13.050+0100] {dag.py:2690} INFO - Sync 2 DAGs
[2023-03-01T12:37:13.062+0100] {logging_mixin.py:137} INFO - [2023-03-01T12:37:13.061+0100] {dag.py:3437} INFO - Setting next_dagrun for example_external_task_marker_child to None, run_after=None
[2023-03-01T12:37:13.063+0100] {logging_mixin.py:137} INFO - [2023-03-01T12:37:13.063+0100] {dag.py:3437} INFO - Setting next_dagrun for example_external_task_marker_parent to None, run_after=None
[2023-03-01T12:37:13.074+0100] {processor.py:175} INFO - Processing /Users/oanottage/opt/anaconda3/lib/python3.8/site-packages/airflow/example_dags/example_external_task_marker_dag.py took 1.360 seconds
[2023-03-01T12:39:07.396+0100] {processor.py:153} INFO - Started process (PID=32691) to work on /Users/oanottage/opt/anaconda3/lib/python3.8/site-packages/airflow/example_dags/example_external_task_marker_dag.py
[2023-03-01T12:39:07.399+0100] {processor.py:743} INFO - Processing file /Users/oanottage/opt/anaconda3/lib/python3.8/site-packages/airflow/example_dags/example_external_task_marker_dag.py for tasks to queue
[2023-03-01T12:39:07.400+0100] {logging_mixin.py:137} INFO - [2023-03-01T12:39:07.400+0100] {dagbag.py:538} INFO - Filling up the DagBag from /Users/oanottage/opt/anaconda3/lib/python3.8/site-packages/airflow/example_dags/example_external_task_marker_dag.py
[2023-03-01T12:39:07.445+0100] {processor.py:753} INFO - DAG(s) dict_keys(['example_external_task_marker_parent', 'example_external_task_marker_child']) retrieved from /Users/oanottage/opt/anaconda3/lib/python3.8/site-packages/airflow/example_dags/example_external_task_marker_dag.py
[2023-03-01T12:39:08.510+0100] {logging_mixin.py:137} INFO - [2023-03-01T12:39:08.510+0100] {dag.py:2690} INFO - Sync 2 DAGs
[2023-03-01T12:39:08.521+0100] {logging_mixin.py:137} INFO - [2023-03-01T12:39:08.521+0100] {dag.py:3437} INFO - Setting next_dagrun for example_external_task_marker_child to None, run_after=None
[2023-03-01T12:39:08.522+0100] {logging_mixin.py:137} INFO - [2023-03-01T12:39:08.522+0100] {dag.py:3437} INFO - Setting next_dagrun for example_external_task_marker_parent to None, run_after=None
[2023-03-01T12:39:08.537+0100] {processor.py:175} INFO - Processing /Users/oanottage/opt/anaconda3/lib/python3.8/site-packages/airflow/example_dags/example_external_task_marker_dag.py took 1.141 seconds
[2023-03-01T12:41:19.951+0100] {processor.py:153} INFO - Started process (PID=36959) to work on /Users/oanottage/opt/anaconda3/lib/python3.8/site-packages/airflow/example_dags/example_external_task_marker_dag.py
[2023-03-01T12:41:19.955+0100] {processor.py:743} INFO - Processing file /Users/oanottage/opt/anaconda3/lib/python3.8/site-packages/airflow/example_dags/example_external_task_marker_dag.py for tasks to queue
[2023-03-01T12:41:19.956+0100] {logging_mixin.py:137} INFO - [2023-03-01T12:41:19.956+0100] {dagbag.py:538} INFO - Filling up the DagBag from /Users/oanottage/opt/anaconda3/lib/python3.8/site-packages/airflow/example_dags/example_external_task_marker_dag.py
[2023-03-01T12:41:20.018+0100] {processor.py:753} INFO - DAG(s) dict_keys(['example_external_task_marker_parent', 'example_external_task_marker_child']) retrieved from /Users/oanottage/opt/anaconda3/lib/python3.8/site-packages/airflow/example_dags/example_external_task_marker_dag.py
[2023-03-01T12:41:21.177+0100] {logging_mixin.py:137} INFO - [2023-03-01T12:41:21.177+0100] {dag.py:2690} INFO - Sync 2 DAGs
[2023-03-01T12:41:21.189+0100] {logging_mixin.py:137} INFO - [2023-03-01T12:41:21.189+0100] {dag.py:3437} INFO - Setting next_dagrun for example_external_task_marker_child to None, run_after=None
[2023-03-01T12:41:21.191+0100] {logging_mixin.py:137} INFO - [2023-03-01T12:41:21.191+0100] {dag.py:3437} INFO - Setting next_dagrun for example_external_task_marker_parent to None, run_after=None
[2023-03-01T12:41:21.203+0100] {processor.py:175} INFO - Processing /Users/oanottage/opt/anaconda3/lib/python3.8/site-packages/airflow/example_dags/example_external_task_marker_dag.py took 1.253 seconds
[2023-03-01T12:43:20.025+0100] {processor.py:153} INFO - Started process (PID=41206) to work on /Users/oanottage/opt/anaconda3/lib/python3.8/site-packages/airflow/example_dags/example_external_task_marker_dag.py
[2023-03-01T12:43:20.029+0100] {processor.py:743} INFO - Processing file /Users/oanottage/opt/anaconda3/lib/python3.8/site-packages/airflow/example_dags/example_external_task_marker_dag.py for tasks to queue
[2023-03-01T12:43:20.030+0100] {logging_mixin.py:137} INFO - [2023-03-01T12:43:20.030+0100] {dagbag.py:538} INFO - Filling up the DagBag from /Users/oanottage/opt/anaconda3/lib/python3.8/site-packages/airflow/example_dags/example_external_task_marker_dag.py
[2023-03-01T12:43:20.079+0100] {processor.py:753} INFO - DAG(s) dict_keys(['example_external_task_marker_child', 'example_external_task_marker_parent']) retrieved from /Users/oanottage/opt/anaconda3/lib/python3.8/site-packages/airflow/example_dags/example_external_task_marker_dag.py
[2023-03-01T12:43:21.396+0100] {logging_mixin.py:137} INFO - [2023-03-01T12:43:21.396+0100] {dag.py:2690} INFO - Sync 2 DAGs
[2023-03-01T12:43:21.409+0100] {logging_mixin.py:137} INFO - [2023-03-01T12:43:21.409+0100] {dag.py:3437} INFO - Setting next_dagrun for example_external_task_marker_child to None, run_after=None
[2023-03-01T12:43:21.411+0100] {logging_mixin.py:137} INFO - [2023-03-01T12:43:21.410+0100] {dag.py:3437} INFO - Setting next_dagrun for example_external_task_marker_parent to None, run_after=None
[2023-03-01T12:43:21.424+0100] {processor.py:175} INFO - Processing /Users/oanottage/opt/anaconda3/lib/python3.8/site-packages/airflow/example_dags/example_external_task_marker_dag.py took 1.400 seconds
[2023-03-01T12:45:36.590+0100] {processor.py:153} INFO - Started process (PID=46523) to work on /Users/oanottage/opt/anaconda3/lib/python3.8/site-packages/airflow/example_dags/example_external_task_marker_dag.py
[2023-03-01T12:45:36.595+0100] {processor.py:743} INFO - Processing file /Users/oanottage/opt/anaconda3/lib/python3.8/site-packages/airflow/example_dags/example_external_task_marker_dag.py for tasks to queue
[2023-03-01T12:45:36.595+0100] {logging_mixin.py:137} INFO - [2023-03-01T12:45:36.595+0100] {dagbag.py:538} INFO - Filling up the DagBag from /Users/oanottage/opt/anaconda3/lib/python3.8/site-packages/airflow/example_dags/example_external_task_marker_dag.py
[2023-03-01T12:45:36.637+0100] {processor.py:753} INFO - DAG(s) dict_keys(['example_external_task_marker_child', 'example_external_task_marker_parent']) retrieved from /Users/oanottage/opt/anaconda3/lib/python3.8/site-packages/airflow/example_dags/example_external_task_marker_dag.py
[2023-03-01T12:45:37.867+0100] {logging_mixin.py:137} INFO - [2023-03-01T12:45:37.866+0100] {dag.py:2690} INFO - Sync 2 DAGs
[2023-03-01T12:45:37.878+0100] {logging_mixin.py:137} INFO - [2023-03-01T12:45:37.877+0100] {dag.py:3437} INFO - Setting next_dagrun for example_external_task_marker_child to None, run_after=None
[2023-03-01T12:45:37.879+0100] {logging_mixin.py:137} INFO - [2023-03-01T12:45:37.879+0100] {dag.py:3437} INFO - Setting next_dagrun for example_external_task_marker_parent to None, run_after=None
[2023-03-01T12:45:37.892+0100] {processor.py:175} INFO - Processing /Users/oanottage/opt/anaconda3/lib/python3.8/site-packages/airflow/example_dags/example_external_task_marker_dag.py took 1.303 seconds
[2023-03-01T12:47:39.620+0100] {processor.py:153} INFO - Started process (PID=50835) to work on /Users/oanottage/opt/anaconda3/lib/python3.8/site-packages/airflow/example_dags/example_external_task_marker_dag.py
[2023-03-01T12:47:39.624+0100] {processor.py:743} INFO - Processing file /Users/oanottage/opt/anaconda3/lib/python3.8/site-packages/airflow/example_dags/example_external_task_marker_dag.py for tasks to queue
[2023-03-01T12:47:39.624+0100] {logging_mixin.py:137} INFO - [2023-03-01T12:47:39.624+0100] {dagbag.py:538} INFO - Filling up the DagBag from /Users/oanottage/opt/anaconda3/lib/python3.8/site-packages/airflow/example_dags/example_external_task_marker_dag.py
[2023-03-01T12:47:39.679+0100] {processor.py:753} INFO - DAG(s) dict_keys(['example_external_task_marker_child', 'example_external_task_marker_parent']) retrieved from /Users/oanottage/opt/anaconda3/lib/python3.8/site-packages/airflow/example_dags/example_external_task_marker_dag.py
[2023-03-01T12:47:40.857+0100] {logging_mixin.py:137} INFO - [2023-03-01T12:47:40.856+0100] {dag.py:2690} INFO - Sync 2 DAGs
[2023-03-01T12:47:40.876+0100] {logging_mixin.py:137} INFO - [2023-03-01T12:47:40.876+0100] {dag.py:3437} INFO - Setting next_dagrun for example_external_task_marker_child to None, run_after=None
[2023-03-01T12:47:40.879+0100] {logging_mixin.py:137} INFO - [2023-03-01T12:47:40.879+0100] {dag.py:3437} INFO - Setting next_dagrun for example_external_task_marker_parent to None, run_after=None
[2023-03-01T12:47:40.899+0100] {processor.py:175} INFO - Processing /Users/oanottage/opt/anaconda3/lib/python3.8/site-packages/airflow/example_dags/example_external_task_marker_dag.py took 1.279 seconds
[2023-03-01T12:49:48.646+0100] {processor.py:153} INFO - Started process (PID=55152) to work on /Users/oanottage/opt/anaconda3/lib/python3.8/site-packages/airflow/example_dags/example_external_task_marker_dag.py
[2023-03-01T12:49:48.651+0100] {processor.py:743} INFO - Processing file /Users/oanottage/opt/anaconda3/lib/python3.8/site-packages/airflow/example_dags/example_external_task_marker_dag.py for tasks to queue
[2023-03-01T12:49:48.651+0100] {logging_mixin.py:137} INFO - [2023-03-01T12:49:48.651+0100] {dagbag.py:538} INFO - Filling up the DagBag from /Users/oanottage/opt/anaconda3/lib/python3.8/site-packages/airflow/example_dags/example_external_task_marker_dag.py
[2023-03-01T12:49:48.698+0100] {processor.py:753} INFO - DAG(s) dict_keys(['example_external_task_marker_child', 'example_external_task_marker_parent']) retrieved from /Users/oanottage/opt/anaconda3/lib/python3.8/site-packages/airflow/example_dags/example_external_task_marker_dag.py
[2023-03-01T12:49:49.878+0100] {logging_mixin.py:137} INFO - [2023-03-01T12:49:49.878+0100] {dag.py:2690} INFO - Sync 2 DAGs
[2023-03-01T12:49:49.895+0100] {logging_mixin.py:137} INFO - [2023-03-01T12:49:49.895+0100] {dag.py:3437} INFO - Setting next_dagrun for example_external_task_marker_child to None, run_after=None
[2023-03-01T12:49:49.898+0100] {logging_mixin.py:137} INFO - [2023-03-01T12:49:49.898+0100] {dag.py:3437} INFO - Setting next_dagrun for example_external_task_marker_parent to None, run_after=None
[2023-03-01T12:49:49.920+0100] {processor.py:175} INFO - Processing /Users/oanottage/opt/anaconda3/lib/python3.8/site-packages/airflow/example_dags/example_external_task_marker_dag.py took 1.274 seconds
[2023-03-01T12:51:44.515+0100] {processor.py:153} INFO - Started process (PID=59412) to work on /Users/oanottage/opt/anaconda3/lib/python3.8/site-packages/airflow/example_dags/example_external_task_marker_dag.py
[2023-03-01T12:51:44.520+0100] {processor.py:743} INFO - Processing file /Users/oanottage/opt/anaconda3/lib/python3.8/site-packages/airflow/example_dags/example_external_task_marker_dag.py for tasks to queue
[2023-03-01T12:51:44.521+0100] {logging_mixin.py:137} INFO - [2023-03-01T12:51:44.520+0100] {dagbag.py:538} INFO - Filling up the DagBag from /Users/oanottage/opt/anaconda3/lib/python3.8/site-packages/airflow/example_dags/example_external_task_marker_dag.py
[2023-03-01T12:51:44.575+0100] {processor.py:753} INFO - DAG(s) dict_keys(['example_external_task_marker_child', 'example_external_task_marker_parent']) retrieved from /Users/oanottage/opt/anaconda3/lib/python3.8/site-packages/airflow/example_dags/example_external_task_marker_dag.py
[2023-03-01T12:51:46.016+0100] {logging_mixin.py:137} INFO - [2023-03-01T12:51:46.016+0100] {dag.py:2690} INFO - Sync 2 DAGs
[2023-03-01T12:51:46.031+0100] {logging_mixin.py:137} INFO - [2023-03-01T12:51:46.031+0100] {dag.py:3437} INFO - Setting next_dagrun for example_external_task_marker_child to None, run_after=None
[2023-03-01T12:51:46.033+0100] {logging_mixin.py:137} INFO - [2023-03-01T12:51:46.033+0100] {dag.py:3437} INFO - Setting next_dagrun for example_external_task_marker_parent to None, run_after=None
[2023-03-01T12:51:46.046+0100] {processor.py:175} INFO - Processing /Users/oanottage/opt/anaconda3/lib/python3.8/site-packages/airflow/example_dags/example_external_task_marker_dag.py took 1.532 seconds
[2023-03-01T12:53:50.107+0100] {processor.py:153} INFO - Started process (PID=63683) to work on /Users/oanottage/opt/anaconda3/lib/python3.8/site-packages/airflow/example_dags/example_external_task_marker_dag.py
[2023-03-01T12:53:50.112+0100] {processor.py:743} INFO - Processing file /Users/oanottage/opt/anaconda3/lib/python3.8/site-packages/airflow/example_dags/example_external_task_marker_dag.py for tasks to queue
[2023-03-01T12:53:50.112+0100] {logging_mixin.py:137} INFO - [2023-03-01T12:53:50.112+0100] {dagbag.py:538} INFO - Filling up the DagBag from /Users/oanottage/opt/anaconda3/lib/python3.8/site-packages/airflow/example_dags/example_external_task_marker_dag.py
[2023-03-01T12:53:50.161+0100] {processor.py:753} INFO - DAG(s) dict_keys(['example_external_task_marker_parent', 'example_external_task_marker_child']) retrieved from /Users/oanottage/opt/anaconda3/lib/python3.8/site-packages/airflow/example_dags/example_external_task_marker_dag.py
[2023-03-01T12:53:51.644+0100] {logging_mixin.py:137} INFO - [2023-03-01T12:53:51.644+0100] {dag.py:2690} INFO - Sync 2 DAGs
[2023-03-01T12:53:51.657+0100] {logging_mixin.py:137} INFO - [2023-03-01T12:53:51.657+0100] {dag.py:3437} INFO - Setting next_dagrun for example_external_task_marker_child to None, run_after=None
[2023-03-01T12:53:51.659+0100] {logging_mixin.py:137} INFO - [2023-03-01T12:53:51.659+0100] {dag.py:3437} INFO - Setting next_dagrun for example_external_task_marker_parent to None, run_after=None
[2023-03-01T12:53:51.672+0100] {processor.py:175} INFO - Processing /Users/oanottage/opt/anaconda3/lib/python3.8/site-packages/airflow/example_dags/example_external_task_marker_dag.py took 1.565 seconds
[2023-03-01T12:55:45.116+0100] {processor.py:153} INFO - Started process (PID=67966) to work on /Users/oanottage/opt/anaconda3/lib/python3.8/site-packages/airflow/example_dags/example_external_task_marker_dag.py
[2023-03-01T12:55:45.119+0100] {processor.py:743} INFO - Processing file /Users/oanottage/opt/anaconda3/lib/python3.8/site-packages/airflow/example_dags/example_external_task_marker_dag.py for tasks to queue
[2023-03-01T12:55:45.119+0100] {logging_mixin.py:137} INFO - [2023-03-01T12:55:45.119+0100] {dagbag.py:538} INFO - Filling up the DagBag from /Users/oanottage/opt/anaconda3/lib/python3.8/site-packages/airflow/example_dags/example_external_task_marker_dag.py
[2023-03-01T12:55:45.169+0100] {processor.py:753} INFO - DAG(s) dict_keys(['example_external_task_marker_child', 'example_external_task_marker_parent']) retrieved from /Users/oanottage/opt/anaconda3/lib/python3.8/site-packages/airflow/example_dags/example_external_task_marker_dag.py
[2023-03-01T12:55:46.359+0100] {logging_mixin.py:137} INFO - [2023-03-01T12:55:46.359+0100] {dag.py:2690} INFO - Sync 2 DAGs
[2023-03-01T12:55:46.371+0100] {logging_mixin.py:137} INFO - [2023-03-01T12:55:46.371+0100] {dag.py:3437} INFO - Setting next_dagrun for example_external_task_marker_child to None, run_after=None
[2023-03-01T12:55:46.373+0100] {logging_mixin.py:137} INFO - [2023-03-01T12:55:46.372+0100] {dag.py:3437} INFO - Setting next_dagrun for example_external_task_marker_parent to None, run_after=None
[2023-03-01T12:55:46.390+0100] {processor.py:175} INFO - Processing /Users/oanottage/opt/anaconda3/lib/python3.8/site-packages/airflow/example_dags/example_external_task_marker_dag.py took 1.275 seconds
[2023-03-01T12:57:35.542+0100] {processor.py:153} INFO - Started process (PID=72238) to work on /Users/oanottage/opt/anaconda3/lib/python3.8/site-packages/airflow/example_dags/example_external_task_marker_dag.py
[2023-03-01T12:57:35.546+0100] {processor.py:743} INFO - Processing file /Users/oanottage/opt/anaconda3/lib/python3.8/site-packages/airflow/example_dags/example_external_task_marker_dag.py for tasks to queue
[2023-03-01T12:57:35.546+0100] {logging_mixin.py:137} INFO - [2023-03-01T12:57:35.546+0100] {dagbag.py:538} INFO - Filling up the DagBag from /Users/oanottage/opt/anaconda3/lib/python3.8/site-packages/airflow/example_dags/example_external_task_marker_dag.py
[2023-03-01T12:57:35.598+0100] {processor.py:753} INFO - DAG(s) dict_keys(['example_external_task_marker_parent', 'example_external_task_marker_child']) retrieved from /Users/oanottage/opt/anaconda3/lib/python3.8/site-packages/airflow/example_dags/example_external_task_marker_dag.py
[2023-03-01T12:57:37.116+0100] {logging_mixin.py:137} INFO - [2023-03-01T12:57:37.116+0100] {dag.py:2690} INFO - Sync 2 DAGs
[2023-03-01T12:57:37.131+0100] {logging_mixin.py:137} INFO - [2023-03-01T12:57:37.131+0100] {dag.py:3437} INFO - Setting next_dagrun for example_external_task_marker_child to None, run_after=None
[2023-03-01T12:57:37.134+0100] {logging_mixin.py:137} INFO - [2023-03-01T12:57:37.134+0100] {dag.py:3437} INFO - Setting next_dagrun for example_external_task_marker_parent to None, run_after=None
[2023-03-01T12:57:37.146+0100] {processor.py:175} INFO - Processing /Users/oanottage/opt/anaconda3/lib/python3.8/site-packages/airflow/example_dags/example_external_task_marker_dag.py took 1.605 seconds
[2023-03-01T12:59:34.853+0100] {processor.py:153} INFO - Started process (PID=76524) to work on /Users/oanottage/opt/anaconda3/lib/python3.8/site-packages/airflow/example_dags/example_external_task_marker_dag.py
[2023-03-01T12:59:34.857+0100] {processor.py:743} INFO - Processing file /Users/oanottage/opt/anaconda3/lib/python3.8/site-packages/airflow/example_dags/example_external_task_marker_dag.py for tasks to queue
[2023-03-01T12:59:34.858+0100] {logging_mixin.py:137} INFO - [2023-03-01T12:59:34.858+0100] {dagbag.py:538} INFO - Filling up the DagBag from /Users/oanottage/opt/anaconda3/lib/python3.8/site-packages/airflow/example_dags/example_external_task_marker_dag.py
[2023-03-01T12:59:34.923+0100] {processor.py:753} INFO - DAG(s) dict_keys(['example_external_task_marker_child', 'example_external_task_marker_parent']) retrieved from /Users/oanottage/opt/anaconda3/lib/python3.8/site-packages/airflow/example_dags/example_external_task_marker_dag.py
[2023-03-01T12:59:36.288+0100] {logging_mixin.py:137} INFO - [2023-03-01T12:59:36.288+0100] {dag.py:2690} INFO - Sync 2 DAGs
[2023-03-01T12:59:36.300+0100] {logging_mixin.py:137} INFO - [2023-03-01T12:59:36.299+0100] {dag.py:3437} INFO - Setting next_dagrun for example_external_task_marker_child to None, run_after=None
[2023-03-01T12:59:36.301+0100] {logging_mixin.py:137} INFO - [2023-03-01T12:59:36.301+0100] {dag.py:3437} INFO - Setting next_dagrun for example_external_task_marker_parent to None, run_after=None
[2023-03-01T12:59:36.312+0100] {processor.py:175} INFO - Processing /Users/oanottage/opt/anaconda3/lib/python3.8/site-packages/airflow/example_dags/example_external_task_marker_dag.py took 1.460 seconds
[2023-03-01T13:01:31.799+0100] {processor.py:153} INFO - Started process (PID=80795) to work on /Users/oanottage/opt/anaconda3/lib/python3.8/site-packages/airflow/example_dags/example_external_task_marker_dag.py
[2023-03-01T13:01:31.803+0100] {processor.py:743} INFO - Processing file /Users/oanottage/opt/anaconda3/lib/python3.8/site-packages/airflow/example_dags/example_external_task_marker_dag.py for tasks to queue
[2023-03-01T13:01:31.803+0100] {logging_mixin.py:137} INFO - [2023-03-01T13:01:31.803+0100] {dagbag.py:538} INFO - Filling up the DagBag from /Users/oanottage/opt/anaconda3/lib/python3.8/site-packages/airflow/example_dags/example_external_task_marker_dag.py
[2023-03-01T13:01:31.863+0100] {processor.py:753} INFO - DAG(s) dict_keys(['example_external_task_marker_parent', 'example_external_task_marker_child']) retrieved from /Users/oanottage/opt/anaconda3/lib/python3.8/site-packages/airflow/example_dags/example_external_task_marker_dag.py
[2023-03-01T13:01:33.285+0100] {logging_mixin.py:137} INFO - [2023-03-01T13:01:33.285+0100] {dag.py:2690} INFO - Sync 2 DAGs
[2023-03-01T13:01:33.298+0100] {logging_mixin.py:137} INFO - [2023-03-01T13:01:33.298+0100] {dag.py:3437} INFO - Setting next_dagrun for example_external_task_marker_child to None, run_after=None
[2023-03-01T13:01:33.301+0100] {logging_mixin.py:137} INFO - [2023-03-01T13:01:33.301+0100] {dag.py:3437} INFO - Setting next_dagrun for example_external_task_marker_parent to None, run_after=None
[2023-03-01T13:01:33.315+0100] {processor.py:175} INFO - Processing /Users/oanottage/opt/anaconda3/lib/python3.8/site-packages/airflow/example_dags/example_external_task_marker_dag.py took 1.517 seconds
