[2023-03-01T12:02:39.446+0100] {processor.py:153} INFO - Started process (PID=55190) to work on /Users/oanottage/opt/anaconda3/lib/python3.8/site-packages/airflow/example_dags/example_xcomargs.py
[2023-03-01T12:02:39.450+0100] {processor.py:743} INFO - Processing file /Users/oanottage/opt/anaconda3/lib/python3.8/site-packages/airflow/example_dags/example_xcomargs.py for tasks to queue
[2023-03-01T12:02:39.450+0100] {logging_mixin.py:137} INFO - [2023-03-01T12:02:39.450+0100] {dagbag.py:538} INFO - Filling up the DagBag from /Users/oanottage/opt/anaconda3/lib/python3.8/site-packages/airflow/example_dags/example_xcomargs.py
[2023-03-01T12:02:39.518+0100] {processor.py:753} INFO - DAG(s) dict_keys(['example_xcom_args', 'example_xcom_args_with_operators']) retrieved from /Users/oanottage/opt/anaconda3/lib/python3.8/site-packages/airflow/example_dags/example_xcomargs.py
[2023-03-01T12:02:40.481+0100] {logging_mixin.py:137} INFO - [2023-03-01T12:02:40.481+0100] {manager.py:504} INFO - Created Permission View: can delete on DAG:example_xcom_args
[2023-03-01T12:02:40.487+0100] {logging_mixin.py:137} INFO - [2023-03-01T12:02:40.487+0100] {manager.py:504} INFO - Created Permission View: can read on DAG:example_xcom_args
[2023-03-01T12:02:40.491+0100] {logging_mixin.py:137} INFO - [2023-03-01T12:02:40.491+0100] {manager.py:504} INFO - Created Permission View: can edit on DAG:example_xcom_args
[2023-03-01T12:02:40.501+0100] {logging_mixin.py:137} INFO - [2023-03-01T12:02:40.501+0100] {manager.py:504} INFO - Created Permission View: can delete on DAG:example_xcom_args_with_operators
[2023-03-01T12:02:40.506+0100] {logging_mixin.py:137} INFO - [2023-03-01T12:02:40.506+0100] {manager.py:504} INFO - Created Permission View: can read on DAG:example_xcom_args_with_operators
[2023-03-01T12:02:40.510+0100] {logging_mixin.py:137} INFO - [2023-03-01T12:02:40.510+0100] {manager.py:504} INFO - Created Permission View: can edit on DAG:example_xcom_args_with_operators
[2023-03-01T12:02:40.511+0100] {logging_mixin.py:137} INFO - [2023-03-01T12:02:40.511+0100] {dag.py:2690} INFO - Sync 2 DAGs
[2023-03-01T12:02:40.519+0100] {logging_mixin.py:137} INFO - [2023-03-01T12:02:40.519+0100] {dag.py:2711} INFO - Creating ORM DAG for example_xcom_args_with_operators
[2023-03-01T12:02:40.519+0100] {logging_mixin.py:137} INFO - [2023-03-01T12:02:40.519+0100] {dag.py:2711} INFO - Creating ORM DAG for example_xcom_args
[2023-03-01T12:02:40.525+0100] {logging_mixin.py:137} INFO - [2023-03-01T12:02:40.525+0100] {dag.py:3437} INFO - Setting next_dagrun for example_xcom_args to None, run_after=None
[2023-03-01T12:02:40.526+0100] {logging_mixin.py:137} INFO - [2023-03-01T12:02:40.526+0100] {dag.py:3437} INFO - Setting next_dagrun for example_xcom_args_with_operators to None, run_after=None
[2023-03-01T12:02:40.539+0100] {processor.py:175} INFO - Processing /Users/oanottage/opt/anaconda3/lib/python3.8/site-packages/airflow/example_dags/example_xcomargs.py took 1.094 seconds
[2023-03-01T12:04:43.144+0100] {processor.py:153} INFO - Started process (PID=59373) to work on /Users/oanottage/opt/anaconda3/lib/python3.8/site-packages/airflow/example_dags/example_xcomargs.py
[2023-03-01T12:04:43.149+0100] {processor.py:743} INFO - Processing file /Users/oanottage/opt/anaconda3/lib/python3.8/site-packages/airflow/example_dags/example_xcomargs.py for tasks to queue
[2023-03-01T12:04:43.149+0100] {logging_mixin.py:137} INFO - [2023-03-01T12:04:43.149+0100] {dagbag.py:538} INFO - Filling up the DagBag from /Users/oanottage/opt/anaconda3/lib/python3.8/site-packages/airflow/example_dags/example_xcomargs.py
[2023-03-01T12:04:43.220+0100] {processor.py:753} INFO - DAG(s) dict_keys(['example_xcom_args', 'example_xcom_args_with_operators']) retrieved from /Users/oanottage/opt/anaconda3/lib/python3.8/site-packages/airflow/example_dags/example_xcomargs.py
[2023-03-01T12:04:44.173+0100] {logging_mixin.py:137} INFO - [2023-03-01T12:04:44.173+0100] {dag.py:2690} INFO - Sync 2 DAGs
[2023-03-01T12:04:44.187+0100] {logging_mixin.py:137} INFO - [2023-03-01T12:04:44.187+0100] {dag.py:3437} INFO - Setting next_dagrun for example_xcom_args to None, run_after=None
[2023-03-01T12:04:44.189+0100] {logging_mixin.py:137} INFO - [2023-03-01T12:04:44.189+0100] {dag.py:3437} INFO - Setting next_dagrun for example_xcom_args_with_operators to None, run_after=None
[2023-03-01T12:04:44.202+0100] {processor.py:175} INFO - Processing /Users/oanottage/opt/anaconda3/lib/python3.8/site-packages/airflow/example_dags/example_xcomargs.py took 1.058 seconds
[2023-03-01T12:06:38.745+0100] {processor.py:153} INFO - Started process (PID=63558) to work on /Users/oanottage/opt/anaconda3/lib/python3.8/site-packages/airflow/example_dags/example_xcomargs.py
[2023-03-01T12:06:38.749+0100] {processor.py:743} INFO - Processing file /Users/oanottage/opt/anaconda3/lib/python3.8/site-packages/airflow/example_dags/example_xcomargs.py for tasks to queue
[2023-03-01T12:06:38.749+0100] {logging_mixin.py:137} INFO - [2023-03-01T12:06:38.749+0100] {dagbag.py:538} INFO - Filling up the DagBag from /Users/oanottage/opt/anaconda3/lib/python3.8/site-packages/airflow/example_dags/example_xcomargs.py
[2023-03-01T12:06:38.816+0100] {processor.py:753} INFO - DAG(s) dict_keys(['example_xcom_args', 'example_xcom_args_with_operators']) retrieved from /Users/oanottage/opt/anaconda3/lib/python3.8/site-packages/airflow/example_dags/example_xcomargs.py
[2023-03-01T12:06:39.664+0100] {logging_mixin.py:137} INFO - [2023-03-01T12:06:39.664+0100] {dag.py:2690} INFO - Sync 2 DAGs
[2023-03-01T12:06:39.676+0100] {logging_mixin.py:137} INFO - [2023-03-01T12:06:39.676+0100] {dag.py:3437} INFO - Setting next_dagrun for example_xcom_args to None, run_after=None
[2023-03-01T12:06:39.678+0100] {logging_mixin.py:137} INFO - [2023-03-01T12:06:39.678+0100] {dag.py:3437} INFO - Setting next_dagrun for example_xcom_args_with_operators to None, run_after=None
[2023-03-01T12:06:39.690+0100] {processor.py:175} INFO - Processing /Users/oanottage/opt/anaconda3/lib/python3.8/site-packages/airflow/example_dags/example_xcomargs.py took 0.945 seconds
[2023-03-01T12:08:27.181+0100] {processor.py:153} INFO - Started process (PID=66721) to work on /Users/oanottage/opt/anaconda3/lib/python3.8/site-packages/airflow/example_dags/example_xcomargs.py
[2023-03-01T12:08:27.187+0100] {processor.py:743} INFO - Processing file /Users/oanottage/opt/anaconda3/lib/python3.8/site-packages/airflow/example_dags/example_xcomargs.py for tasks to queue
[2023-03-01T12:08:27.187+0100] {logging_mixin.py:137} INFO - [2023-03-01T12:08:27.187+0100] {dagbag.py:538} INFO - Filling up the DagBag from /Users/oanottage/opt/anaconda3/lib/python3.8/site-packages/airflow/example_dags/example_xcomargs.py
[2023-03-01T12:08:27.262+0100] {processor.py:753} INFO - DAG(s) dict_keys(['example_xcom_args_with_operators', 'example_xcom_args']) retrieved from /Users/oanottage/opt/anaconda3/lib/python3.8/site-packages/airflow/example_dags/example_xcomargs.py
[2023-03-01T12:08:28.202+0100] {logging_mixin.py:137} INFO - [2023-03-01T12:08:28.202+0100] {dag.py:2690} INFO - Sync 2 DAGs
[2023-03-01T12:08:28.216+0100] {logging_mixin.py:137} INFO - [2023-03-01T12:08:28.216+0100] {dag.py:3437} INFO - Setting next_dagrun for example_xcom_args to None, run_after=None
[2023-03-01T12:08:28.218+0100] {logging_mixin.py:137} INFO - [2023-03-01T12:08:28.218+0100] {dag.py:3437} INFO - Setting next_dagrun for example_xcom_args_with_operators to None, run_after=None
[2023-03-01T12:08:28.231+0100] {processor.py:175} INFO - Processing /Users/oanottage/opt/anaconda3/lib/python3.8/site-packages/airflow/example_dags/example_xcomargs.py took 1.050 seconds
[2023-03-01T12:10:25.177+0100] {processor.py:153} INFO - Started process (PID=70926) to work on /Users/oanottage/opt/anaconda3/lib/python3.8/site-packages/airflow/example_dags/example_xcomargs.py
[2023-03-01T12:10:25.181+0100] {processor.py:743} INFO - Processing file /Users/oanottage/opt/anaconda3/lib/python3.8/site-packages/airflow/example_dags/example_xcomargs.py for tasks to queue
[2023-03-01T12:10:25.181+0100] {logging_mixin.py:137} INFO - [2023-03-01T12:10:25.181+0100] {dagbag.py:538} INFO - Filling up the DagBag from /Users/oanottage/opt/anaconda3/lib/python3.8/site-packages/airflow/example_dags/example_xcomargs.py
[2023-03-01T12:10:25.263+0100] {processor.py:753} INFO - DAG(s) dict_keys(['example_xcom_args', 'example_xcom_args_with_operators']) retrieved from /Users/oanottage/opt/anaconda3/lib/python3.8/site-packages/airflow/example_dags/example_xcomargs.py
[2023-03-01T12:10:26.330+0100] {logging_mixin.py:137} INFO - [2023-03-01T12:10:26.330+0100] {dag.py:2690} INFO - Sync 2 DAGs
[2023-03-01T12:10:26.349+0100] {logging_mixin.py:137} INFO - [2023-03-01T12:10:26.349+0100] {dag.py:3437} INFO - Setting next_dagrun for example_xcom_args to None, run_after=None
[2023-03-01T12:10:26.352+0100] {logging_mixin.py:137} INFO - [2023-03-01T12:10:26.352+0100] {dag.py:3437} INFO - Setting next_dagrun for example_xcom_args_with_operators to None, run_after=None
[2023-03-01T12:10:26.370+0100] {processor.py:175} INFO - Processing /Users/oanottage/opt/anaconda3/lib/python3.8/site-packages/airflow/example_dags/example_xcomargs.py took 1.193 seconds
[2023-03-01T12:12:32.606+0100] {processor.py:153} INFO - Started process (PID=76223) to work on /Users/oanottage/opt/anaconda3/lib/python3.8/site-packages/airflow/example_dags/example_xcomargs.py
[2023-03-01T12:12:32.610+0100] {processor.py:743} INFO - Processing file /Users/oanottage/opt/anaconda3/lib/python3.8/site-packages/airflow/example_dags/example_xcomargs.py for tasks to queue
[2023-03-01T12:12:32.610+0100] {logging_mixin.py:137} INFO - [2023-03-01T12:12:32.610+0100] {dagbag.py:538} INFO - Filling up the DagBag from /Users/oanottage/opt/anaconda3/lib/python3.8/site-packages/airflow/example_dags/example_xcomargs.py
[2023-03-01T12:12:32.680+0100] {processor.py:753} INFO - DAG(s) dict_keys(['example_xcom_args', 'example_xcom_args_with_operators']) retrieved from /Users/oanottage/opt/anaconda3/lib/python3.8/site-packages/airflow/example_dags/example_xcomargs.py
[2023-03-01T12:12:33.535+0100] {logging_mixin.py:137} INFO - [2023-03-01T12:12:33.534+0100] {dag.py:2690} INFO - Sync 2 DAGs
[2023-03-01T12:12:33.546+0100] {logging_mixin.py:137} INFO - [2023-03-01T12:12:33.546+0100] {dag.py:3437} INFO - Setting next_dagrun for example_xcom_args to None, run_after=None
[2023-03-01T12:12:33.548+0100] {logging_mixin.py:137} INFO - [2023-03-01T12:12:33.548+0100] {dag.py:3437} INFO - Setting next_dagrun for example_xcom_args_with_operators to None, run_after=None
[2023-03-01T12:12:33.561+0100] {processor.py:175} INFO - Processing /Users/oanottage/opt/anaconda3/lib/python3.8/site-packages/airflow/example_dags/example_xcomargs.py took 0.955 seconds
[2023-03-01T12:14:24.543+0100] {processor.py:153} INFO - Started process (PID=79429) to work on /Users/oanottage/opt/anaconda3/lib/python3.8/site-packages/airflow/example_dags/example_xcomargs.py
[2023-03-01T12:14:24.547+0100] {processor.py:743} INFO - Processing file /Users/oanottage/opt/anaconda3/lib/python3.8/site-packages/airflow/example_dags/example_xcomargs.py for tasks to queue
[2023-03-01T12:14:24.547+0100] {logging_mixin.py:137} INFO - [2023-03-01T12:14:24.547+0100] {dagbag.py:538} INFO - Filling up the DagBag from /Users/oanottage/opt/anaconda3/lib/python3.8/site-packages/airflow/example_dags/example_xcomargs.py
[2023-03-01T12:14:24.618+0100] {processor.py:753} INFO - DAG(s) dict_keys(['example_xcom_args_with_operators', 'example_xcom_args']) retrieved from /Users/oanottage/opt/anaconda3/lib/python3.8/site-packages/airflow/example_dags/example_xcomargs.py
[2023-03-01T12:14:25.511+0100] {logging_mixin.py:137} INFO - [2023-03-01T12:14:25.511+0100] {dag.py:2690} INFO - Sync 2 DAGs
[2023-03-01T12:14:25.524+0100] {logging_mixin.py:137} INFO - [2023-03-01T12:14:25.524+0100] {dag.py:3437} INFO - Setting next_dagrun for example_xcom_args to None, run_after=None
[2023-03-01T12:14:25.526+0100] {logging_mixin.py:137} INFO - [2023-03-01T12:14:25.526+0100] {dag.py:3437} INFO - Setting next_dagrun for example_xcom_args_with_operators to None, run_after=None
[2023-03-01T12:14:25.538+0100] {processor.py:175} INFO - Processing /Users/oanottage/opt/anaconda3/lib/python3.8/site-packages/airflow/example_dags/example_xcomargs.py took 0.996 seconds
[2023-03-01T12:16:26.299+0100] {processor.py:153} INFO - Started process (PID=83592) to work on /Users/oanottage/opt/anaconda3/lib/python3.8/site-packages/airflow/example_dags/example_xcomargs.py
[2023-03-01T12:16:26.322+0100] {processor.py:743} INFO - Processing file /Users/oanottage/opt/anaconda3/lib/python3.8/site-packages/airflow/example_dags/example_xcomargs.py for tasks to queue
[2023-03-01T12:16:26.323+0100] {logging_mixin.py:137} INFO - [2023-03-01T12:16:26.323+0100] {dagbag.py:538} INFO - Filling up the DagBag from /Users/oanottage/opt/anaconda3/lib/python3.8/site-packages/airflow/example_dags/example_xcomargs.py
[2023-03-01T12:16:26.441+0100] {processor.py:753} INFO - DAG(s) dict_keys(['example_xcom_args', 'example_xcom_args_with_operators']) retrieved from /Users/oanottage/opt/anaconda3/lib/python3.8/site-packages/airflow/example_dags/example_xcomargs.py
[2023-03-01T12:16:27.558+0100] {logging_mixin.py:137} INFO - [2023-03-01T12:16:27.557+0100] {dag.py:2690} INFO - Sync 2 DAGs
[2023-03-01T12:16:27.575+0100] {logging_mixin.py:137} INFO - [2023-03-01T12:16:27.575+0100] {dag.py:3437} INFO - Setting next_dagrun for example_xcom_args to None, run_after=None
[2023-03-01T12:16:27.578+0100] {logging_mixin.py:137} INFO - [2023-03-01T12:16:27.577+0100] {dag.py:3437} INFO - Setting next_dagrun for example_xcom_args_with_operators to None, run_after=None
[2023-03-01T12:16:27.595+0100] {processor.py:175} INFO - Processing /Users/oanottage/opt/anaconda3/lib/python3.8/site-packages/airflow/example_dags/example_xcomargs.py took 1.298 seconds
[2023-03-01T12:18:23.984+0100] {processor.py:153} INFO - Started process (PID=87797) to work on /Users/oanottage/opt/anaconda3/lib/python3.8/site-packages/airflow/example_dags/example_xcomargs.py
[2023-03-01T12:18:23.988+0100] {processor.py:743} INFO - Processing file /Users/oanottage/opt/anaconda3/lib/python3.8/site-packages/airflow/example_dags/example_xcomargs.py for tasks to queue
[2023-03-01T12:18:23.988+0100] {logging_mixin.py:137} INFO - [2023-03-01T12:18:23.988+0100] {dagbag.py:538} INFO - Filling up the DagBag from /Users/oanottage/opt/anaconda3/lib/python3.8/site-packages/airflow/example_dags/example_xcomargs.py
[2023-03-01T12:18:24.076+0100] {processor.py:753} INFO - DAG(s) dict_keys(['example_xcom_args', 'example_xcom_args_with_operators']) retrieved from /Users/oanottage/opt/anaconda3/lib/python3.8/site-packages/airflow/example_dags/example_xcomargs.py
[2023-03-01T12:18:24.961+0100] {logging_mixin.py:137} INFO - [2023-03-01T12:18:24.961+0100] {dag.py:2690} INFO - Sync 2 DAGs
[2023-03-01T12:18:24.980+0100] {logging_mixin.py:137} INFO - [2023-03-01T12:18:24.980+0100] {dag.py:3437} INFO - Setting next_dagrun for example_xcom_args to None, run_after=None
[2023-03-01T12:18:24.983+0100] {logging_mixin.py:137} INFO - [2023-03-01T12:18:24.983+0100] {dag.py:3437} INFO - Setting next_dagrun for example_xcom_args_with_operators to None, run_after=None
[2023-03-01T12:18:25.002+0100] {processor.py:175} INFO - Processing /Users/oanottage/opt/anaconda3/lib/python3.8/site-packages/airflow/example_dags/example_xcomargs.py took 1.019 seconds
[2023-03-01T12:20:16.427+0100] {processor.py:153} INFO - Started process (PID=92026) to work on /Users/oanottage/opt/anaconda3/lib/python3.8/site-packages/airflow/example_dags/example_xcomargs.py
[2023-03-01T12:20:16.431+0100] {processor.py:743} INFO - Processing file /Users/oanottage/opt/anaconda3/lib/python3.8/site-packages/airflow/example_dags/example_xcomargs.py for tasks to queue
[2023-03-01T12:20:16.431+0100] {logging_mixin.py:137} INFO - [2023-03-01T12:20:16.431+0100] {dagbag.py:538} INFO - Filling up the DagBag from /Users/oanottage/opt/anaconda3/lib/python3.8/site-packages/airflow/example_dags/example_xcomargs.py
[2023-03-01T12:20:16.496+0100] {processor.py:753} INFO - DAG(s) dict_keys(['example_xcom_args_with_operators', 'example_xcom_args']) retrieved from /Users/oanottage/opt/anaconda3/lib/python3.8/site-packages/airflow/example_dags/example_xcomargs.py
[2023-03-01T12:20:17.349+0100] {logging_mixin.py:137} INFO - [2023-03-01T12:20:17.349+0100] {dag.py:2690} INFO - Sync 2 DAGs
[2023-03-01T12:20:17.360+0100] {logging_mixin.py:137} INFO - [2023-03-01T12:20:17.360+0100] {dag.py:3437} INFO - Setting next_dagrun for example_xcom_args to None, run_after=None
[2023-03-01T12:20:17.362+0100] {logging_mixin.py:137} INFO - [2023-03-01T12:20:17.361+0100] {dag.py:3437} INFO - Setting next_dagrun for example_xcom_args_with_operators to None, run_after=None
[2023-03-01T12:20:17.373+0100] {processor.py:175} INFO - Processing /Users/oanottage/opt/anaconda3/lib/python3.8/site-packages/airflow/example_dags/example_xcomargs.py took 0.946 seconds
[2023-03-01T12:22:24.901+0100] {processor.py:153} INFO - Started process (PID=96276) to work on /Users/oanottage/opt/anaconda3/lib/python3.8/site-packages/airflow/example_dags/example_xcomargs.py
[2023-03-01T12:22:24.906+0100] {processor.py:743} INFO - Processing file /Users/oanottage/opt/anaconda3/lib/python3.8/site-packages/airflow/example_dags/example_xcomargs.py for tasks to queue
[2023-03-01T12:22:24.907+0100] {logging_mixin.py:137} INFO - [2023-03-01T12:22:24.907+0100] {dagbag.py:538} INFO - Filling up the DagBag from /Users/oanottage/opt/anaconda3/lib/python3.8/site-packages/airflow/example_dags/example_xcomargs.py
[2023-03-01T12:22:24.996+0100] {processor.py:753} INFO - DAG(s) dict_keys(['example_xcom_args_with_operators', 'example_xcom_args']) retrieved from /Users/oanottage/opt/anaconda3/lib/python3.8/site-packages/airflow/example_dags/example_xcomargs.py
[2023-03-01T12:22:25.811+0100] {logging_mixin.py:137} INFO - [2023-03-01T12:22:25.811+0100] {dag.py:2690} INFO - Sync 2 DAGs
[2023-03-01T12:22:25.824+0100] {logging_mixin.py:137} INFO - [2023-03-01T12:22:25.824+0100] {dag.py:3437} INFO - Setting next_dagrun for example_xcom_args to None, run_after=None
[2023-03-01T12:22:25.826+0100] {logging_mixin.py:137} INFO - [2023-03-01T12:22:25.826+0100] {dag.py:3437} INFO - Setting next_dagrun for example_xcom_args_with_operators to None, run_after=None
[2023-03-01T12:22:25.840+0100] {processor.py:175} INFO - Processing /Users/oanottage/opt/anaconda3/lib/python3.8/site-packages/airflow/example_dags/example_xcomargs.py took 0.939 seconds
[2023-03-01T12:24:53.720+0100] {processor.py:153} INFO - Started process (PID=1959) to work on /Users/oanottage/opt/anaconda3/lib/python3.8/site-packages/airflow/example_dags/example_xcomargs.py
[2023-03-01T12:24:53.724+0100] {processor.py:743} INFO - Processing file /Users/oanottage/opt/anaconda3/lib/python3.8/site-packages/airflow/example_dags/example_xcomargs.py for tasks to queue
[2023-03-01T12:24:53.724+0100] {logging_mixin.py:137} INFO - [2023-03-01T12:24:53.724+0100] {dagbag.py:538} INFO - Filling up the DagBag from /Users/oanottage/opt/anaconda3/lib/python3.8/site-packages/airflow/example_dags/example_xcomargs.py
[2023-03-01T12:24:53.791+0100] {processor.py:753} INFO - DAG(s) dict_keys(['example_xcom_args_with_operators', 'example_xcom_args']) retrieved from /Users/oanottage/opt/anaconda3/lib/python3.8/site-packages/airflow/example_dags/example_xcomargs.py
[2023-03-01T12:24:55.066+0100] {logging_mixin.py:137} INFO - [2023-03-01T12:24:55.065+0100] {dag.py:2690} INFO - Sync 2 DAGs
[2023-03-01T12:24:55.107+0100] {logging_mixin.py:137} INFO - [2023-03-01T12:24:55.107+0100] {dag.py:3437} INFO - Setting next_dagrun for example_xcom_args to None, run_after=None
[2023-03-01T12:24:55.112+0100] {logging_mixin.py:137} INFO - [2023-03-01T12:24:55.112+0100] {dag.py:3437} INFO - Setting next_dagrun for example_xcom_args_with_operators to None, run_after=None
[2023-03-01T12:24:55.135+0100] {processor.py:175} INFO - Processing /Users/oanottage/opt/anaconda3/lib/python3.8/site-packages/airflow/example_dags/example_xcomargs.py took 1.416 seconds
[2023-03-01T12:26:54.867+0100] {processor.py:153} INFO - Started process (PID=6204) to work on /Users/oanottage/opt/anaconda3/lib/python3.8/site-packages/airflow/example_dags/example_xcomargs.py
[2023-03-01T12:26:54.871+0100] {processor.py:743} INFO - Processing file /Users/oanottage/opt/anaconda3/lib/python3.8/site-packages/airflow/example_dags/example_xcomargs.py for tasks to queue
[2023-03-01T12:26:54.871+0100] {logging_mixin.py:137} INFO - [2023-03-01T12:26:54.871+0100] {dagbag.py:538} INFO - Filling up the DagBag from /Users/oanottage/opt/anaconda3/lib/python3.8/site-packages/airflow/example_dags/example_xcomargs.py
[2023-03-01T12:26:54.950+0100] {processor.py:753} INFO - DAG(s) dict_keys(['example_xcom_args', 'example_xcom_args_with_operators']) retrieved from /Users/oanottage/opt/anaconda3/lib/python3.8/site-packages/airflow/example_dags/example_xcomargs.py
[2023-03-01T12:26:55.797+0100] {logging_mixin.py:137} INFO - [2023-03-01T12:26:55.797+0100] {dag.py:2690} INFO - Sync 2 DAGs
[2023-03-01T12:26:55.809+0100] {logging_mixin.py:137} INFO - [2023-03-01T12:26:55.809+0100] {dag.py:3437} INFO - Setting next_dagrun for example_xcom_args to None, run_after=None
[2023-03-01T12:26:55.811+0100] {logging_mixin.py:137} INFO - [2023-03-01T12:26:55.811+0100] {dag.py:3437} INFO - Setting next_dagrun for example_xcom_args_with_operators to None, run_after=None
[2023-03-01T12:26:55.821+0100] {processor.py:175} INFO - Processing /Users/oanottage/opt/anaconda3/lib/python3.8/site-packages/airflow/example_dags/example_xcomargs.py took 0.955 seconds
[2023-03-01T12:28:48.742+0100] {processor.py:153} INFO - Started process (PID=10418) to work on /Users/oanottage/opt/anaconda3/lib/python3.8/site-packages/airflow/example_dags/example_xcomargs.py
[2023-03-01T12:28:48.745+0100] {processor.py:743} INFO - Processing file /Users/oanottage/opt/anaconda3/lib/python3.8/site-packages/airflow/example_dags/example_xcomargs.py for tasks to queue
[2023-03-01T12:28:48.745+0100] {logging_mixin.py:137} INFO - [2023-03-01T12:28:48.745+0100] {dagbag.py:538} INFO - Filling up the DagBag from /Users/oanottage/opt/anaconda3/lib/python3.8/site-packages/airflow/example_dags/example_xcomargs.py
[2023-03-01T12:28:48.817+0100] {processor.py:753} INFO - DAG(s) dict_keys(['example_xcom_args', 'example_xcom_args_with_operators']) retrieved from /Users/oanottage/opt/anaconda3/lib/python3.8/site-packages/airflow/example_dags/example_xcomargs.py
[2023-03-01T12:28:49.722+0100] {logging_mixin.py:137} INFO - [2023-03-01T12:28:49.722+0100] {dag.py:2690} INFO - Sync 2 DAGs
[2023-03-01T12:28:49.736+0100] {logging_mixin.py:137} INFO - [2023-03-01T12:28:49.736+0100] {dag.py:3437} INFO - Setting next_dagrun for example_xcom_args to None, run_after=None
[2023-03-01T12:28:49.738+0100] {logging_mixin.py:137} INFO - [2023-03-01T12:28:49.738+0100] {dag.py:3437} INFO - Setting next_dagrun for example_xcom_args_with_operators to None, run_after=None
[2023-03-01T12:28:49.750+0100] {processor.py:175} INFO - Processing /Users/oanottage/opt/anaconda3/lib/python3.8/site-packages/airflow/example_dags/example_xcomargs.py took 1.009 seconds
[2023-03-01T12:30:39.363+0100] {processor.py:153} INFO - Started process (PID=14637) to work on /Users/oanottage/opt/anaconda3/lib/python3.8/site-packages/airflow/example_dags/example_xcomargs.py
[2023-03-01T12:30:39.366+0100] {processor.py:743} INFO - Processing file /Users/oanottage/opt/anaconda3/lib/python3.8/site-packages/airflow/example_dags/example_xcomargs.py for tasks to queue
[2023-03-01T12:30:39.367+0100] {logging_mixin.py:137} INFO - [2023-03-01T12:30:39.367+0100] {dagbag.py:538} INFO - Filling up the DagBag from /Users/oanottage/opt/anaconda3/lib/python3.8/site-packages/airflow/example_dags/example_xcomargs.py
[2023-03-01T12:30:39.428+0100] {processor.py:753} INFO - DAG(s) dict_keys(['example_xcom_args', 'example_xcom_args_with_operators']) retrieved from /Users/oanottage/opt/anaconda3/lib/python3.8/site-packages/airflow/example_dags/example_xcomargs.py
[2023-03-01T12:30:40.294+0100] {logging_mixin.py:137} INFO - [2023-03-01T12:30:40.294+0100] {dag.py:2690} INFO - Sync 2 DAGs
[2023-03-01T12:30:40.305+0100] {logging_mixin.py:137} INFO - [2023-03-01T12:30:40.305+0100] {dag.py:3437} INFO - Setting next_dagrun for example_xcom_args to None, run_after=None
[2023-03-01T12:30:40.306+0100] {logging_mixin.py:137} INFO - [2023-03-01T12:30:40.306+0100] {dag.py:3437} INFO - Setting next_dagrun for example_xcom_args_with_operators to None, run_after=None
[2023-03-01T12:30:40.318+0100] {processor.py:175} INFO - Processing /Users/oanottage/opt/anaconda3/lib/python3.8/site-packages/airflow/example_dags/example_xcomargs.py took 0.955 seconds
[2023-03-01T12:32:27.294+0100] {processor.py:153} INFO - Started process (PID=17892) to work on /Users/oanottage/opt/anaconda3/lib/python3.8/site-packages/airflow/example_dags/example_xcomargs.py
[2023-03-01T12:32:27.299+0100] {processor.py:743} INFO - Processing file /Users/oanottage/opt/anaconda3/lib/python3.8/site-packages/airflow/example_dags/example_xcomargs.py for tasks to queue
[2023-03-01T12:32:27.299+0100] {logging_mixin.py:137} INFO - [2023-03-01T12:32:27.299+0100] {dagbag.py:538} INFO - Filling up the DagBag from /Users/oanottage/opt/anaconda3/lib/python3.8/site-packages/airflow/example_dags/example_xcomargs.py
[2023-03-01T12:32:27.374+0100] {processor.py:753} INFO - DAG(s) dict_keys(['example_xcom_args_with_operators', 'example_xcom_args']) retrieved from /Users/oanottage/opt/anaconda3/lib/python3.8/site-packages/airflow/example_dags/example_xcomargs.py
[2023-03-01T12:32:28.295+0100] {logging_mixin.py:137} INFO - [2023-03-01T12:32:28.294+0100] {dag.py:2690} INFO - Sync 2 DAGs
[2023-03-01T12:32:28.308+0100] {logging_mixin.py:137} INFO - [2023-03-01T12:32:28.308+0100] {dag.py:3437} INFO - Setting next_dagrun for example_xcom_args to None, run_after=None
[2023-03-01T12:32:28.310+0100] {logging_mixin.py:137} INFO - [2023-03-01T12:32:28.310+0100] {dag.py:3437} INFO - Setting next_dagrun for example_xcom_args_with_operators to None, run_after=None
[2023-03-01T12:32:28.323+0100] {processor.py:175} INFO - Processing /Users/oanottage/opt/anaconda3/lib/python3.8/site-packages/airflow/example_dags/example_xcomargs.py took 1.029 seconds
[2023-03-01T12:34:15.500+0100] {processor.py:153} INFO - Started process (PID=22113) to work on /Users/oanottage/opt/anaconda3/lib/python3.8/site-packages/airflow/example_dags/example_xcomargs.py
[2023-03-01T12:34:15.503+0100] {processor.py:743} INFO - Processing file /Users/oanottage/opt/anaconda3/lib/python3.8/site-packages/airflow/example_dags/example_xcomargs.py for tasks to queue
[2023-03-01T12:34:15.504+0100] {logging_mixin.py:137} INFO - [2023-03-01T12:34:15.503+0100] {dagbag.py:538} INFO - Filling up the DagBag from /Users/oanottage/opt/anaconda3/lib/python3.8/site-packages/airflow/example_dags/example_xcomargs.py
[2023-03-01T12:34:15.568+0100] {processor.py:753} INFO - DAG(s) dict_keys(['example_xcom_args_with_operators', 'example_xcom_args']) retrieved from /Users/oanottage/opt/anaconda3/lib/python3.8/site-packages/airflow/example_dags/example_xcomargs.py
[2023-03-01T12:34:16.405+0100] {logging_mixin.py:137} INFO - [2023-03-01T12:34:16.404+0100] {dag.py:2690} INFO - Sync 2 DAGs
[2023-03-01T12:34:16.416+0100] {logging_mixin.py:137} INFO - [2023-03-01T12:34:16.416+0100] {dag.py:3437} INFO - Setting next_dagrun for example_xcom_args to None, run_after=None
[2023-03-01T12:34:16.418+0100] {logging_mixin.py:137} INFO - [2023-03-01T12:34:16.418+0100] {dag.py:3437} INFO - Setting next_dagrun for example_xcom_args_with_operators to None, run_after=None
[2023-03-01T12:34:16.430+0100] {processor.py:175} INFO - Processing /Users/oanottage/opt/anaconda3/lib/python3.8/site-packages/airflow/example_dags/example_xcomargs.py took 0.930 seconds
[2023-03-01T12:36:08.886+0100] {processor.py:153} INFO - Started process (PID=26330) to work on /Users/oanottage/opt/anaconda3/lib/python3.8/site-packages/airflow/example_dags/example_xcomargs.py
[2023-03-01T12:36:08.890+0100] {processor.py:743} INFO - Processing file /Users/oanottage/opt/anaconda3/lib/python3.8/site-packages/airflow/example_dags/example_xcomargs.py for tasks to queue
[2023-03-01T12:36:08.891+0100] {logging_mixin.py:137} INFO - [2023-03-01T12:36:08.891+0100] {dagbag.py:538} INFO - Filling up the DagBag from /Users/oanottage/opt/anaconda3/lib/python3.8/site-packages/airflow/example_dags/example_xcomargs.py
[2023-03-01T12:36:08.978+0100] {processor.py:753} INFO - DAG(s) dict_keys(['example_xcom_args', 'example_xcom_args_with_operators']) retrieved from /Users/oanottage/opt/anaconda3/lib/python3.8/site-packages/airflow/example_dags/example_xcomargs.py
[2023-03-01T12:36:09.773+0100] {logging_mixin.py:137} INFO - [2023-03-01T12:36:09.773+0100] {dag.py:2690} INFO - Sync 2 DAGs
[2023-03-01T12:36:09.786+0100] {logging_mixin.py:137} INFO - [2023-03-01T12:36:09.786+0100] {dag.py:3437} INFO - Setting next_dagrun for example_xcom_args to None, run_after=None
[2023-03-01T12:36:09.788+0100] {logging_mixin.py:137} INFO - [2023-03-01T12:36:09.788+0100] {dag.py:3437} INFO - Setting next_dagrun for example_xcom_args_with_operators to None, run_after=None
[2023-03-01T12:36:09.804+0100] {processor.py:175} INFO - Processing /Users/oanottage/opt/anaconda3/lib/python3.8/site-packages/airflow/example_dags/example_xcomargs.py took 0.919 seconds
[2023-03-01T12:38:03.723+0100] {processor.py:153} INFO - Started process (PID=30573) to work on /Users/oanottage/opt/anaconda3/lib/python3.8/site-packages/airflow/example_dags/example_xcomargs.py
[2023-03-01T12:38:03.728+0100] {processor.py:743} INFO - Processing file /Users/oanottage/opt/anaconda3/lib/python3.8/site-packages/airflow/example_dags/example_xcomargs.py for tasks to queue
[2023-03-01T12:38:03.729+0100] {logging_mixin.py:137} INFO - [2023-03-01T12:38:03.729+0100] {dagbag.py:538} INFO - Filling up the DagBag from /Users/oanottage/opt/anaconda3/lib/python3.8/site-packages/airflow/example_dags/example_xcomargs.py
[2023-03-01T12:38:03.824+0100] {processor.py:753} INFO - DAG(s) dict_keys(['example_xcom_args', 'example_xcom_args_with_operators']) retrieved from /Users/oanottage/opt/anaconda3/lib/python3.8/site-packages/airflow/example_dags/example_xcomargs.py
[2023-03-01T12:38:04.650+0100] {logging_mixin.py:137} INFO - [2023-03-01T12:38:04.650+0100] {dag.py:2690} INFO - Sync 2 DAGs
[2023-03-01T12:38:04.662+0100] {logging_mixin.py:137} INFO - [2023-03-01T12:38:04.662+0100] {dag.py:3437} INFO - Setting next_dagrun for example_xcom_args to None, run_after=None
[2023-03-01T12:38:04.664+0100] {logging_mixin.py:137} INFO - [2023-03-01T12:38:04.664+0100] {dag.py:3437} INFO - Setting next_dagrun for example_xcom_args_with_operators to None, run_after=None
[2023-03-01T12:38:04.677+0100] {processor.py:175} INFO - Processing /Users/oanottage/opt/anaconda3/lib/python3.8/site-packages/airflow/example_dags/example_xcomargs.py took 0.954 seconds
[2023-03-01T12:40:07.682+0100] {processor.py:153} INFO - Started process (PID=34820) to work on /Users/oanottage/opt/anaconda3/lib/python3.8/site-packages/airflow/example_dags/example_xcomargs.py
[2023-03-01T12:40:07.686+0100] {processor.py:743} INFO - Processing file /Users/oanottage/opt/anaconda3/lib/python3.8/site-packages/airflow/example_dags/example_xcomargs.py for tasks to queue
[2023-03-01T12:40:07.687+0100] {logging_mixin.py:137} INFO - [2023-03-01T12:40:07.687+0100] {dagbag.py:538} INFO - Filling up the DagBag from /Users/oanottage/opt/anaconda3/lib/python3.8/site-packages/airflow/example_dags/example_xcomargs.py
[2023-03-01T12:40:07.784+0100] {processor.py:753} INFO - DAG(s) dict_keys(['example_xcom_args_with_operators', 'example_xcom_args']) retrieved from /Users/oanottage/opt/anaconda3/lib/python3.8/site-packages/airflow/example_dags/example_xcomargs.py
[2023-03-01T12:40:08.725+0100] {logging_mixin.py:137} INFO - [2023-03-01T12:40:08.725+0100] {dag.py:2690} INFO - Sync 2 DAGs
[2023-03-01T12:40:08.737+0100] {logging_mixin.py:137} INFO - [2023-03-01T12:40:08.737+0100] {dag.py:3437} INFO - Setting next_dagrun for example_xcom_args to None, run_after=None
[2023-03-01T12:40:08.739+0100] {logging_mixin.py:137} INFO - [2023-03-01T12:40:08.739+0100] {dag.py:3437} INFO - Setting next_dagrun for example_xcom_args_with_operators to None, run_after=None
[2023-03-01T12:40:08.754+0100] {processor.py:175} INFO - Processing /Users/oanottage/opt/anaconda3/lib/python3.8/site-packages/airflow/example_dags/example_xcomargs.py took 1.073 seconds
[2023-03-01T12:42:14.681+0100] {processor.py:153} INFO - Started process (PID=39083) to work on /Users/oanottage/opt/anaconda3/lib/python3.8/site-packages/airflow/example_dags/example_xcomargs.py
[2023-03-01T12:42:14.687+0100] {processor.py:743} INFO - Processing file /Users/oanottage/opt/anaconda3/lib/python3.8/site-packages/airflow/example_dags/example_xcomargs.py for tasks to queue
[2023-03-01T12:42:14.688+0100] {logging_mixin.py:137} INFO - [2023-03-01T12:42:14.687+0100] {dagbag.py:538} INFO - Filling up the DagBag from /Users/oanottage/opt/anaconda3/lib/python3.8/site-packages/airflow/example_dags/example_xcomargs.py
[2023-03-01T12:42:14.757+0100] {processor.py:753} INFO - DAG(s) dict_keys(['example_xcom_args_with_operators', 'example_xcom_args']) retrieved from /Users/oanottage/opt/anaconda3/lib/python3.8/site-packages/airflow/example_dags/example_xcomargs.py
[2023-03-01T12:42:16.536+0100] {logging_mixin.py:137} INFO - [2023-03-01T12:42:16.536+0100] {dag.py:2690} INFO - Sync 2 DAGs
[2023-03-01T12:42:16.548+0100] {logging_mixin.py:137} INFO - [2023-03-01T12:42:16.548+0100] {dag.py:3437} INFO - Setting next_dagrun for example_xcom_args to None, run_after=None
[2023-03-01T12:42:16.550+0100] {logging_mixin.py:137} INFO - [2023-03-01T12:42:16.550+0100] {dag.py:3437} INFO - Setting next_dagrun for example_xcom_args_with_operators to None, run_after=None
[2023-03-01T12:42:16.562+0100] {processor.py:175} INFO - Processing /Users/oanottage/opt/anaconda3/lib/python3.8/site-packages/airflow/example_dags/example_xcomargs.py took 1.882 seconds
[2023-03-01T12:44:28.765+0100] {processor.py:153} INFO - Started process (PID=43540) to work on /Users/oanottage/opt/anaconda3/lib/python3.8/site-packages/airflow/example_dags/example_xcomargs.py
[2023-03-01T12:44:28.784+0100] {processor.py:743} INFO - Processing file /Users/oanottage/opt/anaconda3/lib/python3.8/site-packages/airflow/example_dags/example_xcomargs.py for tasks to queue
[2023-03-01T12:44:28.784+0100] {logging_mixin.py:137} INFO - [2023-03-01T12:44:28.784+0100] {dagbag.py:538} INFO - Filling up the DagBag from /Users/oanottage/opt/anaconda3/lib/python3.8/site-packages/airflow/example_dags/example_xcomargs.py
[2023-03-01T12:44:28.878+0100] {processor.py:753} INFO - DAG(s) dict_keys(['example_xcom_args', 'example_xcom_args_with_operators']) retrieved from /Users/oanottage/opt/anaconda3/lib/python3.8/site-packages/airflow/example_dags/example_xcomargs.py
[2023-03-01T12:44:30.196+0100] {logging_mixin.py:137} INFO - [2023-03-01T12:44:30.196+0100] {dag.py:2690} INFO - Sync 2 DAGs
[2023-03-01T12:44:30.216+0100] {logging_mixin.py:137} INFO - [2023-03-01T12:44:30.216+0100] {dag.py:3437} INFO - Setting next_dagrun for example_xcom_args to None, run_after=None
[2023-03-01T12:44:30.219+0100] {logging_mixin.py:137} INFO - [2023-03-01T12:44:30.219+0100] {dag.py:3437} INFO - Setting next_dagrun for example_xcom_args_with_operators to None, run_after=None
[2023-03-01T12:44:30.237+0100] {processor.py:175} INFO - Processing /Users/oanottage/opt/anaconda3/lib/python3.8/site-packages/airflow/example_dags/example_xcomargs.py took 1.472 seconds
[2023-03-01T12:46:33.087+0100] {processor.py:153} INFO - Started process (PID=48669) to work on /Users/oanottage/opt/anaconda3/lib/python3.8/site-packages/airflow/example_dags/example_xcomargs.py
[2023-03-01T12:46:33.094+0100] {processor.py:743} INFO - Processing file /Users/oanottage/opt/anaconda3/lib/python3.8/site-packages/airflow/example_dags/example_xcomargs.py for tasks to queue
[2023-03-01T12:46:33.095+0100] {logging_mixin.py:137} INFO - [2023-03-01T12:46:33.095+0100] {dagbag.py:538} INFO - Filling up the DagBag from /Users/oanottage/opt/anaconda3/lib/python3.8/site-packages/airflow/example_dags/example_xcomargs.py
[2023-03-01T12:46:33.184+0100] {processor.py:753} INFO - DAG(s) dict_keys(['example_xcom_args', 'example_xcom_args_with_operators']) retrieved from /Users/oanottage/opt/anaconda3/lib/python3.8/site-packages/airflow/example_dags/example_xcomargs.py
[2023-03-01T12:46:34.149+0100] {logging_mixin.py:137} INFO - [2023-03-01T12:46:34.149+0100] {dag.py:2690} INFO - Sync 2 DAGs
[2023-03-01T12:46:34.187+0100] {logging_mixin.py:137} INFO - [2023-03-01T12:46:34.187+0100] {dag.py:3437} INFO - Setting next_dagrun for example_xcom_args to None, run_after=None
[2023-03-01T12:46:34.197+0100] {logging_mixin.py:137} INFO - [2023-03-01T12:46:34.197+0100] {dag.py:3437} INFO - Setting next_dagrun for example_xcom_args_with_operators to None, run_after=None
[2023-03-01T12:46:34.230+0100] {processor.py:175} INFO - Processing /Users/oanottage/opt/anaconda3/lib/python3.8/site-packages/airflow/example_dags/example_xcomargs.py took 1.145 seconds
[2023-03-01T12:48:37.887+0100] {processor.py:153} INFO - Started process (PID=52968) to work on /Users/oanottage/opt/anaconda3/lib/python3.8/site-packages/airflow/example_dags/example_xcomargs.py
[2023-03-01T12:48:37.891+0100] {processor.py:743} INFO - Processing file /Users/oanottage/opt/anaconda3/lib/python3.8/site-packages/airflow/example_dags/example_xcomargs.py for tasks to queue
[2023-03-01T12:48:37.891+0100] {logging_mixin.py:137} INFO - [2023-03-01T12:48:37.891+0100] {dagbag.py:538} INFO - Filling up the DagBag from /Users/oanottage/opt/anaconda3/lib/python3.8/site-packages/airflow/example_dags/example_xcomargs.py
[2023-03-01T12:48:37.980+0100] {processor.py:753} INFO - DAG(s) dict_keys(['example_xcom_args', 'example_xcom_args_with_operators']) retrieved from /Users/oanottage/opt/anaconda3/lib/python3.8/site-packages/airflow/example_dags/example_xcomargs.py
[2023-03-01T12:48:39.081+0100] {logging_mixin.py:137} INFO - [2023-03-01T12:48:39.081+0100] {dag.py:2690} INFO - Sync 2 DAGs
[2023-03-01T12:48:39.098+0100] {logging_mixin.py:137} INFO - [2023-03-01T12:48:39.097+0100] {dag.py:3437} INFO - Setting next_dagrun for example_xcom_args to None, run_after=None
[2023-03-01T12:48:39.100+0100] {logging_mixin.py:137} INFO - [2023-03-01T12:48:39.100+0100] {dag.py:3437} INFO - Setting next_dagrun for example_xcom_args_with_operators to None, run_after=None
[2023-03-01T12:48:39.116+0100] {processor.py:175} INFO - Processing /Users/oanottage/opt/anaconda3/lib/python3.8/site-packages/airflow/example_dags/example_xcomargs.py took 1.230 seconds
[2023-03-01T12:50:41.968+0100] {processor.py:153} INFO - Started process (PID=57276) to work on /Users/oanottage/opt/anaconda3/lib/python3.8/site-packages/airflow/example_dags/example_xcomargs.py
[2023-03-01T12:50:41.971+0100] {processor.py:743} INFO - Processing file /Users/oanottage/opt/anaconda3/lib/python3.8/site-packages/airflow/example_dags/example_xcomargs.py for tasks to queue
[2023-03-01T12:50:41.972+0100] {logging_mixin.py:137} INFO - [2023-03-01T12:50:41.972+0100] {dagbag.py:538} INFO - Filling up the DagBag from /Users/oanottage/opt/anaconda3/lib/python3.8/site-packages/airflow/example_dags/example_xcomargs.py
[2023-03-01T12:50:42.036+0100] {processor.py:753} INFO - DAG(s) dict_keys(['example_xcom_args_with_operators', 'example_xcom_args']) retrieved from /Users/oanottage/opt/anaconda3/lib/python3.8/site-packages/airflow/example_dags/example_xcomargs.py
[2023-03-01T12:50:42.888+0100] {logging_mixin.py:137} INFO - [2023-03-01T12:50:42.887+0100] {dag.py:2690} INFO - Sync 2 DAGs
[2023-03-01T12:50:42.904+0100] {logging_mixin.py:137} INFO - [2023-03-01T12:50:42.904+0100] {dag.py:3437} INFO - Setting next_dagrun for example_xcom_args to None, run_after=None
[2023-03-01T12:50:42.906+0100] {logging_mixin.py:137} INFO - [2023-03-01T12:50:42.906+0100] {dag.py:3437} INFO - Setting next_dagrun for example_xcom_args_with_operators to None, run_after=None
[2023-03-01T12:50:42.920+0100] {processor.py:175} INFO - Processing /Users/oanottage/opt/anaconda3/lib/python3.8/site-packages/airflow/example_dags/example_xcomargs.py took 0.953 seconds
[2023-03-01T12:52:40.445+0100] {processor.py:153} INFO - Started process (PID=61534) to work on /Users/oanottage/opt/anaconda3/lib/python3.8/site-packages/airflow/example_dags/example_xcomargs.py
[2023-03-01T12:52:40.449+0100] {processor.py:743} INFO - Processing file /Users/oanottage/opt/anaconda3/lib/python3.8/site-packages/airflow/example_dags/example_xcomargs.py for tasks to queue
[2023-03-01T12:52:40.450+0100] {logging_mixin.py:137} INFO - [2023-03-01T12:52:40.450+0100] {dagbag.py:538} INFO - Filling up the DagBag from /Users/oanottage/opt/anaconda3/lib/python3.8/site-packages/airflow/example_dags/example_xcomargs.py
[2023-03-01T12:52:40.517+0100] {processor.py:753} INFO - DAG(s) dict_keys(['example_xcom_args', 'example_xcom_args_with_operators']) retrieved from /Users/oanottage/opt/anaconda3/lib/python3.8/site-packages/airflow/example_dags/example_xcomargs.py
[2023-03-01T12:52:41.374+0100] {logging_mixin.py:137} INFO - [2023-03-01T12:52:41.374+0100] {dag.py:2690} INFO - Sync 2 DAGs
[2023-03-01T12:52:41.387+0100] {logging_mixin.py:137} INFO - [2023-03-01T12:52:41.387+0100] {dag.py:3437} INFO - Setting next_dagrun for example_xcom_args to None, run_after=None
[2023-03-01T12:52:41.389+0100] {logging_mixin.py:137} INFO - [2023-03-01T12:52:41.389+0100] {dag.py:3437} INFO - Setting next_dagrun for example_xcom_args_with_operators to None, run_after=None
[2023-03-01T12:52:41.400+0100] {processor.py:175} INFO - Processing /Users/oanottage/opt/anaconda3/lib/python3.8/site-packages/airflow/example_dags/example_xcomargs.py took 0.956 seconds
[2023-03-01T12:54:42.588+0100] {processor.py:153} INFO - Started process (PID=65837) to work on /Users/oanottage/opt/anaconda3/lib/python3.8/site-packages/airflow/example_dags/example_xcomargs.py
[2023-03-01T12:54:42.592+0100] {processor.py:743} INFO - Processing file /Users/oanottage/opt/anaconda3/lib/python3.8/site-packages/airflow/example_dags/example_xcomargs.py for tasks to queue
[2023-03-01T12:54:42.592+0100] {logging_mixin.py:137} INFO - [2023-03-01T12:54:42.592+0100] {dagbag.py:538} INFO - Filling up the DagBag from /Users/oanottage/opt/anaconda3/lib/python3.8/site-packages/airflow/example_dags/example_xcomargs.py
[2023-03-01T12:54:42.670+0100] {processor.py:753} INFO - DAG(s) dict_keys(['example_xcom_args_with_operators', 'example_xcom_args']) retrieved from /Users/oanottage/opt/anaconda3/lib/python3.8/site-packages/airflow/example_dags/example_xcomargs.py
[2023-03-01T12:54:43.635+0100] {logging_mixin.py:137} INFO - [2023-03-01T12:54:43.635+0100] {dag.py:2690} INFO - Sync 2 DAGs
[2023-03-01T12:54:43.650+0100] {logging_mixin.py:137} INFO - [2023-03-01T12:54:43.650+0100] {dag.py:3437} INFO - Setting next_dagrun for example_xcom_args to None, run_after=None
[2023-03-01T12:54:43.652+0100] {logging_mixin.py:137} INFO - [2023-03-01T12:54:43.652+0100] {dag.py:3437} INFO - Setting next_dagrun for example_xcom_args_with_operators to None, run_after=None
[2023-03-01T12:54:43.666+0100] {processor.py:175} INFO - Processing /Users/oanottage/opt/anaconda3/lib/python3.8/site-packages/airflow/example_dags/example_xcomargs.py took 1.079 seconds
[2023-03-01T12:56:36.161+0100] {processor.py:153} INFO - Started process (PID=70094) to work on /Users/oanottage/opt/anaconda3/lib/python3.8/site-packages/airflow/example_dags/example_xcomargs.py
[2023-03-01T12:56:36.164+0100] {processor.py:743} INFO - Processing file /Users/oanottage/opt/anaconda3/lib/python3.8/site-packages/airflow/example_dags/example_xcomargs.py for tasks to queue
[2023-03-01T12:56:36.165+0100] {logging_mixin.py:137} INFO - [2023-03-01T12:56:36.165+0100] {dagbag.py:538} INFO - Filling up the DagBag from /Users/oanottage/opt/anaconda3/lib/python3.8/site-packages/airflow/example_dags/example_xcomargs.py
[2023-03-01T12:56:36.230+0100] {processor.py:753} INFO - DAG(s) dict_keys(['example_xcom_args', 'example_xcom_args_with_operators']) retrieved from /Users/oanottage/opt/anaconda3/lib/python3.8/site-packages/airflow/example_dags/example_xcomargs.py
[2023-03-01T12:56:37.054+0100] {logging_mixin.py:137} INFO - [2023-03-01T12:56:37.054+0100] {dag.py:2690} INFO - Sync 2 DAGs
[2023-03-01T12:56:37.072+0100] {logging_mixin.py:137} INFO - [2023-03-01T12:56:37.072+0100] {dag.py:3437} INFO - Setting next_dagrun for example_xcom_args to None, run_after=None
[2023-03-01T12:56:37.075+0100] {logging_mixin.py:137} INFO - [2023-03-01T12:56:37.075+0100] {dag.py:3437} INFO - Setting next_dagrun for example_xcom_args_with_operators to None, run_after=None
[2023-03-01T12:56:37.089+0100] {processor.py:175} INFO - Processing /Users/oanottage/opt/anaconda3/lib/python3.8/site-packages/airflow/example_dags/example_xcomargs.py took 0.929 seconds
[2023-03-01T12:58:28.732+0100] {processor.py:153} INFO - Started process (PID=73640) to work on /Users/oanottage/opt/anaconda3/lib/python3.8/site-packages/airflow/example_dags/example_xcomargs.py
[2023-03-01T12:58:28.736+0100] {processor.py:743} INFO - Processing file /Users/oanottage/opt/anaconda3/lib/python3.8/site-packages/airflow/example_dags/example_xcomargs.py for tasks to queue
[2023-03-01T12:58:28.737+0100] {logging_mixin.py:137} INFO - [2023-03-01T12:58:28.737+0100] {dagbag.py:538} INFO - Filling up the DagBag from /Users/oanottage/opt/anaconda3/lib/python3.8/site-packages/airflow/example_dags/example_xcomargs.py
[2023-03-01T12:58:28.813+0100] {processor.py:753} INFO - DAG(s) dict_keys(['example_xcom_args_with_operators', 'example_xcom_args']) retrieved from /Users/oanottage/opt/anaconda3/lib/python3.8/site-packages/airflow/example_dags/example_xcomargs.py
[2023-03-01T12:58:30.037+0100] {logging_mixin.py:137} INFO - [2023-03-01T12:58:30.036+0100] {dag.py:2690} INFO - Sync 2 DAGs
[2023-03-01T12:58:30.056+0100] {logging_mixin.py:137} INFO - [2023-03-01T12:58:30.056+0100] {dag.py:3437} INFO - Setting next_dagrun for example_xcom_args to None, run_after=None
[2023-03-01T12:58:30.059+0100] {logging_mixin.py:137} INFO - [2023-03-01T12:58:30.059+0100] {dag.py:3437} INFO - Setting next_dagrun for example_xcom_args_with_operators to None, run_after=None
[2023-03-01T12:58:30.077+0100] {processor.py:175} INFO - Processing /Users/oanottage/opt/anaconda3/lib/python3.8/site-packages/airflow/example_dags/example_xcomargs.py took 1.346 seconds
[2023-03-01T13:00:28.885+0100] {processor.py:153} INFO - Started process (PID=77947) to work on /Users/oanottage/opt/anaconda3/lib/python3.8/site-packages/airflow/example_dags/example_xcomargs.py
[2023-03-01T13:00:28.890+0100] {processor.py:743} INFO - Processing file /Users/oanottage/opt/anaconda3/lib/python3.8/site-packages/airflow/example_dags/example_xcomargs.py for tasks to queue
[2023-03-01T13:00:28.890+0100] {logging_mixin.py:137} INFO - [2023-03-01T13:00:28.890+0100] {dagbag.py:538} INFO - Filling up the DagBag from /Users/oanottage/opt/anaconda3/lib/python3.8/site-packages/airflow/example_dags/example_xcomargs.py
[2023-03-01T13:00:28.991+0100] {processor.py:753} INFO - DAG(s) dict_keys(['example_xcom_args', 'example_xcom_args_with_operators']) retrieved from /Users/oanottage/opt/anaconda3/lib/python3.8/site-packages/airflow/example_dags/example_xcomargs.py
[2023-03-01T13:00:30.355+0100] {logging_mixin.py:137} INFO - [2023-03-01T13:00:30.355+0100] {dag.py:2690} INFO - Sync 2 DAGs
[2023-03-01T13:00:30.369+0100] {logging_mixin.py:137} INFO - [2023-03-01T13:00:30.369+0100] {dag.py:3437} INFO - Setting next_dagrun for example_xcom_args to None, run_after=None
[2023-03-01T13:00:30.372+0100] {logging_mixin.py:137} INFO - [2023-03-01T13:00:30.371+0100] {dag.py:3437} INFO - Setting next_dagrun for example_xcom_args_with_operators to None, run_after=None
[2023-03-01T13:00:30.386+0100] {processor.py:175} INFO - Processing /Users/oanottage/opt/anaconda3/lib/python3.8/site-packages/airflow/example_dags/example_xcomargs.py took 1.502 seconds
