[2023-03-01T12:02:55.218+0100] {processor.py:153} INFO - Started process (PID=55203) to work on /Users/oanottage/opt/anaconda3/lib/python3.8/site-packages/airflow/example_dags/example_task_group_decorator.py
[2023-03-01T12:02:55.222+0100] {processor.py:743} INFO - Processing file /Users/oanottage/opt/anaconda3/lib/python3.8/site-packages/airflow/example_dags/example_task_group_decorator.py for tasks to queue
[2023-03-01T12:02:55.222+0100] {logging_mixin.py:137} INFO - [2023-03-01T12:02:55.222+0100] {dagbag.py:538} INFO - Filling up the DagBag from /Users/oanottage/opt/anaconda3/lib/python3.8/site-packages/airflow/example_dags/example_task_group_decorator.py
[2023-03-01T12:02:55.299+0100] {processor.py:753} INFO - DAG(s) dict_keys(['example_task_group_decorator']) retrieved from /Users/oanottage/opt/anaconda3/lib/python3.8/site-packages/airflow/example_dags/example_task_group_decorator.py
[2023-03-01T12:02:56.332+0100] {logging_mixin.py:137} INFO - [2023-03-01T12:02:56.332+0100] {manager.py:504} INFO - Created Permission View: can delete on DAG:example_task_group_decorator
[2023-03-01T12:02:56.338+0100] {logging_mixin.py:137} INFO - [2023-03-01T12:02:56.338+0100] {manager.py:504} INFO - Created Permission View: can edit on DAG:example_task_group_decorator
[2023-03-01T12:02:56.343+0100] {logging_mixin.py:137} INFO - [2023-03-01T12:02:56.343+0100] {manager.py:504} INFO - Created Permission View: can read on DAG:example_task_group_decorator
[2023-03-01T12:02:56.343+0100] {logging_mixin.py:137} INFO - [2023-03-01T12:02:56.343+0100] {dag.py:2690} INFO - Sync 1 DAGs
[2023-03-01T12:02:56.351+0100] {logging_mixin.py:137} INFO - [2023-03-01T12:02:56.351+0100] {dag.py:2711} INFO - Creating ORM DAG for example_task_group_decorator
[2023-03-01T12:02:56.357+0100] {logging_mixin.py:137} INFO - [2023-03-01T12:02:56.357+0100] {dag.py:3437} INFO - Setting next_dagrun for example_task_group_decorator to 2023-02-28T11:02:56.357611+00:00, run_after=2023-03-01T11:02:56.357611+00:00
[2023-03-01T12:02:56.370+0100] {processor.py:175} INFO - Processing /Users/oanottage/opt/anaconda3/lib/python3.8/site-packages/airflow/example_dags/example_task_group_decorator.py took 1.152 seconds
[2023-03-01T12:04:59.151+0100] {processor.py:153} INFO - Started process (PID=59789) to work on /Users/oanottage/opt/anaconda3/lib/python3.8/site-packages/airflow/example_dags/example_task_group_decorator.py
[2023-03-01T12:04:59.157+0100] {processor.py:743} INFO - Processing file /Users/oanottage/opt/anaconda3/lib/python3.8/site-packages/airflow/example_dags/example_task_group_decorator.py for tasks to queue
[2023-03-01T12:04:59.158+0100] {logging_mixin.py:137} INFO - [2023-03-01T12:04:59.158+0100] {dagbag.py:538} INFO - Filling up the DagBag from /Users/oanottage/opt/anaconda3/lib/python3.8/site-packages/airflow/example_dags/example_task_group_decorator.py
[2023-03-01T12:04:59.238+0100] {processor.py:753} INFO - DAG(s) dict_keys(['example_task_group_decorator']) retrieved from /Users/oanottage/opt/anaconda3/lib/python3.8/site-packages/airflow/example_dags/example_task_group_decorator.py
[2023-03-01T12:05:00.189+0100] {logging_mixin.py:137} INFO - [2023-03-01T12:05:00.188+0100] {dag.py:2690} INFO - Sync 1 DAGs
[2023-03-01T12:05:00.204+0100] {logging_mixin.py:137} INFO - [2023-03-01T12:05:00.204+0100] {dag.py:3437} INFO - Setting next_dagrun for example_task_group_decorator to 2023-02-28T11:05:00.203931+00:00, run_after=2023-03-01T11:05:00.203931+00:00
[2023-03-01T12:05:00.219+0100] {processor.py:175} INFO - Processing /Users/oanottage/opt/anaconda3/lib/python3.8/site-packages/airflow/example_dags/example_task_group_decorator.py took 1.068 seconds
[2023-03-01T12:06:53.117+0100] {processor.py:153} INFO - Started process (PID=63572) to work on /Users/oanottage/opt/anaconda3/lib/python3.8/site-packages/airflow/example_dags/example_task_group_decorator.py
[2023-03-01T12:06:53.121+0100] {processor.py:743} INFO - Processing file /Users/oanottage/opt/anaconda3/lib/python3.8/site-packages/airflow/example_dags/example_task_group_decorator.py for tasks to queue
[2023-03-01T12:06:53.121+0100] {logging_mixin.py:137} INFO - [2023-03-01T12:06:53.121+0100] {dagbag.py:538} INFO - Filling up the DagBag from /Users/oanottage/opt/anaconda3/lib/python3.8/site-packages/airflow/example_dags/example_task_group_decorator.py
[2023-03-01T12:06:53.185+0100] {processor.py:753} INFO - DAG(s) dict_keys(['example_task_group_decorator']) retrieved from /Users/oanottage/opt/anaconda3/lib/python3.8/site-packages/airflow/example_dags/example_task_group_decorator.py
[2023-03-01T12:06:54.041+0100] {logging_mixin.py:137} INFO - [2023-03-01T12:06:54.041+0100] {dag.py:2690} INFO - Sync 1 DAGs
[2023-03-01T12:06:54.056+0100] {logging_mixin.py:137} INFO - [2023-03-01T12:06:54.056+0100] {dag.py:3437} INFO - Setting next_dagrun for example_task_group_decorator to 2023-02-28T11:06:54.056538+00:00, run_after=2023-03-01T11:06:54.056538+00:00
[2023-03-01T12:06:54.070+0100] {processor.py:175} INFO - Processing /Users/oanottage/opt/anaconda3/lib/python3.8/site-packages/airflow/example_dags/example_task_group_decorator.py took 0.953 seconds
[2023-03-01T12:08:41.944+0100] {processor.py:153} INFO - Started process (PID=67749) to work on /Users/oanottage/opt/anaconda3/lib/python3.8/site-packages/airflow/example_dags/example_task_group_decorator.py
[2023-03-01T12:08:41.947+0100] {processor.py:743} INFO - Processing file /Users/oanottage/opt/anaconda3/lib/python3.8/site-packages/airflow/example_dags/example_task_group_decorator.py for tasks to queue
[2023-03-01T12:08:41.948+0100] {logging_mixin.py:137} INFO - [2023-03-01T12:08:41.948+0100] {dagbag.py:538} INFO - Filling up the DagBag from /Users/oanottage/opt/anaconda3/lib/python3.8/site-packages/airflow/example_dags/example_task_group_decorator.py
[2023-03-01T12:08:42.031+0100] {processor.py:753} INFO - DAG(s) dict_keys(['example_task_group_decorator']) retrieved from /Users/oanottage/opt/anaconda3/lib/python3.8/site-packages/airflow/example_dags/example_task_group_decorator.py
[2023-03-01T12:08:43.132+0100] {logging_mixin.py:137} INFO - [2023-03-01T12:08:43.132+0100] {dag.py:2690} INFO - Sync 1 DAGs
[2023-03-01T12:08:43.147+0100] {logging_mixin.py:137} INFO - [2023-03-01T12:08:43.147+0100] {dag.py:3437} INFO - Setting next_dagrun for example_task_group_decorator to 2023-02-28T11:08:43.147255+00:00, run_after=2023-03-01T11:08:43.147255+00:00
[2023-03-01T12:08:43.162+0100] {processor.py:175} INFO - Processing /Users/oanottage/opt/anaconda3/lib/python3.8/site-packages/airflow/example_dags/example_task_group_decorator.py took 1.219 seconds
[2023-03-01T12:10:40.957+0100] {processor.py:153} INFO - Started process (PID=71964) to work on /Users/oanottage/opt/anaconda3/lib/python3.8/site-packages/airflow/example_dags/example_task_group_decorator.py
[2023-03-01T12:10:40.961+0100] {processor.py:743} INFO - Processing file /Users/oanottage/opt/anaconda3/lib/python3.8/site-packages/airflow/example_dags/example_task_group_decorator.py for tasks to queue
[2023-03-01T12:10:40.961+0100] {logging_mixin.py:137} INFO - [2023-03-01T12:10:40.961+0100] {dagbag.py:538} INFO - Filling up the DagBag from /Users/oanottage/opt/anaconda3/lib/python3.8/site-packages/airflow/example_dags/example_task_group_decorator.py
[2023-03-01T12:10:41.037+0100] {processor.py:753} INFO - DAG(s) dict_keys(['example_task_group_decorator']) retrieved from /Users/oanottage/opt/anaconda3/lib/python3.8/site-packages/airflow/example_dags/example_task_group_decorator.py
[2023-03-01T12:10:41.878+0100] {logging_mixin.py:137} INFO - [2023-03-01T12:10:41.878+0100] {dag.py:2690} INFO - Sync 1 DAGs
[2023-03-01T12:10:41.897+0100] {logging_mixin.py:137} INFO - [2023-03-01T12:10:41.897+0100] {dag.py:3437} INFO - Setting next_dagrun for example_task_group_decorator to 2023-02-28T11:10:41.897446+00:00, run_after=2023-03-01T11:10:41.897446+00:00
[2023-03-01T12:10:41.919+0100] {processor.py:175} INFO - Processing /Users/oanottage/opt/anaconda3/lib/python3.8/site-packages/airflow/example_dags/example_task_group_decorator.py took 0.963 seconds
[2023-03-01T12:12:47.658+0100] {processor.py:153} INFO - Started process (PID=76277) to work on /Users/oanottage/opt/anaconda3/lib/python3.8/site-packages/airflow/example_dags/example_task_group_decorator.py
[2023-03-01T12:12:47.662+0100] {processor.py:743} INFO - Processing file /Users/oanottage/opt/anaconda3/lib/python3.8/site-packages/airflow/example_dags/example_task_group_decorator.py for tasks to queue
[2023-03-01T12:12:47.662+0100] {logging_mixin.py:137} INFO - [2023-03-01T12:12:47.662+0100] {dagbag.py:538} INFO - Filling up the DagBag from /Users/oanottage/opt/anaconda3/lib/python3.8/site-packages/airflow/example_dags/example_task_group_decorator.py
[2023-03-01T12:12:47.731+0100] {processor.py:753} INFO - DAG(s) dict_keys(['example_task_group_decorator']) retrieved from /Users/oanottage/opt/anaconda3/lib/python3.8/site-packages/airflow/example_dags/example_task_group_decorator.py
[2023-03-01T12:12:48.720+0100] {logging_mixin.py:137} INFO - [2023-03-01T12:12:48.719+0100] {dag.py:2690} INFO - Sync 1 DAGs
[2023-03-01T12:12:48.740+0100] {logging_mixin.py:137} INFO - [2023-03-01T12:12:48.739+0100] {dag.py:3437} INFO - Setting next_dagrun for example_task_group_decorator to 2023-02-28T11:12:48.739712+00:00, run_after=2023-03-01T11:12:48.739712+00:00
[2023-03-01T12:12:48.759+0100] {processor.py:175} INFO - Processing /Users/oanottage/opt/anaconda3/lib/python3.8/site-packages/airflow/example_dags/example_task_group_decorator.py took 1.102 seconds
[2023-03-01T12:14:39.472+0100] {processor.py:153} INFO - Started process (PID=80456) to work on /Users/oanottage/opt/anaconda3/lib/python3.8/site-packages/airflow/example_dags/example_task_group_decorator.py
[2023-03-01T12:14:39.476+0100] {processor.py:743} INFO - Processing file /Users/oanottage/opt/anaconda3/lib/python3.8/site-packages/airflow/example_dags/example_task_group_decorator.py for tasks to queue
[2023-03-01T12:14:39.476+0100] {logging_mixin.py:137} INFO - [2023-03-01T12:14:39.476+0100] {dagbag.py:538} INFO - Filling up the DagBag from /Users/oanottage/opt/anaconda3/lib/python3.8/site-packages/airflow/example_dags/example_task_group_decorator.py
[2023-03-01T12:14:39.541+0100] {processor.py:753} INFO - DAG(s) dict_keys(['example_task_group_decorator']) retrieved from /Users/oanottage/opt/anaconda3/lib/python3.8/site-packages/airflow/example_dags/example_task_group_decorator.py
[2023-03-01T12:14:40.390+0100] {logging_mixin.py:137} INFO - [2023-03-01T12:14:40.390+0100] {dag.py:2690} INFO - Sync 1 DAGs
[2023-03-01T12:14:40.402+0100] {logging_mixin.py:137} INFO - [2023-03-01T12:14:40.402+0100] {dag.py:3437} INFO - Setting next_dagrun for example_task_group_decorator to 2023-02-28T11:14:40.402208+00:00, run_after=2023-03-01T11:14:40.402208+00:00
[2023-03-01T12:14:40.415+0100] {processor.py:175} INFO - Processing /Users/oanottage/opt/anaconda3/lib/python3.8/site-packages/airflow/example_dags/example_task_group_decorator.py took 0.943 seconds
[2023-03-01T12:16:41.476+0100] {processor.py:153} INFO - Started process (PID=84625) to work on /Users/oanottage/opt/anaconda3/lib/python3.8/site-packages/airflow/example_dags/example_task_group_decorator.py
[2023-03-01T12:16:41.480+0100] {processor.py:743} INFO - Processing file /Users/oanottage/opt/anaconda3/lib/python3.8/site-packages/airflow/example_dags/example_task_group_decorator.py for tasks to queue
[2023-03-01T12:16:41.480+0100] {logging_mixin.py:137} INFO - [2023-03-01T12:16:41.480+0100] {dagbag.py:538} INFO - Filling up the DagBag from /Users/oanottage/opt/anaconda3/lib/python3.8/site-packages/airflow/example_dags/example_task_group_decorator.py
[2023-03-01T12:16:41.551+0100] {processor.py:753} INFO - DAG(s) dict_keys(['example_task_group_decorator']) retrieved from /Users/oanottage/opt/anaconda3/lib/python3.8/site-packages/airflow/example_dags/example_task_group_decorator.py
[2023-03-01T12:16:43.250+0100] {logging_mixin.py:137} INFO - [2023-03-01T12:16:43.250+0100] {dag.py:2690} INFO - Sync 1 DAGs
[2023-03-01T12:16:43.263+0100] {logging_mixin.py:137} INFO - [2023-03-01T12:16:43.263+0100] {dag.py:3437} INFO - Setting next_dagrun for example_task_group_decorator to 2023-02-28T11:16:43.263371+00:00, run_after=2023-03-01T11:16:43.263371+00:00
[2023-03-01T12:16:43.277+0100] {processor.py:175} INFO - Processing /Users/oanottage/opt/anaconda3/lib/python3.8/site-packages/airflow/example_dags/example_task_group_decorator.py took 1.802 seconds
[2023-03-01T12:18:38.250+0100] {processor.py:153} INFO - Started process (PID=88837) to work on /Users/oanottage/opt/anaconda3/lib/python3.8/site-packages/airflow/example_dags/example_task_group_decorator.py
[2023-03-01T12:18:38.254+0100] {processor.py:743} INFO - Processing file /Users/oanottage/opt/anaconda3/lib/python3.8/site-packages/airflow/example_dags/example_task_group_decorator.py for tasks to queue
[2023-03-01T12:18:38.254+0100] {logging_mixin.py:137} INFO - [2023-03-01T12:18:38.254+0100] {dagbag.py:538} INFO - Filling up the DagBag from /Users/oanottage/opt/anaconda3/lib/python3.8/site-packages/airflow/example_dags/example_task_group_decorator.py
[2023-03-01T12:18:38.325+0100] {processor.py:753} INFO - DAG(s) dict_keys(['example_task_group_decorator']) retrieved from /Users/oanottage/opt/anaconda3/lib/python3.8/site-packages/airflow/example_dags/example_task_group_decorator.py
[2023-03-01T12:18:39.218+0100] {logging_mixin.py:137} INFO - [2023-03-01T12:18:39.218+0100] {dag.py:2690} INFO - Sync 1 DAGs
[2023-03-01T12:18:39.231+0100] {logging_mixin.py:137} INFO - [2023-03-01T12:18:39.231+0100] {dag.py:3437} INFO - Setting next_dagrun for example_task_group_decorator to 2023-02-28T11:18:39.231670+00:00, run_after=2023-03-01T11:18:39.231670+00:00
[2023-03-01T12:18:39.245+0100] {processor.py:175} INFO - Processing /Users/oanottage/opt/anaconda3/lib/python3.8/site-packages/airflow/example_dags/example_task_group_decorator.py took 0.996 seconds
[2023-03-01T12:20:32.192+0100] {processor.py:153} INFO - Started process (PID=93066) to work on /Users/oanottage/opt/anaconda3/lib/python3.8/site-packages/airflow/example_dags/example_task_group_decorator.py
[2023-03-01T12:20:32.196+0100] {processor.py:743} INFO - Processing file /Users/oanottage/opt/anaconda3/lib/python3.8/site-packages/airflow/example_dags/example_task_group_decorator.py for tasks to queue
[2023-03-01T12:20:32.196+0100] {logging_mixin.py:137} INFO - [2023-03-01T12:20:32.196+0100] {dagbag.py:538} INFO - Filling up the DagBag from /Users/oanottage/opt/anaconda3/lib/python3.8/site-packages/airflow/example_dags/example_task_group_decorator.py
[2023-03-01T12:20:32.268+0100] {processor.py:753} INFO - DAG(s) dict_keys(['example_task_group_decorator']) retrieved from /Users/oanottage/opt/anaconda3/lib/python3.8/site-packages/airflow/example_dags/example_task_group_decorator.py
[2023-03-01T12:20:33.169+0100] {logging_mixin.py:137} INFO - [2023-03-01T12:20:33.168+0100] {dag.py:2690} INFO - Sync 1 DAGs
[2023-03-01T12:20:33.182+0100] {logging_mixin.py:137} INFO - [2023-03-01T12:20:33.182+0100] {dag.py:3437} INFO - Setting next_dagrun for example_task_group_decorator to 2023-02-28T11:20:33.181935+00:00, run_after=2023-03-01T11:20:33.181935+00:00
[2023-03-01T12:20:33.198+0100] {processor.py:175} INFO - Processing /Users/oanottage/opt/anaconda3/lib/python3.8/site-packages/airflow/example_dags/example_task_group_decorator.py took 1.007 seconds
[2023-03-01T12:23:00.565+0100] {processor.py:153} INFO - Started process (PID=98099) to work on /Users/oanottage/opt/anaconda3/lib/python3.8/site-packages/airflow/example_dags/example_task_group_decorator.py
[2023-03-01T12:23:00.570+0100] {processor.py:743} INFO - Processing file /Users/oanottage/opt/anaconda3/lib/python3.8/site-packages/airflow/example_dags/example_task_group_decorator.py for tasks to queue
[2023-03-01T12:23:00.571+0100] {logging_mixin.py:137} INFO - [2023-03-01T12:23:00.571+0100] {dagbag.py:538} INFO - Filling up the DagBag from /Users/oanottage/opt/anaconda3/lib/python3.8/site-packages/airflow/example_dags/example_task_group_decorator.py
[2023-03-01T12:23:00.673+0100] {processor.py:753} INFO - DAG(s) dict_keys(['example_task_group_decorator']) retrieved from /Users/oanottage/opt/anaconda3/lib/python3.8/site-packages/airflow/example_dags/example_task_group_decorator.py
[2023-03-01T12:23:01.714+0100] {logging_mixin.py:137} INFO - [2023-03-01T12:23:01.713+0100] {dag.py:2690} INFO - Sync 1 DAGs
[2023-03-01T12:23:01.732+0100] {logging_mixin.py:137} INFO - [2023-03-01T12:23:01.732+0100] {dag.py:3437} INFO - Setting next_dagrun for example_task_group_decorator to 2023-02-28T11:23:01.731967+00:00, run_after=2023-03-01T11:23:01.731967+00:00
[2023-03-01T12:23:01.754+0100] {processor.py:175} INFO - Processing /Users/oanottage/opt/anaconda3/lib/python3.8/site-packages/airflow/example_dags/example_task_group_decorator.py took 1.190 seconds
[2023-03-01T12:25:09.948+0100] {processor.py:153} INFO - Started process (PID=3011) to work on /Users/oanottage/opt/anaconda3/lib/python3.8/site-packages/airflow/example_dags/example_task_group_decorator.py
[2023-03-01T12:25:09.953+0100] {processor.py:743} INFO - Processing file /Users/oanottage/opt/anaconda3/lib/python3.8/site-packages/airflow/example_dags/example_task_group_decorator.py for tasks to queue
[2023-03-01T12:25:09.954+0100] {logging_mixin.py:137} INFO - [2023-03-01T12:25:09.953+0100] {dagbag.py:538} INFO - Filling up the DagBag from /Users/oanottage/opt/anaconda3/lib/python3.8/site-packages/airflow/example_dags/example_task_group_decorator.py
[2023-03-01T12:25:10.033+0100] {processor.py:753} INFO - DAG(s) dict_keys(['example_task_group_decorator']) retrieved from /Users/oanottage/opt/anaconda3/lib/python3.8/site-packages/airflow/example_dags/example_task_group_decorator.py
[2023-03-01T12:25:10.927+0100] {logging_mixin.py:137} INFO - [2023-03-01T12:25:10.926+0100] {dag.py:2690} INFO - Sync 1 DAGs
[2023-03-01T12:25:10.948+0100] {logging_mixin.py:137} INFO - [2023-03-01T12:25:10.947+0100] {dag.py:3437} INFO - Setting next_dagrun for example_task_group_decorator to 2023-02-28T11:25:10.947676+00:00, run_after=2023-03-01T11:25:10.947676+00:00
[2023-03-01T12:25:10.966+0100] {processor.py:175} INFO - Processing /Users/oanottage/opt/anaconda3/lib/python3.8/site-packages/airflow/example_dags/example_task_group_decorator.py took 1.018 seconds
[2023-03-01T12:27:10.664+0100] {processor.py:153} INFO - Started process (PID=7250) to work on /Users/oanottage/opt/anaconda3/lib/python3.8/site-packages/airflow/example_dags/example_task_group_decorator.py
[2023-03-01T12:27:10.667+0100] {processor.py:743} INFO - Processing file /Users/oanottage/opt/anaconda3/lib/python3.8/site-packages/airflow/example_dags/example_task_group_decorator.py for tasks to queue
[2023-03-01T12:27:10.668+0100] {logging_mixin.py:137} INFO - [2023-03-01T12:27:10.668+0100] {dagbag.py:538} INFO - Filling up the DagBag from /Users/oanottage/opt/anaconda3/lib/python3.8/site-packages/airflow/example_dags/example_task_group_decorator.py
[2023-03-01T12:27:10.736+0100] {processor.py:753} INFO - DAG(s) dict_keys(['example_task_group_decorator']) retrieved from /Users/oanottage/opt/anaconda3/lib/python3.8/site-packages/airflow/example_dags/example_task_group_decorator.py
[2023-03-01T12:27:11.632+0100] {logging_mixin.py:137} INFO - [2023-03-01T12:27:11.632+0100] {dag.py:2690} INFO - Sync 1 DAGs
[2023-03-01T12:27:11.644+0100] {logging_mixin.py:137} INFO - [2023-03-01T12:27:11.644+0100] {dag.py:3437} INFO - Setting next_dagrun for example_task_group_decorator to 2023-02-28T11:27:11.644099+00:00, run_after=2023-03-01T11:27:11.644099+00:00
[2023-03-01T12:27:11.657+0100] {processor.py:175} INFO - Processing /Users/oanottage/opt/anaconda3/lib/python3.8/site-packages/airflow/example_dags/example_task_group_decorator.py took 0.994 seconds
[2023-03-01T12:29:03.651+0100] {processor.py:153} INFO - Started process (PID=11461) to work on /Users/oanottage/opt/anaconda3/lib/python3.8/site-packages/airflow/example_dags/example_task_group_decorator.py
[2023-03-01T12:29:03.655+0100] {processor.py:743} INFO - Processing file /Users/oanottage/opt/anaconda3/lib/python3.8/site-packages/airflow/example_dags/example_task_group_decorator.py for tasks to queue
[2023-03-01T12:29:03.655+0100] {logging_mixin.py:137} INFO - [2023-03-01T12:29:03.655+0100] {dagbag.py:538} INFO - Filling up the DagBag from /Users/oanottage/opt/anaconda3/lib/python3.8/site-packages/airflow/example_dags/example_task_group_decorator.py
[2023-03-01T12:29:03.722+0100] {processor.py:753} INFO - DAG(s) dict_keys(['example_task_group_decorator']) retrieved from /Users/oanottage/opt/anaconda3/lib/python3.8/site-packages/airflow/example_dags/example_task_group_decorator.py
[2023-03-01T12:29:04.616+0100] {logging_mixin.py:137} INFO - [2023-03-01T12:29:04.616+0100] {dag.py:2690} INFO - Sync 1 DAGs
[2023-03-01T12:29:04.627+0100] {logging_mixin.py:137} INFO - [2023-03-01T12:29:04.627+0100] {dag.py:3437} INFO - Setting next_dagrun for example_task_group_decorator to 2023-02-28T11:29:04.626972+00:00, run_after=2023-03-01T11:29:04.626972+00:00
[2023-03-01T12:29:04.639+0100] {processor.py:175} INFO - Processing /Users/oanottage/opt/anaconda3/lib/python3.8/site-packages/airflow/example_dags/example_task_group_decorator.py took 0.989 seconds
[2023-03-01T12:30:53.292+0100] {processor.py:153} INFO - Started process (PID=14651) to work on /Users/oanottage/opt/anaconda3/lib/python3.8/site-packages/airflow/example_dags/example_task_group_decorator.py
[2023-03-01T12:30:53.296+0100] {processor.py:743} INFO - Processing file /Users/oanottage/opt/anaconda3/lib/python3.8/site-packages/airflow/example_dags/example_task_group_decorator.py for tasks to queue
[2023-03-01T12:30:53.296+0100] {logging_mixin.py:137} INFO - [2023-03-01T12:30:53.296+0100] {dagbag.py:538} INFO - Filling up the DagBag from /Users/oanottage/opt/anaconda3/lib/python3.8/site-packages/airflow/example_dags/example_task_group_decorator.py
[2023-03-01T12:30:53.363+0100] {processor.py:753} INFO - DAG(s) dict_keys(['example_task_group_decorator']) retrieved from /Users/oanottage/opt/anaconda3/lib/python3.8/site-packages/airflow/example_dags/example_task_group_decorator.py
[2023-03-01T12:30:54.204+0100] {logging_mixin.py:137} INFO - [2023-03-01T12:30:54.204+0100] {dag.py:2690} INFO - Sync 1 DAGs
[2023-03-01T12:30:54.216+0100] {logging_mixin.py:137} INFO - [2023-03-01T12:30:54.216+0100] {dag.py:3437} INFO - Setting next_dagrun for example_task_group_decorator to 2023-02-28T11:30:54.216724+00:00, run_after=2023-03-01T11:30:54.216724+00:00
[2023-03-01T12:30:54.230+0100] {processor.py:175} INFO - Processing /Users/oanottage/opt/anaconda3/lib/python3.8/site-packages/airflow/example_dags/example_task_group_decorator.py took 0.938 seconds
[2023-03-01T12:32:41.258+0100] {processor.py:153} INFO - Started process (PID=18926) to work on /Users/oanottage/opt/anaconda3/lib/python3.8/site-packages/airflow/example_dags/example_task_group_decorator.py
[2023-03-01T12:32:41.261+0100] {processor.py:743} INFO - Processing file /Users/oanottage/opt/anaconda3/lib/python3.8/site-packages/airflow/example_dags/example_task_group_decorator.py for tasks to queue
[2023-03-01T12:32:41.261+0100] {logging_mixin.py:137} INFO - [2023-03-01T12:32:41.261+0100] {dagbag.py:538} INFO - Filling up the DagBag from /Users/oanottage/opt/anaconda3/lib/python3.8/site-packages/airflow/example_dags/example_task_group_decorator.py
[2023-03-01T12:32:41.329+0100] {processor.py:753} INFO - DAG(s) dict_keys(['example_task_group_decorator']) retrieved from /Users/oanottage/opt/anaconda3/lib/python3.8/site-packages/airflow/example_dags/example_task_group_decorator.py
[2023-03-01T12:32:42.181+0100] {logging_mixin.py:137} INFO - [2023-03-01T12:32:42.181+0100] {dag.py:2690} INFO - Sync 1 DAGs
[2023-03-01T12:32:42.193+0100] {logging_mixin.py:137} INFO - [2023-03-01T12:32:42.193+0100] {dag.py:3437} INFO - Setting next_dagrun for example_task_group_decorator to 2023-02-28T11:32:42.192957+00:00, run_after=2023-03-01T11:32:42.192957+00:00
[2023-03-01T12:32:42.216+0100] {processor.py:175} INFO - Processing /Users/oanottage/opt/anaconda3/lib/python3.8/site-packages/airflow/example_dags/example_task_group_decorator.py took 0.958 seconds
[2023-03-01T12:34:30.319+0100] {processor.py:153} INFO - Started process (PID=22974) to work on /Users/oanottage/opt/anaconda3/lib/python3.8/site-packages/airflow/example_dags/example_task_group_decorator.py
[2023-03-01T12:34:30.323+0100] {processor.py:743} INFO - Processing file /Users/oanottage/opt/anaconda3/lib/python3.8/site-packages/airflow/example_dags/example_task_group_decorator.py for tasks to queue
[2023-03-01T12:34:30.323+0100] {logging_mixin.py:137} INFO - [2023-03-01T12:34:30.323+0100] {dagbag.py:538} INFO - Filling up the DagBag from /Users/oanottage/opt/anaconda3/lib/python3.8/site-packages/airflow/example_dags/example_task_group_decorator.py
[2023-03-01T12:34:30.387+0100] {processor.py:753} INFO - DAG(s) dict_keys(['example_task_group_decorator']) retrieved from /Users/oanottage/opt/anaconda3/lib/python3.8/site-packages/airflow/example_dags/example_task_group_decorator.py
[2023-03-01T12:34:31.233+0100] {logging_mixin.py:137} INFO - [2023-03-01T12:34:31.232+0100] {dag.py:2690} INFO - Sync 1 DAGs
[2023-03-01T12:34:31.246+0100] {logging_mixin.py:137} INFO - [2023-03-01T12:34:31.245+0100] {dag.py:3437} INFO - Setting next_dagrun for example_task_group_decorator to 2023-02-28T11:34:31.245828+00:00, run_after=2023-03-01T11:34:31.245828+00:00
[2023-03-01T12:34:31.259+0100] {processor.py:175} INFO - Processing /Users/oanottage/opt/anaconda3/lib/python3.8/site-packages/airflow/example_dags/example_task_group_decorator.py took 0.940 seconds
[2023-03-01T12:36:22.745+0100] {processor.py:153} INFO - Started process (PID=26347) to work on /Users/oanottage/opt/anaconda3/lib/python3.8/site-packages/airflow/example_dags/example_task_group_decorator.py
[2023-03-01T12:36:22.750+0100] {processor.py:743} INFO - Processing file /Users/oanottage/opt/anaconda3/lib/python3.8/site-packages/airflow/example_dags/example_task_group_decorator.py for tasks to queue
[2023-03-01T12:36:22.750+0100] {logging_mixin.py:137} INFO - [2023-03-01T12:36:22.750+0100] {dagbag.py:538} INFO - Filling up the DagBag from /Users/oanottage/opt/anaconda3/lib/python3.8/site-packages/airflow/example_dags/example_task_group_decorator.py
[2023-03-01T12:36:22.837+0100] {processor.py:753} INFO - DAG(s) dict_keys(['example_task_group_decorator']) retrieved from /Users/oanottage/opt/anaconda3/lib/python3.8/site-packages/airflow/example_dags/example_task_group_decorator.py
[2023-03-01T12:36:23.690+0100] {logging_mixin.py:137} INFO - [2023-03-01T12:36:23.690+0100] {dag.py:2690} INFO - Sync 1 DAGs
[2023-03-01T12:36:23.705+0100] {logging_mixin.py:137} INFO - [2023-03-01T12:36:23.705+0100] {dag.py:3437} INFO - Setting next_dagrun for example_task_group_decorator to 2023-02-28T11:36:23.705601+00:00, run_after=2023-03-01T11:36:23.705601+00:00
[2023-03-01T12:36:23.719+0100] {processor.py:175} INFO - Processing /Users/oanottage/opt/anaconda3/lib/python3.8/site-packages/airflow/example_dags/example_task_group_decorator.py took 0.974 seconds
[2023-03-01T12:38:18.653+0100] {processor.py:153} INFO - Started process (PID=30587) to work on /Users/oanottage/opt/anaconda3/lib/python3.8/site-packages/airflow/example_dags/example_task_group_decorator.py
[2023-03-01T12:38:18.657+0100] {processor.py:743} INFO - Processing file /Users/oanottage/opt/anaconda3/lib/python3.8/site-packages/airflow/example_dags/example_task_group_decorator.py for tasks to queue
[2023-03-01T12:38:18.657+0100] {logging_mixin.py:137} INFO - [2023-03-01T12:38:18.657+0100] {dagbag.py:538} INFO - Filling up the DagBag from /Users/oanottage/opt/anaconda3/lib/python3.8/site-packages/airflow/example_dags/example_task_group_decorator.py
[2023-03-01T12:38:18.741+0100] {processor.py:753} INFO - DAG(s) dict_keys(['example_task_group_decorator']) retrieved from /Users/oanottage/opt/anaconda3/lib/python3.8/site-packages/airflow/example_dags/example_task_group_decorator.py
[2023-03-01T12:38:19.769+0100] {logging_mixin.py:137} INFO - [2023-03-01T12:38:19.769+0100] {dag.py:2690} INFO - Sync 1 DAGs
[2023-03-01T12:38:19.788+0100] {logging_mixin.py:137} INFO - [2023-03-01T12:38:19.788+0100] {dag.py:3437} INFO - Setting next_dagrun for example_task_group_decorator to 2023-02-28T11:38:19.788405+00:00, run_after=2023-03-01T11:38:19.788405+00:00
[2023-03-01T12:38:19.809+0100] {processor.py:175} INFO - Processing /Users/oanottage/opt/anaconda3/lib/python3.8/site-packages/airflow/example_dags/example_task_group_decorator.py took 1.157 seconds
[2023-03-01T12:40:23.607+0100] {processor.py:153} INFO - Started process (PID=34843) to work on /Users/oanottage/opt/anaconda3/lib/python3.8/site-packages/airflow/example_dags/example_task_group_decorator.py
[2023-03-01T12:40:23.613+0100] {processor.py:743} INFO - Processing file /Users/oanottage/opt/anaconda3/lib/python3.8/site-packages/airflow/example_dags/example_task_group_decorator.py for tasks to queue
[2023-03-01T12:40:23.613+0100] {logging_mixin.py:137} INFO - [2023-03-01T12:40:23.613+0100] {dagbag.py:538} INFO - Filling up the DagBag from /Users/oanottage/opt/anaconda3/lib/python3.8/site-packages/airflow/example_dags/example_task_group_decorator.py
[2023-03-01T12:40:23.699+0100] {processor.py:753} INFO - DAG(s) dict_keys(['example_task_group_decorator']) retrieved from /Users/oanottage/opt/anaconda3/lib/python3.8/site-packages/airflow/example_dags/example_task_group_decorator.py
[2023-03-01T12:40:24.808+0100] {logging_mixin.py:137} INFO - [2023-03-01T12:40:24.808+0100] {dag.py:2690} INFO - Sync 1 DAGs
[2023-03-01T12:40:24.826+0100] {logging_mixin.py:137} INFO - [2023-03-01T12:40:24.826+0100] {dag.py:3437} INFO - Setting next_dagrun for example_task_group_decorator to 2023-02-28T11:40:24.826214+00:00, run_after=2023-03-01T11:40:24.826214+00:00
[2023-03-01T12:40:24.850+0100] {processor.py:175} INFO - Processing /Users/oanottage/opt/anaconda3/lib/python3.8/site-packages/airflow/example_dags/example_task_group_decorator.py took 1.244 seconds
[2023-03-01T12:42:30.945+0100] {processor.py:153} INFO - Started process (PID=40046) to work on /Users/oanottage/opt/anaconda3/lib/python3.8/site-packages/airflow/example_dags/example_task_group_decorator.py
[2023-03-01T12:42:30.949+0100] {processor.py:743} INFO - Processing file /Users/oanottage/opt/anaconda3/lib/python3.8/site-packages/airflow/example_dags/example_task_group_decorator.py for tasks to queue
[2023-03-01T12:42:30.949+0100] {logging_mixin.py:137} INFO - [2023-03-01T12:42:30.949+0100] {dagbag.py:538} INFO - Filling up the DagBag from /Users/oanottage/opt/anaconda3/lib/python3.8/site-packages/airflow/example_dags/example_task_group_decorator.py
[2023-03-01T12:42:31.019+0100] {processor.py:753} INFO - DAG(s) dict_keys(['example_task_group_decorator']) retrieved from /Users/oanottage/opt/anaconda3/lib/python3.8/site-packages/airflow/example_dags/example_task_group_decorator.py
[2023-03-01T12:42:31.932+0100] {logging_mixin.py:137} INFO - [2023-03-01T12:42:31.932+0100] {dag.py:2690} INFO - Sync 1 DAGs
[2023-03-01T12:42:31.949+0100] {logging_mixin.py:137} INFO - [2023-03-01T12:42:31.949+0100] {dag.py:3437} INFO - Setting next_dagrun for example_task_group_decorator to 2023-02-28T11:42:31.949070+00:00, run_after=2023-03-01T11:42:31.949070+00:00
[2023-03-01T12:42:31.967+0100] {processor.py:175} INFO - Processing /Users/oanottage/opt/anaconda3/lib/python3.8/site-packages/airflow/example_dags/example_task_group_decorator.py took 1.023 seconds
[2023-03-01T12:44:45.988+0100] {processor.py:153} INFO - Started process (PID=44400) to work on /Users/oanottage/opt/anaconda3/lib/python3.8/site-packages/airflow/example_dags/example_task_group_decorator.py
[2023-03-01T12:44:45.994+0100] {processor.py:743} INFO - Processing file /Users/oanottage/opt/anaconda3/lib/python3.8/site-packages/airflow/example_dags/example_task_group_decorator.py for tasks to queue
[2023-03-01T12:44:45.994+0100] {logging_mixin.py:137} INFO - [2023-03-01T12:44:45.994+0100] {dagbag.py:538} INFO - Filling up the DagBag from /Users/oanottage/opt/anaconda3/lib/python3.8/site-packages/airflow/example_dags/example_task_group_decorator.py
[2023-03-01T12:44:46.094+0100] {processor.py:753} INFO - DAG(s) dict_keys(['example_task_group_decorator']) retrieved from /Users/oanottage/opt/anaconda3/lib/python3.8/site-packages/airflow/example_dags/example_task_group_decorator.py
[2023-03-01T12:44:47.119+0100] {logging_mixin.py:137} INFO - [2023-03-01T12:44:47.119+0100] {dag.py:2690} INFO - Sync 1 DAGs
[2023-03-01T12:44:47.142+0100] {logging_mixin.py:137} INFO - [2023-03-01T12:44:47.141+0100] {dag.py:3437} INFO - Setting next_dagrun for example_task_group_decorator to 2023-02-28T11:44:47.141758+00:00, run_after=2023-03-01T11:44:47.141758+00:00
[2023-03-01T12:44:47.162+0100] {processor.py:175} INFO - Processing /Users/oanottage/opt/anaconda3/lib/python3.8/site-packages/airflow/example_dags/example_task_group_decorator.py took 1.175 seconds
[2023-03-01T12:46:48.347+0100] {processor.py:153} INFO - Started process (PID=48689) to work on /Users/oanottage/opt/anaconda3/lib/python3.8/site-packages/airflow/example_dags/example_task_group_decorator.py
[2023-03-01T12:46:48.352+0100] {processor.py:743} INFO - Processing file /Users/oanottage/opt/anaconda3/lib/python3.8/site-packages/airflow/example_dags/example_task_group_decorator.py for tasks to queue
[2023-03-01T12:46:48.353+0100] {logging_mixin.py:137} INFO - [2023-03-01T12:46:48.352+0100] {dagbag.py:538} INFO - Filling up the DagBag from /Users/oanottage/opt/anaconda3/lib/python3.8/site-packages/airflow/example_dags/example_task_group_decorator.py
[2023-03-01T12:46:48.440+0100] {processor.py:753} INFO - DAG(s) dict_keys(['example_task_group_decorator']) retrieved from /Users/oanottage/opt/anaconda3/lib/python3.8/site-packages/airflow/example_dags/example_task_group_decorator.py
[2023-03-01T12:46:49.427+0100] {logging_mixin.py:137} INFO - [2023-03-01T12:46:49.427+0100] {dag.py:2690} INFO - Sync 1 DAGs
[2023-03-01T12:46:49.438+0100] {logging_mixin.py:137} INFO - [2023-03-01T12:46:49.438+0100] {dag.py:3437} INFO - Setting next_dagrun for example_task_group_decorator to 2023-02-28T11:46:49.438217+00:00, run_after=2023-03-01T11:46:49.438217+00:00
[2023-03-01T12:46:49.451+0100] {processor.py:175} INFO - Processing /Users/oanottage/opt/anaconda3/lib/python3.8/site-packages/airflow/example_dags/example_task_group_decorator.py took 1.105 seconds
[2023-03-01T12:48:54.635+0100] {processor.py:153} INFO - Started process (PID=52982) to work on /Users/oanottage/opt/anaconda3/lib/python3.8/site-packages/airflow/example_dags/example_task_group_decorator.py
[2023-03-01T12:48:54.639+0100] {processor.py:743} INFO - Processing file /Users/oanottage/opt/anaconda3/lib/python3.8/site-packages/airflow/example_dags/example_task_group_decorator.py for tasks to queue
[2023-03-01T12:48:54.639+0100] {logging_mixin.py:137} INFO - [2023-03-01T12:48:54.639+0100] {dagbag.py:538} INFO - Filling up the DagBag from /Users/oanottage/opt/anaconda3/lib/python3.8/site-packages/airflow/example_dags/example_task_group_decorator.py
[2023-03-01T12:48:54.707+0100] {processor.py:753} INFO - DAG(s) dict_keys(['example_task_group_decorator']) retrieved from /Users/oanottage/opt/anaconda3/lib/python3.8/site-packages/airflow/example_dags/example_task_group_decorator.py
[2023-03-01T12:48:55.671+0100] {logging_mixin.py:137} INFO - [2023-03-01T12:48:55.671+0100] {dag.py:2690} INFO - Sync 1 DAGs
[2023-03-01T12:48:55.690+0100] {logging_mixin.py:137} INFO - [2023-03-01T12:48:55.689+0100] {dag.py:3437} INFO - Setting next_dagrun for example_task_group_decorator to 2023-02-28T11:48:55.689702+00:00, run_after=2023-03-01T11:48:55.689702+00:00
[2023-03-01T12:48:55.709+0100] {processor.py:175} INFO - Processing /Users/oanottage/opt/anaconda3/lib/python3.8/site-packages/airflow/example_dags/example_task_group_decorator.py took 1.074 seconds
[2023-03-01T12:50:57.101+0100] {processor.py:153} INFO - Started process (PID=57291) to work on /Users/oanottage/opt/anaconda3/lib/python3.8/site-packages/airflow/example_dags/example_task_group_decorator.py
[2023-03-01T12:50:57.105+0100] {processor.py:743} INFO - Processing file /Users/oanottage/opt/anaconda3/lib/python3.8/site-packages/airflow/example_dags/example_task_group_decorator.py for tasks to queue
[2023-03-01T12:50:57.106+0100] {logging_mixin.py:137} INFO - [2023-03-01T12:50:57.106+0100] {dagbag.py:538} INFO - Filling up the DagBag from /Users/oanottage/opt/anaconda3/lib/python3.8/site-packages/airflow/example_dags/example_task_group_decorator.py
[2023-03-01T12:50:57.191+0100] {processor.py:753} INFO - DAG(s) dict_keys(['example_task_group_decorator']) retrieved from /Users/oanottage/opt/anaconda3/lib/python3.8/site-packages/airflow/example_dags/example_task_group_decorator.py
[2023-03-01T12:50:58.245+0100] {logging_mixin.py:137} INFO - [2023-03-01T12:50:58.244+0100] {dag.py:2690} INFO - Sync 1 DAGs
[2023-03-01T12:50:58.265+0100] {logging_mixin.py:137} INFO - [2023-03-01T12:50:58.265+0100] {dag.py:3437} INFO - Setting next_dagrun for example_task_group_decorator to 2023-02-28T11:50:58.265405+00:00, run_after=2023-03-01T11:50:58.265405+00:00
[2023-03-01T12:50:58.285+0100] {processor.py:175} INFO - Processing /Users/oanottage/opt/anaconda3/lib/python3.8/site-packages/airflow/example_dags/example_task_group_decorator.py took 1.185 seconds
[2023-03-01T12:52:56.628+0100] {processor.py:153} INFO - Started process (PID=61549) to work on /Users/oanottage/opt/anaconda3/lib/python3.8/site-packages/airflow/example_dags/example_task_group_decorator.py
[2023-03-01T12:52:56.632+0100] {processor.py:743} INFO - Processing file /Users/oanottage/opt/anaconda3/lib/python3.8/site-packages/airflow/example_dags/example_task_group_decorator.py for tasks to queue
[2023-03-01T12:52:56.633+0100] {logging_mixin.py:137} INFO - [2023-03-01T12:52:56.633+0100] {dagbag.py:538} INFO - Filling up the DagBag from /Users/oanottage/opt/anaconda3/lib/python3.8/site-packages/airflow/example_dags/example_task_group_decorator.py
[2023-03-01T12:52:56.739+0100] {processor.py:753} INFO - DAG(s) dict_keys(['example_task_group_decorator']) retrieved from /Users/oanottage/opt/anaconda3/lib/python3.8/site-packages/airflow/example_dags/example_task_group_decorator.py
[2023-03-01T12:52:58.770+0100] {logging_mixin.py:137} INFO - [2023-03-01T12:52:58.770+0100] {dag.py:2690} INFO - Sync 1 DAGs
[2023-03-01T12:52:58.790+0100] {logging_mixin.py:137} INFO - [2023-03-01T12:52:58.789+0100] {dag.py:3437} INFO - Setting next_dagrun for example_task_group_decorator to 2023-02-28T11:52:58.789666+00:00, run_after=2023-03-01T11:52:58.789666+00:00
[2023-03-01T12:52:58.811+0100] {processor.py:175} INFO - Processing /Users/oanottage/opt/anaconda3/lib/python3.8/site-packages/airflow/example_dags/example_task_group_decorator.py took 2.183 seconds
[2023-03-01T12:54:57.791+0100] {processor.py:153} INFO - Started process (PID=65852) to work on /Users/oanottage/opt/anaconda3/lib/python3.8/site-packages/airflow/example_dags/example_task_group_decorator.py
[2023-03-01T12:54:57.796+0100] {processor.py:743} INFO - Processing file /Users/oanottage/opt/anaconda3/lib/python3.8/site-packages/airflow/example_dags/example_task_group_decorator.py for tasks to queue
[2023-03-01T12:54:57.797+0100] {logging_mixin.py:137} INFO - [2023-03-01T12:54:57.796+0100] {dagbag.py:538} INFO - Filling up the DagBag from /Users/oanottage/opt/anaconda3/lib/python3.8/site-packages/airflow/example_dags/example_task_group_decorator.py
[2023-03-01T12:54:57.887+0100] {processor.py:753} INFO - DAG(s) dict_keys(['example_task_group_decorator']) retrieved from /Users/oanottage/opt/anaconda3/lib/python3.8/site-packages/airflow/example_dags/example_task_group_decorator.py
[2023-03-01T12:54:58.811+0100] {logging_mixin.py:137} INFO - [2023-03-01T12:54:58.811+0100] {dag.py:2690} INFO - Sync 1 DAGs
[2023-03-01T12:54:58.831+0100] {logging_mixin.py:137} INFO - [2023-03-01T12:54:58.831+0100] {dag.py:3437} INFO - Setting next_dagrun for example_task_group_decorator to 2023-02-28T11:54:58.831350+00:00, run_after=2023-03-01T11:54:58.831350+00:00
[2023-03-01T12:54:58.854+0100] {processor.py:175} INFO - Processing /Users/oanottage/opt/anaconda3/lib/python3.8/site-packages/airflow/example_dags/example_task_group_decorator.py took 1.064 seconds
[2023-03-01T12:56:50.095+0100] {processor.py:153} INFO - Started process (PID=70109) to work on /Users/oanottage/opt/anaconda3/lib/python3.8/site-packages/airflow/example_dags/example_task_group_decorator.py
[2023-03-01T12:56:50.099+0100] {processor.py:743} INFO - Processing file /Users/oanottage/opt/anaconda3/lib/python3.8/site-packages/airflow/example_dags/example_task_group_decorator.py for tasks to queue
[2023-03-01T12:56:50.099+0100] {logging_mixin.py:137} INFO - [2023-03-01T12:56:50.099+0100] {dagbag.py:538} INFO - Filling up the DagBag from /Users/oanottage/opt/anaconda3/lib/python3.8/site-packages/airflow/example_dags/example_task_group_decorator.py
[2023-03-01T12:56:50.168+0100] {processor.py:753} INFO - DAG(s) dict_keys(['example_task_group_decorator']) retrieved from /Users/oanottage/opt/anaconda3/lib/python3.8/site-packages/airflow/example_dags/example_task_group_decorator.py
[2023-03-01T12:56:50.944+0100] {logging_mixin.py:137} INFO - [2023-03-01T12:56:50.943+0100] {dag.py:2690} INFO - Sync 1 DAGs
[2023-03-01T12:56:50.962+0100] {logging_mixin.py:137} INFO - [2023-03-01T12:56:50.961+0100] {dag.py:3437} INFO - Setting next_dagrun for example_task_group_decorator to 2023-02-28T11:56:50.961752+00:00, run_after=2023-03-01T11:56:50.961752+00:00
[2023-03-01T12:56:50.981+0100] {processor.py:175} INFO - Processing /Users/oanottage/opt/anaconda3/lib/python3.8/site-packages/airflow/example_dags/example_task_group_decorator.py took 0.886 seconds
[2023-03-01T12:58:45.264+0100] {processor.py:153} INFO - Started process (PID=74396) to work on /Users/oanottage/opt/anaconda3/lib/python3.8/site-packages/airflow/example_dags/example_task_group_decorator.py
[2023-03-01T12:58:45.268+0100] {processor.py:743} INFO - Processing file /Users/oanottage/opt/anaconda3/lib/python3.8/site-packages/airflow/example_dags/example_task_group_decorator.py for tasks to queue
[2023-03-01T12:58:45.268+0100] {logging_mixin.py:137} INFO - [2023-03-01T12:58:45.268+0100] {dagbag.py:538} INFO - Filling up the DagBag from /Users/oanottage/opt/anaconda3/lib/python3.8/site-packages/airflow/example_dags/example_task_group_decorator.py
[2023-03-01T12:58:45.335+0100] {processor.py:753} INFO - DAG(s) dict_keys(['example_task_group_decorator']) retrieved from /Users/oanottage/opt/anaconda3/lib/python3.8/site-packages/airflow/example_dags/example_task_group_decorator.py
[2023-03-01T12:58:46.180+0100] {logging_mixin.py:137} INFO - [2023-03-01T12:58:46.180+0100] {dag.py:2690} INFO - Sync 1 DAGs
[2023-03-01T12:58:46.193+0100] {logging_mixin.py:137} INFO - [2023-03-01T12:58:46.193+0100] {dag.py:3437} INFO - Setting next_dagrun for example_task_group_decorator to 2023-02-28T11:58:46.193426+00:00, run_after=2023-03-01T11:58:46.193426+00:00
[2023-03-01T12:58:46.207+0100] {processor.py:175} INFO - Processing /Users/oanottage/opt/anaconda3/lib/python3.8/site-packages/airflow/example_dags/example_task_group_decorator.py took 0.943 seconds
[2023-03-01T13:00:43.147+0100] {processor.py:153} INFO - Started process (PID=78671) to work on /Users/oanottage/opt/anaconda3/lib/python3.8/site-packages/airflow/example_dags/example_task_group_decorator.py
[2023-03-01T13:00:43.153+0100] {processor.py:743} INFO - Processing file /Users/oanottage/opt/anaconda3/lib/python3.8/site-packages/airflow/example_dags/example_task_group_decorator.py for tasks to queue
[2023-03-01T13:00:43.153+0100] {logging_mixin.py:137} INFO - [2023-03-01T13:00:43.153+0100] {dagbag.py:538} INFO - Filling up the DagBag from /Users/oanottage/opt/anaconda3/lib/python3.8/site-packages/airflow/example_dags/example_task_group_decorator.py
[2023-03-01T13:00:43.218+0100] {processor.py:753} INFO - DAG(s) dict_keys(['example_task_group_decorator']) retrieved from /Users/oanottage/opt/anaconda3/lib/python3.8/site-packages/airflow/example_dags/example_task_group_decorator.py
[2023-03-01T13:00:44.121+0100] {logging_mixin.py:137} INFO - [2023-03-01T13:00:44.120+0100] {dag.py:2690} INFO - Sync 1 DAGs
[2023-03-01T13:00:44.132+0100] {logging_mixin.py:137} INFO - [2023-03-01T13:00:44.132+0100] {dag.py:3437} INFO - Setting next_dagrun for example_task_group_decorator to 2023-02-28T12:00:44.132024+00:00, run_after=2023-03-01T12:00:44.132024+00:00
[2023-03-01T13:00:44.145+0100] {processor.py:175} INFO - Processing /Users/oanottage/opt/anaconda3/lib/python3.8/site-packages/airflow/example_dags/example_task_group_decorator.py took 0.999 seconds
