[2023-03-01T12:02:58.419+0100] {processor.py:153} INFO - Started process (PID=55373) to work on /Users/oanottage/opt/anaconda3/lib/python3.8/site-packages/airflow/example_dags/example_task_group.py
[2023-03-01T12:02:58.423+0100] {processor.py:743} INFO - Processing file /Users/oanottage/opt/anaconda3/lib/python3.8/site-packages/airflow/example_dags/example_task_group.py for tasks to queue
[2023-03-01T12:02:58.424+0100] {logging_mixin.py:137} INFO - [2023-03-01T12:02:58.424+0100] {dagbag.py:538} INFO - Filling up the DagBag from /Users/oanottage/opt/anaconda3/lib/python3.8/site-packages/airflow/example_dags/example_task_group.py
[2023-03-01T12:02:58.479+0100] {processor.py:753} INFO - DAG(s) dict_keys(['example_task_group']) retrieved from /Users/oanottage/opt/anaconda3/lib/python3.8/site-packages/airflow/example_dags/example_task_group.py
[2023-03-01T12:02:59.501+0100] {logging_mixin.py:137} INFO - [2023-03-01T12:02:59.501+0100] {manager.py:504} INFO - Created Permission View: can edit on DAG:example_task_group
[2023-03-01T12:02:59.507+0100] {logging_mixin.py:137} INFO - [2023-03-01T12:02:59.507+0100] {manager.py:504} INFO - Created Permission View: can read on DAG:example_task_group
[2023-03-01T12:02:59.514+0100] {logging_mixin.py:137} INFO - [2023-03-01T12:02:59.514+0100] {manager.py:504} INFO - Created Permission View: can delete on DAG:example_task_group
[2023-03-01T12:02:59.515+0100] {logging_mixin.py:137} INFO - [2023-03-01T12:02:59.514+0100] {dag.py:2690} INFO - Sync 1 DAGs
[2023-03-01T12:02:59.525+0100] {logging_mixin.py:137} INFO - [2023-03-01T12:02:59.525+0100] {dag.py:2711} INFO - Creating ORM DAG for example_task_group
[2023-03-01T12:02:59.533+0100] {logging_mixin.py:137} INFO - [2023-03-01T12:02:59.533+0100] {dag.py:3437} INFO - Setting next_dagrun for example_task_group to 2023-02-28T11:02:59.533226+00:00, run_after=2023-03-01T11:02:59.533226+00:00
[2023-03-01T12:02:59.550+0100] {processor.py:175} INFO - Processing /Users/oanottage/opt/anaconda3/lib/python3.8/site-packages/airflow/example_dags/example_task_group.py took 1.133 seconds
[2023-03-01T12:05:01.285+0100] {processor.py:153} INFO - Started process (PID=60410) to work on /Users/oanottage/opt/anaconda3/lib/python3.8/site-packages/airflow/example_dags/example_task_group.py
[2023-03-01T12:05:01.290+0100] {processor.py:743} INFO - Processing file /Users/oanottage/opt/anaconda3/lib/python3.8/site-packages/airflow/example_dags/example_task_group.py for tasks to queue
[2023-03-01T12:05:01.290+0100] {logging_mixin.py:137} INFO - [2023-03-01T12:05:01.290+0100] {dagbag.py:538} INFO - Filling up the DagBag from /Users/oanottage/opt/anaconda3/lib/python3.8/site-packages/airflow/example_dags/example_task_group.py
[2023-03-01T12:05:01.335+0100] {processor.py:753} INFO - DAG(s) dict_keys(['example_task_group']) retrieved from /Users/oanottage/opt/anaconda3/lib/python3.8/site-packages/airflow/example_dags/example_task_group.py
[2023-03-01T12:05:02.194+0100] {logging_mixin.py:137} INFO - [2023-03-01T12:05:02.193+0100] {dag.py:2690} INFO - Sync 1 DAGs
[2023-03-01T12:05:02.206+0100] {logging_mixin.py:137} INFO - [2023-03-01T12:05:02.205+0100] {dag.py:3437} INFO - Setting next_dagrun for example_task_group to 2023-02-28T11:05:02.205854+00:00, run_after=2023-03-01T11:05:02.205854+00:00
[2023-03-01T12:05:02.218+0100] {processor.py:175} INFO - Processing /Users/oanottage/opt/anaconda3/lib/python3.8/site-packages/airflow/example_dags/example_task_group.py took 0.933 seconds
[2023-03-01T12:06:55.567+0100] {processor.py:153} INFO - Started process (PID=63575) to work on /Users/oanottage/opt/anaconda3/lib/python3.8/site-packages/airflow/example_dags/example_task_group.py
[2023-03-01T12:06:55.570+0100] {processor.py:743} INFO - Processing file /Users/oanottage/opt/anaconda3/lib/python3.8/site-packages/airflow/example_dags/example_task_group.py for tasks to queue
[2023-03-01T12:06:55.570+0100] {logging_mixin.py:137} INFO - [2023-03-01T12:06:55.570+0100] {dagbag.py:538} INFO - Filling up the DagBag from /Users/oanottage/opt/anaconda3/lib/python3.8/site-packages/airflow/example_dags/example_task_group.py
[2023-03-01T12:06:55.616+0100] {processor.py:753} INFO - DAG(s) dict_keys(['example_task_group']) retrieved from /Users/oanottage/opt/anaconda3/lib/python3.8/site-packages/airflow/example_dags/example_task_group.py
[2023-03-01T12:06:56.509+0100] {logging_mixin.py:137} INFO - [2023-03-01T12:06:56.509+0100] {dag.py:2690} INFO - Sync 1 DAGs
[2023-03-01T12:06:56.522+0100] {logging_mixin.py:137} INFO - [2023-03-01T12:06:56.521+0100] {dag.py:3437} INFO - Setting next_dagrun for example_task_group to 2023-02-28T11:06:56.521824+00:00, run_after=2023-03-01T11:06:56.521824+00:00
[2023-03-01T12:06:56.534+0100] {processor.py:175} INFO - Processing /Users/oanottage/opt/anaconda3/lib/python3.8/site-packages/airflow/example_dags/example_task_group.py took 0.968 seconds
[2023-03-01T12:08:45.461+0100] {processor.py:153} INFO - Started process (PID=67751) to work on /Users/oanottage/opt/anaconda3/lib/python3.8/site-packages/airflow/example_dags/example_task_group.py
[2023-03-01T12:08:45.465+0100] {processor.py:743} INFO - Processing file /Users/oanottage/opt/anaconda3/lib/python3.8/site-packages/airflow/example_dags/example_task_group.py for tasks to queue
[2023-03-01T12:08:45.465+0100] {logging_mixin.py:137} INFO - [2023-03-01T12:08:45.465+0100] {dagbag.py:538} INFO - Filling up the DagBag from /Users/oanottage/opt/anaconda3/lib/python3.8/site-packages/airflow/example_dags/example_task_group.py
[2023-03-01T12:08:45.513+0100] {processor.py:753} INFO - DAG(s) dict_keys(['example_task_group']) retrieved from /Users/oanottage/opt/anaconda3/lib/python3.8/site-packages/airflow/example_dags/example_task_group.py
[2023-03-01T12:08:46.523+0100] {logging_mixin.py:137} INFO - [2023-03-01T12:08:46.522+0100] {dag.py:2690} INFO - Sync 1 DAGs
[2023-03-01T12:08:46.538+0100] {logging_mixin.py:137} INFO - [2023-03-01T12:08:46.538+0100] {dag.py:3437} INFO - Setting next_dagrun for example_task_group to 2023-02-28T11:08:46.538643+00:00, run_after=2023-03-01T11:08:46.538643+00:00
[2023-03-01T12:08:46.555+0100] {processor.py:175} INFO - Processing /Users/oanottage/opt/anaconda3/lib/python3.8/site-packages/airflow/example_dags/example_task_group.py took 1.096 seconds
[2023-03-01T12:10:43.409+0100] {processor.py:153} INFO - Started process (PID=71966) to work on /Users/oanottage/opt/anaconda3/lib/python3.8/site-packages/airflow/example_dags/example_task_group.py
[2023-03-01T12:10:43.413+0100] {processor.py:743} INFO - Processing file /Users/oanottage/opt/anaconda3/lib/python3.8/site-packages/airflow/example_dags/example_task_group.py for tasks to queue
[2023-03-01T12:10:43.413+0100] {logging_mixin.py:137} INFO - [2023-03-01T12:10:43.413+0100] {dagbag.py:538} INFO - Filling up the DagBag from /Users/oanottage/opt/anaconda3/lib/python3.8/site-packages/airflow/example_dags/example_task_group.py
[2023-03-01T12:10:43.472+0100] {processor.py:753} INFO - DAG(s) dict_keys(['example_task_group']) retrieved from /Users/oanottage/opt/anaconda3/lib/python3.8/site-packages/airflow/example_dags/example_task_group.py
[2023-03-01T12:10:44.736+0100] {logging_mixin.py:137} INFO - [2023-03-01T12:10:44.736+0100] {dag.py:2690} INFO - Sync 1 DAGs
[2023-03-01T12:10:44.759+0100] {logging_mixin.py:137} INFO - [2023-03-01T12:10:44.759+0100] {dag.py:3437} INFO - Setting next_dagrun for example_task_group to 2023-02-28T11:10:44.759179+00:00, run_after=2023-03-01T11:10:44.759179+00:00
[2023-03-01T12:10:44.780+0100] {processor.py:175} INFO - Processing /Users/oanottage/opt/anaconda3/lib/python3.8/site-packages/airflow/example_dags/example_task_group.py took 1.372 seconds
[2023-03-01T12:12:50.379+0100] {processor.py:153} INFO - Started process (PID=76281) to work on /Users/oanottage/opt/anaconda3/lib/python3.8/site-packages/airflow/example_dags/example_task_group.py
[2023-03-01T12:12:50.384+0100] {processor.py:743} INFO - Processing file /Users/oanottage/opt/anaconda3/lib/python3.8/site-packages/airflow/example_dags/example_task_group.py for tasks to queue
[2023-03-01T12:12:50.385+0100] {logging_mixin.py:137} INFO - [2023-03-01T12:12:50.384+0100] {dagbag.py:538} INFO - Filling up the DagBag from /Users/oanottage/opt/anaconda3/lib/python3.8/site-packages/airflow/example_dags/example_task_group.py
[2023-03-01T12:12:50.433+0100] {processor.py:753} INFO - DAG(s) dict_keys(['example_task_group']) retrieved from /Users/oanottage/opt/anaconda3/lib/python3.8/site-packages/airflow/example_dags/example_task_group.py
[2023-03-01T12:12:51.301+0100] {logging_mixin.py:137} INFO - [2023-03-01T12:12:51.301+0100] {dag.py:2690} INFO - Sync 1 DAGs
[2023-03-01T12:12:51.312+0100] {logging_mixin.py:137} INFO - [2023-03-01T12:12:51.312+0100] {dag.py:3437} INFO - Setting next_dagrun for example_task_group to 2023-02-28T11:12:51.312679+00:00, run_after=2023-03-01T11:12:51.312679+00:00
[2023-03-01T12:12:51.324+0100] {processor.py:175} INFO - Processing /Users/oanottage/opt/anaconda3/lib/python3.8/site-packages/airflow/example_dags/example_task_group.py took 0.946 seconds
[2023-03-01T12:14:42.401+0100] {processor.py:153} INFO - Started process (PID=80461) to work on /Users/oanottage/opt/anaconda3/lib/python3.8/site-packages/airflow/example_dags/example_task_group.py
[2023-03-01T12:14:42.404+0100] {processor.py:743} INFO - Processing file /Users/oanottage/opt/anaconda3/lib/python3.8/site-packages/airflow/example_dags/example_task_group.py for tasks to queue
[2023-03-01T12:14:42.405+0100] {logging_mixin.py:137} INFO - [2023-03-01T12:14:42.404+0100] {dagbag.py:538} INFO - Filling up the DagBag from /Users/oanottage/opt/anaconda3/lib/python3.8/site-packages/airflow/example_dags/example_task_group.py
[2023-03-01T12:14:42.456+0100] {processor.py:753} INFO - DAG(s) dict_keys(['example_task_group']) retrieved from /Users/oanottage/opt/anaconda3/lib/python3.8/site-packages/airflow/example_dags/example_task_group.py
[2023-03-01T12:14:43.359+0100] {logging_mixin.py:137} INFO - [2023-03-01T12:14:43.359+0100] {dag.py:2690} INFO - Sync 1 DAGs
[2023-03-01T12:14:43.372+0100] {logging_mixin.py:137} INFO - [2023-03-01T12:14:43.372+0100] {dag.py:3437} INFO - Setting next_dagrun for example_task_group to 2023-02-28T11:14:43.372738+00:00, run_after=2023-03-01T11:14:43.372738+00:00
[2023-03-01T12:14:43.386+0100] {processor.py:175} INFO - Processing /Users/oanottage/opt/anaconda3/lib/python3.8/site-packages/airflow/example_dags/example_task_group.py took 0.986 seconds
[2023-03-01T12:16:45.404+0100] {processor.py:153} INFO - Started process (PID=84627) to work on /Users/oanottage/opt/anaconda3/lib/python3.8/site-packages/airflow/example_dags/example_task_group.py
[2023-03-01T12:16:45.408+0100] {processor.py:743} INFO - Processing file /Users/oanottage/opt/anaconda3/lib/python3.8/site-packages/airflow/example_dags/example_task_group.py for tasks to queue
[2023-03-01T12:16:45.409+0100] {logging_mixin.py:137} INFO - [2023-03-01T12:16:45.409+0100] {dagbag.py:538} INFO - Filling up the DagBag from /Users/oanottage/opt/anaconda3/lib/python3.8/site-packages/airflow/example_dags/example_task_group.py
[2023-03-01T12:16:45.457+0100] {processor.py:753} INFO - DAG(s) dict_keys(['example_task_group']) retrieved from /Users/oanottage/opt/anaconda3/lib/python3.8/site-packages/airflow/example_dags/example_task_group.py
[2023-03-01T12:16:46.436+0100] {logging_mixin.py:137} INFO - [2023-03-01T12:16:46.436+0100] {dag.py:2690} INFO - Sync 1 DAGs
[2023-03-01T12:16:46.448+0100] {logging_mixin.py:137} INFO - [2023-03-01T12:16:46.448+0100] {dag.py:3437} INFO - Setting next_dagrun for example_task_group to 2023-02-28T11:16:46.448749+00:00, run_after=2023-03-01T11:16:46.448749+00:00
[2023-03-01T12:16:46.462+0100] {processor.py:175} INFO - Processing /Users/oanottage/opt/anaconda3/lib/python3.8/site-packages/airflow/example_dags/example_task_group.py took 1.058 seconds
[2023-03-01T12:18:41.220+0100] {processor.py:153} INFO - Started process (PID=88841) to work on /Users/oanottage/opt/anaconda3/lib/python3.8/site-packages/airflow/example_dags/example_task_group.py
[2023-03-01T12:18:41.223+0100] {processor.py:743} INFO - Processing file /Users/oanottage/opt/anaconda3/lib/python3.8/site-packages/airflow/example_dags/example_task_group.py for tasks to queue
[2023-03-01T12:18:41.223+0100] {logging_mixin.py:137} INFO - [2023-03-01T12:18:41.223+0100] {dagbag.py:538} INFO - Filling up the DagBag from /Users/oanottage/opt/anaconda3/lib/python3.8/site-packages/airflow/example_dags/example_task_group.py
[2023-03-01T12:18:41.267+0100] {processor.py:753} INFO - DAG(s) dict_keys(['example_task_group']) retrieved from /Users/oanottage/opt/anaconda3/lib/python3.8/site-packages/airflow/example_dags/example_task_group.py
[2023-03-01T12:18:42.327+0100] {logging_mixin.py:137} INFO - [2023-03-01T12:18:42.326+0100] {dag.py:2690} INFO - Sync 1 DAGs
[2023-03-01T12:18:42.340+0100] {logging_mixin.py:137} INFO - [2023-03-01T12:18:42.339+0100] {dag.py:3437} INFO - Setting next_dagrun for example_task_group to 2023-02-28T11:18:42.339854+00:00, run_after=2023-03-01T11:18:42.339854+00:00
[2023-03-01T12:18:42.352+0100] {processor.py:175} INFO - Processing /Users/oanottage/opt/anaconda3/lib/python3.8/site-packages/airflow/example_dags/example_task_group.py took 1.133 seconds
[2023-03-01T12:20:34.614+0100] {processor.py:153} INFO - Started process (PID=93069) to work on /Users/oanottage/opt/anaconda3/lib/python3.8/site-packages/airflow/example_dags/example_task_group.py
[2023-03-01T12:20:34.618+0100] {processor.py:743} INFO - Processing file /Users/oanottage/opt/anaconda3/lib/python3.8/site-packages/airflow/example_dags/example_task_group.py for tasks to queue
[2023-03-01T12:20:34.618+0100] {logging_mixin.py:137} INFO - [2023-03-01T12:20:34.618+0100] {dagbag.py:538} INFO - Filling up the DagBag from /Users/oanottage/opt/anaconda3/lib/python3.8/site-packages/airflow/example_dags/example_task_group.py
[2023-03-01T12:20:34.667+0100] {processor.py:753} INFO - DAG(s) dict_keys(['example_task_group']) retrieved from /Users/oanottage/opt/anaconda3/lib/python3.8/site-packages/airflow/example_dags/example_task_group.py
[2023-03-01T12:20:35.575+0100] {logging_mixin.py:137} INFO - [2023-03-01T12:20:35.575+0100] {dag.py:2690} INFO - Sync 1 DAGs
[2023-03-01T12:20:35.588+0100] {logging_mixin.py:137} INFO - [2023-03-01T12:20:35.588+0100] {dag.py:3437} INFO - Setting next_dagrun for example_task_group to 2023-02-28T11:20:35.588679+00:00, run_after=2023-03-01T11:20:35.588679+00:00
[2023-03-01T12:20:35.602+0100] {processor.py:175} INFO - Processing /Users/oanottage/opt/anaconda3/lib/python3.8/site-packages/airflow/example_dags/example_task_group.py took 0.989 seconds
[2023-03-01T12:23:04.163+0100] {processor.py:153} INFO - Started process (PID=98402) to work on /Users/oanottage/opt/anaconda3/lib/python3.8/site-packages/airflow/example_dags/example_task_group.py
[2023-03-01T12:23:04.167+0100] {processor.py:743} INFO - Processing file /Users/oanottage/opt/anaconda3/lib/python3.8/site-packages/airflow/example_dags/example_task_group.py for tasks to queue
[2023-03-01T12:23:04.167+0100] {logging_mixin.py:137} INFO - [2023-03-01T12:23:04.167+0100] {dagbag.py:538} INFO - Filling up the DagBag from /Users/oanottage/opt/anaconda3/lib/python3.8/site-packages/airflow/example_dags/example_task_group.py
[2023-03-01T12:23:04.216+0100] {processor.py:753} INFO - DAG(s) dict_keys(['example_task_group']) retrieved from /Users/oanottage/opt/anaconda3/lib/python3.8/site-packages/airflow/example_dags/example_task_group.py
[2023-03-01T12:23:05.237+0100] {logging_mixin.py:137} INFO - [2023-03-01T12:23:05.237+0100] {dag.py:2690} INFO - Sync 1 DAGs
[2023-03-01T12:23:05.254+0100] {logging_mixin.py:137} INFO - [2023-03-01T12:23:05.253+0100] {dag.py:3437} INFO - Setting next_dagrun for example_task_group to 2023-02-28T11:23:05.253835+00:00, run_after=2023-03-01T11:23:05.253835+00:00
[2023-03-01T12:23:05.268+0100] {processor.py:175} INFO - Processing /Users/oanottage/opt/anaconda3/lib/python3.8/site-packages/airflow/example_dags/example_task_group.py took 1.106 seconds
[2023-03-01T12:25:12.877+0100] {processor.py:153} INFO - Started process (PID=3016) to work on /Users/oanottage/opt/anaconda3/lib/python3.8/site-packages/airflow/example_dags/example_task_group.py
[2023-03-01T12:25:12.881+0100] {processor.py:743} INFO - Processing file /Users/oanottage/opt/anaconda3/lib/python3.8/site-packages/airflow/example_dags/example_task_group.py for tasks to queue
[2023-03-01T12:25:12.882+0100] {logging_mixin.py:137} INFO - [2023-03-01T12:25:12.882+0100] {dagbag.py:538} INFO - Filling up the DagBag from /Users/oanottage/opt/anaconda3/lib/python3.8/site-packages/airflow/example_dags/example_task_group.py
[2023-03-01T12:25:12.949+0100] {processor.py:753} INFO - DAG(s) dict_keys(['example_task_group']) retrieved from /Users/oanottage/opt/anaconda3/lib/python3.8/site-packages/airflow/example_dags/example_task_group.py
[2023-03-01T12:25:14.055+0100] {logging_mixin.py:137} INFO - [2023-03-01T12:25:14.055+0100] {dag.py:2690} INFO - Sync 1 DAGs
[2023-03-01T12:25:14.069+0100] {logging_mixin.py:137} INFO - [2023-03-01T12:25:14.069+0100] {dag.py:3437} INFO - Setting next_dagrun for example_task_group to 2023-02-28T11:25:14.069139+00:00, run_after=2023-03-01T11:25:14.069139+00:00
[2023-03-01T12:25:14.082+0100] {processor.py:175} INFO - Processing /Users/oanottage/opt/anaconda3/lib/python3.8/site-packages/airflow/example_dags/example_task_group.py took 1.206 seconds
[2023-03-01T12:27:13.617+0100] {processor.py:153} INFO - Started process (PID=7253) to work on /Users/oanottage/opt/anaconda3/lib/python3.8/site-packages/airflow/example_dags/example_task_group.py
[2023-03-01T12:27:13.621+0100] {processor.py:743} INFO - Processing file /Users/oanottage/opt/anaconda3/lib/python3.8/site-packages/airflow/example_dags/example_task_group.py for tasks to queue
[2023-03-01T12:27:13.621+0100] {logging_mixin.py:137} INFO - [2023-03-01T12:27:13.621+0100] {dagbag.py:538} INFO - Filling up the DagBag from /Users/oanottage/opt/anaconda3/lib/python3.8/site-packages/airflow/example_dags/example_task_group.py
[2023-03-01T12:27:13.668+0100] {processor.py:753} INFO - DAG(s) dict_keys(['example_task_group']) retrieved from /Users/oanottage/opt/anaconda3/lib/python3.8/site-packages/airflow/example_dags/example_task_group.py
[2023-03-01T12:27:14.545+0100] {logging_mixin.py:137} INFO - [2023-03-01T12:27:14.545+0100] {dag.py:2690} INFO - Sync 1 DAGs
[2023-03-01T12:27:14.558+0100] {logging_mixin.py:137} INFO - [2023-03-01T12:27:14.558+0100] {dag.py:3437} INFO - Setting next_dagrun for example_task_group to 2023-02-28T11:27:14.558205+00:00, run_after=2023-03-01T11:27:14.558205+00:00
[2023-03-01T12:27:14.571+0100] {processor.py:175} INFO - Processing /Users/oanottage/opt/anaconda3/lib/python3.8/site-packages/airflow/example_dags/example_task_group.py took 0.955 seconds
[2023-03-01T12:29:05.683+0100] {processor.py:153} INFO - Started process (PID=11464) to work on /Users/oanottage/opt/anaconda3/lib/python3.8/site-packages/airflow/example_dags/example_task_group.py
[2023-03-01T12:29:05.688+0100] {processor.py:743} INFO - Processing file /Users/oanottage/opt/anaconda3/lib/python3.8/site-packages/airflow/example_dags/example_task_group.py for tasks to queue
[2023-03-01T12:29:05.688+0100] {logging_mixin.py:137} INFO - [2023-03-01T12:29:05.688+0100] {dagbag.py:538} INFO - Filling up the DagBag from /Users/oanottage/opt/anaconda3/lib/python3.8/site-packages/airflow/example_dags/example_task_group.py
[2023-03-01T12:29:05.732+0100] {processor.py:753} INFO - DAG(s) dict_keys(['example_task_group']) retrieved from /Users/oanottage/opt/anaconda3/lib/python3.8/site-packages/airflow/example_dags/example_task_group.py
[2023-03-01T12:29:06.604+0100] {logging_mixin.py:137} INFO - [2023-03-01T12:29:06.604+0100] {dag.py:2690} INFO - Sync 1 DAGs
[2023-03-01T12:29:06.617+0100] {logging_mixin.py:137} INFO - [2023-03-01T12:29:06.617+0100] {dag.py:3437} INFO - Setting next_dagrun for example_task_group to 2023-02-28T11:29:06.617466+00:00, run_after=2023-03-01T11:29:06.617466+00:00
[2023-03-01T12:29:06.630+0100] {processor.py:175} INFO - Processing /Users/oanottage/opt/anaconda3/lib/python3.8/site-packages/airflow/example_dags/example_task_group.py took 0.948 seconds
[2023-03-01T12:30:56.181+0100] {processor.py:153} INFO - Started process (PID=14653) to work on /Users/oanottage/opt/anaconda3/lib/python3.8/site-packages/airflow/example_dags/example_task_group.py
[2023-03-01T12:30:56.185+0100] {processor.py:743} INFO - Processing file /Users/oanottage/opt/anaconda3/lib/python3.8/site-packages/airflow/example_dags/example_task_group.py for tasks to queue
[2023-03-01T12:30:56.186+0100] {logging_mixin.py:137} INFO - [2023-03-01T12:30:56.186+0100] {dagbag.py:538} INFO - Filling up the DagBag from /Users/oanottage/opt/anaconda3/lib/python3.8/site-packages/airflow/example_dags/example_task_group.py
[2023-03-01T12:30:56.228+0100] {processor.py:753} INFO - DAG(s) dict_keys(['example_task_group']) retrieved from /Users/oanottage/opt/anaconda3/lib/python3.8/site-packages/airflow/example_dags/example_task_group.py
[2023-03-01T12:30:57.101+0100] {logging_mixin.py:137} INFO - [2023-03-01T12:30:57.100+0100] {dag.py:2690} INFO - Sync 1 DAGs
[2023-03-01T12:30:57.115+0100] {logging_mixin.py:137} INFO - [2023-03-01T12:30:57.114+0100] {dag.py:3437} INFO - Setting next_dagrun for example_task_group to 2023-02-28T11:30:57.114794+00:00, run_after=2023-03-01T11:30:57.114794+00:00
[2023-03-01T12:30:57.127+0100] {processor.py:175} INFO - Processing /Users/oanottage/opt/anaconda3/lib/python3.8/site-packages/airflow/example_dags/example_task_group.py took 0.947 seconds
[2023-03-01T12:32:44.178+0100] {processor.py:153} INFO - Started process (PID=18930) to work on /Users/oanottage/opt/anaconda3/lib/python3.8/site-packages/airflow/example_dags/example_task_group.py
[2023-03-01T12:32:44.182+0100] {processor.py:743} INFO - Processing file /Users/oanottage/opt/anaconda3/lib/python3.8/site-packages/airflow/example_dags/example_task_group.py for tasks to queue
[2023-03-01T12:32:44.182+0100] {logging_mixin.py:137} INFO - [2023-03-01T12:32:44.182+0100] {dagbag.py:538} INFO - Filling up the DagBag from /Users/oanottage/opt/anaconda3/lib/python3.8/site-packages/airflow/example_dags/example_task_group.py
[2023-03-01T12:32:44.227+0100] {processor.py:753} INFO - DAG(s) dict_keys(['example_task_group']) retrieved from /Users/oanottage/opt/anaconda3/lib/python3.8/site-packages/airflow/example_dags/example_task_group.py
[2023-03-01T12:32:45.104+0100] {logging_mixin.py:137} INFO - [2023-03-01T12:32:45.103+0100] {dag.py:2690} INFO - Sync 1 DAGs
[2023-03-01T12:32:45.121+0100] {logging_mixin.py:137} INFO - [2023-03-01T12:32:45.120+0100] {dag.py:3437} INFO - Setting next_dagrun for example_task_group to 2023-02-28T11:32:45.120759+00:00, run_after=2023-03-01T11:32:45.120759+00:00
[2023-03-01T12:32:45.137+0100] {processor.py:175} INFO - Processing /Users/oanottage/opt/anaconda3/lib/python3.8/site-packages/airflow/example_dags/example_task_group.py took 0.959 seconds
[2023-03-01T12:34:33.219+0100] {processor.py:153} INFO - Started process (PID=23152) to work on /Users/oanottage/opt/anaconda3/lib/python3.8/site-packages/airflow/example_dags/example_task_group.py
[2023-03-01T12:34:33.222+0100] {processor.py:743} INFO - Processing file /Users/oanottage/opt/anaconda3/lib/python3.8/site-packages/airflow/example_dags/example_task_group.py for tasks to queue
[2023-03-01T12:34:33.222+0100] {logging_mixin.py:137} INFO - [2023-03-01T12:34:33.222+0100] {dagbag.py:538} INFO - Filling up the DagBag from /Users/oanottage/opt/anaconda3/lib/python3.8/site-packages/airflow/example_dags/example_task_group.py
[2023-03-01T12:34:33.266+0100] {processor.py:753} INFO - DAG(s) dict_keys(['example_task_group']) retrieved from /Users/oanottage/opt/anaconda3/lib/python3.8/site-packages/airflow/example_dags/example_task_group.py
[2023-03-01T12:34:34.106+0100] {logging_mixin.py:137} INFO - [2023-03-01T12:34:34.106+0100] {dag.py:2690} INFO - Sync 1 DAGs
[2023-03-01T12:34:34.117+0100] {logging_mixin.py:137} INFO - [2023-03-01T12:34:34.117+0100] {dag.py:3437} INFO - Setting next_dagrun for example_task_group to 2023-02-28T11:34:34.117484+00:00, run_after=2023-03-01T11:34:34.117484+00:00
[2023-03-01T12:34:34.133+0100] {processor.py:175} INFO - Processing /Users/oanottage/opt/anaconda3/lib/python3.8/site-packages/airflow/example_dags/example_task_group.py took 0.915 seconds
[2023-03-01T12:36:25.947+0100] {processor.py:153} INFO - Started process (PID=26352) to work on /Users/oanottage/opt/anaconda3/lib/python3.8/site-packages/airflow/example_dags/example_task_group.py
[2023-03-01T12:36:25.952+0100] {processor.py:743} INFO - Processing file /Users/oanottage/opt/anaconda3/lib/python3.8/site-packages/airflow/example_dags/example_task_group.py for tasks to queue
[2023-03-01T12:36:25.952+0100] {logging_mixin.py:137} INFO - [2023-03-01T12:36:25.952+0100] {dagbag.py:538} INFO - Filling up the DagBag from /Users/oanottage/opt/anaconda3/lib/python3.8/site-packages/airflow/example_dags/example_task_group.py
[2023-03-01T12:36:26.022+0100] {processor.py:753} INFO - DAG(s) dict_keys(['example_task_group']) retrieved from /Users/oanottage/opt/anaconda3/lib/python3.8/site-packages/airflow/example_dags/example_task_group.py
[2023-03-01T12:36:26.991+0100] {logging_mixin.py:137} INFO - [2023-03-01T12:36:26.991+0100] {dag.py:2690} INFO - Sync 1 DAGs
[2023-03-01T12:36:27.006+0100] {logging_mixin.py:137} INFO - [2023-03-01T12:36:27.006+0100] {dag.py:3437} INFO - Setting next_dagrun for example_task_group to 2023-02-28T11:36:27.006248+00:00, run_after=2023-03-01T11:36:27.006248+00:00
[2023-03-01T12:36:27.018+0100] {processor.py:175} INFO - Processing /Users/oanottage/opt/anaconda3/lib/python3.8/site-packages/airflow/example_dags/example_task_group.py took 1.071 seconds
[2023-03-01T12:38:21.811+0100] {processor.py:153} INFO - Started process (PID=30590) to work on /Users/oanottage/opt/anaconda3/lib/python3.8/site-packages/airflow/example_dags/example_task_group.py
[2023-03-01T12:38:21.817+0100] {processor.py:743} INFO - Processing file /Users/oanottage/opt/anaconda3/lib/python3.8/site-packages/airflow/example_dags/example_task_group.py for tasks to queue
[2023-03-01T12:38:21.817+0100] {logging_mixin.py:137} INFO - [2023-03-01T12:38:21.817+0100] {dagbag.py:538} INFO - Filling up the DagBag from /Users/oanottage/opt/anaconda3/lib/python3.8/site-packages/airflow/example_dags/example_task_group.py
[2023-03-01T12:38:21.871+0100] {processor.py:753} INFO - DAG(s) dict_keys(['example_task_group']) retrieved from /Users/oanottage/opt/anaconda3/lib/python3.8/site-packages/airflow/example_dags/example_task_group.py
[2023-03-01T12:38:22.747+0100] {logging_mixin.py:137} INFO - [2023-03-01T12:38:22.747+0100] {dag.py:2690} INFO - Sync 1 DAGs
[2023-03-01T12:38:22.759+0100] {logging_mixin.py:137} INFO - [2023-03-01T12:38:22.759+0100] {dag.py:3437} INFO - Setting next_dagrun for example_task_group to 2023-02-28T11:38:22.759189+00:00, run_after=2023-03-01T11:38:22.759189+00:00
[2023-03-01T12:38:22.772+0100] {processor.py:175} INFO - Processing /Users/oanottage/opt/anaconda3/lib/python3.8/site-packages/airflow/example_dags/example_task_group.py took 0.962 seconds
[2023-03-01T12:40:27.579+0100] {processor.py:153} INFO - Started process (PID=34846) to work on /Users/oanottage/opt/anaconda3/lib/python3.8/site-packages/airflow/example_dags/example_task_group.py
[2023-03-01T12:40:27.583+0100] {processor.py:743} INFO - Processing file /Users/oanottage/opt/anaconda3/lib/python3.8/site-packages/airflow/example_dags/example_task_group.py for tasks to queue
[2023-03-01T12:40:27.584+0100] {logging_mixin.py:137} INFO - [2023-03-01T12:40:27.583+0100] {dagbag.py:538} INFO - Filling up the DagBag from /Users/oanottage/opt/anaconda3/lib/python3.8/site-packages/airflow/example_dags/example_task_group.py
[2023-03-01T12:40:27.674+0100] {processor.py:753} INFO - DAG(s) dict_keys(['example_task_group']) retrieved from /Users/oanottage/opt/anaconda3/lib/python3.8/site-packages/airflow/example_dags/example_task_group.py
[2023-03-01T12:40:29.090+0100] {logging_mixin.py:137} INFO - [2023-03-01T12:40:29.090+0100] {dag.py:2690} INFO - Sync 1 DAGs
[2023-03-01T12:40:29.113+0100] {logging_mixin.py:137} INFO - [2023-03-01T12:40:29.112+0100] {dag.py:3437} INFO - Setting next_dagrun for example_task_group to 2023-02-28T11:40:29.112745+00:00, run_after=2023-03-01T11:40:29.112745+00:00
[2023-03-01T12:40:29.141+0100] {processor.py:175} INFO - Processing /Users/oanottage/opt/anaconda3/lib/python3.8/site-packages/airflow/example_dags/example_task_group.py took 1.562 seconds
[2023-03-01T12:42:34.240+0100] {processor.py:153} INFO - Started process (PID=40133) to work on /Users/oanottage/opt/anaconda3/lib/python3.8/site-packages/airflow/example_dags/example_task_group.py
[2023-03-01T12:42:34.243+0100] {processor.py:743} INFO - Processing file /Users/oanottage/opt/anaconda3/lib/python3.8/site-packages/airflow/example_dags/example_task_group.py for tasks to queue
[2023-03-01T12:42:34.243+0100] {logging_mixin.py:137} INFO - [2023-03-01T12:42:34.243+0100] {dagbag.py:538} INFO - Filling up the DagBag from /Users/oanottage/opt/anaconda3/lib/python3.8/site-packages/airflow/example_dags/example_task_group.py
[2023-03-01T12:42:34.291+0100] {processor.py:753} INFO - DAG(s) dict_keys(['example_task_group']) retrieved from /Users/oanottage/opt/anaconda3/lib/python3.8/site-packages/airflow/example_dags/example_task_group.py
[2023-03-01T12:42:35.224+0100] {logging_mixin.py:137} INFO - [2023-03-01T12:42:35.224+0100] {dag.py:2690} INFO - Sync 1 DAGs
[2023-03-01T12:42:35.240+0100] {logging_mixin.py:137} INFO - [2023-03-01T12:42:35.240+0100] {dag.py:3437} INFO - Setting next_dagrun for example_task_group to 2023-02-28T11:42:35.240438+00:00, run_after=2023-03-01T11:42:35.240438+00:00
[2023-03-01T12:42:35.255+0100] {processor.py:175} INFO - Processing /Users/oanottage/opt/anaconda3/lib/python3.8/site-packages/airflow/example_dags/example_task_group.py took 1.015 seconds
[2023-03-01T12:44:49.217+0100] {processor.py:153} INFO - Started process (PID=44402) to work on /Users/oanottage/opt/anaconda3/lib/python3.8/site-packages/airflow/example_dags/example_task_group.py
[2023-03-01T12:44:49.222+0100] {processor.py:743} INFO - Processing file /Users/oanottage/opt/anaconda3/lib/python3.8/site-packages/airflow/example_dags/example_task_group.py for tasks to queue
[2023-03-01T12:44:49.222+0100] {logging_mixin.py:137} INFO - [2023-03-01T12:44:49.222+0100] {dagbag.py:538} INFO - Filling up the DagBag from /Users/oanottage/opt/anaconda3/lib/python3.8/site-packages/airflow/example_dags/example_task_group.py
[2023-03-01T12:44:49.273+0100] {processor.py:753} INFO - DAG(s) dict_keys(['example_task_group']) retrieved from /Users/oanottage/opt/anaconda3/lib/python3.8/site-packages/airflow/example_dags/example_task_group.py
[2023-03-01T12:44:50.243+0100] {logging_mixin.py:137} INFO - [2023-03-01T12:44:50.243+0100] {dag.py:2690} INFO - Sync 1 DAGs
[2023-03-01T12:44:50.257+0100] {logging_mixin.py:137} INFO - [2023-03-01T12:44:50.257+0100] {dag.py:3437} INFO - Setting next_dagrun for example_task_group to 2023-02-28T11:44:50.257703+00:00, run_after=2023-03-01T11:44:50.257703+00:00
[2023-03-01T12:44:50.272+0100] {processor.py:175} INFO - Processing /Users/oanottage/opt/anaconda3/lib/python3.8/site-packages/airflow/example_dags/example_task_group.py took 1.055 seconds
[2023-03-01T12:46:51.431+0100] {processor.py:153} INFO - Started process (PID=48691) to work on /Users/oanottage/opt/anaconda3/lib/python3.8/site-packages/airflow/example_dags/example_task_group.py
[2023-03-01T12:46:51.436+0100] {processor.py:743} INFO - Processing file /Users/oanottage/opt/anaconda3/lib/python3.8/site-packages/airflow/example_dags/example_task_group.py for tasks to queue
[2023-03-01T12:46:51.437+0100] {logging_mixin.py:137} INFO - [2023-03-01T12:46:51.437+0100] {dagbag.py:538} INFO - Filling up the DagBag from /Users/oanottage/opt/anaconda3/lib/python3.8/site-packages/airflow/example_dags/example_task_group.py
[2023-03-01T12:46:51.484+0100] {processor.py:753} INFO - DAG(s) dict_keys(['example_task_group']) retrieved from /Users/oanottage/opt/anaconda3/lib/python3.8/site-packages/airflow/example_dags/example_task_group.py
[2023-03-01T12:46:52.362+0100] {logging_mixin.py:137} INFO - [2023-03-01T12:46:52.362+0100] {dag.py:2690} INFO - Sync 1 DAGs
[2023-03-01T12:46:52.375+0100] {logging_mixin.py:137} INFO - [2023-03-01T12:46:52.375+0100] {dag.py:3437} INFO - Setting next_dagrun for example_task_group to 2023-02-28T11:46:52.375451+00:00, run_after=2023-03-01T11:46:52.375451+00:00
[2023-03-01T12:46:52.388+0100] {processor.py:175} INFO - Processing /Users/oanottage/opt/anaconda3/lib/python3.8/site-packages/airflow/example_dags/example_task_group.py took 0.958 seconds
[2023-03-01T12:48:57.932+0100] {processor.py:153} INFO - Started process (PID=52990) to work on /Users/oanottage/opt/anaconda3/lib/python3.8/site-packages/airflow/example_dags/example_task_group.py
[2023-03-01T12:48:57.937+0100] {processor.py:743} INFO - Processing file /Users/oanottage/opt/anaconda3/lib/python3.8/site-packages/airflow/example_dags/example_task_group.py for tasks to queue
[2023-03-01T12:48:57.938+0100] {logging_mixin.py:137} INFO - [2023-03-01T12:48:57.938+0100] {dagbag.py:538} INFO - Filling up the DagBag from /Users/oanottage/opt/anaconda3/lib/python3.8/site-packages/airflow/example_dags/example_task_group.py
[2023-03-01T12:48:58.009+0100] {processor.py:753} INFO - DAG(s) dict_keys(['example_task_group']) retrieved from /Users/oanottage/opt/anaconda3/lib/python3.8/site-packages/airflow/example_dags/example_task_group.py
[2023-03-01T12:48:59.202+0100] {logging_mixin.py:137} INFO - [2023-03-01T12:48:59.202+0100] {dag.py:2690} INFO - Sync 1 DAGs
[2023-03-01T12:48:59.220+0100] {logging_mixin.py:137} INFO - [2023-03-01T12:48:59.220+0100] {dag.py:3437} INFO - Setting next_dagrun for example_task_group to 2023-02-28T11:48:59.220590+00:00, run_after=2023-03-01T11:48:59.220590+00:00
[2023-03-01T12:48:59.238+0100] {processor.py:175} INFO - Processing /Users/oanottage/opt/anaconda3/lib/python3.8/site-packages/airflow/example_dags/example_task_group.py took 1.307 seconds
[2023-03-01T12:51:00.533+0100] {processor.py:153} INFO - Started process (PID=57998) to work on /Users/oanottage/opt/anaconda3/lib/python3.8/site-packages/airflow/example_dags/example_task_group.py
[2023-03-01T12:51:00.539+0100] {processor.py:743} INFO - Processing file /Users/oanottage/opt/anaconda3/lib/python3.8/site-packages/airflow/example_dags/example_task_group.py for tasks to queue
[2023-03-01T12:51:00.540+0100] {logging_mixin.py:137} INFO - [2023-03-01T12:51:00.539+0100] {dagbag.py:538} INFO - Filling up the DagBag from /Users/oanottage/opt/anaconda3/lib/python3.8/site-packages/airflow/example_dags/example_task_group.py
[2023-03-01T12:51:00.603+0100] {processor.py:753} INFO - DAG(s) dict_keys(['example_task_group']) retrieved from /Users/oanottage/opt/anaconda3/lib/python3.8/site-packages/airflow/example_dags/example_task_group.py
[2023-03-01T12:51:01.615+0100] {logging_mixin.py:137} INFO - [2023-03-01T12:51:01.615+0100] {dag.py:2690} INFO - Sync 1 DAGs
[2023-03-01T12:51:01.627+0100] {logging_mixin.py:137} INFO - [2023-03-01T12:51:01.627+0100] {dag.py:3437} INFO - Setting next_dagrun for example_task_group to 2023-02-28T11:51:01.627613+00:00, run_after=2023-03-01T11:51:01.627613+00:00
[2023-03-01T12:51:01.640+0100] {processor.py:175} INFO - Processing /Users/oanottage/opt/anaconda3/lib/python3.8/site-packages/airflow/example_dags/example_task_group.py took 1.108 seconds
[2023-03-01T12:53:01.242+0100] {processor.py:153} INFO - Started process (PID=62154) to work on /Users/oanottage/opt/anaconda3/lib/python3.8/site-packages/airflow/example_dags/example_task_group.py
[2023-03-01T12:53:01.247+0100] {processor.py:743} INFO - Processing file /Users/oanottage/opt/anaconda3/lib/python3.8/site-packages/airflow/example_dags/example_task_group.py for tasks to queue
[2023-03-01T12:53:01.248+0100] {logging_mixin.py:137} INFO - [2023-03-01T12:53:01.248+0100] {dagbag.py:538} INFO - Filling up the DagBag from /Users/oanottage/opt/anaconda3/lib/python3.8/site-packages/airflow/example_dags/example_task_group.py
[2023-03-01T12:53:01.336+0100] {processor.py:753} INFO - DAG(s) dict_keys(['example_task_group']) retrieved from /Users/oanottage/opt/anaconda3/lib/python3.8/site-packages/airflow/example_dags/example_task_group.py
[2023-03-01T12:53:02.595+0100] {logging_mixin.py:137} INFO - [2023-03-01T12:53:02.595+0100] {dag.py:2690} INFO - Sync 1 DAGs
[2023-03-01T12:53:02.614+0100] {logging_mixin.py:137} INFO - [2023-03-01T12:53:02.614+0100] {dag.py:3437} INFO - Setting next_dagrun for example_task_group to 2023-02-28T11:53:02.614534+00:00, run_after=2023-03-01T11:53:02.614534+00:00
[2023-03-01T12:53:02.635+0100] {processor.py:175} INFO - Processing /Users/oanottage/opt/anaconda3/lib/python3.8/site-packages/airflow/example_dags/example_task_group.py took 1.394 seconds
[2023-03-01T12:55:01.026+0100] {processor.py:153} INFO - Started process (PID=66754) to work on /Users/oanottage/opt/anaconda3/lib/python3.8/site-packages/airflow/example_dags/example_task_group.py
[2023-03-01T12:55:01.032+0100] {processor.py:743} INFO - Processing file /Users/oanottage/opt/anaconda3/lib/python3.8/site-packages/airflow/example_dags/example_task_group.py for tasks to queue
[2023-03-01T12:55:01.033+0100] {logging_mixin.py:137} INFO - [2023-03-01T12:55:01.033+0100] {dagbag.py:538} INFO - Filling up the DagBag from /Users/oanottage/opt/anaconda3/lib/python3.8/site-packages/airflow/example_dags/example_task_group.py
[2023-03-01T12:55:01.084+0100] {processor.py:753} INFO - DAG(s) dict_keys(['example_task_group']) retrieved from /Users/oanottage/opt/anaconda3/lib/python3.8/site-packages/airflow/example_dags/example_task_group.py
[2023-03-01T12:55:02.059+0100] {logging_mixin.py:137} INFO - [2023-03-01T12:55:02.059+0100] {dag.py:2690} INFO - Sync 1 DAGs
[2023-03-01T12:55:02.074+0100] {logging_mixin.py:137} INFO - [2023-03-01T12:55:02.074+0100] {dag.py:3437} INFO - Setting next_dagrun for example_task_group to 2023-02-28T11:55:02.074496+00:00, run_after=2023-03-01T11:55:02.074496+00:00
[2023-03-01T12:55:02.089+0100] {processor.py:175} INFO - Processing /Users/oanottage/opt/anaconda3/lib/python3.8/site-packages/airflow/example_dags/example_task_group.py took 1.064 seconds
[2023-03-01T12:56:52.845+0100] {processor.py:153} INFO - Started process (PID=70111) to work on /Users/oanottage/opt/anaconda3/lib/python3.8/site-packages/airflow/example_dags/example_task_group.py
[2023-03-01T12:56:52.848+0100] {processor.py:743} INFO - Processing file /Users/oanottage/opt/anaconda3/lib/python3.8/site-packages/airflow/example_dags/example_task_group.py for tasks to queue
[2023-03-01T12:56:52.848+0100] {logging_mixin.py:137} INFO - [2023-03-01T12:56:52.848+0100] {dagbag.py:538} INFO - Filling up the DagBag from /Users/oanottage/opt/anaconda3/lib/python3.8/site-packages/airflow/example_dags/example_task_group.py
[2023-03-01T12:56:52.898+0100] {processor.py:753} INFO - DAG(s) dict_keys(['example_task_group']) retrieved from /Users/oanottage/opt/anaconda3/lib/python3.8/site-packages/airflow/example_dags/example_task_group.py
[2023-03-01T12:56:53.781+0100] {logging_mixin.py:137} INFO - [2023-03-01T12:56:53.781+0100] {dag.py:2690} INFO - Sync 1 DAGs
[2023-03-01T12:56:53.801+0100] {logging_mixin.py:137} INFO - [2023-03-01T12:56:53.801+0100] {dag.py:3437} INFO - Setting next_dagrun for example_task_group to 2023-02-28T11:56:53.801040+00:00, run_after=2023-03-01T11:56:53.801040+00:00
[2023-03-01T12:56:53.820+0100] {processor.py:175} INFO - Processing /Users/oanottage/opt/anaconda3/lib/python3.8/site-packages/airflow/example_dags/example_task_group.py took 0.976 seconds
[2023-03-01T12:58:47.698+0100] {processor.py:153} INFO - Started process (PID=74399) to work on /Users/oanottage/opt/anaconda3/lib/python3.8/site-packages/airflow/example_dags/example_task_group.py
[2023-03-01T12:58:47.701+0100] {processor.py:743} INFO - Processing file /Users/oanottage/opt/anaconda3/lib/python3.8/site-packages/airflow/example_dags/example_task_group.py for tasks to queue
[2023-03-01T12:58:47.702+0100] {logging_mixin.py:137} INFO - [2023-03-01T12:58:47.702+0100] {dagbag.py:538} INFO - Filling up the DagBag from /Users/oanottage/opt/anaconda3/lib/python3.8/site-packages/airflow/example_dags/example_task_group.py
[2023-03-01T12:58:47.748+0100] {processor.py:753} INFO - DAG(s) dict_keys(['example_task_group']) retrieved from /Users/oanottage/opt/anaconda3/lib/python3.8/site-packages/airflow/example_dags/example_task_group.py
[2023-03-01T12:58:48.641+0100] {logging_mixin.py:137} INFO - [2023-03-01T12:58:48.641+0100] {dag.py:2690} INFO - Sync 1 DAGs
[2023-03-01T12:58:48.652+0100] {logging_mixin.py:137} INFO - [2023-03-01T12:58:48.652+0100] {dag.py:3437} INFO - Setting next_dagrun for example_task_group to 2023-02-28T11:58:48.652463+00:00, run_after=2023-03-01T11:58:48.652463+00:00
[2023-03-01T12:58:48.667+0100] {processor.py:175} INFO - Processing /Users/oanottage/opt/anaconda3/lib/python3.8/site-packages/airflow/example_dags/example_task_group.py took 0.970 seconds
[2023-03-01T13:00:46.213+0100] {processor.py:153} INFO - Started process (PID=78675) to work on /Users/oanottage/opt/anaconda3/lib/python3.8/site-packages/airflow/example_dags/example_task_group.py
[2023-03-01T13:00:46.217+0100] {processor.py:743} INFO - Processing file /Users/oanottage/opt/anaconda3/lib/python3.8/site-packages/airflow/example_dags/example_task_group.py for tasks to queue
[2023-03-01T13:00:46.217+0100] {logging_mixin.py:137} INFO - [2023-03-01T13:00:46.217+0100] {dagbag.py:538} INFO - Filling up the DagBag from /Users/oanottage/opt/anaconda3/lib/python3.8/site-packages/airflow/example_dags/example_task_group.py
[2023-03-01T13:00:46.264+0100] {processor.py:753} INFO - DAG(s) dict_keys(['example_task_group']) retrieved from /Users/oanottage/opt/anaconda3/lib/python3.8/site-packages/airflow/example_dags/example_task_group.py
[2023-03-01T13:00:47.277+0100] {logging_mixin.py:137} INFO - [2023-03-01T13:00:47.276+0100] {dag.py:2690} INFO - Sync 1 DAGs
[2023-03-01T13:00:47.297+0100] {logging_mixin.py:137} INFO - [2023-03-01T13:00:47.297+0100] {dag.py:3437} INFO - Setting next_dagrun for example_task_group to 2023-02-28T12:00:47.297490+00:00, run_after=2023-03-01T12:00:47.297490+00:00
[2023-03-01T13:00:47.314+0100] {processor.py:175} INFO - Processing /Users/oanottage/opt/anaconda3/lib/python3.8/site-packages/airflow/example_dags/example_task_group.py took 1.102 seconds
