[2023-03-01T12:04:03.373+0100] {processor.py:153} INFO - Started process (PID=58316) to work on /Users/oanottage/opt/anaconda3/lib/python3.8/site-packages/airflow/example_dags/example_branch_python_dop_operator_3.py
[2023-03-01T12:04:03.376+0100] {processor.py:743} INFO - Processing file /Users/oanottage/opt/anaconda3/lib/python3.8/site-packages/airflow/example_dags/example_branch_python_dop_operator_3.py for tasks to queue
[2023-03-01T12:04:03.377+0100] {logging_mixin.py:137} INFO - [2023-03-01T12:04:03.376+0100] {dagbag.py:538} INFO - Filling up the DagBag from /Users/oanottage/opt/anaconda3/lib/python3.8/site-packages/airflow/example_dags/example_branch_python_dop_operator_3.py
[2023-03-01T12:04:03.452+0100] {processor.py:753} INFO - DAG(s) dict_keys(['example_branch_dop_operator_v3']) retrieved from /Users/oanottage/opt/anaconda3/lib/python3.8/site-packages/airflow/example_dags/example_branch_python_dop_operator_3.py
[2023-03-01T12:04:04.473+0100] {logging_mixin.py:137} INFO - [2023-03-01T12:04:04.473+0100] {manager.py:504} INFO - Created Permission View: can edit on DAG:example_branch_dop_operator_v3
[2023-03-01T12:04:04.480+0100] {logging_mixin.py:137} INFO - [2023-03-01T12:04:04.479+0100] {manager.py:504} INFO - Created Permission View: can delete on DAG:example_branch_dop_operator_v3
[2023-03-01T12:04:04.484+0100] {logging_mixin.py:137} INFO - [2023-03-01T12:04:04.484+0100] {manager.py:504} INFO - Created Permission View: can read on DAG:example_branch_dop_operator_v3
[2023-03-01T12:04:04.485+0100] {logging_mixin.py:137} INFO - [2023-03-01T12:04:04.484+0100] {dag.py:2690} INFO - Sync 1 DAGs
[2023-03-01T12:04:04.493+0100] {logging_mixin.py:137} INFO - [2023-03-01T12:04:04.493+0100] {dag.py:2711} INFO - Creating ORM DAG for example_branch_dop_operator_v3
[2023-03-01T12:04:04.505+0100] {logging_mixin.py:137} INFO - [2023-03-01T12:04:04.505+0100] {dag.py:3437} INFO - Setting next_dagrun for example_branch_dop_operator_v3 to 2023-03-01T11:03:00+00:00, run_after=2023-03-01T11:04:00+00:00
[2023-03-01T12:04:04.519+0100] {processor.py:175} INFO - Processing /Users/oanottage/opt/anaconda3/lib/python3.8/site-packages/airflow/example_dags/example_branch_python_dop_operator_3.py took 1.146 seconds
[2023-03-01T12:06:00.530+0100] {processor.py:153} INFO - Started process (PID=62373) to work on /Users/oanottage/opt/anaconda3/lib/python3.8/site-packages/airflow/example_dags/example_branch_python_dop_operator_3.py
[2023-03-01T12:06:00.534+0100] {processor.py:743} INFO - Processing file /Users/oanottage/opt/anaconda3/lib/python3.8/site-packages/airflow/example_dags/example_branch_python_dop_operator_3.py for tasks to queue
[2023-03-01T12:06:00.534+0100] {logging_mixin.py:137} INFO - [2023-03-01T12:06:00.534+0100] {dagbag.py:538} INFO - Filling up the DagBag from /Users/oanottage/opt/anaconda3/lib/python3.8/site-packages/airflow/example_dags/example_branch_python_dop_operator_3.py
[2023-03-01T12:06:00.599+0100] {processor.py:753} INFO - DAG(s) dict_keys(['example_branch_dop_operator_v3']) retrieved from /Users/oanottage/opt/anaconda3/lib/python3.8/site-packages/airflow/example_dags/example_branch_python_dop_operator_3.py
[2023-03-01T12:06:01.443+0100] {logging_mixin.py:137} INFO - [2023-03-01T12:06:01.443+0100] {dag.py:2690} INFO - Sync 1 DAGs
[2023-03-01T12:06:01.461+0100] {logging_mixin.py:137} INFO - [2023-03-01T12:06:01.460+0100] {dag.py:3437} INFO - Setting next_dagrun for example_branch_dop_operator_v3 to 2023-03-01T11:05:00+00:00, run_after=2023-03-01T11:06:00+00:00
[2023-03-01T12:06:01.475+0100] {processor.py:175} INFO - Processing /Users/oanottage/opt/anaconda3/lib/python3.8/site-packages/airflow/example_dags/example_branch_python_dop_operator_3.py took 0.945 seconds
[2023-03-01T12:07:54.682+0100] {processor.py:153} INFO - Started process (PID=65674) to work on /Users/oanottage/opt/anaconda3/lib/python3.8/site-packages/airflow/example_dags/example_branch_python_dop_operator_3.py
[2023-03-01T12:07:54.686+0100] {processor.py:743} INFO - Processing file /Users/oanottage/opt/anaconda3/lib/python3.8/site-packages/airflow/example_dags/example_branch_python_dop_operator_3.py for tasks to queue
[2023-03-01T12:07:54.686+0100] {logging_mixin.py:137} INFO - [2023-03-01T12:07:54.686+0100] {dagbag.py:538} INFO - Filling up the DagBag from /Users/oanottage/opt/anaconda3/lib/python3.8/site-packages/airflow/example_dags/example_branch_python_dop_operator_3.py
[2023-03-01T12:07:54.745+0100] {processor.py:753} INFO - DAG(s) dict_keys(['example_branch_dop_operator_v3']) retrieved from /Users/oanottage/opt/anaconda3/lib/python3.8/site-packages/airflow/example_dags/example_branch_python_dop_operator_3.py
[2023-03-01T12:07:55.592+0100] {logging_mixin.py:137} INFO - [2023-03-01T12:07:55.591+0100] {dag.py:2690} INFO - Sync 1 DAGs
[2023-03-01T12:07:55.609+0100] {logging_mixin.py:137} INFO - [2023-03-01T12:07:55.608+0100] {dag.py:3437} INFO - Setting next_dagrun for example_branch_dop_operator_v3 to 2023-03-01T11:06:00+00:00, run_after=2023-03-01T11:07:00+00:00
[2023-03-01T12:07:55.622+0100] {processor.py:175} INFO - Processing /Users/oanottage/opt/anaconda3/lib/python3.8/site-packages/airflow/example_dags/example_branch_python_dop_operator_3.py took 0.940 seconds
[2023-03-01T12:09:47.797+0100] {processor.py:153} INFO - Started process (PID=69860) to work on /Users/oanottage/opt/anaconda3/lib/python3.8/site-packages/airflow/example_dags/example_branch_python_dop_operator_3.py
[2023-03-01T12:09:47.802+0100] {processor.py:743} INFO - Processing file /Users/oanottage/opt/anaconda3/lib/python3.8/site-packages/airflow/example_dags/example_branch_python_dop_operator_3.py for tasks to queue
[2023-03-01T12:09:47.802+0100] {logging_mixin.py:137} INFO - [2023-03-01T12:09:47.802+0100] {dagbag.py:538} INFO - Filling up the DagBag from /Users/oanottage/opt/anaconda3/lib/python3.8/site-packages/airflow/example_dags/example_branch_python_dop_operator_3.py
[2023-03-01T12:09:47.878+0100] {processor.py:753} INFO - DAG(s) dict_keys(['example_branch_dop_operator_v3']) retrieved from /Users/oanottage/opt/anaconda3/lib/python3.8/site-packages/airflow/example_dags/example_branch_python_dop_operator_3.py
[2023-03-01T12:09:48.766+0100] {logging_mixin.py:137} INFO - [2023-03-01T12:09:48.766+0100] {dag.py:2690} INFO - Sync 1 DAGs
[2023-03-01T12:09:48.783+0100] {logging_mixin.py:137} INFO - [2023-03-01T12:09:48.782+0100] {dag.py:3437} INFO - Setting next_dagrun for example_branch_dop_operator_v3 to 2023-03-01T11:08:00+00:00, run_after=2023-03-01T11:09:00+00:00
[2023-03-01T12:09:48.796+0100] {processor.py:175} INFO - Processing /Users/oanottage/opt/anaconda3/lib/python3.8/site-packages/airflow/example_dags/example_branch_python_dop_operator_3.py took 1.000 seconds
[2023-03-01T12:11:54.346+0100] {processor.py:153} INFO - Started process (PID=74140) to work on /Users/oanottage/opt/anaconda3/lib/python3.8/site-packages/airflow/example_dags/example_branch_python_dop_operator_3.py
[2023-03-01T12:11:54.351+0100] {processor.py:743} INFO - Processing file /Users/oanottage/opt/anaconda3/lib/python3.8/site-packages/airflow/example_dags/example_branch_python_dop_operator_3.py for tasks to queue
[2023-03-01T12:11:54.351+0100] {logging_mixin.py:137} INFO - [2023-03-01T12:11:54.351+0100] {dagbag.py:538} INFO - Filling up the DagBag from /Users/oanottage/opt/anaconda3/lib/python3.8/site-packages/airflow/example_dags/example_branch_python_dop_operator_3.py
[2023-03-01T12:11:54.413+0100] {processor.py:753} INFO - DAG(s) dict_keys(['example_branch_dop_operator_v3']) retrieved from /Users/oanottage/opt/anaconda3/lib/python3.8/site-packages/airflow/example_dags/example_branch_python_dop_operator_3.py
[2023-03-01T12:11:55.272+0100] {logging_mixin.py:137} INFO - [2023-03-01T12:11:55.271+0100] {dag.py:2690} INFO - Sync 1 DAGs
[2023-03-01T12:11:55.286+0100] {logging_mixin.py:137} INFO - [2023-03-01T12:11:55.286+0100] {dag.py:3437} INFO - Setting next_dagrun for example_branch_dop_operator_v3 to 2023-03-01T11:10:00+00:00, run_after=2023-03-01T11:11:00+00:00
[2023-03-01T12:11:55.298+0100] {processor.py:175} INFO - Processing /Users/oanottage/opt/anaconda3/lib/python3.8/site-packages/airflow/example_dags/example_branch_python_dop_operator_3.py took 0.953 seconds
[2023-03-01T12:13:49.016+0100] {processor.py:153} INFO - Started process (PID=78376) to work on /Users/oanottage/opt/anaconda3/lib/python3.8/site-packages/airflow/example_dags/example_branch_python_dop_operator_3.py
[2023-03-01T12:13:49.020+0100] {processor.py:743} INFO - Processing file /Users/oanottage/opt/anaconda3/lib/python3.8/site-packages/airflow/example_dags/example_branch_python_dop_operator_3.py for tasks to queue
[2023-03-01T12:13:49.020+0100] {logging_mixin.py:137} INFO - [2023-03-01T12:13:49.020+0100] {dagbag.py:538} INFO - Filling up the DagBag from /Users/oanottage/opt/anaconda3/lib/python3.8/site-packages/airflow/example_dags/example_branch_python_dop_operator_3.py
[2023-03-01T12:13:49.088+0100] {processor.py:753} INFO - DAG(s) dict_keys(['example_branch_dop_operator_v3']) retrieved from /Users/oanottage/opt/anaconda3/lib/python3.8/site-packages/airflow/example_dags/example_branch_python_dop_operator_3.py
[2023-03-01T12:13:49.953+0100] {logging_mixin.py:137} INFO - [2023-03-01T12:13:49.953+0100] {dag.py:2690} INFO - Sync 1 DAGs
[2023-03-01T12:13:49.971+0100] {logging_mixin.py:137} INFO - [2023-03-01T12:13:49.971+0100] {dag.py:3437} INFO - Setting next_dagrun for example_branch_dop_operator_v3 to 2023-03-01T11:12:00+00:00, run_after=2023-03-01T11:13:00+00:00
[2023-03-01T12:13:49.986+0100] {processor.py:175} INFO - Processing /Users/oanottage/opt/anaconda3/lib/python3.8/site-packages/airflow/example_dags/example_branch_python_dop_operator_3.py took 0.971 seconds
[2023-03-01T12:15:41.094+0100] {processor.py:153} INFO - Started process (PID=82538) to work on /Users/oanottage/opt/anaconda3/lib/python3.8/site-packages/airflow/example_dags/example_branch_python_dop_operator_3.py
[2023-03-01T12:15:41.098+0100] {processor.py:743} INFO - Processing file /Users/oanottage/opt/anaconda3/lib/python3.8/site-packages/airflow/example_dags/example_branch_python_dop_operator_3.py for tasks to queue
[2023-03-01T12:15:41.099+0100] {logging_mixin.py:137} INFO - [2023-03-01T12:15:41.099+0100] {dagbag.py:538} INFO - Filling up the DagBag from /Users/oanottage/opt/anaconda3/lib/python3.8/site-packages/airflow/example_dags/example_branch_python_dop_operator_3.py
[2023-03-01T12:15:41.167+0100] {processor.py:753} INFO - DAG(s) dict_keys(['example_branch_dop_operator_v3']) retrieved from /Users/oanottage/opt/anaconda3/lib/python3.8/site-packages/airflow/example_dags/example_branch_python_dop_operator_3.py
[2023-03-01T12:15:41.956+0100] {logging_mixin.py:137} INFO - [2023-03-01T12:15:41.956+0100] {dag.py:2690} INFO - Sync 1 DAGs
[2023-03-01T12:15:41.982+0100] {logging_mixin.py:137} INFO - [2023-03-01T12:15:41.982+0100] {dag.py:3437} INFO - Setting next_dagrun for example_branch_dop_operator_v3 to 2023-03-01T11:14:00+00:00, run_after=2023-03-01T11:15:00+00:00
[2023-03-01T12:15:42.005+0100] {processor.py:175} INFO - Processing /Users/oanottage/opt/anaconda3/lib/python3.8/site-packages/airflow/example_dags/example_branch_python_dop_operator_3.py took 0.912 seconds
[2023-03-01T12:17:45.799+0100] {processor.py:153} INFO - Started process (PID=86722) to work on /Users/oanottage/opt/anaconda3/lib/python3.8/site-packages/airflow/example_dags/example_branch_python_dop_operator_3.py
[2023-03-01T12:17:45.803+0100] {processor.py:743} INFO - Processing file /Users/oanottage/opt/anaconda3/lib/python3.8/site-packages/airflow/example_dags/example_branch_python_dop_operator_3.py for tasks to queue
[2023-03-01T12:17:45.803+0100] {logging_mixin.py:137} INFO - [2023-03-01T12:17:45.803+0100] {dagbag.py:538} INFO - Filling up the DagBag from /Users/oanottage/opt/anaconda3/lib/python3.8/site-packages/airflow/example_dags/example_branch_python_dop_operator_3.py
[2023-03-01T12:17:45.869+0100] {processor.py:753} INFO - DAG(s) dict_keys(['example_branch_dop_operator_v3']) retrieved from /Users/oanottage/opt/anaconda3/lib/python3.8/site-packages/airflow/example_dags/example_branch_python_dop_operator_3.py
[2023-03-01T12:17:46.739+0100] {logging_mixin.py:137} INFO - [2023-03-01T12:17:46.739+0100] {dag.py:2690} INFO - Sync 1 DAGs
[2023-03-01T12:17:46.757+0100] {logging_mixin.py:137} INFO - [2023-03-01T12:17:46.757+0100] {dag.py:3437} INFO - Setting next_dagrun for example_branch_dop_operator_v3 to 2023-03-01T11:16:00+00:00, run_after=2023-03-01T11:17:00+00:00
[2023-03-01T12:17:46.771+0100] {processor.py:175} INFO - Processing /Users/oanottage/opt/anaconda3/lib/python3.8/site-packages/airflow/example_dags/example_branch_python_dop_operator_3.py took 0.972 seconds
[2023-03-01T12:19:39.585+0100] {processor.py:153} INFO - Started process (PID=90953) to work on /Users/oanottage/opt/anaconda3/lib/python3.8/site-packages/airflow/example_dags/example_branch_python_dop_operator_3.py
[2023-03-01T12:19:39.589+0100] {processor.py:743} INFO - Processing file /Users/oanottage/opt/anaconda3/lib/python3.8/site-packages/airflow/example_dags/example_branch_python_dop_operator_3.py for tasks to queue
[2023-03-01T12:19:39.589+0100] {logging_mixin.py:137} INFO - [2023-03-01T12:19:39.589+0100] {dagbag.py:538} INFO - Filling up the DagBag from /Users/oanottage/opt/anaconda3/lib/python3.8/site-packages/airflow/example_dags/example_branch_python_dop_operator_3.py
[2023-03-01T12:19:39.649+0100] {processor.py:753} INFO - DAG(s) dict_keys(['example_branch_dop_operator_v3']) retrieved from /Users/oanottage/opt/anaconda3/lib/python3.8/site-packages/airflow/example_dags/example_branch_python_dop_operator_3.py
[2023-03-01T12:19:40.502+0100] {logging_mixin.py:137} INFO - [2023-03-01T12:19:40.502+0100] {dag.py:2690} INFO - Sync 1 DAGs
[2023-03-01T12:19:40.517+0100] {logging_mixin.py:137} INFO - [2023-03-01T12:19:40.517+0100] {dag.py:3437} INFO - Setting next_dagrun for example_branch_dop_operator_v3 to 2023-03-01T11:18:00+00:00, run_after=2023-03-01T11:19:00+00:00
[2023-03-01T12:19:40.529+0100] {processor.py:175} INFO - Processing /Users/oanottage/opt/anaconda3/lib/python3.8/site-packages/airflow/example_dags/example_branch_python_dop_operator_3.py took 0.944 seconds
[2023-03-01T12:21:41.655+0100] {processor.py:153} INFO - Started process (PID=95212) to work on /Users/oanottage/opt/anaconda3/lib/python3.8/site-packages/airflow/example_dags/example_branch_python_dop_operator_3.py
[2023-03-01T12:21:41.660+0100] {processor.py:743} INFO - Processing file /Users/oanottage/opt/anaconda3/lib/python3.8/site-packages/airflow/example_dags/example_branch_python_dop_operator_3.py for tasks to queue
[2023-03-01T12:21:41.660+0100] {logging_mixin.py:137} INFO - [2023-03-01T12:21:41.660+0100] {dagbag.py:538} INFO - Filling up the DagBag from /Users/oanottage/opt/anaconda3/lib/python3.8/site-packages/airflow/example_dags/example_branch_python_dop_operator_3.py
[2023-03-01T12:21:41.736+0100] {processor.py:753} INFO - DAG(s) dict_keys(['example_branch_dop_operator_v3']) retrieved from /Users/oanottage/opt/anaconda3/lib/python3.8/site-packages/airflow/example_dags/example_branch_python_dop_operator_3.py
[2023-03-01T12:21:42.700+0100] {logging_mixin.py:137} INFO - [2023-03-01T12:21:42.699+0100] {dag.py:2690} INFO - Sync 1 DAGs
[2023-03-01T12:21:42.718+0100] {logging_mixin.py:137} INFO - [2023-03-01T12:21:42.718+0100] {dag.py:3437} INFO - Setting next_dagrun for example_branch_dop_operator_v3 to 2023-03-01T11:20:00+00:00, run_after=2023-03-01T11:21:00+00:00
[2023-03-01T12:21:42.733+0100] {processor.py:175} INFO - Processing /Users/oanottage/opt/anaconda3/lib/python3.8/site-packages/airflow/example_dags/example_branch_python_dop_operator_3.py took 1.079 seconds
[2023-03-01T12:24:14.908+0100] {processor.py:153} INFO - Started process (PID=840) to work on /Users/oanottage/opt/anaconda3/lib/python3.8/site-packages/airflow/example_dags/example_branch_python_dop_operator_3.py
[2023-03-01T12:24:14.912+0100] {processor.py:743} INFO - Processing file /Users/oanottage/opt/anaconda3/lib/python3.8/site-packages/airflow/example_dags/example_branch_python_dop_operator_3.py for tasks to queue
[2023-03-01T12:24:14.912+0100] {logging_mixin.py:137} INFO - [2023-03-01T12:24:14.912+0100] {dagbag.py:538} INFO - Filling up the DagBag from /Users/oanottage/opt/anaconda3/lib/python3.8/site-packages/airflow/example_dags/example_branch_python_dop_operator_3.py
[2023-03-01T12:24:14.985+0100] {processor.py:753} INFO - DAG(s) dict_keys(['example_branch_dop_operator_v3']) retrieved from /Users/oanottage/opt/anaconda3/lib/python3.8/site-packages/airflow/example_dags/example_branch_python_dop_operator_3.py
[2023-03-01T12:24:16.128+0100] {logging_mixin.py:137} INFO - [2023-03-01T12:24:16.128+0100] {dag.py:2690} INFO - Sync 1 DAGs
[2023-03-01T12:24:16.147+0100] {logging_mixin.py:137} INFO - [2023-03-01T12:24:16.147+0100] {dag.py:3437} INFO - Setting next_dagrun for example_branch_dop_operator_v3 to 2023-03-01T11:23:00+00:00, run_after=2023-03-01T11:24:00+00:00
[2023-03-01T12:24:16.161+0100] {processor.py:175} INFO - Processing /Users/oanottage/opt/anaconda3/lib/python3.8/site-packages/airflow/example_dags/example_branch_python_dop_operator_3.py took 1.254 seconds
[2023-03-01T12:26:17.571+0100] {processor.py:153} INFO - Started process (PID=5140) to work on /Users/oanottage/opt/anaconda3/lib/python3.8/site-packages/airflow/example_dags/example_branch_python_dop_operator_3.py
[2023-03-01T12:26:17.575+0100] {processor.py:743} INFO - Processing file /Users/oanottage/opt/anaconda3/lib/python3.8/site-packages/airflow/example_dags/example_branch_python_dop_operator_3.py for tasks to queue
[2023-03-01T12:26:17.575+0100] {logging_mixin.py:137} INFO - [2023-03-01T12:26:17.575+0100] {dagbag.py:538} INFO - Filling up the DagBag from /Users/oanottage/opt/anaconda3/lib/python3.8/site-packages/airflow/example_dags/example_branch_python_dop_operator_3.py
[2023-03-01T12:26:17.640+0100] {processor.py:753} INFO - DAG(s) dict_keys(['example_branch_dop_operator_v3']) retrieved from /Users/oanottage/opt/anaconda3/lib/python3.8/site-packages/airflow/example_dags/example_branch_python_dop_operator_3.py
[2023-03-01T12:26:18.527+0100] {logging_mixin.py:137} INFO - [2023-03-01T12:26:18.527+0100] {dag.py:2690} INFO - Sync 1 DAGs
[2023-03-01T12:26:18.543+0100] {logging_mixin.py:137} INFO - [2023-03-01T12:26:18.543+0100] {dag.py:3437} INFO - Setting next_dagrun for example_branch_dop_operator_v3 to 2023-03-01T11:25:00+00:00, run_after=2023-03-01T11:26:00+00:00
[2023-03-01T12:26:18.555+0100] {processor.py:175} INFO - Processing /Users/oanottage/opt/anaconda3/lib/python3.8/site-packages/airflow/example_dags/example_branch_python_dop_operator_3.py took 0.984 seconds
[2023-03-01T12:28:11.887+0100] {processor.py:153} INFO - Started process (PID=9358) to work on /Users/oanottage/opt/anaconda3/lib/python3.8/site-packages/airflow/example_dags/example_branch_python_dop_operator_3.py
[2023-03-01T12:28:11.891+0100] {processor.py:743} INFO - Processing file /Users/oanottage/opt/anaconda3/lib/python3.8/site-packages/airflow/example_dags/example_branch_python_dop_operator_3.py for tasks to queue
[2023-03-01T12:28:11.891+0100] {logging_mixin.py:137} INFO - [2023-03-01T12:28:11.891+0100] {dagbag.py:538} INFO - Filling up the DagBag from /Users/oanottage/opt/anaconda3/lib/python3.8/site-packages/airflow/example_dags/example_branch_python_dop_operator_3.py
[2023-03-01T12:28:11.975+0100] {processor.py:753} INFO - DAG(s) dict_keys(['example_branch_dop_operator_v3']) retrieved from /Users/oanottage/opt/anaconda3/lib/python3.8/site-packages/airflow/example_dags/example_branch_python_dop_operator_3.py
[2023-03-01T12:28:12.878+0100] {logging_mixin.py:137} INFO - [2023-03-01T12:28:12.878+0100] {dag.py:2690} INFO - Sync 1 DAGs
[2023-03-01T12:28:12.905+0100] {logging_mixin.py:137} INFO - [2023-03-01T12:28:12.905+0100] {dag.py:3437} INFO - Setting next_dagrun for example_branch_dop_operator_v3 to 2023-03-01T11:27:00+00:00, run_after=2023-03-01T11:28:00+00:00
[2023-03-01T12:28:12.927+0100] {processor.py:175} INFO - Processing /Users/oanottage/opt/anaconda3/lib/python3.8/site-packages/airflow/example_dags/example_branch_python_dop_operator_3.py took 1.040 seconds
[2023-03-01T12:30:01.671+0100] {processor.py:153} INFO - Started process (PID=13569) to work on /Users/oanottage/opt/anaconda3/lib/python3.8/site-packages/airflow/example_dags/example_branch_python_dop_operator_3.py
[2023-03-01T12:30:01.674+0100] {processor.py:743} INFO - Processing file /Users/oanottage/opt/anaconda3/lib/python3.8/site-packages/airflow/example_dags/example_branch_python_dop_operator_3.py for tasks to queue
[2023-03-01T12:30:01.674+0100] {logging_mixin.py:137} INFO - [2023-03-01T12:30:01.674+0100] {dagbag.py:538} INFO - Filling up the DagBag from /Users/oanottage/opt/anaconda3/lib/python3.8/site-packages/airflow/example_dags/example_branch_python_dop_operator_3.py
[2023-03-01T12:30:01.739+0100] {processor.py:753} INFO - DAG(s) dict_keys(['example_branch_dop_operator_v3']) retrieved from /Users/oanottage/opt/anaconda3/lib/python3.8/site-packages/airflow/example_dags/example_branch_python_dop_operator_3.py
[2023-03-01T12:30:02.593+0100] {logging_mixin.py:137} INFO - [2023-03-01T12:30:02.593+0100] {dag.py:2690} INFO - Sync 1 DAGs
[2023-03-01T12:30:02.611+0100] {logging_mixin.py:137} INFO - [2023-03-01T12:30:02.611+0100] {dag.py:3437} INFO - Setting next_dagrun for example_branch_dop_operator_v3 to 2023-03-01T11:29:00+00:00, run_after=2023-03-01T11:30:00+00:00
[2023-03-01T12:30:02.625+0100] {processor.py:175} INFO - Processing /Users/oanottage/opt/anaconda3/lib/python3.8/site-packages/airflow/example_dags/example_branch_python_dop_operator_3.py took 0.955 seconds
[2023-03-01T12:31:51.508+0100] {processor.py:153} INFO - Started process (PID=16768) to work on /Users/oanottage/opt/anaconda3/lib/python3.8/site-packages/airflow/example_dags/example_branch_python_dop_operator_3.py
[2023-03-01T12:31:51.511+0100] {processor.py:743} INFO - Processing file /Users/oanottage/opt/anaconda3/lib/python3.8/site-packages/airflow/example_dags/example_branch_python_dop_operator_3.py for tasks to queue
[2023-03-01T12:31:51.511+0100] {logging_mixin.py:137} INFO - [2023-03-01T12:31:51.511+0100] {dagbag.py:538} INFO - Filling up the DagBag from /Users/oanottage/opt/anaconda3/lib/python3.8/site-packages/airflow/example_dags/example_branch_python_dop_operator_3.py
[2023-03-01T12:31:51.576+0100] {processor.py:753} INFO - DAG(s) dict_keys(['example_branch_dop_operator_v3']) retrieved from /Users/oanottage/opt/anaconda3/lib/python3.8/site-packages/airflow/example_dags/example_branch_python_dop_operator_3.py
[2023-03-01T12:31:52.425+0100] {logging_mixin.py:137} INFO - [2023-03-01T12:31:52.425+0100] {dag.py:2690} INFO - Sync 1 DAGs
[2023-03-01T12:31:52.443+0100] {logging_mixin.py:137} INFO - [2023-03-01T12:31:52.443+0100] {dag.py:3437} INFO - Setting next_dagrun for example_branch_dop_operator_v3 to 2023-03-01T11:30:00+00:00, run_after=2023-03-01T11:31:00+00:00
[2023-03-01T12:31:52.458+0100] {processor.py:175} INFO - Processing /Users/oanottage/opt/anaconda3/lib/python3.8/site-packages/airflow/example_dags/example_branch_python_dop_operator_3.py took 0.951 seconds
[2023-03-01T12:33:39.409+0100] {processor.py:153} INFO - Started process (PID=21054) to work on /Users/oanottage/opt/anaconda3/lib/python3.8/site-packages/airflow/example_dags/example_branch_python_dop_operator_3.py
[2023-03-01T12:33:39.415+0100] {processor.py:743} INFO - Processing file /Users/oanottage/opt/anaconda3/lib/python3.8/site-packages/airflow/example_dags/example_branch_python_dop_operator_3.py for tasks to queue
[2023-03-01T12:33:39.415+0100] {logging_mixin.py:137} INFO - [2023-03-01T12:33:39.415+0100] {dagbag.py:538} INFO - Filling up the DagBag from /Users/oanottage/opt/anaconda3/lib/python3.8/site-packages/airflow/example_dags/example_branch_python_dop_operator_3.py
[2023-03-01T12:33:39.483+0100] {processor.py:753} INFO - DAG(s) dict_keys(['example_branch_dop_operator_v3']) retrieved from /Users/oanottage/opt/anaconda3/lib/python3.8/site-packages/airflow/example_dags/example_branch_python_dop_operator_3.py
[2023-03-01T12:33:40.349+0100] {logging_mixin.py:137} INFO - [2023-03-01T12:33:40.349+0100] {dag.py:2690} INFO - Sync 1 DAGs
[2023-03-01T12:33:40.365+0100] {logging_mixin.py:137} INFO - [2023-03-01T12:33:40.365+0100] {dag.py:3437} INFO - Setting next_dagrun for example_branch_dop_operator_v3 to 2023-03-01T11:32:00+00:00, run_after=2023-03-01T11:33:00+00:00
[2023-03-01T12:33:40.378+0100] {processor.py:175} INFO - Processing /Users/oanottage/opt/anaconda3/lib/python3.8/site-packages/airflow/example_dags/example_branch_python_dop_operator_3.py took 0.970 seconds
[2023-03-01T12:35:32.298+0100] {processor.py:153} INFO - Started process (PID=25269) to work on /Users/oanottage/opt/anaconda3/lib/python3.8/site-packages/airflow/example_dags/example_branch_python_dop_operator_3.py
[2023-03-01T12:35:32.302+0100] {processor.py:743} INFO - Processing file /Users/oanottage/opt/anaconda3/lib/python3.8/site-packages/airflow/example_dags/example_branch_python_dop_operator_3.py for tasks to queue
[2023-03-01T12:35:32.303+0100] {logging_mixin.py:137} INFO - [2023-03-01T12:35:32.303+0100] {dagbag.py:538} INFO - Filling up the DagBag from /Users/oanottage/opt/anaconda3/lib/python3.8/site-packages/airflow/example_dags/example_branch_python_dop_operator_3.py
[2023-03-01T12:35:32.364+0100] {processor.py:753} INFO - DAG(s) dict_keys(['example_branch_dop_operator_v3']) retrieved from /Users/oanottage/opt/anaconda3/lib/python3.8/site-packages/airflow/example_dags/example_branch_python_dop_operator_3.py
[2023-03-01T12:35:33.209+0100] {logging_mixin.py:137} INFO - [2023-03-01T12:35:33.209+0100] {dag.py:2690} INFO - Sync 1 DAGs
[2023-03-01T12:35:33.223+0100] {logging_mixin.py:137} INFO - [2023-03-01T12:35:33.223+0100] {dag.py:3437} INFO - Setting next_dagrun for example_branch_dop_operator_v3 to 2023-03-01T11:34:00+00:00, run_after=2023-03-01T11:35:00+00:00
[2023-03-01T12:35:33.237+0100] {processor.py:175} INFO - Processing /Users/oanottage/opt/anaconda3/lib/python3.8/site-packages/airflow/example_dags/example_branch_python_dop_operator_3.py took 0.939 seconds
[2023-03-01T12:37:26.765+0100] {processor.py:153} INFO - Started process (PID=28479) to work on /Users/oanottage/opt/anaconda3/lib/python3.8/site-packages/airflow/example_dags/example_branch_python_dop_operator_3.py
[2023-03-01T12:37:26.769+0100] {processor.py:743} INFO - Processing file /Users/oanottage/opt/anaconda3/lib/python3.8/site-packages/airflow/example_dags/example_branch_python_dop_operator_3.py for tasks to queue
[2023-03-01T12:37:26.770+0100] {logging_mixin.py:137} INFO - [2023-03-01T12:37:26.770+0100] {dagbag.py:538} INFO - Filling up the DagBag from /Users/oanottage/opt/anaconda3/lib/python3.8/site-packages/airflow/example_dags/example_branch_python_dop_operator_3.py
[2023-03-01T12:37:26.834+0100] {processor.py:753} INFO - DAG(s) dict_keys(['example_branch_dop_operator_v3']) retrieved from /Users/oanottage/opt/anaconda3/lib/python3.8/site-packages/airflow/example_dags/example_branch_python_dop_operator_3.py
[2023-03-01T12:37:28.660+0100] {logging_mixin.py:137} INFO - [2023-03-01T12:37:28.659+0100] {dag.py:2690} INFO - Sync 1 DAGs
[2023-03-01T12:37:28.678+0100] {logging_mixin.py:137} INFO - [2023-03-01T12:37:28.678+0100] {dag.py:3437} INFO - Setting next_dagrun for example_branch_dop_operator_v3 to 2023-03-01T11:36:00+00:00, run_after=2023-03-01T11:37:00+00:00
[2023-03-01T12:37:28.693+0100] {processor.py:175} INFO - Processing /Users/oanottage/opt/anaconda3/lib/python3.8/site-packages/airflow/example_dags/example_branch_python_dop_operator_3.py took 1.928 seconds
[2023-03-01T12:39:23.762+0100] {processor.py:153} INFO - Started process (PID=32707) to work on /Users/oanottage/opt/anaconda3/lib/python3.8/site-packages/airflow/example_dags/example_branch_python_dop_operator_3.py
[2023-03-01T12:39:23.772+0100] {processor.py:743} INFO - Processing file /Users/oanottage/opt/anaconda3/lib/python3.8/site-packages/airflow/example_dags/example_branch_python_dop_operator_3.py for tasks to queue
[2023-03-01T12:39:23.773+0100] {logging_mixin.py:137} INFO - [2023-03-01T12:39:23.773+0100] {dagbag.py:538} INFO - Filling up the DagBag from /Users/oanottage/opt/anaconda3/lib/python3.8/site-packages/airflow/example_dags/example_branch_python_dop_operator_3.py
[2023-03-01T12:39:23.911+0100] {processor.py:753} INFO - DAG(s) dict_keys(['example_branch_dop_operator_v3']) retrieved from /Users/oanottage/opt/anaconda3/lib/python3.8/site-packages/airflow/example_dags/example_branch_python_dop_operator_3.py
[2023-03-01T12:39:24.967+0100] {logging_mixin.py:137} INFO - [2023-03-01T12:39:24.967+0100] {dag.py:2690} INFO - Sync 1 DAGs
[2023-03-01T12:39:24.990+0100] {logging_mixin.py:137} INFO - [2023-03-01T12:39:24.990+0100] {dag.py:3437} INFO - Setting next_dagrun for example_branch_dop_operator_v3 to 2023-03-01T11:38:00+00:00, run_after=2023-03-01T11:39:00+00:00
[2023-03-01T12:39:25.013+0100] {processor.py:175} INFO - Processing /Users/oanottage/opt/anaconda3/lib/python3.8/site-packages/airflow/example_dags/example_branch_python_dop_operator_3.py took 1.252 seconds
[2023-03-01T12:41:35.864+0100] {processor.py:153} INFO - Started process (PID=38012) to work on /Users/oanottage/opt/anaconda3/lib/python3.8/site-packages/airflow/example_dags/example_branch_python_dop_operator_3.py
[2023-03-01T12:41:35.868+0100] {processor.py:743} INFO - Processing file /Users/oanottage/opt/anaconda3/lib/python3.8/site-packages/airflow/example_dags/example_branch_python_dop_operator_3.py for tasks to queue
[2023-03-01T12:41:35.868+0100] {logging_mixin.py:137} INFO - [2023-03-01T12:41:35.868+0100] {dagbag.py:538} INFO - Filling up the DagBag from /Users/oanottage/opt/anaconda3/lib/python3.8/site-packages/airflow/example_dags/example_branch_python_dop_operator_3.py
[2023-03-01T12:41:35.961+0100] {processor.py:753} INFO - DAG(s) dict_keys(['example_branch_dop_operator_v3']) retrieved from /Users/oanottage/opt/anaconda3/lib/python3.8/site-packages/airflow/example_dags/example_branch_python_dop_operator_3.py
[2023-03-01T12:41:36.820+0100] {logging_mixin.py:137} INFO - [2023-03-01T12:41:36.820+0100] {dag.py:2690} INFO - Sync 1 DAGs
[2023-03-01T12:41:36.849+0100] {logging_mixin.py:137} INFO - [2023-03-01T12:41:36.849+0100] {dag.py:3437} INFO - Setting next_dagrun for example_branch_dop_operator_v3 to 2023-03-01T11:40:00+00:00, run_after=2023-03-01T11:41:00+00:00
[2023-03-01T12:41:36.871+0100] {processor.py:175} INFO - Processing /Users/oanottage/opt/anaconda3/lib/python3.8/site-packages/airflow/example_dags/example_branch_python_dop_operator_3.py took 1.008 seconds
[2023-03-01T12:43:40.492+0100] {processor.py:153} INFO - Started process (PID=42256) to work on /Users/oanottage/opt/anaconda3/lib/python3.8/site-packages/airflow/example_dags/example_branch_python_dop_operator_3.py
[2023-03-01T12:43:40.497+0100] {processor.py:743} INFO - Processing file /Users/oanottage/opt/anaconda3/lib/python3.8/site-packages/airflow/example_dags/example_branch_python_dop_operator_3.py for tasks to queue
[2023-03-01T12:43:40.498+0100] {logging_mixin.py:137} INFO - [2023-03-01T12:43:40.498+0100] {dagbag.py:538} INFO - Filling up the DagBag from /Users/oanottage/opt/anaconda3/lib/python3.8/site-packages/airflow/example_dags/example_branch_python_dop_operator_3.py
[2023-03-01T12:43:40.606+0100] {processor.py:753} INFO - DAG(s) dict_keys(['example_branch_dop_operator_v3']) retrieved from /Users/oanottage/opt/anaconda3/lib/python3.8/site-packages/airflow/example_dags/example_branch_python_dop_operator_3.py
[2023-03-01T12:43:42.366+0100] {logging_mixin.py:137} INFO - [2023-03-01T12:43:42.365+0100] {dag.py:2690} INFO - Sync 1 DAGs
[2023-03-01T12:43:42.403+0100] {logging_mixin.py:137} INFO - [2023-03-01T12:43:42.403+0100] {dag.py:3437} INFO - Setting next_dagrun for example_branch_dop_operator_v3 to 2023-03-01T11:42:00+00:00, run_after=2023-03-01T11:43:00+00:00
[2023-03-01T12:43:42.440+0100] {processor.py:175} INFO - Processing /Users/oanottage/opt/anaconda3/lib/python3.8/site-packages/airflow/example_dags/example_branch_python_dop_operator_3.py took 1.949 seconds
[2023-03-01T12:45:52.013+0100] {processor.py:153} INFO - Started process (PID=46536) to work on /Users/oanottage/opt/anaconda3/lib/python3.8/site-packages/airflow/example_dags/example_branch_python_dop_operator_3.py
[2023-03-01T12:45:52.017+0100] {processor.py:743} INFO - Processing file /Users/oanottage/opt/anaconda3/lib/python3.8/site-packages/airflow/example_dags/example_branch_python_dop_operator_3.py for tasks to queue
[2023-03-01T12:45:52.018+0100] {logging_mixin.py:137} INFO - [2023-03-01T12:45:52.018+0100] {dagbag.py:538} INFO - Filling up the DagBag from /Users/oanottage/opt/anaconda3/lib/python3.8/site-packages/airflow/example_dags/example_branch_python_dop_operator_3.py
[2023-03-01T12:45:52.114+0100] {processor.py:753} INFO - DAG(s) dict_keys(['example_branch_dop_operator_v3']) retrieved from /Users/oanottage/opt/anaconda3/lib/python3.8/site-packages/airflow/example_dags/example_branch_python_dop_operator_3.py
[2023-03-01T12:45:53.095+0100] {logging_mixin.py:137} INFO - [2023-03-01T12:45:53.095+0100] {dag.py:2690} INFO - Sync 1 DAGs
[2023-03-01T12:45:53.121+0100] {logging_mixin.py:137} INFO - [2023-03-01T12:45:53.120+0100] {dag.py:3437} INFO - Setting next_dagrun for example_branch_dop_operator_v3 to 2023-03-01T11:44:00+00:00, run_after=2023-03-01T11:45:00+00:00
[2023-03-01T12:45:53.139+0100] {processor.py:175} INFO - Processing /Users/oanottage/opt/anaconda3/lib/python3.8/site-packages/airflow/example_dags/example_branch_python_dop_operator_3.py took 1.127 seconds
[2023-03-01T12:47:56.478+0100] {processor.py:153} INFO - Started process (PID=50850) to work on /Users/oanottage/opt/anaconda3/lib/python3.8/site-packages/airflow/example_dags/example_branch_python_dop_operator_3.py
[2023-03-01T12:47:56.482+0100] {processor.py:743} INFO - Processing file /Users/oanottage/opt/anaconda3/lib/python3.8/site-packages/airflow/example_dags/example_branch_python_dop_operator_3.py for tasks to queue
[2023-03-01T12:47:56.482+0100] {logging_mixin.py:137} INFO - [2023-03-01T12:47:56.482+0100] {dagbag.py:538} INFO - Filling up the DagBag from /Users/oanottage/opt/anaconda3/lib/python3.8/site-packages/airflow/example_dags/example_branch_python_dop_operator_3.py
[2023-03-01T12:47:56.570+0100] {processor.py:753} INFO - DAG(s) dict_keys(['example_branch_dop_operator_v3']) retrieved from /Users/oanottage/opt/anaconda3/lib/python3.8/site-packages/airflow/example_dags/example_branch_python_dop_operator_3.py
[2023-03-01T12:47:57.539+0100] {logging_mixin.py:137} INFO - [2023-03-01T12:47:57.538+0100] {dag.py:2690} INFO - Sync 1 DAGs
[2023-03-01T12:47:57.557+0100] {logging_mixin.py:137} INFO - [2023-03-01T12:47:57.557+0100] {dag.py:3437} INFO - Setting next_dagrun for example_branch_dop_operator_v3 to 2023-03-01T11:46:00+00:00, run_after=2023-03-01T11:47:00+00:00
[2023-03-01T12:47:57.571+0100] {processor.py:175} INFO - Processing /Users/oanottage/opt/anaconda3/lib/python3.8/site-packages/airflow/example_dags/example_branch_python_dop_operator_3.py took 1.094 seconds
[2023-03-01T12:50:02.996+0100] {processor.py:153} INFO - Started process (PID=56200) to work on /Users/oanottage/opt/anaconda3/lib/python3.8/site-packages/airflow/example_dags/example_branch_python_dop_operator_3.py
[2023-03-01T12:50:03.002+0100] {processor.py:743} INFO - Processing file /Users/oanottage/opt/anaconda3/lib/python3.8/site-packages/airflow/example_dags/example_branch_python_dop_operator_3.py for tasks to queue
[2023-03-01T12:50:03.002+0100] {logging_mixin.py:137} INFO - [2023-03-01T12:50:03.002+0100] {dagbag.py:538} INFO - Filling up the DagBag from /Users/oanottage/opt/anaconda3/lib/python3.8/site-packages/airflow/example_dags/example_branch_python_dop_operator_3.py
[2023-03-01T12:50:03.091+0100] {processor.py:753} INFO - DAG(s) dict_keys(['example_branch_dop_operator_v3']) retrieved from /Users/oanottage/opt/anaconda3/lib/python3.8/site-packages/airflow/example_dags/example_branch_python_dop_operator_3.py
[2023-03-01T12:50:04.134+0100] {logging_mixin.py:137} INFO - [2023-03-01T12:50:04.133+0100] {dag.py:2690} INFO - Sync 1 DAGs
[2023-03-01T12:50:04.149+0100] {logging_mixin.py:137} INFO - [2023-03-01T12:50:04.149+0100] {dag.py:3437} INFO - Setting next_dagrun for example_branch_dop_operator_v3 to 2023-03-01T11:49:00+00:00, run_after=2023-03-01T11:50:00+00:00
[2023-03-01T12:50:04.161+0100] {processor.py:175} INFO - Processing /Users/oanottage/opt/anaconda3/lib/python3.8/site-packages/airflow/example_dags/example_branch_python_dop_operator_3.py took 1.166 seconds
[2023-03-01T12:52:00.546+0100] {processor.py:153} INFO - Started process (PID=60139) to work on /Users/oanottage/opt/anaconda3/lib/python3.8/site-packages/airflow/example_dags/example_branch_python_dop_operator_3.py
[2023-03-01T12:52:00.551+0100] {processor.py:743} INFO - Processing file /Users/oanottage/opt/anaconda3/lib/python3.8/site-packages/airflow/example_dags/example_branch_python_dop_operator_3.py for tasks to queue
[2023-03-01T12:52:00.551+0100] {logging_mixin.py:137} INFO - [2023-03-01T12:52:00.551+0100] {dagbag.py:538} INFO - Filling up the DagBag from /Users/oanottage/opt/anaconda3/lib/python3.8/site-packages/airflow/example_dags/example_branch_python_dop_operator_3.py
[2023-03-01T12:52:00.626+0100] {processor.py:753} INFO - DAG(s) dict_keys(['example_branch_dop_operator_v3']) retrieved from /Users/oanottage/opt/anaconda3/lib/python3.8/site-packages/airflow/example_dags/example_branch_python_dop_operator_3.py
[2023-03-01T12:52:01.525+0100] {logging_mixin.py:137} INFO - [2023-03-01T12:52:01.525+0100] {dag.py:2690} INFO - Sync 1 DAGs
[2023-03-01T12:52:01.544+0100] {logging_mixin.py:137} INFO - [2023-03-01T12:52:01.543+0100] {dag.py:3437} INFO - Setting next_dagrun for example_branch_dop_operator_v3 to 2023-03-01T11:51:00+00:00, run_after=2023-03-01T11:52:00+00:00
[2023-03-01T12:52:01.557+0100] {processor.py:175} INFO - Processing /Users/oanottage/opt/anaconda3/lib/python3.8/site-packages/airflow/example_dags/example_branch_python_dop_operator_3.py took 1.012 seconds
[2023-03-01T12:54:06.416+0100] {processor.py:153} INFO - Started process (PID=64766) to work on /Users/oanottage/opt/anaconda3/lib/python3.8/site-packages/airflow/example_dags/example_branch_python_dop_operator_3.py
[2023-03-01T12:54:06.420+0100] {processor.py:743} INFO - Processing file /Users/oanottage/opt/anaconda3/lib/python3.8/site-packages/airflow/example_dags/example_branch_python_dop_operator_3.py for tasks to queue
[2023-03-01T12:54:06.420+0100] {logging_mixin.py:137} INFO - [2023-03-01T12:54:06.420+0100] {dagbag.py:538} INFO - Filling up the DagBag from /Users/oanottage/opt/anaconda3/lib/python3.8/site-packages/airflow/example_dags/example_branch_python_dop_operator_3.py
[2023-03-01T12:54:06.487+0100] {processor.py:753} INFO - DAG(s) dict_keys(['example_branch_dop_operator_v3']) retrieved from /Users/oanottage/opt/anaconda3/lib/python3.8/site-packages/airflow/example_dags/example_branch_python_dop_operator_3.py
[2023-03-01T12:54:07.416+0100] {logging_mixin.py:137} INFO - [2023-03-01T12:54:07.415+0100] {dag.py:2690} INFO - Sync 1 DAGs
[2023-03-01T12:54:07.437+0100] {logging_mixin.py:137} INFO - [2023-03-01T12:54:07.437+0100] {dag.py:3437} INFO - Setting next_dagrun for example_branch_dop_operator_v3 to 2023-03-01T11:53:00+00:00, run_after=2023-03-01T11:54:00+00:00
[2023-03-01T12:54:07.452+0100] {processor.py:175} INFO - Processing /Users/oanottage/opt/anaconda3/lib/python3.8/site-packages/airflow/example_dags/example_branch_python_dop_operator_3.py took 1.037 seconds
[2023-03-01T12:56:00.471+0100] {processor.py:153} INFO - Started process (PID=68811) to work on /Users/oanottage/opt/anaconda3/lib/python3.8/site-packages/airflow/example_dags/example_branch_python_dop_operator_3.py
[2023-03-01T12:56:00.476+0100] {processor.py:743} INFO - Processing file /Users/oanottage/opt/anaconda3/lib/python3.8/site-packages/airflow/example_dags/example_branch_python_dop_operator_3.py for tasks to queue
[2023-03-01T12:56:00.476+0100] {logging_mixin.py:137} INFO - [2023-03-01T12:56:00.476+0100] {dagbag.py:538} INFO - Filling up the DagBag from /Users/oanottage/opt/anaconda3/lib/python3.8/site-packages/airflow/example_dags/example_branch_python_dop_operator_3.py
[2023-03-01T12:56:00.545+0100] {processor.py:753} INFO - DAG(s) dict_keys(['example_branch_dop_operator_v3']) retrieved from /Users/oanottage/opt/anaconda3/lib/python3.8/site-packages/airflow/example_dags/example_branch_python_dop_operator_3.py
[2023-03-01T12:56:01.429+0100] {logging_mixin.py:137} INFO - [2023-03-01T12:56:01.429+0100] {dag.py:2690} INFO - Sync 1 DAGs
[2023-03-01T12:56:01.447+0100] {logging_mixin.py:137} INFO - [2023-03-01T12:56:01.446+0100] {dag.py:3437} INFO - Setting next_dagrun for example_branch_dop_operator_v3 to 2023-03-01T11:55:00+00:00, run_after=2023-03-01T11:56:00+00:00
[2023-03-01T12:56:01.461+0100] {processor.py:175} INFO - Processing /Users/oanottage/opt/anaconda3/lib/python3.8/site-packages/airflow/example_dags/example_branch_python_dop_operator_3.py took 0.990 seconds
[2023-03-01T12:57:50.741+0100] {processor.py:153} INFO - Started process (PID=72253) to work on /Users/oanottage/opt/anaconda3/lib/python3.8/site-packages/airflow/example_dags/example_branch_python_dop_operator_3.py
[2023-03-01T12:57:50.744+0100] {processor.py:743} INFO - Processing file /Users/oanottage/opt/anaconda3/lib/python3.8/site-packages/airflow/example_dags/example_branch_python_dop_operator_3.py for tasks to queue
[2023-03-01T12:57:50.745+0100] {logging_mixin.py:137} INFO - [2023-03-01T12:57:50.745+0100] {dagbag.py:538} INFO - Filling up the DagBag from /Users/oanottage/opt/anaconda3/lib/python3.8/site-packages/airflow/example_dags/example_branch_python_dop_operator_3.py
[2023-03-01T12:57:50.811+0100] {processor.py:753} INFO - DAG(s) dict_keys(['example_branch_dop_operator_v3']) retrieved from /Users/oanottage/opt/anaconda3/lib/python3.8/site-packages/airflow/example_dags/example_branch_python_dop_operator_3.py
[2023-03-01T12:57:51.660+0100] {logging_mixin.py:137} INFO - [2023-03-01T12:57:51.660+0100] {dag.py:2690} INFO - Sync 1 DAGs
[2023-03-01T12:57:51.675+0100] {logging_mixin.py:137} INFO - [2023-03-01T12:57:51.675+0100] {dag.py:3437} INFO - Setting next_dagrun for example_branch_dop_operator_v3 to 2023-03-01T11:56:00+00:00, run_after=2023-03-01T11:57:00+00:00
[2023-03-01T12:57:51.689+0100] {processor.py:175} INFO - Processing /Users/oanottage/opt/anaconda3/lib/python3.8/site-packages/airflow/example_dags/example_branch_python_dop_operator_3.py took 0.948 seconds
[2023-03-01T12:59:50.377+0100] {processor.py:153} INFO - Started process (PID=76539) to work on /Users/oanottage/opt/anaconda3/lib/python3.8/site-packages/airflow/example_dags/example_branch_python_dop_operator_3.py
[2023-03-01T12:59:50.382+0100] {processor.py:743} INFO - Processing file /Users/oanottage/opt/anaconda3/lib/python3.8/site-packages/airflow/example_dags/example_branch_python_dop_operator_3.py for tasks to queue
[2023-03-01T12:59:50.383+0100] {logging_mixin.py:137} INFO - [2023-03-01T12:59:50.382+0100] {dagbag.py:538} INFO - Filling up the DagBag from /Users/oanottage/opt/anaconda3/lib/python3.8/site-packages/airflow/example_dags/example_branch_python_dop_operator_3.py
[2023-03-01T12:59:50.444+0100] {processor.py:753} INFO - DAG(s) dict_keys(['example_branch_dop_operator_v3']) retrieved from /Users/oanottage/opt/anaconda3/lib/python3.8/site-packages/airflow/example_dags/example_branch_python_dop_operator_3.py
[2023-03-01T12:59:51.349+0100] {logging_mixin.py:137} INFO - [2023-03-01T12:59:51.348+0100] {dag.py:2690} INFO - Sync 1 DAGs
[2023-03-01T12:59:51.365+0100] {logging_mixin.py:137} INFO - [2023-03-01T12:59:51.365+0100] {dag.py:3437} INFO - Setting next_dagrun for example_branch_dop_operator_v3 to 2023-03-01T11:58:00+00:00, run_after=2023-03-01T11:59:00+00:00
[2023-03-01T12:59:51.381+0100] {processor.py:175} INFO - Processing /Users/oanottage/opt/anaconda3/lib/python3.8/site-packages/airflow/example_dags/example_branch_python_dop_operator_3.py took 1.005 seconds
