[2023-03-01T12:04:19.242+0100] {processor.py:153} INFO - Started process (PID=58329) to work on /Users/oanottage/opt/anaconda3/lib/python3.8/site-packages/airflow/example_dags/example_branch_datetime_operator.py
[2023-03-01T12:04:19.246+0100] {processor.py:743} INFO - Processing file /Users/oanottage/opt/anaconda3/lib/python3.8/site-packages/airflow/example_dags/example_branch_datetime_operator.py for tasks to queue
[2023-03-01T12:04:19.246+0100] {logging_mixin.py:137} INFO - [2023-03-01T12:04:19.246+0100] {dagbag.py:538} INFO - Filling up the DagBag from /Users/oanottage/opt/anaconda3/lib/python3.8/site-packages/airflow/example_dags/example_branch_datetime_operator.py
[2023-03-01T12:04:19.304+0100] {processor.py:753} INFO - DAG(s) dict_keys(['example_branch_datetime_operator_2', 'example_branch_datetime_operator_3', 'example_branch_datetime_operator']) retrieved from /Users/oanottage/opt/anaconda3/lib/python3.8/site-packages/airflow/example_dags/example_branch_datetime_operator.py
[2023-03-01T12:04:20.292+0100] {logging_mixin.py:137} INFO - [2023-03-01T12:04:20.292+0100] {manager.py:504} INFO - Created Permission View: can read on DAG:example_branch_datetime_operator_2
[2023-03-01T12:04:20.298+0100] {logging_mixin.py:137} INFO - [2023-03-01T12:04:20.298+0100] {manager.py:504} INFO - Created Permission View: can edit on DAG:example_branch_datetime_operator_2
[2023-03-01T12:04:20.303+0100] {logging_mixin.py:137} INFO - [2023-03-01T12:04:20.303+0100] {manager.py:504} INFO - Created Permission View: can delete on DAG:example_branch_datetime_operator_2
[2023-03-01T12:04:20.312+0100] {logging_mixin.py:137} INFO - [2023-03-01T12:04:20.312+0100] {manager.py:504} INFO - Created Permission View: can read on DAG:example_branch_datetime_operator_3
[2023-03-01T12:04:20.317+0100] {logging_mixin.py:137} INFO - [2023-03-01T12:04:20.317+0100] {manager.py:504} INFO - Created Permission View: can edit on DAG:example_branch_datetime_operator_3
[2023-03-01T12:04:20.321+0100] {logging_mixin.py:137} INFO - [2023-03-01T12:04:20.321+0100] {manager.py:504} INFO - Created Permission View: can delete on DAG:example_branch_datetime_operator_3
[2023-03-01T12:04:20.331+0100] {logging_mixin.py:137} INFO - [2023-03-01T12:04:20.330+0100] {manager.py:504} INFO - Created Permission View: can read on DAG:example_branch_datetime_operator
[2023-03-01T12:04:20.335+0100] {logging_mixin.py:137} INFO - [2023-03-01T12:04:20.335+0100] {manager.py:504} INFO - Created Permission View: can edit on DAG:example_branch_datetime_operator
[2023-03-01T12:04:20.339+0100] {logging_mixin.py:137} INFO - [2023-03-01T12:04:20.339+0100] {manager.py:504} INFO - Created Permission View: can delete on DAG:example_branch_datetime_operator
[2023-03-01T12:04:20.339+0100] {logging_mixin.py:137} INFO - [2023-03-01T12:04:20.339+0100] {dag.py:2690} INFO - Sync 3 DAGs
[2023-03-01T12:04:20.347+0100] {logging_mixin.py:137} INFO - [2023-03-01T12:04:20.347+0100] {dag.py:2711} INFO - Creating ORM DAG for example_branch_datetime_operator_2
[2023-03-01T12:04:20.347+0100] {logging_mixin.py:137} INFO - [2023-03-01T12:04:20.347+0100] {dag.py:2711} INFO - Creating ORM DAG for example_branch_datetime_operator_3
[2023-03-01T12:04:20.348+0100] {logging_mixin.py:137} INFO - [2023-03-01T12:04:20.348+0100] {dag.py:2711} INFO - Creating ORM DAG for example_branch_datetime_operator
[2023-03-01T12:04:20.354+0100] {logging_mixin.py:137} INFO - [2023-03-01T12:04:20.354+0100] {dag.py:3437} INFO - Setting next_dagrun for example_branch_datetime_operator to 2023-02-28T00:00:00+00:00, run_after=2023-03-01T00:00:00+00:00
[2023-03-01T12:04:20.355+0100] {logging_mixin.py:137} INFO - [2023-03-01T12:04:20.355+0100] {dag.py:3437} INFO - Setting next_dagrun for example_branch_datetime_operator_2 to 2023-02-28T00:00:00+00:00, run_after=2023-03-01T00:00:00+00:00
[2023-03-01T12:04:20.357+0100] {logging_mixin.py:137} INFO - [2023-03-01T12:04:20.357+0100] {dag.py:3437} INFO - Setting next_dagrun for example_branch_datetime_operator_3 to 2023-02-28T00:00:00+00:00, run_after=2023-03-01T00:00:00+00:00
[2023-03-01T12:04:20.371+0100] {processor.py:175} INFO - Processing /Users/oanottage/opt/anaconda3/lib/python3.8/site-packages/airflow/example_dags/example_branch_datetime_operator.py took 1.130 seconds
[2023-03-01T12:06:15.410+0100] {processor.py:153} INFO - Started process (PID=62512) to work on /Users/oanottage/opt/anaconda3/lib/python3.8/site-packages/airflow/example_dags/example_branch_datetime_operator.py
[2023-03-01T12:06:15.414+0100] {processor.py:743} INFO - Processing file /Users/oanottage/opt/anaconda3/lib/python3.8/site-packages/airflow/example_dags/example_branch_datetime_operator.py for tasks to queue
[2023-03-01T12:06:15.414+0100] {logging_mixin.py:137} INFO - [2023-03-01T12:06:15.414+0100] {dagbag.py:538} INFO - Filling up the DagBag from /Users/oanottage/opt/anaconda3/lib/python3.8/site-packages/airflow/example_dags/example_branch_datetime_operator.py
[2023-03-01T12:06:15.463+0100] {processor.py:753} INFO - DAG(s) dict_keys(['example_branch_datetime_operator', 'example_branch_datetime_operator_2', 'example_branch_datetime_operator_3']) retrieved from /Users/oanottage/opt/anaconda3/lib/python3.8/site-packages/airflow/example_dags/example_branch_datetime_operator.py
[2023-03-01T12:06:16.335+0100] {logging_mixin.py:137} INFO - [2023-03-01T12:06:16.335+0100] {dag.py:2690} INFO - Sync 3 DAGs
[2023-03-01T12:06:16.351+0100] {logging_mixin.py:137} INFO - [2023-03-01T12:06:16.351+0100] {dag.py:3437} INFO - Setting next_dagrun for example_branch_datetime_operator to 2023-02-28T00:00:00+00:00, run_after=2023-03-01T00:00:00+00:00
[2023-03-01T12:06:16.354+0100] {logging_mixin.py:137} INFO - [2023-03-01T12:06:16.354+0100] {dag.py:3437} INFO - Setting next_dagrun for example_branch_datetime_operator_2 to 2023-02-28T00:00:00+00:00, run_after=2023-03-01T00:00:00+00:00
[2023-03-01T12:06:16.356+0100] {logging_mixin.py:137} INFO - [2023-03-01T12:06:16.356+0100] {dag.py:3437} INFO - Setting next_dagrun for example_branch_datetime_operator_3 to 2023-02-28T00:00:00+00:00, run_after=2023-03-01T00:00:00+00:00
[2023-03-01T12:06:16.368+0100] {processor.py:175} INFO - Processing /Users/oanottage/opt/anaconda3/lib/python3.8/site-packages/airflow/example_dags/example_branch_datetime_operator.py took 0.959 seconds
[2023-03-01T12:08:07.585+0100] {processor.py:153} INFO - Started process (PID=66700) to work on /Users/oanottage/opt/anaconda3/lib/python3.8/site-packages/airflow/example_dags/example_branch_datetime_operator.py
[2023-03-01T12:08:07.589+0100] {processor.py:743} INFO - Processing file /Users/oanottage/opt/anaconda3/lib/python3.8/site-packages/airflow/example_dags/example_branch_datetime_operator.py for tasks to queue
[2023-03-01T12:08:07.589+0100] {logging_mixin.py:137} INFO - [2023-03-01T12:08:07.589+0100] {dagbag.py:538} INFO - Filling up the DagBag from /Users/oanottage/opt/anaconda3/lib/python3.8/site-packages/airflow/example_dags/example_branch_datetime_operator.py
[2023-03-01T12:08:07.636+0100] {processor.py:753} INFO - DAG(s) dict_keys(['example_branch_datetime_operator_3', 'example_branch_datetime_operator_2', 'example_branch_datetime_operator']) retrieved from /Users/oanottage/opt/anaconda3/lib/python3.8/site-packages/airflow/example_dags/example_branch_datetime_operator.py
[2023-03-01T12:08:08.496+0100] {logging_mixin.py:137} INFO - [2023-03-01T12:08:08.495+0100] {dag.py:2690} INFO - Sync 3 DAGs
[2023-03-01T12:08:08.511+0100] {logging_mixin.py:137} INFO - [2023-03-01T12:08:08.511+0100] {dag.py:3437} INFO - Setting next_dagrun for example_branch_datetime_operator to 2023-02-28T00:00:00+00:00, run_after=2023-03-01T00:00:00+00:00
[2023-03-01T12:08:08.514+0100] {logging_mixin.py:137} INFO - [2023-03-01T12:08:08.514+0100] {dag.py:3437} INFO - Setting next_dagrun for example_branch_datetime_operator_2 to 2023-02-28T00:00:00+00:00, run_after=2023-03-01T00:00:00+00:00
[2023-03-01T12:08:08.516+0100] {logging_mixin.py:137} INFO - [2023-03-01T12:08:08.516+0100] {dag.py:3437} INFO - Setting next_dagrun for example_branch_datetime_operator_3 to 2023-02-28T00:00:00+00:00, run_after=2023-03-01T00:00:00+00:00
[2023-03-01T12:08:08.528+0100] {processor.py:175} INFO - Processing /Users/oanottage/opt/anaconda3/lib/python3.8/site-packages/airflow/example_dags/example_branch_datetime_operator.py took 0.944 seconds
[2023-03-01T12:10:02.218+0100] {processor.py:153} INFO - Started process (PID=70894) to work on /Users/oanottage/opt/anaconda3/lib/python3.8/site-packages/airflow/example_dags/example_branch_datetime_operator.py
[2023-03-01T12:10:02.222+0100] {processor.py:743} INFO - Processing file /Users/oanottage/opt/anaconda3/lib/python3.8/site-packages/airflow/example_dags/example_branch_datetime_operator.py for tasks to queue
[2023-03-01T12:10:02.222+0100] {logging_mixin.py:137} INFO - [2023-03-01T12:10:02.222+0100] {dagbag.py:538} INFO - Filling up the DagBag from /Users/oanottage/opt/anaconda3/lib/python3.8/site-packages/airflow/example_dags/example_branch_datetime_operator.py
[2023-03-01T12:10:02.269+0100] {processor.py:753} INFO - DAG(s) dict_keys(['example_branch_datetime_operator', 'example_branch_datetime_operator_3', 'example_branch_datetime_operator_2']) retrieved from /Users/oanottage/opt/anaconda3/lib/python3.8/site-packages/airflow/example_dags/example_branch_datetime_operator.py
[2023-03-01T12:10:03.158+0100] {logging_mixin.py:137} INFO - [2023-03-01T12:10:03.158+0100] {dag.py:2690} INFO - Sync 3 DAGs
[2023-03-01T12:10:03.175+0100] {logging_mixin.py:137} INFO - [2023-03-01T12:10:03.175+0100] {dag.py:3437} INFO - Setting next_dagrun for example_branch_datetime_operator to 2023-02-28T00:00:00+00:00, run_after=2023-03-01T00:00:00+00:00
[2023-03-01T12:10:03.178+0100] {logging_mixin.py:137} INFO - [2023-03-01T12:10:03.178+0100] {dag.py:3437} INFO - Setting next_dagrun for example_branch_datetime_operator_2 to 2023-02-28T00:00:00+00:00, run_after=2023-03-01T00:00:00+00:00
[2023-03-01T12:10:03.180+0100] {logging_mixin.py:137} INFO - [2023-03-01T12:10:03.180+0100] {dag.py:3437} INFO - Setting next_dagrun for example_branch_datetime_operator_3 to 2023-02-28T00:00:00+00:00, run_after=2023-03-01T00:00:00+00:00
[2023-03-01T12:10:03.192+0100] {processor.py:175} INFO - Processing /Users/oanottage/opt/anaconda3/lib/python3.8/site-packages/airflow/example_dags/example_branch_datetime_operator.py took 0.976 seconds
[2023-03-01T12:12:09.238+0100] {processor.py:153} INFO - Started process (PID=75176) to work on /Users/oanottage/opt/anaconda3/lib/python3.8/site-packages/airflow/example_dags/example_branch_datetime_operator.py
[2023-03-01T12:12:09.242+0100] {processor.py:743} INFO - Processing file /Users/oanottage/opt/anaconda3/lib/python3.8/site-packages/airflow/example_dags/example_branch_datetime_operator.py for tasks to queue
[2023-03-01T12:12:09.243+0100] {logging_mixin.py:137} INFO - [2023-03-01T12:12:09.243+0100] {dagbag.py:538} INFO - Filling up the DagBag from /Users/oanottage/opt/anaconda3/lib/python3.8/site-packages/airflow/example_dags/example_branch_datetime_operator.py
[2023-03-01T12:12:09.299+0100] {processor.py:753} INFO - DAG(s) dict_keys(['example_branch_datetime_operator_2', 'example_branch_datetime_operator_3', 'example_branch_datetime_operator']) retrieved from /Users/oanottage/opt/anaconda3/lib/python3.8/site-packages/airflow/example_dags/example_branch_datetime_operator.py
[2023-03-01T12:12:10.302+0100] {logging_mixin.py:137} INFO - [2023-03-01T12:12:10.301+0100] {dag.py:2690} INFO - Sync 3 DAGs
[2023-03-01T12:12:10.317+0100] {logging_mixin.py:137} INFO - [2023-03-01T12:12:10.317+0100] {dag.py:3437} INFO - Setting next_dagrun for example_branch_datetime_operator to 2023-02-28T00:00:00+00:00, run_after=2023-03-01T00:00:00+00:00
[2023-03-01T12:12:10.320+0100] {logging_mixin.py:137} INFO - [2023-03-01T12:12:10.320+0100] {dag.py:3437} INFO - Setting next_dagrun for example_branch_datetime_operator_2 to 2023-02-28T00:00:00+00:00, run_after=2023-03-01T00:00:00+00:00
[2023-03-01T12:12:10.322+0100] {logging_mixin.py:137} INFO - [2023-03-01T12:12:10.322+0100] {dag.py:3437} INFO - Setting next_dagrun for example_branch_datetime_operator_3 to 2023-02-28T00:00:00+00:00, run_after=2023-03-01T00:00:00+00:00
[2023-03-01T12:12:10.334+0100] {processor.py:175} INFO - Processing /Users/oanottage/opt/anaconda3/lib/python3.8/site-packages/airflow/example_dags/example_branch_datetime_operator.py took 1.096 seconds
[2023-03-01T12:14:03.796+0100] {processor.py:153} INFO - Started process (PID=79407) to work on /Users/oanottage/opt/anaconda3/lib/python3.8/site-packages/airflow/example_dags/example_branch_datetime_operator.py
[2023-03-01T12:14:03.799+0100] {processor.py:743} INFO - Processing file /Users/oanottage/opt/anaconda3/lib/python3.8/site-packages/airflow/example_dags/example_branch_datetime_operator.py for tasks to queue
[2023-03-01T12:14:03.800+0100] {logging_mixin.py:137} INFO - [2023-03-01T12:14:03.800+0100] {dagbag.py:538} INFO - Filling up the DagBag from /Users/oanottage/opt/anaconda3/lib/python3.8/site-packages/airflow/example_dags/example_branch_datetime_operator.py
[2023-03-01T12:14:03.849+0100] {processor.py:753} INFO - DAG(s) dict_keys(['example_branch_datetime_operator_2', 'example_branch_datetime_operator', 'example_branch_datetime_operator_3']) retrieved from /Users/oanottage/opt/anaconda3/lib/python3.8/site-packages/airflow/example_dags/example_branch_datetime_operator.py
[2023-03-01T12:14:04.712+0100] {logging_mixin.py:137} INFO - [2023-03-01T12:14:04.711+0100] {dag.py:2690} INFO - Sync 3 DAGs
[2023-03-01T12:14:04.732+0100] {logging_mixin.py:137} INFO - [2023-03-01T12:14:04.732+0100] {dag.py:3437} INFO - Setting next_dagrun for example_branch_datetime_operator to 2023-02-28T00:00:00+00:00, run_after=2023-03-01T00:00:00+00:00
[2023-03-01T12:14:04.737+0100] {logging_mixin.py:137} INFO - [2023-03-01T12:14:04.737+0100] {dag.py:3437} INFO - Setting next_dagrun for example_branch_datetime_operator_2 to 2023-02-28T00:00:00+00:00, run_after=2023-03-01T00:00:00+00:00
[2023-03-01T12:14:04.740+0100] {logging_mixin.py:137} INFO - [2023-03-01T12:14:04.740+0100] {dag.py:3437} INFO - Setting next_dagrun for example_branch_datetime_operator_3 to 2023-02-28T00:00:00+00:00, run_after=2023-03-01T00:00:00+00:00
[2023-03-01T12:14:04.758+0100] {processor.py:175} INFO - Processing /Users/oanottage/opt/anaconda3/lib/python3.8/site-packages/airflow/example_dags/example_branch_datetime_operator.py took 0.963 seconds
[2023-03-01T12:15:56.668+0100] {processor.py:153} INFO - Started process (PID=82551) to work on /Users/oanottage/opt/anaconda3/lib/python3.8/site-packages/airflow/example_dags/example_branch_datetime_operator.py
[2023-03-01T12:15:56.676+0100] {processor.py:743} INFO - Processing file /Users/oanottage/opt/anaconda3/lib/python3.8/site-packages/airflow/example_dags/example_branch_datetime_operator.py for tasks to queue
[2023-03-01T12:15:56.677+0100] {logging_mixin.py:137} INFO - [2023-03-01T12:15:56.677+0100] {dagbag.py:538} INFO - Filling up the DagBag from /Users/oanottage/opt/anaconda3/lib/python3.8/site-packages/airflow/example_dags/example_branch_datetime_operator.py
[2023-03-01T12:15:56.776+0100] {processor.py:753} INFO - DAG(s) dict_keys(['example_branch_datetime_operator', 'example_branch_datetime_operator_2', 'example_branch_datetime_operator_3']) retrieved from /Users/oanottage/opt/anaconda3/lib/python3.8/site-packages/airflow/example_dags/example_branch_datetime_operator.py
[2023-03-01T12:15:58.499+0100] {logging_mixin.py:137} INFO - [2023-03-01T12:15:58.499+0100] {dag.py:2690} INFO - Sync 3 DAGs
[2023-03-01T12:15:58.530+0100] {logging_mixin.py:137} INFO - [2023-03-01T12:15:58.529+0100] {dag.py:3437} INFO - Setting next_dagrun for example_branch_datetime_operator to 2023-02-28T00:00:00+00:00, run_after=2023-03-01T00:00:00+00:00
[2023-03-01T12:15:58.538+0100] {logging_mixin.py:137} INFO - [2023-03-01T12:15:58.537+0100] {dag.py:3437} INFO - Setting next_dagrun for example_branch_datetime_operator_2 to 2023-02-28T00:00:00+00:00, run_after=2023-03-01T00:00:00+00:00
[2023-03-01T12:15:58.540+0100] {logging_mixin.py:137} INFO - [2023-03-01T12:15:58.540+0100] {dag.py:3437} INFO - Setting next_dagrun for example_branch_datetime_operator_3 to 2023-02-28T00:00:00+00:00, run_after=2023-03-01T00:00:00+00:00
[2023-03-01T12:15:58.557+0100] {processor.py:175} INFO - Processing /Users/oanottage/opt/anaconda3/lib/python3.8/site-packages/airflow/example_dags/example_branch_datetime_operator.py took 1.891 seconds
[2023-03-01T12:18:01.208+0100] {processor.py:153} INFO - Started process (PID=87675) to work on /Users/oanottage/opt/anaconda3/lib/python3.8/site-packages/airflow/example_dags/example_branch_datetime_operator.py
[2023-03-01T12:18:01.212+0100] {processor.py:743} INFO - Processing file /Users/oanottage/opt/anaconda3/lib/python3.8/site-packages/airflow/example_dags/example_branch_datetime_operator.py for tasks to queue
[2023-03-01T12:18:01.213+0100] {logging_mixin.py:137} INFO - [2023-03-01T12:18:01.212+0100] {dagbag.py:538} INFO - Filling up the DagBag from /Users/oanottage/opt/anaconda3/lib/python3.8/site-packages/airflow/example_dags/example_branch_datetime_operator.py
[2023-03-01T12:18:01.263+0100] {processor.py:753} INFO - DAG(s) dict_keys(['example_branch_datetime_operator', 'example_branch_datetime_operator_3', 'example_branch_datetime_operator_2']) retrieved from /Users/oanottage/opt/anaconda3/lib/python3.8/site-packages/airflow/example_dags/example_branch_datetime_operator.py
[2023-03-01T12:18:02.211+0100] {logging_mixin.py:137} INFO - [2023-03-01T12:18:02.211+0100] {dag.py:2690} INFO - Sync 3 DAGs
[2023-03-01T12:18:02.226+0100] {logging_mixin.py:137} INFO - [2023-03-01T12:18:02.226+0100] {dag.py:3437} INFO - Setting next_dagrun for example_branch_datetime_operator to 2023-02-28T00:00:00+00:00, run_after=2023-03-01T00:00:00+00:00
[2023-03-01T12:18:02.229+0100] {logging_mixin.py:137} INFO - [2023-03-01T12:18:02.229+0100] {dag.py:3437} INFO - Setting next_dagrun for example_branch_datetime_operator_2 to 2023-02-28T00:00:00+00:00, run_after=2023-03-01T00:00:00+00:00
[2023-03-01T12:18:02.231+0100] {logging_mixin.py:137} INFO - [2023-03-01T12:18:02.231+0100] {dag.py:3437} INFO - Setting next_dagrun for example_branch_datetime_operator_3 to 2023-02-28T00:00:00+00:00, run_after=2023-03-01T00:00:00+00:00
[2023-03-01T12:18:02.244+0100] {processor.py:175} INFO - Processing /Users/oanottage/opt/anaconda3/lib/python3.8/site-packages/airflow/example_dags/example_branch_datetime_operator.py took 1.036 seconds
[2023-03-01T12:19:53.561+0100] {processor.py:153} INFO - Started process (PID=90970) to work on /Users/oanottage/opt/anaconda3/lib/python3.8/site-packages/airflow/example_dags/example_branch_datetime_operator.py
[2023-03-01T12:19:53.564+0100] {processor.py:743} INFO - Processing file /Users/oanottage/opt/anaconda3/lib/python3.8/site-packages/airflow/example_dags/example_branch_datetime_operator.py for tasks to queue
[2023-03-01T12:19:53.564+0100] {logging_mixin.py:137} INFO - [2023-03-01T12:19:53.564+0100] {dagbag.py:538} INFO - Filling up the DagBag from /Users/oanottage/opt/anaconda3/lib/python3.8/site-packages/airflow/example_dags/example_branch_datetime_operator.py
[2023-03-01T12:19:53.617+0100] {processor.py:753} INFO - DAG(s) dict_keys(['example_branch_datetime_operator', 'example_branch_datetime_operator_2', 'example_branch_datetime_operator_3']) retrieved from /Users/oanottage/opt/anaconda3/lib/python3.8/site-packages/airflow/example_dags/example_branch_datetime_operator.py
[2023-03-01T12:19:54.487+0100] {logging_mixin.py:137} INFO - [2023-03-01T12:19:54.487+0100] {dag.py:2690} INFO - Sync 3 DAGs
[2023-03-01T12:19:54.500+0100] {logging_mixin.py:137} INFO - [2023-03-01T12:19:54.500+0100] {dag.py:3437} INFO - Setting next_dagrun for example_branch_datetime_operator to 2023-02-28T00:00:00+00:00, run_after=2023-03-01T00:00:00+00:00
[2023-03-01T12:19:54.503+0100] {logging_mixin.py:137} INFO - [2023-03-01T12:19:54.503+0100] {dag.py:3437} INFO - Setting next_dagrun for example_branch_datetime_operator_2 to 2023-02-28T00:00:00+00:00, run_after=2023-03-01T00:00:00+00:00
[2023-03-01T12:19:54.504+0100] {logging_mixin.py:137} INFO - [2023-03-01T12:19:54.504+0100] {dag.py:3437} INFO - Setting next_dagrun for example_branch_datetime_operator_3 to 2023-02-28T00:00:00+00:00, run_after=2023-03-01T00:00:00+00:00
[2023-03-01T12:19:54.516+0100] {processor.py:175} INFO - Processing /Users/oanottage/opt/anaconda3/lib/python3.8/site-packages/airflow/example_dags/example_branch_datetime_operator.py took 0.956 seconds
[2023-03-01T12:21:59.171+0100] {processor.py:153} INFO - Started process (PID=95295) to work on /Users/oanottage/opt/anaconda3/lib/python3.8/site-packages/airflow/example_dags/example_branch_datetime_operator.py
[2023-03-01T12:21:59.176+0100] {processor.py:743} INFO - Processing file /Users/oanottage/opt/anaconda3/lib/python3.8/site-packages/airflow/example_dags/example_branch_datetime_operator.py for tasks to queue
[2023-03-01T12:21:59.176+0100] {logging_mixin.py:137} INFO - [2023-03-01T12:21:59.176+0100] {dagbag.py:538} INFO - Filling up the DagBag from /Users/oanottage/opt/anaconda3/lib/python3.8/site-packages/airflow/example_dags/example_branch_datetime_operator.py
[2023-03-01T12:21:59.231+0100] {processor.py:753} INFO - DAG(s) dict_keys(['example_branch_datetime_operator', 'example_branch_datetime_operator_2', 'example_branch_datetime_operator_3']) retrieved from /Users/oanottage/opt/anaconda3/lib/python3.8/site-packages/airflow/example_dags/example_branch_datetime_operator.py
[2023-03-01T12:22:00.365+0100] {logging_mixin.py:137} INFO - [2023-03-01T12:22:00.364+0100] {dag.py:2690} INFO - Sync 3 DAGs
[2023-03-01T12:22:00.386+0100] {logging_mixin.py:137} INFO - [2023-03-01T12:22:00.386+0100] {dag.py:3437} INFO - Setting next_dagrun for example_branch_datetime_operator to 2023-02-28T00:00:00+00:00, run_after=2023-03-01T00:00:00+00:00
[2023-03-01T12:22:00.391+0100] {logging_mixin.py:137} INFO - [2023-03-01T12:22:00.391+0100] {dag.py:3437} INFO - Setting next_dagrun for example_branch_datetime_operator_2 to 2023-02-28T00:00:00+00:00, run_after=2023-03-01T00:00:00+00:00
[2023-03-01T12:22:00.393+0100] {logging_mixin.py:137} INFO - [2023-03-01T12:22:00.393+0100] {dag.py:3437} INFO - Setting next_dagrun for example_branch_datetime_operator_3 to 2023-02-28T00:00:00+00:00, run_after=2023-03-01T00:00:00+00:00
[2023-03-01T12:22:00.411+0100] {processor.py:175} INFO - Processing /Users/oanottage/opt/anaconda3/lib/python3.8/site-packages/airflow/example_dags/example_branch_datetime_operator.py took 1.240 seconds
[2023-03-01T12:24:29.737+0100] {processor.py:153} INFO - Started process (PID=1375) to work on /Users/oanottage/opt/anaconda3/lib/python3.8/site-packages/airflow/example_dags/example_branch_datetime_operator.py
[2023-03-01T12:24:29.741+0100] {processor.py:743} INFO - Processing file /Users/oanottage/opt/anaconda3/lib/python3.8/site-packages/airflow/example_dags/example_branch_datetime_operator.py for tasks to queue
[2023-03-01T12:24:29.742+0100] {logging_mixin.py:137} INFO - [2023-03-01T12:24:29.742+0100] {dagbag.py:538} INFO - Filling up the DagBag from /Users/oanottage/opt/anaconda3/lib/python3.8/site-packages/airflow/example_dags/example_branch_datetime_operator.py
[2023-03-01T12:24:29.808+0100] {processor.py:753} INFO - DAG(s) dict_keys(['example_branch_datetime_operator', 'example_branch_datetime_operator_2', 'example_branch_datetime_operator_3']) retrieved from /Users/oanottage/opt/anaconda3/lib/python3.8/site-packages/airflow/example_dags/example_branch_datetime_operator.py
[2023-03-01T12:24:30.789+0100] {logging_mixin.py:137} INFO - [2023-03-01T12:24:30.789+0100] {dag.py:2690} INFO - Sync 3 DAGs
[2023-03-01T12:24:30.805+0100] {logging_mixin.py:137} INFO - [2023-03-01T12:24:30.805+0100] {dag.py:3437} INFO - Setting next_dagrun for example_branch_datetime_operator to 2023-02-28T00:00:00+00:00, run_after=2023-03-01T00:00:00+00:00
[2023-03-01T12:24:30.808+0100] {logging_mixin.py:137} INFO - [2023-03-01T12:24:30.808+0100] {dag.py:3437} INFO - Setting next_dagrun for example_branch_datetime_operator_2 to 2023-02-28T00:00:00+00:00, run_after=2023-03-01T00:00:00+00:00
[2023-03-01T12:24:30.811+0100] {logging_mixin.py:137} INFO - [2023-03-01T12:24:30.810+0100] {dag.py:3437} INFO - Setting next_dagrun for example_branch_datetime_operator_3 to 2023-02-28T00:00:00+00:00, run_after=2023-03-01T00:00:00+00:00
[2023-03-01T12:24:30.823+0100] {processor.py:175} INFO - Processing /Users/oanottage/opt/anaconda3/lib/python3.8/site-packages/airflow/example_dags/example_branch_datetime_operator.py took 1.087 seconds
[2023-03-01T12:26:31.797+0100] {processor.py:153} INFO - Started process (PID=6181) to work on /Users/oanottage/opt/anaconda3/lib/python3.8/site-packages/airflow/example_dags/example_branch_datetime_operator.py
[2023-03-01T12:26:31.801+0100] {processor.py:743} INFO - Processing file /Users/oanottage/opt/anaconda3/lib/python3.8/site-packages/airflow/example_dags/example_branch_datetime_operator.py for tasks to queue
[2023-03-01T12:26:31.801+0100] {logging_mixin.py:137} INFO - [2023-03-01T12:26:31.801+0100] {dagbag.py:538} INFO - Filling up the DagBag from /Users/oanottage/opt/anaconda3/lib/python3.8/site-packages/airflow/example_dags/example_branch_datetime_operator.py
[2023-03-01T12:26:31.858+0100] {processor.py:753} INFO - DAG(s) dict_keys(['example_branch_datetime_operator', 'example_branch_datetime_operator_3', 'example_branch_datetime_operator_2']) retrieved from /Users/oanottage/opt/anaconda3/lib/python3.8/site-packages/airflow/example_dags/example_branch_datetime_operator.py
[2023-03-01T12:26:32.698+0100] {logging_mixin.py:137} INFO - [2023-03-01T12:26:32.698+0100] {dag.py:2690} INFO - Sync 3 DAGs
[2023-03-01T12:26:32.712+0100] {logging_mixin.py:137} INFO - [2023-03-01T12:26:32.712+0100] {dag.py:3437} INFO - Setting next_dagrun for example_branch_datetime_operator to 2023-02-28T00:00:00+00:00, run_after=2023-03-01T00:00:00+00:00
[2023-03-01T12:26:32.715+0100] {logging_mixin.py:137} INFO - [2023-03-01T12:26:32.715+0100] {dag.py:3437} INFO - Setting next_dagrun for example_branch_datetime_operator_2 to 2023-02-28T00:00:00+00:00, run_after=2023-03-01T00:00:00+00:00
[2023-03-01T12:26:32.717+0100] {logging_mixin.py:137} INFO - [2023-03-01T12:26:32.717+0100] {dag.py:3437} INFO - Setting next_dagrun for example_branch_datetime_operator_3 to 2023-02-28T00:00:00+00:00, run_after=2023-03-01T00:00:00+00:00
[2023-03-01T12:26:32.727+0100] {processor.py:175} INFO - Processing /Users/oanottage/opt/anaconda3/lib/python3.8/site-packages/airflow/example_dags/example_branch_datetime_operator.py took 0.931 seconds
[2023-03-01T12:28:26.442+0100] {processor.py:153} INFO - Started process (PID=9374) to work on /Users/oanottage/opt/anaconda3/lib/python3.8/site-packages/airflow/example_dags/example_branch_datetime_operator.py
[2023-03-01T12:28:26.446+0100] {processor.py:743} INFO - Processing file /Users/oanottage/opt/anaconda3/lib/python3.8/site-packages/airflow/example_dags/example_branch_datetime_operator.py for tasks to queue
[2023-03-01T12:28:26.446+0100] {logging_mixin.py:137} INFO - [2023-03-01T12:28:26.446+0100] {dagbag.py:538} INFO - Filling up the DagBag from /Users/oanottage/opt/anaconda3/lib/python3.8/site-packages/airflow/example_dags/example_branch_datetime_operator.py
[2023-03-01T12:28:26.495+0100] {processor.py:753} INFO - DAG(s) dict_keys(['example_branch_datetime_operator_3', 'example_branch_datetime_operator', 'example_branch_datetime_operator_2']) retrieved from /Users/oanottage/opt/anaconda3/lib/python3.8/site-packages/airflow/example_dags/example_branch_datetime_operator.py
[2023-03-01T12:28:27.369+0100] {logging_mixin.py:137} INFO - [2023-03-01T12:28:27.369+0100] {dag.py:2690} INFO - Sync 3 DAGs
[2023-03-01T12:28:27.386+0100] {logging_mixin.py:137} INFO - [2023-03-01T12:28:27.385+0100] {dag.py:3437} INFO - Setting next_dagrun for example_branch_datetime_operator to 2023-02-28T00:00:00+00:00, run_after=2023-03-01T00:00:00+00:00
[2023-03-01T12:28:27.389+0100] {logging_mixin.py:137} INFO - [2023-03-01T12:28:27.389+0100] {dag.py:3437} INFO - Setting next_dagrun for example_branch_datetime_operator_2 to 2023-02-28T00:00:00+00:00, run_after=2023-03-01T00:00:00+00:00
[2023-03-01T12:28:27.391+0100] {logging_mixin.py:137} INFO - [2023-03-01T12:28:27.391+0100] {dag.py:3437} INFO - Setting next_dagrun for example_branch_datetime_operator_3 to 2023-02-28T00:00:00+00:00, run_after=2023-03-01T00:00:00+00:00
[2023-03-01T12:28:27.404+0100] {processor.py:175} INFO - Processing /Users/oanottage/opt/anaconda3/lib/python3.8/site-packages/airflow/example_dags/example_branch_datetime_operator.py took 0.962 seconds
[2023-03-01T12:30:16.429+0100] {processor.py:153} INFO - Started process (PID=13595) to work on /Users/oanottage/opt/anaconda3/lib/python3.8/site-packages/airflow/example_dags/example_branch_datetime_operator.py
[2023-03-01T12:30:16.433+0100] {processor.py:743} INFO - Processing file /Users/oanottage/opt/anaconda3/lib/python3.8/site-packages/airflow/example_dags/example_branch_datetime_operator.py for tasks to queue
[2023-03-01T12:30:16.433+0100] {logging_mixin.py:137} INFO - [2023-03-01T12:30:16.433+0100] {dagbag.py:538} INFO - Filling up the DagBag from /Users/oanottage/opt/anaconda3/lib/python3.8/site-packages/airflow/example_dags/example_branch_datetime_operator.py
[2023-03-01T12:30:16.479+0100] {processor.py:753} INFO - DAG(s) dict_keys(['example_branch_datetime_operator', 'example_branch_datetime_operator_2', 'example_branch_datetime_operator_3']) retrieved from /Users/oanottage/opt/anaconda3/lib/python3.8/site-packages/airflow/example_dags/example_branch_datetime_operator.py
[2023-03-01T12:30:17.361+0100] {logging_mixin.py:137} INFO - [2023-03-01T12:30:17.360+0100] {dag.py:2690} INFO - Sync 3 DAGs
[2023-03-01T12:30:17.374+0100] {logging_mixin.py:137} INFO - [2023-03-01T12:30:17.374+0100] {dag.py:3437} INFO - Setting next_dagrun for example_branch_datetime_operator to 2023-02-28T00:00:00+00:00, run_after=2023-03-01T00:00:00+00:00
[2023-03-01T12:30:17.376+0100] {logging_mixin.py:137} INFO - [2023-03-01T12:30:17.376+0100] {dag.py:3437} INFO - Setting next_dagrun for example_branch_datetime_operator_2 to 2023-02-28T00:00:00+00:00, run_after=2023-03-01T00:00:00+00:00
[2023-03-01T12:30:17.378+0100] {logging_mixin.py:137} INFO - [2023-03-01T12:30:17.378+0100] {dag.py:3437} INFO - Setting next_dagrun for example_branch_datetime_operator_3 to 2023-02-28T00:00:00+00:00, run_after=2023-03-01T00:00:00+00:00
[2023-03-01T12:30:17.390+0100] {processor.py:175} INFO - Processing /Users/oanottage/opt/anaconda3/lib/python3.8/site-packages/airflow/example_dags/example_branch_datetime_operator.py took 0.962 seconds
[2023-03-01T12:32:04.398+0100] {processor.py:153} INFO - Started process (PID=17866) to work on /Users/oanottage/opt/anaconda3/lib/python3.8/site-packages/airflow/example_dags/example_branch_datetime_operator.py
[2023-03-01T12:32:04.401+0100] {processor.py:743} INFO - Processing file /Users/oanottage/opt/anaconda3/lib/python3.8/site-packages/airflow/example_dags/example_branch_datetime_operator.py for tasks to queue
[2023-03-01T12:32:04.402+0100] {logging_mixin.py:137} INFO - [2023-03-01T12:32:04.401+0100] {dagbag.py:538} INFO - Filling up the DagBag from /Users/oanottage/opt/anaconda3/lib/python3.8/site-packages/airflow/example_dags/example_branch_datetime_operator.py
[2023-03-01T12:32:04.453+0100] {processor.py:753} INFO - DAG(s) dict_keys(['example_branch_datetime_operator_2', 'example_branch_datetime_operator_3', 'example_branch_datetime_operator']) retrieved from /Users/oanottage/opt/anaconda3/lib/python3.8/site-packages/airflow/example_dags/example_branch_datetime_operator.py
[2023-03-01T12:32:05.344+0100] {logging_mixin.py:137} INFO - [2023-03-01T12:32:05.343+0100] {dag.py:2690} INFO - Sync 3 DAGs
[2023-03-01T12:32:05.357+0100] {logging_mixin.py:137} INFO - [2023-03-01T12:32:05.357+0100] {dag.py:3437} INFO - Setting next_dagrun for example_branch_datetime_operator to 2023-02-28T00:00:00+00:00, run_after=2023-03-01T00:00:00+00:00
[2023-03-01T12:32:05.360+0100] {logging_mixin.py:137} INFO - [2023-03-01T12:32:05.360+0100] {dag.py:3437} INFO - Setting next_dagrun for example_branch_datetime_operator_2 to 2023-02-28T00:00:00+00:00, run_after=2023-03-01T00:00:00+00:00
[2023-03-01T12:32:05.362+0100] {logging_mixin.py:137} INFO - [2023-03-01T12:32:05.362+0100] {dag.py:3437} INFO - Setting next_dagrun for example_branch_datetime_operator_3 to 2023-02-28T00:00:00+00:00, run_after=2023-03-01T00:00:00+00:00
[2023-03-01T12:32:05.372+0100] {processor.py:175} INFO - Processing /Users/oanottage/opt/anaconda3/lib/python3.8/site-packages/airflow/example_dags/example_branch_datetime_operator.py took 0.975 seconds
[2023-03-01T12:33:53.436+0100] {processor.py:153} INFO - Started process (PID=21071) to work on /Users/oanottage/opt/anaconda3/lib/python3.8/site-packages/airflow/example_dags/example_branch_datetime_operator.py
[2023-03-01T12:33:53.440+0100] {processor.py:743} INFO - Processing file /Users/oanottage/opt/anaconda3/lib/python3.8/site-packages/airflow/example_dags/example_branch_datetime_operator.py for tasks to queue
[2023-03-01T12:33:53.440+0100] {logging_mixin.py:137} INFO - [2023-03-01T12:33:53.440+0100] {dagbag.py:538} INFO - Filling up the DagBag from /Users/oanottage/opt/anaconda3/lib/python3.8/site-packages/airflow/example_dags/example_branch_datetime_operator.py
[2023-03-01T12:33:53.486+0100] {processor.py:753} INFO - DAG(s) dict_keys(['example_branch_datetime_operator_3', 'example_branch_datetime_operator_2', 'example_branch_datetime_operator']) retrieved from /Users/oanottage/opt/anaconda3/lib/python3.8/site-packages/airflow/example_dags/example_branch_datetime_operator.py
[2023-03-01T12:33:54.334+0100] {logging_mixin.py:137} INFO - [2023-03-01T12:33:54.334+0100] {dag.py:2690} INFO - Sync 3 DAGs
[2023-03-01T12:33:54.347+0100] {logging_mixin.py:137} INFO - [2023-03-01T12:33:54.347+0100] {dag.py:3437} INFO - Setting next_dagrun for example_branch_datetime_operator to 2023-02-28T00:00:00+00:00, run_after=2023-03-01T00:00:00+00:00
[2023-03-01T12:33:54.349+0100] {logging_mixin.py:137} INFO - [2023-03-01T12:33:54.349+0100] {dag.py:3437} INFO - Setting next_dagrun for example_branch_datetime_operator_2 to 2023-02-28T00:00:00+00:00, run_after=2023-03-01T00:00:00+00:00
[2023-03-01T12:33:54.351+0100] {logging_mixin.py:137} INFO - [2023-03-01T12:33:54.351+0100] {dag.py:3437} INFO - Setting next_dagrun for example_branch_datetime_operator_3 to 2023-02-28T00:00:00+00:00, run_after=2023-03-01T00:00:00+00:00
[2023-03-01T12:33:54.362+0100] {processor.py:175} INFO - Processing /Users/oanottage/opt/anaconda3/lib/python3.8/site-packages/airflow/example_dags/example_branch_datetime_operator.py took 0.926 seconds
[2023-03-01T12:35:45.204+0100] {processor.py:153} INFO - Started process (PID=25283) to work on /Users/oanottage/opt/anaconda3/lib/python3.8/site-packages/airflow/example_dags/example_branch_datetime_operator.py
[2023-03-01T12:35:45.207+0100] {processor.py:743} INFO - Processing file /Users/oanottage/opt/anaconda3/lib/python3.8/site-packages/airflow/example_dags/example_branch_datetime_operator.py for tasks to queue
[2023-03-01T12:35:45.208+0100] {logging_mixin.py:137} INFO - [2023-03-01T12:35:45.208+0100] {dagbag.py:538} INFO - Filling up the DagBag from /Users/oanottage/opt/anaconda3/lib/python3.8/site-packages/airflow/example_dags/example_branch_datetime_operator.py
[2023-03-01T12:35:45.262+0100] {processor.py:753} INFO - DAG(s) dict_keys(['example_branch_datetime_operator', 'example_branch_datetime_operator_2', 'example_branch_datetime_operator_3']) retrieved from /Users/oanottage/opt/anaconda3/lib/python3.8/site-packages/airflow/example_dags/example_branch_datetime_operator.py
[2023-03-01T12:35:46.231+0100] {logging_mixin.py:137} INFO - [2023-03-01T12:35:46.231+0100] {dag.py:2690} INFO - Sync 3 DAGs
[2023-03-01T12:35:46.248+0100] {logging_mixin.py:137} INFO - [2023-03-01T12:35:46.248+0100] {dag.py:3437} INFO - Setting next_dagrun for example_branch_datetime_operator to 2023-02-28T00:00:00+00:00, run_after=2023-03-01T00:00:00+00:00
[2023-03-01T12:35:46.251+0100] {logging_mixin.py:137} INFO - [2023-03-01T12:35:46.251+0100] {dag.py:3437} INFO - Setting next_dagrun for example_branch_datetime_operator_2 to 2023-02-28T00:00:00+00:00, run_after=2023-03-01T00:00:00+00:00
[2023-03-01T12:35:46.253+0100] {logging_mixin.py:137} INFO - [2023-03-01T12:35:46.253+0100] {dag.py:3437} INFO - Setting next_dagrun for example_branch_datetime_operator_3 to 2023-02-28T00:00:00+00:00, run_after=2023-03-01T00:00:00+00:00
[2023-03-01T12:35:46.266+0100] {processor.py:175} INFO - Processing /Users/oanottage/opt/anaconda3/lib/python3.8/site-packages/airflow/example_dags/example_branch_datetime_operator.py took 1.063 seconds
[2023-03-01T12:37:40.434+0100] {processor.py:153} INFO - Started process (PID=29522) to work on /Users/oanottage/opt/anaconda3/lib/python3.8/site-packages/airflow/example_dags/example_branch_datetime_operator.py
[2023-03-01T12:37:40.439+0100] {processor.py:743} INFO - Processing file /Users/oanottage/opt/anaconda3/lib/python3.8/site-packages/airflow/example_dags/example_branch_datetime_operator.py for tasks to queue
[2023-03-01T12:37:40.439+0100] {logging_mixin.py:137} INFO - [2023-03-01T12:37:40.439+0100] {dagbag.py:538} INFO - Filling up the DagBag from /Users/oanottage/opt/anaconda3/lib/python3.8/site-packages/airflow/example_dags/example_branch_datetime_operator.py
[2023-03-01T12:37:40.493+0100] {processor.py:753} INFO - DAG(s) dict_keys(['example_branch_datetime_operator', 'example_branch_datetime_operator_2', 'example_branch_datetime_operator_3']) retrieved from /Users/oanottage/opt/anaconda3/lib/python3.8/site-packages/airflow/example_dags/example_branch_datetime_operator.py
[2023-03-01T12:37:41.330+0100] {logging_mixin.py:137} INFO - [2023-03-01T12:37:41.330+0100] {dag.py:2690} INFO - Sync 3 DAGs
[2023-03-01T12:37:41.345+0100] {logging_mixin.py:137} INFO - [2023-03-01T12:37:41.345+0100] {dag.py:3437} INFO - Setting next_dagrun for example_branch_datetime_operator to 2023-02-28T00:00:00+00:00, run_after=2023-03-01T00:00:00+00:00
[2023-03-01T12:37:41.348+0100] {logging_mixin.py:137} INFO - [2023-03-01T12:37:41.348+0100] {dag.py:3437} INFO - Setting next_dagrun for example_branch_datetime_operator_2 to 2023-02-28T00:00:00+00:00, run_after=2023-03-01T00:00:00+00:00
[2023-03-01T12:37:41.350+0100] {logging_mixin.py:137} INFO - [2023-03-01T12:37:41.350+0100] {dag.py:3437} INFO - Setting next_dagrun for example_branch_datetime_operator_3 to 2023-02-28T00:00:00+00:00, run_after=2023-03-01T00:00:00+00:00
[2023-03-01T12:37:41.360+0100] {processor.py:175} INFO - Processing /Users/oanottage/opt/anaconda3/lib/python3.8/site-packages/airflow/example_dags/example_branch_datetime_operator.py took 0.927 seconds
[2023-03-01T12:39:40.383+0100] {processor.py:153} INFO - Started process (PID=33759) to work on /Users/oanottage/opt/anaconda3/lib/python3.8/site-packages/airflow/example_dags/example_branch_datetime_operator.py
[2023-03-01T12:39:40.387+0100] {processor.py:743} INFO - Processing file /Users/oanottage/opt/anaconda3/lib/python3.8/site-packages/airflow/example_dags/example_branch_datetime_operator.py for tasks to queue
[2023-03-01T12:39:40.387+0100] {logging_mixin.py:137} INFO - [2023-03-01T12:39:40.387+0100] {dagbag.py:538} INFO - Filling up the DagBag from /Users/oanottage/opt/anaconda3/lib/python3.8/site-packages/airflow/example_dags/example_branch_datetime_operator.py
[2023-03-01T12:39:40.458+0100] {processor.py:753} INFO - DAG(s) dict_keys(['example_branch_datetime_operator_2', 'example_branch_datetime_operator_3', 'example_branch_datetime_operator']) retrieved from /Users/oanottage/opt/anaconda3/lib/python3.8/site-packages/airflow/example_dags/example_branch_datetime_operator.py
[2023-03-01T12:39:42.173+0100] {logging_mixin.py:137} INFO - [2023-03-01T12:39:42.173+0100] {dag.py:2690} INFO - Sync 3 DAGs
[2023-03-01T12:39:42.203+0100] {logging_mixin.py:137} INFO - [2023-03-01T12:39:42.203+0100] {dag.py:3437} INFO - Setting next_dagrun for example_branch_datetime_operator to 2023-02-28T00:00:00+00:00, run_after=2023-03-01T00:00:00+00:00
[2023-03-01T12:39:42.210+0100] {logging_mixin.py:137} INFO - [2023-03-01T12:39:42.210+0100] {dag.py:3437} INFO - Setting next_dagrun for example_branch_datetime_operator_2 to 2023-02-28T00:00:00+00:00, run_after=2023-03-01T00:00:00+00:00
[2023-03-01T12:39:42.213+0100] {logging_mixin.py:137} INFO - [2023-03-01T12:39:42.213+0100] {dag.py:3437} INFO - Setting next_dagrun for example_branch_datetime_operator_3 to 2023-02-28T00:00:00+00:00, run_after=2023-03-01T00:00:00+00:00
[2023-03-01T12:39:42.239+0100] {processor.py:175} INFO - Processing /Users/oanottage/opt/anaconda3/lib/python3.8/site-packages/airflow/example_dags/example_branch_datetime_operator.py took 1.857 seconds
[2023-03-01T12:41:50.648+0100] {processor.py:153} INFO - Started process (PID=38025) to work on /Users/oanottage/opt/anaconda3/lib/python3.8/site-packages/airflow/example_dags/example_branch_datetime_operator.py
[2023-03-01T12:41:50.651+0100] {processor.py:743} INFO - Processing file /Users/oanottage/opt/anaconda3/lib/python3.8/site-packages/airflow/example_dags/example_branch_datetime_operator.py for tasks to queue
[2023-03-01T12:41:50.651+0100] {logging_mixin.py:137} INFO - [2023-03-01T12:41:50.651+0100] {dagbag.py:538} INFO - Filling up the DagBag from /Users/oanottage/opt/anaconda3/lib/python3.8/site-packages/airflow/example_dags/example_branch_datetime_operator.py
[2023-03-01T12:41:50.706+0100] {processor.py:753} INFO - DAG(s) dict_keys(['example_branch_datetime_operator', 'example_branch_datetime_operator_2', 'example_branch_datetime_operator_3']) retrieved from /Users/oanottage/opt/anaconda3/lib/python3.8/site-packages/airflow/example_dags/example_branch_datetime_operator.py
[2023-03-01T12:41:51.611+0100] {logging_mixin.py:137} INFO - [2023-03-01T12:41:51.610+0100] {dag.py:2690} INFO - Sync 3 DAGs
[2023-03-01T12:41:51.627+0100] {logging_mixin.py:137} INFO - [2023-03-01T12:41:51.627+0100] {dag.py:3437} INFO - Setting next_dagrun for example_branch_datetime_operator to 2023-02-28T00:00:00+00:00, run_after=2023-03-01T00:00:00+00:00
[2023-03-01T12:41:51.631+0100] {logging_mixin.py:137} INFO - [2023-03-01T12:41:51.631+0100] {dag.py:3437} INFO - Setting next_dagrun for example_branch_datetime_operator_2 to 2023-02-28T00:00:00+00:00, run_after=2023-03-01T00:00:00+00:00
[2023-03-01T12:41:51.633+0100] {logging_mixin.py:137} INFO - [2023-03-01T12:41:51.633+0100] {dag.py:3437} INFO - Setting next_dagrun for example_branch_datetime_operator_3 to 2023-02-28T00:00:00+00:00, run_after=2023-03-01T00:00:00+00:00
[2023-03-01T12:41:51.648+0100] {processor.py:175} INFO - Processing /Users/oanottage/opt/anaconda3/lib/python3.8/site-packages/airflow/example_dags/example_branch_datetime_operator.py took 1.001 seconds
[2023-03-01T12:44:00.258+0100] {processor.py:153} INFO - Started process (PID=42809) to work on /Users/oanottage/opt/anaconda3/lib/python3.8/site-packages/airflow/example_dags/example_branch_datetime_operator.py
[2023-03-01T12:44:00.262+0100] {processor.py:743} INFO - Processing file /Users/oanottage/opt/anaconda3/lib/python3.8/site-packages/airflow/example_dags/example_branch_datetime_operator.py for tasks to queue
[2023-03-01T12:44:00.263+0100] {logging_mixin.py:137} INFO - [2023-03-01T12:44:00.263+0100] {dagbag.py:538} INFO - Filling up the DagBag from /Users/oanottage/opt/anaconda3/lib/python3.8/site-packages/airflow/example_dags/example_branch_datetime_operator.py
[2023-03-01T12:44:00.331+0100] {processor.py:753} INFO - DAG(s) dict_keys(['example_branch_datetime_operator', 'example_branch_datetime_operator_3', 'example_branch_datetime_operator_2']) retrieved from /Users/oanottage/opt/anaconda3/lib/python3.8/site-packages/airflow/example_dags/example_branch_datetime_operator.py
[2023-03-01T12:44:01.768+0100] {logging_mixin.py:137} INFO - [2023-03-01T12:44:01.768+0100] {dag.py:2690} INFO - Sync 3 DAGs
[2023-03-01T12:44:01.824+0100] {logging_mixin.py:137} INFO - [2023-03-01T12:44:01.824+0100] {dag.py:3437} INFO - Setting next_dagrun for example_branch_datetime_operator to 2023-02-28T00:00:00+00:00, run_after=2023-03-01T00:00:00+00:00
[2023-03-01T12:44:01.839+0100] {logging_mixin.py:137} INFO - [2023-03-01T12:44:01.839+0100] {dag.py:3437} INFO - Setting next_dagrun for example_branch_datetime_operator_2 to 2023-02-28T00:00:00+00:00, run_after=2023-03-01T00:00:00+00:00
[2023-03-01T12:44:01.843+0100] {logging_mixin.py:137} INFO - [2023-03-01T12:44:01.842+0100] {dag.py:3437} INFO - Setting next_dagrun for example_branch_datetime_operator_3 to 2023-02-28T00:00:00+00:00, run_after=2023-03-01T00:00:00+00:00
[2023-03-01T12:44:01.882+0100] {processor.py:175} INFO - Processing /Users/oanottage/opt/anaconda3/lib/python3.8/site-packages/airflow/example_dags/example_branch_datetime_operator.py took 1.625 seconds
[2023-03-01T12:46:10.667+0100] {processor.py:153} INFO - Started process (PID=47588) to work on /Users/oanottage/opt/anaconda3/lib/python3.8/site-packages/airflow/example_dags/example_branch_datetime_operator.py
[2023-03-01T12:46:10.671+0100] {processor.py:743} INFO - Processing file /Users/oanottage/opt/anaconda3/lib/python3.8/site-packages/airflow/example_dags/example_branch_datetime_operator.py for tasks to queue
[2023-03-01T12:46:10.671+0100] {logging_mixin.py:137} INFO - [2023-03-01T12:46:10.671+0100] {dagbag.py:538} INFO - Filling up the DagBag from /Users/oanottage/opt/anaconda3/lib/python3.8/site-packages/airflow/example_dags/example_branch_datetime_operator.py
[2023-03-01T12:46:10.734+0100] {processor.py:753} INFO - DAG(s) dict_keys(['example_branch_datetime_operator', 'example_branch_datetime_operator_2', 'example_branch_datetime_operator_3']) retrieved from /Users/oanottage/opt/anaconda3/lib/python3.8/site-packages/airflow/example_dags/example_branch_datetime_operator.py
[2023-03-01T12:46:11.594+0100] {logging_mixin.py:137} INFO - [2023-03-01T12:46:11.594+0100] {dag.py:2690} INFO - Sync 3 DAGs
[2023-03-01T12:46:11.609+0100] {logging_mixin.py:137} INFO - [2023-03-01T12:46:11.609+0100] {dag.py:3437} INFO - Setting next_dagrun for example_branch_datetime_operator to 2023-02-28T00:00:00+00:00, run_after=2023-03-01T00:00:00+00:00
[2023-03-01T12:46:11.613+0100] {logging_mixin.py:137} INFO - [2023-03-01T12:46:11.612+0100] {dag.py:3437} INFO - Setting next_dagrun for example_branch_datetime_operator_2 to 2023-02-28T00:00:00+00:00, run_after=2023-03-01T00:00:00+00:00
[2023-03-01T12:46:11.614+0100] {logging_mixin.py:137} INFO - [2023-03-01T12:46:11.614+0100] {dag.py:3437} INFO - Setting next_dagrun for example_branch_datetime_operator_3 to 2023-02-28T00:00:00+00:00, run_after=2023-03-01T00:00:00+00:00
[2023-03-01T12:46:11.628+0100] {processor.py:175} INFO - Processing /Users/oanottage/opt/anaconda3/lib/python3.8/site-packages/airflow/example_dags/example_branch_datetime_operator.py took 0.962 seconds
[2023-03-01T12:48:13.002+0100] {processor.py:153} INFO - Started process (PID=51910) to work on /Users/oanottage/opt/anaconda3/lib/python3.8/site-packages/airflow/example_dags/example_branch_datetime_operator.py
[2023-03-01T12:48:13.006+0100] {processor.py:743} INFO - Processing file /Users/oanottage/opt/anaconda3/lib/python3.8/site-packages/airflow/example_dags/example_branch_datetime_operator.py for tasks to queue
[2023-03-01T12:48:13.007+0100] {logging_mixin.py:137} INFO - [2023-03-01T12:48:13.007+0100] {dagbag.py:538} INFO - Filling up the DagBag from /Users/oanottage/opt/anaconda3/lib/python3.8/site-packages/airflow/example_dags/example_branch_datetime_operator.py
[2023-03-01T12:48:13.056+0100] {processor.py:753} INFO - DAG(s) dict_keys(['example_branch_datetime_operator_3', 'example_branch_datetime_operator_2', 'example_branch_datetime_operator']) retrieved from /Users/oanottage/opt/anaconda3/lib/python3.8/site-packages/airflow/example_dags/example_branch_datetime_operator.py
[2023-03-01T12:48:14.048+0100] {logging_mixin.py:137} INFO - [2023-03-01T12:48:14.048+0100] {dag.py:2690} INFO - Sync 3 DAGs
[2023-03-01T12:48:14.065+0100] {logging_mixin.py:137} INFO - [2023-03-01T12:48:14.065+0100] {dag.py:3437} INFO - Setting next_dagrun for example_branch_datetime_operator to 2023-02-28T00:00:00+00:00, run_after=2023-03-01T00:00:00+00:00
[2023-03-01T12:48:14.069+0100] {logging_mixin.py:137} INFO - [2023-03-01T12:48:14.069+0100] {dag.py:3437} INFO - Setting next_dagrun for example_branch_datetime_operator_2 to 2023-02-28T00:00:00+00:00, run_after=2023-03-01T00:00:00+00:00
[2023-03-01T12:48:14.071+0100] {logging_mixin.py:137} INFO - [2023-03-01T12:48:14.071+0100] {dag.py:3437} INFO - Setting next_dagrun for example_branch_datetime_operator_3 to 2023-02-28T00:00:00+00:00, run_after=2023-03-01T00:00:00+00:00
[2023-03-01T12:48:14.085+0100] {processor.py:175} INFO - Processing /Users/oanottage/opt/anaconda3/lib/python3.8/site-packages/airflow/example_dags/example_branch_datetime_operator.py took 1.083 seconds
[2023-03-01T12:50:18.200+0100] {processor.py:153} INFO - Started process (PID=56225) to work on /Users/oanottage/opt/anaconda3/lib/python3.8/site-packages/airflow/example_dags/example_branch_datetime_operator.py
[2023-03-01T12:50:18.206+0100] {processor.py:743} INFO - Processing file /Users/oanottage/opt/anaconda3/lib/python3.8/site-packages/airflow/example_dags/example_branch_datetime_operator.py for tasks to queue
[2023-03-01T12:50:18.206+0100] {logging_mixin.py:137} INFO - [2023-03-01T12:50:18.206+0100] {dagbag.py:538} INFO - Filling up the DagBag from /Users/oanottage/opt/anaconda3/lib/python3.8/site-packages/airflow/example_dags/example_branch_datetime_operator.py
[2023-03-01T12:50:18.309+0100] {processor.py:753} INFO - DAG(s) dict_keys(['example_branch_datetime_operator_3', 'example_branch_datetime_operator', 'example_branch_datetime_operator_2']) retrieved from /Users/oanottage/opt/anaconda3/lib/python3.8/site-packages/airflow/example_dags/example_branch_datetime_operator.py
[2023-03-01T12:50:19.589+0100] {logging_mixin.py:137} INFO - [2023-03-01T12:50:19.589+0100] {dag.py:2690} INFO - Sync 3 DAGs
[2023-03-01T12:50:19.609+0100] {logging_mixin.py:137} INFO - [2023-03-01T12:50:19.609+0100] {dag.py:3437} INFO - Setting next_dagrun for example_branch_datetime_operator to 2023-02-28T00:00:00+00:00, run_after=2023-03-01T00:00:00+00:00
[2023-03-01T12:50:19.613+0100] {logging_mixin.py:137} INFO - [2023-03-01T12:50:19.613+0100] {dag.py:3437} INFO - Setting next_dagrun for example_branch_datetime_operator_2 to 2023-02-28T00:00:00+00:00, run_after=2023-03-01T00:00:00+00:00
[2023-03-01T12:50:19.616+0100] {logging_mixin.py:137} INFO - [2023-03-01T12:50:19.616+0100] {dag.py:3437} INFO - Setting next_dagrun for example_branch_datetime_operator_3 to 2023-02-28T00:00:00+00:00, run_after=2023-03-01T00:00:00+00:00
[2023-03-01T12:50:19.633+0100] {processor.py:175} INFO - Processing /Users/oanottage/opt/anaconda3/lib/python3.8/site-packages/airflow/example_dags/example_branch_datetime_operator.py took 1.434 seconds
[2023-03-01T12:52:14.748+0100] {processor.py:153} INFO - Started process (PID=60474) to work on /Users/oanottage/opt/anaconda3/lib/python3.8/site-packages/airflow/example_dags/example_branch_datetime_operator.py
[2023-03-01T12:52:14.753+0100] {processor.py:743} INFO - Processing file /Users/oanottage/opt/anaconda3/lib/python3.8/site-packages/airflow/example_dags/example_branch_datetime_operator.py for tasks to queue
[2023-03-01T12:52:14.753+0100] {logging_mixin.py:137} INFO - [2023-03-01T12:52:14.753+0100] {dagbag.py:538} INFO - Filling up the DagBag from /Users/oanottage/opt/anaconda3/lib/python3.8/site-packages/airflow/example_dags/example_branch_datetime_operator.py
[2023-03-01T12:52:14.814+0100] {processor.py:753} INFO - DAG(s) dict_keys(['example_branch_datetime_operator_2', 'example_branch_datetime_operator_3', 'example_branch_datetime_operator']) retrieved from /Users/oanottage/opt/anaconda3/lib/python3.8/site-packages/airflow/example_dags/example_branch_datetime_operator.py
[2023-03-01T12:52:15.950+0100] {logging_mixin.py:137} INFO - [2023-03-01T12:52:15.950+0100] {dag.py:2690} INFO - Sync 3 DAGs
[2023-03-01T12:52:15.969+0100] {logging_mixin.py:137} INFO - [2023-03-01T12:52:15.969+0100] {dag.py:3437} INFO - Setting next_dagrun for example_branch_datetime_operator to 2023-02-28T00:00:00+00:00, run_after=2023-03-01T00:00:00+00:00
[2023-03-01T12:52:15.973+0100] {logging_mixin.py:137} INFO - [2023-03-01T12:52:15.973+0100] {dag.py:3437} INFO - Setting next_dagrun for example_branch_datetime_operator_2 to 2023-02-28T00:00:00+00:00, run_after=2023-03-01T00:00:00+00:00
[2023-03-01T12:52:15.976+0100] {logging_mixin.py:137} INFO - [2023-03-01T12:52:15.976+0100] {dag.py:3437} INFO - Setting next_dagrun for example_branch_datetime_operator_3 to 2023-02-28T00:00:00+00:00, run_after=2023-03-01T00:00:00+00:00
[2023-03-01T12:52:15.991+0100] {processor.py:175} INFO - Processing /Users/oanottage/opt/anaconda3/lib/python3.8/site-packages/airflow/example_dags/example_branch_datetime_operator.py took 1.243 seconds
[2023-03-01T12:54:20.409+0100] {processor.py:153} INFO - Started process (PID=64780) to work on /Users/oanottage/opt/anaconda3/lib/python3.8/site-packages/airflow/example_dags/example_branch_datetime_operator.py
[2023-03-01T12:54:20.413+0100] {processor.py:743} INFO - Processing file /Users/oanottage/opt/anaconda3/lib/python3.8/site-packages/airflow/example_dags/example_branch_datetime_operator.py for tasks to queue
[2023-03-01T12:54:20.414+0100] {logging_mixin.py:137} INFO - [2023-03-01T12:54:20.413+0100] {dagbag.py:538} INFO - Filling up the DagBag from /Users/oanottage/opt/anaconda3/lib/python3.8/site-packages/airflow/example_dags/example_branch_datetime_operator.py
[2023-03-01T12:54:20.464+0100] {processor.py:753} INFO - DAG(s) dict_keys(['example_branch_datetime_operator', 'example_branch_datetime_operator_2', 'example_branch_datetime_operator_3']) retrieved from /Users/oanottage/opt/anaconda3/lib/python3.8/site-packages/airflow/example_dags/example_branch_datetime_operator.py
[2023-03-01T12:54:21.326+0100] {logging_mixin.py:137} INFO - [2023-03-01T12:54:21.325+0100] {dag.py:2690} INFO - Sync 3 DAGs
[2023-03-01T12:54:21.345+0100] {logging_mixin.py:137} INFO - [2023-03-01T12:54:21.344+0100] {dag.py:3437} INFO - Setting next_dagrun for example_branch_datetime_operator to 2023-02-28T00:00:00+00:00, run_after=2023-03-01T00:00:00+00:00
[2023-03-01T12:54:21.354+0100] {logging_mixin.py:137} INFO - [2023-03-01T12:54:21.353+0100] {dag.py:3437} INFO - Setting next_dagrun for example_branch_datetime_operator_2 to 2023-02-28T00:00:00+00:00, run_after=2023-03-01T00:00:00+00:00
[2023-03-01T12:54:21.357+0100] {logging_mixin.py:137} INFO - [2023-03-01T12:54:21.357+0100] {dag.py:3437} INFO - Setting next_dagrun for example_branch_datetime_operator_3 to 2023-02-28T00:00:00+00:00, run_after=2023-03-01T00:00:00+00:00
[2023-03-01T12:54:21.381+0100] {processor.py:175} INFO - Processing /Users/oanottage/opt/anaconda3/lib/python3.8/site-packages/airflow/example_dags/example_branch_datetime_operator.py took 0.973 seconds
[2023-03-01T12:56:14.428+0100] {processor.py:153} INFO - Started process (PID=69031) to work on /Users/oanottage/opt/anaconda3/lib/python3.8/site-packages/airflow/example_dags/example_branch_datetime_operator.py
[2023-03-01T12:56:14.431+0100] {processor.py:743} INFO - Processing file /Users/oanottage/opt/anaconda3/lib/python3.8/site-packages/airflow/example_dags/example_branch_datetime_operator.py for tasks to queue
[2023-03-01T12:56:14.432+0100] {logging_mixin.py:137} INFO - [2023-03-01T12:56:14.431+0100] {dagbag.py:538} INFO - Filling up the DagBag from /Users/oanottage/opt/anaconda3/lib/python3.8/site-packages/airflow/example_dags/example_branch_datetime_operator.py
[2023-03-01T12:56:14.483+0100] {processor.py:753} INFO - DAG(s) dict_keys(['example_branch_datetime_operator', 'example_branch_datetime_operator_3', 'example_branch_datetime_operator_2']) retrieved from /Users/oanottage/opt/anaconda3/lib/python3.8/site-packages/airflow/example_dags/example_branch_datetime_operator.py
[2023-03-01T12:56:15.389+0100] {logging_mixin.py:137} INFO - [2023-03-01T12:56:15.389+0100] {dag.py:2690} INFO - Sync 3 DAGs
[2023-03-01T12:56:15.402+0100] {logging_mixin.py:137} INFO - [2023-03-01T12:56:15.402+0100] {dag.py:3437} INFO - Setting next_dagrun for example_branch_datetime_operator to 2023-02-28T00:00:00+00:00, run_after=2023-03-01T00:00:00+00:00
[2023-03-01T12:56:15.405+0100] {logging_mixin.py:137} INFO - [2023-03-01T12:56:15.405+0100] {dag.py:3437} INFO - Setting next_dagrun for example_branch_datetime_operator_2 to 2023-02-28T00:00:00+00:00, run_after=2023-03-01T00:00:00+00:00
[2023-03-01T12:56:15.406+0100] {logging_mixin.py:137} INFO - [2023-03-01T12:56:15.406+0100] {dag.py:3437} INFO - Setting next_dagrun for example_branch_datetime_operator_3 to 2023-02-28T00:00:00+00:00, run_after=2023-03-01T00:00:00+00:00
[2023-03-01T12:56:15.419+0100] {processor.py:175} INFO - Processing /Users/oanottage/opt/anaconda3/lib/python3.8/site-packages/airflow/example_dags/example_branch_datetime_operator.py took 0.991 seconds
[2023-03-01T12:58:05.172+0100] {processor.py:153} INFO - Started process (PID=73314) to work on /Users/oanottage/opt/anaconda3/lib/python3.8/site-packages/airflow/example_dags/example_branch_datetime_operator.py
[2023-03-01T12:58:05.177+0100] {processor.py:743} INFO - Processing file /Users/oanottage/opt/anaconda3/lib/python3.8/site-packages/airflow/example_dags/example_branch_datetime_operator.py for tasks to queue
[2023-03-01T12:58:05.178+0100] {logging_mixin.py:137} INFO - [2023-03-01T12:58:05.177+0100] {dagbag.py:538} INFO - Filling up the DagBag from /Users/oanottage/opt/anaconda3/lib/python3.8/site-packages/airflow/example_dags/example_branch_datetime_operator.py
[2023-03-01T12:58:05.229+0100] {processor.py:753} INFO - DAG(s) dict_keys(['example_branch_datetime_operator_3', 'example_branch_datetime_operator_2', 'example_branch_datetime_operator']) retrieved from /Users/oanottage/opt/anaconda3/lib/python3.8/site-packages/airflow/example_dags/example_branch_datetime_operator.py
[2023-03-01T12:58:06.172+0100] {logging_mixin.py:137} INFO - [2023-03-01T12:58:06.171+0100] {dag.py:2690} INFO - Sync 3 DAGs
[2023-03-01T12:58:06.186+0100] {logging_mixin.py:137} INFO - [2023-03-01T12:58:06.186+0100] {dag.py:3437} INFO - Setting next_dagrun for example_branch_datetime_operator to 2023-02-28T00:00:00+00:00, run_after=2023-03-01T00:00:00+00:00
[2023-03-01T12:58:06.189+0100] {logging_mixin.py:137} INFO - [2023-03-01T12:58:06.189+0100] {dag.py:3437} INFO - Setting next_dagrun for example_branch_datetime_operator_2 to 2023-02-28T00:00:00+00:00, run_after=2023-03-01T00:00:00+00:00
[2023-03-01T12:58:06.191+0100] {logging_mixin.py:137} INFO - [2023-03-01T12:58:06.191+0100] {dag.py:3437} INFO - Setting next_dagrun for example_branch_datetime_operator_3 to 2023-02-28T00:00:00+00:00, run_after=2023-03-01T00:00:00+00:00
[2023-03-01T12:58:06.203+0100] {processor.py:175} INFO - Processing /Users/oanottage/opt/anaconda3/lib/python3.8/site-packages/airflow/example_dags/example_branch_datetime_operator.py took 1.032 seconds
[2023-03-01T13:00:05.784+0100] {processor.py:153} INFO - Started process (PID=77590) to work on /Users/oanottage/opt/anaconda3/lib/python3.8/site-packages/airflow/example_dags/example_branch_datetime_operator.py
[2023-03-01T13:00:05.789+0100] {processor.py:743} INFO - Processing file /Users/oanottage/opt/anaconda3/lib/python3.8/site-packages/airflow/example_dags/example_branch_datetime_operator.py for tasks to queue
[2023-03-01T13:00:05.790+0100] {logging_mixin.py:137} INFO - [2023-03-01T13:00:05.789+0100] {dagbag.py:538} INFO - Filling up the DagBag from /Users/oanottage/opt/anaconda3/lib/python3.8/site-packages/airflow/example_dags/example_branch_datetime_operator.py
[2023-03-01T13:00:05.855+0100] {processor.py:753} INFO - DAG(s) dict_keys(['example_branch_datetime_operator', 'example_branch_datetime_operator_3', 'example_branch_datetime_operator_2']) retrieved from /Users/oanottage/opt/anaconda3/lib/python3.8/site-packages/airflow/example_dags/example_branch_datetime_operator.py
[2023-03-01T13:00:06.709+0100] {logging_mixin.py:137} INFO - [2023-03-01T13:00:06.708+0100] {dag.py:2690} INFO - Sync 3 DAGs
[2023-03-01T13:00:06.731+0100] {logging_mixin.py:137} INFO - [2023-03-01T13:00:06.731+0100] {dag.py:3437} INFO - Setting next_dagrun for example_branch_datetime_operator to 2023-02-28T00:00:00+00:00, run_after=2023-03-01T00:00:00+00:00
[2023-03-01T13:00:06.736+0100] {logging_mixin.py:137} INFO - [2023-03-01T13:00:06.736+0100] {dag.py:3437} INFO - Setting next_dagrun for example_branch_datetime_operator_2 to 2023-02-28T00:00:00+00:00, run_after=2023-03-01T00:00:00+00:00
[2023-03-01T13:00:06.739+0100] {logging_mixin.py:137} INFO - [2023-03-01T13:00:06.739+0100] {dag.py:3437} INFO - Setting next_dagrun for example_branch_datetime_operator_3 to 2023-02-28T00:00:00+00:00, run_after=2023-03-01T00:00:00+00:00
[2023-03-01T13:00:06.759+0100] {processor.py:175} INFO - Processing /Users/oanottage/opt/anaconda3/lib/python3.8/site-packages/airflow/example_dags/example_branch_datetime_operator.py took 0.975 seconds
