[2023-03-01T12:02:42.543+0100] {processor.py:153} INFO - Started process (PID=55192) to work on /Users/oanottage/opt/anaconda3/lib/python3.8/site-packages/airflow/example_dags/example_xcom.py
[2023-03-01T12:02:42.547+0100] {processor.py:743} INFO - Processing file /Users/oanottage/opt/anaconda3/lib/python3.8/site-packages/airflow/example_dags/example_xcom.py for tasks to queue
[2023-03-01T12:02:42.548+0100] {logging_mixin.py:137} INFO - [2023-03-01T12:02:42.548+0100] {dagbag.py:538} INFO - Filling up the DagBag from /Users/oanottage/opt/anaconda3/lib/python3.8/site-packages/airflow/example_dags/example_xcom.py
[2023-03-01T12:02:42.613+0100] {processor.py:753} INFO - DAG(s) dict_keys(['example_xcom']) retrieved from /Users/oanottage/opt/anaconda3/lib/python3.8/site-packages/airflow/example_dags/example_xcom.py
[2023-03-01T12:02:43.558+0100] {logging_mixin.py:137} INFO - [2023-03-01T12:02:43.558+0100] {manager.py:504} INFO - Created Permission View: can edit on DAG:example_xcom
[2023-03-01T12:02:43.564+0100] {logging_mixin.py:137} INFO - [2023-03-01T12:02:43.564+0100] {manager.py:504} INFO - Created Permission View: can delete on DAG:example_xcom
[2023-03-01T12:02:43.568+0100] {logging_mixin.py:137} INFO - [2023-03-01T12:02:43.568+0100] {manager.py:504} INFO - Created Permission View: can read on DAG:example_xcom
[2023-03-01T12:02:43.568+0100] {logging_mixin.py:137} INFO - [2023-03-01T12:02:43.568+0100] {dag.py:2690} INFO - Sync 1 DAGs
[2023-03-01T12:02:43.576+0100] {logging_mixin.py:137} INFO - [2023-03-01T12:02:43.576+0100] {dag.py:2711} INFO - Creating ORM DAG for example_xcom
[2023-03-01T12:02:43.582+0100] {logging_mixin.py:137} INFO - [2023-03-01T12:02:43.582+0100] {dag.py:3437} INFO - Setting next_dagrun for example_xcom to 2021-01-01T00:00:00+00:00, run_after=2021-01-01T00:00:00+00:00
[2023-03-01T12:02:43.597+0100] {processor.py:175} INFO - Processing /Users/oanottage/opt/anaconda3/lib/python3.8/site-packages/airflow/example_dags/example_xcom.py took 1.054 seconds
[2023-03-01T12:04:46.268+0100] {processor.py:153} INFO - Started process (PID=59377) to work on /Users/oanottage/opt/anaconda3/lib/python3.8/site-packages/airflow/example_dags/example_xcom.py
[2023-03-01T12:04:46.274+0100] {processor.py:743} INFO - Processing file /Users/oanottage/opt/anaconda3/lib/python3.8/site-packages/airflow/example_dags/example_xcom.py for tasks to queue
[2023-03-01T12:04:46.274+0100] {logging_mixin.py:137} INFO - [2023-03-01T12:04:46.274+0100] {dagbag.py:538} INFO - Filling up the DagBag from /Users/oanottage/opt/anaconda3/lib/python3.8/site-packages/airflow/example_dags/example_xcom.py
[2023-03-01T12:04:46.358+0100] {processor.py:753} INFO - DAG(s) dict_keys(['example_xcom']) retrieved from /Users/oanottage/opt/anaconda3/lib/python3.8/site-packages/airflow/example_dags/example_xcom.py
[2023-03-01T12:04:47.314+0100] {logging_mixin.py:137} INFO - [2023-03-01T12:04:47.314+0100] {dag.py:2690} INFO - Sync 1 DAGs
[2023-03-01T12:04:47.328+0100] {logging_mixin.py:137} INFO - [2023-03-01T12:04:47.328+0100] {dag.py:3437} INFO - Setting next_dagrun for example_xcom to 2021-01-01T00:00:00+00:00, run_after=2021-01-01T00:00:00+00:00
[2023-03-01T12:04:47.342+0100] {processor.py:175} INFO - Processing /Users/oanottage/opt/anaconda3/lib/python3.8/site-packages/airflow/example_dags/example_xcom.py took 1.075 seconds
[2023-03-01T12:06:41.158+0100] {processor.py:153} INFO - Started process (PID=63562) to work on /Users/oanottage/opt/anaconda3/lib/python3.8/site-packages/airflow/example_dags/example_xcom.py
[2023-03-01T12:06:41.177+0100] {processor.py:743} INFO - Processing file /Users/oanottage/opt/anaconda3/lib/python3.8/site-packages/airflow/example_dags/example_xcom.py for tasks to queue
[2023-03-01T12:06:41.178+0100] {logging_mixin.py:137} INFO - [2023-03-01T12:06:41.178+0100] {dagbag.py:538} INFO - Filling up the DagBag from /Users/oanottage/opt/anaconda3/lib/python3.8/site-packages/airflow/example_dags/example_xcom.py
[2023-03-01T12:06:41.241+0100] {processor.py:753} INFO - DAG(s) dict_keys(['example_xcom']) retrieved from /Users/oanottage/opt/anaconda3/lib/python3.8/site-packages/airflow/example_dags/example_xcom.py
[2023-03-01T12:06:42.114+0100] {logging_mixin.py:137} INFO - [2023-03-01T12:06:42.114+0100] {dag.py:2690} INFO - Sync 1 DAGs
[2023-03-01T12:06:42.127+0100] {logging_mixin.py:137} INFO - [2023-03-01T12:06:42.127+0100] {dag.py:3437} INFO - Setting next_dagrun for example_xcom to 2021-01-01T00:00:00+00:00, run_after=2021-01-01T00:00:00+00:00
[2023-03-01T12:06:42.141+0100] {processor.py:175} INFO - Processing /Users/oanottage/opt/anaconda3/lib/python3.8/site-packages/airflow/example_dags/example_xcom.py took 0.983 seconds
[2023-03-01T12:08:30.233+0100] {processor.py:153} INFO - Started process (PID=67509) to work on /Users/oanottage/opt/anaconda3/lib/python3.8/site-packages/airflow/example_dags/example_xcom.py
[2023-03-01T12:08:30.238+0100] {processor.py:743} INFO - Processing file /Users/oanottage/opt/anaconda3/lib/python3.8/site-packages/airflow/example_dags/example_xcom.py for tasks to queue
[2023-03-01T12:08:30.239+0100] {logging_mixin.py:137} INFO - [2023-03-01T12:08:30.239+0100] {dagbag.py:538} INFO - Filling up the DagBag from /Users/oanottage/opt/anaconda3/lib/python3.8/site-packages/airflow/example_dags/example_xcom.py
[2023-03-01T12:08:30.302+0100] {processor.py:753} INFO - DAG(s) dict_keys(['example_xcom']) retrieved from /Users/oanottage/opt/anaconda3/lib/python3.8/site-packages/airflow/example_dags/example_xcom.py
[2023-03-01T12:08:31.138+0100] {logging_mixin.py:137} INFO - [2023-03-01T12:08:31.138+0100] {dag.py:2690} INFO - Sync 1 DAGs
[2023-03-01T12:08:31.151+0100] {logging_mixin.py:137} INFO - [2023-03-01T12:08:31.151+0100] {dag.py:3437} INFO - Setting next_dagrun for example_xcom to 2021-01-01T00:00:00+00:00, run_after=2021-01-01T00:00:00+00:00
[2023-03-01T12:08:31.164+0100] {processor.py:175} INFO - Processing /Users/oanottage/opt/anaconda3/lib/python3.8/site-packages/airflow/example_dags/example_xcom.py took 0.932 seconds
[2023-03-01T12:10:28.598+0100] {processor.py:153} INFO - Started process (PID=71115) to work on /Users/oanottage/opt/anaconda3/lib/python3.8/site-packages/airflow/example_dags/example_xcom.py
[2023-03-01T12:10:28.602+0100] {processor.py:743} INFO - Processing file /Users/oanottage/opt/anaconda3/lib/python3.8/site-packages/airflow/example_dags/example_xcom.py for tasks to queue
[2023-03-01T12:10:28.602+0100] {logging_mixin.py:137} INFO - [2023-03-01T12:10:28.602+0100] {dagbag.py:538} INFO - Filling up the DagBag from /Users/oanottage/opt/anaconda3/lib/python3.8/site-packages/airflow/example_dags/example_xcom.py
[2023-03-01T12:10:28.676+0100] {processor.py:753} INFO - DAG(s) dict_keys(['example_xcom']) retrieved from /Users/oanottage/opt/anaconda3/lib/python3.8/site-packages/airflow/example_dags/example_xcom.py
[2023-03-01T12:10:29.634+0100] {logging_mixin.py:137} INFO - [2023-03-01T12:10:29.633+0100] {dag.py:2690} INFO - Sync 1 DAGs
[2023-03-01T12:10:29.648+0100] {logging_mixin.py:137} INFO - [2023-03-01T12:10:29.648+0100] {dag.py:3437} INFO - Setting next_dagrun for example_xcom to 2021-01-01T00:00:00+00:00, run_after=2021-01-01T00:00:00+00:00
[2023-03-01T12:10:29.662+0100] {processor.py:175} INFO - Processing /Users/oanottage/opt/anaconda3/lib/python3.8/site-packages/airflow/example_dags/example_xcom.py took 1.065 seconds
[2023-03-01T12:12:35.484+0100] {processor.py:153} INFO - Started process (PID=76236) to work on /Users/oanottage/opt/anaconda3/lib/python3.8/site-packages/airflow/example_dags/example_xcom.py
[2023-03-01T12:12:35.487+0100] {processor.py:743} INFO - Processing file /Users/oanottage/opt/anaconda3/lib/python3.8/site-packages/airflow/example_dags/example_xcom.py for tasks to queue
[2023-03-01T12:12:35.488+0100] {logging_mixin.py:137} INFO - [2023-03-01T12:12:35.488+0100] {dagbag.py:538} INFO - Filling up the DagBag from /Users/oanottage/opt/anaconda3/lib/python3.8/site-packages/airflow/example_dags/example_xcom.py
[2023-03-01T12:12:35.552+0100] {processor.py:753} INFO - DAG(s) dict_keys(['example_xcom']) retrieved from /Users/oanottage/opt/anaconda3/lib/python3.8/site-packages/airflow/example_dags/example_xcom.py
[2023-03-01T12:12:36.472+0100] {logging_mixin.py:137} INFO - [2023-03-01T12:12:36.472+0100] {dag.py:2690} INFO - Sync 1 DAGs
[2023-03-01T12:12:36.485+0100] {logging_mixin.py:137} INFO - [2023-03-01T12:12:36.485+0100] {dag.py:3437} INFO - Setting next_dagrun for example_xcom to 2021-01-01T00:00:00+00:00, run_after=2021-01-01T00:00:00+00:00
[2023-03-01T12:12:36.499+0100] {processor.py:175} INFO - Processing /Users/oanottage/opt/anaconda3/lib/python3.8/site-packages/airflow/example_dags/example_xcom.py took 1.016 seconds
[2023-03-01T12:14:27.564+0100] {processor.py:153} INFO - Started process (PID=79432) to work on /Users/oanottage/opt/anaconda3/lib/python3.8/site-packages/airflow/example_dags/example_xcom.py
[2023-03-01T12:14:27.569+0100] {processor.py:743} INFO - Processing file /Users/oanottage/opt/anaconda3/lib/python3.8/site-packages/airflow/example_dags/example_xcom.py for tasks to queue
[2023-03-01T12:14:27.569+0100] {logging_mixin.py:137} INFO - [2023-03-01T12:14:27.569+0100] {dagbag.py:538} INFO - Filling up the DagBag from /Users/oanottage/opt/anaconda3/lib/python3.8/site-packages/airflow/example_dags/example_xcom.py
[2023-03-01T12:14:27.646+0100] {processor.py:753} INFO - DAG(s) dict_keys(['example_xcom']) retrieved from /Users/oanottage/opt/anaconda3/lib/python3.8/site-packages/airflow/example_dags/example_xcom.py
[2023-03-01T12:14:28.558+0100] {logging_mixin.py:137} INFO - [2023-03-01T12:14:28.558+0100] {dag.py:2690} INFO - Sync 1 DAGs
[2023-03-01T12:14:28.571+0100] {logging_mixin.py:137} INFO - [2023-03-01T12:14:28.571+0100] {dag.py:3437} INFO - Setting next_dagrun for example_xcom to 2021-01-01T00:00:00+00:00, run_after=2021-01-01T00:00:00+00:00
[2023-03-01T12:14:28.585+0100] {processor.py:175} INFO - Processing /Users/oanottage/opt/anaconda3/lib/python3.8/site-packages/airflow/example_dags/example_xcom.py took 1.022 seconds
[2023-03-01T12:16:29.662+0100] {processor.py:153} INFO - Started process (PID=84040) to work on /Users/oanottage/opt/anaconda3/lib/python3.8/site-packages/airflow/example_dags/example_xcom.py
[2023-03-01T12:16:29.667+0100] {processor.py:743} INFO - Processing file /Users/oanottage/opt/anaconda3/lib/python3.8/site-packages/airflow/example_dags/example_xcom.py for tasks to queue
[2023-03-01T12:16:29.667+0100] {logging_mixin.py:137} INFO - [2023-03-01T12:16:29.667+0100] {dagbag.py:538} INFO - Filling up the DagBag from /Users/oanottage/opt/anaconda3/lib/python3.8/site-packages/airflow/example_dags/example_xcom.py
[2023-03-01T12:16:29.741+0100] {processor.py:753} INFO - DAG(s) dict_keys(['example_xcom']) retrieved from /Users/oanottage/opt/anaconda3/lib/python3.8/site-packages/airflow/example_dags/example_xcom.py
[2023-03-01T12:16:30.694+0100] {logging_mixin.py:137} INFO - [2023-03-01T12:16:30.694+0100] {dag.py:2690} INFO - Sync 1 DAGs
[2023-03-01T12:16:30.708+0100] {logging_mixin.py:137} INFO - [2023-03-01T12:16:30.708+0100] {dag.py:3437} INFO - Setting next_dagrun for example_xcom to 2021-01-01T00:00:00+00:00, run_after=2021-01-01T00:00:00+00:00
[2023-03-01T12:16:30.722+0100] {processor.py:175} INFO - Processing /Users/oanottage/opt/anaconda3/lib/python3.8/site-packages/airflow/example_dags/example_xcom.py took 1.061 seconds
[2023-03-01T12:18:26.941+0100] {processor.py:153} INFO - Started process (PID=87801) to work on /Users/oanottage/opt/anaconda3/lib/python3.8/site-packages/airflow/example_dags/example_xcom.py
[2023-03-01T12:18:26.945+0100] {processor.py:743} INFO - Processing file /Users/oanottage/opt/anaconda3/lib/python3.8/site-packages/airflow/example_dags/example_xcom.py for tasks to queue
[2023-03-01T12:18:26.945+0100] {logging_mixin.py:137} INFO - [2023-03-01T12:18:26.945+0100] {dagbag.py:538} INFO - Filling up the DagBag from /Users/oanottage/opt/anaconda3/lib/python3.8/site-packages/airflow/example_dags/example_xcom.py
[2023-03-01T12:18:27.035+0100] {processor.py:753} INFO - DAG(s) dict_keys(['example_xcom']) retrieved from /Users/oanottage/opt/anaconda3/lib/python3.8/site-packages/airflow/example_dags/example_xcom.py
[2023-03-01T12:18:27.923+0100] {logging_mixin.py:137} INFO - [2023-03-01T12:18:27.922+0100] {dag.py:2690} INFO - Sync 1 DAGs
[2023-03-01T12:18:27.941+0100] {logging_mixin.py:137} INFO - [2023-03-01T12:18:27.941+0100] {dag.py:3437} INFO - Setting next_dagrun for example_xcom to 2021-01-01T00:00:00+00:00, run_after=2021-01-01T00:00:00+00:00
[2023-03-01T12:18:27.960+0100] {processor.py:175} INFO - Processing /Users/oanottage/opt/anaconda3/lib/python3.8/site-packages/airflow/example_dags/example_xcom.py took 1.020 seconds
[2023-03-01T12:20:19.349+0100] {processor.py:153} INFO - Started process (PID=92028) to work on /Users/oanottage/opt/anaconda3/lib/python3.8/site-packages/airflow/example_dags/example_xcom.py
[2023-03-01T12:20:19.353+0100] {processor.py:743} INFO - Processing file /Users/oanottage/opt/anaconda3/lib/python3.8/site-packages/airflow/example_dags/example_xcom.py for tasks to queue
[2023-03-01T12:20:19.353+0100] {logging_mixin.py:137} INFO - [2023-03-01T12:20:19.353+0100] {dagbag.py:538} INFO - Filling up the DagBag from /Users/oanottage/opt/anaconda3/lib/python3.8/site-packages/airflow/example_dags/example_xcom.py
[2023-03-01T12:20:19.423+0100] {processor.py:753} INFO - DAG(s) dict_keys(['example_xcom']) retrieved from /Users/oanottage/opt/anaconda3/lib/python3.8/site-packages/airflow/example_dags/example_xcom.py
[2023-03-01T12:20:20.316+0100] {logging_mixin.py:137} INFO - [2023-03-01T12:20:20.316+0100] {dag.py:2690} INFO - Sync 1 DAGs
[2023-03-01T12:20:20.329+0100] {logging_mixin.py:137} INFO - [2023-03-01T12:20:20.329+0100] {dag.py:3437} INFO - Setting next_dagrun for example_xcom to 2021-01-01T00:00:00+00:00, run_after=2021-01-01T00:00:00+00:00
[2023-03-01T12:20:20.343+0100] {processor.py:175} INFO - Processing /Users/oanottage/opt/anaconda3/lib/python3.8/site-packages/airflow/example_dags/example_xcom.py took 0.995 seconds
[2023-03-01T12:22:27.564+0100] {processor.py:153} INFO - Started process (PID=96279) to work on /Users/oanottage/opt/anaconda3/lib/python3.8/site-packages/airflow/example_dags/example_xcom.py
[2023-03-01T12:22:27.570+0100] {processor.py:743} INFO - Processing file /Users/oanottage/opt/anaconda3/lib/python3.8/site-packages/airflow/example_dags/example_xcom.py for tasks to queue
[2023-03-01T12:22:27.570+0100] {logging_mixin.py:137} INFO - [2023-03-01T12:22:27.570+0100] {dagbag.py:538} INFO - Filling up the DagBag from /Users/oanottage/opt/anaconda3/lib/python3.8/site-packages/airflow/example_dags/example_xcom.py
[2023-03-01T12:22:27.672+0100] {processor.py:753} INFO - DAG(s) dict_keys(['example_xcom']) retrieved from /Users/oanottage/opt/anaconda3/lib/python3.8/site-packages/airflow/example_dags/example_xcom.py
[2023-03-01T12:22:29.024+0100] {logging_mixin.py:137} INFO - [2023-03-01T12:22:29.024+0100] {dag.py:2690} INFO - Sync 1 DAGs
[2023-03-01T12:22:29.042+0100] {logging_mixin.py:137} INFO - [2023-03-01T12:22:29.042+0100] {dag.py:3437} INFO - Setting next_dagrun for example_xcom to 2021-01-01T00:00:00+00:00, run_after=2021-01-01T00:00:00+00:00
[2023-03-01T12:22:29.070+0100] {processor.py:175} INFO - Processing /Users/oanottage/opt/anaconda3/lib/python3.8/site-packages/airflow/example_dags/example_xcom.py took 1.507 seconds
[2023-03-01T12:24:57.469+0100] {processor.py:153} INFO - Started process (PID=1962) to work on /Users/oanottage/opt/anaconda3/lib/python3.8/site-packages/airflow/example_dags/example_xcom.py
[2023-03-01T12:24:57.474+0100] {processor.py:743} INFO - Processing file /Users/oanottage/opt/anaconda3/lib/python3.8/site-packages/airflow/example_dags/example_xcom.py for tasks to queue
[2023-03-01T12:24:57.474+0100] {logging_mixin.py:137} INFO - [2023-03-01T12:24:57.474+0100] {dagbag.py:538} INFO - Filling up the DagBag from /Users/oanottage/opt/anaconda3/lib/python3.8/site-packages/airflow/example_dags/example_xcom.py
[2023-03-01T12:24:57.549+0100] {processor.py:753} INFO - DAG(s) dict_keys(['example_xcom']) retrieved from /Users/oanottage/opt/anaconda3/lib/python3.8/site-packages/airflow/example_dags/example_xcom.py
[2023-03-01T12:24:58.602+0100] {logging_mixin.py:137} INFO - [2023-03-01T12:24:58.601+0100] {dag.py:2690} INFO - Sync 1 DAGs
[2023-03-01T12:24:58.618+0100] {logging_mixin.py:137} INFO - [2023-03-01T12:24:58.618+0100] {dag.py:3437} INFO - Setting next_dagrun for example_xcom to 2021-01-01T00:00:00+00:00, run_after=2021-01-01T00:00:00+00:00
[2023-03-01T12:24:58.636+0100] {processor.py:175} INFO - Processing /Users/oanottage/opt/anaconda3/lib/python3.8/site-packages/airflow/example_dags/example_xcom.py took 1.167 seconds
[2023-03-01T12:26:57.881+0100] {processor.py:153} INFO - Started process (PID=6214) to work on /Users/oanottage/opt/anaconda3/lib/python3.8/site-packages/airflow/example_dags/example_xcom.py
[2023-03-01T12:26:57.886+0100] {processor.py:743} INFO - Processing file /Users/oanottage/opt/anaconda3/lib/python3.8/site-packages/airflow/example_dags/example_xcom.py for tasks to queue
[2023-03-01T12:26:57.886+0100] {logging_mixin.py:137} INFO - [2023-03-01T12:26:57.886+0100] {dagbag.py:538} INFO - Filling up the DagBag from /Users/oanottage/opt/anaconda3/lib/python3.8/site-packages/airflow/example_dags/example_xcom.py
[2023-03-01T12:26:57.978+0100] {processor.py:753} INFO - DAG(s) dict_keys(['example_xcom']) retrieved from /Users/oanottage/opt/anaconda3/lib/python3.8/site-packages/airflow/example_dags/example_xcom.py
[2023-03-01T12:26:58.996+0100] {logging_mixin.py:137} INFO - [2023-03-01T12:26:58.996+0100] {dag.py:2690} INFO - Sync 1 DAGs
[2023-03-01T12:26:59.015+0100] {logging_mixin.py:137} INFO - [2023-03-01T12:26:59.015+0100] {dag.py:3437} INFO - Setting next_dagrun for example_xcom to 2021-01-01T00:00:00+00:00, run_after=2021-01-01T00:00:00+00:00
[2023-03-01T12:26:59.033+0100] {processor.py:175} INFO - Processing /Users/oanottage/opt/anaconda3/lib/python3.8/site-packages/airflow/example_dags/example_xcom.py took 1.152 seconds
[2023-03-01T12:28:51.683+0100] {processor.py:153} INFO - Started process (PID=10422) to work on /Users/oanottage/opt/anaconda3/lib/python3.8/site-packages/airflow/example_dags/example_xcom.py
[2023-03-01T12:28:51.687+0100] {processor.py:743} INFO - Processing file /Users/oanottage/opt/anaconda3/lib/python3.8/site-packages/airflow/example_dags/example_xcom.py for tasks to queue
[2023-03-01T12:28:51.688+0100] {logging_mixin.py:137} INFO - [2023-03-01T12:28:51.687+0100] {dagbag.py:538} INFO - Filling up the DagBag from /Users/oanottage/opt/anaconda3/lib/python3.8/site-packages/airflow/example_dags/example_xcom.py
[2023-03-01T12:28:51.756+0100] {processor.py:753} INFO - DAG(s) dict_keys(['example_xcom']) retrieved from /Users/oanottage/opt/anaconda3/lib/python3.8/site-packages/airflow/example_dags/example_xcom.py
[2023-03-01T12:28:52.667+0100] {logging_mixin.py:137} INFO - [2023-03-01T12:28:52.667+0100] {dag.py:2690} INFO - Sync 1 DAGs
[2023-03-01T12:28:52.680+0100] {logging_mixin.py:137} INFO - [2023-03-01T12:28:52.680+0100] {dag.py:3437} INFO - Setting next_dagrun for example_xcom to 2021-01-01T00:00:00+00:00, run_after=2021-01-01T00:00:00+00:00
[2023-03-01T12:28:52.694+0100] {processor.py:175} INFO - Processing /Users/oanottage/opt/anaconda3/lib/python3.8/site-packages/airflow/example_dags/example_xcom.py took 1.012 seconds
[2023-03-01T12:30:42.271+0100] {processor.py:153} INFO - Started process (PID=14640) to work on /Users/oanottage/opt/anaconda3/lib/python3.8/site-packages/airflow/example_dags/example_xcom.py
[2023-03-01T12:30:42.275+0100] {processor.py:743} INFO - Processing file /Users/oanottage/opt/anaconda3/lib/python3.8/site-packages/airflow/example_dags/example_xcom.py for tasks to queue
[2023-03-01T12:30:42.275+0100] {logging_mixin.py:137} INFO - [2023-03-01T12:30:42.275+0100] {dagbag.py:538} INFO - Filling up the DagBag from /Users/oanottage/opt/anaconda3/lib/python3.8/site-packages/airflow/example_dags/example_xcom.py
[2023-03-01T12:30:42.338+0100] {processor.py:753} INFO - DAG(s) dict_keys(['example_xcom']) retrieved from /Users/oanottage/opt/anaconda3/lib/python3.8/site-packages/airflow/example_dags/example_xcom.py
[2023-03-01T12:30:43.198+0100] {logging_mixin.py:137} INFO - [2023-03-01T12:30:43.197+0100] {dag.py:2690} INFO - Sync 1 DAGs
[2023-03-01T12:30:43.208+0100] {logging_mixin.py:137} INFO - [2023-03-01T12:30:43.208+0100] {dag.py:3437} INFO - Setting next_dagrun for example_xcom to 2021-01-01T00:00:00+00:00, run_after=2021-01-01T00:00:00+00:00
[2023-03-01T12:30:43.222+0100] {processor.py:175} INFO - Processing /Users/oanottage/opt/anaconda3/lib/python3.8/site-packages/airflow/example_dags/example_xcom.py took 0.951 seconds
[2023-03-01T12:32:30.365+0100] {processor.py:153} INFO - Started process (PID=18721) to work on /Users/oanottage/opt/anaconda3/lib/python3.8/site-packages/airflow/example_dags/example_xcom.py
[2023-03-01T12:32:30.369+0100] {processor.py:743} INFO - Processing file /Users/oanottage/opt/anaconda3/lib/python3.8/site-packages/airflow/example_dags/example_xcom.py for tasks to queue
[2023-03-01T12:32:30.369+0100] {logging_mixin.py:137} INFO - [2023-03-01T12:32:30.369+0100] {dagbag.py:538} INFO - Filling up the DagBag from /Users/oanottage/opt/anaconda3/lib/python3.8/site-packages/airflow/example_dags/example_xcom.py
[2023-03-01T12:32:30.432+0100] {processor.py:753} INFO - DAG(s) dict_keys(['example_xcom']) retrieved from /Users/oanottage/opt/anaconda3/lib/python3.8/site-packages/airflow/example_dags/example_xcom.py
[2023-03-01T12:32:31.262+0100] {logging_mixin.py:137} INFO - [2023-03-01T12:32:31.262+0100] {dag.py:2690} INFO - Sync 1 DAGs
[2023-03-01T12:32:31.274+0100] {logging_mixin.py:137} INFO - [2023-03-01T12:32:31.274+0100] {dag.py:3437} INFO - Setting next_dagrun for example_xcom to 2021-01-01T00:00:00+00:00, run_after=2021-01-01T00:00:00+00:00
[2023-03-01T12:32:31.290+0100] {processor.py:175} INFO - Processing /Users/oanottage/opt/anaconda3/lib/python3.8/site-packages/airflow/example_dags/example_xcom.py took 0.925 seconds
[2023-03-01T12:34:18.404+0100] {processor.py:153} INFO - Started process (PID=22115) to work on /Users/oanottage/opt/anaconda3/lib/python3.8/site-packages/airflow/example_dags/example_xcom.py
[2023-03-01T12:34:18.407+0100] {processor.py:743} INFO - Processing file /Users/oanottage/opt/anaconda3/lib/python3.8/site-packages/airflow/example_dags/example_xcom.py for tasks to queue
[2023-03-01T12:34:18.408+0100] {logging_mixin.py:137} INFO - [2023-03-01T12:34:18.408+0100] {dagbag.py:538} INFO - Filling up the DagBag from /Users/oanottage/opt/anaconda3/lib/python3.8/site-packages/airflow/example_dags/example_xcom.py
[2023-03-01T12:34:18.474+0100] {processor.py:753} INFO - DAG(s) dict_keys(['example_xcom']) retrieved from /Users/oanottage/opt/anaconda3/lib/python3.8/site-packages/airflow/example_dags/example_xcom.py
[2023-03-01T12:34:19.312+0100] {logging_mixin.py:137} INFO - [2023-03-01T12:34:19.312+0100] {dag.py:2690} INFO - Sync 1 DAGs
[2023-03-01T12:34:19.323+0100] {logging_mixin.py:137} INFO - [2023-03-01T12:34:19.323+0100] {dag.py:3437} INFO - Setting next_dagrun for example_xcom to 2021-01-01T00:00:00+00:00, run_after=2021-01-01T00:00:00+00:00
[2023-03-01T12:34:19.336+0100] {processor.py:175} INFO - Processing /Users/oanottage/opt/anaconda3/lib/python3.8/site-packages/airflow/example_dags/example_xcom.py took 0.932 seconds
[2023-03-01T12:36:10.791+0100] {processor.py:153} INFO - Started process (PID=26333) to work on /Users/oanottage/opt/anaconda3/lib/python3.8/site-packages/airflow/example_dags/example_xcom.py
[2023-03-01T12:36:10.796+0100] {processor.py:743} INFO - Processing file /Users/oanottage/opt/anaconda3/lib/python3.8/site-packages/airflow/example_dags/example_xcom.py for tasks to queue
[2023-03-01T12:36:10.796+0100] {logging_mixin.py:137} INFO - [2023-03-01T12:36:10.796+0100] {dagbag.py:538} INFO - Filling up the DagBag from /Users/oanottage/opt/anaconda3/lib/python3.8/site-packages/airflow/example_dags/example_xcom.py
[2023-03-01T12:36:10.882+0100] {processor.py:753} INFO - DAG(s) dict_keys(['example_xcom']) retrieved from /Users/oanottage/opt/anaconda3/lib/python3.8/site-packages/airflow/example_dags/example_xcom.py
[2023-03-01T12:36:11.656+0100] {logging_mixin.py:137} INFO - [2023-03-01T12:36:11.656+0100] {dag.py:2690} INFO - Sync 1 DAGs
[2023-03-01T12:36:11.670+0100] {logging_mixin.py:137} INFO - [2023-03-01T12:36:11.670+0100] {dag.py:3437} INFO - Setting next_dagrun for example_xcom to 2021-01-01T00:00:00+00:00, run_after=2021-01-01T00:00:00+00:00
[2023-03-01T12:36:11.689+0100] {processor.py:175} INFO - Processing /Users/oanottage/opt/anaconda3/lib/python3.8/site-packages/airflow/example_dags/example_xcom.py took 0.898 seconds
[2023-03-01T12:38:06.783+0100] {processor.py:153} INFO - Started process (PID=30576) to work on /Users/oanottage/opt/anaconda3/lib/python3.8/site-packages/airflow/example_dags/example_xcom.py
[2023-03-01T12:38:06.787+0100] {processor.py:743} INFO - Processing file /Users/oanottage/opt/anaconda3/lib/python3.8/site-packages/airflow/example_dags/example_xcom.py for tasks to queue
[2023-03-01T12:38:06.788+0100] {logging_mixin.py:137} INFO - [2023-03-01T12:38:06.787+0100] {dagbag.py:538} INFO - Filling up the DagBag from /Users/oanottage/opt/anaconda3/lib/python3.8/site-packages/airflow/example_dags/example_xcom.py
[2023-03-01T12:38:06.872+0100] {processor.py:753} INFO - DAG(s) dict_keys(['example_xcom']) retrieved from /Users/oanottage/opt/anaconda3/lib/python3.8/site-packages/airflow/example_dags/example_xcom.py
[2023-03-01T12:38:07.632+0100] {logging_mixin.py:137} INFO - [2023-03-01T12:38:07.632+0100] {dag.py:2690} INFO - Sync 1 DAGs
[2023-03-01T12:38:07.643+0100] {logging_mixin.py:137} INFO - [2023-03-01T12:38:07.643+0100] {dag.py:3437} INFO - Setting next_dagrun for example_xcom to 2021-01-01T00:00:00+00:00, run_after=2021-01-01T00:00:00+00:00
[2023-03-01T12:38:07.659+0100] {processor.py:175} INFO - Processing /Users/oanottage/opt/anaconda3/lib/python3.8/site-packages/airflow/example_dags/example_xcom.py took 0.876 seconds
[2023-03-01T12:40:10.718+0100] {processor.py:153} INFO - Started process (PID=34830) to work on /Users/oanottage/opt/anaconda3/lib/python3.8/site-packages/airflow/example_dags/example_xcom.py
[2023-03-01T12:40:10.721+0100] {processor.py:743} INFO - Processing file /Users/oanottage/opt/anaconda3/lib/python3.8/site-packages/airflow/example_dags/example_xcom.py for tasks to queue
[2023-03-01T12:40:10.722+0100] {logging_mixin.py:137} INFO - [2023-03-01T12:40:10.722+0100] {dagbag.py:538} INFO - Filling up the DagBag from /Users/oanottage/opt/anaconda3/lib/python3.8/site-packages/airflow/example_dags/example_xcom.py
[2023-03-01T12:40:10.789+0100] {processor.py:753} INFO - DAG(s) dict_keys(['example_xcom']) retrieved from /Users/oanottage/opt/anaconda3/lib/python3.8/site-packages/airflow/example_dags/example_xcom.py
[2023-03-01T12:40:11.784+0100] {logging_mixin.py:137} INFO - [2023-03-01T12:40:11.784+0100] {dag.py:2690} INFO - Sync 1 DAGs
[2023-03-01T12:40:11.801+0100] {logging_mixin.py:137} INFO - [2023-03-01T12:40:11.801+0100] {dag.py:3437} INFO - Setting next_dagrun for example_xcom to 2021-01-01T00:00:00+00:00, run_after=2021-01-01T00:00:00+00:00
[2023-03-01T12:40:11.817+0100] {processor.py:175} INFO - Processing /Users/oanottage/opt/anaconda3/lib/python3.8/site-packages/airflow/example_dags/example_xcom.py took 1.100 seconds
[2023-03-01T12:42:18.580+0100] {processor.py:153} INFO - Started process (PID=39085) to work on /Users/oanottage/opt/anaconda3/lib/python3.8/site-packages/airflow/example_dags/example_xcom.py
[2023-03-01T12:42:18.584+0100] {processor.py:743} INFO - Processing file /Users/oanottage/opt/anaconda3/lib/python3.8/site-packages/airflow/example_dags/example_xcom.py for tasks to queue
[2023-03-01T12:42:18.585+0100] {logging_mixin.py:137} INFO - [2023-03-01T12:42:18.585+0100] {dagbag.py:538} INFO - Filling up the DagBag from /Users/oanottage/opt/anaconda3/lib/python3.8/site-packages/airflow/example_dags/example_xcom.py
[2023-03-01T12:42:18.651+0100] {processor.py:753} INFO - DAG(s) dict_keys(['example_xcom']) retrieved from /Users/oanottage/opt/anaconda3/lib/python3.8/site-packages/airflow/example_dags/example_xcom.py
[2023-03-01T12:42:19.548+0100] {logging_mixin.py:137} INFO - [2023-03-01T12:42:19.548+0100] {dag.py:2690} INFO - Sync 1 DAGs
[2023-03-01T12:42:19.561+0100] {logging_mixin.py:137} INFO - [2023-03-01T12:42:19.561+0100] {dag.py:3437} INFO - Setting next_dagrun for example_xcom to 2021-01-01T00:00:00+00:00, run_after=2021-01-01T00:00:00+00:00
[2023-03-01T12:42:19.574+0100] {processor.py:175} INFO - Processing /Users/oanottage/opt/anaconda3/lib/python3.8/site-packages/airflow/example_dags/example_xcom.py took 0.994 seconds
[2023-03-01T12:44:33.014+0100] {processor.py:153} INFO - Started process (PID=44263) to work on /Users/oanottage/opt/anaconda3/lib/python3.8/site-packages/airflow/example_dags/example_xcom.py
[2023-03-01T12:44:33.018+0100] {processor.py:743} INFO - Processing file /Users/oanottage/opt/anaconda3/lib/python3.8/site-packages/airflow/example_dags/example_xcom.py for tasks to queue
[2023-03-01T12:44:33.019+0100] {logging_mixin.py:137} INFO - [2023-03-01T12:44:33.019+0100] {dagbag.py:538} INFO - Filling up the DagBag from /Users/oanottage/opt/anaconda3/lib/python3.8/site-packages/airflow/example_dags/example_xcom.py
[2023-03-01T12:44:33.098+0100] {processor.py:753} INFO - DAG(s) dict_keys(['example_xcom']) retrieved from /Users/oanottage/opt/anaconda3/lib/python3.8/site-packages/airflow/example_dags/example_xcom.py
[2023-03-01T12:44:34.082+0100] {logging_mixin.py:137} INFO - [2023-03-01T12:44:34.081+0100] {dag.py:2690} INFO - Sync 1 DAGs
[2023-03-01T12:44:34.103+0100] {logging_mixin.py:137} INFO - [2023-03-01T12:44:34.102+0100] {dag.py:3437} INFO - Setting next_dagrun for example_xcom to 2021-01-01T00:00:00+00:00, run_after=2021-01-01T00:00:00+00:00
[2023-03-01T12:44:34.125+0100] {processor.py:175} INFO - Processing /Users/oanottage/opt/anaconda3/lib/python3.8/site-packages/airflow/example_dags/example_xcom.py took 1.112 seconds
[2023-03-01T12:46:36.304+0100] {processor.py:153} INFO - Started process (PID=48676) to work on /Users/oanottage/opt/anaconda3/lib/python3.8/site-packages/airflow/example_dags/example_xcom.py
[2023-03-01T12:46:36.310+0100] {processor.py:743} INFO - Processing file /Users/oanottage/opt/anaconda3/lib/python3.8/site-packages/airflow/example_dags/example_xcom.py for tasks to queue
[2023-03-01T12:46:36.311+0100] {logging_mixin.py:137} INFO - [2023-03-01T12:46:36.311+0100] {dagbag.py:538} INFO - Filling up the DagBag from /Users/oanottage/opt/anaconda3/lib/python3.8/site-packages/airflow/example_dags/example_xcom.py
[2023-03-01T12:46:36.397+0100] {processor.py:753} INFO - DAG(s) dict_keys(['example_xcom']) retrieved from /Users/oanottage/opt/anaconda3/lib/python3.8/site-packages/airflow/example_dags/example_xcom.py
[2023-03-01T12:46:37.296+0100] {logging_mixin.py:137} INFO - [2023-03-01T12:46:37.296+0100] {dag.py:2690} INFO - Sync 1 DAGs
[2023-03-01T12:46:37.308+0100] {logging_mixin.py:137} INFO - [2023-03-01T12:46:37.308+0100] {dag.py:3437} INFO - Setting next_dagrun for example_xcom to 2021-01-01T00:00:00+00:00, run_after=2021-01-01T00:00:00+00:00
[2023-03-01T12:46:37.320+0100] {processor.py:175} INFO - Processing /Users/oanottage/opt/anaconda3/lib/python3.8/site-packages/airflow/example_dags/example_xcom.py took 1.016 seconds
[2023-03-01T12:48:41.184+0100] {processor.py:153} INFO - Started process (PID=52970) to work on /Users/oanottage/opt/anaconda3/lib/python3.8/site-packages/airflow/example_dags/example_xcom.py
[2023-03-01T12:48:41.188+0100] {processor.py:743} INFO - Processing file /Users/oanottage/opt/anaconda3/lib/python3.8/site-packages/airflow/example_dags/example_xcom.py for tasks to queue
[2023-03-01T12:48:41.189+0100] {logging_mixin.py:137} INFO - [2023-03-01T12:48:41.189+0100] {dagbag.py:538} INFO - Filling up the DagBag from /Users/oanottage/opt/anaconda3/lib/python3.8/site-packages/airflow/example_dags/example_xcom.py
[2023-03-01T12:48:41.266+0100] {processor.py:753} INFO - DAG(s) dict_keys(['example_xcom']) retrieved from /Users/oanottage/opt/anaconda3/lib/python3.8/site-packages/airflow/example_dags/example_xcom.py
[2023-03-01T12:48:42.182+0100] {logging_mixin.py:137} INFO - [2023-03-01T12:48:42.182+0100] {dag.py:2690} INFO - Sync 1 DAGs
[2023-03-01T12:48:42.195+0100] {logging_mixin.py:137} INFO - [2023-03-01T12:48:42.195+0100] {dag.py:3437} INFO - Setting next_dagrun for example_xcom to 2021-01-01T00:00:00+00:00, run_after=2021-01-01T00:00:00+00:00
[2023-03-01T12:48:42.210+0100] {processor.py:175} INFO - Processing /Users/oanottage/opt/anaconda3/lib/python3.8/site-packages/airflow/example_dags/example_xcom.py took 1.027 seconds
[2023-03-01T12:50:44.851+0100] {processor.py:153} INFO - Started process (PID=57279) to work on /Users/oanottage/opt/anaconda3/lib/python3.8/site-packages/airflow/example_dags/example_xcom.py
[2023-03-01T12:50:44.856+0100] {processor.py:743} INFO - Processing file /Users/oanottage/opt/anaconda3/lib/python3.8/site-packages/airflow/example_dags/example_xcom.py for tasks to queue
[2023-03-01T12:50:44.856+0100] {logging_mixin.py:137} INFO - [2023-03-01T12:50:44.856+0100] {dagbag.py:538} INFO - Filling up the DagBag from /Users/oanottage/opt/anaconda3/lib/python3.8/site-packages/airflow/example_dags/example_xcom.py
[2023-03-01T12:50:45.018+0100] {processor.py:753} INFO - DAG(s) dict_keys(['example_xcom']) retrieved from /Users/oanottage/opt/anaconda3/lib/python3.8/site-packages/airflow/example_dags/example_xcom.py
[2023-03-01T12:50:46.121+0100] {logging_mixin.py:137} INFO - [2023-03-01T12:50:46.120+0100] {dag.py:2690} INFO - Sync 1 DAGs
[2023-03-01T12:50:46.133+0100] {logging_mixin.py:137} INFO - [2023-03-01T12:50:46.133+0100] {dag.py:3437} INFO - Setting next_dagrun for example_xcom to 2021-01-01T00:00:00+00:00, run_after=2021-01-01T00:00:00+00:00
[2023-03-01T12:50:46.147+0100] {processor.py:175} INFO - Processing /Users/oanottage/opt/anaconda3/lib/python3.8/site-packages/airflow/example_dags/example_xcom.py took 1.296 seconds
[2023-03-01T12:52:43.386+0100] {processor.py:153} INFO - Started process (PID=61537) to work on /Users/oanottage/opt/anaconda3/lib/python3.8/site-packages/airflow/example_dags/example_xcom.py
[2023-03-01T12:52:43.390+0100] {processor.py:743} INFO - Processing file /Users/oanottage/opt/anaconda3/lib/python3.8/site-packages/airflow/example_dags/example_xcom.py for tasks to queue
[2023-03-01T12:52:43.390+0100] {logging_mixin.py:137} INFO - [2023-03-01T12:52:43.390+0100] {dagbag.py:538} INFO - Filling up the DagBag from /Users/oanottage/opt/anaconda3/lib/python3.8/site-packages/airflow/example_dags/example_xcom.py
[2023-03-01T12:52:43.455+0100] {processor.py:753} INFO - DAG(s) dict_keys(['example_xcom']) retrieved from /Users/oanottage/opt/anaconda3/lib/python3.8/site-packages/airflow/example_dags/example_xcom.py
[2023-03-01T12:52:44.393+0100] {logging_mixin.py:137} INFO - [2023-03-01T12:52:44.392+0100] {dag.py:2690} INFO - Sync 1 DAGs
[2023-03-01T12:52:44.407+0100] {logging_mixin.py:137} INFO - [2023-03-01T12:52:44.407+0100] {dag.py:3437} INFO - Setting next_dagrun for example_xcom to 2021-01-01T00:00:00+00:00, run_after=2021-01-01T00:00:00+00:00
[2023-03-01T12:52:44.421+0100] {processor.py:175} INFO - Processing /Users/oanottage/opt/anaconda3/lib/python3.8/site-packages/airflow/example_dags/example_xcom.py took 1.036 seconds
[2023-03-01T12:54:45.675+0100] {processor.py:153} INFO - Started process (PID=65840) to work on /Users/oanottage/opt/anaconda3/lib/python3.8/site-packages/airflow/example_dags/example_xcom.py
[2023-03-01T12:54:45.680+0100] {processor.py:743} INFO - Processing file /Users/oanottage/opt/anaconda3/lib/python3.8/site-packages/airflow/example_dags/example_xcom.py for tasks to queue
[2023-03-01T12:54:45.681+0100] {logging_mixin.py:137} INFO - [2023-03-01T12:54:45.680+0100] {dagbag.py:538} INFO - Filling up the DagBag from /Users/oanottage/opt/anaconda3/lib/python3.8/site-packages/airflow/example_dags/example_xcom.py
[2023-03-01T12:54:45.745+0100] {processor.py:753} INFO - DAG(s) dict_keys(['example_xcom']) retrieved from /Users/oanottage/opt/anaconda3/lib/python3.8/site-packages/airflow/example_dags/example_xcom.py
[2023-03-01T12:54:46.591+0100] {logging_mixin.py:137} INFO - [2023-03-01T12:54:46.591+0100] {dag.py:2690} INFO - Sync 1 DAGs
[2023-03-01T12:54:46.603+0100] {logging_mixin.py:137} INFO - [2023-03-01T12:54:46.603+0100] {dag.py:3437} INFO - Setting next_dagrun for example_xcom to 2021-01-01T00:00:00+00:00, run_after=2021-01-01T00:00:00+00:00
[2023-03-01T12:54:46.614+0100] {processor.py:175} INFO - Processing /Users/oanottage/opt/anaconda3/lib/python3.8/site-packages/airflow/example_dags/example_xcom.py took 0.940 seconds
[2023-03-01T12:56:38.580+0100] {processor.py:153} INFO - Started process (PID=70097) to work on /Users/oanottage/opt/anaconda3/lib/python3.8/site-packages/airflow/example_dags/example_xcom.py
[2023-03-01T12:56:38.584+0100] {processor.py:743} INFO - Processing file /Users/oanottage/opt/anaconda3/lib/python3.8/site-packages/airflow/example_dags/example_xcom.py for tasks to queue
[2023-03-01T12:56:38.585+0100] {logging_mixin.py:137} INFO - [2023-03-01T12:56:38.585+0100] {dagbag.py:538} INFO - Filling up the DagBag from /Users/oanottage/opt/anaconda3/lib/python3.8/site-packages/airflow/example_dags/example_xcom.py
[2023-03-01T12:56:38.648+0100] {processor.py:753} INFO - DAG(s) dict_keys(['example_xcom']) retrieved from /Users/oanottage/opt/anaconda3/lib/python3.8/site-packages/airflow/example_dags/example_xcom.py
[2023-03-01T12:56:39.486+0100] {logging_mixin.py:137} INFO - [2023-03-01T12:56:39.486+0100] {dag.py:2690} INFO - Sync 1 DAGs
[2023-03-01T12:56:39.497+0100] {logging_mixin.py:137} INFO - [2023-03-01T12:56:39.497+0100] {dag.py:3437} INFO - Setting next_dagrun for example_xcom to 2021-01-01T00:00:00+00:00, run_after=2021-01-01T00:00:00+00:00
[2023-03-01T12:56:39.508+0100] {processor.py:175} INFO - Processing /Users/oanottage/opt/anaconda3/lib/python3.8/site-packages/airflow/example_dags/example_xcom.py took 0.928 seconds
[2023-03-01T12:58:32.271+0100] {processor.py:153} INFO - Started process (PID=74383) to work on /Users/oanottage/opt/anaconda3/lib/python3.8/site-packages/airflow/example_dags/example_xcom.py
[2023-03-01T12:58:32.275+0100] {processor.py:743} INFO - Processing file /Users/oanottage/opt/anaconda3/lib/python3.8/site-packages/airflow/example_dags/example_xcom.py for tasks to queue
[2023-03-01T12:58:32.275+0100] {logging_mixin.py:137} INFO - [2023-03-01T12:58:32.275+0100] {dagbag.py:538} INFO - Filling up the DagBag from /Users/oanottage/opt/anaconda3/lib/python3.8/site-packages/airflow/example_dags/example_xcom.py
[2023-03-01T12:58:32.347+0100] {processor.py:753} INFO - DAG(s) dict_keys(['example_xcom']) retrieved from /Users/oanottage/opt/anaconda3/lib/python3.8/site-packages/airflow/example_dags/example_xcom.py
[2023-03-01T12:58:33.308+0100] {logging_mixin.py:137} INFO - [2023-03-01T12:58:33.308+0100] {dag.py:2690} INFO - Sync 1 DAGs
[2023-03-01T12:58:33.322+0100] {logging_mixin.py:137} INFO - [2023-03-01T12:58:33.322+0100] {dag.py:3437} INFO - Setting next_dagrun for example_xcom to 2021-01-01T00:00:00+00:00, run_after=2021-01-01T00:00:00+00:00
[2023-03-01T12:58:33.337+0100] {processor.py:175} INFO - Processing /Users/oanottage/opt/anaconda3/lib/python3.8/site-packages/airflow/example_dags/example_xcom.py took 1.067 seconds
[2023-03-01T13:00:32.442+0100] {processor.py:153} INFO - Started process (PID=78661) to work on /Users/oanottage/opt/anaconda3/lib/python3.8/site-packages/airflow/example_dags/example_xcom.py
[2023-03-01T13:00:32.446+0100] {processor.py:743} INFO - Processing file /Users/oanottage/opt/anaconda3/lib/python3.8/site-packages/airflow/example_dags/example_xcom.py for tasks to queue
[2023-03-01T13:00:32.447+0100] {logging_mixin.py:137} INFO - [2023-03-01T13:00:32.447+0100] {dagbag.py:538} INFO - Filling up the DagBag from /Users/oanottage/opt/anaconda3/lib/python3.8/site-packages/airflow/example_dags/example_xcom.py
[2023-03-01T13:00:32.506+0100] {processor.py:753} INFO - DAG(s) dict_keys(['example_xcom']) retrieved from /Users/oanottage/opt/anaconda3/lib/python3.8/site-packages/airflow/example_dags/example_xcom.py
[2023-03-01T13:00:33.403+0100] {logging_mixin.py:137} INFO - [2023-03-01T13:00:33.403+0100] {dag.py:2690} INFO - Sync 1 DAGs
[2023-03-01T13:00:33.416+0100] {logging_mixin.py:137} INFO - [2023-03-01T13:00:33.416+0100] {dag.py:3437} INFO - Setting next_dagrun for example_xcom to 2021-01-01T00:00:00+00:00, run_after=2021-01-01T00:00:00+00:00
[2023-03-01T13:00:33.428+0100] {processor.py:175} INFO - Processing /Users/oanottage/opt/anaconda3/lib/python3.8/site-packages/airflow/example_dags/example_xcom.py took 0.986 seconds
