[2023-03-01T12:02:49.116+0100] {processor.py:153} INFO - Started process (PID=55197) to work on /Users/oanottage/opt/anaconda3/lib/python3.8/site-packages/airflow/example_dags/example_trigger_controller_dag.py
[2023-03-01T12:02:49.120+0100] {processor.py:743} INFO - Processing file /Users/oanottage/opt/anaconda3/lib/python3.8/site-packages/airflow/example_dags/example_trigger_controller_dag.py for tasks to queue
[2023-03-01T12:02:49.120+0100] {logging_mixin.py:137} INFO - [2023-03-01T12:02:49.120+0100] {dagbag.py:538} INFO - Filling up the DagBag from /Users/oanottage/opt/anaconda3/lib/python3.8/site-packages/airflow/example_dags/example_trigger_controller_dag.py
[2023-03-01T12:02:49.165+0100] {processor.py:753} INFO - DAG(s) dict_keys(['example_trigger_controller_dag']) retrieved from /Users/oanottage/opt/anaconda3/lib/python3.8/site-packages/airflow/example_dags/example_trigger_controller_dag.py
[2023-03-01T12:02:50.336+0100] {logging_mixin.py:137} INFO - [2023-03-01T12:02:50.336+0100] {manager.py:504} INFO - Created Permission View: can read on DAG:example_trigger_controller_dag
[2023-03-01T12:02:50.342+0100] {logging_mixin.py:137} INFO - [2023-03-01T12:02:50.342+0100] {manager.py:504} INFO - Created Permission View: can delete on DAG:example_trigger_controller_dag
[2023-03-01T12:02:50.347+0100] {logging_mixin.py:137} INFO - [2023-03-01T12:02:50.347+0100] {manager.py:504} INFO - Created Permission View: can edit on DAG:example_trigger_controller_dag
[2023-03-01T12:02:50.347+0100] {logging_mixin.py:137} INFO - [2023-03-01T12:02:50.347+0100] {dag.py:2690} INFO - Sync 1 DAGs
[2023-03-01T12:02:50.355+0100] {logging_mixin.py:137} INFO - [2023-03-01T12:02:50.355+0100] {dag.py:2711} INFO - Creating ORM DAG for example_trigger_controller_dag
[2023-03-01T12:02:50.361+0100] {logging_mixin.py:137} INFO - [2023-03-01T12:02:50.361+0100] {dag.py:3437} INFO - Setting next_dagrun for example_trigger_controller_dag to 2021-01-01T00:00:00+00:00, run_after=2021-01-01T00:00:00+00:00
[2023-03-01T12:02:50.374+0100] {processor.py:175} INFO - Processing /Users/oanottage/opt/anaconda3/lib/python3.8/site-packages/airflow/example_dags/example_trigger_controller_dag.py took 1.259 seconds
[2023-03-01T12:04:52.442+0100] {processor.py:153} INFO - Started process (PID=59382) to work on /Users/oanottage/opt/anaconda3/lib/python3.8/site-packages/airflow/example_dags/example_trigger_controller_dag.py
[2023-03-01T12:04:52.447+0100] {processor.py:743} INFO - Processing file /Users/oanottage/opt/anaconda3/lib/python3.8/site-packages/airflow/example_dags/example_trigger_controller_dag.py for tasks to queue
[2023-03-01T12:04:52.448+0100] {logging_mixin.py:137} INFO - [2023-03-01T12:04:52.447+0100] {dagbag.py:538} INFO - Filling up the DagBag from /Users/oanottage/opt/anaconda3/lib/python3.8/site-packages/airflow/example_dags/example_trigger_controller_dag.py
[2023-03-01T12:04:52.498+0100] {processor.py:753} INFO - DAG(s) dict_keys(['example_trigger_controller_dag']) retrieved from /Users/oanottage/opt/anaconda3/lib/python3.8/site-packages/airflow/example_dags/example_trigger_controller_dag.py
[2023-03-01T12:04:53.561+0100] {logging_mixin.py:137} INFO - [2023-03-01T12:04:53.560+0100] {dag.py:2690} INFO - Sync 1 DAGs
[2023-03-01T12:04:53.575+0100] {logging_mixin.py:137} INFO - [2023-03-01T12:04:53.575+0100] {dag.py:3437} INFO - Setting next_dagrun for example_trigger_controller_dag to 2021-01-01T00:00:00+00:00, run_after=2021-01-01T00:00:00+00:00
[2023-03-01T12:04:53.590+0100] {processor.py:175} INFO - Processing /Users/oanottage/opt/anaconda3/lib/python3.8/site-packages/airflow/example_dags/example_trigger_controller_dag.py took 1.148 seconds
[2023-03-01T12:06:46.950+0100] {processor.py:153} INFO - Started process (PID=63567) to work on /Users/oanottage/opt/anaconda3/lib/python3.8/site-packages/airflow/example_dags/example_trigger_controller_dag.py
[2023-03-01T12:06:46.954+0100] {processor.py:743} INFO - Processing file /Users/oanottage/opt/anaconda3/lib/python3.8/site-packages/airflow/example_dags/example_trigger_controller_dag.py for tasks to queue
[2023-03-01T12:06:46.955+0100] {logging_mixin.py:137} INFO - [2023-03-01T12:06:46.954+0100] {dagbag.py:538} INFO - Filling up the DagBag from /Users/oanottage/opt/anaconda3/lib/python3.8/site-packages/airflow/example_dags/example_trigger_controller_dag.py
[2023-03-01T12:06:47.009+0100] {processor.py:753} INFO - DAG(s) dict_keys(['example_trigger_controller_dag']) retrieved from /Users/oanottage/opt/anaconda3/lib/python3.8/site-packages/airflow/example_dags/example_trigger_controller_dag.py
[2023-03-01T12:06:47.807+0100] {logging_mixin.py:137} INFO - [2023-03-01T12:06:47.806+0100] {dag.py:2690} INFO - Sync 1 DAGs
[2023-03-01T12:06:47.818+0100] {logging_mixin.py:137} INFO - [2023-03-01T12:06:47.818+0100] {dag.py:3437} INFO - Setting next_dagrun for example_trigger_controller_dag to 2021-01-01T00:00:00+00:00, run_after=2021-01-01T00:00:00+00:00
[2023-03-01T12:06:47.830+0100] {processor.py:175} INFO - Processing /Users/oanottage/opt/anaconda3/lib/python3.8/site-packages/airflow/example_dags/example_trigger_controller_dag.py took 0.881 seconds
[2023-03-01T12:08:35.959+0100] {processor.py:153} INFO - Started process (PID=67742) to work on /Users/oanottage/opt/anaconda3/lib/python3.8/site-packages/airflow/example_dags/example_trigger_controller_dag.py
[2023-03-01T12:08:35.963+0100] {processor.py:743} INFO - Processing file /Users/oanottage/opt/anaconda3/lib/python3.8/site-packages/airflow/example_dags/example_trigger_controller_dag.py for tasks to queue
[2023-03-01T12:08:35.963+0100] {logging_mixin.py:137} INFO - [2023-03-01T12:08:35.963+0100] {dagbag.py:538} INFO - Filling up the DagBag from /Users/oanottage/opt/anaconda3/lib/python3.8/site-packages/airflow/example_dags/example_trigger_controller_dag.py
[2023-03-01T12:08:36.004+0100] {processor.py:753} INFO - DAG(s) dict_keys(['example_trigger_controller_dag']) retrieved from /Users/oanottage/opt/anaconda3/lib/python3.8/site-packages/airflow/example_dags/example_trigger_controller_dag.py
[2023-03-01T12:08:36.789+0100] {logging_mixin.py:137} INFO - [2023-03-01T12:08:36.789+0100] {dag.py:2690} INFO - Sync 1 DAGs
[2023-03-01T12:08:36.803+0100] {logging_mixin.py:137} INFO - [2023-03-01T12:08:36.803+0100] {dag.py:3437} INFO - Setting next_dagrun for example_trigger_controller_dag to 2021-01-01T00:00:00+00:00, run_after=2021-01-01T00:00:00+00:00
[2023-03-01T12:08:36.816+0100] {processor.py:175} INFO - Processing /Users/oanottage/opt/anaconda3/lib/python3.8/site-packages/airflow/example_dags/example_trigger_controller_dag.py took 0.858 seconds
[2023-03-01T12:10:34.419+0100] {processor.py:153} INFO - Started process (PID=71957) to work on /Users/oanottage/opt/anaconda3/lib/python3.8/site-packages/airflow/example_dags/example_trigger_controller_dag.py
[2023-03-01T12:10:34.423+0100] {processor.py:743} INFO - Processing file /Users/oanottage/opt/anaconda3/lib/python3.8/site-packages/airflow/example_dags/example_trigger_controller_dag.py for tasks to queue
[2023-03-01T12:10:34.424+0100] {logging_mixin.py:137} INFO - [2023-03-01T12:10:34.423+0100] {dagbag.py:538} INFO - Filling up the DagBag from /Users/oanottage/opt/anaconda3/lib/python3.8/site-packages/airflow/example_dags/example_trigger_controller_dag.py
[2023-03-01T12:10:34.467+0100] {processor.py:753} INFO - DAG(s) dict_keys(['example_trigger_controller_dag']) retrieved from /Users/oanottage/opt/anaconda3/lib/python3.8/site-packages/airflow/example_dags/example_trigger_controller_dag.py
[2023-03-01T12:10:35.475+0100] {logging_mixin.py:137} INFO - [2023-03-01T12:10:35.474+0100] {dag.py:2690} INFO - Sync 1 DAGs
[2023-03-01T12:10:35.488+0100] {logging_mixin.py:137} INFO - [2023-03-01T12:10:35.488+0100] {dag.py:3437} INFO - Setting next_dagrun for example_trigger_controller_dag to 2021-01-01T00:00:00+00:00, run_after=2021-01-01T00:00:00+00:00
[2023-03-01T12:10:35.502+0100] {processor.py:175} INFO - Processing /Users/oanottage/opt/anaconda3/lib/python3.8/site-packages/airflow/example_dags/example_trigger_controller_dag.py took 1.084 seconds
[2023-03-01T12:12:41.400+0100] {processor.py:153} INFO - Started process (PID=76263) to work on /Users/oanottage/opt/anaconda3/lib/python3.8/site-packages/airflow/example_dags/example_trigger_controller_dag.py
[2023-03-01T12:12:41.404+0100] {processor.py:743} INFO - Processing file /Users/oanottage/opt/anaconda3/lib/python3.8/site-packages/airflow/example_dags/example_trigger_controller_dag.py for tasks to queue
[2023-03-01T12:12:41.404+0100] {logging_mixin.py:137} INFO - [2023-03-01T12:12:41.404+0100] {dagbag.py:538} INFO - Filling up the DagBag from /Users/oanottage/opt/anaconda3/lib/python3.8/site-packages/airflow/example_dags/example_trigger_controller_dag.py
[2023-03-01T12:12:41.452+0100] {processor.py:753} INFO - DAG(s) dict_keys(['example_trigger_controller_dag']) retrieved from /Users/oanottage/opt/anaconda3/lib/python3.8/site-packages/airflow/example_dags/example_trigger_controller_dag.py
[2023-03-01T12:12:42.318+0100] {logging_mixin.py:137} INFO - [2023-03-01T12:12:42.318+0100] {dag.py:2690} INFO - Sync 1 DAGs
[2023-03-01T12:12:42.332+0100] {logging_mixin.py:137} INFO - [2023-03-01T12:12:42.332+0100] {dag.py:3437} INFO - Setting next_dagrun for example_trigger_controller_dag to 2021-01-01T00:00:00+00:00, run_after=2021-01-01T00:00:00+00:00
[2023-03-01T12:12:42.345+0100] {processor.py:175} INFO - Processing /Users/oanottage/opt/anaconda3/lib/python3.8/site-packages/airflow/example_dags/example_trigger_controller_dag.py took 0.945 seconds
[2023-03-01T12:14:33.557+0100] {processor.py:153} INFO - Started process (PID=80452) to work on /Users/oanottage/opt/anaconda3/lib/python3.8/site-packages/airflow/example_dags/example_trigger_controller_dag.py
[2023-03-01T12:14:33.561+0100] {processor.py:743} INFO - Processing file /Users/oanottage/opt/anaconda3/lib/python3.8/site-packages/airflow/example_dags/example_trigger_controller_dag.py for tasks to queue
[2023-03-01T12:14:33.561+0100] {logging_mixin.py:137} INFO - [2023-03-01T12:14:33.561+0100] {dagbag.py:538} INFO - Filling up the DagBag from /Users/oanottage/opt/anaconda3/lib/python3.8/site-packages/airflow/example_dags/example_trigger_controller_dag.py
[2023-03-01T12:14:33.605+0100] {processor.py:753} INFO - DAG(s) dict_keys(['example_trigger_controller_dag']) retrieved from /Users/oanottage/opt/anaconda3/lib/python3.8/site-packages/airflow/example_dags/example_trigger_controller_dag.py
[2023-03-01T12:14:34.461+0100] {logging_mixin.py:137} INFO - [2023-03-01T12:14:34.461+0100] {dag.py:2690} INFO - Sync 1 DAGs
[2023-03-01T12:14:34.472+0100] {logging_mixin.py:137} INFO - [2023-03-01T12:14:34.472+0100] {dag.py:3437} INFO - Setting next_dagrun for example_trigger_controller_dag to 2021-01-01T00:00:00+00:00, run_after=2021-01-01T00:00:00+00:00
[2023-03-01T12:14:34.485+0100] {processor.py:175} INFO - Processing /Users/oanottage/opt/anaconda3/lib/python3.8/site-packages/airflow/example_dags/example_trigger_controller_dag.py took 0.928 seconds
[2023-03-01T12:16:35.170+0100] {processor.py:153} INFO - Started process (PID=84618) to work on /Users/oanottage/opt/anaconda3/lib/python3.8/site-packages/airflow/example_dags/example_trigger_controller_dag.py
[2023-03-01T12:16:35.174+0100] {processor.py:743} INFO - Processing file /Users/oanottage/opt/anaconda3/lib/python3.8/site-packages/airflow/example_dags/example_trigger_controller_dag.py for tasks to queue
[2023-03-01T12:16:35.174+0100] {logging_mixin.py:137} INFO - [2023-03-01T12:16:35.174+0100] {dagbag.py:538} INFO - Filling up the DagBag from /Users/oanottage/opt/anaconda3/lib/python3.8/site-packages/airflow/example_dags/example_trigger_controller_dag.py
[2023-03-01T12:16:35.225+0100] {processor.py:753} INFO - DAG(s) dict_keys(['example_trigger_controller_dag']) retrieved from /Users/oanottage/opt/anaconda3/lib/python3.8/site-packages/airflow/example_dags/example_trigger_controller_dag.py
[2023-03-01T12:16:36.052+0100] {logging_mixin.py:137} INFO - [2023-03-01T12:16:36.052+0100] {dag.py:2690} INFO - Sync 1 DAGs
[2023-03-01T12:16:36.075+0100] {logging_mixin.py:137} INFO - [2023-03-01T12:16:36.074+0100] {dag.py:3437} INFO - Setting next_dagrun for example_trigger_controller_dag to 2021-01-01T00:00:00+00:00, run_after=2021-01-01T00:00:00+00:00
[2023-03-01T12:16:36.097+0100] {processor.py:175} INFO - Processing /Users/oanottage/opt/anaconda3/lib/python3.8/site-packages/airflow/example_dags/example_trigger_controller_dag.py took 0.927 seconds
[2023-03-01T12:18:32.125+0100] {processor.py:153} INFO - Started process (PID=88833) to work on /Users/oanottage/opt/anaconda3/lib/python3.8/site-packages/airflow/example_dags/example_trigger_controller_dag.py
[2023-03-01T12:18:32.130+0100] {processor.py:743} INFO - Processing file /Users/oanottage/opt/anaconda3/lib/python3.8/site-packages/airflow/example_dags/example_trigger_controller_dag.py for tasks to queue
[2023-03-01T12:18:32.130+0100] {logging_mixin.py:137} INFO - [2023-03-01T12:18:32.130+0100] {dagbag.py:538} INFO - Filling up the DagBag from /Users/oanottage/opt/anaconda3/lib/python3.8/site-packages/airflow/example_dags/example_trigger_controller_dag.py
[2023-03-01T12:18:32.180+0100] {processor.py:753} INFO - DAG(s) dict_keys(['example_trigger_controller_dag']) retrieved from /Users/oanottage/opt/anaconda3/lib/python3.8/site-packages/airflow/example_dags/example_trigger_controller_dag.py
[2023-03-01T12:18:33.101+0100] {logging_mixin.py:137} INFO - [2023-03-01T12:18:33.101+0100] {dag.py:2690} INFO - Sync 1 DAGs
[2023-03-01T12:18:33.115+0100] {logging_mixin.py:137} INFO - [2023-03-01T12:18:33.115+0100] {dag.py:3437} INFO - Setting next_dagrun for example_trigger_controller_dag to 2021-01-01T00:00:00+00:00, run_after=2021-01-01T00:00:00+00:00
[2023-03-01T12:18:33.129+0100] {processor.py:175} INFO - Processing /Users/oanottage/opt/anaconda3/lib/python3.8/site-packages/airflow/example_dags/example_trigger_controller_dag.py took 1.005 seconds
[2023-03-01T12:20:25.610+0100] {processor.py:153} INFO - Started process (PID=92035) to work on /Users/oanottage/opt/anaconda3/lib/python3.8/site-packages/airflow/example_dags/example_trigger_controller_dag.py
[2023-03-01T12:20:25.614+0100] {processor.py:743} INFO - Processing file /Users/oanottage/opt/anaconda3/lib/python3.8/site-packages/airflow/example_dags/example_trigger_controller_dag.py for tasks to queue
[2023-03-01T12:20:25.614+0100] {logging_mixin.py:137} INFO - [2023-03-01T12:20:25.614+0100] {dagbag.py:538} INFO - Filling up the DagBag from /Users/oanottage/opt/anaconda3/lib/python3.8/site-packages/airflow/example_dags/example_trigger_controller_dag.py
[2023-03-01T12:20:25.661+0100] {processor.py:753} INFO - DAG(s) dict_keys(['example_trigger_controller_dag']) retrieved from /Users/oanottage/opt/anaconda3/lib/python3.8/site-packages/airflow/example_dags/example_trigger_controller_dag.py
[2023-03-01T12:20:26.548+0100] {logging_mixin.py:137} INFO - [2023-03-01T12:20:26.548+0100] {dag.py:2690} INFO - Sync 1 DAGs
[2023-03-01T12:20:26.561+0100] {logging_mixin.py:137} INFO - [2023-03-01T12:20:26.561+0100] {dag.py:3437} INFO - Setting next_dagrun for example_trigger_controller_dag to 2021-01-01T00:00:00+00:00, run_after=2021-01-01T00:00:00+00:00
[2023-03-01T12:20:26.574+0100] {processor.py:175} INFO - Processing /Users/oanottage/opt/anaconda3/lib/python3.8/site-packages/airflow/example_dags/example_trigger_controller_dag.py took 0.965 seconds
[2023-03-01T12:22:34.202+0100] {processor.py:153} INFO - Started process (PID=97314) to work on /Users/oanottage/opt/anaconda3/lib/python3.8/site-packages/airflow/example_dags/example_trigger_controller_dag.py
[2023-03-01T12:22:34.207+0100] {processor.py:743} INFO - Processing file /Users/oanottage/opt/anaconda3/lib/python3.8/site-packages/airflow/example_dags/example_trigger_controller_dag.py for tasks to queue
[2023-03-01T12:22:34.207+0100] {logging_mixin.py:137} INFO - [2023-03-01T12:22:34.207+0100] {dagbag.py:538} INFO - Filling up the DagBag from /Users/oanottage/opt/anaconda3/lib/python3.8/site-packages/airflow/example_dags/example_trigger_controller_dag.py
[2023-03-01T12:22:34.276+0100] {processor.py:753} INFO - DAG(s) dict_keys(['example_trigger_controller_dag']) retrieved from /Users/oanottage/opt/anaconda3/lib/python3.8/site-packages/airflow/example_dags/example_trigger_controller_dag.py
[2023-03-01T12:22:35.415+0100] {logging_mixin.py:137} INFO - [2023-03-01T12:22:35.415+0100] {dag.py:2690} INFO - Sync 1 DAGs
[2023-03-01T12:22:35.429+0100] {logging_mixin.py:137} INFO - [2023-03-01T12:22:35.429+0100] {dag.py:3437} INFO - Setting next_dagrun for example_trigger_controller_dag to 2021-01-01T00:00:00+00:00, run_after=2021-01-01T00:00:00+00:00
[2023-03-01T12:22:35.444+0100] {processor.py:175} INFO - Processing /Users/oanottage/opt/anaconda3/lib/python3.8/site-packages/airflow/example_dags/example_trigger_controller_dag.py took 1.242 seconds
[2023-03-01T12:25:03.870+0100] {processor.py:153} INFO - Started process (PID=3005) to work on /Users/oanottage/opt/anaconda3/lib/python3.8/site-packages/airflow/example_dags/example_trigger_controller_dag.py
[2023-03-01T12:25:03.874+0100] {processor.py:743} INFO - Processing file /Users/oanottage/opt/anaconda3/lib/python3.8/site-packages/airflow/example_dags/example_trigger_controller_dag.py for tasks to queue
[2023-03-01T12:25:03.874+0100] {logging_mixin.py:137} INFO - [2023-03-01T12:25:03.874+0100] {dagbag.py:538} INFO - Filling up the DagBag from /Users/oanottage/opt/anaconda3/lib/python3.8/site-packages/airflow/example_dags/example_trigger_controller_dag.py
[2023-03-01T12:25:03.925+0100] {processor.py:753} INFO - DAG(s) dict_keys(['example_trigger_controller_dag']) retrieved from /Users/oanottage/opt/anaconda3/lib/python3.8/site-packages/airflow/example_dags/example_trigger_controller_dag.py
[2023-03-01T12:25:05.050+0100] {logging_mixin.py:137} INFO - [2023-03-01T12:25:05.050+0100] {dag.py:2690} INFO - Sync 1 DAGs
[2023-03-01T12:25:05.075+0100] {logging_mixin.py:137} INFO - [2023-03-01T12:25:05.075+0100] {dag.py:3437} INFO - Setting next_dagrun for example_trigger_controller_dag to 2021-01-01T00:00:00+00:00, run_after=2021-01-01T00:00:00+00:00
[2023-03-01T12:25:05.097+0100] {processor.py:175} INFO - Processing /Users/oanottage/opt/anaconda3/lib/python3.8/site-packages/airflow/example_dags/example_trigger_controller_dag.py took 1.228 seconds
[2023-03-01T12:27:03.995+0100] {processor.py:153} INFO - Started process (PID=7244) to work on /Users/oanottage/opt/anaconda3/lib/python3.8/site-packages/airflow/example_dags/example_trigger_controller_dag.py
[2023-03-01T12:27:04.000+0100] {processor.py:743} INFO - Processing file /Users/oanottage/opt/anaconda3/lib/python3.8/site-packages/airflow/example_dags/example_trigger_controller_dag.py for tasks to queue
[2023-03-01T12:27:04.001+0100] {logging_mixin.py:137} INFO - [2023-03-01T12:27:04.000+0100] {dagbag.py:538} INFO - Filling up the DagBag from /Users/oanottage/opt/anaconda3/lib/python3.8/site-packages/airflow/example_dags/example_trigger_controller_dag.py
[2023-03-01T12:27:04.062+0100] {processor.py:753} INFO - DAG(s) dict_keys(['example_trigger_controller_dag']) retrieved from /Users/oanottage/opt/anaconda3/lib/python3.8/site-packages/airflow/example_dags/example_trigger_controller_dag.py
[2023-03-01T12:27:04.928+0100] {logging_mixin.py:137} INFO - [2023-03-01T12:27:04.928+0100] {dag.py:2690} INFO - Sync 1 DAGs
[2023-03-01T12:27:04.942+0100] {logging_mixin.py:137} INFO - [2023-03-01T12:27:04.942+0100] {dag.py:3437} INFO - Setting next_dagrun for example_trigger_controller_dag to 2021-01-01T00:00:00+00:00, run_after=2021-01-01T00:00:00+00:00
[2023-03-01T12:27:04.957+0100] {processor.py:175} INFO - Processing /Users/oanottage/opt/anaconda3/lib/python3.8/site-packages/airflow/example_dags/example_trigger_controller_dag.py took 0.962 seconds
[2023-03-01T12:28:57.636+0100] {processor.py:153} INFO - Started process (PID=10428) to work on /Users/oanottage/opt/anaconda3/lib/python3.8/site-packages/airflow/example_dags/example_trigger_controller_dag.py
[2023-03-01T12:28:57.641+0100] {processor.py:743} INFO - Processing file /Users/oanottage/opt/anaconda3/lib/python3.8/site-packages/airflow/example_dags/example_trigger_controller_dag.py for tasks to queue
[2023-03-01T12:28:57.641+0100] {logging_mixin.py:137} INFO - [2023-03-01T12:28:57.641+0100] {dagbag.py:538} INFO - Filling up the DagBag from /Users/oanottage/opt/anaconda3/lib/python3.8/site-packages/airflow/example_dags/example_trigger_controller_dag.py
[2023-03-01T12:28:57.694+0100] {processor.py:753} INFO - DAG(s) dict_keys(['example_trigger_controller_dag']) retrieved from /Users/oanottage/opt/anaconda3/lib/python3.8/site-packages/airflow/example_dags/example_trigger_controller_dag.py
[2023-03-01T12:28:58.627+0100] {logging_mixin.py:137} INFO - [2023-03-01T12:28:58.627+0100] {dag.py:2690} INFO - Sync 1 DAGs
[2023-03-01T12:28:58.641+0100] {logging_mixin.py:137} INFO - [2023-03-01T12:28:58.641+0100] {dag.py:3437} INFO - Setting next_dagrun for example_trigger_controller_dag to 2021-01-01T00:00:00+00:00, run_after=2021-01-01T00:00:00+00:00
[2023-03-01T12:28:58.655+0100] {processor.py:175} INFO - Processing /Users/oanottage/opt/anaconda3/lib/python3.8/site-packages/airflow/example_dags/example_trigger_controller_dag.py took 1.019 seconds
[2023-03-01T12:30:47.389+0100] {processor.py:153} INFO - Started process (PID=14646) to work on /Users/oanottage/opt/anaconda3/lib/python3.8/site-packages/airflow/example_dags/example_trigger_controller_dag.py
[2023-03-01T12:30:47.392+0100] {processor.py:743} INFO - Processing file /Users/oanottage/opt/anaconda3/lib/python3.8/site-packages/airflow/example_dags/example_trigger_controller_dag.py for tasks to queue
[2023-03-01T12:30:47.392+0100] {logging_mixin.py:137} INFO - [2023-03-01T12:30:47.392+0100] {dagbag.py:538} INFO - Filling up the DagBag from /Users/oanottage/opt/anaconda3/lib/python3.8/site-packages/airflow/example_dags/example_trigger_controller_dag.py
[2023-03-01T12:30:47.438+0100] {processor.py:753} INFO - DAG(s) dict_keys(['example_trigger_controller_dag']) retrieved from /Users/oanottage/opt/anaconda3/lib/python3.8/site-packages/airflow/example_dags/example_trigger_controller_dag.py
[2023-03-01T12:30:48.236+0100] {logging_mixin.py:137} INFO - [2023-03-01T12:30:48.236+0100] {dag.py:2690} INFO - Sync 1 DAGs
[2023-03-01T12:30:48.250+0100] {logging_mixin.py:137} INFO - [2023-03-01T12:30:48.250+0100] {dag.py:3437} INFO - Setting next_dagrun for example_trigger_controller_dag to 2021-01-01T00:00:00+00:00, run_after=2021-01-01T00:00:00+00:00
[2023-03-01T12:30:48.263+0100] {processor.py:175} INFO - Processing /Users/oanottage/opt/anaconda3/lib/python3.8/site-packages/airflow/example_dags/example_trigger_controller_dag.py took 0.875 seconds
[2023-03-01T12:32:36.104+0100] {processor.py:153} INFO - Started process (PID=18921) to work on /Users/oanottage/opt/anaconda3/lib/python3.8/site-packages/airflow/example_dags/example_trigger_controller_dag.py
[2023-03-01T12:32:36.121+0100] {processor.py:743} INFO - Processing file /Users/oanottage/opt/anaconda3/lib/python3.8/site-packages/airflow/example_dags/example_trigger_controller_dag.py for tasks to queue
[2023-03-01T12:32:36.121+0100] {logging_mixin.py:137} INFO - [2023-03-01T12:32:36.121+0100] {dagbag.py:538} INFO - Filling up the DagBag from /Users/oanottage/opt/anaconda3/lib/python3.8/site-packages/airflow/example_dags/example_trigger_controller_dag.py
[2023-03-01T12:32:36.168+0100] {processor.py:753} INFO - DAG(s) dict_keys(['example_trigger_controller_dag']) retrieved from /Users/oanottage/opt/anaconda3/lib/python3.8/site-packages/airflow/example_dags/example_trigger_controller_dag.py
[2023-03-01T12:32:37.063+0100] {logging_mixin.py:137} INFO - [2023-03-01T12:32:37.063+0100] {dag.py:2690} INFO - Sync 1 DAGs
[2023-03-01T12:32:37.079+0100] {logging_mixin.py:137} INFO - [2023-03-01T12:32:37.079+0100] {dag.py:3437} INFO - Setting next_dagrun for example_trigger_controller_dag to 2021-01-01T00:00:00+00:00, run_after=2021-01-01T00:00:00+00:00
[2023-03-01T12:32:37.092+0100] {processor.py:175} INFO - Processing /Users/oanottage/opt/anaconda3/lib/python3.8/site-packages/airflow/example_dags/example_trigger_controller_dag.py took 0.989 seconds
[2023-03-01T12:34:24.192+0100] {processor.py:153} INFO - Started process (PID=22122) to work on /Users/oanottage/opt/anaconda3/lib/python3.8/site-packages/airflow/example_dags/example_trigger_controller_dag.py
[2023-03-01T12:34:24.196+0100] {processor.py:743} INFO - Processing file /Users/oanottage/opt/anaconda3/lib/python3.8/site-packages/airflow/example_dags/example_trigger_controller_dag.py for tasks to queue
[2023-03-01T12:34:24.196+0100] {logging_mixin.py:137} INFO - [2023-03-01T12:34:24.196+0100] {dagbag.py:538} INFO - Filling up the DagBag from /Users/oanottage/opt/anaconda3/lib/python3.8/site-packages/airflow/example_dags/example_trigger_controller_dag.py
[2023-03-01T12:34:24.238+0100] {processor.py:753} INFO - DAG(s) dict_keys(['example_trigger_controller_dag']) retrieved from /Users/oanottage/opt/anaconda3/lib/python3.8/site-packages/airflow/example_dags/example_trigger_controller_dag.py
[2023-03-01T12:34:25.120+0100] {logging_mixin.py:137} INFO - [2023-03-01T12:34:25.120+0100] {dag.py:2690} INFO - Sync 1 DAGs
[2023-03-01T12:34:25.139+0100] {logging_mixin.py:137} INFO - [2023-03-01T12:34:25.139+0100] {dag.py:3437} INFO - Setting next_dagrun for example_trigger_controller_dag to 2021-01-01T00:00:00+00:00, run_after=2021-01-01T00:00:00+00:00
[2023-03-01T12:34:25.156+0100] {processor.py:175} INFO - Processing /Users/oanottage/opt/anaconda3/lib/python3.8/site-packages/airflow/example_dags/example_trigger_controller_dag.py took 0.964 seconds
[2023-03-01T12:36:15.750+0100] {processor.py:153} INFO - Started process (PID=26338) to work on /Users/oanottage/opt/anaconda3/lib/python3.8/site-packages/airflow/example_dags/example_trigger_controller_dag.py
[2023-03-01T12:36:15.755+0100] {processor.py:743} INFO - Processing file /Users/oanottage/opt/anaconda3/lib/python3.8/site-packages/airflow/example_dags/example_trigger_controller_dag.py for tasks to queue
[2023-03-01T12:36:15.756+0100] {logging_mixin.py:137} INFO - [2023-03-01T12:36:15.756+0100] {dagbag.py:538} INFO - Filling up the DagBag from /Users/oanottage/opt/anaconda3/lib/python3.8/site-packages/airflow/example_dags/example_trigger_controller_dag.py
[2023-03-01T12:36:15.801+0100] {processor.py:753} INFO - DAG(s) dict_keys(['example_trigger_controller_dag']) retrieved from /Users/oanottage/opt/anaconda3/lib/python3.8/site-packages/airflow/example_dags/example_trigger_controller_dag.py
[2023-03-01T12:36:16.836+0100] {logging_mixin.py:137} INFO - [2023-03-01T12:36:16.835+0100] {dag.py:2690} INFO - Sync 1 DAGs
[2023-03-01T12:36:16.860+0100] {logging_mixin.py:137} INFO - [2023-03-01T12:36:16.860+0100] {dag.py:3437} INFO - Setting next_dagrun for example_trigger_controller_dag to 2021-01-01T00:00:00+00:00, run_after=2021-01-01T00:00:00+00:00
[2023-03-01T12:36:16.881+0100] {processor.py:175} INFO - Processing /Users/oanottage/opt/anaconda3/lib/python3.8/site-packages/airflow/example_dags/example_trigger_controller_dag.py took 1.131 seconds
[2023-03-01T12:38:13.123+0100] {processor.py:153} INFO - Started process (PID=30582) to work on /Users/oanottage/opt/anaconda3/lib/python3.8/site-packages/airflow/example_dags/example_trigger_controller_dag.py
[2023-03-01T12:38:13.127+0100] {processor.py:743} INFO - Processing file /Users/oanottage/opt/anaconda3/lib/python3.8/site-packages/airflow/example_dags/example_trigger_controller_dag.py for tasks to queue
[2023-03-01T12:38:13.127+0100] {logging_mixin.py:137} INFO - [2023-03-01T12:38:13.127+0100] {dagbag.py:538} INFO - Filling up the DagBag from /Users/oanottage/opt/anaconda3/lib/python3.8/site-packages/airflow/example_dags/example_trigger_controller_dag.py
[2023-03-01T12:38:13.171+0100] {processor.py:753} INFO - DAG(s) dict_keys(['example_trigger_controller_dag']) retrieved from /Users/oanottage/opt/anaconda3/lib/python3.8/site-packages/airflow/example_dags/example_trigger_controller_dag.py
[2023-03-01T12:38:13.957+0100] {logging_mixin.py:137} INFO - [2023-03-01T12:38:13.956+0100] {dag.py:2690} INFO - Sync 1 DAGs
[2023-03-01T12:38:13.976+0100] {logging_mixin.py:137} INFO - [2023-03-01T12:38:13.976+0100] {dag.py:3437} INFO - Setting next_dagrun for example_trigger_controller_dag to 2021-01-01T00:00:00+00:00, run_after=2021-01-01T00:00:00+00:00
[2023-03-01T12:38:13.996+0100] {processor.py:175} INFO - Processing /Users/oanottage/opt/anaconda3/lib/python3.8/site-packages/airflow/example_dags/example_trigger_controller_dag.py took 0.874 seconds
[2023-03-01T12:40:16.037+0100] {processor.py:153} INFO - Started process (PID=34837) to work on /Users/oanottage/opt/anaconda3/lib/python3.8/site-packages/airflow/example_dags/example_trigger_controller_dag.py
[2023-03-01T12:40:16.042+0100] {processor.py:743} INFO - Processing file /Users/oanottage/opt/anaconda3/lib/python3.8/site-packages/airflow/example_dags/example_trigger_controller_dag.py for tasks to queue
[2023-03-01T12:40:16.042+0100] {logging_mixin.py:137} INFO - [2023-03-01T12:40:16.042+0100] {dagbag.py:538} INFO - Filling up the DagBag from /Users/oanottage/opt/anaconda3/lib/python3.8/site-packages/airflow/example_dags/example_trigger_controller_dag.py
[2023-03-01T12:40:16.091+0100] {processor.py:753} INFO - DAG(s) dict_keys(['example_trigger_controller_dag']) retrieved from /Users/oanottage/opt/anaconda3/lib/python3.8/site-packages/airflow/example_dags/example_trigger_controller_dag.py
[2023-03-01T12:40:17.076+0100] {logging_mixin.py:137} INFO - [2023-03-01T12:40:17.075+0100] {dag.py:2690} INFO - Sync 1 DAGs
[2023-03-01T12:40:17.095+0100] {logging_mixin.py:137} INFO - [2023-03-01T12:40:17.095+0100] {dag.py:3437} INFO - Setting next_dagrun for example_trigger_controller_dag to 2021-01-01T00:00:00+00:00, run_after=2021-01-01T00:00:00+00:00
[2023-03-01T12:40:17.112+0100] {processor.py:175} INFO - Processing /Users/oanottage/opt/anaconda3/lib/python3.8/site-packages/airflow/example_dags/example_trigger_controller_dag.py took 1.075 seconds
[2023-03-01T12:42:24.603+0100] {processor.py:153} INFO - Started process (PID=39092) to work on /Users/oanottage/opt/anaconda3/lib/python3.8/site-packages/airflow/example_dags/example_trigger_controller_dag.py
[2023-03-01T12:42:24.607+0100] {processor.py:743} INFO - Processing file /Users/oanottage/opt/anaconda3/lib/python3.8/site-packages/airflow/example_dags/example_trigger_controller_dag.py for tasks to queue
[2023-03-01T12:42:24.607+0100] {logging_mixin.py:137} INFO - [2023-03-01T12:42:24.607+0100] {dagbag.py:538} INFO - Filling up the DagBag from /Users/oanottage/opt/anaconda3/lib/python3.8/site-packages/airflow/example_dags/example_trigger_controller_dag.py
[2023-03-01T12:42:24.655+0100] {processor.py:753} INFO - DAG(s) dict_keys(['example_trigger_controller_dag']) retrieved from /Users/oanottage/opt/anaconda3/lib/python3.8/site-packages/airflow/example_dags/example_trigger_controller_dag.py
[2023-03-01T12:42:25.583+0100] {logging_mixin.py:137} INFO - [2023-03-01T12:42:25.583+0100] {dag.py:2690} INFO - Sync 1 DAGs
[2023-03-01T12:42:25.598+0100] {logging_mixin.py:137} INFO - [2023-03-01T12:42:25.598+0100] {dag.py:3437} INFO - Setting next_dagrun for example_trigger_controller_dag to 2021-01-01T00:00:00+00:00, run_after=2021-01-01T00:00:00+00:00
[2023-03-01T12:42:25.612+0100] {processor.py:175} INFO - Processing /Users/oanottage/opt/anaconda3/lib/python3.8/site-packages/airflow/example_dags/example_trigger_controller_dag.py took 1.010 seconds
[2023-03-01T12:44:39.335+0100] {processor.py:153} INFO - Started process (PID=44393) to work on /Users/oanottage/opt/anaconda3/lib/python3.8/site-packages/airflow/example_dags/example_trigger_controller_dag.py
[2023-03-01T12:44:39.339+0100] {processor.py:743} INFO - Processing file /Users/oanottage/opt/anaconda3/lib/python3.8/site-packages/airflow/example_dags/example_trigger_controller_dag.py for tasks to queue
[2023-03-01T12:44:39.340+0100] {logging_mixin.py:137} INFO - [2023-03-01T12:44:39.340+0100] {dagbag.py:538} INFO - Filling up the DagBag from /Users/oanottage/opt/anaconda3/lib/python3.8/site-packages/airflow/example_dags/example_trigger_controller_dag.py
[2023-03-01T12:44:39.392+0100] {processor.py:753} INFO - DAG(s) dict_keys(['example_trigger_controller_dag']) retrieved from /Users/oanottage/opt/anaconda3/lib/python3.8/site-packages/airflow/example_dags/example_trigger_controller_dag.py
[2023-03-01T12:44:40.375+0100] {logging_mixin.py:137} INFO - [2023-03-01T12:44:40.375+0100] {dag.py:2690} INFO - Sync 1 DAGs
[2023-03-01T12:44:40.389+0100] {logging_mixin.py:137} INFO - [2023-03-01T12:44:40.389+0100] {dag.py:3437} INFO - Setting next_dagrun for example_trigger_controller_dag to 2021-01-01T00:00:00+00:00, run_after=2021-01-01T00:00:00+00:00
[2023-03-01T12:44:40.403+0100] {processor.py:175} INFO - Processing /Users/oanottage/opt/anaconda3/lib/python3.8/site-packages/airflow/example_dags/example_trigger_controller_dag.py took 1.069 seconds
[2023-03-01T12:46:42.182+0100] {processor.py:153} INFO - Started process (PID=48682) to work on /Users/oanottage/opt/anaconda3/lib/python3.8/site-packages/airflow/example_dags/example_trigger_controller_dag.py
[2023-03-01T12:46:42.186+0100] {processor.py:743} INFO - Processing file /Users/oanottage/opt/anaconda3/lib/python3.8/site-packages/airflow/example_dags/example_trigger_controller_dag.py for tasks to queue
[2023-03-01T12:46:42.186+0100] {logging_mixin.py:137} INFO - [2023-03-01T12:46:42.186+0100] {dagbag.py:538} INFO - Filling up the DagBag from /Users/oanottage/opt/anaconda3/lib/python3.8/site-packages/airflow/example_dags/example_trigger_controller_dag.py
[2023-03-01T12:46:42.235+0100] {processor.py:753} INFO - DAG(s) dict_keys(['example_trigger_controller_dag']) retrieved from /Users/oanottage/opt/anaconda3/lib/python3.8/site-packages/airflow/example_dags/example_trigger_controller_dag.py
[2023-03-01T12:46:43.093+0100] {logging_mixin.py:137} INFO - [2023-03-01T12:46:43.093+0100] {dag.py:2690} INFO - Sync 1 DAGs
[2023-03-01T12:46:43.110+0100] {logging_mixin.py:137} INFO - [2023-03-01T12:46:43.110+0100] {dag.py:3437} INFO - Setting next_dagrun for example_trigger_controller_dag to 2021-01-01T00:00:00+00:00, run_after=2021-01-01T00:00:00+00:00
[2023-03-01T12:46:43.125+0100] {processor.py:175} INFO - Processing /Users/oanottage/opt/anaconda3/lib/python3.8/site-packages/airflow/example_dags/example_trigger_controller_dag.py took 0.944 seconds
[2023-03-01T12:48:47.355+0100] {processor.py:153} INFO - Started process (PID=52977) to work on /Users/oanottage/opt/anaconda3/lib/python3.8/site-packages/airflow/example_dags/example_trigger_controller_dag.py
[2023-03-01T12:48:47.358+0100] {processor.py:743} INFO - Processing file /Users/oanottage/opt/anaconda3/lib/python3.8/site-packages/airflow/example_dags/example_trigger_controller_dag.py for tasks to queue
[2023-03-01T12:48:47.359+0100] {logging_mixin.py:137} INFO - [2023-03-01T12:48:47.359+0100] {dagbag.py:538} INFO - Filling up the DagBag from /Users/oanottage/opt/anaconda3/lib/python3.8/site-packages/airflow/example_dags/example_trigger_controller_dag.py
[2023-03-01T12:48:47.400+0100] {processor.py:753} INFO - DAG(s) dict_keys(['example_trigger_controller_dag']) retrieved from /Users/oanottage/opt/anaconda3/lib/python3.8/site-packages/airflow/example_dags/example_trigger_controller_dag.py
[2023-03-01T12:48:48.396+0100] {logging_mixin.py:137} INFO - [2023-03-01T12:48:48.396+0100] {dag.py:2690} INFO - Sync 1 DAGs
[2023-03-01T12:48:48.411+0100] {logging_mixin.py:137} INFO - [2023-03-01T12:48:48.411+0100] {dag.py:3437} INFO - Setting next_dagrun for example_trigger_controller_dag to 2021-01-01T00:00:00+00:00, run_after=2021-01-01T00:00:00+00:00
[2023-03-01T12:48:48.426+0100] {processor.py:175} INFO - Processing /Users/oanottage/opt/anaconda3/lib/python3.8/site-packages/airflow/example_dags/example_trigger_controller_dag.py took 1.071 seconds
[2023-03-01T12:50:50.952+0100] {processor.py:153} INFO - Started process (PID=57285) to work on /Users/oanottage/opt/anaconda3/lib/python3.8/site-packages/airflow/example_dags/example_trigger_controller_dag.py
[2023-03-01T12:50:50.957+0100] {processor.py:743} INFO - Processing file /Users/oanottage/opt/anaconda3/lib/python3.8/site-packages/airflow/example_dags/example_trigger_controller_dag.py for tasks to queue
[2023-03-01T12:50:50.957+0100] {logging_mixin.py:137} INFO - [2023-03-01T12:50:50.957+0100] {dagbag.py:538} INFO - Filling up the DagBag from /Users/oanottage/opt/anaconda3/lib/python3.8/site-packages/airflow/example_dags/example_trigger_controller_dag.py
[2023-03-01T12:50:51.006+0100] {processor.py:753} INFO - DAG(s) dict_keys(['example_trigger_controller_dag']) retrieved from /Users/oanottage/opt/anaconda3/lib/python3.8/site-packages/airflow/example_dags/example_trigger_controller_dag.py
[2023-03-01T12:50:51.842+0100] {logging_mixin.py:137} INFO - [2023-03-01T12:50:51.842+0100] {dag.py:2690} INFO - Sync 1 DAGs
[2023-03-01T12:50:51.863+0100] {logging_mixin.py:137} INFO - [2023-03-01T12:50:51.863+0100] {dag.py:3437} INFO - Setting next_dagrun for example_trigger_controller_dag to 2021-01-01T00:00:00+00:00, run_after=2021-01-01T00:00:00+00:00
[2023-03-01T12:50:51.885+0100] {processor.py:175} INFO - Processing /Users/oanottage/opt/anaconda3/lib/python3.8/site-packages/airflow/example_dags/example_trigger_controller_dag.py took 0.934 seconds
[2023-03-01T12:52:49.443+0100] {processor.py:153} INFO - Started process (PID=61543) to work on /Users/oanottage/opt/anaconda3/lib/python3.8/site-packages/airflow/example_dags/example_trigger_controller_dag.py
[2023-03-01T12:52:49.447+0100] {processor.py:743} INFO - Processing file /Users/oanottage/opt/anaconda3/lib/python3.8/site-packages/airflow/example_dags/example_trigger_controller_dag.py for tasks to queue
[2023-03-01T12:52:49.448+0100] {logging_mixin.py:137} INFO - [2023-03-01T12:52:49.448+0100] {dagbag.py:538} INFO - Filling up the DagBag from /Users/oanottage/opt/anaconda3/lib/python3.8/site-packages/airflow/example_dags/example_trigger_controller_dag.py
[2023-03-01T12:52:49.499+0100] {processor.py:753} INFO - DAG(s) dict_keys(['example_trigger_controller_dag']) retrieved from /Users/oanottage/opt/anaconda3/lib/python3.8/site-packages/airflow/example_dags/example_trigger_controller_dag.py
[2023-03-01T12:52:50.407+0100] {logging_mixin.py:137} INFO - [2023-03-01T12:52:50.407+0100] {dag.py:2690} INFO - Sync 1 DAGs
[2023-03-01T12:52:50.420+0100] {logging_mixin.py:137} INFO - [2023-03-01T12:52:50.420+0100] {dag.py:3437} INFO - Setting next_dagrun for example_trigger_controller_dag to 2021-01-01T00:00:00+00:00, run_after=2021-01-01T00:00:00+00:00
[2023-03-01T12:52:50.434+0100] {processor.py:175} INFO - Processing /Users/oanottage/opt/anaconda3/lib/python3.8/site-packages/airflow/example_dags/example_trigger_controller_dag.py took 0.992 seconds
[2023-03-01T12:54:51.715+0100] {processor.py:153} INFO - Started process (PID=65846) to work on /Users/oanottage/opt/anaconda3/lib/python3.8/site-packages/airflow/example_dags/example_trigger_controller_dag.py
[2023-03-01T12:54:51.721+0100] {processor.py:743} INFO - Processing file /Users/oanottage/opt/anaconda3/lib/python3.8/site-packages/airflow/example_dags/example_trigger_controller_dag.py for tasks to queue
[2023-03-01T12:54:51.721+0100] {logging_mixin.py:137} INFO - [2023-03-01T12:54:51.721+0100] {dagbag.py:538} INFO - Filling up the DagBag from /Users/oanottage/opt/anaconda3/lib/python3.8/site-packages/airflow/example_dags/example_trigger_controller_dag.py
[2023-03-01T12:54:51.839+0100] {processor.py:753} INFO - DAG(s) dict_keys(['example_trigger_controller_dag']) retrieved from /Users/oanottage/opt/anaconda3/lib/python3.8/site-packages/airflow/example_dags/example_trigger_controller_dag.py
[2023-03-01T12:54:52.988+0100] {logging_mixin.py:137} INFO - [2023-03-01T12:54:52.987+0100] {dag.py:2690} INFO - Sync 1 DAGs
[2023-03-01T12:54:53.008+0100] {logging_mixin.py:137} INFO - [2023-03-01T12:54:53.008+0100] {dag.py:3437} INFO - Setting next_dagrun for example_trigger_controller_dag to 2021-01-01T00:00:00+00:00, run_after=2021-01-01T00:00:00+00:00
[2023-03-01T12:54:53.030+0100] {processor.py:175} INFO - Processing /Users/oanottage/opt/anaconda3/lib/python3.8/site-packages/airflow/example_dags/example_trigger_controller_dag.py took 1.316 seconds
[2023-03-01T12:56:44.165+0100] {processor.py:153} INFO - Started process (PID=70103) to work on /Users/oanottage/opt/anaconda3/lib/python3.8/site-packages/airflow/example_dags/example_trigger_controller_dag.py
[2023-03-01T12:56:44.168+0100] {processor.py:743} INFO - Processing file /Users/oanottage/opt/anaconda3/lib/python3.8/site-packages/airflow/example_dags/example_trigger_controller_dag.py for tasks to queue
[2023-03-01T12:56:44.168+0100] {logging_mixin.py:137} INFO - [2023-03-01T12:56:44.168+0100] {dagbag.py:538} INFO - Filling up the DagBag from /Users/oanottage/opt/anaconda3/lib/python3.8/site-packages/airflow/example_dags/example_trigger_controller_dag.py
[2023-03-01T12:56:44.213+0100] {processor.py:753} INFO - DAG(s) dict_keys(['example_trigger_controller_dag']) retrieved from /Users/oanottage/opt/anaconda3/lib/python3.8/site-packages/airflow/example_dags/example_trigger_controller_dag.py
[2023-03-01T12:56:45.066+0100] {logging_mixin.py:137} INFO - [2023-03-01T12:56:45.066+0100] {dag.py:2690} INFO - Sync 1 DAGs
[2023-03-01T12:56:45.080+0100] {logging_mixin.py:137} INFO - [2023-03-01T12:56:45.080+0100] {dag.py:3437} INFO - Setting next_dagrun for example_trigger_controller_dag to 2021-01-01T00:00:00+00:00, run_after=2021-01-01T00:00:00+00:00
[2023-03-01T12:56:45.094+0100] {processor.py:175} INFO - Processing /Users/oanottage/opt/anaconda3/lib/python3.8/site-packages/airflow/example_dags/example_trigger_controller_dag.py took 0.930 seconds
[2023-03-01T12:58:38.917+0100] {processor.py:153} INFO - Started process (PID=74390) to work on /Users/oanottage/opt/anaconda3/lib/python3.8/site-packages/airflow/example_dags/example_trigger_controller_dag.py
[2023-03-01T12:58:38.922+0100] {processor.py:743} INFO - Processing file /Users/oanottage/opt/anaconda3/lib/python3.8/site-packages/airflow/example_dags/example_trigger_controller_dag.py for tasks to queue
[2023-03-01T12:58:38.923+0100] {logging_mixin.py:137} INFO - [2023-03-01T12:58:38.923+0100] {dagbag.py:538} INFO - Filling up the DagBag from /Users/oanottage/opt/anaconda3/lib/python3.8/site-packages/airflow/example_dags/example_trigger_controller_dag.py
[2023-03-01T12:58:38.975+0100] {processor.py:753} INFO - DAG(s) dict_keys(['example_trigger_controller_dag']) retrieved from /Users/oanottage/opt/anaconda3/lib/python3.8/site-packages/airflow/example_dags/example_trigger_controller_dag.py
[2023-03-01T12:58:39.956+0100] {logging_mixin.py:137} INFO - [2023-03-01T12:58:39.955+0100] {dag.py:2690} INFO - Sync 1 DAGs
[2023-03-01T12:58:39.970+0100] {logging_mixin.py:137} INFO - [2023-03-01T12:58:39.970+0100] {dag.py:3437} INFO - Setting next_dagrun for example_trigger_controller_dag to 2021-01-01T00:00:00+00:00, run_after=2021-01-01T00:00:00+00:00
[2023-03-01T12:58:39.983+0100] {processor.py:175} INFO - Processing /Users/oanottage/opt/anaconda3/lib/python3.8/site-packages/airflow/example_dags/example_trigger_controller_dag.py took 1.067 seconds
[2023-03-01T13:00:36.763+0100] {processor.py:153} INFO - Started process (PID=78665) to work on /Users/oanottage/opt/anaconda3/lib/python3.8/site-packages/airflow/example_dags/example_trigger_controller_dag.py
[2023-03-01T13:00:36.767+0100] {processor.py:743} INFO - Processing file /Users/oanottage/opt/anaconda3/lib/python3.8/site-packages/airflow/example_dags/example_trigger_controller_dag.py for tasks to queue
[2023-03-01T13:00:36.768+0100] {logging_mixin.py:137} INFO - [2023-03-01T13:00:36.768+0100] {dagbag.py:538} INFO - Filling up the DagBag from /Users/oanottage/opt/anaconda3/lib/python3.8/site-packages/airflow/example_dags/example_trigger_controller_dag.py
[2023-03-01T13:00:36.812+0100] {processor.py:753} INFO - DAG(s) dict_keys(['example_trigger_controller_dag']) retrieved from /Users/oanottage/opt/anaconda3/lib/python3.8/site-packages/airflow/example_dags/example_trigger_controller_dag.py
[2023-03-01T13:00:37.850+0100] {logging_mixin.py:137} INFO - [2023-03-01T13:00:37.850+0100] {dag.py:2690} INFO - Sync 1 DAGs
[2023-03-01T13:00:37.877+0100] {logging_mixin.py:137} INFO - [2023-03-01T13:00:37.876+0100] {dag.py:3437} INFO - Setting next_dagrun for example_trigger_controller_dag to 2021-01-01T00:00:00+00:00, run_after=2021-01-01T00:00:00+00:00
[2023-03-01T13:00:37.908+0100] {processor.py:175} INFO - Processing /Users/oanottage/opt/anaconda3/lib/python3.8/site-packages/airflow/example_dags/example_trigger_controller_dag.py took 1.145 seconds
