[2023-03-01T12:03:53.749+0100] {processor.py:153} INFO - Started process (PID=57292) to work on /Users/oanottage/opt/anaconda3/lib/python3.8/site-packages/airflow/example_dags/example_datasets.py
[2023-03-01T12:03:53.754+0100] {processor.py:743} INFO - Processing file /Users/oanottage/opt/anaconda3/lib/python3.8/site-packages/airflow/example_dags/example_datasets.py for tasks to queue
[2023-03-01T12:03:53.754+0100] {logging_mixin.py:137} INFO - [2023-03-01T12:03:53.754+0100] {dagbag.py:538} INFO - Filling up the DagBag from /Users/oanottage/opt/anaconda3/lib/python3.8/site-packages/airflow/example_dags/example_datasets.py
[2023-03-01T12:03:53.823+0100] {processor.py:753} INFO - DAG(s) dict_keys(['dataset_produces_1', 'dataset_consumes_unknown_never_scheduled', 'dataset_consumes_1_and_2', 'dataset_consumes_1', 'dataset_consumes_1_never_scheduled', 'dataset_produces_2']) retrieved from /Users/oanottage/opt/anaconda3/lib/python3.8/site-packages/airflow/example_dags/example_datasets.py
[2023-03-01T12:03:54.885+0100] {logging_mixin.py:137} INFO - [2023-03-01T12:03:54.885+0100] {manager.py:504} INFO - Created Permission View: can delete on DAG:dataset_produces_1
[2023-03-01T12:03:54.893+0100] {logging_mixin.py:137} INFO - [2023-03-01T12:03:54.893+0100] {manager.py:504} INFO - Created Permission View: can edit on DAG:dataset_produces_1
[2023-03-01T12:03:54.899+0100] {logging_mixin.py:137} INFO - [2023-03-01T12:03:54.899+0100] {manager.py:504} INFO - Created Permission View: can read on DAG:dataset_produces_1
[2023-03-01T12:03:54.910+0100] {logging_mixin.py:137} INFO - [2023-03-01T12:03:54.910+0100] {manager.py:504} INFO - Created Permission View: can delete on DAG:dataset_consumes_unknown_never_scheduled
[2023-03-01T12:03:54.916+0100] {logging_mixin.py:137} INFO - [2023-03-01T12:03:54.916+0100] {manager.py:504} INFO - Created Permission View: can edit on DAG:dataset_consumes_unknown_never_scheduled
[2023-03-01T12:03:54.921+0100] {logging_mixin.py:137} INFO - [2023-03-01T12:03:54.921+0100] {manager.py:504} INFO - Created Permission View: can read on DAG:dataset_consumes_unknown_never_scheduled
[2023-03-01T12:03:54.931+0100] {logging_mixin.py:137} INFO - [2023-03-01T12:03:54.931+0100] {manager.py:504} INFO - Created Permission View: can delete on DAG:dataset_consumes_1_and_2
[2023-03-01T12:03:54.935+0100] {logging_mixin.py:137} INFO - [2023-03-01T12:03:54.935+0100] {manager.py:504} INFO - Created Permission View: can edit on DAG:dataset_consumes_1_and_2
[2023-03-01T12:03:54.940+0100] {logging_mixin.py:137} INFO - [2023-03-01T12:03:54.940+0100] {manager.py:504} INFO - Created Permission View: can read on DAG:dataset_consumes_1_and_2
[2023-03-01T12:03:54.950+0100] {logging_mixin.py:137} INFO - [2023-03-01T12:03:54.949+0100] {manager.py:504} INFO - Created Permission View: can delete on DAG:dataset_consumes_1
[2023-03-01T12:03:54.954+0100] {logging_mixin.py:137} INFO - [2023-03-01T12:03:54.954+0100] {manager.py:504} INFO - Created Permission View: can edit on DAG:dataset_consumes_1
[2023-03-01T12:03:54.959+0100] {logging_mixin.py:137} INFO - [2023-03-01T12:03:54.959+0100] {manager.py:504} INFO - Created Permission View: can read on DAG:dataset_consumes_1
[2023-03-01T12:03:54.968+0100] {logging_mixin.py:137} INFO - [2023-03-01T12:03:54.968+0100] {manager.py:504} INFO - Created Permission View: can delete on DAG:dataset_consumes_1_never_scheduled
[2023-03-01T12:03:54.972+0100] {logging_mixin.py:137} INFO - [2023-03-01T12:03:54.972+0100] {manager.py:504} INFO - Created Permission View: can edit on DAG:dataset_consumes_1_never_scheduled
[2023-03-01T12:03:54.977+0100] {logging_mixin.py:137} INFO - [2023-03-01T12:03:54.977+0100] {manager.py:504} INFO - Created Permission View: can read on DAG:dataset_consumes_1_never_scheduled
[2023-03-01T12:03:54.986+0100] {logging_mixin.py:137} INFO - [2023-03-01T12:03:54.985+0100] {manager.py:504} INFO - Created Permission View: can delete on DAG:dataset_produces_2
[2023-03-01T12:03:54.991+0100] {logging_mixin.py:137} INFO - [2023-03-01T12:03:54.990+0100] {manager.py:504} INFO - Created Permission View: can edit on DAG:dataset_produces_2
[2023-03-01T12:03:54.995+0100] {logging_mixin.py:137} INFO - [2023-03-01T12:03:54.995+0100] {manager.py:504} INFO - Created Permission View: can read on DAG:dataset_produces_2
[2023-03-01T12:03:54.996+0100] {logging_mixin.py:137} INFO - [2023-03-01T12:03:54.995+0100] {dag.py:2690} INFO - Sync 6 DAGs
[2023-03-01T12:03:55.004+0100] {logging_mixin.py:137} INFO - [2023-03-01T12:03:55.003+0100] {dag.py:2711} INFO - Creating ORM DAG for dataset_consumes_1_and_2
[2023-03-01T12:03:55.004+0100] {logging_mixin.py:137} INFO - [2023-03-01T12:03:55.004+0100] {dag.py:2711} INFO - Creating ORM DAG for dataset_produces_2
[2023-03-01T12:03:55.004+0100] {logging_mixin.py:137} INFO - [2023-03-01T12:03:55.004+0100] {dag.py:2711} INFO - Creating ORM DAG for dataset_consumes_1
[2023-03-01T12:03:55.005+0100] {logging_mixin.py:137} INFO - [2023-03-01T12:03:55.005+0100] {dag.py:2711} INFO - Creating ORM DAG for dataset_consumes_1_never_scheduled
[2023-03-01T12:03:55.005+0100] {logging_mixin.py:137} INFO - [2023-03-01T12:03:55.005+0100] {dag.py:2711} INFO - Creating ORM DAG for dataset_consumes_unknown_never_scheduled
[2023-03-01T12:03:55.005+0100] {logging_mixin.py:137} INFO - [2023-03-01T12:03:55.005+0100] {dag.py:2711} INFO - Creating ORM DAG for dataset_produces_1
[2023-03-01T12:03:55.011+0100] {logging_mixin.py:137} INFO - [2023-03-01T12:03:55.011+0100] {dag.py:3437} INFO - Setting next_dagrun for dataset_consumes_1 to None, run_after=None
[2023-03-01T12:03:55.011+0100] {logging_mixin.py:137} INFO - [2023-03-01T12:03:55.011+0100] {dag.py:3437} INFO - Setting next_dagrun for dataset_consumes_1_and_2 to None, run_after=None
[2023-03-01T12:03:55.012+0100] {logging_mixin.py:137} INFO - [2023-03-01T12:03:55.012+0100] {dag.py:3437} INFO - Setting next_dagrun for dataset_consumes_1_never_scheduled to None, run_after=None
[2023-03-01T12:03:55.012+0100] {logging_mixin.py:137} INFO - [2023-03-01T12:03:55.012+0100] {dag.py:3437} INFO - Setting next_dagrun for dataset_consumes_unknown_never_scheduled to None, run_after=None
[2023-03-01T12:03:55.014+0100] {logging_mixin.py:137} INFO - [2023-03-01T12:03:55.013+0100] {dag.py:3437} INFO - Setting next_dagrun for dataset_produces_1 to 2023-02-28T00:00:00+00:00, run_after=2023-03-01T00:00:00+00:00
[2023-03-01T12:03:55.014+0100] {logging_mixin.py:137} INFO - [2023-03-01T12:03:55.014+0100] {dag.py:3437} INFO - Setting next_dagrun for dataset_produces_2 to None, run_after=None
[2023-03-01T12:03:55.034+0100] {processor.py:175} INFO - Processing /Users/oanottage/opt/anaconda3/lib/python3.8/site-packages/airflow/example_dags/example_datasets.py took 1.286 seconds
[2023-03-01T12:05:51.544+0100] {processor.py:153} INFO - Started process (PID=61473) to work on /Users/oanottage/opt/anaconda3/lib/python3.8/site-packages/airflow/example_dags/example_datasets.py
[2023-03-01T12:05:51.547+0100] {processor.py:743} INFO - Processing file /Users/oanottage/opt/anaconda3/lib/python3.8/site-packages/airflow/example_dags/example_datasets.py for tasks to queue
[2023-03-01T12:05:51.547+0100] {logging_mixin.py:137} INFO - [2023-03-01T12:05:51.547+0100] {dagbag.py:538} INFO - Filling up the DagBag from /Users/oanottage/opt/anaconda3/lib/python3.8/site-packages/airflow/example_dags/example_datasets.py
[2023-03-01T12:05:51.593+0100] {processor.py:753} INFO - DAG(s) dict_keys(['dataset_consumes_1_never_scheduled', 'dataset_produces_2', 'dataset_consumes_1_and_2', 'dataset_consumes_1', 'dataset_produces_1', 'dataset_consumes_unknown_never_scheduled']) retrieved from /Users/oanottage/opt/anaconda3/lib/python3.8/site-packages/airflow/example_dags/example_datasets.py
[2023-03-01T12:05:52.495+0100] {logging_mixin.py:137} INFO - [2023-03-01T12:05:52.495+0100] {dag.py:2690} INFO - Sync 6 DAGs
[2023-03-01T12:05:52.508+0100] {logging_mixin.py:137} INFO - [2023-03-01T12:05:52.508+0100] {dag.py:3437} INFO - Setting next_dagrun for dataset_consumes_1 to None, run_after=None
[2023-03-01T12:05:52.509+0100] {logging_mixin.py:137} INFO - [2023-03-01T12:05:52.509+0100] {dag.py:3437} INFO - Setting next_dagrun for dataset_consumes_1_and_2 to None, run_after=None
[2023-03-01T12:05:52.510+0100] {logging_mixin.py:137} INFO - [2023-03-01T12:05:52.510+0100] {dag.py:3437} INFO - Setting next_dagrun for dataset_consumes_1_never_scheduled to None, run_after=None
[2023-03-01T12:05:52.511+0100] {logging_mixin.py:137} INFO - [2023-03-01T12:05:52.510+0100] {dag.py:3437} INFO - Setting next_dagrun for dataset_consumes_unknown_never_scheduled to None, run_after=None
[2023-03-01T12:05:52.512+0100] {logging_mixin.py:137} INFO - [2023-03-01T12:05:52.512+0100] {dag.py:3437} INFO - Setting next_dagrun for dataset_produces_1 to 2023-02-28T00:00:00+00:00, run_after=2023-03-01T00:00:00+00:00
[2023-03-01T12:05:52.513+0100] {logging_mixin.py:137} INFO - [2023-03-01T12:05:52.513+0100] {dag.py:3437} INFO - Setting next_dagrun for dataset_produces_2 to None, run_after=None
[2023-03-01T12:05:52.532+0100] {processor.py:175} INFO - Processing /Users/oanottage/opt/anaconda3/lib/python3.8/site-packages/airflow/example_dags/example_datasets.py took 0.989 seconds
[2023-03-01T12:07:45.643+0100] {processor.py:153} INFO - Started process (PID=65666) to work on /Users/oanottage/opt/anaconda3/lib/python3.8/site-packages/airflow/example_dags/example_datasets.py
[2023-03-01T12:07:45.647+0100] {processor.py:743} INFO - Processing file /Users/oanottage/opt/anaconda3/lib/python3.8/site-packages/airflow/example_dags/example_datasets.py for tasks to queue
[2023-03-01T12:07:45.648+0100] {logging_mixin.py:137} INFO - [2023-03-01T12:07:45.647+0100] {dagbag.py:538} INFO - Filling up the DagBag from /Users/oanottage/opt/anaconda3/lib/python3.8/site-packages/airflow/example_dags/example_datasets.py
[2023-03-01T12:07:45.691+0100] {processor.py:753} INFO - DAG(s) dict_keys(['dataset_consumes_1', 'dataset_produces_2', 'dataset_consumes_1_and_2', 'dataset_consumes_unknown_never_scheduled', 'dataset_produces_1', 'dataset_consumes_1_never_scheduled']) retrieved from /Users/oanottage/opt/anaconda3/lib/python3.8/site-packages/airflow/example_dags/example_datasets.py
[2023-03-01T12:07:46.569+0100] {logging_mixin.py:137} INFO - [2023-03-01T12:07:46.569+0100] {dag.py:2690} INFO - Sync 6 DAGs
[2023-03-01T12:07:46.582+0100] {logging_mixin.py:137} INFO - [2023-03-01T12:07:46.582+0100] {dag.py:3437} INFO - Setting next_dagrun for dataset_consumes_1 to None, run_after=None
[2023-03-01T12:07:46.584+0100] {logging_mixin.py:137} INFO - [2023-03-01T12:07:46.584+0100] {dag.py:3437} INFO - Setting next_dagrun for dataset_consumes_1_and_2 to None, run_after=None
[2023-03-01T12:07:46.585+0100] {logging_mixin.py:137} INFO - [2023-03-01T12:07:46.585+0100] {dag.py:3437} INFO - Setting next_dagrun for dataset_consumes_1_never_scheduled to None, run_after=None
[2023-03-01T12:07:46.585+0100] {logging_mixin.py:137} INFO - [2023-03-01T12:07:46.585+0100] {dag.py:3437} INFO - Setting next_dagrun for dataset_consumes_unknown_never_scheduled to None, run_after=None
[2023-03-01T12:07:46.587+0100] {logging_mixin.py:137} INFO - [2023-03-01T12:07:46.587+0100] {dag.py:3437} INFO - Setting next_dagrun for dataset_produces_1 to 2023-02-28T00:00:00+00:00, run_after=2023-03-01T00:00:00+00:00
[2023-03-01T12:07:46.587+0100] {logging_mixin.py:137} INFO - [2023-03-01T12:07:46.587+0100] {dag.py:3437} INFO - Setting next_dagrun for dataset_produces_2 to None, run_after=None
[2023-03-01T12:07:46.607+0100] {processor.py:175} INFO - Processing /Users/oanottage/opt/anaconda3/lib/python3.8/site-packages/airflow/example_dags/example_datasets.py took 0.965 seconds
[2023-03-01T12:09:39.047+0100] {processor.py:153} INFO - Started process (PID=69838) to work on /Users/oanottage/opt/anaconda3/lib/python3.8/site-packages/airflow/example_dags/example_datasets.py
[2023-03-01T12:09:39.052+0100] {processor.py:743} INFO - Processing file /Users/oanottage/opt/anaconda3/lib/python3.8/site-packages/airflow/example_dags/example_datasets.py for tasks to queue
[2023-03-01T12:09:39.052+0100] {logging_mixin.py:137} INFO - [2023-03-01T12:09:39.052+0100] {dagbag.py:538} INFO - Filling up the DagBag from /Users/oanottage/opt/anaconda3/lib/python3.8/site-packages/airflow/example_dags/example_datasets.py
[2023-03-01T12:09:39.101+0100] {processor.py:753} INFO - DAG(s) dict_keys(['dataset_produces_2', 'dataset_consumes_1', 'dataset_consumes_1_and_2', 'dataset_consumes_1_never_scheduled', 'dataset_produces_1', 'dataset_consumes_unknown_never_scheduled']) retrieved from /Users/oanottage/opt/anaconda3/lib/python3.8/site-packages/airflow/example_dags/example_datasets.py
[2023-03-01T12:09:40.060+0100] {logging_mixin.py:137} INFO - [2023-03-01T12:09:40.060+0100] {dag.py:2690} INFO - Sync 6 DAGs
[2023-03-01T12:09:40.074+0100] {logging_mixin.py:137} INFO - [2023-03-01T12:09:40.074+0100] {dag.py:3437} INFO - Setting next_dagrun for dataset_consumes_1 to None, run_after=None
[2023-03-01T12:09:40.076+0100] {logging_mixin.py:137} INFO - [2023-03-01T12:09:40.076+0100] {dag.py:3437} INFO - Setting next_dagrun for dataset_consumes_1_and_2 to None, run_after=None
[2023-03-01T12:09:40.077+0100] {logging_mixin.py:137} INFO - [2023-03-01T12:09:40.077+0100] {dag.py:3437} INFO - Setting next_dagrun for dataset_consumes_1_never_scheduled to None, run_after=None
[2023-03-01T12:09:40.078+0100] {logging_mixin.py:137} INFO - [2023-03-01T12:09:40.077+0100] {dag.py:3437} INFO - Setting next_dagrun for dataset_consumes_unknown_never_scheduled to None, run_after=None
[2023-03-01T12:09:40.080+0100] {logging_mixin.py:137} INFO - [2023-03-01T12:09:40.079+0100] {dag.py:3437} INFO - Setting next_dagrun for dataset_produces_1 to 2023-02-28T00:00:00+00:00, run_after=2023-03-01T00:00:00+00:00
[2023-03-01T12:09:40.080+0100] {logging_mixin.py:137} INFO - [2023-03-01T12:09:40.080+0100] {dag.py:3437} INFO - Setting next_dagrun for dataset_produces_2 to None, run_after=None
[2023-03-01T12:09:40.104+0100] {processor.py:175} INFO - Processing /Users/oanottage/opt/anaconda3/lib/python3.8/site-packages/airflow/example_dags/example_datasets.py took 1.057 seconds
[2023-03-01T12:11:45.437+0100] {processor.py:153} INFO - Started process (PID=74132) to work on /Users/oanottage/opt/anaconda3/lib/python3.8/site-packages/airflow/example_dags/example_datasets.py
[2023-03-01T12:11:45.441+0100] {processor.py:743} INFO - Processing file /Users/oanottage/opt/anaconda3/lib/python3.8/site-packages/airflow/example_dags/example_datasets.py for tasks to queue
[2023-03-01T12:11:45.441+0100] {logging_mixin.py:137} INFO - [2023-03-01T12:11:45.441+0100] {dagbag.py:538} INFO - Filling up the DagBag from /Users/oanottage/opt/anaconda3/lib/python3.8/site-packages/airflow/example_dags/example_datasets.py
[2023-03-01T12:11:45.497+0100] {processor.py:753} INFO - DAG(s) dict_keys(['dataset_produces_1', 'dataset_consumes_1_and_2', 'dataset_consumes_1', 'dataset_produces_2', 'dataset_consumes_1_never_scheduled', 'dataset_consumes_unknown_never_scheduled']) retrieved from /Users/oanottage/opt/anaconda3/lib/python3.8/site-packages/airflow/example_dags/example_datasets.py
[2023-03-01T12:11:46.481+0100] {logging_mixin.py:137} INFO - [2023-03-01T12:11:46.481+0100] {dag.py:2690} INFO - Sync 6 DAGs
[2023-03-01T12:11:46.493+0100] {logging_mixin.py:137} INFO - [2023-03-01T12:11:46.493+0100] {dag.py:3437} INFO - Setting next_dagrun for dataset_consumes_1 to None, run_after=None
[2023-03-01T12:11:46.495+0100] {logging_mixin.py:137} INFO - [2023-03-01T12:11:46.495+0100] {dag.py:3437} INFO - Setting next_dagrun for dataset_consumes_1_and_2 to None, run_after=None
[2023-03-01T12:11:46.496+0100] {logging_mixin.py:137} INFO - [2023-03-01T12:11:46.496+0100] {dag.py:3437} INFO - Setting next_dagrun for dataset_consumes_1_never_scheduled to None, run_after=None
[2023-03-01T12:11:46.497+0100] {logging_mixin.py:137} INFO - [2023-03-01T12:11:46.496+0100] {dag.py:3437} INFO - Setting next_dagrun for dataset_consumes_unknown_never_scheduled to None, run_after=None
[2023-03-01T12:11:46.498+0100] {logging_mixin.py:137} INFO - [2023-03-01T12:11:46.498+0100] {dag.py:3437} INFO - Setting next_dagrun for dataset_produces_1 to 2023-02-28T00:00:00+00:00, run_after=2023-03-01T00:00:00+00:00
[2023-03-01T12:11:46.499+0100] {logging_mixin.py:137} INFO - [2023-03-01T12:11:46.499+0100] {dag.py:3437} INFO - Setting next_dagrun for dataset_produces_2 to None, run_after=None
[2023-03-01T12:11:46.523+0100] {processor.py:175} INFO - Processing /Users/oanottage/opt/anaconda3/lib/python3.8/site-packages/airflow/example_dags/example_datasets.py took 1.087 seconds
[2023-03-01T12:13:40.481+0100] {processor.py:153} INFO - Started process (PID=78370) to work on /Users/oanottage/opt/anaconda3/lib/python3.8/site-packages/airflow/example_dags/example_datasets.py
[2023-03-01T12:13:40.485+0100] {processor.py:743} INFO - Processing file /Users/oanottage/opt/anaconda3/lib/python3.8/site-packages/airflow/example_dags/example_datasets.py for tasks to queue
[2023-03-01T12:13:40.485+0100] {logging_mixin.py:137} INFO - [2023-03-01T12:13:40.485+0100] {dagbag.py:538} INFO - Filling up the DagBag from /Users/oanottage/opt/anaconda3/lib/python3.8/site-packages/airflow/example_dags/example_datasets.py
[2023-03-01T12:13:40.531+0100] {processor.py:753} INFO - DAG(s) dict_keys(['dataset_consumes_1', 'dataset_produces_2', 'dataset_consumes_1_never_scheduled', 'dataset_consumes_unknown_never_scheduled', 'dataset_consumes_1_and_2', 'dataset_produces_1']) retrieved from /Users/oanottage/opt/anaconda3/lib/python3.8/site-packages/airflow/example_dags/example_datasets.py
[2023-03-01T12:13:41.417+0100] {logging_mixin.py:137} INFO - [2023-03-01T12:13:41.417+0100] {dag.py:2690} INFO - Sync 6 DAGs
[2023-03-01T12:13:41.428+0100] {logging_mixin.py:137} INFO - [2023-03-01T12:13:41.428+0100] {dag.py:3437} INFO - Setting next_dagrun for dataset_consumes_1 to None, run_after=None
[2023-03-01T12:13:41.430+0100] {logging_mixin.py:137} INFO - [2023-03-01T12:13:41.430+0100] {dag.py:3437} INFO - Setting next_dagrun for dataset_consumes_1_and_2 to None, run_after=None
[2023-03-01T12:13:41.430+0100] {logging_mixin.py:137} INFO - [2023-03-01T12:13:41.430+0100] {dag.py:3437} INFO - Setting next_dagrun for dataset_consumes_1_never_scheduled to None, run_after=None
[2023-03-01T12:13:41.431+0100] {logging_mixin.py:137} INFO - [2023-03-01T12:13:41.431+0100] {dag.py:3437} INFO - Setting next_dagrun for dataset_consumes_unknown_never_scheduled to None, run_after=None
[2023-03-01T12:13:41.433+0100] {logging_mixin.py:137} INFO - [2023-03-01T12:13:41.433+0100] {dag.py:3437} INFO - Setting next_dagrun for dataset_produces_1 to 2023-02-28T00:00:00+00:00, run_after=2023-03-01T00:00:00+00:00
[2023-03-01T12:13:41.433+0100] {logging_mixin.py:137} INFO - [2023-03-01T12:13:41.433+0100] {dag.py:3437} INFO - Setting next_dagrun for dataset_produces_2 to None, run_after=None
[2023-03-01T12:13:41.453+0100] {processor.py:175} INFO - Processing /Users/oanottage/opt/anaconda3/lib/python3.8/site-packages/airflow/example_dags/example_datasets.py took 0.973 seconds
[2023-03-01T12:15:32.811+0100] {processor.py:153} INFO - Started process (PID=82529) to work on /Users/oanottage/opt/anaconda3/lib/python3.8/site-packages/airflow/example_dags/example_datasets.py
[2023-03-01T12:15:32.815+0100] {processor.py:743} INFO - Processing file /Users/oanottage/opt/anaconda3/lib/python3.8/site-packages/airflow/example_dags/example_datasets.py for tasks to queue
[2023-03-01T12:15:32.815+0100] {logging_mixin.py:137} INFO - [2023-03-01T12:15:32.815+0100] {dagbag.py:538} INFO - Filling up the DagBag from /Users/oanottage/opt/anaconda3/lib/python3.8/site-packages/airflow/example_dags/example_datasets.py
[2023-03-01T12:15:32.871+0100] {processor.py:753} INFO - DAG(s) dict_keys(['dataset_produces_2', 'dataset_produces_1', 'dataset_consumes_unknown_never_scheduled', 'dataset_consumes_1', 'dataset_consumes_1_and_2', 'dataset_consumes_1_never_scheduled']) retrieved from /Users/oanottage/opt/anaconda3/lib/python3.8/site-packages/airflow/example_dags/example_datasets.py
[2023-03-01T12:15:33.790+0100] {logging_mixin.py:137} INFO - [2023-03-01T12:15:33.790+0100] {dag.py:2690} INFO - Sync 6 DAGs
[2023-03-01T12:15:33.802+0100] {logging_mixin.py:137} INFO - [2023-03-01T12:15:33.802+0100] {dag.py:3437} INFO - Setting next_dagrun for dataset_consumes_1 to None, run_after=None
[2023-03-01T12:15:33.804+0100] {logging_mixin.py:137} INFO - [2023-03-01T12:15:33.804+0100] {dag.py:3437} INFO - Setting next_dagrun for dataset_consumes_1_and_2 to None, run_after=None
[2023-03-01T12:15:33.804+0100] {logging_mixin.py:137} INFO - [2023-03-01T12:15:33.804+0100] {dag.py:3437} INFO - Setting next_dagrun for dataset_consumes_1_never_scheduled to None, run_after=None
[2023-03-01T12:15:33.805+0100] {logging_mixin.py:137} INFO - [2023-03-01T12:15:33.805+0100] {dag.py:3437} INFO - Setting next_dagrun for dataset_consumes_unknown_never_scheduled to None, run_after=None
[2023-03-01T12:15:33.807+0100] {logging_mixin.py:137} INFO - [2023-03-01T12:15:33.806+0100] {dag.py:3437} INFO - Setting next_dagrun for dataset_produces_1 to 2023-02-28T00:00:00+00:00, run_after=2023-03-01T00:00:00+00:00
[2023-03-01T12:15:33.807+0100] {logging_mixin.py:137} INFO - [2023-03-01T12:15:33.807+0100] {dag.py:3437} INFO - Setting next_dagrun for dataset_produces_2 to None, run_after=None
[2023-03-01T12:15:33.829+0100] {processor.py:175} INFO - Processing /Users/oanottage/opt/anaconda3/lib/python3.8/site-packages/airflow/example_dags/example_datasets.py took 1.018 seconds
[2023-03-01T12:17:36.079+0100] {processor.py:153} INFO - Started process (PID=86711) to work on /Users/oanottage/opt/anaconda3/lib/python3.8/site-packages/airflow/example_dags/example_datasets.py
[2023-03-01T12:17:36.085+0100] {processor.py:743} INFO - Processing file /Users/oanottage/opt/anaconda3/lib/python3.8/site-packages/airflow/example_dags/example_datasets.py for tasks to queue
[2023-03-01T12:17:36.086+0100] {logging_mixin.py:137} INFO - [2023-03-01T12:17:36.086+0100] {dagbag.py:538} INFO - Filling up the DagBag from /Users/oanottage/opt/anaconda3/lib/python3.8/site-packages/airflow/example_dags/example_datasets.py
[2023-03-01T12:17:36.166+0100] {processor.py:753} INFO - DAG(s) dict_keys(['dataset_consumes_1_and_2', 'dataset_consumes_unknown_never_scheduled', 'dataset_consumes_1', 'dataset_consumes_1_never_scheduled', 'dataset_produces_1', 'dataset_produces_2']) retrieved from /Users/oanottage/opt/anaconda3/lib/python3.8/site-packages/airflow/example_dags/example_datasets.py
[2023-03-01T12:17:37.661+0100] {logging_mixin.py:137} INFO - [2023-03-01T12:17:37.661+0100] {dag.py:2690} INFO - Sync 6 DAGs
[2023-03-01T12:17:37.678+0100] {logging_mixin.py:137} INFO - [2023-03-01T12:17:37.678+0100] {dag.py:3437} INFO - Setting next_dagrun for dataset_consumes_1 to None, run_after=None
[2023-03-01T12:17:37.681+0100] {logging_mixin.py:137} INFO - [2023-03-01T12:17:37.680+0100] {dag.py:3437} INFO - Setting next_dagrun for dataset_consumes_1_and_2 to None, run_after=None
[2023-03-01T12:17:37.682+0100] {logging_mixin.py:137} INFO - [2023-03-01T12:17:37.681+0100] {dag.py:3437} INFO - Setting next_dagrun for dataset_consumes_1_never_scheduled to None, run_after=None
[2023-03-01T12:17:37.682+0100] {logging_mixin.py:137} INFO - [2023-03-01T12:17:37.682+0100] {dag.py:3437} INFO - Setting next_dagrun for dataset_consumes_unknown_never_scheduled to None, run_after=None
[2023-03-01T12:17:37.686+0100] {logging_mixin.py:137} INFO - [2023-03-01T12:17:37.686+0100] {dag.py:3437} INFO - Setting next_dagrun for dataset_produces_1 to 2023-02-28T00:00:00+00:00, run_after=2023-03-01T00:00:00+00:00
[2023-03-01T12:17:37.687+0100] {logging_mixin.py:137} INFO - [2023-03-01T12:17:37.687+0100] {dag.py:3437} INFO - Setting next_dagrun for dataset_produces_2 to None, run_after=None
[2023-03-01T12:17:37.721+0100] {processor.py:175} INFO - Processing /Users/oanottage/opt/anaconda3/lib/python3.8/site-packages/airflow/example_dags/example_datasets.py took 1.642 seconds
[2023-03-01T12:19:30.665+0100] {processor.py:153} INFO - Started process (PID=90825) to work on /Users/oanottage/opt/anaconda3/lib/python3.8/site-packages/airflow/example_dags/example_datasets.py
[2023-03-01T12:19:30.668+0100] {processor.py:743} INFO - Processing file /Users/oanottage/opt/anaconda3/lib/python3.8/site-packages/airflow/example_dags/example_datasets.py for tasks to queue
[2023-03-01T12:19:30.669+0100] {logging_mixin.py:137} INFO - [2023-03-01T12:19:30.669+0100] {dagbag.py:538} INFO - Filling up the DagBag from /Users/oanottage/opt/anaconda3/lib/python3.8/site-packages/airflow/example_dags/example_datasets.py
[2023-03-01T12:19:30.713+0100] {processor.py:753} INFO - DAG(s) dict_keys(['dataset_consumes_unknown_never_scheduled', 'dataset_consumes_1_never_scheduled', 'dataset_consumes_1', 'dataset_consumes_1_and_2', 'dataset_produces_2', 'dataset_produces_1']) retrieved from /Users/oanottage/opt/anaconda3/lib/python3.8/site-packages/airflow/example_dags/example_datasets.py
[2023-03-01T12:19:31.637+0100] {logging_mixin.py:137} INFO - [2023-03-01T12:19:31.637+0100] {dag.py:2690} INFO - Sync 6 DAGs
[2023-03-01T12:19:31.651+0100] {logging_mixin.py:137} INFO - [2023-03-01T12:19:31.650+0100] {dag.py:3437} INFO - Setting next_dagrun for dataset_consumes_1 to None, run_after=None
[2023-03-01T12:19:31.652+0100] {logging_mixin.py:137} INFO - [2023-03-01T12:19:31.652+0100] {dag.py:3437} INFO - Setting next_dagrun for dataset_consumes_1_and_2 to None, run_after=None
[2023-03-01T12:19:31.653+0100] {logging_mixin.py:137} INFO - [2023-03-01T12:19:31.653+0100] {dag.py:3437} INFO - Setting next_dagrun for dataset_consumes_1_never_scheduled to None, run_after=None
[2023-03-01T12:19:31.654+0100] {logging_mixin.py:137} INFO - [2023-03-01T12:19:31.654+0100] {dag.py:3437} INFO - Setting next_dagrun for dataset_consumes_unknown_never_scheduled to None, run_after=None
[2023-03-01T12:19:31.655+0100] {logging_mixin.py:137} INFO - [2023-03-01T12:19:31.655+0100] {dag.py:3437} INFO - Setting next_dagrun for dataset_produces_1 to 2023-02-28T00:00:00+00:00, run_after=2023-03-01T00:00:00+00:00
[2023-03-01T12:19:31.656+0100] {logging_mixin.py:137} INFO - [2023-03-01T12:19:31.656+0100] {dag.py:3437} INFO - Setting next_dagrun for dataset_produces_2 to None, run_after=None
[2023-03-01T12:19:31.683+0100] {processor.py:175} INFO - Processing /Users/oanottage/opt/anaconda3/lib/python3.8/site-packages/airflow/example_dags/example_datasets.py took 1.018 seconds
[2023-03-01T12:21:32.140+0100] {processor.py:153} INFO - Started process (PID=95179) to work on /Users/oanottage/opt/anaconda3/lib/python3.8/site-packages/airflow/example_dags/example_datasets.py
[2023-03-01T12:21:32.145+0100] {processor.py:743} INFO - Processing file /Users/oanottage/opt/anaconda3/lib/python3.8/site-packages/airflow/example_dags/example_datasets.py for tasks to queue
[2023-03-01T12:21:32.146+0100] {logging_mixin.py:137} INFO - [2023-03-01T12:21:32.146+0100] {dagbag.py:538} INFO - Filling up the DagBag from /Users/oanottage/opt/anaconda3/lib/python3.8/site-packages/airflow/example_dags/example_datasets.py
[2023-03-01T12:21:32.204+0100] {processor.py:753} INFO - DAG(s) dict_keys(['dataset_consumes_unknown_never_scheduled', 'dataset_consumes_1_never_scheduled', 'dataset_consumes_1_and_2', 'dataset_consumes_1', 'dataset_produces_2', 'dataset_produces_1']) retrieved from /Users/oanottage/opt/anaconda3/lib/python3.8/site-packages/airflow/example_dags/example_datasets.py
[2023-03-01T12:21:33.280+0100] {logging_mixin.py:137} INFO - [2023-03-01T12:21:33.280+0100] {dag.py:2690} INFO - Sync 6 DAGs
[2023-03-01T12:21:33.295+0100] {logging_mixin.py:137} INFO - [2023-03-01T12:21:33.295+0100] {dag.py:3437} INFO - Setting next_dagrun for dataset_consumes_1 to None, run_after=None
[2023-03-01T12:21:33.296+0100] {logging_mixin.py:137} INFO - [2023-03-01T12:21:33.296+0100] {dag.py:3437} INFO - Setting next_dagrun for dataset_consumes_1_and_2 to None, run_after=None
[2023-03-01T12:21:33.297+0100] {logging_mixin.py:137} INFO - [2023-03-01T12:21:33.297+0100] {dag.py:3437} INFO - Setting next_dagrun for dataset_consumes_1_never_scheduled to None, run_after=None
[2023-03-01T12:21:33.298+0100] {logging_mixin.py:137} INFO - [2023-03-01T12:21:33.298+0100] {dag.py:3437} INFO - Setting next_dagrun for dataset_consumes_unknown_never_scheduled to None, run_after=None
[2023-03-01T12:21:33.300+0100] {logging_mixin.py:137} INFO - [2023-03-01T12:21:33.300+0100] {dag.py:3437} INFO - Setting next_dagrun for dataset_produces_1 to 2023-02-28T00:00:00+00:00, run_after=2023-03-01T00:00:00+00:00
[2023-03-01T12:21:33.300+0100] {logging_mixin.py:137} INFO - [2023-03-01T12:21:33.300+0100] {dag.py:3437} INFO - Setting next_dagrun for dataset_produces_2 to None, run_after=None
[2023-03-01T12:21:33.325+0100] {processor.py:175} INFO - Processing /Users/oanottage/opt/anaconda3/lib/python3.8/site-packages/airflow/example_dags/example_datasets.py took 1.185 seconds
[2023-03-01T12:24:05.519+0100] {processor.py:153} INFO - Started process (PID=832) to work on /Users/oanottage/opt/anaconda3/lib/python3.8/site-packages/airflow/example_dags/example_datasets.py
[2023-03-01T12:24:05.523+0100] {processor.py:743} INFO - Processing file /Users/oanottage/opt/anaconda3/lib/python3.8/site-packages/airflow/example_dags/example_datasets.py for tasks to queue
[2023-03-01T12:24:05.523+0100] {logging_mixin.py:137} INFO - [2023-03-01T12:24:05.523+0100] {dagbag.py:538} INFO - Filling up the DagBag from /Users/oanottage/opt/anaconda3/lib/python3.8/site-packages/airflow/example_dags/example_datasets.py
[2023-03-01T12:24:05.569+0100] {processor.py:753} INFO - DAG(s) dict_keys(['dataset_produces_1', 'dataset_consumes_1', 'dataset_produces_2', 'dataset_consumes_1_and_2', 'dataset_consumes_1_never_scheduled', 'dataset_consumes_unknown_never_scheduled']) retrieved from /Users/oanottage/opt/anaconda3/lib/python3.8/site-packages/airflow/example_dags/example_datasets.py
[2023-03-01T12:24:06.543+0100] {logging_mixin.py:137} INFO - [2023-03-01T12:24:06.542+0100] {dag.py:2690} INFO - Sync 6 DAGs
[2023-03-01T12:24:06.554+0100] {logging_mixin.py:137} INFO - [2023-03-01T12:24:06.554+0100] {dag.py:3437} INFO - Setting next_dagrun for dataset_consumes_1 to None, run_after=None
[2023-03-01T12:24:06.556+0100] {logging_mixin.py:137} INFO - [2023-03-01T12:24:06.555+0100] {dag.py:3437} INFO - Setting next_dagrun for dataset_consumes_1_and_2 to None, run_after=None
[2023-03-01T12:24:06.556+0100] {logging_mixin.py:137} INFO - [2023-03-01T12:24:06.556+0100] {dag.py:3437} INFO - Setting next_dagrun for dataset_consumes_1_never_scheduled to None, run_after=None
[2023-03-01T12:24:06.557+0100] {logging_mixin.py:137} INFO - [2023-03-01T12:24:06.557+0100] {dag.py:3437} INFO - Setting next_dagrun for dataset_consumes_unknown_never_scheduled to None, run_after=None
[2023-03-01T12:24:06.559+0100] {logging_mixin.py:137} INFO - [2023-03-01T12:24:06.558+0100] {dag.py:3437} INFO - Setting next_dagrun for dataset_produces_1 to 2023-02-28T00:00:00+00:00, run_after=2023-03-01T00:00:00+00:00
[2023-03-01T12:24:06.559+0100] {logging_mixin.py:137} INFO - [2023-03-01T12:24:06.559+0100] {dag.py:3437} INFO - Setting next_dagrun for dataset_produces_2 to None, run_after=None
[2023-03-01T12:24:06.579+0100] {processor.py:175} INFO - Processing /Users/oanottage/opt/anaconda3/lib/python3.8/site-packages/airflow/example_dags/example_datasets.py took 1.060 seconds
[2023-03-01T12:26:08.708+0100] {processor.py:153} INFO - Started process (PID=5132) to work on /Users/oanottage/opt/anaconda3/lib/python3.8/site-packages/airflow/example_dags/example_datasets.py
[2023-03-01T12:26:08.712+0100] {processor.py:743} INFO - Processing file /Users/oanottage/opt/anaconda3/lib/python3.8/site-packages/airflow/example_dags/example_datasets.py for tasks to queue
[2023-03-01T12:26:08.712+0100] {logging_mixin.py:137} INFO - [2023-03-01T12:26:08.712+0100] {dagbag.py:538} INFO - Filling up the DagBag from /Users/oanottage/opt/anaconda3/lib/python3.8/site-packages/airflow/example_dags/example_datasets.py
[2023-03-01T12:26:08.760+0100] {processor.py:753} INFO - DAG(s) dict_keys(['dataset_consumes_1_never_scheduled', 'dataset_consumes_1', 'dataset_consumes_1_and_2', 'dataset_consumes_unknown_never_scheduled', 'dataset_produces_1', 'dataset_produces_2']) retrieved from /Users/oanottage/opt/anaconda3/lib/python3.8/site-packages/airflow/example_dags/example_datasets.py
[2023-03-01T12:26:09.676+0100] {logging_mixin.py:137} INFO - [2023-03-01T12:26:09.676+0100] {dag.py:2690} INFO - Sync 6 DAGs
[2023-03-01T12:26:09.689+0100] {logging_mixin.py:137} INFO - [2023-03-01T12:26:09.689+0100] {dag.py:3437} INFO - Setting next_dagrun for dataset_consumes_1 to None, run_after=None
[2023-03-01T12:26:09.691+0100] {logging_mixin.py:137} INFO - [2023-03-01T12:26:09.691+0100] {dag.py:3437} INFO - Setting next_dagrun for dataset_consumes_1_and_2 to None, run_after=None
[2023-03-01T12:26:09.691+0100] {logging_mixin.py:137} INFO - [2023-03-01T12:26:09.691+0100] {dag.py:3437} INFO - Setting next_dagrun for dataset_consumes_1_never_scheduled to None, run_after=None
[2023-03-01T12:26:09.692+0100] {logging_mixin.py:137} INFO - [2023-03-01T12:26:09.692+0100] {dag.py:3437} INFO - Setting next_dagrun for dataset_consumes_unknown_never_scheduled to None, run_after=None
[2023-03-01T12:26:09.694+0100] {logging_mixin.py:137} INFO - [2023-03-01T12:26:09.693+0100] {dag.py:3437} INFO - Setting next_dagrun for dataset_produces_1 to 2023-02-28T00:00:00+00:00, run_after=2023-03-01T00:00:00+00:00
[2023-03-01T12:26:09.694+0100] {logging_mixin.py:137} INFO - [2023-03-01T12:26:09.694+0100] {dag.py:3437} INFO - Setting next_dagrun for dataset_produces_2 to None, run_after=None
[2023-03-01T12:26:09.714+0100] {processor.py:175} INFO - Processing /Users/oanottage/opt/anaconda3/lib/python3.8/site-packages/airflow/example_dags/example_datasets.py took 1.006 seconds
[2023-03-01T12:28:03.123+0100] {processor.py:153} INFO - Started process (PID=9349) to work on /Users/oanottage/opt/anaconda3/lib/python3.8/site-packages/airflow/example_dags/example_datasets.py
[2023-03-01T12:28:03.126+0100] {processor.py:743} INFO - Processing file /Users/oanottage/opt/anaconda3/lib/python3.8/site-packages/airflow/example_dags/example_datasets.py for tasks to queue
[2023-03-01T12:28:03.126+0100] {logging_mixin.py:137} INFO - [2023-03-01T12:28:03.126+0100] {dagbag.py:538} INFO - Filling up the DagBag from /Users/oanottage/opt/anaconda3/lib/python3.8/site-packages/airflow/example_dags/example_datasets.py
[2023-03-01T12:28:03.169+0100] {processor.py:753} INFO - DAG(s) dict_keys(['dataset_consumes_1_never_scheduled', 'dataset_consumes_1_and_2', 'dataset_produces_1', 'dataset_produces_2', 'dataset_consumes_1', 'dataset_consumes_unknown_never_scheduled']) retrieved from /Users/oanottage/opt/anaconda3/lib/python3.8/site-packages/airflow/example_dags/example_datasets.py
[2023-03-01T12:28:03.996+0100] {logging_mixin.py:137} INFO - [2023-03-01T12:28:03.996+0100] {dag.py:2690} INFO - Sync 6 DAGs
[2023-03-01T12:28:04.016+0100] {logging_mixin.py:137} INFO - [2023-03-01T12:28:04.016+0100] {dag.py:3437} INFO - Setting next_dagrun for dataset_consumes_1 to None, run_after=None
[2023-03-01T12:28:04.019+0100] {logging_mixin.py:137} INFO - [2023-03-01T12:28:04.019+0100] {dag.py:3437} INFO - Setting next_dagrun for dataset_consumes_1_and_2 to None, run_after=None
[2023-03-01T12:28:04.020+0100] {logging_mixin.py:137} INFO - [2023-03-01T12:28:04.020+0100] {dag.py:3437} INFO - Setting next_dagrun for dataset_consumes_1_never_scheduled to None, run_after=None
[2023-03-01T12:28:04.021+0100] {logging_mixin.py:137} INFO - [2023-03-01T12:28:04.021+0100] {dag.py:3437} INFO - Setting next_dagrun for dataset_consumes_unknown_never_scheduled to None, run_after=None
[2023-03-01T12:28:04.024+0100] {logging_mixin.py:137} INFO - [2023-03-01T12:28:04.024+0100] {dag.py:3437} INFO - Setting next_dagrun for dataset_produces_1 to 2023-02-28T00:00:00+00:00, run_after=2023-03-01T00:00:00+00:00
[2023-03-01T12:28:04.026+0100] {logging_mixin.py:137} INFO - [2023-03-01T12:28:04.025+0100] {dag.py:3437} INFO - Setting next_dagrun for dataset_produces_2 to None, run_after=None
[2023-03-01T12:28:04.061+0100] {processor.py:175} INFO - Processing /Users/oanottage/opt/anaconda3/lib/python3.8/site-packages/airflow/example_dags/example_datasets.py took 0.939 seconds
[2023-03-01T12:29:54.696+0100] {processor.py:153} INFO - Started process (PID=12542) to work on /Users/oanottage/opt/anaconda3/lib/python3.8/site-packages/airflow/example_dags/example_datasets.py
[2023-03-01T12:29:54.700+0100] {processor.py:743} INFO - Processing file /Users/oanottage/opt/anaconda3/lib/python3.8/site-packages/airflow/example_dags/example_datasets.py for tasks to queue
[2023-03-01T12:29:54.700+0100] {logging_mixin.py:137} INFO - [2023-03-01T12:29:54.700+0100] {dagbag.py:538} INFO - Filling up the DagBag from /Users/oanottage/opt/anaconda3/lib/python3.8/site-packages/airflow/example_dags/example_datasets.py
[2023-03-01T12:29:54.746+0100] {processor.py:753} INFO - DAG(s) dict_keys(['dataset_consumes_1', 'dataset_consumes_1_never_scheduled', 'dataset_produces_2', 'dataset_produces_1', 'dataset_consumes_1_and_2', 'dataset_consumes_unknown_never_scheduled']) retrieved from /Users/oanottage/opt/anaconda3/lib/python3.8/site-packages/airflow/example_dags/example_datasets.py
[2023-03-01T12:29:55.625+0100] {logging_mixin.py:137} INFO - [2023-03-01T12:29:55.625+0100] {dag.py:2690} INFO - Sync 6 DAGs
[2023-03-01T12:29:55.638+0100] {logging_mixin.py:137} INFO - [2023-03-01T12:29:55.638+0100] {dag.py:3437} INFO - Setting next_dagrun for dataset_consumes_1 to None, run_after=None
[2023-03-01T12:29:55.639+0100] {logging_mixin.py:137} INFO - [2023-03-01T12:29:55.639+0100] {dag.py:3437} INFO - Setting next_dagrun for dataset_consumes_1_and_2 to None, run_after=None
[2023-03-01T12:29:55.640+0100] {logging_mixin.py:137} INFO - [2023-03-01T12:29:55.640+0100] {dag.py:3437} INFO - Setting next_dagrun for dataset_consumes_1_never_scheduled to None, run_after=None
[2023-03-01T12:29:55.640+0100] {logging_mixin.py:137} INFO - [2023-03-01T12:29:55.640+0100] {dag.py:3437} INFO - Setting next_dagrun for dataset_consumes_unknown_never_scheduled to None, run_after=None
[2023-03-01T12:29:55.642+0100] {logging_mixin.py:137} INFO - [2023-03-01T12:29:55.642+0100] {dag.py:3437} INFO - Setting next_dagrun for dataset_produces_1 to 2023-02-28T00:00:00+00:00, run_after=2023-03-01T00:00:00+00:00
[2023-03-01T12:29:55.642+0100] {logging_mixin.py:137} INFO - [2023-03-01T12:29:55.642+0100] {dag.py:3437} INFO - Setting next_dagrun for dataset_produces_2 to None, run_after=None
[2023-03-01T12:29:55.662+0100] {processor.py:175} INFO - Processing /Users/oanottage/opt/anaconda3/lib/python3.8/site-packages/airflow/example_dags/example_datasets.py took 0.966 seconds
[2023-03-01T12:31:43.520+0100] {processor.py:153} INFO - Started process (PID=16760) to work on /Users/oanottage/opt/anaconda3/lib/python3.8/site-packages/airflow/example_dags/example_datasets.py
[2023-03-01T12:31:43.523+0100] {processor.py:743} INFO - Processing file /Users/oanottage/opt/anaconda3/lib/python3.8/site-packages/airflow/example_dags/example_datasets.py for tasks to queue
[2023-03-01T12:31:43.524+0100] {logging_mixin.py:137} INFO - [2023-03-01T12:31:43.524+0100] {dagbag.py:538} INFO - Filling up the DagBag from /Users/oanottage/opt/anaconda3/lib/python3.8/site-packages/airflow/example_dags/example_datasets.py
[2023-03-01T12:31:43.570+0100] {processor.py:753} INFO - DAG(s) dict_keys(['dataset_produces_1', 'dataset_produces_2', 'dataset_consumes_unknown_never_scheduled', 'dataset_consumes_1', 'dataset_consumes_1_never_scheduled', 'dataset_consumes_1_and_2']) retrieved from /Users/oanottage/opt/anaconda3/lib/python3.8/site-packages/airflow/example_dags/example_datasets.py
[2023-03-01T12:31:44.456+0100] {logging_mixin.py:137} INFO - [2023-03-01T12:31:44.456+0100] {dag.py:2690} INFO - Sync 6 DAGs
[2023-03-01T12:31:44.470+0100] {logging_mixin.py:137} INFO - [2023-03-01T12:31:44.470+0100] {dag.py:3437} INFO - Setting next_dagrun for dataset_consumes_1 to None, run_after=None
[2023-03-01T12:31:44.471+0100] {logging_mixin.py:137} INFO - [2023-03-01T12:31:44.471+0100] {dag.py:3437} INFO - Setting next_dagrun for dataset_consumes_1_and_2 to None, run_after=None
[2023-03-01T12:31:44.472+0100] {logging_mixin.py:137} INFO - [2023-03-01T12:31:44.472+0100] {dag.py:3437} INFO - Setting next_dagrun for dataset_consumes_1_never_scheduled to None, run_after=None
[2023-03-01T12:31:44.473+0100] {logging_mixin.py:137} INFO - [2023-03-01T12:31:44.473+0100] {dag.py:3437} INFO - Setting next_dagrun for dataset_consumes_unknown_never_scheduled to None, run_after=None
[2023-03-01T12:31:44.475+0100] {logging_mixin.py:137} INFO - [2023-03-01T12:31:44.475+0100] {dag.py:3437} INFO - Setting next_dagrun for dataset_produces_1 to 2023-02-28T00:00:00+00:00, run_after=2023-03-01T00:00:00+00:00
[2023-03-01T12:31:44.475+0100] {logging_mixin.py:137} INFO - [2023-03-01T12:31:44.475+0100] {dag.py:3437} INFO - Setting next_dagrun for dataset_produces_2 to None, run_after=None
[2023-03-01T12:31:44.497+0100] {processor.py:175} INFO - Processing /Users/oanottage/opt/anaconda3/lib/python3.8/site-packages/airflow/example_dags/example_datasets.py took 0.978 seconds
[2023-03-01T12:33:30.685+0100] {processor.py:153} INFO - Started process (PID=20878) to work on /Users/oanottage/opt/anaconda3/lib/python3.8/site-packages/airflow/example_dags/example_datasets.py
[2023-03-01T12:33:30.689+0100] {processor.py:743} INFO - Processing file /Users/oanottage/opt/anaconda3/lib/python3.8/site-packages/airflow/example_dags/example_datasets.py for tasks to queue
[2023-03-01T12:33:30.689+0100] {logging_mixin.py:137} INFO - [2023-03-01T12:33:30.689+0100] {dagbag.py:538} INFO - Filling up the DagBag from /Users/oanottage/opt/anaconda3/lib/python3.8/site-packages/airflow/example_dags/example_datasets.py
[2023-03-01T12:33:30.750+0100] {processor.py:753} INFO - DAG(s) dict_keys(['dataset_consumes_1_never_scheduled', 'dataset_produces_2', 'dataset_produces_1', 'dataset_consumes_1_and_2', 'dataset_consumes_unknown_never_scheduled', 'dataset_consumes_1']) retrieved from /Users/oanottage/opt/anaconda3/lib/python3.8/site-packages/airflow/example_dags/example_datasets.py
[2023-03-01T12:33:31.603+0100] {logging_mixin.py:137} INFO - [2023-03-01T12:33:31.603+0100] {dag.py:2690} INFO - Sync 6 DAGs
[2023-03-01T12:33:31.615+0100] {logging_mixin.py:137} INFO - [2023-03-01T12:33:31.615+0100] {dag.py:3437} INFO - Setting next_dagrun for dataset_consumes_1 to None, run_after=None
[2023-03-01T12:33:31.617+0100] {logging_mixin.py:137} INFO - [2023-03-01T12:33:31.617+0100] {dag.py:3437} INFO - Setting next_dagrun for dataset_consumes_1_and_2 to None, run_after=None
[2023-03-01T12:33:31.617+0100] {logging_mixin.py:137} INFO - [2023-03-01T12:33:31.617+0100] {dag.py:3437} INFO - Setting next_dagrun for dataset_consumes_1_never_scheduled to None, run_after=None
[2023-03-01T12:33:31.618+0100] {logging_mixin.py:137} INFO - [2023-03-01T12:33:31.618+0100] {dag.py:3437} INFO - Setting next_dagrun for dataset_consumes_unknown_never_scheduled to None, run_after=None
[2023-03-01T12:33:31.620+0100] {logging_mixin.py:137} INFO - [2023-03-01T12:33:31.619+0100] {dag.py:3437} INFO - Setting next_dagrun for dataset_produces_1 to 2023-02-28T00:00:00+00:00, run_after=2023-03-01T00:00:00+00:00
[2023-03-01T12:33:31.620+0100] {logging_mixin.py:137} INFO - [2023-03-01T12:33:31.620+0100] {dag.py:3437} INFO - Setting next_dagrun for dataset_produces_2 to None, run_after=None
[2023-03-01T12:33:31.639+0100] {processor.py:175} INFO - Processing /Users/oanottage/opt/anaconda3/lib/python3.8/site-packages/airflow/example_dags/example_datasets.py took 0.955 seconds
[2023-03-01T12:35:23.356+0100] {processor.py:153} INFO - Started process (PID=24243) to work on /Users/oanottage/opt/anaconda3/lib/python3.8/site-packages/airflow/example_dags/example_datasets.py
[2023-03-01T12:35:23.359+0100] {processor.py:743} INFO - Processing file /Users/oanottage/opt/anaconda3/lib/python3.8/site-packages/airflow/example_dags/example_datasets.py for tasks to queue
[2023-03-01T12:35:23.360+0100] {logging_mixin.py:137} INFO - [2023-03-01T12:35:23.360+0100] {dagbag.py:538} INFO - Filling up the DagBag from /Users/oanottage/opt/anaconda3/lib/python3.8/site-packages/airflow/example_dags/example_datasets.py
[2023-03-01T12:35:23.406+0100] {processor.py:753} INFO - DAG(s) dict_keys(['dataset_consumes_unknown_never_scheduled', 'dataset_consumes_1_never_scheduled', 'dataset_consumes_1_and_2', 'dataset_produces_2', 'dataset_consumes_1', 'dataset_produces_1']) retrieved from /Users/oanottage/opt/anaconda3/lib/python3.8/site-packages/airflow/example_dags/example_datasets.py
[2023-03-01T12:35:24.291+0100] {logging_mixin.py:137} INFO - [2023-03-01T12:35:24.291+0100] {dag.py:2690} INFO - Sync 6 DAGs
[2023-03-01T12:35:24.304+0100] {logging_mixin.py:137} INFO - [2023-03-01T12:35:24.303+0100] {dag.py:3437} INFO - Setting next_dagrun for dataset_consumes_1 to None, run_after=None
[2023-03-01T12:35:24.305+0100] {logging_mixin.py:137} INFO - [2023-03-01T12:35:24.305+0100] {dag.py:3437} INFO - Setting next_dagrun for dataset_consumes_1_and_2 to None, run_after=None
[2023-03-01T12:35:24.306+0100] {logging_mixin.py:137} INFO - [2023-03-01T12:35:24.305+0100] {dag.py:3437} INFO - Setting next_dagrun for dataset_consumes_1_never_scheduled to None, run_after=None
[2023-03-01T12:35:24.306+0100] {logging_mixin.py:137} INFO - [2023-03-01T12:35:24.306+0100] {dag.py:3437} INFO - Setting next_dagrun for dataset_consumes_unknown_never_scheduled to None, run_after=None
[2023-03-01T12:35:24.308+0100] {logging_mixin.py:137} INFO - [2023-03-01T12:35:24.308+0100] {dag.py:3437} INFO - Setting next_dagrun for dataset_produces_1 to 2023-02-28T00:00:00+00:00, run_after=2023-03-01T00:00:00+00:00
[2023-03-01T12:35:24.308+0100] {logging_mixin.py:137} INFO - [2023-03-01T12:35:24.308+0100] {dag.py:3437} INFO - Setting next_dagrun for dataset_produces_2 to None, run_after=None
[2023-03-01T12:35:24.329+0100] {processor.py:175} INFO - Processing /Users/oanottage/opt/anaconda3/lib/python3.8/site-packages/airflow/example_dags/example_datasets.py took 0.974 seconds
[2023-03-01T12:37:17.796+0100] {processor.py:153} INFO - Started process (PID=28469) to work on /Users/oanottage/opt/anaconda3/lib/python3.8/site-packages/airflow/example_dags/example_datasets.py
[2023-03-01T12:37:17.799+0100] {processor.py:743} INFO - Processing file /Users/oanottage/opt/anaconda3/lib/python3.8/site-packages/airflow/example_dags/example_datasets.py for tasks to queue
[2023-03-01T12:37:17.799+0100] {logging_mixin.py:137} INFO - [2023-03-01T12:37:17.799+0100] {dagbag.py:538} INFO - Filling up the DagBag from /Users/oanottage/opt/anaconda3/lib/python3.8/site-packages/airflow/example_dags/example_datasets.py
[2023-03-01T12:37:17.850+0100] {processor.py:753} INFO - DAG(s) dict_keys(['dataset_consumes_unknown_never_scheduled', 'dataset_consumes_1_never_scheduled', 'dataset_produces_2', 'dataset_consumes_1_and_2', 'dataset_consumes_1', 'dataset_produces_1']) retrieved from /Users/oanottage/opt/anaconda3/lib/python3.8/site-packages/airflow/example_dags/example_datasets.py
[2023-03-01T12:37:18.759+0100] {logging_mixin.py:137} INFO - [2023-03-01T12:37:18.759+0100] {dag.py:2690} INFO - Sync 6 DAGs
[2023-03-01T12:37:18.770+0100] {logging_mixin.py:137} INFO - [2023-03-01T12:37:18.770+0100] {dag.py:3437} INFO - Setting next_dagrun for dataset_consumes_1 to None, run_after=None
[2023-03-01T12:37:18.772+0100] {logging_mixin.py:137} INFO - [2023-03-01T12:37:18.772+0100] {dag.py:3437} INFO - Setting next_dagrun for dataset_consumes_1_and_2 to None, run_after=None
[2023-03-01T12:37:18.772+0100] {logging_mixin.py:137} INFO - [2023-03-01T12:37:18.772+0100] {dag.py:3437} INFO - Setting next_dagrun for dataset_consumes_1_never_scheduled to None, run_after=None
[2023-03-01T12:37:18.773+0100] {logging_mixin.py:137} INFO - [2023-03-01T12:37:18.773+0100] {dag.py:3437} INFO - Setting next_dagrun for dataset_consumes_unknown_never_scheduled to None, run_after=None
[2023-03-01T12:37:18.775+0100] {logging_mixin.py:137} INFO - [2023-03-01T12:37:18.775+0100] {dag.py:3437} INFO - Setting next_dagrun for dataset_produces_1 to 2023-02-28T00:00:00+00:00, run_after=2023-03-01T00:00:00+00:00
[2023-03-01T12:37:18.775+0100] {logging_mixin.py:137} INFO - [2023-03-01T12:37:18.775+0100] {dag.py:3437} INFO - Setting next_dagrun for dataset_produces_2 to None, run_after=None
[2023-03-01T12:37:18.795+0100] {processor.py:175} INFO - Processing /Users/oanottage/opt/anaconda3/lib/python3.8/site-packages/airflow/example_dags/example_datasets.py took 0.999 seconds
[2023-03-01T12:39:13.429+0100] {processor.py:153} INFO - Started process (PID=32697) to work on /Users/oanottage/opt/anaconda3/lib/python3.8/site-packages/airflow/example_dags/example_datasets.py
[2023-03-01T12:39:13.433+0100] {processor.py:743} INFO - Processing file /Users/oanottage/opt/anaconda3/lib/python3.8/site-packages/airflow/example_dags/example_datasets.py for tasks to queue
[2023-03-01T12:39:13.434+0100] {logging_mixin.py:137} INFO - [2023-03-01T12:39:13.434+0100] {dagbag.py:538} INFO - Filling up the DagBag from /Users/oanottage/opt/anaconda3/lib/python3.8/site-packages/airflow/example_dags/example_datasets.py
[2023-03-01T12:39:13.483+0100] {processor.py:753} INFO - DAG(s) dict_keys(['dataset_consumes_1', 'dataset_produces_1', 'dataset_consumes_unknown_never_scheduled', 'dataset_consumes_1_never_scheduled', 'dataset_consumes_1_and_2', 'dataset_produces_2']) retrieved from /Users/oanottage/opt/anaconda3/lib/python3.8/site-packages/airflow/example_dags/example_datasets.py
[2023-03-01T12:39:14.380+0100] {logging_mixin.py:137} INFO - [2023-03-01T12:39:14.380+0100] {dag.py:2690} INFO - Sync 6 DAGs
[2023-03-01T12:39:14.394+0100] {logging_mixin.py:137} INFO - [2023-03-01T12:39:14.394+0100] {dag.py:3437} INFO - Setting next_dagrun for dataset_consumes_1 to None, run_after=None
[2023-03-01T12:39:14.395+0100] {logging_mixin.py:137} INFO - [2023-03-01T12:39:14.395+0100] {dag.py:3437} INFO - Setting next_dagrun for dataset_consumes_1_and_2 to None, run_after=None
[2023-03-01T12:39:14.396+0100] {logging_mixin.py:137} INFO - [2023-03-01T12:39:14.396+0100] {dag.py:3437} INFO - Setting next_dagrun for dataset_consumes_1_never_scheduled to None, run_after=None
[2023-03-01T12:39:14.396+0100] {logging_mixin.py:137} INFO - [2023-03-01T12:39:14.396+0100] {dag.py:3437} INFO - Setting next_dagrun for dataset_consumes_unknown_never_scheduled to None, run_after=None
[2023-03-01T12:39:14.398+0100] {logging_mixin.py:137} INFO - [2023-03-01T12:39:14.398+0100] {dag.py:3437} INFO - Setting next_dagrun for dataset_produces_1 to 2023-02-28T00:00:00+00:00, run_after=2023-03-01T00:00:00+00:00
[2023-03-01T12:39:14.399+0100] {logging_mixin.py:137} INFO - [2023-03-01T12:39:14.399+0100] {dag.py:3437} INFO - Setting next_dagrun for dataset_produces_2 to None, run_after=None
[2023-03-01T12:39:14.420+0100] {processor.py:175} INFO - Processing /Users/oanottage/opt/anaconda3/lib/python3.8/site-packages/airflow/example_dags/example_datasets.py took 0.991 seconds
[2023-03-01T12:41:26.021+0100] {processor.py:153} INFO - Started process (PID=36967) to work on /Users/oanottage/opt/anaconda3/lib/python3.8/site-packages/airflow/example_dags/example_datasets.py
[2023-03-01T12:41:26.025+0100] {processor.py:743} INFO - Processing file /Users/oanottage/opt/anaconda3/lib/python3.8/site-packages/airflow/example_dags/example_datasets.py for tasks to queue
[2023-03-01T12:41:26.026+0100] {logging_mixin.py:137} INFO - [2023-03-01T12:41:26.026+0100] {dagbag.py:538} INFO - Filling up the DagBag from /Users/oanottage/opt/anaconda3/lib/python3.8/site-packages/airflow/example_dags/example_datasets.py
[2023-03-01T12:41:26.089+0100] {processor.py:753} INFO - DAG(s) dict_keys(['dataset_consumes_1_and_2', 'dataset_consumes_1_never_scheduled', 'dataset_consumes_1', 'dataset_consumes_unknown_never_scheduled', 'dataset_produces_1', 'dataset_produces_2']) retrieved from /Users/oanottage/opt/anaconda3/lib/python3.8/site-packages/airflow/example_dags/example_datasets.py
[2023-03-01T12:41:27.422+0100] {logging_mixin.py:137} INFO - [2023-03-01T12:41:27.421+0100] {dag.py:2690} INFO - Sync 6 DAGs
[2023-03-01T12:41:27.442+0100] {logging_mixin.py:137} INFO - [2023-03-01T12:41:27.442+0100] {dag.py:3437} INFO - Setting next_dagrun for dataset_consumes_1 to None, run_after=None
[2023-03-01T12:41:27.445+0100] {logging_mixin.py:137} INFO - [2023-03-01T12:41:27.444+0100] {dag.py:3437} INFO - Setting next_dagrun for dataset_consumes_1_and_2 to None, run_after=None
[2023-03-01T12:41:27.446+0100] {logging_mixin.py:137} INFO - [2023-03-01T12:41:27.445+0100] {dag.py:3437} INFO - Setting next_dagrun for dataset_consumes_1_never_scheduled to None, run_after=None
[2023-03-01T12:41:27.447+0100] {logging_mixin.py:137} INFO - [2023-03-01T12:41:27.447+0100] {dag.py:3437} INFO - Setting next_dagrun for dataset_consumes_unknown_never_scheduled to None, run_after=None
[2023-03-01T12:41:27.449+0100] {logging_mixin.py:137} INFO - [2023-03-01T12:41:27.449+0100] {dag.py:3437} INFO - Setting next_dagrun for dataset_produces_1 to 2023-02-28T00:00:00+00:00, run_after=2023-03-01T00:00:00+00:00
[2023-03-01T12:41:27.450+0100] {logging_mixin.py:137} INFO - [2023-03-01T12:41:27.450+0100] {dag.py:3437} INFO - Setting next_dagrun for dataset_produces_2 to None, run_after=None
[2023-03-01T12:41:27.484+0100] {processor.py:175} INFO - Processing /Users/oanottage/opt/anaconda3/lib/python3.8/site-packages/airflow/example_dags/example_datasets.py took 1.464 seconds
[2023-03-01T12:43:25.689+0100] {processor.py:153} INFO - Started process (PID=41214) to work on /Users/oanottage/opt/anaconda3/lib/python3.8/site-packages/airflow/example_dags/example_datasets.py
[2023-03-01T12:43:25.693+0100] {processor.py:743} INFO - Processing file /Users/oanottage/opt/anaconda3/lib/python3.8/site-packages/airflow/example_dags/example_datasets.py for tasks to queue
[2023-03-01T12:43:25.693+0100] {logging_mixin.py:137} INFO - [2023-03-01T12:43:25.693+0100] {dagbag.py:538} INFO - Filling up the DagBag from /Users/oanottage/opt/anaconda3/lib/python3.8/site-packages/airflow/example_dags/example_datasets.py
[2023-03-01T12:43:25.744+0100] {processor.py:753} INFO - DAG(s) dict_keys(['dataset_produces_1', 'dataset_produces_2', 'dataset_consumes_1_never_scheduled', 'dataset_consumes_1_and_2', 'dataset_consumes_unknown_never_scheduled', 'dataset_consumes_1']) retrieved from /Users/oanottage/opt/anaconda3/lib/python3.8/site-packages/airflow/example_dags/example_datasets.py
[2023-03-01T12:43:28.675+0100] {logging_mixin.py:137} INFO - [2023-03-01T12:43:28.675+0100] {dag.py:2690} INFO - Sync 6 DAGs
[2023-03-01T12:43:28.710+0100] {logging_mixin.py:137} INFO - [2023-03-01T12:43:28.709+0100] {dag.py:3437} INFO - Setting next_dagrun for dataset_consumes_1 to None, run_after=None
[2023-03-01T12:43:28.716+0100] {logging_mixin.py:137} INFO - [2023-03-01T12:43:28.716+0100] {dag.py:3437} INFO - Setting next_dagrun for dataset_consumes_1_and_2 to None, run_after=None
[2023-03-01T12:43:28.718+0100] {logging_mixin.py:137} INFO - [2023-03-01T12:43:28.717+0100] {dag.py:3437} INFO - Setting next_dagrun for dataset_consumes_1_never_scheduled to None, run_after=None
[2023-03-01T12:43:28.721+0100] {logging_mixin.py:137} INFO - [2023-03-01T12:43:28.721+0100] {dag.py:3437} INFO - Setting next_dagrun for dataset_consumes_unknown_never_scheduled to None, run_after=None
[2023-03-01T12:43:28.726+0100] {logging_mixin.py:137} INFO - [2023-03-01T12:43:28.726+0100] {dag.py:3437} INFO - Setting next_dagrun for dataset_produces_1 to 2023-02-28T00:00:00+00:00, run_after=2023-03-01T00:00:00+00:00
[2023-03-01T12:43:28.728+0100] {logging_mixin.py:137} INFO - [2023-03-01T12:43:28.728+0100] {dag.py:3437} INFO - Setting next_dagrun for dataset_produces_2 to None, run_after=None
[2023-03-01T12:43:28.802+0100] {processor.py:175} INFO - Processing /Users/oanottage/opt/anaconda3/lib/python3.8/site-packages/airflow/example_dags/example_datasets.py took 3.114 seconds
[2023-03-01T12:45:43.042+0100] {processor.py:153} INFO - Started process (PID=46528) to work on /Users/oanottage/opt/anaconda3/lib/python3.8/site-packages/airflow/example_dags/example_datasets.py
[2023-03-01T12:45:43.046+0100] {processor.py:743} INFO - Processing file /Users/oanottage/opt/anaconda3/lib/python3.8/site-packages/airflow/example_dags/example_datasets.py for tasks to queue
[2023-03-01T12:45:43.046+0100] {logging_mixin.py:137} INFO - [2023-03-01T12:45:43.046+0100] {dagbag.py:538} INFO - Filling up the DagBag from /Users/oanottage/opt/anaconda3/lib/python3.8/site-packages/airflow/example_dags/example_datasets.py
[2023-03-01T12:45:43.100+0100] {processor.py:753} INFO - DAG(s) dict_keys(['dataset_produces_1', 'dataset_produces_2', 'dataset_consumes_1_and_2', 'dataset_consumes_1_never_scheduled', 'dataset_consumes_unknown_never_scheduled', 'dataset_consumes_1']) retrieved from /Users/oanottage/opt/anaconda3/lib/python3.8/site-packages/airflow/example_dags/example_datasets.py
[2023-03-01T12:45:44.357+0100] {logging_mixin.py:137} INFO - [2023-03-01T12:45:44.357+0100] {dag.py:2690} INFO - Sync 6 DAGs
[2023-03-01T12:45:44.376+0100] {logging_mixin.py:137} INFO - [2023-03-01T12:45:44.375+0100] {dag.py:3437} INFO - Setting next_dagrun for dataset_consumes_1 to None, run_after=None
[2023-03-01T12:45:44.378+0100] {logging_mixin.py:137} INFO - [2023-03-01T12:45:44.378+0100] {dag.py:3437} INFO - Setting next_dagrun for dataset_consumes_1_and_2 to None, run_after=None
[2023-03-01T12:45:44.379+0100] {logging_mixin.py:137} INFO - [2023-03-01T12:45:44.379+0100] {dag.py:3437} INFO - Setting next_dagrun for dataset_consumes_1_never_scheduled to None, run_after=None
[2023-03-01T12:45:44.380+0100] {logging_mixin.py:137} INFO - [2023-03-01T12:45:44.380+0100] {dag.py:3437} INFO - Setting next_dagrun for dataset_consumes_unknown_never_scheduled to None, run_after=None
[2023-03-01T12:45:44.383+0100] {logging_mixin.py:137} INFO - [2023-03-01T12:45:44.383+0100] {dag.py:3437} INFO - Setting next_dagrun for dataset_produces_1 to 2023-02-28T00:00:00+00:00, run_after=2023-03-01T00:00:00+00:00
[2023-03-01T12:45:44.384+0100] {logging_mixin.py:137} INFO - [2023-03-01T12:45:44.384+0100] {dag.py:3437} INFO - Setting next_dagrun for dataset_produces_2 to None, run_after=None
[2023-03-01T12:45:44.416+0100] {processor.py:175} INFO - Processing /Users/oanottage/opt/anaconda3/lib/python3.8/site-packages/airflow/example_dags/example_datasets.py took 1.375 seconds
[2023-03-01T12:47:48.628+0100] {processor.py:153} INFO - Started process (PID=50842) to work on /Users/oanottage/opt/anaconda3/lib/python3.8/site-packages/airflow/example_dags/example_datasets.py
[2023-03-01T12:47:48.636+0100] {processor.py:743} INFO - Processing file /Users/oanottage/opt/anaconda3/lib/python3.8/site-packages/airflow/example_dags/example_datasets.py for tasks to queue
[2023-03-01T12:47:48.637+0100] {logging_mixin.py:137} INFO - [2023-03-01T12:47:48.637+0100] {dagbag.py:538} INFO - Filling up the DagBag from /Users/oanottage/opt/anaconda3/lib/python3.8/site-packages/airflow/example_dags/example_datasets.py
[2023-03-01T12:47:48.716+0100] {processor.py:753} INFO - DAG(s) dict_keys(['dataset_consumes_1', 'dataset_produces_2', 'dataset_produces_1', 'dataset_consumes_unknown_never_scheduled', 'dataset_consumes_1_never_scheduled', 'dataset_consumes_1_and_2']) retrieved from /Users/oanottage/opt/anaconda3/lib/python3.8/site-packages/airflow/example_dags/example_datasets.py
[2023-03-01T12:47:49.778+0100] {logging_mixin.py:137} INFO - [2023-03-01T12:47:49.778+0100] {dag.py:2690} INFO - Sync 6 DAGs
[2023-03-01T12:47:49.798+0100] {logging_mixin.py:137} INFO - [2023-03-01T12:47:49.798+0100] {dag.py:3437} INFO - Setting next_dagrun for dataset_consumes_1 to None, run_after=None
[2023-03-01T12:47:49.801+0100] {logging_mixin.py:137} INFO - [2023-03-01T12:47:49.801+0100] {dag.py:3437} INFO - Setting next_dagrun for dataset_consumes_1_and_2 to None, run_after=None
[2023-03-01T12:47:49.802+0100] {logging_mixin.py:137} INFO - [2023-03-01T12:47:49.802+0100] {dag.py:3437} INFO - Setting next_dagrun for dataset_consumes_1_never_scheduled to None, run_after=None
[2023-03-01T12:47:49.803+0100] {logging_mixin.py:137} INFO - [2023-03-01T12:47:49.803+0100] {dag.py:3437} INFO - Setting next_dagrun for dataset_consumes_unknown_never_scheduled to None, run_after=None
[2023-03-01T12:47:49.806+0100] {logging_mixin.py:137} INFO - [2023-03-01T12:47:49.806+0100] {dag.py:3437} INFO - Setting next_dagrun for dataset_produces_1 to 2023-02-28T00:00:00+00:00, run_after=2023-03-01T00:00:00+00:00
[2023-03-01T12:47:49.807+0100] {logging_mixin.py:137} INFO - [2023-03-01T12:47:49.807+0100] {dag.py:3437} INFO - Setting next_dagrun for dataset_produces_2 to None, run_after=None
[2023-03-01T12:47:49.846+0100] {processor.py:175} INFO - Processing /Users/oanottage/opt/anaconda3/lib/python3.8/site-packages/airflow/example_dags/example_datasets.py took 1.219 seconds
[2023-03-01T12:49:54.083+0100] {processor.py:153} INFO - Started process (PID=55156) to work on /Users/oanottage/opt/anaconda3/lib/python3.8/site-packages/airflow/example_dags/example_datasets.py
[2023-03-01T12:49:54.086+0100] {processor.py:743} INFO - Processing file /Users/oanottage/opt/anaconda3/lib/python3.8/site-packages/airflow/example_dags/example_datasets.py for tasks to queue
[2023-03-01T12:49:54.087+0100] {logging_mixin.py:137} INFO - [2023-03-01T12:49:54.087+0100] {dagbag.py:538} INFO - Filling up the DagBag from /Users/oanottage/opt/anaconda3/lib/python3.8/site-packages/airflow/example_dags/example_datasets.py
[2023-03-01T12:49:54.137+0100] {processor.py:753} INFO - DAG(s) dict_keys(['dataset_consumes_1_and_2', 'dataset_consumes_1', 'dataset_produces_2', 'dataset_consumes_1_never_scheduled', 'dataset_produces_1', 'dataset_consumes_unknown_never_scheduled']) retrieved from /Users/oanottage/opt/anaconda3/lib/python3.8/site-packages/airflow/example_dags/example_datasets.py
[2023-03-01T12:49:55.210+0100] {logging_mixin.py:137} INFO - [2023-03-01T12:49:55.210+0100] {dag.py:2690} INFO - Sync 6 DAGs
[2023-03-01T12:49:55.224+0100] {logging_mixin.py:137} INFO - [2023-03-01T12:49:55.224+0100] {dag.py:3437} INFO - Setting next_dagrun for dataset_consumes_1 to None, run_after=None
[2023-03-01T12:49:55.226+0100] {logging_mixin.py:137} INFO - [2023-03-01T12:49:55.226+0100] {dag.py:3437} INFO - Setting next_dagrun for dataset_consumes_1_and_2 to None, run_after=None
[2023-03-01T12:49:55.226+0100] {logging_mixin.py:137} INFO - [2023-03-01T12:49:55.226+0100] {dag.py:3437} INFO - Setting next_dagrun for dataset_consumes_1_never_scheduled to None, run_after=None
[2023-03-01T12:49:55.227+0100] {logging_mixin.py:137} INFO - [2023-03-01T12:49:55.227+0100] {dag.py:3437} INFO - Setting next_dagrun for dataset_consumes_unknown_never_scheduled to None, run_after=None
[2023-03-01T12:49:55.229+0100] {logging_mixin.py:137} INFO - [2023-03-01T12:49:55.229+0100] {dag.py:3437} INFO - Setting next_dagrun for dataset_produces_1 to 2023-02-28T00:00:00+00:00, run_after=2023-03-01T00:00:00+00:00
[2023-03-01T12:49:55.230+0100] {logging_mixin.py:137} INFO - [2023-03-01T12:49:55.230+0100] {dag.py:3437} INFO - Setting next_dagrun for dataset_produces_2 to None, run_after=None
[2023-03-01T12:49:55.253+0100] {processor.py:175} INFO - Processing /Users/oanottage/opt/anaconda3/lib/python3.8/site-packages/airflow/example_dags/example_datasets.py took 1.171 seconds
[2023-03-01T12:51:50.500+0100] {processor.py:153} INFO - Started process (PID=59418) to work on /Users/oanottage/opt/anaconda3/lib/python3.8/site-packages/airflow/example_dags/example_datasets.py
[2023-03-01T12:51:50.505+0100] {processor.py:743} INFO - Processing file /Users/oanottage/opt/anaconda3/lib/python3.8/site-packages/airflow/example_dags/example_datasets.py for tasks to queue
[2023-03-01T12:51:50.505+0100] {logging_mixin.py:137} INFO - [2023-03-01T12:51:50.505+0100] {dagbag.py:538} INFO - Filling up the DagBag from /Users/oanottage/opt/anaconda3/lib/python3.8/site-packages/airflow/example_dags/example_datasets.py
[2023-03-01T12:51:50.559+0100] {processor.py:753} INFO - DAG(s) dict_keys(['dataset_produces_2', 'dataset_consumes_unknown_never_scheduled', 'dataset_consumes_1', 'dataset_consumes_1_never_scheduled', 'dataset_consumes_1_and_2', 'dataset_produces_1']) retrieved from /Users/oanottage/opt/anaconda3/lib/python3.8/site-packages/airflow/example_dags/example_datasets.py
[2023-03-01T12:51:51.618+0100] {logging_mixin.py:137} INFO - [2023-03-01T12:51:51.617+0100] {dag.py:2690} INFO - Sync 6 DAGs
[2023-03-01T12:51:51.632+0100] {logging_mixin.py:137} INFO - [2023-03-01T12:51:51.632+0100] {dag.py:3437} INFO - Setting next_dagrun for dataset_consumes_1 to None, run_after=None
[2023-03-01T12:51:51.634+0100] {logging_mixin.py:137} INFO - [2023-03-01T12:51:51.634+0100] {dag.py:3437} INFO - Setting next_dagrun for dataset_consumes_1_and_2 to None, run_after=None
[2023-03-01T12:51:51.635+0100] {logging_mixin.py:137} INFO - [2023-03-01T12:51:51.635+0100] {dag.py:3437} INFO - Setting next_dagrun for dataset_consumes_1_never_scheduled to None, run_after=None
[2023-03-01T12:51:51.636+0100] {logging_mixin.py:137} INFO - [2023-03-01T12:51:51.636+0100] {dag.py:3437} INFO - Setting next_dagrun for dataset_consumes_unknown_never_scheduled to None, run_after=None
[2023-03-01T12:51:51.638+0100] {logging_mixin.py:137} INFO - [2023-03-01T12:51:51.638+0100] {dag.py:3437} INFO - Setting next_dagrun for dataset_produces_1 to 2023-02-28T00:00:00+00:00, run_after=2023-03-01T00:00:00+00:00
[2023-03-01T12:51:51.639+0100] {logging_mixin.py:137} INFO - [2023-03-01T12:51:51.639+0100] {dag.py:3437} INFO - Setting next_dagrun for dataset_produces_2 to None, run_after=None
[2023-03-01T12:51:51.667+0100] {processor.py:175} INFO - Processing /Users/oanottage/opt/anaconda3/lib/python3.8/site-packages/airflow/example_dags/example_datasets.py took 1.167 seconds
[2023-03-01T12:53:56.878+0100] {processor.py:153} INFO - Started process (PID=63692) to work on /Users/oanottage/opt/anaconda3/lib/python3.8/site-packages/airflow/example_dags/example_datasets.py
[2023-03-01T12:53:56.882+0100] {processor.py:743} INFO - Processing file /Users/oanottage/opt/anaconda3/lib/python3.8/site-packages/airflow/example_dags/example_datasets.py for tasks to queue
[2023-03-01T12:53:56.883+0100] {logging_mixin.py:137} INFO - [2023-03-01T12:53:56.883+0100] {dagbag.py:538} INFO - Filling up the DagBag from /Users/oanottage/opt/anaconda3/lib/python3.8/site-packages/airflow/example_dags/example_datasets.py
[2023-03-01T12:53:56.946+0100] {processor.py:753} INFO - DAG(s) dict_keys(['dataset_produces_1', 'dataset_consumes_1_and_2', 'dataset_consumes_1_never_scheduled', 'dataset_produces_2', 'dataset_consumes_1', 'dataset_consumes_unknown_never_scheduled']) retrieved from /Users/oanottage/opt/anaconda3/lib/python3.8/site-packages/airflow/example_dags/example_datasets.py
[2023-03-01T12:53:58.075+0100] {logging_mixin.py:137} INFO - [2023-03-01T12:53:58.074+0100] {dag.py:2690} INFO - Sync 6 DAGs
[2023-03-01T12:53:58.099+0100] {logging_mixin.py:137} INFO - [2023-03-01T12:53:58.098+0100] {dag.py:3437} INFO - Setting next_dagrun for dataset_consumes_1 to None, run_after=None
[2023-03-01T12:53:58.102+0100] {logging_mixin.py:137} INFO - [2023-03-01T12:53:58.102+0100] {dag.py:3437} INFO - Setting next_dagrun for dataset_consumes_1_and_2 to None, run_after=None
[2023-03-01T12:53:58.103+0100] {logging_mixin.py:137} INFO - [2023-03-01T12:53:58.103+0100] {dag.py:3437} INFO - Setting next_dagrun for dataset_consumes_1_never_scheduled to None, run_after=None
[2023-03-01T12:53:58.105+0100] {logging_mixin.py:137} INFO - [2023-03-01T12:53:58.105+0100] {dag.py:3437} INFO - Setting next_dagrun for dataset_consumes_unknown_never_scheduled to None, run_after=None
[2023-03-01T12:53:58.108+0100] {logging_mixin.py:137} INFO - [2023-03-01T12:53:58.108+0100] {dag.py:3437} INFO - Setting next_dagrun for dataset_produces_1 to 2023-02-28T00:00:00+00:00, run_after=2023-03-01T00:00:00+00:00
[2023-03-01T12:53:58.109+0100] {logging_mixin.py:137} INFO - [2023-03-01T12:53:58.109+0100] {dag.py:3437} INFO - Setting next_dagrun for dataset_produces_2 to None, run_after=None
[2023-03-01T12:53:58.140+0100] {processor.py:175} INFO - Processing /Users/oanottage/opt/anaconda3/lib/python3.8/site-packages/airflow/example_dags/example_datasets.py took 1.263 seconds
[2023-03-01T12:55:51.521+0100] {processor.py:153} INFO - Started process (PID=67972) to work on /Users/oanottage/opt/anaconda3/lib/python3.8/site-packages/airflow/example_dags/example_datasets.py
[2023-03-01T12:55:51.526+0100] {processor.py:743} INFO - Processing file /Users/oanottage/opt/anaconda3/lib/python3.8/site-packages/airflow/example_dags/example_datasets.py for tasks to queue
[2023-03-01T12:55:51.526+0100] {logging_mixin.py:137} INFO - [2023-03-01T12:55:51.526+0100] {dagbag.py:538} INFO - Filling up the DagBag from /Users/oanottage/opt/anaconda3/lib/python3.8/site-packages/airflow/example_dags/example_datasets.py
[2023-03-01T12:55:51.593+0100] {processor.py:753} INFO - DAG(s) dict_keys(['dataset_produces_2', 'dataset_consumes_1', 'dataset_consumes_unknown_never_scheduled', 'dataset_consumes_1_and_2', 'dataset_consumes_1_never_scheduled', 'dataset_produces_1']) retrieved from /Users/oanottage/opt/anaconda3/lib/python3.8/site-packages/airflow/example_dags/example_datasets.py
[2023-03-01T12:55:52.564+0100] {logging_mixin.py:137} INFO - [2023-03-01T12:55:52.564+0100] {dag.py:2690} INFO - Sync 6 DAGs
[2023-03-01T12:55:52.577+0100] {logging_mixin.py:137} INFO - [2023-03-01T12:55:52.577+0100] {dag.py:3437} INFO - Setting next_dagrun for dataset_consumes_1 to None, run_after=None
[2023-03-01T12:55:52.579+0100] {logging_mixin.py:137} INFO - [2023-03-01T12:55:52.579+0100] {dag.py:3437} INFO - Setting next_dagrun for dataset_consumes_1_and_2 to None, run_after=None
[2023-03-01T12:55:52.579+0100] {logging_mixin.py:137} INFO - [2023-03-01T12:55:52.579+0100] {dag.py:3437} INFO - Setting next_dagrun for dataset_consumes_1_never_scheduled to None, run_after=None
[2023-03-01T12:55:52.580+0100] {logging_mixin.py:137} INFO - [2023-03-01T12:55:52.580+0100] {dag.py:3437} INFO - Setting next_dagrun for dataset_consumes_unknown_never_scheduled to None, run_after=None
[2023-03-01T12:55:52.582+0100] {logging_mixin.py:137} INFO - [2023-03-01T12:55:52.582+0100] {dag.py:3437} INFO - Setting next_dagrun for dataset_produces_1 to 2023-02-28T00:00:00+00:00, run_after=2023-03-01T00:00:00+00:00
[2023-03-01T12:55:52.582+0100] {logging_mixin.py:137} INFO - [2023-03-01T12:55:52.582+0100] {dag.py:3437} INFO - Setting next_dagrun for dataset_produces_2 to None, run_after=None
[2023-03-01T12:55:52.603+0100] {processor.py:175} INFO - Processing /Users/oanottage/opt/anaconda3/lib/python3.8/site-packages/airflow/example_dags/example_datasets.py took 1.082 seconds
[2023-03-01T12:57:41.731+0100] {processor.py:153} INFO - Started process (PID=72244) to work on /Users/oanottage/opt/anaconda3/lib/python3.8/site-packages/airflow/example_dags/example_datasets.py
[2023-03-01T12:57:41.734+0100] {processor.py:743} INFO - Processing file /Users/oanottage/opt/anaconda3/lib/python3.8/site-packages/airflow/example_dags/example_datasets.py for tasks to queue
[2023-03-01T12:57:41.735+0100] {logging_mixin.py:137} INFO - [2023-03-01T12:57:41.734+0100] {dagbag.py:538} INFO - Filling up the DagBag from /Users/oanottage/opt/anaconda3/lib/python3.8/site-packages/airflow/example_dags/example_datasets.py
[2023-03-01T12:57:41.787+0100] {processor.py:753} INFO - DAG(s) dict_keys(['dataset_produces_2', 'dataset_consumes_1', 'dataset_consumes_1_and_2', 'dataset_consumes_1_never_scheduled', 'dataset_consumes_unknown_never_scheduled', 'dataset_produces_1']) retrieved from /Users/oanottage/opt/anaconda3/lib/python3.8/site-packages/airflow/example_dags/example_datasets.py
[2023-03-01T12:57:42.660+0100] {logging_mixin.py:137} INFO - [2023-03-01T12:57:42.660+0100] {dag.py:2690} INFO - Sync 6 DAGs
[2023-03-01T12:57:42.671+0100] {logging_mixin.py:137} INFO - [2023-03-01T12:57:42.671+0100] {dag.py:3437} INFO - Setting next_dagrun for dataset_consumes_1 to None, run_after=None
[2023-03-01T12:57:42.672+0100] {logging_mixin.py:137} INFO - [2023-03-01T12:57:42.672+0100] {dag.py:3437} INFO - Setting next_dagrun for dataset_consumes_1_and_2 to None, run_after=None
[2023-03-01T12:57:42.673+0100] {logging_mixin.py:137} INFO - [2023-03-01T12:57:42.673+0100] {dag.py:3437} INFO - Setting next_dagrun for dataset_consumes_1_never_scheduled to None, run_after=None
[2023-03-01T12:57:42.674+0100] {logging_mixin.py:137} INFO - [2023-03-01T12:57:42.673+0100] {dag.py:3437} INFO - Setting next_dagrun for dataset_consumes_unknown_never_scheduled to None, run_after=None
[2023-03-01T12:57:42.675+0100] {logging_mixin.py:137} INFO - [2023-03-01T12:57:42.675+0100] {dag.py:3437} INFO - Setting next_dagrun for dataset_produces_1 to 2023-02-28T00:00:00+00:00, run_after=2023-03-01T00:00:00+00:00
[2023-03-01T12:57:42.676+0100] {logging_mixin.py:137} INFO - [2023-03-01T12:57:42.676+0100] {dag.py:3437} INFO - Setting next_dagrun for dataset_produces_2 to None, run_after=None
[2023-03-01T12:57:42.697+0100] {processor.py:175} INFO - Processing /Users/oanottage/opt/anaconda3/lib/python3.8/site-packages/airflow/example_dags/example_datasets.py took 0.967 seconds
[2023-03-01T12:59:40.990+0100] {processor.py:153} INFO - Started process (PID=76531) to work on /Users/oanottage/opt/anaconda3/lib/python3.8/site-packages/airflow/example_dags/example_datasets.py
[2023-03-01T12:59:40.995+0100] {processor.py:743} INFO - Processing file /Users/oanottage/opt/anaconda3/lib/python3.8/site-packages/airflow/example_dags/example_datasets.py for tasks to queue
[2023-03-01T12:59:40.995+0100] {logging_mixin.py:137} INFO - [2023-03-01T12:59:40.995+0100] {dagbag.py:538} INFO - Filling up the DagBag from /Users/oanottage/opt/anaconda3/lib/python3.8/site-packages/airflow/example_dags/example_datasets.py
[2023-03-01T12:59:41.054+0100] {processor.py:753} INFO - DAG(s) dict_keys(['dataset_consumes_1_and_2', 'dataset_produces_1', 'dataset_consumes_1', 'dataset_consumes_unknown_never_scheduled', 'dataset_consumes_1_never_scheduled', 'dataset_produces_2']) retrieved from /Users/oanottage/opt/anaconda3/lib/python3.8/site-packages/airflow/example_dags/example_datasets.py
[2023-03-01T12:59:42.075+0100] {logging_mixin.py:137} INFO - [2023-03-01T12:59:42.074+0100] {dag.py:2690} INFO - Sync 6 DAGs
[2023-03-01T12:59:42.089+0100] {logging_mixin.py:137} INFO - [2023-03-01T12:59:42.089+0100] {dag.py:3437} INFO - Setting next_dagrun for dataset_consumes_1 to None, run_after=None
[2023-03-01T12:59:42.091+0100] {logging_mixin.py:137} INFO - [2023-03-01T12:59:42.091+0100] {dag.py:3437} INFO - Setting next_dagrun for dataset_consumes_1_and_2 to None, run_after=None
[2023-03-01T12:59:42.092+0100] {logging_mixin.py:137} INFO - [2023-03-01T12:59:42.092+0100] {dag.py:3437} INFO - Setting next_dagrun for dataset_consumes_1_never_scheduled to None, run_after=None
[2023-03-01T12:59:42.092+0100] {logging_mixin.py:137} INFO - [2023-03-01T12:59:42.092+0100] {dag.py:3437} INFO - Setting next_dagrun for dataset_consumes_unknown_never_scheduled to None, run_after=None
[2023-03-01T12:59:42.094+0100] {logging_mixin.py:137} INFO - [2023-03-01T12:59:42.094+0100] {dag.py:3437} INFO - Setting next_dagrun for dataset_produces_1 to 2023-02-28T00:00:00+00:00, run_after=2023-03-01T00:00:00+00:00
[2023-03-01T12:59:42.095+0100] {logging_mixin.py:137} INFO - [2023-03-01T12:59:42.095+0100] {dag.py:3437} INFO - Setting next_dagrun for dataset_produces_2 to None, run_after=None
[2023-03-01T12:59:42.119+0100] {processor.py:175} INFO - Processing /Users/oanottage/opt/anaconda3/lib/python3.8/site-packages/airflow/example_dags/example_datasets.py took 1.130 seconds
