[2023-03-01T12:03:50.364+0100] {processor.py:153} INFO - Started process (PID=57290) to work on /Users/oanottage/opt/anaconda3/lib/python3.8/site-packages/airflow/example_dags/example_dynamic_task_mapping.py
[2023-03-01T12:03:50.368+0100] {processor.py:743} INFO - Processing file /Users/oanottage/opt/anaconda3/lib/python3.8/site-packages/airflow/example_dags/example_dynamic_task_mapping.py for tasks to queue
[2023-03-01T12:03:50.368+0100] {logging_mixin.py:137} INFO - [2023-03-01T12:03:50.368+0100] {dagbag.py:538} INFO - Filling up the DagBag from /Users/oanottage/opt/anaconda3/lib/python3.8/site-packages/airflow/example_dags/example_dynamic_task_mapping.py
[2023-03-01T12:03:50.444+0100] {processor.py:753} INFO - DAG(s) dict_keys(['example_dynamic_task_mapping']) retrieved from /Users/oanottage/opt/anaconda3/lib/python3.8/site-packages/airflow/example_dags/example_dynamic_task_mapping.py
[2023-03-01T12:03:51.457+0100] {logging_mixin.py:137} INFO - [2023-03-01T12:03:51.457+0100] {manager.py:504} INFO - Created Permission View: can edit on DAG:example_dynamic_task_mapping
[2023-03-01T12:03:51.464+0100] {logging_mixin.py:137} INFO - [2023-03-01T12:03:51.464+0100] {manager.py:504} INFO - Created Permission View: can read on DAG:example_dynamic_task_mapping
[2023-03-01T12:03:51.468+0100] {logging_mixin.py:137} INFO - [2023-03-01T12:03:51.468+0100] {manager.py:504} INFO - Created Permission View: can delete on DAG:example_dynamic_task_mapping
[2023-03-01T12:03:51.469+0100] {logging_mixin.py:137} INFO - [2023-03-01T12:03:51.469+0100] {dag.py:2690} INFO - Sync 1 DAGs
[2023-03-01T12:03:51.477+0100] {logging_mixin.py:137} INFO - [2023-03-01T12:03:51.477+0100] {dag.py:2711} INFO - Creating ORM DAG for example_dynamic_task_mapping
[2023-03-01T12:03:51.483+0100] {logging_mixin.py:137} INFO - [2023-03-01T12:03:51.483+0100] {dag.py:3437} INFO - Setting next_dagrun for example_dynamic_task_mapping to 2022-03-04T00:00:00+00:00, run_after=2022-03-05T00:00:00+00:00
[2023-03-01T12:03:51.496+0100] {processor.py:175} INFO - Processing /Users/oanottage/opt/anaconda3/lib/python3.8/site-packages/airflow/example_dags/example_dynamic_task_mapping.py took 1.133 seconds
[2023-03-01T12:05:48.638+0100] {processor.py:153} INFO - Started process (PID=61470) to work on /Users/oanottage/opt/anaconda3/lib/python3.8/site-packages/airflow/example_dags/example_dynamic_task_mapping.py
[2023-03-01T12:05:48.642+0100] {processor.py:743} INFO - Processing file /Users/oanottage/opt/anaconda3/lib/python3.8/site-packages/airflow/example_dags/example_dynamic_task_mapping.py for tasks to queue
[2023-03-01T12:05:48.642+0100] {logging_mixin.py:137} INFO - [2023-03-01T12:05:48.642+0100] {dagbag.py:538} INFO - Filling up the DagBag from /Users/oanottage/opt/anaconda3/lib/python3.8/site-packages/airflow/example_dags/example_dynamic_task_mapping.py
[2023-03-01T12:05:48.712+0100] {processor.py:753} INFO - DAG(s) dict_keys(['example_dynamic_task_mapping']) retrieved from /Users/oanottage/opt/anaconda3/lib/python3.8/site-packages/airflow/example_dags/example_dynamic_task_mapping.py
[2023-03-01T12:05:49.563+0100] {logging_mixin.py:137} INFO - [2023-03-01T12:05:49.563+0100] {dag.py:2690} INFO - Sync 1 DAGs
[2023-03-01T12:05:49.575+0100] {logging_mixin.py:137} INFO - [2023-03-01T12:05:49.575+0100] {dag.py:3437} INFO - Setting next_dagrun for example_dynamic_task_mapping to 2022-03-04T00:00:00+00:00, run_after=2022-03-05T00:00:00+00:00
[2023-03-01T12:05:49.586+0100] {processor.py:175} INFO - Processing /Users/oanottage/opt/anaconda3/lib/python3.8/site-packages/airflow/example_dags/example_dynamic_task_mapping.py took 0.949 seconds
[2023-03-01T12:07:43.344+0100] {processor.py:153} INFO - Started process (PID=65664) to work on /Users/oanottage/opt/anaconda3/lib/python3.8/site-packages/airflow/example_dags/example_dynamic_task_mapping.py
[2023-03-01T12:07:43.348+0100] {processor.py:743} INFO - Processing file /Users/oanottage/opt/anaconda3/lib/python3.8/site-packages/airflow/example_dags/example_dynamic_task_mapping.py for tasks to queue
[2023-03-01T12:07:43.348+0100] {logging_mixin.py:137} INFO - [2023-03-01T12:07:43.348+0100] {dagbag.py:538} INFO - Filling up the DagBag from /Users/oanottage/opt/anaconda3/lib/python3.8/site-packages/airflow/example_dags/example_dynamic_task_mapping.py
[2023-03-01T12:07:43.411+0100] {processor.py:753} INFO - DAG(s) dict_keys(['example_dynamic_task_mapping']) retrieved from /Users/oanottage/opt/anaconda3/lib/python3.8/site-packages/airflow/example_dags/example_dynamic_task_mapping.py
[2023-03-01T12:07:44.244+0100] {logging_mixin.py:137} INFO - [2023-03-01T12:07:44.244+0100] {dag.py:2690} INFO - Sync 1 DAGs
[2023-03-01T12:07:44.255+0100] {logging_mixin.py:137} INFO - [2023-03-01T12:07:44.254+0100] {dag.py:3437} INFO - Setting next_dagrun for example_dynamic_task_mapping to 2022-03-04T00:00:00+00:00, run_after=2022-03-05T00:00:00+00:00
[2023-03-01T12:07:44.267+0100] {processor.py:175} INFO - Processing /Users/oanottage/opt/anaconda3/lib/python3.8/site-packages/airflow/example_dags/example_dynamic_task_mapping.py took 0.923 seconds
[2023-03-01T12:09:35.990+0100] {processor.py:153} INFO - Started process (PID=69834) to work on /Users/oanottage/opt/anaconda3/lib/python3.8/site-packages/airflow/example_dags/example_dynamic_task_mapping.py
[2023-03-01T12:09:35.994+0100] {processor.py:743} INFO - Processing file /Users/oanottage/opt/anaconda3/lib/python3.8/site-packages/airflow/example_dags/example_dynamic_task_mapping.py for tasks to queue
[2023-03-01T12:09:35.994+0100] {logging_mixin.py:137} INFO - [2023-03-01T12:09:35.994+0100] {dagbag.py:538} INFO - Filling up the DagBag from /Users/oanottage/opt/anaconda3/lib/python3.8/site-packages/airflow/example_dags/example_dynamic_task_mapping.py
[2023-03-01T12:09:36.061+0100] {processor.py:753} INFO - DAG(s) dict_keys(['example_dynamic_task_mapping']) retrieved from /Users/oanottage/opt/anaconda3/lib/python3.8/site-packages/airflow/example_dags/example_dynamic_task_mapping.py
[2023-03-01T12:09:37.002+0100] {logging_mixin.py:137} INFO - [2023-03-01T12:09:37.002+0100] {dag.py:2690} INFO - Sync 1 DAGs
[2023-03-01T12:09:37.015+0100] {logging_mixin.py:137} INFO - [2023-03-01T12:09:37.015+0100] {dag.py:3437} INFO - Setting next_dagrun for example_dynamic_task_mapping to 2022-03-04T00:00:00+00:00, run_after=2022-03-05T00:00:00+00:00
[2023-03-01T12:09:37.028+0100] {processor.py:175} INFO - Processing /Users/oanottage/opt/anaconda3/lib/python3.8/site-packages/airflow/example_dags/example_dynamic_task_mapping.py took 1.039 seconds
[2023-03-01T12:11:42.479+0100] {processor.py:153} INFO - Started process (PID=74130) to work on /Users/oanottage/opt/anaconda3/lib/python3.8/site-packages/airflow/example_dags/example_dynamic_task_mapping.py
[2023-03-01T12:11:42.483+0100] {processor.py:743} INFO - Processing file /Users/oanottage/opt/anaconda3/lib/python3.8/site-packages/airflow/example_dags/example_dynamic_task_mapping.py for tasks to queue
[2023-03-01T12:11:42.483+0100] {logging_mixin.py:137} INFO - [2023-03-01T12:11:42.483+0100] {dagbag.py:538} INFO - Filling up the DagBag from /Users/oanottage/opt/anaconda3/lib/python3.8/site-packages/airflow/example_dags/example_dynamic_task_mapping.py
[2023-03-01T12:11:42.547+0100] {processor.py:753} INFO - DAG(s) dict_keys(['example_dynamic_task_mapping']) retrieved from /Users/oanottage/opt/anaconda3/lib/python3.8/site-packages/airflow/example_dags/example_dynamic_task_mapping.py
[2023-03-01T12:11:43.404+0100] {logging_mixin.py:137} INFO - [2023-03-01T12:11:43.404+0100] {dag.py:2690} INFO - Sync 1 DAGs
[2023-03-01T12:11:43.415+0100] {logging_mixin.py:137} INFO - [2023-03-01T12:11:43.414+0100] {dag.py:3437} INFO - Setting next_dagrun for example_dynamic_task_mapping to 2022-03-04T00:00:00+00:00, run_after=2022-03-05T00:00:00+00:00
[2023-03-01T12:11:43.425+0100] {processor.py:175} INFO - Processing /Users/oanottage/opt/anaconda3/lib/python3.8/site-packages/airflow/example_dags/example_dynamic_task_mapping.py took 0.947 seconds
[2023-03-01T12:13:37.498+0100] {processor.py:153} INFO - Started process (PID=78365) to work on /Users/oanottage/opt/anaconda3/lib/python3.8/site-packages/airflow/example_dags/example_dynamic_task_mapping.py
[2023-03-01T12:13:37.501+0100] {processor.py:743} INFO - Processing file /Users/oanottage/opt/anaconda3/lib/python3.8/site-packages/airflow/example_dags/example_dynamic_task_mapping.py for tasks to queue
[2023-03-01T12:13:37.502+0100] {logging_mixin.py:137} INFO - [2023-03-01T12:13:37.501+0100] {dagbag.py:538} INFO - Filling up the DagBag from /Users/oanottage/opt/anaconda3/lib/python3.8/site-packages/airflow/example_dags/example_dynamic_task_mapping.py
[2023-03-01T12:13:37.571+0100] {processor.py:753} INFO - DAG(s) dict_keys(['example_dynamic_task_mapping']) retrieved from /Users/oanottage/opt/anaconda3/lib/python3.8/site-packages/airflow/example_dags/example_dynamic_task_mapping.py
[2023-03-01T12:13:38.475+0100] {logging_mixin.py:137} INFO - [2023-03-01T12:13:38.474+0100] {dag.py:2690} INFO - Sync 1 DAGs
[2023-03-01T12:13:38.486+0100] {logging_mixin.py:137} INFO - [2023-03-01T12:13:38.485+0100] {dag.py:3437} INFO - Setting next_dagrun for example_dynamic_task_mapping to 2022-03-04T00:00:00+00:00, run_after=2022-03-05T00:00:00+00:00
[2023-03-01T12:13:38.497+0100] {processor.py:175} INFO - Processing /Users/oanottage/opt/anaconda3/lib/python3.8/site-packages/airflow/example_dags/example_dynamic_task_mapping.py took 1.000 seconds
[2023-03-01T12:15:29.843+0100] {processor.py:153} INFO - Started process (PID=82141) to work on /Users/oanottage/opt/anaconda3/lib/python3.8/site-packages/airflow/example_dags/example_dynamic_task_mapping.py
[2023-03-01T12:15:29.847+0100] {processor.py:743} INFO - Processing file /Users/oanottage/opt/anaconda3/lib/python3.8/site-packages/airflow/example_dags/example_dynamic_task_mapping.py for tasks to queue
[2023-03-01T12:15:29.848+0100] {logging_mixin.py:137} INFO - [2023-03-01T12:15:29.848+0100] {dagbag.py:538} INFO - Filling up the DagBag from /Users/oanottage/opt/anaconda3/lib/python3.8/site-packages/airflow/example_dags/example_dynamic_task_mapping.py
[2023-03-01T12:15:29.932+0100] {processor.py:753} INFO - DAG(s) dict_keys(['example_dynamic_task_mapping']) retrieved from /Users/oanottage/opt/anaconda3/lib/python3.8/site-packages/airflow/example_dags/example_dynamic_task_mapping.py
[2023-03-01T12:15:30.841+0100] {logging_mixin.py:137} INFO - [2023-03-01T12:15:30.841+0100] {dag.py:2690} INFO - Sync 1 DAGs
[2023-03-01T12:15:30.854+0100] {logging_mixin.py:137} INFO - [2023-03-01T12:15:30.854+0100] {dag.py:3437} INFO - Setting next_dagrun for example_dynamic_task_mapping to 2022-03-04T00:00:00+00:00, run_after=2022-03-05T00:00:00+00:00
[2023-03-01T12:15:30.868+0100] {processor.py:175} INFO - Processing /Users/oanottage/opt/anaconda3/lib/python3.8/site-packages/airflow/example_dags/example_dynamic_task_mapping.py took 1.026 seconds
[2023-03-01T12:17:33.023+0100] {processor.py:153} INFO - Started process (PID=86708) to work on /Users/oanottage/opt/anaconda3/lib/python3.8/site-packages/airflow/example_dags/example_dynamic_task_mapping.py
[2023-03-01T12:17:33.028+0100] {processor.py:743} INFO - Processing file /Users/oanottage/opt/anaconda3/lib/python3.8/site-packages/airflow/example_dags/example_dynamic_task_mapping.py for tasks to queue
[2023-03-01T12:17:33.028+0100] {logging_mixin.py:137} INFO - [2023-03-01T12:17:33.028+0100] {dagbag.py:538} INFO - Filling up the DagBag from /Users/oanottage/opt/anaconda3/lib/python3.8/site-packages/airflow/example_dags/example_dynamic_task_mapping.py
[2023-03-01T12:17:33.103+0100] {processor.py:753} INFO - DAG(s) dict_keys(['example_dynamic_task_mapping']) retrieved from /Users/oanottage/opt/anaconda3/lib/python3.8/site-packages/airflow/example_dags/example_dynamic_task_mapping.py
[2023-03-01T12:17:33.886+0100] {logging_mixin.py:137} INFO - [2023-03-01T12:17:33.885+0100] {dag.py:2690} INFO - Sync 1 DAGs
[2023-03-01T12:17:33.898+0100] {logging_mixin.py:137} INFO - [2023-03-01T12:17:33.898+0100] {dag.py:3437} INFO - Setting next_dagrun for example_dynamic_task_mapping to 2022-03-04T00:00:00+00:00, run_after=2022-03-05T00:00:00+00:00
[2023-03-01T12:17:33.912+0100] {processor.py:175} INFO - Processing /Users/oanottage/opt/anaconda3/lib/python3.8/site-packages/airflow/example_dags/example_dynamic_task_mapping.py took 0.890 seconds
[2023-03-01T12:19:27.661+0100] {processor.py:153} INFO - Started process (PID=89910) to work on /Users/oanottage/opt/anaconda3/lib/python3.8/site-packages/airflow/example_dags/example_dynamic_task_mapping.py
[2023-03-01T12:19:27.666+0100] {processor.py:743} INFO - Processing file /Users/oanottage/opt/anaconda3/lib/python3.8/site-packages/airflow/example_dags/example_dynamic_task_mapping.py for tasks to queue
[2023-03-01T12:19:27.666+0100] {logging_mixin.py:137} INFO - [2023-03-01T12:19:27.666+0100] {dagbag.py:538} INFO - Filling up the DagBag from /Users/oanottage/opt/anaconda3/lib/python3.8/site-packages/airflow/example_dags/example_dynamic_task_mapping.py
[2023-03-01T12:19:27.737+0100] {processor.py:753} INFO - DAG(s) dict_keys(['example_dynamic_task_mapping']) retrieved from /Users/oanottage/opt/anaconda3/lib/python3.8/site-packages/airflow/example_dags/example_dynamic_task_mapping.py
[2023-03-01T12:19:28.657+0100] {logging_mixin.py:137} INFO - [2023-03-01T12:19:28.657+0100] {dag.py:2690} INFO - Sync 1 DAGs
[2023-03-01T12:19:28.670+0100] {logging_mixin.py:137} INFO - [2023-03-01T12:19:28.670+0100] {dag.py:3437} INFO - Setting next_dagrun for example_dynamic_task_mapping to 2022-03-04T00:00:00+00:00, run_after=2022-03-05T00:00:00+00:00
[2023-03-01T12:19:28.683+0100] {processor.py:175} INFO - Processing /Users/oanottage/opt/anaconda3/lib/python3.8/site-packages/airflow/example_dags/example_dynamic_task_mapping.py took 1.023 seconds
[2023-03-01T12:21:29.316+0100] {processor.py:153} INFO - Started process (PID=94556) to work on /Users/oanottage/opt/anaconda3/lib/python3.8/site-packages/airflow/example_dags/example_dynamic_task_mapping.py
[2023-03-01T12:21:29.321+0100] {processor.py:743} INFO - Processing file /Users/oanottage/opt/anaconda3/lib/python3.8/site-packages/airflow/example_dags/example_dynamic_task_mapping.py for tasks to queue
[2023-03-01T12:21:29.322+0100] {logging_mixin.py:137} INFO - [2023-03-01T12:21:29.321+0100] {dagbag.py:538} INFO - Filling up the DagBag from /Users/oanottage/opt/anaconda3/lib/python3.8/site-packages/airflow/example_dags/example_dynamic_task_mapping.py
[2023-03-01T12:21:29.397+0100] {processor.py:753} INFO - DAG(s) dict_keys(['example_dynamic_task_mapping']) retrieved from /Users/oanottage/opt/anaconda3/lib/python3.8/site-packages/airflow/example_dags/example_dynamic_task_mapping.py
[2023-03-01T12:21:30.521+0100] {logging_mixin.py:137} INFO - [2023-03-01T12:21:30.521+0100] {dag.py:2690} INFO - Sync 1 DAGs
[2023-03-01T12:21:30.538+0100] {logging_mixin.py:137} INFO - [2023-03-01T12:21:30.537+0100] {dag.py:3437} INFO - Setting next_dagrun for example_dynamic_task_mapping to 2022-03-04T00:00:00+00:00, run_after=2022-03-05T00:00:00+00:00
[2023-03-01T12:21:30.556+0100] {processor.py:175} INFO - Processing /Users/oanottage/opt/anaconda3/lib/python3.8/site-packages/airflow/example_dags/example_dynamic_task_mapping.py took 1.240 seconds
[2023-03-01T12:24:02.610+0100] {processor.py:153} INFO - Started process (PID=827) to work on /Users/oanottage/opt/anaconda3/lib/python3.8/site-packages/airflow/example_dags/example_dynamic_task_mapping.py
[2023-03-01T12:24:02.614+0100] {processor.py:743} INFO - Processing file /Users/oanottage/opt/anaconda3/lib/python3.8/site-packages/airflow/example_dags/example_dynamic_task_mapping.py for tasks to queue
[2023-03-01T12:24:02.614+0100] {logging_mixin.py:137} INFO - [2023-03-01T12:24:02.614+0100] {dagbag.py:538} INFO - Filling up the DagBag from /Users/oanottage/opt/anaconda3/lib/python3.8/site-packages/airflow/example_dags/example_dynamic_task_mapping.py
[2023-03-01T12:24:02.674+0100] {processor.py:753} INFO - DAG(s) dict_keys(['example_dynamic_task_mapping']) retrieved from /Users/oanottage/opt/anaconda3/lib/python3.8/site-packages/airflow/example_dags/example_dynamic_task_mapping.py
[2023-03-01T12:24:03.579+0100] {logging_mixin.py:137} INFO - [2023-03-01T12:24:03.579+0100] {dag.py:2690} INFO - Sync 1 DAGs
[2023-03-01T12:24:03.592+0100] {logging_mixin.py:137} INFO - [2023-03-01T12:24:03.592+0100] {dag.py:3437} INFO - Setting next_dagrun for example_dynamic_task_mapping to 2022-03-04T00:00:00+00:00, run_after=2022-03-05T00:00:00+00:00
[2023-03-01T12:24:03.604+0100] {processor.py:175} INFO - Processing /Users/oanottage/opt/anaconda3/lib/python3.8/site-packages/airflow/example_dags/example_dynamic_task_mapping.py took 0.994 seconds
[2023-03-01T12:26:05.998+0100] {processor.py:153} INFO - Started process (PID=5130) to work on /Users/oanottage/opt/anaconda3/lib/python3.8/site-packages/airflow/example_dags/example_dynamic_task_mapping.py
[2023-03-01T12:26:06.003+0100] {processor.py:743} INFO - Processing file /Users/oanottage/opt/anaconda3/lib/python3.8/site-packages/airflow/example_dags/example_dynamic_task_mapping.py for tasks to queue
[2023-03-01T12:26:06.003+0100] {logging_mixin.py:137} INFO - [2023-03-01T12:26:06.003+0100] {dagbag.py:538} INFO - Filling up the DagBag from /Users/oanottage/opt/anaconda3/lib/python3.8/site-packages/airflow/example_dags/example_dynamic_task_mapping.py
[2023-03-01T12:26:06.080+0100] {processor.py:753} INFO - DAG(s) dict_keys(['example_dynamic_task_mapping']) retrieved from /Users/oanottage/opt/anaconda3/lib/python3.8/site-packages/airflow/example_dags/example_dynamic_task_mapping.py
[2023-03-01T12:26:06.888+0100] {logging_mixin.py:137} INFO - [2023-03-01T12:26:06.888+0100] {dag.py:2690} INFO - Sync 1 DAGs
[2023-03-01T12:26:06.905+0100] {logging_mixin.py:137} INFO - [2023-03-01T12:26:06.905+0100] {dag.py:3437} INFO - Setting next_dagrun for example_dynamic_task_mapping to 2022-03-04T00:00:00+00:00, run_after=2022-03-05T00:00:00+00:00
[2023-03-01T12:26:06.923+0100] {processor.py:175} INFO - Processing /Users/oanottage/opt/anaconda3/lib/python3.8/site-packages/airflow/example_dags/example_dynamic_task_mapping.py took 0.926 seconds
[2023-03-01T12:28:00.025+0100] {processor.py:153} INFO - Started process (PID=9021) to work on /Users/oanottage/opt/anaconda3/lib/python3.8/site-packages/airflow/example_dags/example_dynamic_task_mapping.py
[2023-03-01T12:28:00.029+0100] {processor.py:743} INFO - Processing file /Users/oanottage/opt/anaconda3/lib/python3.8/site-packages/airflow/example_dags/example_dynamic_task_mapping.py for tasks to queue
[2023-03-01T12:28:00.030+0100] {logging_mixin.py:137} INFO - [2023-03-01T12:28:00.030+0100] {dagbag.py:538} INFO - Filling up the DagBag from /Users/oanottage/opt/anaconda3/lib/python3.8/site-packages/airflow/example_dags/example_dynamic_task_mapping.py
[2023-03-01T12:28:00.101+0100] {processor.py:753} INFO - DAG(s) dict_keys(['example_dynamic_task_mapping']) retrieved from /Users/oanottage/opt/anaconda3/lib/python3.8/site-packages/airflow/example_dags/example_dynamic_task_mapping.py
[2023-03-01T12:28:01.009+0100] {logging_mixin.py:137} INFO - [2023-03-01T12:28:01.008+0100] {dag.py:2690} INFO - Sync 1 DAGs
[2023-03-01T12:28:01.024+0100] {logging_mixin.py:137} INFO - [2023-03-01T12:28:01.024+0100] {dag.py:3437} INFO - Setting next_dagrun for example_dynamic_task_mapping to 2022-03-04T00:00:00+00:00, run_after=2022-03-05T00:00:00+00:00
[2023-03-01T12:28:01.042+0100] {processor.py:175} INFO - Processing /Users/oanottage/opt/anaconda3/lib/python3.8/site-packages/airflow/example_dags/example_dynamic_task_mapping.py took 1.017 seconds
[2023-03-01T12:29:52.686+0100] {processor.py:153} INFO - Started process (PID=12540) to work on /Users/oanottage/opt/anaconda3/lib/python3.8/site-packages/airflow/example_dags/example_dynamic_task_mapping.py
[2023-03-01T12:29:52.690+0100] {processor.py:743} INFO - Processing file /Users/oanottage/opt/anaconda3/lib/python3.8/site-packages/airflow/example_dags/example_dynamic_task_mapping.py for tasks to queue
[2023-03-01T12:29:52.690+0100] {logging_mixin.py:137} INFO - [2023-03-01T12:29:52.690+0100] {dagbag.py:538} INFO - Filling up the DagBag from /Users/oanottage/opt/anaconda3/lib/python3.8/site-packages/airflow/example_dags/example_dynamic_task_mapping.py
[2023-03-01T12:29:52.749+0100] {processor.py:753} INFO - DAG(s) dict_keys(['example_dynamic_task_mapping']) retrieved from /Users/oanottage/opt/anaconda3/lib/python3.8/site-packages/airflow/example_dags/example_dynamic_task_mapping.py
[2023-03-01T12:29:53.587+0100] {logging_mixin.py:137} INFO - [2023-03-01T12:29:53.587+0100] {dag.py:2690} INFO - Sync 1 DAGs
[2023-03-01T12:29:53.600+0100] {logging_mixin.py:137} INFO - [2023-03-01T12:29:53.600+0100] {dag.py:3437} INFO - Setting next_dagrun for example_dynamic_task_mapping to 2022-03-04T00:00:00+00:00, run_after=2022-03-05T00:00:00+00:00
[2023-03-01T12:29:53.612+0100] {processor.py:175} INFO - Processing /Users/oanottage/opt/anaconda3/lib/python3.8/site-packages/airflow/example_dags/example_dynamic_task_mapping.py took 0.927 seconds
[2023-03-01T12:31:40.594+0100] {processor.py:153} INFO - Started process (PID=16756) to work on /Users/oanottage/opt/anaconda3/lib/python3.8/site-packages/airflow/example_dags/example_dynamic_task_mapping.py
[2023-03-01T12:31:40.597+0100] {processor.py:743} INFO - Processing file /Users/oanottage/opt/anaconda3/lib/python3.8/site-packages/airflow/example_dags/example_dynamic_task_mapping.py for tasks to queue
[2023-03-01T12:31:40.598+0100] {logging_mixin.py:137} INFO - [2023-03-01T12:31:40.597+0100] {dagbag.py:538} INFO - Filling up the DagBag from /Users/oanottage/opt/anaconda3/lib/python3.8/site-packages/airflow/example_dags/example_dynamic_task_mapping.py
[2023-03-01T12:31:40.658+0100] {processor.py:753} INFO - DAG(s) dict_keys(['example_dynamic_task_mapping']) retrieved from /Users/oanottage/opt/anaconda3/lib/python3.8/site-packages/airflow/example_dags/example_dynamic_task_mapping.py
[2023-03-01T12:31:41.512+0100] {logging_mixin.py:137} INFO - [2023-03-01T12:31:41.512+0100] {dag.py:2690} INFO - Sync 1 DAGs
[2023-03-01T12:31:41.523+0100] {logging_mixin.py:137} INFO - [2023-03-01T12:31:41.523+0100] {dag.py:3437} INFO - Setting next_dagrun for example_dynamic_task_mapping to 2022-03-04T00:00:00+00:00, run_after=2022-03-05T00:00:00+00:00
[2023-03-01T12:31:41.536+0100] {processor.py:175} INFO - Processing /Users/oanottage/opt/anaconda3/lib/python3.8/site-packages/airflow/example_dags/example_dynamic_task_mapping.py took 0.942 seconds
[2023-03-01T12:33:27.534+0100] {processor.py:153} INFO - Started process (PID=20012) to work on /Users/oanottage/opt/anaconda3/lib/python3.8/site-packages/airflow/example_dags/example_dynamic_task_mapping.py
[2023-03-01T12:33:27.543+0100] {processor.py:743} INFO - Processing file /Users/oanottage/opt/anaconda3/lib/python3.8/site-packages/airflow/example_dags/example_dynamic_task_mapping.py for tasks to queue
[2023-03-01T12:33:27.544+0100] {logging_mixin.py:137} INFO - [2023-03-01T12:33:27.543+0100] {dagbag.py:538} INFO - Filling up the DagBag from /Users/oanottage/opt/anaconda3/lib/python3.8/site-packages/airflow/example_dags/example_dynamic_task_mapping.py
[2023-03-01T12:33:27.629+0100] {processor.py:753} INFO - DAG(s) dict_keys(['example_dynamic_task_mapping']) retrieved from /Users/oanottage/opt/anaconda3/lib/python3.8/site-packages/airflow/example_dags/example_dynamic_task_mapping.py
[2023-03-01T12:33:28.566+0100] {logging_mixin.py:137} INFO - [2023-03-01T12:33:28.566+0100] {dag.py:2690} INFO - Sync 1 DAGs
[2023-03-01T12:33:28.580+0100] {logging_mixin.py:137} INFO - [2023-03-01T12:33:28.580+0100] {dag.py:3437} INFO - Setting next_dagrun for example_dynamic_task_mapping to 2022-03-04T00:00:00+00:00, run_after=2022-03-05T00:00:00+00:00
[2023-03-01T12:33:28.594+0100] {processor.py:175} INFO - Processing /Users/oanottage/opt/anaconda3/lib/python3.8/site-packages/airflow/example_dags/example_dynamic_task_mapping.py took 1.062 seconds
[2023-03-01T12:35:21.123+0100] {processor.py:153} INFO - Started process (PID=24238) to work on /Users/oanottage/opt/anaconda3/lib/python3.8/site-packages/airflow/example_dags/example_dynamic_task_mapping.py
[2023-03-01T12:35:21.126+0100] {processor.py:743} INFO - Processing file /Users/oanottage/opt/anaconda3/lib/python3.8/site-packages/airflow/example_dags/example_dynamic_task_mapping.py for tasks to queue
[2023-03-01T12:35:21.126+0100] {logging_mixin.py:137} INFO - [2023-03-01T12:35:21.126+0100] {dagbag.py:538} INFO - Filling up the DagBag from /Users/oanottage/opt/anaconda3/lib/python3.8/site-packages/airflow/example_dags/example_dynamic_task_mapping.py
[2023-03-01T12:35:21.186+0100] {processor.py:753} INFO - DAG(s) dict_keys(['example_dynamic_task_mapping']) retrieved from /Users/oanottage/opt/anaconda3/lib/python3.8/site-packages/airflow/example_dags/example_dynamic_task_mapping.py
[2023-03-01T12:35:22.045+0100] {logging_mixin.py:137} INFO - [2023-03-01T12:35:22.045+0100] {dag.py:2690} INFO - Sync 1 DAGs
[2023-03-01T12:35:22.058+0100] {logging_mixin.py:137} INFO - [2023-03-01T12:35:22.058+0100] {dag.py:3437} INFO - Setting next_dagrun for example_dynamic_task_mapping to 2022-03-04T00:00:00+00:00, run_after=2022-03-05T00:00:00+00:00
[2023-03-01T12:35:22.071+0100] {processor.py:175} INFO - Processing /Users/oanottage/opt/anaconda3/lib/python3.8/site-packages/airflow/example_dags/example_dynamic_task_mapping.py took 0.949 seconds
[2023-03-01T12:37:14.933+0100] {processor.py:153} INFO - Started process (PID=28467) to work on /Users/oanottage/opt/anaconda3/lib/python3.8/site-packages/airflow/example_dags/example_dynamic_task_mapping.py
[2023-03-01T12:37:14.937+0100] {processor.py:743} INFO - Processing file /Users/oanottage/opt/anaconda3/lib/python3.8/site-packages/airflow/example_dags/example_dynamic_task_mapping.py for tasks to queue
[2023-03-01T12:37:14.938+0100] {logging_mixin.py:137} INFO - [2023-03-01T12:37:14.937+0100] {dagbag.py:538} INFO - Filling up the DagBag from /Users/oanottage/opt/anaconda3/lib/python3.8/site-packages/airflow/example_dags/example_dynamic_task_mapping.py
[2023-03-01T12:37:15.017+0100] {processor.py:753} INFO - DAG(s) dict_keys(['example_dynamic_task_mapping']) retrieved from /Users/oanottage/opt/anaconda3/lib/python3.8/site-packages/airflow/example_dags/example_dynamic_task_mapping.py
[2023-03-01T12:37:15.814+0100] {logging_mixin.py:137} INFO - [2023-03-01T12:37:15.814+0100] {dag.py:2690} INFO - Sync 1 DAGs
[2023-03-01T12:37:15.834+0100] {logging_mixin.py:137} INFO - [2023-03-01T12:37:15.834+0100] {dag.py:3437} INFO - Setting next_dagrun for example_dynamic_task_mapping to 2022-03-04T00:00:00+00:00, run_after=2022-03-05T00:00:00+00:00
[2023-03-01T12:37:15.855+0100] {processor.py:175} INFO - Processing /Users/oanottage/opt/anaconda3/lib/python3.8/site-packages/airflow/example_dags/example_dynamic_task_mapping.py took 0.923 seconds
[2023-03-01T12:39:10.511+0100] {processor.py:153} INFO - Started process (PID=32693) to work on /Users/oanottage/opt/anaconda3/lib/python3.8/site-packages/airflow/example_dags/example_dynamic_task_mapping.py
[2023-03-01T12:39:10.514+0100] {processor.py:743} INFO - Processing file /Users/oanottage/opt/anaconda3/lib/python3.8/site-packages/airflow/example_dags/example_dynamic_task_mapping.py for tasks to queue
[2023-03-01T12:39:10.515+0100] {logging_mixin.py:137} INFO - [2023-03-01T12:39:10.515+0100] {dagbag.py:538} INFO - Filling up the DagBag from /Users/oanottage/opt/anaconda3/lib/python3.8/site-packages/airflow/example_dags/example_dynamic_task_mapping.py
[2023-03-01T12:39:10.574+0100] {processor.py:753} INFO - DAG(s) dict_keys(['example_dynamic_task_mapping']) retrieved from /Users/oanottage/opt/anaconda3/lib/python3.8/site-packages/airflow/example_dags/example_dynamic_task_mapping.py
[2023-03-01T12:39:11.423+0100] {logging_mixin.py:137} INFO - [2023-03-01T12:39:11.423+0100] {dag.py:2690} INFO - Sync 1 DAGs
[2023-03-01T12:39:11.435+0100] {logging_mixin.py:137} INFO - [2023-03-01T12:39:11.435+0100] {dag.py:3437} INFO - Setting next_dagrun for example_dynamic_task_mapping to 2022-03-04T00:00:00+00:00, run_after=2022-03-05T00:00:00+00:00
[2023-03-01T12:39:11.446+0100] {processor.py:175} INFO - Processing /Users/oanottage/opt/anaconda3/lib/python3.8/site-packages/airflow/example_dags/example_dynamic_task_mapping.py took 0.936 seconds
[2023-03-01T12:41:23.244+0100] {processor.py:153} INFO - Started process (PID=36964) to work on /Users/oanottage/opt/anaconda3/lib/python3.8/site-packages/airflow/example_dags/example_dynamic_task_mapping.py
[2023-03-01T12:41:23.248+0100] {processor.py:743} INFO - Processing file /Users/oanottage/opt/anaconda3/lib/python3.8/site-packages/airflow/example_dags/example_dynamic_task_mapping.py for tasks to queue
[2023-03-01T12:41:23.248+0100] {logging_mixin.py:137} INFO - [2023-03-01T12:41:23.248+0100] {dagbag.py:538} INFO - Filling up the DagBag from /Users/oanottage/opt/anaconda3/lib/python3.8/site-packages/airflow/example_dags/example_dynamic_task_mapping.py
[2023-03-01T12:41:23.383+0100] {processor.py:753} INFO - DAG(s) dict_keys(['example_dynamic_task_mapping']) retrieved from /Users/oanottage/opt/anaconda3/lib/python3.8/site-packages/airflow/example_dags/example_dynamic_task_mapping.py
[2023-03-01T12:41:24.452+0100] {logging_mixin.py:137} INFO - [2023-03-01T12:41:24.452+0100] {dag.py:2690} INFO - Sync 1 DAGs
[2023-03-01T12:41:24.471+0100] {logging_mixin.py:137} INFO - [2023-03-01T12:41:24.471+0100] {dag.py:3437} INFO - Setting next_dagrun for example_dynamic_task_mapping to 2022-03-04T00:00:00+00:00, run_after=2022-03-05T00:00:00+00:00
[2023-03-01T12:41:24.487+0100] {processor.py:175} INFO - Processing /Users/oanottage/opt/anaconda3/lib/python3.8/site-packages/airflow/example_dags/example_dynamic_task_mapping.py took 1.244 seconds
[2023-03-01T12:43:23.460+0100] {processor.py:153} INFO - Started process (PID=41210) to work on /Users/oanottage/opt/anaconda3/lib/python3.8/site-packages/airflow/example_dags/example_dynamic_task_mapping.py
[2023-03-01T12:43:23.464+0100] {processor.py:743} INFO - Processing file /Users/oanottage/opt/anaconda3/lib/python3.8/site-packages/airflow/example_dags/example_dynamic_task_mapping.py for tasks to queue
[2023-03-01T12:43:23.464+0100] {logging_mixin.py:137} INFO - [2023-03-01T12:43:23.464+0100] {dagbag.py:538} INFO - Filling up the DagBag from /Users/oanottage/opt/anaconda3/lib/python3.8/site-packages/airflow/example_dags/example_dynamic_task_mapping.py
[2023-03-01T12:43:23.522+0100] {processor.py:753} INFO - DAG(s) dict_keys(['example_dynamic_task_mapping']) retrieved from /Users/oanottage/opt/anaconda3/lib/python3.8/site-packages/airflow/example_dags/example_dynamic_task_mapping.py
[2023-03-01T12:43:24.411+0100] {logging_mixin.py:137} INFO - [2023-03-01T12:43:24.411+0100] {dag.py:2690} INFO - Sync 1 DAGs
[2023-03-01T12:43:24.423+0100] {logging_mixin.py:137} INFO - [2023-03-01T12:43:24.423+0100] {dag.py:3437} INFO - Setting next_dagrun for example_dynamic_task_mapping to 2022-03-04T00:00:00+00:00, run_after=2022-03-05T00:00:00+00:00
[2023-03-01T12:43:24.435+0100] {processor.py:175} INFO - Processing /Users/oanottage/opt/anaconda3/lib/python3.8/site-packages/airflow/example_dags/example_dynamic_task_mapping.py took 0.976 seconds
[2023-03-01T12:45:39.859+0100] {processor.py:153} INFO - Started process (PID=46525) to work on /Users/oanottage/opt/anaconda3/lib/python3.8/site-packages/airflow/example_dags/example_dynamic_task_mapping.py
[2023-03-01T12:45:39.863+0100] {processor.py:743} INFO - Processing file /Users/oanottage/opt/anaconda3/lib/python3.8/site-packages/airflow/example_dags/example_dynamic_task_mapping.py for tasks to queue
[2023-03-01T12:45:39.864+0100] {logging_mixin.py:137} INFO - [2023-03-01T12:45:39.863+0100] {dagbag.py:538} INFO - Filling up the DagBag from /Users/oanottage/opt/anaconda3/lib/python3.8/site-packages/airflow/example_dags/example_dynamic_task_mapping.py
[2023-03-01T12:45:39.943+0100] {processor.py:753} INFO - DAG(s) dict_keys(['example_dynamic_task_mapping']) retrieved from /Users/oanottage/opt/anaconda3/lib/python3.8/site-packages/airflow/example_dags/example_dynamic_task_mapping.py
[2023-03-01T12:45:40.827+0100] {logging_mixin.py:137} INFO - [2023-03-01T12:45:40.827+0100] {dag.py:2690} INFO - Sync 1 DAGs
[2023-03-01T12:45:40.845+0100] {logging_mixin.py:137} INFO - [2023-03-01T12:45:40.845+0100] {dag.py:3437} INFO - Setting next_dagrun for example_dynamic_task_mapping to 2022-03-04T00:00:00+00:00, run_after=2022-03-05T00:00:00+00:00
[2023-03-01T12:45:40.864+0100] {processor.py:175} INFO - Processing /Users/oanottage/opt/anaconda3/lib/python3.8/site-packages/airflow/example_dags/example_dynamic_task_mapping.py took 1.005 seconds
[2023-03-01T12:47:44.257+0100] {processor.py:153} INFO - Started process (PID=50838) to work on /Users/oanottage/opt/anaconda3/lib/python3.8/site-packages/airflow/example_dags/example_dynamic_task_mapping.py
[2023-03-01T12:47:44.262+0100] {processor.py:743} INFO - Processing file /Users/oanottage/opt/anaconda3/lib/python3.8/site-packages/airflow/example_dags/example_dynamic_task_mapping.py for tasks to queue
[2023-03-01T12:47:44.262+0100] {logging_mixin.py:137} INFO - [2023-03-01T12:47:44.262+0100] {dagbag.py:538} INFO - Filling up the DagBag from /Users/oanottage/opt/anaconda3/lib/python3.8/site-packages/airflow/example_dags/example_dynamic_task_mapping.py
[2023-03-01T12:47:44.345+0100] {processor.py:753} INFO - DAG(s) dict_keys(['example_dynamic_task_mapping']) retrieved from /Users/oanottage/opt/anaconda3/lib/python3.8/site-packages/airflow/example_dags/example_dynamic_task_mapping.py
[2023-03-01T12:47:45.320+0100] {logging_mixin.py:137} INFO - [2023-03-01T12:47:45.320+0100] {dag.py:2690} INFO - Sync 1 DAGs
[2023-03-01T12:47:45.333+0100] {logging_mixin.py:137} INFO - [2023-03-01T12:47:45.333+0100] {dag.py:3437} INFO - Setting next_dagrun for example_dynamic_task_mapping to 2022-03-04T00:00:00+00:00, run_after=2022-03-05T00:00:00+00:00
[2023-03-01T12:47:45.348+0100] {processor.py:175} INFO - Processing /Users/oanottage/opt/anaconda3/lib/python3.8/site-packages/airflow/example_dags/example_dynamic_task_mapping.py took 1.091 seconds
[2023-03-01T12:49:50.925+0100] {processor.py:153} INFO - Started process (PID=55154) to work on /Users/oanottage/opt/anaconda3/lib/python3.8/site-packages/airflow/example_dags/example_dynamic_task_mapping.py
[2023-03-01T12:49:50.929+0100] {processor.py:743} INFO - Processing file /Users/oanottage/opt/anaconda3/lib/python3.8/site-packages/airflow/example_dags/example_dynamic_task_mapping.py for tasks to queue
[2023-03-01T12:49:50.930+0100] {logging_mixin.py:137} INFO - [2023-03-01T12:49:50.930+0100] {dagbag.py:538} INFO - Filling up the DagBag from /Users/oanottage/opt/anaconda3/lib/python3.8/site-packages/airflow/example_dags/example_dynamic_task_mapping.py
[2023-03-01T12:49:51.018+0100] {processor.py:753} INFO - DAG(s) dict_keys(['example_dynamic_task_mapping']) retrieved from /Users/oanottage/opt/anaconda3/lib/python3.8/site-packages/airflow/example_dags/example_dynamic_task_mapping.py
[2023-03-01T12:49:51.972+0100] {logging_mixin.py:137} INFO - [2023-03-01T12:49:51.971+0100] {dag.py:2690} INFO - Sync 1 DAGs
[2023-03-01T12:49:51.992+0100] {logging_mixin.py:137} INFO - [2023-03-01T12:49:51.992+0100] {dag.py:3437} INFO - Setting next_dagrun for example_dynamic_task_mapping to 2022-03-04T00:00:00+00:00, run_after=2022-03-05T00:00:00+00:00
[2023-03-01T12:49:52.012+0100] {processor.py:175} INFO - Processing /Users/oanottage/opt/anaconda3/lib/python3.8/site-packages/airflow/example_dags/example_dynamic_task_mapping.py took 1.088 seconds
[2023-03-01T12:51:48.174+0100] {processor.py:153} INFO - Started process (PID=59416) to work on /Users/oanottage/opt/anaconda3/lib/python3.8/site-packages/airflow/example_dags/example_dynamic_task_mapping.py
[2023-03-01T12:51:48.178+0100] {processor.py:743} INFO - Processing file /Users/oanottage/opt/anaconda3/lib/python3.8/site-packages/airflow/example_dags/example_dynamic_task_mapping.py for tasks to queue
[2023-03-01T12:51:48.178+0100] {logging_mixin.py:137} INFO - [2023-03-01T12:51:48.178+0100] {dagbag.py:538} INFO - Filling up the DagBag from /Users/oanottage/opt/anaconda3/lib/python3.8/site-packages/airflow/example_dags/example_dynamic_task_mapping.py
[2023-03-01T12:51:48.247+0100] {processor.py:753} INFO - DAG(s) dict_keys(['example_dynamic_task_mapping']) retrieved from /Users/oanottage/opt/anaconda3/lib/python3.8/site-packages/airflow/example_dags/example_dynamic_task_mapping.py
[2023-03-01T12:51:49.315+0100] {logging_mixin.py:137} INFO - [2023-03-01T12:51:49.315+0100] {dag.py:2690} INFO - Sync 1 DAGs
[2023-03-01T12:51:49.333+0100] {logging_mixin.py:137} INFO - [2023-03-01T12:51:49.333+0100] {dag.py:3437} INFO - Setting next_dagrun for example_dynamic_task_mapping to 2022-03-04T00:00:00+00:00, run_after=2022-03-05T00:00:00+00:00
[2023-03-01T12:51:49.349+0100] {processor.py:175} INFO - Processing /Users/oanottage/opt/anaconda3/lib/python3.8/site-packages/airflow/example_dags/example_dynamic_task_mapping.py took 1.177 seconds
[2023-03-01T12:53:53.759+0100] {processor.py:153} INFO - Started process (PID=63688) to work on /Users/oanottage/opt/anaconda3/lib/python3.8/site-packages/airflow/example_dags/example_dynamic_task_mapping.py
[2023-03-01T12:53:53.763+0100] {processor.py:743} INFO - Processing file /Users/oanottage/opt/anaconda3/lib/python3.8/site-packages/airflow/example_dags/example_dynamic_task_mapping.py for tasks to queue
[2023-03-01T12:53:53.764+0100] {logging_mixin.py:137} INFO - [2023-03-01T12:53:53.763+0100] {dagbag.py:538} INFO - Filling up the DagBag from /Users/oanottage/opt/anaconda3/lib/python3.8/site-packages/airflow/example_dags/example_dynamic_task_mapping.py
[2023-03-01T12:53:53.845+0100] {processor.py:753} INFO - DAG(s) dict_keys(['example_dynamic_task_mapping']) retrieved from /Users/oanottage/opt/anaconda3/lib/python3.8/site-packages/airflow/example_dags/example_dynamic_task_mapping.py
[2023-03-01T12:53:54.740+0100] {logging_mixin.py:137} INFO - [2023-03-01T12:53:54.740+0100] {dag.py:2690} INFO - Sync 1 DAGs
[2023-03-01T12:53:54.753+0100] {logging_mixin.py:137} INFO - [2023-03-01T12:53:54.753+0100] {dag.py:3437} INFO - Setting next_dagrun for example_dynamic_task_mapping to 2022-03-04T00:00:00+00:00, run_after=2022-03-05T00:00:00+00:00
[2023-03-01T12:53:54.767+0100] {processor.py:175} INFO - Processing /Users/oanottage/opt/anaconda3/lib/python3.8/site-packages/airflow/example_dags/example_dynamic_task_mapping.py took 1.009 seconds
[2023-03-01T12:55:48.469+0100] {processor.py:153} INFO - Started process (PID=67969) to work on /Users/oanottage/opt/anaconda3/lib/python3.8/site-packages/airflow/example_dags/example_dynamic_task_mapping.py
[2023-03-01T12:55:48.472+0100] {processor.py:743} INFO - Processing file /Users/oanottage/opt/anaconda3/lib/python3.8/site-packages/airflow/example_dags/example_dynamic_task_mapping.py for tasks to queue
[2023-03-01T12:55:48.472+0100] {logging_mixin.py:137} INFO - [2023-03-01T12:55:48.472+0100] {dagbag.py:538} INFO - Filling up the DagBag from /Users/oanottage/opt/anaconda3/lib/python3.8/site-packages/airflow/example_dags/example_dynamic_task_mapping.py
[2023-03-01T12:55:48.531+0100] {processor.py:753} INFO - DAG(s) dict_keys(['example_dynamic_task_mapping']) retrieved from /Users/oanottage/opt/anaconda3/lib/python3.8/site-packages/airflow/example_dags/example_dynamic_task_mapping.py
[2023-03-01T12:55:49.377+0100] {logging_mixin.py:137} INFO - [2023-03-01T12:55:49.377+0100] {dag.py:2690} INFO - Sync 1 DAGs
[2023-03-01T12:55:49.392+0100] {logging_mixin.py:137} INFO - [2023-03-01T12:55:49.391+0100] {dag.py:3437} INFO - Setting next_dagrun for example_dynamic_task_mapping to 2022-03-04T00:00:00+00:00, run_after=2022-03-05T00:00:00+00:00
[2023-03-01T12:55:49.404+0100] {processor.py:175} INFO - Processing /Users/oanottage/opt/anaconda3/lib/python3.8/site-packages/airflow/example_dags/example_dynamic_task_mapping.py took 0.936 seconds
[2023-03-01T12:57:38.747+0100] {processor.py:153} INFO - Started process (PID=72241) to work on /Users/oanottage/opt/anaconda3/lib/python3.8/site-packages/airflow/example_dags/example_dynamic_task_mapping.py
[2023-03-01T12:57:38.751+0100] {processor.py:743} INFO - Processing file /Users/oanottage/opt/anaconda3/lib/python3.8/site-packages/airflow/example_dags/example_dynamic_task_mapping.py for tasks to queue
[2023-03-01T12:57:38.751+0100] {logging_mixin.py:137} INFO - [2023-03-01T12:57:38.751+0100] {dagbag.py:538} INFO - Filling up the DagBag from /Users/oanottage/opt/anaconda3/lib/python3.8/site-packages/airflow/example_dags/example_dynamic_task_mapping.py
[2023-03-01T12:57:38.816+0100] {processor.py:753} INFO - DAG(s) dict_keys(['example_dynamic_task_mapping']) retrieved from /Users/oanottage/opt/anaconda3/lib/python3.8/site-packages/airflow/example_dags/example_dynamic_task_mapping.py
[2023-03-01T12:57:39.759+0100] {logging_mixin.py:137} INFO - [2023-03-01T12:57:39.759+0100] {dag.py:2690} INFO - Sync 1 DAGs
[2023-03-01T12:57:39.772+0100] {logging_mixin.py:137} INFO - [2023-03-01T12:57:39.772+0100] {dag.py:3437} INFO - Setting next_dagrun for example_dynamic_task_mapping to 2022-03-04T00:00:00+00:00, run_after=2022-03-05T00:00:00+00:00
[2023-03-01T12:57:39.787+0100] {processor.py:175} INFO - Processing /Users/oanottage/opt/anaconda3/lib/python3.8/site-packages/airflow/example_dags/example_dynamic_task_mapping.py took 1.041 seconds
[2023-03-01T12:59:38.532+0100] {processor.py:153} INFO - Started process (PID=76527) to work on /Users/oanottage/opt/anaconda3/lib/python3.8/site-packages/airflow/example_dags/example_dynamic_task_mapping.py
[2023-03-01T12:59:38.536+0100] {processor.py:743} INFO - Processing file /Users/oanottage/opt/anaconda3/lib/python3.8/site-packages/airflow/example_dags/example_dynamic_task_mapping.py for tasks to queue
[2023-03-01T12:59:38.537+0100] {logging_mixin.py:137} INFO - [2023-03-01T12:59:38.536+0100] {dagbag.py:538} INFO - Filling up the DagBag from /Users/oanottage/opt/anaconda3/lib/python3.8/site-packages/airflow/example_dags/example_dynamic_task_mapping.py
[2023-03-01T12:59:38.613+0100] {processor.py:753} INFO - DAG(s) dict_keys(['example_dynamic_task_mapping']) retrieved from /Users/oanottage/opt/anaconda3/lib/python3.8/site-packages/airflow/example_dags/example_dynamic_task_mapping.py
[2023-03-01T12:59:39.609+0100] {logging_mixin.py:137} INFO - [2023-03-01T12:59:39.608+0100] {dag.py:2690} INFO - Sync 1 DAGs
[2023-03-01T12:59:39.625+0100] {logging_mixin.py:137} INFO - [2023-03-01T12:59:39.625+0100] {dag.py:3437} INFO - Setting next_dagrun for example_dynamic_task_mapping to 2022-03-04T00:00:00+00:00, run_after=2022-03-05T00:00:00+00:00
[2023-03-01T12:59:39.643+0100] {processor.py:175} INFO - Processing /Users/oanottage/opt/anaconda3/lib/python3.8/site-packages/airflow/example_dags/example_dynamic_task_mapping.py took 1.111 seconds
[2023-03-01T13:01:35.254+0100] {processor.py:153} INFO - Started process (PID=80797) to work on /Users/oanottage/opt/anaconda3/lib/python3.8/site-packages/airflow/example_dags/example_dynamic_task_mapping.py
[2023-03-01T13:01:35.257+0100] {processor.py:743} INFO - Processing file /Users/oanottage/opt/anaconda3/lib/python3.8/site-packages/airflow/example_dags/example_dynamic_task_mapping.py for tasks to queue
[2023-03-01T13:01:35.257+0100] {logging_mixin.py:137} INFO - [2023-03-01T13:01:35.257+0100] {dagbag.py:538} INFO - Filling up the DagBag from /Users/oanottage/opt/anaconda3/lib/python3.8/site-packages/airflow/example_dags/example_dynamic_task_mapping.py
[2023-03-01T13:01:35.313+0100] {processor.py:753} INFO - DAG(s) dict_keys(['example_dynamic_task_mapping']) retrieved from /Users/oanottage/opt/anaconda3/lib/python3.8/site-packages/airflow/example_dags/example_dynamic_task_mapping.py
[2023-03-01T13:01:36.346+0100] {logging_mixin.py:137} INFO - [2023-03-01T13:01:36.346+0100] {dag.py:2690} INFO - Sync 1 DAGs
[2023-03-01T13:01:36.373+0100] {logging_mixin.py:137} INFO - [2023-03-01T13:01:36.372+0100] {dag.py:3437} INFO - Setting next_dagrun for example_dynamic_task_mapping to 2022-03-04T00:00:00+00:00, run_after=2022-03-05T00:00:00+00:00
[2023-03-01T13:01:36.399+0100] {processor.py:175} INFO - Processing /Users/oanottage/opt/anaconda3/lib/python3.8/site-packages/airflow/example_dags/example_dynamic_task_mapping.py took 1.146 seconds
