[2023-03-01T12:03:42.938+0100] {processor.py:153} INFO - Started process (PID=57278) to work on /Users/oanottage/opt/anaconda3/lib/python3.8/site-packages/airflow/example_dags/example_kubernetes_executor.py
[2023-03-01T12:03:42.942+0100] {processor.py:743} INFO - Processing file /Users/oanottage/opt/anaconda3/lib/python3.8/site-packages/airflow/example_dags/example_kubernetes_executor.py for tasks to queue
[2023-03-01T12:03:42.942+0100] {logging_mixin.py:137} INFO - [2023-03-01T12:03:42.942+0100] {dagbag.py:538} INFO - Filling up the DagBag from /Users/oanottage/opt/anaconda3/lib/python3.8/site-packages/airflow/example_dags/example_kubernetes_executor.py
[2023-03-01T12:03:43.011+0100] {logging_mixin.py:137} INFO - [2023-03-01T12:03:43.010+0100] {example_kubernetes_executor.py:41} WARNING - The example_kubernetes_executor example DAG requires the kubernetes provider. Please install it with: pip install apache-airflow[cncf.kubernetes]
[2023-03-01T12:03:43.011+0100] {processor.py:755} WARNING - No viable dags retrieved from /Users/oanottage/opt/anaconda3/lib/python3.8/site-packages/airflow/example_dags/example_kubernetes_executor.py
[2023-03-01T12:03:44.250+0100] {processor.py:175} INFO - Processing /Users/oanottage/opt/anaconda3/lib/python3.8/site-packages/airflow/example_dags/example_kubernetes_executor.py took 1.312 seconds
[2023-03-01T12:05:43.210+0100] {processor.py:153} INFO - Started process (PID=61464) to work on /Users/oanottage/opt/anaconda3/lib/python3.8/site-packages/airflow/example_dags/example_kubernetes_executor.py
[2023-03-01T12:05:43.214+0100] {processor.py:743} INFO - Processing file /Users/oanottage/opt/anaconda3/lib/python3.8/site-packages/airflow/example_dags/example_kubernetes_executor.py for tasks to queue
[2023-03-01T12:05:43.214+0100] {logging_mixin.py:137} INFO - [2023-03-01T12:05:43.214+0100] {dagbag.py:538} INFO - Filling up the DagBag from /Users/oanottage/opt/anaconda3/lib/python3.8/site-packages/airflow/example_dags/example_kubernetes_executor.py
[2023-03-01T12:05:43.271+0100] {logging_mixin.py:137} INFO - [2023-03-01T12:05:43.271+0100] {example_kubernetes_executor.py:41} WARNING - The example_kubernetes_executor example DAG requires the kubernetes provider. Please install it with: pip install apache-airflow[cncf.kubernetes]
[2023-03-01T12:05:43.271+0100] {processor.py:755} WARNING - No viable dags retrieved from /Users/oanottage/opt/anaconda3/lib/python3.8/site-packages/airflow/example_dags/example_kubernetes_executor.py
[2023-03-01T12:05:44.078+0100] {processor.py:175} INFO - Processing /Users/oanottage/opt/anaconda3/lib/python3.8/site-packages/airflow/example_dags/example_kubernetes_executor.py took 0.868 seconds
[2023-03-01T12:07:37.399+0100] {processor.py:153} INFO - Started process (PID=65658) to work on /Users/oanottage/opt/anaconda3/lib/python3.8/site-packages/airflow/example_dags/example_kubernetes_executor.py
[2023-03-01T12:07:37.403+0100] {processor.py:743} INFO - Processing file /Users/oanottage/opt/anaconda3/lib/python3.8/site-packages/airflow/example_dags/example_kubernetes_executor.py for tasks to queue
[2023-03-01T12:07:37.404+0100] {logging_mixin.py:137} INFO - [2023-03-01T12:07:37.404+0100] {dagbag.py:538} INFO - Filling up the DagBag from /Users/oanottage/opt/anaconda3/lib/python3.8/site-packages/airflow/example_dags/example_kubernetes_executor.py
[2023-03-01T12:07:37.463+0100] {logging_mixin.py:137} INFO - [2023-03-01T12:07:37.463+0100] {example_kubernetes_executor.py:41} WARNING - The example_kubernetes_executor example DAG requires the kubernetes provider. Please install it with: pip install apache-airflow[cncf.kubernetes]
[2023-03-01T12:07:37.463+0100] {processor.py:755} WARNING - No viable dags retrieved from /Users/oanottage/opt/anaconda3/lib/python3.8/site-packages/airflow/example_dags/example_kubernetes_executor.py
[2023-03-01T12:07:38.308+0100] {processor.py:175} INFO - Processing /Users/oanottage/opt/anaconda3/lib/python3.8/site-packages/airflow/example_dags/example_kubernetes_executor.py took 0.909 seconds
[2023-03-01T12:09:28.874+0100] {processor.py:153} INFO - Started process (PID=69079) to work on /Users/oanottage/opt/anaconda3/lib/python3.8/site-packages/airflow/example_dags/example_kubernetes_executor.py
[2023-03-01T12:09:28.880+0100] {processor.py:743} INFO - Processing file /Users/oanottage/opt/anaconda3/lib/python3.8/site-packages/airflow/example_dags/example_kubernetes_executor.py for tasks to queue
[2023-03-01T12:09:28.880+0100] {logging_mixin.py:137} INFO - [2023-03-01T12:09:28.880+0100] {dagbag.py:538} INFO - Filling up the DagBag from /Users/oanottage/opt/anaconda3/lib/python3.8/site-packages/airflow/example_dags/example_kubernetes_executor.py
[2023-03-01T12:09:29.007+0100] {logging_mixin.py:137} INFO - [2023-03-01T12:09:29.007+0100] {example_kubernetes_executor.py:41} WARNING - The example_kubernetes_executor example DAG requires the kubernetes provider. Please install it with: pip install apache-airflow[cncf.kubernetes]
[2023-03-01T12:09:29.008+0100] {processor.py:755} WARNING - No viable dags retrieved from /Users/oanottage/opt/anaconda3/lib/python3.8/site-packages/airflow/example_dags/example_kubernetes_executor.py
[2023-03-01T12:09:30.210+0100] {processor.py:175} INFO - Processing /Users/oanottage/opt/anaconda3/lib/python3.8/site-packages/airflow/example_dags/example_kubernetes_executor.py took 1.336 seconds
[2023-03-01T12:11:36.118+0100] {processor.py:153} INFO - Started process (PID=74123) to work on /Users/oanottage/opt/anaconda3/lib/python3.8/site-packages/airflow/example_dags/example_kubernetes_executor.py
[2023-03-01T12:11:36.122+0100] {processor.py:743} INFO - Processing file /Users/oanottage/opt/anaconda3/lib/python3.8/site-packages/airflow/example_dags/example_kubernetes_executor.py for tasks to queue
[2023-03-01T12:11:36.123+0100] {logging_mixin.py:137} INFO - [2023-03-01T12:11:36.123+0100] {dagbag.py:538} INFO - Filling up the DagBag from /Users/oanottage/opt/anaconda3/lib/python3.8/site-packages/airflow/example_dags/example_kubernetes_executor.py
[2023-03-01T12:11:36.193+0100] {logging_mixin.py:137} INFO - [2023-03-01T12:11:36.193+0100] {example_kubernetes_executor.py:41} WARNING - The example_kubernetes_executor example DAG requires the kubernetes provider. Please install it with: pip install apache-airflow[cncf.kubernetes]
[2023-03-01T12:11:36.194+0100] {processor.py:755} WARNING - No viable dags retrieved from /Users/oanottage/opt/anaconda3/lib/python3.8/site-packages/airflow/example_dags/example_kubernetes_executor.py
[2023-03-01T12:11:37.175+0100] {processor.py:175} INFO - Processing /Users/oanottage/opt/anaconda3/lib/python3.8/site-packages/airflow/example_dags/example_kubernetes_executor.py took 1.057 seconds
[2023-03-01T12:13:32.160+0100] {processor.py:153} INFO - Started process (PID=78359) to work on /Users/oanottage/opt/anaconda3/lib/python3.8/site-packages/airflow/example_dags/example_kubernetes_executor.py
[2023-03-01T12:13:32.165+0100] {processor.py:743} INFO - Processing file /Users/oanottage/opt/anaconda3/lib/python3.8/site-packages/airflow/example_dags/example_kubernetes_executor.py for tasks to queue
[2023-03-01T12:13:32.165+0100] {logging_mixin.py:137} INFO - [2023-03-01T12:13:32.165+0100] {dagbag.py:538} INFO - Filling up the DagBag from /Users/oanottage/opt/anaconda3/lib/python3.8/site-packages/airflow/example_dags/example_kubernetes_executor.py
[2023-03-01T12:13:32.228+0100] {logging_mixin.py:137} INFO - [2023-03-01T12:13:32.228+0100] {example_kubernetes_executor.py:41} WARNING - The example_kubernetes_executor example DAG requires the kubernetes provider. Please install it with: pip install apache-airflow[cncf.kubernetes]
[2023-03-01T12:13:32.228+0100] {processor.py:755} WARNING - No viable dags retrieved from /Users/oanottage/opt/anaconda3/lib/python3.8/site-packages/airflow/example_dags/example_kubernetes_executor.py
[2023-03-01T12:13:33.031+0100] {processor.py:175} INFO - Processing /Users/oanottage/opt/anaconda3/lib/python3.8/site-packages/airflow/example_dags/example_kubernetes_executor.py took 0.871 seconds
[2023-03-01T12:15:23.328+0100] {processor.py:153} INFO - Started process (PID=81511) to work on /Users/oanottage/opt/anaconda3/lib/python3.8/site-packages/airflow/example_dags/example_kubernetes_executor.py
[2023-03-01T12:15:23.331+0100] {processor.py:743} INFO - Processing file /Users/oanottage/opt/anaconda3/lib/python3.8/site-packages/airflow/example_dags/example_kubernetes_executor.py for tasks to queue
[2023-03-01T12:15:23.332+0100] {logging_mixin.py:137} INFO - [2023-03-01T12:15:23.332+0100] {dagbag.py:538} INFO - Filling up the DagBag from /Users/oanottage/opt/anaconda3/lib/python3.8/site-packages/airflow/example_dags/example_kubernetes_executor.py
[2023-03-01T12:15:23.391+0100] {logging_mixin.py:137} INFO - [2023-03-01T12:15:23.391+0100] {example_kubernetes_executor.py:41} WARNING - The example_kubernetes_executor example DAG requires the kubernetes provider. Please install it with: pip install apache-airflow[cncf.kubernetes]
[2023-03-01T12:15:23.391+0100] {processor.py:755} WARNING - No viable dags retrieved from /Users/oanottage/opt/anaconda3/lib/python3.8/site-packages/airflow/example_dags/example_kubernetes_executor.py
[2023-03-01T12:15:24.189+0100] {processor.py:175} INFO - Processing /Users/oanottage/opt/anaconda3/lib/python3.8/site-packages/airflow/example_dags/example_kubernetes_executor.py took 0.862 seconds
[2023-03-01T12:17:25.719+0100] {processor.py:153} INFO - Started process (PID=85685) to work on /Users/oanottage/opt/anaconda3/lib/python3.8/site-packages/airflow/example_dags/example_kubernetes_executor.py
[2023-03-01T12:17:25.723+0100] {processor.py:743} INFO - Processing file /Users/oanottage/opt/anaconda3/lib/python3.8/site-packages/airflow/example_dags/example_kubernetes_executor.py for tasks to queue
[2023-03-01T12:17:25.723+0100] {logging_mixin.py:137} INFO - [2023-03-01T12:17:25.723+0100] {dagbag.py:538} INFO - Filling up the DagBag from /Users/oanottage/opt/anaconda3/lib/python3.8/site-packages/airflow/example_dags/example_kubernetes_executor.py
[2023-03-01T12:17:25.785+0100] {logging_mixin.py:137} INFO - [2023-03-01T12:17:25.784+0100] {example_kubernetes_executor.py:41} WARNING - The example_kubernetes_executor example DAG requires the kubernetes provider. Please install it with: pip install apache-airflow[cncf.kubernetes]
[2023-03-01T12:17:25.785+0100] {processor.py:755} WARNING - No viable dags retrieved from /Users/oanottage/opt/anaconda3/lib/python3.8/site-packages/airflow/example_dags/example_kubernetes_executor.py
[2023-03-01T12:17:27.173+0100] {processor.py:175} INFO - Processing /Users/oanottage/opt/anaconda3/lib/python3.8/site-packages/airflow/example_dags/example_kubernetes_executor.py took 1.454 seconds
[2023-03-01T12:19:21.576+0100] {processor.py:153} INFO - Started process (PID=89904) to work on /Users/oanottage/opt/anaconda3/lib/python3.8/site-packages/airflow/example_dags/example_kubernetes_executor.py
[2023-03-01T12:19:21.581+0100] {processor.py:743} INFO - Processing file /Users/oanottage/opt/anaconda3/lib/python3.8/site-packages/airflow/example_dags/example_kubernetes_executor.py for tasks to queue
[2023-03-01T12:19:21.581+0100] {logging_mixin.py:137} INFO - [2023-03-01T12:19:21.581+0100] {dagbag.py:538} INFO - Filling up the DagBag from /Users/oanottage/opt/anaconda3/lib/python3.8/site-packages/airflow/example_dags/example_kubernetes_executor.py
[2023-03-01T12:19:21.640+0100] {logging_mixin.py:137} INFO - [2023-03-01T12:19:21.640+0100] {example_kubernetes_executor.py:41} WARNING - The example_kubernetes_executor example DAG requires the kubernetes provider. Please install it with: pip install apache-airflow[cncf.kubernetes]
[2023-03-01T12:19:21.640+0100] {processor.py:755} WARNING - No viable dags retrieved from /Users/oanottage/opt/anaconda3/lib/python3.8/site-packages/airflow/example_dags/example_kubernetes_executor.py
[2023-03-01T12:19:22.498+0100] {processor.py:175} INFO - Processing /Users/oanottage/opt/anaconda3/lib/python3.8/site-packages/airflow/example_dags/example_kubernetes_executor.py took 0.923 seconds
[2023-03-01T12:21:22.238+0100] {processor.py:153} INFO - Started process (PID=94149) to work on /Users/oanottage/opt/anaconda3/lib/python3.8/site-packages/airflow/example_dags/example_kubernetes_executor.py
[2023-03-01T12:21:22.242+0100] {processor.py:743} INFO - Processing file /Users/oanottage/opt/anaconda3/lib/python3.8/site-packages/airflow/example_dags/example_kubernetes_executor.py for tasks to queue
[2023-03-01T12:21:22.242+0100] {logging_mixin.py:137} INFO - [2023-03-01T12:21:22.242+0100] {dagbag.py:538} INFO - Filling up the DagBag from /Users/oanottage/opt/anaconda3/lib/python3.8/site-packages/airflow/example_dags/example_kubernetes_executor.py
[2023-03-01T12:21:22.323+0100] {logging_mixin.py:137} INFO - [2023-03-01T12:21:22.323+0100] {example_kubernetes_executor.py:41} WARNING - The example_kubernetes_executor example DAG requires the kubernetes provider. Please install it with: pip install apache-airflow[cncf.kubernetes]
[2023-03-01T12:21:22.323+0100] {processor.py:755} WARNING - No viable dags retrieved from /Users/oanottage/opt/anaconda3/lib/python3.8/site-packages/airflow/example_dags/example_kubernetes_executor.py
[2023-03-01T12:21:23.451+0100] {processor.py:175} INFO - Processing /Users/oanottage/opt/anaconda3/lib/python3.8/site-packages/airflow/example_dags/example_kubernetes_executor.py took 1.213 seconds
[2023-03-01T12:23:56.247+0100] {processor.py:153} INFO - Started process (PID=99495) to work on /Users/oanottage/opt/anaconda3/lib/python3.8/site-packages/airflow/example_dags/example_kubernetes_executor.py
[2023-03-01T12:23:56.252+0100] {processor.py:743} INFO - Processing file /Users/oanottage/opt/anaconda3/lib/python3.8/site-packages/airflow/example_dags/example_kubernetes_executor.py for tasks to queue
[2023-03-01T12:23:56.252+0100] {logging_mixin.py:137} INFO - [2023-03-01T12:23:56.252+0100] {dagbag.py:538} INFO - Filling up the DagBag from /Users/oanottage/opt/anaconda3/lib/python3.8/site-packages/airflow/example_dags/example_kubernetes_executor.py
[2023-03-01T12:23:56.316+0100] {logging_mixin.py:137} INFO - [2023-03-01T12:23:56.316+0100] {example_kubernetes_executor.py:41} WARNING - The example_kubernetes_executor example DAG requires the kubernetes provider. Please install it with: pip install apache-airflow[cncf.kubernetes]
[2023-03-01T12:23:56.316+0100] {processor.py:755} WARNING - No viable dags retrieved from /Users/oanottage/opt/anaconda3/lib/python3.8/site-packages/airflow/example_dags/example_kubernetes_executor.py
[2023-03-01T12:23:57.213+0100] {processor.py:175} INFO - Processing /Users/oanottage/opt/anaconda3/lib/python3.8/site-packages/airflow/example_dags/example_kubernetes_executor.py took 0.967 seconds
[2023-03-01T12:25:59.824+0100] {processor.py:153} INFO - Started process (PID=4744) to work on /Users/oanottage/opt/anaconda3/lib/python3.8/site-packages/airflow/example_dags/example_kubernetes_executor.py
[2023-03-01T12:25:59.829+0100] {processor.py:743} INFO - Processing file /Users/oanottage/opt/anaconda3/lib/python3.8/site-packages/airflow/example_dags/example_kubernetes_executor.py for tasks to queue
[2023-03-01T12:25:59.830+0100] {logging_mixin.py:137} INFO - [2023-03-01T12:25:59.830+0100] {dagbag.py:538} INFO - Filling up the DagBag from /Users/oanottage/opt/anaconda3/lib/python3.8/site-packages/airflow/example_dags/example_kubernetes_executor.py
[2023-03-01T12:25:59.906+0100] {logging_mixin.py:137} INFO - [2023-03-01T12:25:59.906+0100] {example_kubernetes_executor.py:41} WARNING - The example_kubernetes_executor example DAG requires the kubernetes provider. Please install it with: pip install apache-airflow[cncf.kubernetes]
[2023-03-01T12:25:59.906+0100] {processor.py:755} WARNING - No viable dags retrieved from /Users/oanottage/opt/anaconda3/lib/python3.8/site-packages/airflow/example_dags/example_kubernetes_executor.py
[2023-03-01T12:26:00.783+0100] {processor.py:175} INFO - Processing /Users/oanottage/opt/anaconda3/lib/python3.8/site-packages/airflow/example_dags/example_kubernetes_executor.py took 0.961 seconds
[2023-03-01T12:27:54.716+0100] {processor.py:153} INFO - Started process (PID=8318) to work on /Users/oanottage/opt/anaconda3/lib/python3.8/site-packages/airflow/example_dags/example_kubernetes_executor.py
[2023-03-01T12:27:54.719+0100] {processor.py:743} INFO - Processing file /Users/oanottage/opt/anaconda3/lib/python3.8/site-packages/airflow/example_dags/example_kubernetes_executor.py for tasks to queue
[2023-03-01T12:27:54.719+0100] {logging_mixin.py:137} INFO - [2023-03-01T12:27:54.719+0100] {dagbag.py:538} INFO - Filling up the DagBag from /Users/oanottage/opt/anaconda3/lib/python3.8/site-packages/airflow/example_dags/example_kubernetes_executor.py
[2023-03-01T12:27:54.776+0100] {logging_mixin.py:137} INFO - [2023-03-01T12:27:54.776+0100] {example_kubernetes_executor.py:41} WARNING - The example_kubernetes_executor example DAG requires the kubernetes provider. Please install it with: pip install apache-airflow[cncf.kubernetes]
[2023-03-01T12:27:54.776+0100] {processor.py:755} WARNING - No viable dags retrieved from /Users/oanottage/opt/anaconda3/lib/python3.8/site-packages/airflow/example_dags/example_kubernetes_executor.py
[2023-03-01T12:27:55.629+0100] {processor.py:175} INFO - Processing /Users/oanottage/opt/anaconda3/lib/python3.8/site-packages/airflow/example_dags/example_kubernetes_executor.py took 0.914 seconds
[2023-03-01T12:29:46.560+0100] {processor.py:153} INFO - Started process (PID=12535) to work on /Users/oanottage/opt/anaconda3/lib/python3.8/site-packages/airflow/example_dags/example_kubernetes_executor.py
[2023-03-01T12:29:46.563+0100] {processor.py:743} INFO - Processing file /Users/oanottage/opt/anaconda3/lib/python3.8/site-packages/airflow/example_dags/example_kubernetes_executor.py for tasks to queue
[2023-03-01T12:29:46.564+0100] {logging_mixin.py:137} INFO - [2023-03-01T12:29:46.564+0100] {dagbag.py:538} INFO - Filling up the DagBag from /Users/oanottage/opt/anaconda3/lib/python3.8/site-packages/airflow/example_dags/example_kubernetes_executor.py
[2023-03-01T12:29:46.620+0100] {logging_mixin.py:137} INFO - [2023-03-01T12:29:46.620+0100] {example_kubernetes_executor.py:41} WARNING - The example_kubernetes_executor example DAG requires the kubernetes provider. Please install it with: pip install apache-airflow[cncf.kubernetes]
[2023-03-01T12:29:46.620+0100] {processor.py:755} WARNING - No viable dags retrieved from /Users/oanottage/opt/anaconda3/lib/python3.8/site-packages/airflow/example_dags/example_kubernetes_executor.py
[2023-03-01T12:29:47.484+0100] {processor.py:175} INFO - Processing /Users/oanottage/opt/anaconda3/lib/python3.8/site-packages/airflow/example_dags/example_kubernetes_executor.py took 0.925 seconds
[2023-03-01T12:31:34.632+0100] {processor.py:153} INFO - Started process (PID=16751) to work on /Users/oanottage/opt/anaconda3/lib/python3.8/site-packages/airflow/example_dags/example_kubernetes_executor.py
[2023-03-01T12:31:34.636+0100] {processor.py:743} INFO - Processing file /Users/oanottage/opt/anaconda3/lib/python3.8/site-packages/airflow/example_dags/example_kubernetes_executor.py for tasks to queue
[2023-03-01T12:31:34.637+0100] {logging_mixin.py:137} INFO - [2023-03-01T12:31:34.637+0100] {dagbag.py:538} INFO - Filling up the DagBag from /Users/oanottage/opt/anaconda3/lib/python3.8/site-packages/airflow/example_dags/example_kubernetes_executor.py
[2023-03-01T12:31:34.702+0100] {logging_mixin.py:137} INFO - [2023-03-01T12:31:34.702+0100] {example_kubernetes_executor.py:41} WARNING - The example_kubernetes_executor example DAG requires the kubernetes provider. Please install it with: pip install apache-airflow[cncf.kubernetes]
[2023-03-01T12:31:34.702+0100] {processor.py:755} WARNING - No viable dags retrieved from /Users/oanottage/opt/anaconda3/lib/python3.8/site-packages/airflow/example_dags/example_kubernetes_executor.py
[2023-03-01T12:31:35.575+0100] {processor.py:175} INFO - Processing /Users/oanottage/opt/anaconda3/lib/python3.8/site-packages/airflow/example_dags/example_kubernetes_executor.py took 0.943 seconds
[2023-03-01T12:33:22.264+0100] {processor.py:153} INFO - Started process (PID=20007) to work on /Users/oanottage/opt/anaconda3/lib/python3.8/site-packages/airflow/example_dags/example_kubernetes_executor.py
[2023-03-01T12:33:22.268+0100] {processor.py:743} INFO - Processing file /Users/oanottage/opt/anaconda3/lib/python3.8/site-packages/airflow/example_dags/example_kubernetes_executor.py for tasks to queue
[2023-03-01T12:33:22.268+0100] {logging_mixin.py:137} INFO - [2023-03-01T12:33:22.268+0100] {dagbag.py:538} INFO - Filling up the DagBag from /Users/oanottage/opt/anaconda3/lib/python3.8/site-packages/airflow/example_dags/example_kubernetes_executor.py
[2023-03-01T12:33:22.327+0100] {logging_mixin.py:137} INFO - [2023-03-01T12:33:22.326+0100] {example_kubernetes_executor.py:41} WARNING - The example_kubernetes_executor example DAG requires the kubernetes provider. Please install it with: pip install apache-airflow[cncf.kubernetes]
[2023-03-01T12:33:22.327+0100] {processor.py:755} WARNING - No viable dags retrieved from /Users/oanottage/opt/anaconda3/lib/python3.8/site-packages/airflow/example_dags/example_kubernetes_executor.py
[2023-03-01T12:33:23.172+0100] {processor.py:175} INFO - Processing /Users/oanottage/opt/anaconda3/lib/python3.8/site-packages/airflow/example_dags/example_kubernetes_executor.py took 0.908 seconds
[2023-03-01T12:35:14.674+0100] {processor.py:153} INFO - Started process (PID=24233) to work on /Users/oanottage/opt/anaconda3/lib/python3.8/site-packages/airflow/example_dags/example_kubernetes_executor.py
[2023-03-01T12:35:14.677+0100] {processor.py:743} INFO - Processing file /Users/oanottage/opt/anaconda3/lib/python3.8/site-packages/airflow/example_dags/example_kubernetes_executor.py for tasks to queue
[2023-03-01T12:35:14.678+0100] {logging_mixin.py:137} INFO - [2023-03-01T12:35:14.678+0100] {dagbag.py:538} INFO - Filling up the DagBag from /Users/oanottage/opt/anaconda3/lib/python3.8/site-packages/airflow/example_dags/example_kubernetes_executor.py
[2023-03-01T12:35:14.736+0100] {logging_mixin.py:137} INFO - [2023-03-01T12:35:14.736+0100] {example_kubernetes_executor.py:41} WARNING - The example_kubernetes_executor example DAG requires the kubernetes provider. Please install it with: pip install apache-airflow[cncf.kubernetes]
[2023-03-01T12:35:14.736+0100] {processor.py:755} WARNING - No viable dags retrieved from /Users/oanottage/opt/anaconda3/lib/python3.8/site-packages/airflow/example_dags/example_kubernetes_executor.py
[2023-03-01T12:35:15.734+0100] {processor.py:175} INFO - Processing /Users/oanottage/opt/anaconda3/lib/python3.8/site-packages/airflow/example_dags/example_kubernetes_executor.py took 1.061 seconds
[2023-03-01T12:37:09.036+0100] {processor.py:153} INFO - Started process (PID=28461) to work on /Users/oanottage/opt/anaconda3/lib/python3.8/site-packages/airflow/example_dags/example_kubernetes_executor.py
[2023-03-01T12:37:09.041+0100] {processor.py:743} INFO - Processing file /Users/oanottage/opt/anaconda3/lib/python3.8/site-packages/airflow/example_dags/example_kubernetes_executor.py for tasks to queue
[2023-03-01T12:37:09.042+0100] {logging_mixin.py:137} INFO - [2023-03-01T12:37:09.042+0100] {dagbag.py:538} INFO - Filling up the DagBag from /Users/oanottage/opt/anaconda3/lib/python3.8/site-packages/airflow/example_dags/example_kubernetes_executor.py
[2023-03-01T12:37:09.109+0100] {logging_mixin.py:137} INFO - [2023-03-01T12:37:09.109+0100] {example_kubernetes_executor.py:41} WARNING - The example_kubernetes_executor example DAG requires the kubernetes provider. Please install it with: pip install apache-airflow[cncf.kubernetes]
[2023-03-01T12:37:09.110+0100] {processor.py:755} WARNING - No viable dags retrieved from /Users/oanottage/opt/anaconda3/lib/python3.8/site-packages/airflow/example_dags/example_kubernetes_executor.py
[2023-03-01T12:37:09.858+0100] {processor.py:175} INFO - Processing /Users/oanottage/opt/anaconda3/lib/python3.8/site-packages/airflow/example_dags/example_kubernetes_executor.py took 0.823 seconds
[2023-03-01T12:39:04.757+0100] {processor.py:153} INFO - Started process (PID=32688) to work on /Users/oanottage/opt/anaconda3/lib/python3.8/site-packages/airflow/example_dags/example_kubernetes_executor.py
[2023-03-01T12:39:04.761+0100] {processor.py:743} INFO - Processing file /Users/oanottage/opt/anaconda3/lib/python3.8/site-packages/airflow/example_dags/example_kubernetes_executor.py for tasks to queue
[2023-03-01T12:39:04.762+0100] {logging_mixin.py:137} INFO - [2023-03-01T12:39:04.762+0100] {dagbag.py:538} INFO - Filling up the DagBag from /Users/oanottage/opt/anaconda3/lib/python3.8/site-packages/airflow/example_dags/example_kubernetes_executor.py
[2023-03-01T12:39:04.849+0100] {logging_mixin.py:137} INFO - [2023-03-01T12:39:04.849+0100] {example_kubernetes_executor.py:41} WARNING - The example_kubernetes_executor example DAG requires the kubernetes provider. Please install it with: pip install apache-airflow[cncf.kubernetes]
[2023-03-01T12:39:04.849+0100] {processor.py:755} WARNING - No viable dags retrieved from /Users/oanottage/opt/anaconda3/lib/python3.8/site-packages/airflow/example_dags/example_kubernetes_executor.py
[2023-03-01T12:39:05.640+0100] {processor.py:175} INFO - Processing /Users/oanottage/opt/anaconda3/lib/python3.8/site-packages/airflow/example_dags/example_kubernetes_executor.py took 0.883 seconds
[2023-03-01T12:41:17.006+0100] {processor.py:153} INFO - Started process (PID=36957) to work on /Users/oanottage/opt/anaconda3/lib/python3.8/site-packages/airflow/example_dags/example_kubernetes_executor.py
[2023-03-01T12:41:17.010+0100] {processor.py:743} INFO - Processing file /Users/oanottage/opt/anaconda3/lib/python3.8/site-packages/airflow/example_dags/example_kubernetes_executor.py for tasks to queue
[2023-03-01T12:41:17.011+0100] {logging_mixin.py:137} INFO - [2023-03-01T12:41:17.011+0100] {dagbag.py:538} INFO - Filling up the DagBag from /Users/oanottage/opt/anaconda3/lib/python3.8/site-packages/airflow/example_dags/example_kubernetes_executor.py
[2023-03-01T12:41:17.081+0100] {logging_mixin.py:137} INFO - [2023-03-01T12:41:17.081+0100] {example_kubernetes_executor.py:41} WARNING - The example_kubernetes_executor example DAG requires the kubernetes provider. Please install it with: pip install apache-airflow[cncf.kubernetes]
[2023-03-01T12:41:17.081+0100] {processor.py:755} WARNING - No viable dags retrieved from /Users/oanottage/opt/anaconda3/lib/python3.8/site-packages/airflow/example_dags/example_kubernetes_executor.py
[2023-03-01T12:41:17.936+0100] {processor.py:175} INFO - Processing /Users/oanottage/opt/anaconda3/lib/python3.8/site-packages/airflow/example_dags/example_kubernetes_executor.py took 0.931 seconds
[2023-03-01T12:43:16.959+0100] {processor.py:153} INFO - Started process (PID=41204) to work on /Users/oanottage/opt/anaconda3/lib/python3.8/site-packages/airflow/example_dags/example_kubernetes_executor.py
[2023-03-01T12:43:16.962+0100] {processor.py:743} INFO - Processing file /Users/oanottage/opt/anaconda3/lib/python3.8/site-packages/airflow/example_dags/example_kubernetes_executor.py for tasks to queue
[2023-03-01T12:43:16.963+0100] {logging_mixin.py:137} INFO - [2023-03-01T12:43:16.963+0100] {dagbag.py:538} INFO - Filling up the DagBag from /Users/oanottage/opt/anaconda3/lib/python3.8/site-packages/airflow/example_dags/example_kubernetes_executor.py
[2023-03-01T12:43:17.053+0100] {logging_mixin.py:137} INFO - [2023-03-01T12:43:17.053+0100] {example_kubernetes_executor.py:41} WARNING - The example_kubernetes_executor example DAG requires the kubernetes provider. Please install it with: pip install apache-airflow[cncf.kubernetes]
[2023-03-01T12:43:17.053+0100] {processor.py:755} WARNING - No viable dags retrieved from /Users/oanottage/opt/anaconda3/lib/python3.8/site-packages/airflow/example_dags/example_kubernetes_executor.py
[2023-03-01T12:43:18.079+0100] {processor.py:175} INFO - Processing /Users/oanottage/opt/anaconda3/lib/python3.8/site-packages/airflow/example_dags/example_kubernetes_executor.py took 1.121 seconds
[2023-03-01T12:45:33.689+0100] {processor.py:153} INFO - Started process (PID=46519) to work on /Users/oanottage/opt/anaconda3/lib/python3.8/site-packages/airflow/example_dags/example_kubernetes_executor.py
[2023-03-01T12:45:33.694+0100] {processor.py:743} INFO - Processing file /Users/oanottage/opt/anaconda3/lib/python3.8/site-packages/airflow/example_dags/example_kubernetes_executor.py for tasks to queue
[2023-03-01T12:45:33.694+0100] {logging_mixin.py:137} INFO - [2023-03-01T12:45:33.694+0100] {dagbag.py:538} INFO - Filling up the DagBag from /Users/oanottage/opt/anaconda3/lib/python3.8/site-packages/airflow/example_dags/example_kubernetes_executor.py
[2023-03-01T12:45:33.751+0100] {logging_mixin.py:137} INFO - [2023-03-01T12:45:33.751+0100] {example_kubernetes_executor.py:41} WARNING - The example_kubernetes_executor example DAG requires the kubernetes provider. Please install it with: pip install apache-airflow[cncf.kubernetes]
[2023-03-01T12:45:33.752+0100] {processor.py:755} WARNING - No viable dags retrieved from /Users/oanottage/opt/anaconda3/lib/python3.8/site-packages/airflow/example_dags/example_kubernetes_executor.py
[2023-03-01T12:45:34.581+0100] {processor.py:175} INFO - Processing /Users/oanottage/opt/anaconda3/lib/python3.8/site-packages/airflow/example_dags/example_kubernetes_executor.py took 0.892 seconds
[2023-03-01T12:47:36.608+0100] {processor.py:153} INFO - Started process (PID=50833) to work on /Users/oanottage/opt/anaconda3/lib/python3.8/site-packages/airflow/example_dags/example_kubernetes_executor.py
[2023-03-01T12:47:36.613+0100] {processor.py:743} INFO - Processing file /Users/oanottage/opt/anaconda3/lib/python3.8/site-packages/airflow/example_dags/example_kubernetes_executor.py for tasks to queue
[2023-03-01T12:47:36.613+0100] {logging_mixin.py:137} INFO - [2023-03-01T12:47:36.613+0100] {dagbag.py:538} INFO - Filling up the DagBag from /Users/oanottage/opt/anaconda3/lib/python3.8/site-packages/airflow/example_dags/example_kubernetes_executor.py
[2023-03-01T12:47:36.695+0100] {logging_mixin.py:137} INFO - [2023-03-01T12:47:36.695+0100] {example_kubernetes_executor.py:41} WARNING - The example_kubernetes_executor example DAG requires the kubernetes provider. Please install it with: pip install apache-airflow[cncf.kubernetes]
[2023-03-01T12:47:36.696+0100] {processor.py:755} WARNING - No viable dags retrieved from /Users/oanottage/opt/anaconda3/lib/python3.8/site-packages/airflow/example_dags/example_kubernetes_executor.py
[2023-03-01T12:47:37.591+0100] {processor.py:175} INFO - Processing /Users/oanottage/opt/anaconda3/lib/python3.8/site-packages/airflow/example_dags/example_kubernetes_executor.py took 0.984 seconds
[2023-03-01T12:49:45.595+0100] {processor.py:153} INFO - Started process (PID=55148) to work on /Users/oanottage/opt/anaconda3/lib/python3.8/site-packages/airflow/example_dags/example_kubernetes_executor.py
[2023-03-01T12:49:45.599+0100] {processor.py:743} INFO - Processing file /Users/oanottage/opt/anaconda3/lib/python3.8/site-packages/airflow/example_dags/example_kubernetes_executor.py for tasks to queue
[2023-03-01T12:49:45.600+0100] {logging_mixin.py:137} INFO - [2023-03-01T12:49:45.600+0100] {dagbag.py:538} INFO - Filling up the DagBag from /Users/oanottage/opt/anaconda3/lib/python3.8/site-packages/airflow/example_dags/example_kubernetes_executor.py
[2023-03-01T12:49:45.668+0100] {logging_mixin.py:137} INFO - [2023-03-01T12:49:45.667+0100] {example_kubernetes_executor.py:41} WARNING - The example_kubernetes_executor example DAG requires the kubernetes provider. Please install it with: pip install apache-airflow[cncf.kubernetes]
[2023-03-01T12:49:45.668+0100] {processor.py:755} WARNING - No viable dags retrieved from /Users/oanottage/opt/anaconda3/lib/python3.8/site-packages/airflow/example_dags/example_kubernetes_executor.py
[2023-03-01T12:49:46.602+0100] {processor.py:175} INFO - Processing /Users/oanottage/opt/anaconda3/lib/python3.8/site-packages/airflow/example_dags/example_kubernetes_executor.py took 1.008 seconds
[2023-03-01T12:51:41.503+0100] {processor.py:153} INFO - Started process (PID=59409) to work on /Users/oanottage/opt/anaconda3/lib/python3.8/site-packages/airflow/example_dags/example_kubernetes_executor.py
[2023-03-01T12:51:41.506+0100] {processor.py:743} INFO - Processing file /Users/oanottage/opt/anaconda3/lib/python3.8/site-packages/airflow/example_dags/example_kubernetes_executor.py for tasks to queue
[2023-03-01T12:51:41.506+0100] {logging_mixin.py:137} INFO - [2023-03-01T12:51:41.506+0100] {dagbag.py:538} INFO - Filling up the DagBag from /Users/oanottage/opt/anaconda3/lib/python3.8/site-packages/airflow/example_dags/example_kubernetes_executor.py
[2023-03-01T12:51:41.565+0100] {logging_mixin.py:137} INFO - [2023-03-01T12:51:41.565+0100] {example_kubernetes_executor.py:41} WARNING - The example_kubernetes_executor example DAG requires the kubernetes provider. Please install it with: pip install apache-airflow[cncf.kubernetes]
[2023-03-01T12:51:41.565+0100] {processor.py:755} WARNING - No viable dags retrieved from /Users/oanottage/opt/anaconda3/lib/python3.8/site-packages/airflow/example_dags/example_kubernetes_executor.py
[2023-03-01T12:51:42.451+0100] {processor.py:175} INFO - Processing /Users/oanottage/opt/anaconda3/lib/python3.8/site-packages/airflow/example_dags/example_kubernetes_executor.py took 0.949 seconds
[2023-03-01T12:53:46.095+0100] {processor.py:153} INFO - Started process (PID=63678) to work on /Users/oanottage/opt/anaconda3/lib/python3.8/site-packages/airflow/example_dags/example_kubernetes_executor.py
[2023-03-01T12:53:46.100+0100] {processor.py:743} INFO - Processing file /Users/oanottage/opt/anaconda3/lib/python3.8/site-packages/airflow/example_dags/example_kubernetes_executor.py for tasks to queue
[2023-03-01T12:53:46.100+0100] {logging_mixin.py:137} INFO - [2023-03-01T12:53:46.100+0100] {dagbag.py:538} INFO - Filling up the DagBag from /Users/oanottage/opt/anaconda3/lib/python3.8/site-packages/airflow/example_dags/example_kubernetes_executor.py
[2023-03-01T12:53:46.179+0100] {logging_mixin.py:137} INFO - [2023-03-01T12:53:46.179+0100] {example_kubernetes_executor.py:41} WARNING - The example_kubernetes_executor example DAG requires the kubernetes provider. Please install it with: pip install apache-airflow[cncf.kubernetes]
[2023-03-01T12:53:46.180+0100] {processor.py:755} WARNING - No viable dags retrieved from /Users/oanottage/opt/anaconda3/lib/python3.8/site-packages/airflow/example_dags/example_kubernetes_executor.py
[2023-03-01T12:53:47.791+0100] {processor.py:175} INFO - Processing /Users/oanottage/opt/anaconda3/lib/python3.8/site-packages/airflow/example_dags/example_kubernetes_executor.py took 1.697 seconds
[2023-03-01T12:55:42.291+0100] {processor.py:153} INFO - Started process (PID=67963) to work on /Users/oanottage/opt/anaconda3/lib/python3.8/site-packages/airflow/example_dags/example_kubernetes_executor.py
[2023-03-01T12:55:42.294+0100] {processor.py:743} INFO - Processing file /Users/oanottage/opt/anaconda3/lib/python3.8/site-packages/airflow/example_dags/example_kubernetes_executor.py for tasks to queue
[2023-03-01T12:55:42.294+0100] {logging_mixin.py:137} INFO - [2023-03-01T12:55:42.294+0100] {dagbag.py:538} INFO - Filling up the DagBag from /Users/oanottage/opt/anaconda3/lib/python3.8/site-packages/airflow/example_dags/example_kubernetes_executor.py
[2023-03-01T12:55:42.351+0100] {logging_mixin.py:137} INFO - [2023-03-01T12:55:42.351+0100] {example_kubernetes_executor.py:41} WARNING - The example_kubernetes_executor example DAG requires the kubernetes provider. Please install it with: pip install apache-airflow[cncf.kubernetes]
[2023-03-01T12:55:42.351+0100] {processor.py:755} WARNING - No viable dags retrieved from /Users/oanottage/opt/anaconda3/lib/python3.8/site-packages/airflow/example_dags/example_kubernetes_executor.py
[2023-03-01T12:55:43.174+0100] {processor.py:175} INFO - Processing /Users/oanottage/opt/anaconda3/lib/python3.8/site-packages/airflow/example_dags/example_kubernetes_executor.py took 0.884 seconds
[2023-03-01T12:57:32.468+0100] {processor.py:153} INFO - Started process (PID=72236) to work on /Users/oanottage/opt/anaconda3/lib/python3.8/site-packages/airflow/example_dags/example_kubernetes_executor.py
[2023-03-01T12:57:32.472+0100] {processor.py:743} INFO - Processing file /Users/oanottage/opt/anaconda3/lib/python3.8/site-packages/airflow/example_dags/example_kubernetes_executor.py for tasks to queue
[2023-03-01T12:57:32.472+0100] {logging_mixin.py:137} INFO - [2023-03-01T12:57:32.472+0100] {dagbag.py:538} INFO - Filling up the DagBag from /Users/oanottage/opt/anaconda3/lib/python3.8/site-packages/airflow/example_dags/example_kubernetes_executor.py
[2023-03-01T12:57:32.530+0100] {logging_mixin.py:137} INFO - [2023-03-01T12:57:32.530+0100] {example_kubernetes_executor.py:41} WARNING - The example_kubernetes_executor example DAG requires the kubernetes provider. Please install it with: pip install apache-airflow[cncf.kubernetes]
[2023-03-01T12:57:32.530+0100] {processor.py:755} WARNING - No viable dags retrieved from /Users/oanottage/opt/anaconda3/lib/python3.8/site-packages/airflow/example_dags/example_kubernetes_executor.py
[2023-03-01T12:57:33.406+0100] {processor.py:175} INFO - Processing /Users/oanottage/opt/anaconda3/lib/python3.8/site-packages/airflow/example_dags/example_kubernetes_executor.py took 0.938 seconds
[2023-03-01T12:59:31.998+0100] {processor.py:153} INFO - Started process (PID=76522) to work on /Users/oanottage/opt/anaconda3/lib/python3.8/site-packages/airflow/example_dags/example_kubernetes_executor.py
[2023-03-01T12:59:32.003+0100] {processor.py:743} INFO - Processing file /Users/oanottage/opt/anaconda3/lib/python3.8/site-packages/airflow/example_dags/example_kubernetes_executor.py for tasks to queue
[2023-03-01T12:59:32.003+0100] {logging_mixin.py:137} INFO - [2023-03-01T12:59:32.003+0100] {dagbag.py:538} INFO - Filling up the DagBag from /Users/oanottage/opt/anaconda3/lib/python3.8/site-packages/airflow/example_dags/example_kubernetes_executor.py
[2023-03-01T12:59:32.075+0100] {logging_mixin.py:137} INFO - [2023-03-01T12:59:32.075+0100] {example_kubernetes_executor.py:41} WARNING - The example_kubernetes_executor example DAG requires the kubernetes provider. Please install it with: pip install apache-airflow[cncf.kubernetes]
[2023-03-01T12:59:32.075+0100] {processor.py:755} WARNING - No viable dags retrieved from /Users/oanottage/opt/anaconda3/lib/python3.8/site-packages/airflow/example_dags/example_kubernetes_executor.py
[2023-03-01T12:59:33.021+0100] {processor.py:175} INFO - Processing /Users/oanottage/opt/anaconda3/lib/python3.8/site-packages/airflow/example_dags/example_kubernetes_executor.py took 1.024 seconds
[2023-03-01T13:01:28.547+0100] {processor.py:153} INFO - Started process (PID=79984) to work on /Users/oanottage/opt/anaconda3/lib/python3.8/site-packages/airflow/example_dags/example_kubernetes_executor.py
[2023-03-01T13:01:28.551+0100] {processor.py:743} INFO - Processing file /Users/oanottage/opt/anaconda3/lib/python3.8/site-packages/airflow/example_dags/example_kubernetes_executor.py for tasks to queue
[2023-03-01T13:01:28.551+0100] {logging_mixin.py:137} INFO - [2023-03-01T13:01:28.551+0100] {dagbag.py:538} INFO - Filling up the DagBag from /Users/oanottage/opt/anaconda3/lib/python3.8/site-packages/airflow/example_dags/example_kubernetes_executor.py
[2023-03-01T13:01:28.617+0100] {logging_mixin.py:137} INFO - [2023-03-01T13:01:28.617+0100] {example_kubernetes_executor.py:41} WARNING - The example_kubernetes_executor example DAG requires the kubernetes provider. Please install it with: pip install apache-airflow[cncf.kubernetes]
[2023-03-01T13:01:28.617+0100] {processor.py:755} WARNING - No viable dags retrieved from /Users/oanottage/opt/anaconda3/lib/python3.8/site-packages/airflow/example_dags/example_kubernetes_executor.py
[2023-03-01T13:01:29.518+0100] {processor.py:175} INFO - Processing /Users/oanottage/opt/anaconda3/lib/python3.8/site-packages/airflow/example_dags/example_kubernetes_executor.py took 0.972 seconds
