[2023-03-01T12:04:00.091+0100] {processor.py:153} INFO - Started process (PID=57956) to work on /Users/oanottage/opt/anaconda3/lib/python3.8/site-packages/airflow/example_dags/example_complex.py
[2023-03-01T12:04:00.095+0100] {processor.py:743} INFO - Processing file /Users/oanottage/opt/anaconda3/lib/python3.8/site-packages/airflow/example_dags/example_complex.py for tasks to queue
[2023-03-01T12:04:00.096+0100] {logging_mixin.py:137} INFO - [2023-03-01T12:04:00.095+0100] {dagbag.py:538} INFO - Filling up the DagBag from /Users/oanottage/opt/anaconda3/lib/python3.8/site-packages/airflow/example_dags/example_complex.py
[2023-03-01T12:04:00.124+0100] {logging_mixin.py:137} INFO - [2023-03-01T12:04:00.124+0100] {taskmixin.py:205} WARNING - Dependency <Task(BashOperator): create_entry_group>, delete_entry_group already registered for DAG: example_complex
[2023-03-01T12:04:00.124+0100] {logging_mixin.py:137} INFO - [2023-03-01T12:04:00.124+0100] {taskmixin.py:205} WARNING - Dependency <Task(BashOperator): delete_entry_group>, create_entry_group already registered for DAG: example_complex
[2023-03-01T12:04:00.125+0100] {logging_mixin.py:137} INFO - [2023-03-01T12:04:00.124+0100] {taskmixin.py:205} WARNING - Dependency <Task(BashOperator): create_entry_gcs>, delete_entry already registered for DAG: example_complex
[2023-03-01T12:04:00.125+0100] {logging_mixin.py:137} INFO - [2023-03-01T12:04:00.125+0100] {taskmixin.py:205} WARNING - Dependency <Task(BashOperator): delete_entry>, create_entry_gcs already registered for DAG: example_complex
[2023-03-01T12:04:00.125+0100] {logging_mixin.py:137} INFO - [2023-03-01T12:04:00.125+0100] {taskmixin.py:205} WARNING - Dependency <Task(BashOperator): create_tag>, delete_tag already registered for DAG: example_complex
[2023-03-01T12:04:00.125+0100] {logging_mixin.py:137} INFO - [2023-03-01T12:04:00.125+0100] {taskmixin.py:205} WARNING - Dependency <Task(BashOperator): delete_tag>, create_tag already registered for DAG: example_complex
[2023-03-01T12:04:00.160+0100] {processor.py:753} INFO - DAG(s) dict_keys(['example_complex']) retrieved from /Users/oanottage/opt/anaconda3/lib/python3.8/site-packages/airflow/example_dags/example_complex.py
[2023-03-01T12:04:01.244+0100] {logging_mixin.py:137} INFO - [2023-03-01T12:04:01.244+0100] {manager.py:504} INFO - Created Permission View: can delete on DAG:example_complex
[2023-03-01T12:04:01.250+0100] {logging_mixin.py:137} INFO - [2023-03-01T12:04:01.250+0100] {manager.py:504} INFO - Created Permission View: can read on DAG:example_complex
[2023-03-01T12:04:01.255+0100] {logging_mixin.py:137} INFO - [2023-03-01T12:04:01.255+0100] {manager.py:504} INFO - Created Permission View: can edit on DAG:example_complex
[2023-03-01T12:04:01.255+0100] {logging_mixin.py:137} INFO - [2023-03-01T12:04:01.255+0100] {dag.py:2690} INFO - Sync 1 DAGs
[2023-03-01T12:04:01.266+0100] {logging_mixin.py:137} INFO - [2023-03-01T12:04:01.265+0100] {dag.py:2711} INFO - Creating ORM DAG for example_complex
[2023-03-01T12:04:01.272+0100] {logging_mixin.py:137} INFO - [2023-03-01T12:04:01.272+0100] {dag.py:3437} INFO - Setting next_dagrun for example_complex to None, run_after=None
[2023-03-01T12:04:01.285+0100] {processor.py:175} INFO - Processing /Users/oanottage/opt/anaconda3/lib/python3.8/site-packages/airflow/example_dags/example_complex.py took 1.195 seconds
[2023-03-01T12:05:57.492+0100] {processor.py:153} INFO - Started process (PID=61481) to work on /Users/oanottage/opt/anaconda3/lib/python3.8/site-packages/airflow/example_dags/example_complex.py
[2023-03-01T12:05:57.497+0100] {processor.py:743} INFO - Processing file /Users/oanottage/opt/anaconda3/lib/python3.8/site-packages/airflow/example_dags/example_complex.py for tasks to queue
[2023-03-01T12:05:57.497+0100] {logging_mixin.py:137} INFO - [2023-03-01T12:05:57.497+0100] {dagbag.py:538} INFO - Filling up the DagBag from /Users/oanottage/opt/anaconda3/lib/python3.8/site-packages/airflow/example_dags/example_complex.py
[2023-03-01T12:05:57.520+0100] {logging_mixin.py:137} INFO - [2023-03-01T12:05:57.520+0100] {taskmixin.py:205} WARNING - Dependency <Task(BashOperator): create_entry_group>, delete_entry_group already registered for DAG: example_complex
[2023-03-01T12:05:57.520+0100] {logging_mixin.py:137} INFO - [2023-03-01T12:05:57.520+0100] {taskmixin.py:205} WARNING - Dependency <Task(BashOperator): delete_entry_group>, create_entry_group already registered for DAG: example_complex
[2023-03-01T12:05:57.521+0100] {logging_mixin.py:137} INFO - [2023-03-01T12:05:57.521+0100] {taskmixin.py:205} WARNING - Dependency <Task(BashOperator): create_entry_gcs>, delete_entry already registered for DAG: example_complex
[2023-03-01T12:05:57.521+0100] {logging_mixin.py:137} INFO - [2023-03-01T12:05:57.521+0100] {taskmixin.py:205} WARNING - Dependency <Task(BashOperator): delete_entry>, create_entry_gcs already registered for DAG: example_complex
[2023-03-01T12:05:57.521+0100] {logging_mixin.py:137} INFO - [2023-03-01T12:05:57.521+0100] {taskmixin.py:205} WARNING - Dependency <Task(BashOperator): create_tag>, delete_tag already registered for DAG: example_complex
[2023-03-01T12:05:57.521+0100] {logging_mixin.py:137} INFO - [2023-03-01T12:05:57.521+0100] {taskmixin.py:205} WARNING - Dependency <Task(BashOperator): delete_tag>, create_tag already registered for DAG: example_complex
[2023-03-01T12:05:57.551+0100] {processor.py:753} INFO - DAG(s) dict_keys(['example_complex']) retrieved from /Users/oanottage/opt/anaconda3/lib/python3.8/site-packages/airflow/example_dags/example_complex.py
[2023-03-01T12:05:58.492+0100] {logging_mixin.py:137} INFO - [2023-03-01T12:05:58.492+0100] {dag.py:2690} INFO - Sync 1 DAGs
[2023-03-01T12:05:58.507+0100] {logging_mixin.py:137} INFO - [2023-03-01T12:05:58.507+0100] {dag.py:3437} INFO - Setting next_dagrun for example_complex to None, run_after=None
[2023-03-01T12:05:58.540+0100] {processor.py:175} INFO - Processing /Users/oanottage/opt/anaconda3/lib/python3.8/site-packages/airflow/example_dags/example_complex.py took 1.049 seconds
[2023-03-01T12:07:51.782+0100] {processor.py:153} INFO - Started process (PID=65672) to work on /Users/oanottage/opt/anaconda3/lib/python3.8/site-packages/airflow/example_dags/example_complex.py
[2023-03-01T12:07:51.786+0100] {processor.py:743} INFO - Processing file /Users/oanottage/opt/anaconda3/lib/python3.8/site-packages/airflow/example_dags/example_complex.py for tasks to queue
[2023-03-01T12:07:51.786+0100] {logging_mixin.py:137} INFO - [2023-03-01T12:07:51.786+0100] {dagbag.py:538} INFO - Filling up the DagBag from /Users/oanottage/opt/anaconda3/lib/python3.8/site-packages/airflow/example_dags/example_complex.py
[2023-03-01T12:07:51.808+0100] {logging_mixin.py:137} INFO - [2023-03-01T12:07:51.808+0100] {taskmixin.py:205} WARNING - Dependency <Task(BashOperator): create_entry_group>, delete_entry_group already registered for DAG: example_complex
[2023-03-01T12:07:51.808+0100] {logging_mixin.py:137} INFO - [2023-03-01T12:07:51.808+0100] {taskmixin.py:205} WARNING - Dependency <Task(BashOperator): delete_entry_group>, create_entry_group already registered for DAG: example_complex
[2023-03-01T12:07:51.809+0100] {logging_mixin.py:137} INFO - [2023-03-01T12:07:51.809+0100] {taskmixin.py:205} WARNING - Dependency <Task(BashOperator): create_entry_gcs>, delete_entry already registered for DAG: example_complex
[2023-03-01T12:07:51.809+0100] {logging_mixin.py:137} INFO - [2023-03-01T12:07:51.809+0100] {taskmixin.py:205} WARNING - Dependency <Task(BashOperator): delete_entry>, create_entry_gcs already registered for DAG: example_complex
[2023-03-01T12:07:51.809+0100] {logging_mixin.py:137} INFO - [2023-03-01T12:07:51.809+0100] {taskmixin.py:205} WARNING - Dependency <Task(BashOperator): create_tag>, delete_tag already registered for DAG: example_complex
[2023-03-01T12:07:51.809+0100] {logging_mixin.py:137} INFO - [2023-03-01T12:07:51.809+0100] {taskmixin.py:205} WARNING - Dependency <Task(BashOperator): delete_tag>, create_tag already registered for DAG: example_complex
[2023-03-01T12:07:51.833+0100] {processor.py:753} INFO - DAG(s) dict_keys(['example_complex']) retrieved from /Users/oanottage/opt/anaconda3/lib/python3.8/site-packages/airflow/example_dags/example_complex.py
[2023-03-01T12:07:52.703+0100] {logging_mixin.py:137} INFO - [2023-03-01T12:07:52.702+0100] {dag.py:2690} INFO - Sync 1 DAGs
[2023-03-01T12:07:52.714+0100] {logging_mixin.py:137} INFO - [2023-03-01T12:07:52.714+0100] {dag.py:3437} INFO - Setting next_dagrun for example_complex to None, run_after=None
[2023-03-01T12:07:52.727+0100] {processor.py:175} INFO - Processing /Users/oanottage/opt/anaconda3/lib/python3.8/site-packages/airflow/example_dags/example_complex.py took 0.946 seconds
[2023-03-01T12:09:44.919+0100] {processor.py:153} INFO - Started process (PID=69855) to work on /Users/oanottage/opt/anaconda3/lib/python3.8/site-packages/airflow/example_dags/example_complex.py
[2023-03-01T12:09:44.923+0100] {processor.py:743} INFO - Processing file /Users/oanottage/opt/anaconda3/lib/python3.8/site-packages/airflow/example_dags/example_complex.py for tasks to queue
[2023-03-01T12:09:44.923+0100] {logging_mixin.py:137} INFO - [2023-03-01T12:09:44.923+0100] {dagbag.py:538} INFO - Filling up the DagBag from /Users/oanottage/opt/anaconda3/lib/python3.8/site-packages/airflow/example_dags/example_complex.py
[2023-03-01T12:09:44.951+0100] {logging_mixin.py:137} INFO - [2023-03-01T12:09:44.951+0100] {taskmixin.py:205} WARNING - Dependency <Task(BashOperator): create_entry_group>, delete_entry_group already registered for DAG: example_complex
[2023-03-01T12:09:44.952+0100] {logging_mixin.py:137} INFO - [2023-03-01T12:09:44.952+0100] {taskmixin.py:205} WARNING - Dependency <Task(BashOperator): delete_entry_group>, create_entry_group already registered for DAG: example_complex
[2023-03-01T12:09:44.952+0100] {logging_mixin.py:137} INFO - [2023-03-01T12:09:44.952+0100] {taskmixin.py:205} WARNING - Dependency <Task(BashOperator): create_entry_gcs>, delete_entry already registered for DAG: example_complex
[2023-03-01T12:09:44.952+0100] {logging_mixin.py:137} INFO - [2023-03-01T12:09:44.952+0100] {taskmixin.py:205} WARNING - Dependency <Task(BashOperator): delete_entry>, create_entry_gcs already registered for DAG: example_complex
[2023-03-01T12:09:44.952+0100] {logging_mixin.py:137} INFO - [2023-03-01T12:09:44.952+0100] {taskmixin.py:205} WARNING - Dependency <Task(BashOperator): create_tag>, delete_tag already registered for DAG: example_complex
[2023-03-01T12:09:44.953+0100] {logging_mixin.py:137} INFO - [2023-03-01T12:09:44.953+0100] {taskmixin.py:205} WARNING - Dependency <Task(BashOperator): delete_tag>, create_tag already registered for DAG: example_complex
[2023-03-01T12:09:44.993+0100] {processor.py:753} INFO - DAG(s) dict_keys(['example_complex']) retrieved from /Users/oanottage/opt/anaconda3/lib/python3.8/site-packages/airflow/example_dags/example_complex.py
[2023-03-01T12:09:45.909+0100] {logging_mixin.py:137} INFO - [2023-03-01T12:09:45.909+0100] {dag.py:2690} INFO - Sync 1 DAGs
[2023-03-01T12:09:45.923+0100] {logging_mixin.py:137} INFO - [2023-03-01T12:09:45.923+0100] {dag.py:3437} INFO - Setting next_dagrun for example_complex to None, run_after=None
[2023-03-01T12:09:45.936+0100] {processor.py:175} INFO - Processing /Users/oanottage/opt/anaconda3/lib/python3.8/site-packages/airflow/example_dags/example_complex.py took 1.018 seconds
[2023-03-01T12:11:51.445+0100] {processor.py:153} INFO - Started process (PID=74138) to work on /Users/oanottage/opt/anaconda3/lib/python3.8/site-packages/airflow/example_dags/example_complex.py
[2023-03-01T12:11:51.449+0100] {processor.py:743} INFO - Processing file /Users/oanottage/opt/anaconda3/lib/python3.8/site-packages/airflow/example_dags/example_complex.py for tasks to queue
[2023-03-01T12:11:51.449+0100] {logging_mixin.py:137} INFO - [2023-03-01T12:11:51.449+0100] {dagbag.py:538} INFO - Filling up the DagBag from /Users/oanottage/opt/anaconda3/lib/python3.8/site-packages/airflow/example_dags/example_complex.py
[2023-03-01T12:11:51.470+0100] {logging_mixin.py:137} INFO - [2023-03-01T12:11:51.470+0100] {taskmixin.py:205} WARNING - Dependency <Task(BashOperator): create_entry_group>, delete_entry_group already registered for DAG: example_complex
[2023-03-01T12:11:51.470+0100] {logging_mixin.py:137} INFO - [2023-03-01T12:11:51.470+0100] {taskmixin.py:205} WARNING - Dependency <Task(BashOperator): delete_entry_group>, create_entry_group already registered for DAG: example_complex
[2023-03-01T12:11:51.471+0100] {logging_mixin.py:137} INFO - [2023-03-01T12:11:51.471+0100] {taskmixin.py:205} WARNING - Dependency <Task(BashOperator): create_entry_gcs>, delete_entry already registered for DAG: example_complex
[2023-03-01T12:11:51.471+0100] {logging_mixin.py:137} INFO - [2023-03-01T12:11:51.471+0100] {taskmixin.py:205} WARNING - Dependency <Task(BashOperator): delete_entry>, create_entry_gcs already registered for DAG: example_complex
[2023-03-01T12:11:51.471+0100] {logging_mixin.py:137} INFO - [2023-03-01T12:11:51.471+0100] {taskmixin.py:205} WARNING - Dependency <Task(BashOperator): create_tag>, delete_tag already registered for DAG: example_complex
[2023-03-01T12:11:51.471+0100] {logging_mixin.py:137} INFO - [2023-03-01T12:11:51.471+0100] {taskmixin.py:205} WARNING - Dependency <Task(BashOperator): delete_tag>, create_tag already registered for DAG: example_complex
[2023-03-01T12:11:51.500+0100] {processor.py:753} INFO - DAG(s) dict_keys(['example_complex']) retrieved from /Users/oanottage/opt/anaconda3/lib/python3.8/site-packages/airflow/example_dags/example_complex.py
[2023-03-01T12:11:52.381+0100] {logging_mixin.py:137} INFO - [2023-03-01T12:11:52.381+0100] {dag.py:2690} INFO - Sync 1 DAGs
[2023-03-01T12:11:52.396+0100] {logging_mixin.py:137} INFO - [2023-03-01T12:11:52.396+0100] {dag.py:3437} INFO - Setting next_dagrun for example_complex to None, run_after=None
[2023-03-01T12:11:52.409+0100] {processor.py:175} INFO - Processing /Users/oanottage/opt/anaconda3/lib/python3.8/site-packages/airflow/example_dags/example_complex.py took 0.964 seconds
[2023-03-01T12:13:46.411+0100] {processor.py:153} INFO - Started process (PID=78374) to work on /Users/oanottage/opt/anaconda3/lib/python3.8/site-packages/airflow/example_dags/example_complex.py
[2023-03-01T12:13:46.414+0100] {processor.py:743} INFO - Processing file /Users/oanottage/opt/anaconda3/lib/python3.8/site-packages/airflow/example_dags/example_complex.py for tasks to queue
[2023-03-01T12:13:46.415+0100] {logging_mixin.py:137} INFO - [2023-03-01T12:13:46.415+0100] {dagbag.py:538} INFO - Filling up the DagBag from /Users/oanottage/opt/anaconda3/lib/python3.8/site-packages/airflow/example_dags/example_complex.py
[2023-03-01T12:13:46.435+0100] {logging_mixin.py:137} INFO - [2023-03-01T12:13:46.435+0100] {taskmixin.py:205} WARNING - Dependency <Task(BashOperator): create_entry_group>, delete_entry_group already registered for DAG: example_complex
[2023-03-01T12:13:46.435+0100] {logging_mixin.py:137} INFO - [2023-03-01T12:13:46.435+0100] {taskmixin.py:205} WARNING - Dependency <Task(BashOperator): delete_entry_group>, create_entry_group already registered for DAG: example_complex
[2023-03-01T12:13:46.435+0100] {logging_mixin.py:137} INFO - [2023-03-01T12:13:46.435+0100] {taskmixin.py:205} WARNING - Dependency <Task(BashOperator): create_entry_gcs>, delete_entry already registered for DAG: example_complex
[2023-03-01T12:13:46.435+0100] {logging_mixin.py:137} INFO - [2023-03-01T12:13:46.435+0100] {taskmixin.py:205} WARNING - Dependency <Task(BashOperator): delete_entry>, create_entry_gcs already registered for DAG: example_complex
[2023-03-01T12:13:46.436+0100] {logging_mixin.py:137} INFO - [2023-03-01T12:13:46.436+0100] {taskmixin.py:205} WARNING - Dependency <Task(BashOperator): create_tag>, delete_tag already registered for DAG: example_complex
[2023-03-01T12:13:46.436+0100] {logging_mixin.py:137} INFO - [2023-03-01T12:13:46.436+0100] {taskmixin.py:205} WARNING - Dependency <Task(BashOperator): delete_tag>, create_tag already registered for DAG: example_complex
[2023-03-01T12:13:46.464+0100] {processor.py:753} INFO - DAG(s) dict_keys(['example_complex']) retrieved from /Users/oanottage/opt/anaconda3/lib/python3.8/site-packages/airflow/example_dags/example_complex.py
[2023-03-01T12:13:47.368+0100] {logging_mixin.py:137} INFO - [2023-03-01T12:13:47.368+0100] {dag.py:2690} INFO - Sync 1 DAGs
[2023-03-01T12:13:47.379+0100] {logging_mixin.py:137} INFO - [2023-03-01T12:13:47.379+0100] {dag.py:3437} INFO - Setting next_dagrun for example_complex to None, run_after=None
[2023-03-01T12:13:47.391+0100] {processor.py:175} INFO - Processing /Users/oanottage/opt/anaconda3/lib/python3.8/site-packages/airflow/example_dags/example_complex.py took 0.981 seconds
[2023-03-01T12:15:38.175+0100] {processor.py:153} INFO - Started process (PID=82533) to work on /Users/oanottage/opt/anaconda3/lib/python3.8/site-packages/airflow/example_dags/example_complex.py
[2023-03-01T12:15:38.180+0100] {processor.py:743} INFO - Processing file /Users/oanottage/opt/anaconda3/lib/python3.8/site-packages/airflow/example_dags/example_complex.py for tasks to queue
[2023-03-01T12:15:38.181+0100] {logging_mixin.py:137} INFO - [2023-03-01T12:15:38.181+0100] {dagbag.py:538} INFO - Filling up the DagBag from /Users/oanottage/opt/anaconda3/lib/python3.8/site-packages/airflow/example_dags/example_complex.py
[2023-03-01T12:15:38.204+0100] {logging_mixin.py:137} INFO - [2023-03-01T12:15:38.204+0100] {taskmixin.py:205} WARNING - Dependency <Task(BashOperator): create_entry_group>, delete_entry_group already registered for DAG: example_complex
[2023-03-01T12:15:38.204+0100] {logging_mixin.py:137} INFO - [2023-03-01T12:15:38.204+0100] {taskmixin.py:205} WARNING - Dependency <Task(BashOperator): delete_entry_group>, create_entry_group already registered for DAG: example_complex
[2023-03-01T12:15:38.205+0100] {logging_mixin.py:137} INFO - [2023-03-01T12:15:38.205+0100] {taskmixin.py:205} WARNING - Dependency <Task(BashOperator): create_entry_gcs>, delete_entry already registered for DAG: example_complex
[2023-03-01T12:15:38.205+0100] {logging_mixin.py:137} INFO - [2023-03-01T12:15:38.205+0100] {taskmixin.py:205} WARNING - Dependency <Task(BashOperator): delete_entry>, create_entry_gcs already registered for DAG: example_complex
[2023-03-01T12:15:38.205+0100] {logging_mixin.py:137} INFO - [2023-03-01T12:15:38.205+0100] {taskmixin.py:205} WARNING - Dependency <Task(BashOperator): create_tag>, delete_tag already registered for DAG: example_complex
[2023-03-01T12:15:38.205+0100] {logging_mixin.py:137} INFO - [2023-03-01T12:15:38.205+0100] {taskmixin.py:205} WARNING - Dependency <Task(BashOperator): delete_tag>, create_tag already registered for DAG: example_complex
[2023-03-01T12:15:38.232+0100] {processor.py:753} INFO - DAG(s) dict_keys(['example_complex']) retrieved from /Users/oanottage/opt/anaconda3/lib/python3.8/site-packages/airflow/example_dags/example_complex.py
[2023-03-01T12:15:39.103+0100] {logging_mixin.py:137} INFO - [2023-03-01T12:15:39.102+0100] {dag.py:2690} INFO - Sync 1 DAGs
[2023-03-01T12:15:39.125+0100] {logging_mixin.py:137} INFO - [2023-03-01T12:15:39.125+0100] {dag.py:3437} INFO - Setting next_dagrun for example_complex to None, run_after=None
[2023-03-01T12:15:39.147+0100] {processor.py:175} INFO - Processing /Users/oanottage/opt/anaconda3/lib/python3.8/site-packages/airflow/example_dags/example_complex.py took 0.973 seconds
[2023-03-01T12:17:42.761+0100] {processor.py:153} INFO - Started process (PID=86720) to work on /Users/oanottage/opt/anaconda3/lib/python3.8/site-packages/airflow/example_dags/example_complex.py
[2023-03-01T12:17:42.765+0100] {processor.py:743} INFO - Processing file /Users/oanottage/opt/anaconda3/lib/python3.8/site-packages/airflow/example_dags/example_complex.py for tasks to queue
[2023-03-01T12:17:42.765+0100] {logging_mixin.py:137} INFO - [2023-03-01T12:17:42.765+0100] {dagbag.py:538} INFO - Filling up the DagBag from /Users/oanottage/opt/anaconda3/lib/python3.8/site-packages/airflow/example_dags/example_complex.py
[2023-03-01T12:17:42.785+0100] {logging_mixin.py:137} INFO - [2023-03-01T12:17:42.785+0100] {taskmixin.py:205} WARNING - Dependency <Task(BashOperator): create_entry_group>, delete_entry_group already registered for DAG: example_complex
[2023-03-01T12:17:42.785+0100] {logging_mixin.py:137} INFO - [2023-03-01T12:17:42.785+0100] {taskmixin.py:205} WARNING - Dependency <Task(BashOperator): delete_entry_group>, create_entry_group already registered for DAG: example_complex
[2023-03-01T12:17:42.785+0100] {logging_mixin.py:137} INFO - [2023-03-01T12:17:42.785+0100] {taskmixin.py:205} WARNING - Dependency <Task(BashOperator): create_entry_gcs>, delete_entry already registered for DAG: example_complex
[2023-03-01T12:17:42.786+0100] {logging_mixin.py:137} INFO - [2023-03-01T12:17:42.786+0100] {taskmixin.py:205} WARNING - Dependency <Task(BashOperator): delete_entry>, create_entry_gcs already registered for DAG: example_complex
[2023-03-01T12:17:42.786+0100] {logging_mixin.py:137} INFO - [2023-03-01T12:17:42.786+0100] {taskmixin.py:205} WARNING - Dependency <Task(BashOperator): create_tag>, delete_tag already registered for DAG: example_complex
[2023-03-01T12:17:42.786+0100] {logging_mixin.py:137} INFO - [2023-03-01T12:17:42.786+0100] {taskmixin.py:205} WARNING - Dependency <Task(BashOperator): delete_tag>, create_tag already registered for DAG: example_complex
[2023-03-01T12:17:42.815+0100] {processor.py:753} INFO - DAG(s) dict_keys(['example_complex']) retrieved from /Users/oanottage/opt/anaconda3/lib/python3.8/site-packages/airflow/example_dags/example_complex.py
[2023-03-01T12:17:43.726+0100] {logging_mixin.py:137} INFO - [2023-03-01T12:17:43.725+0100] {dag.py:2690} INFO - Sync 1 DAGs
[2023-03-01T12:17:43.740+0100] {logging_mixin.py:137} INFO - [2023-03-01T12:17:43.740+0100] {dag.py:3437} INFO - Setting next_dagrun for example_complex to None, run_after=None
[2023-03-01T12:17:43.755+0100] {processor.py:175} INFO - Processing /Users/oanottage/opt/anaconda3/lib/python3.8/site-packages/airflow/example_dags/example_complex.py took 0.995 seconds
[2023-03-01T12:19:36.560+0100] {processor.py:153} INFO - Started process (PID=90951) to work on /Users/oanottage/opt/anaconda3/lib/python3.8/site-packages/airflow/example_dags/example_complex.py
[2023-03-01T12:19:36.563+0100] {processor.py:743} INFO - Processing file /Users/oanottage/opt/anaconda3/lib/python3.8/site-packages/airflow/example_dags/example_complex.py for tasks to queue
[2023-03-01T12:19:36.563+0100] {logging_mixin.py:137} INFO - [2023-03-01T12:19:36.563+0100] {dagbag.py:538} INFO - Filling up the DagBag from /Users/oanottage/opt/anaconda3/lib/python3.8/site-packages/airflow/example_dags/example_complex.py
[2023-03-01T12:19:36.586+0100] {logging_mixin.py:137} INFO - [2023-03-01T12:19:36.585+0100] {taskmixin.py:205} WARNING - Dependency <Task(BashOperator): create_entry_group>, delete_entry_group already registered for DAG: example_complex
[2023-03-01T12:19:36.586+0100] {logging_mixin.py:137} INFO - [2023-03-01T12:19:36.586+0100] {taskmixin.py:205} WARNING - Dependency <Task(BashOperator): delete_entry_group>, create_entry_group already registered for DAG: example_complex
[2023-03-01T12:19:36.586+0100] {logging_mixin.py:137} INFO - [2023-03-01T12:19:36.586+0100] {taskmixin.py:205} WARNING - Dependency <Task(BashOperator): create_entry_gcs>, delete_entry already registered for DAG: example_complex
[2023-03-01T12:19:36.586+0100] {logging_mixin.py:137} INFO - [2023-03-01T12:19:36.586+0100] {taskmixin.py:205} WARNING - Dependency <Task(BashOperator): delete_entry>, create_entry_gcs already registered for DAG: example_complex
[2023-03-01T12:19:36.586+0100] {logging_mixin.py:137} INFO - [2023-03-01T12:19:36.586+0100] {taskmixin.py:205} WARNING - Dependency <Task(BashOperator): create_tag>, delete_tag already registered for DAG: example_complex
[2023-03-01T12:19:36.587+0100] {logging_mixin.py:137} INFO - [2023-03-01T12:19:36.587+0100] {taskmixin.py:205} WARNING - Dependency <Task(BashOperator): delete_tag>, create_tag already registered for DAG: example_complex
[2023-03-01T12:19:36.613+0100] {processor.py:753} INFO - DAG(s) dict_keys(['example_complex']) retrieved from /Users/oanottage/opt/anaconda3/lib/python3.8/site-packages/airflow/example_dags/example_complex.py
[2023-03-01T12:19:37.509+0100] {logging_mixin.py:137} INFO - [2023-03-01T12:19:37.509+0100] {dag.py:2690} INFO - Sync 1 DAGs
[2023-03-01T12:19:37.523+0100] {logging_mixin.py:137} INFO - [2023-03-01T12:19:37.523+0100] {dag.py:3437} INFO - Setting next_dagrun for example_complex to None, run_after=None
[2023-03-01T12:19:37.536+0100] {processor.py:175} INFO - Processing /Users/oanottage/opt/anaconda3/lib/python3.8/site-packages/airflow/example_dags/example_complex.py took 0.977 seconds
[2023-03-01T12:21:39.451+0100] {processor.py:153} INFO - Started process (PID=95208) to work on /Users/oanottage/opt/anaconda3/lib/python3.8/site-packages/airflow/example_dags/example_complex.py
[2023-03-01T12:21:39.456+0100] {processor.py:743} INFO - Processing file /Users/oanottage/opt/anaconda3/lib/python3.8/site-packages/airflow/example_dags/example_complex.py for tasks to queue
[2023-03-01T12:21:39.456+0100] {logging_mixin.py:137} INFO - [2023-03-01T12:21:39.456+0100] {dagbag.py:538} INFO - Filling up the DagBag from /Users/oanottage/opt/anaconda3/lib/python3.8/site-packages/airflow/example_dags/example_complex.py
[2023-03-01T12:21:39.482+0100] {logging_mixin.py:137} INFO - [2023-03-01T12:21:39.481+0100] {taskmixin.py:205} WARNING - Dependency <Task(BashOperator): create_entry_group>, delete_entry_group already registered for DAG: example_complex
[2023-03-01T12:21:39.482+0100] {logging_mixin.py:137} INFO - [2023-03-01T12:21:39.482+0100] {taskmixin.py:205} WARNING - Dependency <Task(BashOperator): delete_entry_group>, create_entry_group already registered for DAG: example_complex
[2023-03-01T12:21:39.482+0100] {logging_mixin.py:137} INFO - [2023-03-01T12:21:39.482+0100] {taskmixin.py:205} WARNING - Dependency <Task(BashOperator): create_entry_gcs>, delete_entry already registered for DAG: example_complex
[2023-03-01T12:21:39.482+0100] {logging_mixin.py:137} INFO - [2023-03-01T12:21:39.482+0100] {taskmixin.py:205} WARNING - Dependency <Task(BashOperator): delete_entry>, create_entry_gcs already registered for DAG: example_complex
[2023-03-01T12:21:39.482+0100] {logging_mixin.py:137} INFO - [2023-03-01T12:21:39.482+0100] {taskmixin.py:205} WARNING - Dependency <Task(BashOperator): create_tag>, delete_tag already registered for DAG: example_complex
[2023-03-01T12:21:39.482+0100] {logging_mixin.py:137} INFO - [2023-03-01T12:21:39.482+0100] {taskmixin.py:205} WARNING - Dependency <Task(BashOperator): delete_tag>, create_tag already registered for DAG: example_complex
[2023-03-01T12:21:39.510+0100] {processor.py:753} INFO - DAG(s) dict_keys(['example_complex']) retrieved from /Users/oanottage/opt/anaconda3/lib/python3.8/site-packages/airflow/example_dags/example_complex.py
[2023-03-01T12:21:40.475+0100] {logging_mixin.py:137} INFO - [2023-03-01T12:21:40.474+0100] {dag.py:2690} INFO - Sync 1 DAGs
[2023-03-01T12:21:40.490+0100] {logging_mixin.py:137} INFO - [2023-03-01T12:21:40.490+0100] {dag.py:3437} INFO - Setting next_dagrun for example_complex to None, run_after=None
[2023-03-01T12:21:40.505+0100] {processor.py:175} INFO - Processing /Users/oanottage/opt/anaconda3/lib/python3.8/site-packages/airflow/example_dags/example_complex.py took 1.054 seconds
[2023-03-01T12:24:11.622+0100] {processor.py:153} INFO - Started process (PID=836) to work on /Users/oanottage/opt/anaconda3/lib/python3.8/site-packages/airflow/example_dags/example_complex.py
[2023-03-01T12:24:11.627+0100] {processor.py:743} INFO - Processing file /Users/oanottage/opt/anaconda3/lib/python3.8/site-packages/airflow/example_dags/example_complex.py for tasks to queue
[2023-03-01T12:24:11.628+0100] {logging_mixin.py:137} INFO - [2023-03-01T12:24:11.628+0100] {dagbag.py:538} INFO - Filling up the DagBag from /Users/oanottage/opt/anaconda3/lib/python3.8/site-packages/airflow/example_dags/example_complex.py
[2023-03-01T12:24:11.661+0100] {logging_mixin.py:137} INFO - [2023-03-01T12:24:11.661+0100] {taskmixin.py:205} WARNING - Dependency <Task(BashOperator): create_entry_group>, delete_entry_group already registered for DAG: example_complex
[2023-03-01T12:24:11.661+0100] {logging_mixin.py:137} INFO - [2023-03-01T12:24:11.661+0100] {taskmixin.py:205} WARNING - Dependency <Task(BashOperator): delete_entry_group>, create_entry_group already registered for DAG: example_complex
[2023-03-01T12:24:11.662+0100] {logging_mixin.py:137} INFO - [2023-03-01T12:24:11.662+0100] {taskmixin.py:205} WARNING - Dependency <Task(BashOperator): create_entry_gcs>, delete_entry already registered for DAG: example_complex
[2023-03-01T12:24:11.662+0100] {logging_mixin.py:137} INFO - [2023-03-01T12:24:11.662+0100] {taskmixin.py:205} WARNING - Dependency <Task(BashOperator): delete_entry>, create_entry_gcs already registered for DAG: example_complex
[2023-03-01T12:24:11.663+0100] {logging_mixin.py:137} INFO - [2023-03-01T12:24:11.662+0100] {taskmixin.py:205} WARNING - Dependency <Task(BashOperator): create_tag>, delete_tag already registered for DAG: example_complex
[2023-03-01T12:24:11.663+0100] {logging_mixin.py:137} INFO - [2023-03-01T12:24:11.663+0100] {taskmixin.py:205} WARNING - Dependency <Task(BashOperator): delete_tag>, create_tag already registered for DAG: example_complex
[2023-03-01T12:24:11.709+0100] {processor.py:753} INFO - DAG(s) dict_keys(['example_complex']) retrieved from /Users/oanottage/opt/anaconda3/lib/python3.8/site-packages/airflow/example_dags/example_complex.py
[2023-03-01T12:24:12.913+0100] {logging_mixin.py:137} INFO - [2023-03-01T12:24:12.912+0100] {dag.py:2690} INFO - Sync 1 DAGs
[2023-03-01T12:24:12.932+0100] {logging_mixin.py:137} INFO - [2023-03-01T12:24:12.932+0100] {dag.py:3437} INFO - Setting next_dagrun for example_complex to None, run_after=None
[2023-03-01T12:24:12.952+0100] {processor.py:175} INFO - Processing /Users/oanottage/opt/anaconda3/lib/python3.8/site-packages/airflow/example_dags/example_complex.py took 1.330 seconds
[2023-03-01T12:26:14.594+0100] {processor.py:153} INFO - Started process (PID=5137) to work on /Users/oanottage/opt/anaconda3/lib/python3.8/site-packages/airflow/example_dags/example_complex.py
[2023-03-01T12:26:14.598+0100] {processor.py:743} INFO - Processing file /Users/oanottage/opt/anaconda3/lib/python3.8/site-packages/airflow/example_dags/example_complex.py for tasks to queue
[2023-03-01T12:26:14.598+0100] {logging_mixin.py:137} INFO - [2023-03-01T12:26:14.598+0100] {dagbag.py:538} INFO - Filling up the DagBag from /Users/oanottage/opt/anaconda3/lib/python3.8/site-packages/airflow/example_dags/example_complex.py
[2023-03-01T12:26:14.620+0100] {logging_mixin.py:137} INFO - [2023-03-01T12:26:14.620+0100] {taskmixin.py:205} WARNING - Dependency <Task(BashOperator): create_entry_group>, delete_entry_group already registered for DAG: example_complex
[2023-03-01T12:26:14.620+0100] {logging_mixin.py:137} INFO - [2023-03-01T12:26:14.620+0100] {taskmixin.py:205} WARNING - Dependency <Task(BashOperator): delete_entry_group>, create_entry_group already registered for DAG: example_complex
[2023-03-01T12:26:14.620+0100] {logging_mixin.py:137} INFO - [2023-03-01T12:26:14.620+0100] {taskmixin.py:205} WARNING - Dependency <Task(BashOperator): create_entry_gcs>, delete_entry already registered for DAG: example_complex
[2023-03-01T12:26:14.620+0100] {logging_mixin.py:137} INFO - [2023-03-01T12:26:14.620+0100] {taskmixin.py:205} WARNING - Dependency <Task(BashOperator): delete_entry>, create_entry_gcs already registered for DAG: example_complex
[2023-03-01T12:26:14.621+0100] {logging_mixin.py:137} INFO - [2023-03-01T12:26:14.621+0100] {taskmixin.py:205} WARNING - Dependency <Task(BashOperator): create_tag>, delete_tag already registered for DAG: example_complex
[2023-03-01T12:26:14.621+0100] {logging_mixin.py:137} INFO - [2023-03-01T12:26:14.621+0100] {taskmixin.py:205} WARNING - Dependency <Task(BashOperator): delete_tag>, create_tag already registered for DAG: example_complex
[2023-03-01T12:26:14.648+0100] {processor.py:753} INFO - DAG(s) dict_keys(['example_complex']) retrieved from /Users/oanottage/opt/anaconda3/lib/python3.8/site-packages/airflow/example_dags/example_complex.py
[2023-03-01T12:26:15.562+0100] {logging_mixin.py:137} INFO - [2023-03-01T12:26:15.562+0100] {dag.py:2690} INFO - Sync 1 DAGs
[2023-03-01T12:26:15.576+0100] {logging_mixin.py:137} INFO - [2023-03-01T12:26:15.576+0100] {dag.py:3437} INFO - Setting next_dagrun for example_complex to None, run_after=None
[2023-03-01T12:26:15.593+0100] {processor.py:175} INFO - Processing /Users/oanottage/opt/anaconda3/lib/python3.8/site-packages/airflow/example_dags/example_complex.py took 1.000 seconds
[2023-03-01T12:28:09.066+0100] {processor.py:153} INFO - Started process (PID=9356) to work on /Users/oanottage/opt/anaconda3/lib/python3.8/site-packages/airflow/example_dags/example_complex.py
[2023-03-01T12:28:09.069+0100] {processor.py:743} INFO - Processing file /Users/oanottage/opt/anaconda3/lib/python3.8/site-packages/airflow/example_dags/example_complex.py for tasks to queue
[2023-03-01T12:28:09.069+0100] {logging_mixin.py:137} INFO - [2023-03-01T12:28:09.069+0100] {dagbag.py:538} INFO - Filling up the DagBag from /Users/oanottage/opt/anaconda3/lib/python3.8/site-packages/airflow/example_dags/example_complex.py
[2023-03-01T12:28:09.092+0100] {logging_mixin.py:137} INFO - [2023-03-01T12:28:09.092+0100] {taskmixin.py:205} WARNING - Dependency <Task(BashOperator): create_entry_group>, delete_entry_group already registered for DAG: example_complex
[2023-03-01T12:28:09.093+0100] {logging_mixin.py:137} INFO - [2023-03-01T12:28:09.093+0100] {taskmixin.py:205} WARNING - Dependency <Task(BashOperator): delete_entry_group>, create_entry_group already registered for DAG: example_complex
[2023-03-01T12:28:09.093+0100] {logging_mixin.py:137} INFO - [2023-03-01T12:28:09.093+0100] {taskmixin.py:205} WARNING - Dependency <Task(BashOperator): create_entry_gcs>, delete_entry already registered for DAG: example_complex
[2023-03-01T12:28:09.093+0100] {logging_mixin.py:137} INFO - [2023-03-01T12:28:09.093+0100] {taskmixin.py:205} WARNING - Dependency <Task(BashOperator): delete_entry>, create_entry_gcs already registered for DAG: example_complex
[2023-03-01T12:28:09.093+0100] {logging_mixin.py:137} INFO - [2023-03-01T12:28:09.093+0100] {taskmixin.py:205} WARNING - Dependency <Task(BashOperator): create_tag>, delete_tag already registered for DAG: example_complex
[2023-03-01T12:28:09.093+0100] {logging_mixin.py:137} INFO - [2023-03-01T12:28:09.093+0100] {taskmixin.py:205} WARNING - Dependency <Task(BashOperator): delete_tag>, create_tag already registered for DAG: example_complex
[2023-03-01T12:28:09.120+0100] {processor.py:753} INFO - DAG(s) dict_keys(['example_complex']) retrieved from /Users/oanottage/opt/anaconda3/lib/python3.8/site-packages/airflow/example_dags/example_complex.py
[2023-03-01T12:28:09.944+0100] {logging_mixin.py:137} INFO - [2023-03-01T12:28:09.943+0100] {dag.py:2690} INFO - Sync 1 DAGs
[2023-03-01T12:28:09.963+0100] {logging_mixin.py:137} INFO - [2023-03-01T12:28:09.963+0100] {dag.py:3437} INFO - Setting next_dagrun for example_complex to None, run_after=None
[2023-03-01T12:28:09.984+0100] {processor.py:175} INFO - Processing /Users/oanottage/opt/anaconda3/lib/python3.8/site-packages/airflow/example_dags/example_complex.py took 0.918 seconds
[2023-03-01T12:29:59.621+0100] {processor.py:153} INFO - Started process (PID=13161) to work on /Users/oanottage/opt/anaconda3/lib/python3.8/site-packages/airflow/example_dags/example_complex.py
[2023-03-01T12:29:59.625+0100] {processor.py:743} INFO - Processing file /Users/oanottage/opt/anaconda3/lib/python3.8/site-packages/airflow/example_dags/example_complex.py for tasks to queue
[2023-03-01T12:29:59.625+0100] {logging_mixin.py:137} INFO - [2023-03-01T12:29:59.625+0100] {dagbag.py:538} INFO - Filling up the DagBag from /Users/oanottage/opt/anaconda3/lib/python3.8/site-packages/airflow/example_dags/example_complex.py
[2023-03-01T12:29:59.653+0100] {logging_mixin.py:137} INFO - [2023-03-01T12:29:59.653+0100] {taskmixin.py:205} WARNING - Dependency <Task(BashOperator): create_entry_group>, delete_entry_group already registered for DAG: example_complex
[2023-03-01T12:29:59.653+0100] {logging_mixin.py:137} INFO - [2023-03-01T12:29:59.653+0100] {taskmixin.py:205} WARNING - Dependency <Task(BashOperator): delete_entry_group>, create_entry_group already registered for DAG: example_complex
[2023-03-01T12:29:59.654+0100] {logging_mixin.py:137} INFO - [2023-03-01T12:29:59.654+0100] {taskmixin.py:205} WARNING - Dependency <Task(BashOperator): create_entry_gcs>, delete_entry already registered for DAG: example_complex
[2023-03-01T12:29:59.654+0100] {logging_mixin.py:137} INFO - [2023-03-01T12:29:59.654+0100] {taskmixin.py:205} WARNING - Dependency <Task(BashOperator): delete_entry>, create_entry_gcs already registered for DAG: example_complex
[2023-03-01T12:29:59.654+0100] {logging_mixin.py:137} INFO - [2023-03-01T12:29:59.654+0100] {taskmixin.py:205} WARNING - Dependency <Task(BashOperator): create_tag>, delete_tag already registered for DAG: example_complex
[2023-03-01T12:29:59.654+0100] {logging_mixin.py:137} INFO - [2023-03-01T12:29:59.654+0100] {taskmixin.py:205} WARNING - Dependency <Task(BashOperator): delete_tag>, create_tag already registered for DAG: example_complex
[2023-03-01T12:29:59.687+0100] {processor.py:753} INFO - DAG(s) dict_keys(['example_complex']) retrieved from /Users/oanottage/opt/anaconda3/lib/python3.8/site-packages/airflow/example_dags/example_complex.py
[2023-03-01T12:30:00.599+0100] {logging_mixin.py:137} INFO - [2023-03-01T12:30:00.599+0100] {dag.py:2690} INFO - Sync 1 DAGs
[2023-03-01T12:30:00.611+0100] {logging_mixin.py:137} INFO - [2023-03-01T12:30:00.611+0100] {dag.py:3437} INFO - Setting next_dagrun for example_complex to None, run_after=None
[2023-03-01T12:30:00.623+0100] {processor.py:175} INFO - Processing /Users/oanottage/opt/anaconda3/lib/python3.8/site-packages/airflow/example_dags/example_complex.py took 1.003 seconds
[2023-03-01T12:31:49.446+0100] {processor.py:153} INFO - Started process (PID=16766) to work on /Users/oanottage/opt/anaconda3/lib/python3.8/site-packages/airflow/example_dags/example_complex.py
[2023-03-01T12:31:49.449+0100] {processor.py:743} INFO - Processing file /Users/oanottage/opt/anaconda3/lib/python3.8/site-packages/airflow/example_dags/example_complex.py for tasks to queue
[2023-03-01T12:31:49.450+0100] {logging_mixin.py:137} INFO - [2023-03-01T12:31:49.449+0100] {dagbag.py:538} INFO - Filling up the DagBag from /Users/oanottage/opt/anaconda3/lib/python3.8/site-packages/airflow/example_dags/example_complex.py
[2023-03-01T12:31:49.469+0100] {logging_mixin.py:137} INFO - [2023-03-01T12:31:49.469+0100] {taskmixin.py:205} WARNING - Dependency <Task(BashOperator): create_entry_group>, delete_entry_group already registered for DAG: example_complex
[2023-03-01T12:31:49.469+0100] {logging_mixin.py:137} INFO - [2023-03-01T12:31:49.469+0100] {taskmixin.py:205} WARNING - Dependency <Task(BashOperator): delete_entry_group>, create_entry_group already registered for DAG: example_complex
[2023-03-01T12:31:49.469+0100] {logging_mixin.py:137} INFO - [2023-03-01T12:31:49.469+0100] {taskmixin.py:205} WARNING - Dependency <Task(BashOperator): create_entry_gcs>, delete_entry already registered for DAG: example_complex
[2023-03-01T12:31:49.470+0100] {logging_mixin.py:137} INFO - [2023-03-01T12:31:49.469+0100] {taskmixin.py:205} WARNING - Dependency <Task(BashOperator): delete_entry>, create_entry_gcs already registered for DAG: example_complex
[2023-03-01T12:31:49.470+0100] {logging_mixin.py:137} INFO - [2023-03-01T12:31:49.470+0100] {taskmixin.py:205} WARNING - Dependency <Task(BashOperator): create_tag>, delete_tag already registered for DAG: example_complex
[2023-03-01T12:31:49.470+0100] {logging_mixin.py:137} INFO - [2023-03-01T12:31:49.470+0100] {taskmixin.py:205} WARNING - Dependency <Task(BashOperator): delete_tag>, create_tag already registered for DAG: example_complex
[2023-03-01T12:31:49.499+0100] {processor.py:753} INFO - DAG(s) dict_keys(['example_complex']) retrieved from /Users/oanottage/opt/anaconda3/lib/python3.8/site-packages/airflow/example_dags/example_complex.py
[2023-03-01T12:31:50.351+0100] {logging_mixin.py:137} INFO - [2023-03-01T12:31:50.351+0100] {dag.py:2690} INFO - Sync 1 DAGs
[2023-03-01T12:31:50.363+0100] {logging_mixin.py:137} INFO - [2023-03-01T12:31:50.363+0100] {dag.py:3437} INFO - Setting next_dagrun for example_complex to None, run_after=None
[2023-03-01T12:31:50.374+0100] {processor.py:175} INFO - Processing /Users/oanottage/opt/anaconda3/lib/python3.8/site-packages/airflow/example_dags/example_complex.py took 0.928 seconds
[2023-03-01T12:33:36.532+0100] {processor.py:153} INFO - Started process (PID=21051) to work on /Users/oanottage/opt/anaconda3/lib/python3.8/site-packages/airflow/example_dags/example_complex.py
[2023-03-01T12:33:36.535+0100] {processor.py:743} INFO - Processing file /Users/oanottage/opt/anaconda3/lib/python3.8/site-packages/airflow/example_dags/example_complex.py for tasks to queue
[2023-03-01T12:33:36.536+0100] {logging_mixin.py:137} INFO - [2023-03-01T12:33:36.535+0100] {dagbag.py:538} INFO - Filling up the DagBag from /Users/oanottage/opt/anaconda3/lib/python3.8/site-packages/airflow/example_dags/example_complex.py
[2023-03-01T12:33:36.555+0100] {logging_mixin.py:137} INFO - [2023-03-01T12:33:36.555+0100] {taskmixin.py:205} WARNING - Dependency <Task(BashOperator): create_entry_group>, delete_entry_group already registered for DAG: example_complex
[2023-03-01T12:33:36.555+0100] {logging_mixin.py:137} INFO - [2023-03-01T12:33:36.555+0100] {taskmixin.py:205} WARNING - Dependency <Task(BashOperator): delete_entry_group>, create_entry_group already registered for DAG: example_complex
[2023-03-01T12:33:36.555+0100] {logging_mixin.py:137} INFO - [2023-03-01T12:33:36.555+0100] {taskmixin.py:205} WARNING - Dependency <Task(BashOperator): create_entry_gcs>, delete_entry already registered for DAG: example_complex
[2023-03-01T12:33:36.555+0100] {logging_mixin.py:137} INFO - [2023-03-01T12:33:36.555+0100] {taskmixin.py:205} WARNING - Dependency <Task(BashOperator): delete_entry>, create_entry_gcs already registered for DAG: example_complex
[2023-03-01T12:33:36.555+0100] {logging_mixin.py:137} INFO - [2023-03-01T12:33:36.555+0100] {taskmixin.py:205} WARNING - Dependency <Task(BashOperator): create_tag>, delete_tag already registered for DAG: example_complex
[2023-03-01T12:33:36.555+0100] {logging_mixin.py:137} INFO - [2023-03-01T12:33:36.555+0100] {taskmixin.py:205} WARNING - Dependency <Task(BashOperator): delete_tag>, create_tag already registered for DAG: example_complex
[2023-03-01T12:33:36.580+0100] {processor.py:753} INFO - DAG(s) dict_keys(['example_complex']) retrieved from /Users/oanottage/opt/anaconda3/lib/python3.8/site-packages/airflow/example_dags/example_complex.py
[2023-03-01T12:33:37.429+0100] {logging_mixin.py:137} INFO - [2023-03-01T12:33:37.429+0100] {dag.py:2690} INFO - Sync 1 DAGs
[2023-03-01T12:33:37.444+0100] {logging_mixin.py:137} INFO - [2023-03-01T12:33:37.444+0100] {dag.py:3437} INFO - Setting next_dagrun for example_complex to None, run_after=None
[2023-03-01T12:33:37.457+0100] {processor.py:175} INFO - Processing /Users/oanottage/opt/anaconda3/lib/python3.8/site-packages/airflow/example_dags/example_complex.py took 0.926 seconds
[2023-03-01T12:35:29.303+0100] {processor.py:153} INFO - Started process (PID=24742) to work on /Users/oanottage/opt/anaconda3/lib/python3.8/site-packages/airflow/example_dags/example_complex.py
[2023-03-01T12:35:29.308+0100] {processor.py:743} INFO - Processing file /Users/oanottage/opt/anaconda3/lib/python3.8/site-packages/airflow/example_dags/example_complex.py for tasks to queue
[2023-03-01T12:35:29.308+0100] {logging_mixin.py:137} INFO - [2023-03-01T12:35:29.308+0100] {dagbag.py:538} INFO - Filling up the DagBag from /Users/oanottage/opt/anaconda3/lib/python3.8/site-packages/airflow/example_dags/example_complex.py
[2023-03-01T12:35:29.335+0100] {logging_mixin.py:137} INFO - [2023-03-01T12:35:29.335+0100] {taskmixin.py:205} WARNING - Dependency <Task(BashOperator): create_entry_group>, delete_entry_group already registered for DAG: example_complex
[2023-03-01T12:35:29.335+0100] {logging_mixin.py:137} INFO - [2023-03-01T12:35:29.335+0100] {taskmixin.py:205} WARNING - Dependency <Task(BashOperator): delete_entry_group>, create_entry_group already registered for DAG: example_complex
[2023-03-01T12:35:29.335+0100] {logging_mixin.py:137} INFO - [2023-03-01T12:35:29.335+0100] {taskmixin.py:205} WARNING - Dependency <Task(BashOperator): create_entry_gcs>, delete_entry already registered for DAG: example_complex
[2023-03-01T12:35:29.335+0100] {logging_mixin.py:137} INFO - [2023-03-01T12:35:29.335+0100] {taskmixin.py:205} WARNING - Dependency <Task(BashOperator): delete_entry>, create_entry_gcs already registered for DAG: example_complex
[2023-03-01T12:35:29.336+0100] {logging_mixin.py:137} INFO - [2023-03-01T12:35:29.336+0100] {taskmixin.py:205} WARNING - Dependency <Task(BashOperator): create_tag>, delete_tag already registered for DAG: example_complex
[2023-03-01T12:35:29.336+0100] {logging_mixin.py:137} INFO - [2023-03-01T12:35:29.336+0100] {taskmixin.py:205} WARNING - Dependency <Task(BashOperator): delete_tag>, create_tag already registered for DAG: example_complex
[2023-03-01T12:35:29.366+0100] {processor.py:753} INFO - DAG(s) dict_keys(['example_complex']) retrieved from /Users/oanottage/opt/anaconda3/lib/python3.8/site-packages/airflow/example_dags/example_complex.py
[2023-03-01T12:35:30.300+0100] {logging_mixin.py:137} INFO - [2023-03-01T12:35:30.299+0100] {dag.py:2690} INFO - Sync 1 DAGs
[2023-03-01T12:35:30.314+0100] {logging_mixin.py:137} INFO - [2023-03-01T12:35:30.314+0100] {dag.py:3437} INFO - Setting next_dagrun for example_complex to None, run_after=None
[2023-03-01T12:35:30.328+0100] {processor.py:175} INFO - Processing /Users/oanottage/opt/anaconda3/lib/python3.8/site-packages/airflow/example_dags/example_complex.py took 1.025 seconds
[2023-03-01T12:37:23.863+0100] {processor.py:153} INFO - Started process (PID=28477) to work on /Users/oanottage/opt/anaconda3/lib/python3.8/site-packages/airflow/example_dags/example_complex.py
[2023-03-01T12:37:23.878+0100] {processor.py:743} INFO - Processing file /Users/oanottage/opt/anaconda3/lib/python3.8/site-packages/airflow/example_dags/example_complex.py for tasks to queue
[2023-03-01T12:37:23.882+0100] {logging_mixin.py:137} INFO - [2023-03-01T12:37:23.882+0100] {dagbag.py:538} INFO - Filling up the DagBag from /Users/oanottage/opt/anaconda3/lib/python3.8/site-packages/airflow/example_dags/example_complex.py
[2023-03-01T12:37:23.944+0100] {logging_mixin.py:137} INFO - [2023-03-01T12:37:23.944+0100] {taskmixin.py:205} WARNING - Dependency <Task(BashOperator): create_entry_group>, delete_entry_group already registered for DAG: example_complex
[2023-03-01T12:37:23.945+0100] {logging_mixin.py:137} INFO - [2023-03-01T12:37:23.945+0100] {taskmixin.py:205} WARNING - Dependency <Task(BashOperator): delete_entry_group>, create_entry_group already registered for DAG: example_complex
[2023-03-01T12:37:23.945+0100] {logging_mixin.py:137} INFO - [2023-03-01T12:37:23.945+0100] {taskmixin.py:205} WARNING - Dependency <Task(BashOperator): create_entry_gcs>, delete_entry already registered for DAG: example_complex
[2023-03-01T12:37:23.946+0100] {logging_mixin.py:137} INFO - [2023-03-01T12:37:23.945+0100] {taskmixin.py:205} WARNING - Dependency <Task(BashOperator): delete_entry>, create_entry_gcs already registered for DAG: example_complex
[2023-03-01T12:37:23.946+0100] {logging_mixin.py:137} INFO - [2023-03-01T12:37:23.946+0100] {taskmixin.py:205} WARNING - Dependency <Task(BashOperator): create_tag>, delete_tag already registered for DAG: example_complex
[2023-03-01T12:37:23.946+0100] {logging_mixin.py:137} INFO - [2023-03-01T12:37:23.946+0100] {taskmixin.py:205} WARNING - Dependency <Task(BashOperator): delete_tag>, create_tag already registered for DAG: example_complex
[2023-03-01T12:37:23.992+0100] {processor.py:753} INFO - DAG(s) dict_keys(['example_complex']) retrieved from /Users/oanottage/opt/anaconda3/lib/python3.8/site-packages/airflow/example_dags/example_complex.py
[2023-03-01T12:37:24.819+0100] {logging_mixin.py:137} INFO - [2023-03-01T12:37:24.818+0100] {dag.py:2690} INFO - Sync 1 DAGs
[2023-03-01T12:37:24.831+0100] {logging_mixin.py:137} INFO - [2023-03-01T12:37:24.831+0100] {dag.py:3437} INFO - Setting next_dagrun for example_complex to None, run_after=None
[2023-03-01T12:37:24.854+0100] {processor.py:175} INFO - Processing /Users/oanottage/opt/anaconda3/lib/python3.8/site-packages/airflow/example_dags/example_complex.py took 0.991 seconds
[2023-03-01T12:39:19.397+0100] {processor.py:153} INFO - Started process (PID=32702) to work on /Users/oanottage/opt/anaconda3/lib/python3.8/site-packages/airflow/example_dags/example_complex.py
[2023-03-01T12:39:19.401+0100] {processor.py:743} INFO - Processing file /Users/oanottage/opt/anaconda3/lib/python3.8/site-packages/airflow/example_dags/example_complex.py for tasks to queue
[2023-03-01T12:39:19.401+0100] {logging_mixin.py:137} INFO - [2023-03-01T12:39:19.401+0100] {dagbag.py:538} INFO - Filling up the DagBag from /Users/oanottage/opt/anaconda3/lib/python3.8/site-packages/airflow/example_dags/example_complex.py
[2023-03-01T12:39:19.422+0100] {logging_mixin.py:137} INFO - [2023-03-01T12:39:19.422+0100] {taskmixin.py:205} WARNING - Dependency <Task(BashOperator): create_entry_group>, delete_entry_group already registered for DAG: example_complex
[2023-03-01T12:39:19.422+0100] {logging_mixin.py:137} INFO - [2023-03-01T12:39:19.422+0100] {taskmixin.py:205} WARNING - Dependency <Task(BashOperator): delete_entry_group>, create_entry_group already registered for DAG: example_complex
[2023-03-01T12:39:19.422+0100] {logging_mixin.py:137} INFO - [2023-03-01T12:39:19.422+0100] {taskmixin.py:205} WARNING - Dependency <Task(BashOperator): create_entry_gcs>, delete_entry already registered for DAG: example_complex
[2023-03-01T12:39:19.422+0100] {logging_mixin.py:137} INFO - [2023-03-01T12:39:19.422+0100] {taskmixin.py:205} WARNING - Dependency <Task(BashOperator): delete_entry>, create_entry_gcs already registered for DAG: example_complex
[2023-03-01T12:39:19.422+0100] {logging_mixin.py:137} INFO - [2023-03-01T12:39:19.422+0100] {taskmixin.py:205} WARNING - Dependency <Task(BashOperator): create_tag>, delete_tag already registered for DAG: example_complex
[2023-03-01T12:39:19.423+0100] {logging_mixin.py:137} INFO - [2023-03-01T12:39:19.422+0100] {taskmixin.py:205} WARNING - Dependency <Task(BashOperator): delete_tag>, create_tag already registered for DAG: example_complex
[2023-03-01T12:39:19.451+0100] {processor.py:753} INFO - DAG(s) dict_keys(['example_complex']) retrieved from /Users/oanottage/opt/anaconda3/lib/python3.8/site-packages/airflow/example_dags/example_complex.py
[2023-03-01T12:39:20.305+0100] {logging_mixin.py:137} INFO - [2023-03-01T12:39:20.305+0100] {dag.py:2690} INFO - Sync 1 DAGs
[2023-03-01T12:39:20.317+0100] {logging_mixin.py:137} INFO - [2023-03-01T12:39:20.317+0100] {dag.py:3437} INFO - Setting next_dagrun for example_complex to None, run_after=None
[2023-03-01T12:39:20.329+0100] {processor.py:175} INFO - Processing /Users/oanottage/opt/anaconda3/lib/python3.8/site-packages/airflow/example_dags/example_complex.py took 0.932 seconds
[2023-03-01T12:41:32.868+0100] {processor.py:153} INFO - Started process (PID=38009) to work on /Users/oanottage/opt/anaconda3/lib/python3.8/site-packages/airflow/example_dags/example_complex.py
[2023-03-01T12:41:32.872+0100] {processor.py:743} INFO - Processing file /Users/oanottage/opt/anaconda3/lib/python3.8/site-packages/airflow/example_dags/example_complex.py for tasks to queue
[2023-03-01T12:41:32.872+0100] {logging_mixin.py:137} INFO - [2023-03-01T12:41:32.872+0100] {dagbag.py:538} INFO - Filling up the DagBag from /Users/oanottage/opt/anaconda3/lib/python3.8/site-packages/airflow/example_dags/example_complex.py
[2023-03-01T12:41:32.896+0100] {logging_mixin.py:137} INFO - [2023-03-01T12:41:32.896+0100] {taskmixin.py:205} WARNING - Dependency <Task(BashOperator): create_entry_group>, delete_entry_group already registered for DAG: example_complex
[2023-03-01T12:41:32.896+0100] {logging_mixin.py:137} INFO - [2023-03-01T12:41:32.896+0100] {taskmixin.py:205} WARNING - Dependency <Task(BashOperator): delete_entry_group>, create_entry_group already registered for DAG: example_complex
[2023-03-01T12:41:32.896+0100] {logging_mixin.py:137} INFO - [2023-03-01T12:41:32.896+0100] {taskmixin.py:205} WARNING - Dependency <Task(BashOperator): create_entry_gcs>, delete_entry already registered for DAG: example_complex
[2023-03-01T12:41:32.896+0100] {logging_mixin.py:137} INFO - [2023-03-01T12:41:32.896+0100] {taskmixin.py:205} WARNING - Dependency <Task(BashOperator): delete_entry>, create_entry_gcs already registered for DAG: example_complex
[2023-03-01T12:41:32.897+0100] {logging_mixin.py:137} INFO - [2023-03-01T12:41:32.897+0100] {taskmixin.py:205} WARNING - Dependency <Task(BashOperator): create_tag>, delete_tag already registered for DAG: example_complex
[2023-03-01T12:41:32.897+0100] {logging_mixin.py:137} INFO - [2023-03-01T12:41:32.897+0100] {taskmixin.py:205} WARNING - Dependency <Task(BashOperator): delete_tag>, create_tag already registered for DAG: example_complex
[2023-03-01T12:41:32.936+0100] {processor.py:753} INFO - DAG(s) dict_keys(['example_complex']) retrieved from /Users/oanottage/opt/anaconda3/lib/python3.8/site-packages/airflow/example_dags/example_complex.py
[2023-03-01T12:41:33.831+0100] {logging_mixin.py:137} INFO - [2023-03-01T12:41:33.831+0100] {dag.py:2690} INFO - Sync 1 DAGs
[2023-03-01T12:41:33.848+0100] {logging_mixin.py:137} INFO - [2023-03-01T12:41:33.848+0100] {dag.py:3437} INFO - Setting next_dagrun for example_complex to None, run_after=None
[2023-03-01T12:41:33.866+0100] {processor.py:175} INFO - Processing /Users/oanottage/opt/anaconda3/lib/python3.8/site-packages/airflow/example_dags/example_complex.py took 0.999 seconds
[2023-03-01T12:43:35.894+0100] {processor.py:153} INFO - Started process (PID=42191) to work on /Users/oanottage/opt/anaconda3/lib/python3.8/site-packages/airflow/example_dags/example_complex.py
[2023-03-01T12:43:35.902+0100] {processor.py:743} INFO - Processing file /Users/oanottage/opt/anaconda3/lib/python3.8/site-packages/airflow/example_dags/example_complex.py for tasks to queue
[2023-03-01T12:43:35.902+0100] {logging_mixin.py:137} INFO - [2023-03-01T12:43:35.902+0100] {dagbag.py:538} INFO - Filling up the DagBag from /Users/oanottage/opt/anaconda3/lib/python3.8/site-packages/airflow/example_dags/example_complex.py
[2023-03-01T12:43:35.951+0100] {logging_mixin.py:137} INFO - [2023-03-01T12:43:35.950+0100] {taskmixin.py:205} WARNING - Dependency <Task(BashOperator): create_entry_group>, delete_entry_group already registered for DAG: example_complex
[2023-03-01T12:43:35.951+0100] {logging_mixin.py:137} INFO - [2023-03-01T12:43:35.951+0100] {taskmixin.py:205} WARNING - Dependency <Task(BashOperator): delete_entry_group>, create_entry_group already registered for DAG: example_complex
[2023-03-01T12:43:35.953+0100] {logging_mixin.py:137} INFO - [2023-03-01T12:43:35.952+0100] {taskmixin.py:205} WARNING - Dependency <Task(BashOperator): create_entry_gcs>, delete_entry already registered for DAG: example_complex
[2023-03-01T12:43:35.953+0100] {logging_mixin.py:137} INFO - [2023-03-01T12:43:35.953+0100] {taskmixin.py:205} WARNING - Dependency <Task(BashOperator): delete_entry>, create_entry_gcs already registered for DAG: example_complex
[2023-03-01T12:43:35.954+0100] {logging_mixin.py:137} INFO - [2023-03-01T12:43:35.954+0100] {taskmixin.py:205} WARNING - Dependency <Task(BashOperator): create_tag>, delete_tag already registered for DAG: example_complex
[2023-03-01T12:43:35.954+0100] {logging_mixin.py:137} INFO - [2023-03-01T12:43:35.954+0100] {taskmixin.py:205} WARNING - Dependency <Task(BashOperator): delete_tag>, create_tag already registered for DAG: example_complex
[2023-03-01T12:43:36.020+0100] {processor.py:753} INFO - DAG(s) dict_keys(['example_complex']) retrieved from /Users/oanottage/opt/anaconda3/lib/python3.8/site-packages/airflow/example_dags/example_complex.py
[2023-03-01T12:43:37.632+0100] {logging_mixin.py:137} INFO - [2023-03-01T12:43:37.632+0100] {dag.py:2690} INFO - Sync 1 DAGs
[2023-03-01T12:43:37.658+0100] {logging_mixin.py:137} INFO - [2023-03-01T12:43:37.657+0100] {dag.py:3437} INFO - Setting next_dagrun for example_complex to None, run_after=None
[2023-03-01T12:43:37.679+0100] {processor.py:175} INFO - Processing /Users/oanottage/opt/anaconda3/lib/python3.8/site-packages/airflow/example_dags/example_complex.py took 1.788 seconds
[2023-03-01T12:45:48.936+0100] {processor.py:153} INFO - Started process (PID=46534) to work on /Users/oanottage/opt/anaconda3/lib/python3.8/site-packages/airflow/example_dags/example_complex.py
[2023-03-01T12:45:48.941+0100] {processor.py:743} INFO - Processing file /Users/oanottage/opt/anaconda3/lib/python3.8/site-packages/airflow/example_dags/example_complex.py for tasks to queue
[2023-03-01T12:45:48.942+0100] {logging_mixin.py:137} INFO - [2023-03-01T12:45:48.942+0100] {dagbag.py:538} INFO - Filling up the DagBag from /Users/oanottage/opt/anaconda3/lib/python3.8/site-packages/airflow/example_dags/example_complex.py
[2023-03-01T12:45:48.970+0100] {logging_mixin.py:137} INFO - [2023-03-01T12:45:48.970+0100] {taskmixin.py:205} WARNING - Dependency <Task(BashOperator): create_entry_group>, delete_entry_group already registered for DAG: example_complex
[2023-03-01T12:45:48.971+0100] {logging_mixin.py:137} INFO - [2023-03-01T12:45:48.970+0100] {taskmixin.py:205} WARNING - Dependency <Task(BashOperator): delete_entry_group>, create_entry_group already registered for DAG: example_complex
[2023-03-01T12:45:48.971+0100] {logging_mixin.py:137} INFO - [2023-03-01T12:45:48.971+0100] {taskmixin.py:205} WARNING - Dependency <Task(BashOperator): create_entry_gcs>, delete_entry already registered for DAG: example_complex
[2023-03-01T12:45:48.971+0100] {logging_mixin.py:137} INFO - [2023-03-01T12:45:48.971+0100] {taskmixin.py:205} WARNING - Dependency <Task(BashOperator): delete_entry>, create_entry_gcs already registered for DAG: example_complex
[2023-03-01T12:45:48.971+0100] {logging_mixin.py:137} INFO - [2023-03-01T12:45:48.971+0100] {taskmixin.py:205} WARNING - Dependency <Task(BashOperator): create_tag>, delete_tag already registered for DAG: example_complex
[2023-03-01T12:45:48.972+0100] {logging_mixin.py:137} INFO - [2023-03-01T12:45:48.972+0100] {taskmixin.py:205} WARNING - Dependency <Task(BashOperator): delete_tag>, create_tag already registered for DAG: example_complex
[2023-03-01T12:45:49.015+0100] {processor.py:753} INFO - DAG(s) dict_keys(['example_complex']) retrieved from /Users/oanottage/opt/anaconda3/lib/python3.8/site-packages/airflow/example_dags/example_complex.py
[2023-03-01T12:45:49.901+0100] {logging_mixin.py:137} INFO - [2023-03-01T12:45:49.901+0100] {dag.py:2690} INFO - Sync 1 DAGs
[2023-03-01T12:45:49.912+0100] {logging_mixin.py:137} INFO - [2023-03-01T12:45:49.912+0100] {dag.py:3437} INFO - Setting next_dagrun for example_complex to None, run_after=None
[2023-03-01T12:45:49.930+0100] {processor.py:175} INFO - Processing /Users/oanottage/opt/anaconda3/lib/python3.8/site-packages/airflow/example_dags/example_complex.py took 0.994 seconds
[2023-03-01T12:47:53.687+0100] {processor.py:153} INFO - Started process (PID=50846) to work on /Users/oanottage/opt/anaconda3/lib/python3.8/site-packages/airflow/example_dags/example_complex.py
[2023-03-01T12:47:53.692+0100] {processor.py:743} INFO - Processing file /Users/oanottage/opt/anaconda3/lib/python3.8/site-packages/airflow/example_dags/example_complex.py for tasks to queue
[2023-03-01T12:47:53.692+0100] {logging_mixin.py:137} INFO - [2023-03-01T12:47:53.692+0100] {dagbag.py:538} INFO - Filling up the DagBag from /Users/oanottage/opt/anaconda3/lib/python3.8/site-packages/airflow/example_dags/example_complex.py
[2023-03-01T12:47:53.714+0100] {logging_mixin.py:137} INFO - [2023-03-01T12:47:53.714+0100] {taskmixin.py:205} WARNING - Dependency <Task(BashOperator): create_entry_group>, delete_entry_group already registered for DAG: example_complex
[2023-03-01T12:47:53.714+0100] {logging_mixin.py:137} INFO - [2023-03-01T12:47:53.714+0100] {taskmixin.py:205} WARNING - Dependency <Task(BashOperator): delete_entry_group>, create_entry_group already registered for DAG: example_complex
[2023-03-01T12:47:53.714+0100] {logging_mixin.py:137} INFO - [2023-03-01T12:47:53.714+0100] {taskmixin.py:205} WARNING - Dependency <Task(BashOperator): create_entry_gcs>, delete_entry already registered for DAG: example_complex
[2023-03-01T12:47:53.714+0100] {logging_mixin.py:137} INFO - [2023-03-01T12:47:53.714+0100] {taskmixin.py:205} WARNING - Dependency <Task(BashOperator): delete_entry>, create_entry_gcs already registered for DAG: example_complex
[2023-03-01T12:47:53.715+0100] {logging_mixin.py:137} INFO - [2023-03-01T12:47:53.714+0100] {taskmixin.py:205} WARNING - Dependency <Task(BashOperator): create_tag>, delete_tag already registered for DAG: example_complex
[2023-03-01T12:47:53.715+0100] {logging_mixin.py:137} INFO - [2023-03-01T12:47:53.715+0100] {taskmixin.py:205} WARNING - Dependency <Task(BashOperator): delete_tag>, create_tag already registered for DAG: example_complex
[2023-03-01T12:47:53.746+0100] {processor.py:753} INFO - DAG(s) dict_keys(['example_complex']) retrieved from /Users/oanottage/opt/anaconda3/lib/python3.8/site-packages/airflow/example_dags/example_complex.py
[2023-03-01T12:47:54.670+0100] {logging_mixin.py:137} INFO - [2023-03-01T12:47:54.670+0100] {dag.py:2690} INFO - Sync 1 DAGs
[2023-03-01T12:47:54.684+0100] {logging_mixin.py:137} INFO - [2023-03-01T12:47:54.684+0100] {dag.py:3437} INFO - Setting next_dagrun for example_complex to None, run_after=None
[2023-03-01T12:47:54.697+0100] {processor.py:175} INFO - Processing /Users/oanottage/opt/anaconda3/lib/python3.8/site-packages/airflow/example_dags/example_complex.py took 1.011 seconds
[2023-03-01T12:50:00.638+0100] {processor.py:153} INFO - Started process (PID=55941) to work on /Users/oanottage/opt/anaconda3/lib/python3.8/site-packages/airflow/example_dags/example_complex.py
[2023-03-01T12:50:00.642+0100] {processor.py:743} INFO - Processing file /Users/oanottage/opt/anaconda3/lib/python3.8/site-packages/airflow/example_dags/example_complex.py for tasks to queue
[2023-03-01T12:50:00.643+0100] {logging_mixin.py:137} INFO - [2023-03-01T12:50:00.643+0100] {dagbag.py:538} INFO - Filling up the DagBag from /Users/oanottage/opt/anaconda3/lib/python3.8/site-packages/airflow/example_dags/example_complex.py
[2023-03-01T12:50:00.667+0100] {logging_mixin.py:137} INFO - [2023-03-01T12:50:00.667+0100] {taskmixin.py:205} WARNING - Dependency <Task(BashOperator): create_entry_group>, delete_entry_group already registered for DAG: example_complex
[2023-03-01T12:50:00.667+0100] {logging_mixin.py:137} INFO - [2023-03-01T12:50:00.667+0100] {taskmixin.py:205} WARNING - Dependency <Task(BashOperator): delete_entry_group>, create_entry_group already registered for DAG: example_complex
[2023-03-01T12:50:00.667+0100] {logging_mixin.py:137} INFO - [2023-03-01T12:50:00.667+0100] {taskmixin.py:205} WARNING - Dependency <Task(BashOperator): create_entry_gcs>, delete_entry already registered for DAG: example_complex
[2023-03-01T12:50:00.668+0100] {logging_mixin.py:137} INFO - [2023-03-01T12:50:00.667+0100] {taskmixin.py:205} WARNING - Dependency <Task(BashOperator): delete_entry>, create_entry_gcs already registered for DAG: example_complex
[2023-03-01T12:50:00.668+0100] {logging_mixin.py:137} INFO - [2023-03-01T12:50:00.668+0100] {taskmixin.py:205} WARNING - Dependency <Task(BashOperator): create_tag>, delete_tag already registered for DAG: example_complex
[2023-03-01T12:50:00.668+0100] {logging_mixin.py:137} INFO - [2023-03-01T12:50:00.668+0100] {taskmixin.py:205} WARNING - Dependency <Task(BashOperator): delete_tag>, create_tag already registered for DAG: example_complex
[2023-03-01T12:50:00.709+0100] {processor.py:753} INFO - DAG(s) dict_keys(['example_complex']) retrieved from /Users/oanottage/opt/anaconda3/lib/python3.8/site-packages/airflow/example_dags/example_complex.py
[2023-03-01T12:50:01.785+0100] {logging_mixin.py:137} INFO - [2023-03-01T12:50:01.785+0100] {dag.py:2690} INFO - Sync 1 DAGs
[2023-03-01T12:50:01.806+0100] {logging_mixin.py:137} INFO - [2023-03-01T12:50:01.806+0100] {dag.py:3437} INFO - Setting next_dagrun for example_complex to None, run_after=None
[2023-03-01T12:50:01.827+0100] {processor.py:175} INFO - Processing /Users/oanottage/opt/anaconda3/lib/python3.8/site-packages/airflow/example_dags/example_complex.py took 1.190 seconds
[2023-03-01T12:51:57.233+0100] {processor.py:153} INFO - Started process (PID=59423) to work on /Users/oanottage/opt/anaconda3/lib/python3.8/site-packages/airflow/example_dags/example_complex.py
[2023-03-01T12:51:57.237+0100] {processor.py:743} INFO - Processing file /Users/oanottage/opt/anaconda3/lib/python3.8/site-packages/airflow/example_dags/example_complex.py for tasks to queue
[2023-03-01T12:51:57.237+0100] {logging_mixin.py:137} INFO - [2023-03-01T12:51:57.237+0100] {dagbag.py:538} INFO - Filling up the DagBag from /Users/oanottage/opt/anaconda3/lib/python3.8/site-packages/airflow/example_dags/example_complex.py
[2023-03-01T12:51:57.261+0100] {logging_mixin.py:137} INFO - [2023-03-01T12:51:57.261+0100] {taskmixin.py:205} WARNING - Dependency <Task(BashOperator): create_entry_group>, delete_entry_group already registered for DAG: example_complex
[2023-03-01T12:51:57.262+0100] {logging_mixin.py:137} INFO - [2023-03-01T12:51:57.262+0100] {taskmixin.py:205} WARNING - Dependency <Task(BashOperator): delete_entry_group>, create_entry_group already registered for DAG: example_complex
[2023-03-01T12:51:57.262+0100] {logging_mixin.py:137} INFO - [2023-03-01T12:51:57.262+0100] {taskmixin.py:205} WARNING - Dependency <Task(BashOperator): create_entry_gcs>, delete_entry already registered for DAG: example_complex
[2023-03-01T12:51:57.262+0100] {logging_mixin.py:137} INFO - [2023-03-01T12:51:57.262+0100] {taskmixin.py:205} WARNING - Dependency <Task(BashOperator): delete_entry>, create_entry_gcs already registered for DAG: example_complex
[2023-03-01T12:51:57.263+0100] {logging_mixin.py:137} INFO - [2023-03-01T12:51:57.262+0100] {taskmixin.py:205} WARNING - Dependency <Task(BashOperator): create_tag>, delete_tag already registered for DAG: example_complex
[2023-03-01T12:51:57.263+0100] {logging_mixin.py:137} INFO - [2023-03-01T12:51:57.263+0100] {taskmixin.py:205} WARNING - Dependency <Task(BashOperator): delete_tag>, create_tag already registered for DAG: example_complex
[2023-03-01T12:51:57.301+0100] {processor.py:753} INFO - DAG(s) dict_keys(['example_complex']) retrieved from /Users/oanottage/opt/anaconda3/lib/python3.8/site-packages/airflow/example_dags/example_complex.py
[2023-03-01T12:51:58.334+0100] {logging_mixin.py:137} INFO - [2023-03-01T12:51:58.334+0100] {dag.py:2690} INFO - Sync 1 DAGs
[2023-03-01T12:51:58.354+0100] {logging_mixin.py:137} INFO - [2023-03-01T12:51:58.354+0100] {dag.py:3437} INFO - Setting next_dagrun for example_complex to None, run_after=None
[2023-03-01T12:51:58.374+0100] {processor.py:175} INFO - Processing /Users/oanottage/opt/anaconda3/lib/python3.8/site-packages/airflow/example_dags/example_complex.py took 1.142 seconds
[2023-03-01T12:54:03.446+0100] {processor.py:153} INFO - Started process (PID=64762) to work on /Users/oanottage/opt/anaconda3/lib/python3.8/site-packages/airflow/example_dags/example_complex.py
[2023-03-01T12:54:03.450+0100] {processor.py:743} INFO - Processing file /Users/oanottage/opt/anaconda3/lib/python3.8/site-packages/airflow/example_dags/example_complex.py for tasks to queue
[2023-03-01T12:54:03.450+0100] {logging_mixin.py:137} INFO - [2023-03-01T12:54:03.450+0100] {dagbag.py:538} INFO - Filling up the DagBag from /Users/oanottage/opt/anaconda3/lib/python3.8/site-packages/airflow/example_dags/example_complex.py
[2023-03-01T12:54:03.470+0100] {logging_mixin.py:137} INFO - [2023-03-01T12:54:03.470+0100] {taskmixin.py:205} WARNING - Dependency <Task(BashOperator): create_entry_group>, delete_entry_group already registered for DAG: example_complex
[2023-03-01T12:54:03.471+0100] {logging_mixin.py:137} INFO - [2023-03-01T12:54:03.471+0100] {taskmixin.py:205} WARNING - Dependency <Task(BashOperator): delete_entry_group>, create_entry_group already registered for DAG: example_complex
[2023-03-01T12:54:03.471+0100] {logging_mixin.py:137} INFO - [2023-03-01T12:54:03.471+0100] {taskmixin.py:205} WARNING - Dependency <Task(BashOperator): create_entry_gcs>, delete_entry already registered for DAG: example_complex
[2023-03-01T12:54:03.471+0100] {logging_mixin.py:137} INFO - [2023-03-01T12:54:03.471+0100] {taskmixin.py:205} WARNING - Dependency <Task(BashOperator): delete_entry>, create_entry_gcs already registered for DAG: example_complex
[2023-03-01T12:54:03.471+0100] {logging_mixin.py:137} INFO - [2023-03-01T12:54:03.471+0100] {taskmixin.py:205} WARNING - Dependency <Task(BashOperator): create_tag>, delete_tag already registered for DAG: example_complex
[2023-03-01T12:54:03.472+0100] {logging_mixin.py:137} INFO - [2023-03-01T12:54:03.472+0100] {taskmixin.py:205} WARNING - Dependency <Task(BashOperator): delete_tag>, create_tag already registered for DAG: example_complex
[2023-03-01T12:54:03.501+0100] {processor.py:753} INFO - DAG(s) dict_keys(['example_complex']) retrieved from /Users/oanottage/opt/anaconda3/lib/python3.8/site-packages/airflow/example_dags/example_complex.py
[2023-03-01T12:54:04.420+0100] {logging_mixin.py:137} INFO - [2023-03-01T12:54:04.420+0100] {dag.py:2690} INFO - Sync 1 DAGs
[2023-03-01T12:54:04.433+0100] {logging_mixin.py:137} INFO - [2023-03-01T12:54:04.433+0100] {dag.py:3437} INFO - Setting next_dagrun for example_complex to None, run_after=None
[2023-03-01T12:54:04.447+0100] {processor.py:175} INFO - Processing /Users/oanottage/opt/anaconda3/lib/python3.8/site-packages/airflow/example_dags/example_complex.py took 1.001 seconds
[2023-03-01T12:55:57.384+0100] {processor.py:153} INFO - Started process (PID=67977) to work on /Users/oanottage/opt/anaconda3/lib/python3.8/site-packages/airflow/example_dags/example_complex.py
[2023-03-01T12:55:57.388+0100] {processor.py:743} INFO - Processing file /Users/oanottage/opt/anaconda3/lib/python3.8/site-packages/airflow/example_dags/example_complex.py for tasks to queue
[2023-03-01T12:55:57.388+0100] {logging_mixin.py:137} INFO - [2023-03-01T12:55:57.388+0100] {dagbag.py:538} INFO - Filling up the DagBag from /Users/oanottage/opt/anaconda3/lib/python3.8/site-packages/airflow/example_dags/example_complex.py
[2023-03-01T12:55:57.417+0100] {logging_mixin.py:137} INFO - [2023-03-01T12:55:57.417+0100] {taskmixin.py:205} WARNING - Dependency <Task(BashOperator): create_entry_group>, delete_entry_group already registered for DAG: example_complex
[2023-03-01T12:55:57.417+0100] {logging_mixin.py:137} INFO - [2023-03-01T12:55:57.417+0100] {taskmixin.py:205} WARNING - Dependency <Task(BashOperator): delete_entry_group>, create_entry_group already registered for DAG: example_complex
[2023-03-01T12:55:57.417+0100] {logging_mixin.py:137} INFO - [2023-03-01T12:55:57.417+0100] {taskmixin.py:205} WARNING - Dependency <Task(BashOperator): create_entry_gcs>, delete_entry already registered for DAG: example_complex
[2023-03-01T12:55:57.417+0100] {logging_mixin.py:137} INFO - [2023-03-01T12:55:57.417+0100] {taskmixin.py:205} WARNING - Dependency <Task(BashOperator): delete_entry>, create_entry_gcs already registered for DAG: example_complex
[2023-03-01T12:55:57.418+0100] {logging_mixin.py:137} INFO - [2023-03-01T12:55:57.418+0100] {taskmixin.py:205} WARNING - Dependency <Task(BashOperator): create_tag>, delete_tag already registered for DAG: example_complex
[2023-03-01T12:55:57.418+0100] {logging_mixin.py:137} INFO - [2023-03-01T12:55:57.418+0100] {taskmixin.py:205} WARNING - Dependency <Task(BashOperator): delete_tag>, create_tag already registered for DAG: example_complex
[2023-03-01T12:55:57.449+0100] {processor.py:753} INFO - DAG(s) dict_keys(['example_complex']) retrieved from /Users/oanottage/opt/anaconda3/lib/python3.8/site-packages/airflow/example_dags/example_complex.py
[2023-03-01T12:55:58.408+0100] {logging_mixin.py:137} INFO - [2023-03-01T12:55:58.408+0100] {dag.py:2690} INFO - Sync 1 DAGs
[2023-03-01T12:55:58.422+0100] {logging_mixin.py:137} INFO - [2023-03-01T12:55:58.422+0100] {dag.py:3437} INFO - Setting next_dagrun for example_complex to None, run_after=None
[2023-03-01T12:55:58.437+0100] {processor.py:175} INFO - Processing /Users/oanottage/opt/anaconda3/lib/python3.8/site-packages/airflow/example_dags/example_complex.py took 1.054 seconds
[2023-03-01T12:57:48.466+0100] {processor.py:153} INFO - Started process (PID=72250) to work on /Users/oanottage/opt/anaconda3/lib/python3.8/site-packages/airflow/example_dags/example_complex.py
[2023-03-01T12:57:48.472+0100] {processor.py:743} INFO - Processing file /Users/oanottage/opt/anaconda3/lib/python3.8/site-packages/airflow/example_dags/example_complex.py for tasks to queue
[2023-03-01T12:57:48.472+0100] {logging_mixin.py:137} INFO - [2023-03-01T12:57:48.472+0100] {dagbag.py:538} INFO - Filling up the DagBag from /Users/oanottage/opt/anaconda3/lib/python3.8/site-packages/airflow/example_dags/example_complex.py
[2023-03-01T12:57:48.499+0100] {logging_mixin.py:137} INFO - [2023-03-01T12:57:48.499+0100] {taskmixin.py:205} WARNING - Dependency <Task(BashOperator): create_entry_group>, delete_entry_group already registered for DAG: example_complex
[2023-03-01T12:57:48.499+0100] {logging_mixin.py:137} INFO - [2023-03-01T12:57:48.499+0100] {taskmixin.py:205} WARNING - Dependency <Task(BashOperator): delete_entry_group>, create_entry_group already registered for DAG: example_complex
[2023-03-01T12:57:48.500+0100] {logging_mixin.py:137} INFO - [2023-03-01T12:57:48.499+0100] {taskmixin.py:205} WARNING - Dependency <Task(BashOperator): create_entry_gcs>, delete_entry already registered for DAG: example_complex
[2023-03-01T12:57:48.500+0100] {logging_mixin.py:137} INFO - [2023-03-01T12:57:48.500+0100] {taskmixin.py:205} WARNING - Dependency <Task(BashOperator): delete_entry>, create_entry_gcs already registered for DAG: example_complex
[2023-03-01T12:57:48.500+0100] {logging_mixin.py:137} INFO - [2023-03-01T12:57:48.500+0100] {taskmixin.py:205} WARNING - Dependency <Task(BashOperator): create_tag>, delete_tag already registered for DAG: example_complex
[2023-03-01T12:57:48.500+0100] {logging_mixin.py:137} INFO - [2023-03-01T12:57:48.500+0100] {taskmixin.py:205} WARNING - Dependency <Task(BashOperator): delete_tag>, create_tag already registered for DAG: example_complex
[2023-03-01T12:57:48.530+0100] {processor.py:753} INFO - DAG(s) dict_keys(['example_complex']) retrieved from /Users/oanottage/opt/anaconda3/lib/python3.8/site-packages/airflow/example_dags/example_complex.py
[2023-03-01T12:57:49.483+0100] {logging_mixin.py:137} INFO - [2023-03-01T12:57:49.483+0100] {dag.py:2690} INFO - Sync 1 DAGs
[2023-03-01T12:57:49.495+0100] {logging_mixin.py:137} INFO - [2023-03-01T12:57:49.495+0100] {dag.py:3437} INFO - Setting next_dagrun for example_complex to None, run_after=None
[2023-03-01T12:57:49.508+0100] {processor.py:175} INFO - Processing /Users/oanottage/opt/anaconda3/lib/python3.8/site-packages/airflow/example_dags/example_complex.py took 1.042 seconds
[2023-03-01T12:59:47.313+0100] {processor.py:153} INFO - Started process (PID=76537) to work on /Users/oanottage/opt/anaconda3/lib/python3.8/site-packages/airflow/example_dags/example_complex.py
[2023-03-01T12:59:47.318+0100] {processor.py:743} INFO - Processing file /Users/oanottage/opt/anaconda3/lib/python3.8/site-packages/airflow/example_dags/example_complex.py for tasks to queue
[2023-03-01T12:59:47.318+0100] {logging_mixin.py:137} INFO - [2023-03-01T12:59:47.318+0100] {dagbag.py:538} INFO - Filling up the DagBag from /Users/oanottage/opt/anaconda3/lib/python3.8/site-packages/airflow/example_dags/example_complex.py
[2023-03-01T12:59:47.339+0100] {logging_mixin.py:137} INFO - [2023-03-01T12:59:47.339+0100] {taskmixin.py:205} WARNING - Dependency <Task(BashOperator): create_entry_group>, delete_entry_group already registered for DAG: example_complex
[2023-03-01T12:59:47.339+0100] {logging_mixin.py:137} INFO - [2023-03-01T12:59:47.339+0100] {taskmixin.py:205} WARNING - Dependency <Task(BashOperator): delete_entry_group>, create_entry_group already registered for DAG: example_complex
[2023-03-01T12:59:47.339+0100] {logging_mixin.py:137} INFO - [2023-03-01T12:59:47.339+0100] {taskmixin.py:205} WARNING - Dependency <Task(BashOperator): create_entry_gcs>, delete_entry already registered for DAG: example_complex
[2023-03-01T12:59:47.339+0100] {logging_mixin.py:137} INFO - [2023-03-01T12:59:47.339+0100] {taskmixin.py:205} WARNING - Dependency <Task(BashOperator): delete_entry>, create_entry_gcs already registered for DAG: example_complex
[2023-03-01T12:59:47.340+0100] {logging_mixin.py:137} INFO - [2023-03-01T12:59:47.340+0100] {taskmixin.py:205} WARNING - Dependency <Task(BashOperator): create_tag>, delete_tag already registered for DAG: example_complex
[2023-03-01T12:59:47.340+0100] {logging_mixin.py:137} INFO - [2023-03-01T12:59:47.340+0100] {taskmixin.py:205} WARNING - Dependency <Task(BashOperator): delete_tag>, create_tag already registered for DAG: example_complex
[2023-03-01T12:59:47.367+0100] {processor.py:753} INFO - DAG(s) dict_keys(['example_complex']) retrieved from /Users/oanottage/opt/anaconda3/lib/python3.8/site-packages/airflow/example_dags/example_complex.py
[2023-03-01T12:59:48.306+0100] {logging_mixin.py:137} INFO - [2023-03-01T12:59:48.306+0100] {dag.py:2690} INFO - Sync 1 DAGs
[2023-03-01T12:59:48.321+0100] {logging_mixin.py:137} INFO - [2023-03-01T12:59:48.321+0100] {dag.py:3437} INFO - Setting next_dagrun for example_complex to None, run_after=None
[2023-03-01T12:59:48.335+0100] {processor.py:175} INFO - Processing /Users/oanottage/opt/anaconda3/lib/python3.8/site-packages/airflow/example_dags/example_complex.py took 1.022 seconds
