[2023-03-01T12:03:09.055+0100] {processor.py:153} INFO - Started process (PID=56231) to work on /Users/oanottage/opt/anaconda3/lib/python3.8/site-packages/airflow/example_dags/example_short_circuit_operator.py
[2023-03-01T12:03:09.060+0100] {processor.py:743} INFO - Processing file /Users/oanottage/opt/anaconda3/lib/python3.8/site-packages/airflow/example_dags/example_short_circuit_operator.py for tasks to queue
[2023-03-01T12:03:09.060+0100] {logging_mixin.py:137} INFO - [2023-03-01T12:03:09.060+0100] {dagbag.py:538} INFO - Filling up the DagBag from /Users/oanottage/opt/anaconda3/lib/python3.8/site-packages/airflow/example_dags/example_short_circuit_operator.py
[2023-03-01T12:03:09.122+0100] {processor.py:753} INFO - DAG(s) dict_keys(['example_short_circuit_operator']) retrieved from /Users/oanottage/opt/anaconda3/lib/python3.8/site-packages/airflow/example_dags/example_short_circuit_operator.py
[2023-03-01T12:03:10.054+0100] {logging_mixin.py:137} INFO - [2023-03-01T12:03:10.054+0100] {manager.py:504} INFO - Created Permission View: can read on DAG:example_short_circuit_operator
[2023-03-01T12:03:10.064+0100] {logging_mixin.py:137} INFO - [2023-03-01T12:03:10.063+0100] {manager.py:504} INFO - Created Permission View: can edit on DAG:example_short_circuit_operator
[2023-03-01T12:03:10.070+0100] {logging_mixin.py:137} INFO - [2023-03-01T12:03:10.070+0100] {manager.py:504} INFO - Created Permission View: can delete on DAG:example_short_circuit_operator
[2023-03-01T12:03:10.071+0100] {logging_mixin.py:137} INFO - [2023-03-01T12:03:10.071+0100] {dag.py:2690} INFO - Sync 1 DAGs
[2023-03-01T12:03:10.083+0100] {logging_mixin.py:137} INFO - [2023-03-01T12:03:10.083+0100] {dag.py:2711} INFO - Creating ORM DAG for example_short_circuit_operator
[2023-03-01T12:03:10.093+0100] {logging_mixin.py:137} INFO - [2023-03-01T12:03:10.093+0100] {dag.py:3437} INFO - Setting next_dagrun for example_short_circuit_operator to 2023-02-28T11:03:10.093312+00:00, run_after=2023-03-01T11:03:10.093312+00:00
[2023-03-01T12:03:10.110+0100] {processor.py:175} INFO - Processing /Users/oanottage/opt/anaconda3/lib/python3.8/site-packages/airflow/example_dags/example_short_circuit_operator.py took 1.056 seconds
[2023-03-01T12:05:13.170+0100] {processor.py:153} INFO - Started process (PID=60421) to work on /Users/oanottage/opt/anaconda3/lib/python3.8/site-packages/airflow/example_dags/example_short_circuit_operator.py
[2023-03-01T12:05:13.174+0100] {processor.py:743} INFO - Processing file /Users/oanottage/opt/anaconda3/lib/python3.8/site-packages/airflow/example_dags/example_short_circuit_operator.py for tasks to queue
[2023-03-01T12:05:13.174+0100] {logging_mixin.py:137} INFO - [2023-03-01T12:05:13.174+0100] {dagbag.py:538} INFO - Filling up the DagBag from /Users/oanottage/opt/anaconda3/lib/python3.8/site-packages/airflow/example_dags/example_short_circuit_operator.py
[2023-03-01T12:05:13.231+0100] {processor.py:753} INFO - DAG(s) dict_keys(['example_short_circuit_operator']) retrieved from /Users/oanottage/opt/anaconda3/lib/python3.8/site-packages/airflow/example_dags/example_short_circuit_operator.py
[2023-03-01T12:05:14.166+0100] {logging_mixin.py:137} INFO - [2023-03-01T12:05:14.165+0100] {dag.py:2690} INFO - Sync 1 DAGs
[2023-03-01T12:05:14.182+0100] {logging_mixin.py:137} INFO - [2023-03-01T12:05:14.182+0100] {dag.py:3437} INFO - Setting next_dagrun for example_short_circuit_operator to 2023-02-28T11:05:14.182563+00:00, run_after=2023-03-01T11:05:14.182563+00:00
[2023-03-01T12:05:14.197+0100] {processor.py:175} INFO - Processing /Users/oanottage/opt/anaconda3/lib/python3.8/site-packages/airflow/example_dags/example_short_circuit_operator.py took 1.028 seconds
[2023-03-01T12:07:08.323+0100] {processor.py:153} INFO - Started process (PID=64613) to work on /Users/oanottage/opt/anaconda3/lib/python3.8/site-packages/airflow/example_dags/example_short_circuit_operator.py
[2023-03-01T12:07:08.326+0100] {processor.py:743} INFO - Processing file /Users/oanottage/opt/anaconda3/lib/python3.8/site-packages/airflow/example_dags/example_short_circuit_operator.py for tasks to queue
[2023-03-01T12:07:08.327+0100] {logging_mixin.py:137} INFO - [2023-03-01T12:07:08.327+0100] {dagbag.py:538} INFO - Filling up the DagBag from /Users/oanottage/opt/anaconda3/lib/python3.8/site-packages/airflow/example_dags/example_short_circuit_operator.py
[2023-03-01T12:07:08.384+0100] {processor.py:753} INFO - DAG(s) dict_keys(['example_short_circuit_operator']) retrieved from /Users/oanottage/opt/anaconda3/lib/python3.8/site-packages/airflow/example_dags/example_short_circuit_operator.py
[2023-03-01T12:07:09.244+0100] {logging_mixin.py:137} INFO - [2023-03-01T12:07:09.244+0100] {dag.py:2690} INFO - Sync 1 DAGs
[2023-03-01T12:07:09.258+0100] {logging_mixin.py:137} INFO - [2023-03-01T12:07:09.258+0100] {dag.py:3437} INFO - Setting next_dagrun for example_short_circuit_operator to 2023-02-28T11:07:09.258373+00:00, run_after=2023-03-01T11:07:09.258373+00:00
[2023-03-01T12:07:09.272+0100] {processor.py:175} INFO - Processing /Users/oanottage/opt/anaconda3/lib/python3.8/site-packages/airflow/example_dags/example_short_circuit_operator.py took 0.949 seconds
[2023-03-01T12:08:57.822+0100] {processor.py:153} INFO - Started process (PID=67763) to work on /Users/oanottage/opt/anaconda3/lib/python3.8/site-packages/airflow/example_dags/example_short_circuit_operator.py
[2023-03-01T12:08:57.827+0100] {processor.py:743} INFO - Processing file /Users/oanottage/opt/anaconda3/lib/python3.8/site-packages/airflow/example_dags/example_short_circuit_operator.py for tasks to queue
[2023-03-01T12:08:57.827+0100] {logging_mixin.py:137} INFO - [2023-03-01T12:08:57.827+0100] {dagbag.py:538} INFO - Filling up the DagBag from /Users/oanottage/opt/anaconda3/lib/python3.8/site-packages/airflow/example_dags/example_short_circuit_operator.py
[2023-03-01T12:08:57.913+0100] {processor.py:753} INFO - DAG(s) dict_keys(['example_short_circuit_operator']) retrieved from /Users/oanottage/opt/anaconda3/lib/python3.8/site-packages/airflow/example_dags/example_short_circuit_operator.py
[2023-03-01T12:08:58.843+0100] {logging_mixin.py:137} INFO - [2023-03-01T12:08:58.843+0100] {dag.py:2690} INFO - Sync 1 DAGs
[2023-03-01T12:08:58.858+0100] {logging_mixin.py:137} INFO - [2023-03-01T12:08:58.857+0100] {dag.py:3437} INFO - Setting next_dagrun for example_short_circuit_operator to 2023-02-28T11:08:58.857830+00:00, run_after=2023-03-01T11:08:58.857830+00:00
[2023-03-01T12:08:58.872+0100] {processor.py:175} INFO - Processing /Users/oanottage/opt/anaconda3/lib/python3.8/site-packages/airflow/example_dags/example_short_circuit_operator.py took 1.050 seconds
[2023-03-01T12:10:59.216+0100] {processor.py:153} INFO - Started process (PID=72168) to work on /Users/oanottage/opt/anaconda3/lib/python3.8/site-packages/airflow/example_dags/example_short_circuit_operator.py
[2023-03-01T12:10:59.221+0100] {processor.py:743} INFO - Processing file /Users/oanottage/opt/anaconda3/lib/python3.8/site-packages/airflow/example_dags/example_short_circuit_operator.py for tasks to queue
[2023-03-01T12:10:59.222+0100] {logging_mixin.py:137} INFO - [2023-03-01T12:10:59.222+0100] {dagbag.py:538} INFO - Filling up the DagBag from /Users/oanottage/opt/anaconda3/lib/python3.8/site-packages/airflow/example_dags/example_short_circuit_operator.py
[2023-03-01T12:10:59.296+0100] {processor.py:753} INFO - DAG(s) dict_keys(['example_short_circuit_operator']) retrieved from /Users/oanottage/opt/anaconda3/lib/python3.8/site-packages/airflow/example_dags/example_short_circuit_operator.py
[2023-03-01T12:11:00.466+0100] {logging_mixin.py:137} INFO - [2023-03-01T12:11:00.466+0100] {dag.py:2690} INFO - Sync 1 DAGs
[2023-03-01T12:11:00.485+0100] {logging_mixin.py:137} INFO - [2023-03-01T12:11:00.484+0100] {dag.py:3437} INFO - Setting next_dagrun for example_short_circuit_operator to 2023-02-28T11:11:00.484786+00:00, run_after=2023-03-01T11:11:00.484786+00:00
[2023-03-01T12:11:00.503+0100] {processor.py:175} INFO - Processing /Users/oanottage/opt/anaconda3/lib/python3.8/site-packages/airflow/example_dags/example_short_circuit_operator.py took 1.288 seconds
[2023-03-01T12:13:02.026+0100] {processor.py:153} INFO - Started process (PID=77310) to work on /Users/oanottage/opt/anaconda3/lib/python3.8/site-packages/airflow/example_dags/example_short_circuit_operator.py
[2023-03-01T12:13:02.031+0100] {processor.py:743} INFO - Processing file /Users/oanottage/opt/anaconda3/lib/python3.8/site-packages/airflow/example_dags/example_short_circuit_operator.py for tasks to queue
[2023-03-01T12:13:02.032+0100] {logging_mixin.py:137} INFO - [2023-03-01T12:13:02.031+0100] {dagbag.py:538} INFO - Filling up the DagBag from /Users/oanottage/opt/anaconda3/lib/python3.8/site-packages/airflow/example_dags/example_short_circuit_operator.py
[2023-03-01T12:13:02.088+0100] {processor.py:753} INFO - DAG(s) dict_keys(['example_short_circuit_operator']) retrieved from /Users/oanottage/opt/anaconda3/lib/python3.8/site-packages/airflow/example_dags/example_short_circuit_operator.py
[2023-03-01T12:13:02.873+0100] {logging_mixin.py:137} INFO - [2023-03-01T12:13:02.872+0100] {dag.py:2690} INFO - Sync 1 DAGs
[2023-03-01T12:13:02.891+0100] {logging_mixin.py:137} INFO - [2023-03-01T12:13:02.891+0100] {dag.py:3437} INFO - Setting next_dagrun for example_short_circuit_operator to 2023-02-28T11:13:02.891647+00:00, run_after=2023-03-01T11:13:02.891647+00:00
[2023-03-01T12:13:02.911+0100] {processor.py:175} INFO - Processing /Users/oanottage/opt/anaconda3/lib/python3.8/site-packages/airflow/example_dags/example_short_circuit_operator.py took 0.885 seconds
[2023-03-01T12:14:53.638+0100] {processor.py:153} INFO - Started process (PID=80471) to work on /Users/oanottage/opt/anaconda3/lib/python3.8/site-packages/airflow/example_dags/example_short_circuit_operator.py
[2023-03-01T12:14:53.642+0100] {processor.py:743} INFO - Processing file /Users/oanottage/opt/anaconda3/lib/python3.8/site-packages/airflow/example_dags/example_short_circuit_operator.py for tasks to queue
[2023-03-01T12:14:53.643+0100] {logging_mixin.py:137} INFO - [2023-03-01T12:14:53.643+0100] {dagbag.py:538} INFO - Filling up the DagBag from /Users/oanottage/opt/anaconda3/lib/python3.8/site-packages/airflow/example_dags/example_short_circuit_operator.py
[2023-03-01T12:14:53.696+0100] {processor.py:753} INFO - DAG(s) dict_keys(['example_short_circuit_operator']) retrieved from /Users/oanottage/opt/anaconda3/lib/python3.8/site-packages/airflow/example_dags/example_short_circuit_operator.py
[2023-03-01T12:14:54.655+0100] {logging_mixin.py:137} INFO - [2023-03-01T12:14:54.655+0100] {dag.py:2690} INFO - Sync 1 DAGs
[2023-03-01T12:14:54.667+0100] {logging_mixin.py:137} INFO - [2023-03-01T12:14:54.667+0100] {dag.py:3437} INFO - Setting next_dagrun for example_short_circuit_operator to 2023-02-28T11:14:54.667295+00:00, run_after=2023-03-01T11:14:54.667295+00:00
[2023-03-01T12:14:54.681+0100] {processor.py:175} INFO - Processing /Users/oanottage/opt/anaconda3/lib/python3.8/site-packages/airflow/example_dags/example_short_circuit_operator.py took 1.043 seconds
[2023-03-01T12:16:57.412+0100] {processor.py:153} INFO - Started process (PID=84637) to work on /Users/oanottage/opt/anaconda3/lib/python3.8/site-packages/airflow/example_dags/example_short_circuit_operator.py
[2023-03-01T12:16:57.416+0100] {processor.py:743} INFO - Processing file /Users/oanottage/opt/anaconda3/lib/python3.8/site-packages/airflow/example_dags/example_short_circuit_operator.py for tasks to queue
[2023-03-01T12:16:57.416+0100] {logging_mixin.py:137} INFO - [2023-03-01T12:16:57.416+0100] {dagbag.py:538} INFO - Filling up the DagBag from /Users/oanottage/opt/anaconda3/lib/python3.8/site-packages/airflow/example_dags/example_short_circuit_operator.py
[2023-03-01T12:16:57.478+0100] {processor.py:753} INFO - DAG(s) dict_keys(['example_short_circuit_operator']) retrieved from /Users/oanottage/opt/anaconda3/lib/python3.8/site-packages/airflow/example_dags/example_short_circuit_operator.py
[2023-03-01T12:16:58.422+0100] {logging_mixin.py:137} INFO - [2023-03-01T12:16:58.422+0100] {dag.py:2690} INFO - Sync 1 DAGs
[2023-03-01T12:16:58.437+0100] {logging_mixin.py:137} INFO - [2023-03-01T12:16:58.437+0100] {dag.py:3437} INFO - Setting next_dagrun for example_short_circuit_operator to 2023-02-28T11:16:58.437310+00:00, run_after=2023-03-01T11:16:58.437310+00:00
[2023-03-01T12:16:58.451+0100] {processor.py:175} INFO - Processing /Users/oanottage/opt/anaconda3/lib/python3.8/site-packages/airflow/example_dags/example_short_circuit_operator.py took 1.040 seconds
[2023-03-01T12:18:53.243+0100] {processor.py:153} INFO - Started process (PID=88852) to work on /Users/oanottage/opt/anaconda3/lib/python3.8/site-packages/airflow/example_dags/example_short_circuit_operator.py
[2023-03-01T12:18:53.246+0100] {processor.py:743} INFO - Processing file /Users/oanottage/opt/anaconda3/lib/python3.8/site-packages/airflow/example_dags/example_short_circuit_operator.py for tasks to queue
[2023-03-01T12:18:53.247+0100] {logging_mixin.py:137} INFO - [2023-03-01T12:18:53.247+0100] {dagbag.py:538} INFO - Filling up the DagBag from /Users/oanottage/opt/anaconda3/lib/python3.8/site-packages/airflow/example_dags/example_short_circuit_operator.py
[2023-03-01T12:18:53.301+0100] {processor.py:753} INFO - DAG(s) dict_keys(['example_short_circuit_operator']) retrieved from /Users/oanottage/opt/anaconda3/lib/python3.8/site-packages/airflow/example_dags/example_short_circuit_operator.py
[2023-03-01T12:18:54.186+0100] {logging_mixin.py:137} INFO - [2023-03-01T12:18:54.186+0100] {dag.py:2690} INFO - Sync 1 DAGs
[2023-03-01T12:18:54.200+0100] {logging_mixin.py:137} INFO - [2023-03-01T12:18:54.200+0100] {dag.py:3437} INFO - Setting next_dagrun for example_short_circuit_operator to 2023-02-28T11:18:54.200192+00:00, run_after=2023-03-01T11:18:54.200192+00:00
[2023-03-01T12:18:54.214+0100] {processor.py:175} INFO - Processing /Users/oanottage/opt/anaconda3/lib/python3.8/site-packages/airflow/example_dags/example_short_circuit_operator.py took 0.972 seconds
[2023-03-01T12:20:46.586+0100] {processor.py:153} INFO - Started process (PID=93081) to work on /Users/oanottage/opt/anaconda3/lib/python3.8/site-packages/airflow/example_dags/example_short_circuit_operator.py
[2023-03-01T12:20:46.590+0100] {processor.py:743} INFO - Processing file /Users/oanottage/opt/anaconda3/lib/python3.8/site-packages/airflow/example_dags/example_short_circuit_operator.py for tasks to queue
[2023-03-01T12:20:46.590+0100] {logging_mixin.py:137} INFO - [2023-03-01T12:20:46.590+0100] {dagbag.py:538} INFO - Filling up the DagBag from /Users/oanottage/opt/anaconda3/lib/python3.8/site-packages/airflow/example_dags/example_short_circuit_operator.py
[2023-03-01T12:20:46.648+0100] {processor.py:753} INFO - DAG(s) dict_keys(['example_short_circuit_operator']) retrieved from /Users/oanottage/opt/anaconda3/lib/python3.8/site-packages/airflow/example_dags/example_short_circuit_operator.py
[2023-03-01T12:20:47.649+0100] {logging_mixin.py:137} INFO - [2023-03-01T12:20:47.649+0100] {dag.py:2690} INFO - Sync 1 DAGs
[2023-03-01T12:20:47.670+0100] {logging_mixin.py:137} INFO - [2023-03-01T12:20:47.670+0100] {dag.py:3437} INFO - Setting next_dagrun for example_short_circuit_operator to 2023-02-28T11:20:47.669919+00:00, run_after=2023-03-01T11:20:47.669919+00:00
[2023-03-01T12:20:47.690+0100] {processor.py:175} INFO - Processing /Users/oanottage/opt/anaconda3/lib/python3.8/site-packages/airflow/example_dags/example_short_circuit_operator.py took 1.106 seconds
[2023-03-01T12:23:18.570+0100] {processor.py:153} INFO - Started process (PID=98413) to work on /Users/oanottage/opt/anaconda3/lib/python3.8/site-packages/airflow/example_dags/example_short_circuit_operator.py
[2023-03-01T12:23:18.575+0100] {processor.py:743} INFO - Processing file /Users/oanottage/opt/anaconda3/lib/python3.8/site-packages/airflow/example_dags/example_short_circuit_operator.py for tasks to queue
[2023-03-01T12:23:18.575+0100] {logging_mixin.py:137} INFO - [2023-03-01T12:23:18.575+0100] {dagbag.py:538} INFO - Filling up the DagBag from /Users/oanottage/opt/anaconda3/lib/python3.8/site-packages/airflow/example_dags/example_short_circuit_operator.py
[2023-03-01T12:23:18.626+0100] {processor.py:753} INFO - DAG(s) dict_keys(['example_short_circuit_operator']) retrieved from /Users/oanottage/opt/anaconda3/lib/python3.8/site-packages/airflow/example_dags/example_short_circuit_operator.py
[2023-03-01T12:23:19.482+0100] {logging_mixin.py:137} INFO - [2023-03-01T12:23:19.482+0100] {dag.py:2690} INFO - Sync 1 DAGs
[2023-03-01T12:23:19.496+0100] {logging_mixin.py:137} INFO - [2023-03-01T12:23:19.495+0100] {dag.py:3437} INFO - Setting next_dagrun for example_short_circuit_operator to 2023-02-28T11:23:19.495802+00:00, run_after=2023-03-01T11:23:19.495802+00:00
[2023-03-01T12:23:19.509+0100] {processor.py:175} INFO - Processing /Users/oanottage/opt/anaconda3/lib/python3.8/site-packages/airflow/example_dags/example_short_circuit_operator.py took 0.939 seconds
[2023-03-01T12:25:26.326+0100] {processor.py:153} INFO - Started process (PID=3029) to work on /Users/oanottage/opt/anaconda3/lib/python3.8/site-packages/airflow/example_dags/example_short_circuit_operator.py
[2023-03-01T12:25:26.329+0100] {processor.py:743} INFO - Processing file /Users/oanottage/opt/anaconda3/lib/python3.8/site-packages/airflow/example_dags/example_short_circuit_operator.py for tasks to queue
[2023-03-01T12:25:26.330+0100] {logging_mixin.py:137} INFO - [2023-03-01T12:25:26.330+0100] {dagbag.py:538} INFO - Filling up the DagBag from /Users/oanottage/opt/anaconda3/lib/python3.8/site-packages/airflow/example_dags/example_short_circuit_operator.py
[2023-03-01T12:25:26.387+0100] {processor.py:753} INFO - DAG(s) dict_keys(['example_short_circuit_operator']) retrieved from /Users/oanottage/opt/anaconda3/lib/python3.8/site-packages/airflow/example_dags/example_short_circuit_operator.py
[2023-03-01T12:25:27.211+0100] {logging_mixin.py:137} INFO - [2023-03-01T12:25:27.210+0100] {dag.py:2690} INFO - Sync 1 DAGs
[2023-03-01T12:25:27.228+0100] {logging_mixin.py:137} INFO - [2023-03-01T12:25:27.227+0100] {dag.py:3437} INFO - Setting next_dagrun for example_short_circuit_operator to 2023-02-28T11:25:27.227776+00:00, run_after=2023-03-01T11:25:27.227776+00:00
[2023-03-01T12:25:27.244+0100] {processor.py:175} INFO - Processing /Users/oanottage/opt/anaconda3/lib/python3.8/site-packages/airflow/example_dags/example_short_circuit_operator.py took 0.918 seconds
[2023-03-01T12:27:25.495+0100] {processor.py:153} INFO - Started process (PID=7266) to work on /Users/oanottage/opt/anaconda3/lib/python3.8/site-packages/airflow/example_dags/example_short_circuit_operator.py
[2023-03-01T12:27:25.498+0100] {processor.py:743} INFO - Processing file /Users/oanottage/opt/anaconda3/lib/python3.8/site-packages/airflow/example_dags/example_short_circuit_operator.py for tasks to queue
[2023-03-01T12:27:25.499+0100] {logging_mixin.py:137} INFO - [2023-03-01T12:27:25.498+0100] {dagbag.py:538} INFO - Filling up the DagBag from /Users/oanottage/opt/anaconda3/lib/python3.8/site-packages/airflow/example_dags/example_short_circuit_operator.py
[2023-03-01T12:27:25.554+0100] {processor.py:753} INFO - DAG(s) dict_keys(['example_short_circuit_operator']) retrieved from /Users/oanottage/opt/anaconda3/lib/python3.8/site-packages/airflow/example_dags/example_short_circuit_operator.py
[2023-03-01T12:27:26.399+0100] {logging_mixin.py:137} INFO - [2023-03-01T12:27:26.399+0100] {dag.py:2690} INFO - Sync 1 DAGs
[2023-03-01T12:27:26.411+0100] {logging_mixin.py:137} INFO - [2023-03-01T12:27:26.411+0100] {dag.py:3437} INFO - Setting next_dagrun for example_short_circuit_operator to 2023-02-28T11:27:26.411300+00:00, run_after=2023-03-01T11:27:26.411300+00:00
[2023-03-01T12:27:26.427+0100] {processor.py:175} INFO - Processing /Users/oanottage/opt/anaconda3/lib/python3.8/site-packages/airflow/example_dags/example_short_circuit_operator.py took 0.933 seconds
[2023-03-01T12:29:16.790+0100] {processor.py:153} INFO - Started process (PID=11475) to work on /Users/oanottage/opt/anaconda3/lib/python3.8/site-packages/airflow/example_dags/example_short_circuit_operator.py
[2023-03-01T12:29:16.794+0100] {processor.py:743} INFO - Processing file /Users/oanottage/opt/anaconda3/lib/python3.8/site-packages/airflow/example_dags/example_short_circuit_operator.py for tasks to queue
[2023-03-01T12:29:16.794+0100] {logging_mixin.py:137} INFO - [2023-03-01T12:29:16.794+0100] {dagbag.py:538} INFO - Filling up the DagBag from /Users/oanottage/opt/anaconda3/lib/python3.8/site-packages/airflow/example_dags/example_short_circuit_operator.py
[2023-03-01T12:29:16.849+0100] {processor.py:753} INFO - DAG(s) dict_keys(['example_short_circuit_operator']) retrieved from /Users/oanottage/opt/anaconda3/lib/python3.8/site-packages/airflow/example_dags/example_short_circuit_operator.py
[2023-03-01T12:29:17.708+0100] {logging_mixin.py:137} INFO - [2023-03-01T12:29:17.708+0100] {dag.py:2690} INFO - Sync 1 DAGs
[2023-03-01T12:29:17.720+0100] {logging_mixin.py:137} INFO - [2023-03-01T12:29:17.720+0100] {dag.py:3437} INFO - Setting next_dagrun for example_short_circuit_operator to 2023-02-28T11:29:17.720699+00:00, run_after=2023-03-01T11:29:17.720699+00:00
[2023-03-01T12:29:17.733+0100] {processor.py:175} INFO - Processing /Users/oanottage/opt/anaconda3/lib/python3.8/site-packages/airflow/example_dags/example_short_circuit_operator.py took 0.944 seconds
[2023-03-01T12:31:06.491+0100] {processor.py:153} INFO - Started process (PID=15690) to work on /Users/oanottage/opt/anaconda3/lib/python3.8/site-packages/airflow/example_dags/example_short_circuit_operator.py
[2023-03-01T12:31:06.494+0100] {processor.py:743} INFO - Processing file /Users/oanottage/opt/anaconda3/lib/python3.8/site-packages/airflow/example_dags/example_short_circuit_operator.py for tasks to queue
[2023-03-01T12:31:06.495+0100] {logging_mixin.py:137} INFO - [2023-03-01T12:31:06.494+0100] {dagbag.py:538} INFO - Filling up the DagBag from /Users/oanottage/opt/anaconda3/lib/python3.8/site-packages/airflow/example_dags/example_short_circuit_operator.py
[2023-03-01T12:31:06.555+0100] {processor.py:753} INFO - DAG(s) dict_keys(['example_short_circuit_operator']) retrieved from /Users/oanottage/opt/anaconda3/lib/python3.8/site-packages/airflow/example_dags/example_short_circuit_operator.py
[2023-03-01T12:31:07.430+0100] {logging_mixin.py:137} INFO - [2023-03-01T12:31:07.430+0100] {dag.py:2690} INFO - Sync 1 DAGs
[2023-03-01T12:31:07.444+0100] {logging_mixin.py:137} INFO - [2023-03-01T12:31:07.444+0100] {dag.py:3437} INFO - Setting next_dagrun for example_short_circuit_operator to 2023-02-28T11:31:07.444472+00:00, run_after=2023-03-01T11:31:07.444472+00:00
[2023-03-01T12:31:07.458+0100] {processor.py:175} INFO - Processing /Users/oanottage/opt/anaconda3/lib/python3.8/site-packages/airflow/example_dags/example_short_circuit_operator.py took 0.968 seconds
[2023-03-01T12:32:55.254+0100] {processor.py:153} INFO - Started process (PID=18940) to work on /Users/oanottage/opt/anaconda3/lib/python3.8/site-packages/airflow/example_dags/example_short_circuit_operator.py
[2023-03-01T12:32:55.257+0100] {processor.py:743} INFO - Processing file /Users/oanottage/opt/anaconda3/lib/python3.8/site-packages/airflow/example_dags/example_short_circuit_operator.py for tasks to queue
[2023-03-01T12:32:55.258+0100] {logging_mixin.py:137} INFO - [2023-03-01T12:32:55.258+0100] {dagbag.py:538} INFO - Filling up the DagBag from /Users/oanottage/opt/anaconda3/lib/python3.8/site-packages/airflow/example_dags/example_short_circuit_operator.py
[2023-03-01T12:32:55.311+0100] {processor.py:753} INFO - DAG(s) dict_keys(['example_short_circuit_operator']) retrieved from /Users/oanottage/opt/anaconda3/lib/python3.8/site-packages/airflow/example_dags/example_short_circuit_operator.py
[2023-03-01T12:32:56.415+0100] {logging_mixin.py:137} INFO - [2023-03-01T12:32:56.415+0100] {dag.py:2690} INFO - Sync 1 DAGs
[2023-03-01T12:32:56.429+0100] {logging_mixin.py:137} INFO - [2023-03-01T12:32:56.429+0100] {dag.py:3437} INFO - Setting next_dagrun for example_short_circuit_operator to 2023-02-28T11:32:56.429473+00:00, run_after=2023-03-01T11:32:56.429473+00:00
[2023-03-01T12:32:56.443+0100] {processor.py:175} INFO - Processing /Users/oanottage/opt/anaconda3/lib/python3.8/site-packages/airflow/example_dags/example_short_circuit_operator.py took 1.189 seconds
[2023-03-01T12:34:45.271+0100] {processor.py:153} INFO - Started process (PID=23165) to work on /Users/oanottage/opt/anaconda3/lib/python3.8/site-packages/airflow/example_dags/example_short_circuit_operator.py
[2023-03-01T12:34:45.275+0100] {processor.py:743} INFO - Processing file /Users/oanottage/opt/anaconda3/lib/python3.8/site-packages/airflow/example_dags/example_short_circuit_operator.py for tasks to queue
[2023-03-01T12:34:45.275+0100] {logging_mixin.py:137} INFO - [2023-03-01T12:34:45.275+0100] {dagbag.py:538} INFO - Filling up the DagBag from /Users/oanottage/opt/anaconda3/lib/python3.8/site-packages/airflow/example_dags/example_short_circuit_operator.py
[2023-03-01T12:34:45.330+0100] {processor.py:753} INFO - DAG(s) dict_keys(['example_short_circuit_operator']) retrieved from /Users/oanottage/opt/anaconda3/lib/python3.8/site-packages/airflow/example_dags/example_short_circuit_operator.py
[2023-03-01T12:34:46.171+0100] {logging_mixin.py:137} INFO - [2023-03-01T12:34:46.171+0100] {dag.py:2690} INFO - Sync 1 DAGs
[2023-03-01T12:34:46.184+0100] {logging_mixin.py:137} INFO - [2023-03-01T12:34:46.184+0100] {dag.py:3437} INFO - Setting next_dagrun for example_short_circuit_operator to 2023-02-28T11:34:46.184644+00:00, run_after=2023-03-01T11:34:46.184644+00:00
[2023-03-01T12:34:46.198+0100] {processor.py:175} INFO - Processing /Users/oanottage/opt/anaconda3/lib/python3.8/site-packages/airflow/example_dags/example_short_circuit_operator.py took 0.927 seconds
[2023-03-01T12:36:38.844+0100] {processor.py:153} INFO - Started process (PID=27396) to work on /Users/oanottage/opt/anaconda3/lib/python3.8/site-packages/airflow/example_dags/example_short_circuit_operator.py
[2023-03-01T12:36:38.848+0100] {processor.py:743} INFO - Processing file /Users/oanottage/opt/anaconda3/lib/python3.8/site-packages/airflow/example_dags/example_short_circuit_operator.py for tasks to queue
[2023-03-01T12:36:38.849+0100] {logging_mixin.py:137} INFO - [2023-03-01T12:36:38.849+0100] {dagbag.py:538} INFO - Filling up the DagBag from /Users/oanottage/opt/anaconda3/lib/python3.8/site-packages/airflow/example_dags/example_short_circuit_operator.py
[2023-03-01T12:36:38.918+0100] {processor.py:753} INFO - DAG(s) dict_keys(['example_short_circuit_operator']) retrieved from /Users/oanottage/opt/anaconda3/lib/python3.8/site-packages/airflow/example_dags/example_short_circuit_operator.py
[2023-03-01T12:36:39.794+0100] {logging_mixin.py:137} INFO - [2023-03-01T12:36:39.794+0100] {dag.py:2690} INFO - Sync 1 DAGs
[2023-03-01T12:36:39.807+0100] {logging_mixin.py:137} INFO - [2023-03-01T12:36:39.807+0100] {dag.py:3437} INFO - Setting next_dagrun for example_short_circuit_operator to 2023-02-28T11:36:39.807220+00:00, run_after=2023-03-01T11:36:39.807220+00:00
[2023-03-01T12:36:39.820+0100] {processor.py:175} INFO - Processing /Users/oanottage/opt/anaconda3/lib/python3.8/site-packages/airflow/example_dags/example_short_circuit_operator.py took 0.977 seconds
[2023-03-01T12:38:33.987+0100] {processor.py:153} INFO - Started process (PID=31630) to work on /Users/oanottage/opt/anaconda3/lib/python3.8/site-packages/airflow/example_dags/example_short_circuit_operator.py
[2023-03-01T12:38:33.992+0100] {processor.py:743} INFO - Processing file /Users/oanottage/opt/anaconda3/lib/python3.8/site-packages/airflow/example_dags/example_short_circuit_operator.py for tasks to queue
[2023-03-01T12:38:33.993+0100] {logging_mixin.py:137} INFO - [2023-03-01T12:38:33.993+0100] {dagbag.py:538} INFO - Filling up the DagBag from /Users/oanottage/opt/anaconda3/lib/python3.8/site-packages/airflow/example_dags/example_short_circuit_operator.py
[2023-03-01T12:38:34.075+0100] {processor.py:753} INFO - DAG(s) dict_keys(['example_short_circuit_operator']) retrieved from /Users/oanottage/opt/anaconda3/lib/python3.8/site-packages/airflow/example_dags/example_short_circuit_operator.py
[2023-03-01T12:38:35.071+0100] {logging_mixin.py:137} INFO - [2023-03-01T12:38:35.071+0100] {dag.py:2690} INFO - Sync 1 DAGs
[2023-03-01T12:38:35.083+0100] {logging_mixin.py:137} INFO - [2023-03-01T12:38:35.083+0100] {dag.py:3437} INFO - Setting next_dagrun for example_short_circuit_operator to 2023-02-28T11:38:35.083370+00:00, run_after=2023-03-01T11:38:35.083370+00:00
[2023-03-01T12:38:35.095+0100] {processor.py:175} INFO - Processing /Users/oanottage/opt/anaconda3/lib/python3.8/site-packages/airflow/example_dags/example_short_circuit_operator.py took 1.109 seconds
[2023-03-01T12:40:41.819+0100] {processor.py:153} INFO - Started process (PID=35889) to work on /Users/oanottage/opt/anaconda3/lib/python3.8/site-packages/airflow/example_dags/example_short_circuit_operator.py
[2023-03-01T12:40:41.822+0100] {processor.py:743} INFO - Processing file /Users/oanottage/opt/anaconda3/lib/python3.8/site-packages/airflow/example_dags/example_short_circuit_operator.py for tasks to queue
[2023-03-01T12:40:41.823+0100] {logging_mixin.py:137} INFO - [2023-03-01T12:40:41.823+0100] {dagbag.py:538} INFO - Filling up the DagBag from /Users/oanottage/opt/anaconda3/lib/python3.8/site-packages/airflow/example_dags/example_short_circuit_operator.py
[2023-03-01T12:40:41.910+0100] {processor.py:753} INFO - DAG(s) dict_keys(['example_short_circuit_operator']) retrieved from /Users/oanottage/opt/anaconda3/lib/python3.8/site-packages/airflow/example_dags/example_short_circuit_operator.py
[2023-03-01T12:40:42.943+0100] {logging_mixin.py:137} INFO - [2023-03-01T12:40:42.942+0100] {dag.py:2690} INFO - Sync 1 DAGs
[2023-03-01T12:40:42.966+0100] {logging_mixin.py:137} INFO - [2023-03-01T12:40:42.966+0100] {dag.py:3437} INFO - Setting next_dagrun for example_short_circuit_operator to 2023-02-28T11:40:42.966004+00:00, run_after=2023-03-01T11:40:42.966004+00:00
[2023-03-01T12:40:42.991+0100] {processor.py:175} INFO - Processing /Users/oanottage/opt/anaconda3/lib/python3.8/site-packages/airflow/example_dags/example_short_circuit_operator.py took 1.173 seconds
[2023-03-01T12:42:47.311+0100] {processor.py:153} INFO - Started process (PID=40145) to work on /Users/oanottage/opt/anaconda3/lib/python3.8/site-packages/airflow/example_dags/example_short_circuit_operator.py
[2023-03-01T12:42:47.315+0100] {processor.py:743} INFO - Processing file /Users/oanottage/opt/anaconda3/lib/python3.8/site-packages/airflow/example_dags/example_short_circuit_operator.py for tasks to queue
[2023-03-01T12:42:47.315+0100] {logging_mixin.py:137} INFO - [2023-03-01T12:42:47.315+0100] {dagbag.py:538} INFO - Filling up the DagBag from /Users/oanottage/opt/anaconda3/lib/python3.8/site-packages/airflow/example_dags/example_short_circuit_operator.py
[2023-03-01T12:42:47.372+0100] {processor.py:753} INFO - DAG(s) dict_keys(['example_short_circuit_operator']) retrieved from /Users/oanottage/opt/anaconda3/lib/python3.8/site-packages/airflow/example_dags/example_short_circuit_operator.py
[2023-03-01T12:42:48.258+0100] {logging_mixin.py:137} INFO - [2023-03-01T12:42:48.257+0100] {dag.py:2690} INFO - Sync 1 DAGs
[2023-03-01T12:42:48.269+0100] {logging_mixin.py:137} INFO - [2023-03-01T12:42:48.269+0100] {dag.py:3437} INFO - Setting next_dagrun for example_short_circuit_operator to 2023-02-28T11:42:48.269771+00:00, run_after=2023-03-01T11:42:48.269771+00:00
[2023-03-01T12:42:48.282+0100] {processor.py:175} INFO - Processing /Users/oanottage/opt/anaconda3/lib/python3.8/site-packages/airflow/example_dags/example_short_circuit_operator.py took 0.971 seconds
[2023-03-01T12:45:01.630+0100] {processor.py:153} INFO - Started process (PID=45293) to work on /Users/oanottage/opt/anaconda3/lib/python3.8/site-packages/airflow/example_dags/example_short_circuit_operator.py
[2023-03-01T12:45:01.633+0100] {processor.py:743} INFO - Processing file /Users/oanottage/opt/anaconda3/lib/python3.8/site-packages/airflow/example_dags/example_short_circuit_operator.py for tasks to queue
[2023-03-01T12:45:01.634+0100] {logging_mixin.py:137} INFO - [2023-03-01T12:45:01.634+0100] {dagbag.py:538} INFO - Filling up the DagBag from /Users/oanottage/opt/anaconda3/lib/python3.8/site-packages/airflow/example_dags/example_short_circuit_operator.py
[2023-03-01T12:45:01.689+0100] {processor.py:753} INFO - DAG(s) dict_keys(['example_short_circuit_operator']) retrieved from /Users/oanottage/opt/anaconda3/lib/python3.8/site-packages/airflow/example_dags/example_short_circuit_operator.py
[2023-03-01T12:45:02.912+0100] {logging_mixin.py:137} INFO - [2023-03-01T12:45:02.912+0100] {dag.py:2690} INFO - Sync 1 DAGs
[2023-03-01T12:45:02.933+0100] {logging_mixin.py:137} INFO - [2023-03-01T12:45:02.933+0100] {dag.py:3437} INFO - Setting next_dagrun for example_short_circuit_operator to 2023-02-28T11:45:02.932970+00:00, run_after=2023-03-01T11:45:02.932970+00:00
[2023-03-01T12:45:02.954+0100] {processor.py:175} INFO - Processing /Users/oanottage/opt/anaconda3/lib/python3.8/site-packages/airflow/example_dags/example_short_circuit_operator.py took 1.324 seconds
[2023-03-01T12:47:03.511+0100] {processor.py:153} INFO - Started process (PID=49754) to work on /Users/oanottage/opt/anaconda3/lib/python3.8/site-packages/airflow/example_dags/example_short_circuit_operator.py
[2023-03-01T12:47:03.516+0100] {processor.py:743} INFO - Processing file /Users/oanottage/opt/anaconda3/lib/python3.8/site-packages/airflow/example_dags/example_short_circuit_operator.py for tasks to queue
[2023-03-01T12:47:03.516+0100] {logging_mixin.py:137} INFO - [2023-03-01T12:47:03.516+0100] {dagbag.py:538} INFO - Filling up the DagBag from /Users/oanottage/opt/anaconda3/lib/python3.8/site-packages/airflow/example_dags/example_short_circuit_operator.py
[2023-03-01T12:47:03.597+0100] {processor.py:753} INFO - DAG(s) dict_keys(['example_short_circuit_operator']) retrieved from /Users/oanottage/opt/anaconda3/lib/python3.8/site-packages/airflow/example_dags/example_short_circuit_operator.py
[2023-03-01T12:47:04.781+0100] {logging_mixin.py:137} INFO - [2023-03-01T12:47:04.780+0100] {dag.py:2690} INFO - Sync 1 DAGs
[2023-03-01T12:47:04.803+0100] {logging_mixin.py:137} INFO - [2023-03-01T12:47:04.803+0100] {dag.py:3437} INFO - Setting next_dagrun for example_short_circuit_operator to 2023-02-28T11:47:04.802965+00:00, run_after=2023-03-01T11:47:04.802965+00:00
[2023-03-01T12:47:04.826+0100] {processor.py:175} INFO - Processing /Users/oanottage/opt/anaconda3/lib/python3.8/site-packages/airflow/example_dags/example_short_circuit_operator.py took 1.316 seconds
[2023-03-01T12:49:12.985+0100] {processor.py:153} INFO - Started process (PID=54052) to work on /Users/oanottage/opt/anaconda3/lib/python3.8/site-packages/airflow/example_dags/example_short_circuit_operator.py
[2023-03-01T12:49:12.991+0100] {processor.py:743} INFO - Processing file /Users/oanottage/opt/anaconda3/lib/python3.8/site-packages/airflow/example_dags/example_short_circuit_operator.py for tasks to queue
[2023-03-01T12:49:12.992+0100] {logging_mixin.py:137} INFO - [2023-03-01T12:49:12.991+0100] {dagbag.py:538} INFO - Filling up the DagBag from /Users/oanottage/opt/anaconda3/lib/python3.8/site-packages/airflow/example_dags/example_short_circuit_operator.py
[2023-03-01T12:49:13.113+0100] {processor.py:753} INFO - DAG(s) dict_keys(['example_short_circuit_operator']) retrieved from /Users/oanottage/opt/anaconda3/lib/python3.8/site-packages/airflow/example_dags/example_short_circuit_operator.py
[2023-03-01T12:49:14.578+0100] {logging_mixin.py:137} INFO - [2023-03-01T12:49:14.578+0100] {dag.py:2690} INFO - Sync 1 DAGs
[2023-03-01T12:49:14.595+0100] {logging_mixin.py:137} INFO - [2023-03-01T12:49:14.595+0100] {dag.py:3437} INFO - Setting next_dagrun for example_short_circuit_operator to 2023-02-28T11:49:14.595121+00:00, run_after=2023-03-01T11:49:14.595121+00:00
[2023-03-01T12:49:14.612+0100] {processor.py:175} INFO - Processing /Users/oanottage/opt/anaconda3/lib/python3.8/site-packages/airflow/example_dags/example_short_circuit_operator.py took 1.628 seconds
[2023-03-01T12:51:12.194+0100] {processor.py:153} INFO - Started process (PID=58343) to work on /Users/oanottage/opt/anaconda3/lib/python3.8/site-packages/airflow/example_dags/example_short_circuit_operator.py
[2023-03-01T12:51:12.199+0100] {processor.py:743} INFO - Processing file /Users/oanottage/opt/anaconda3/lib/python3.8/site-packages/airflow/example_dags/example_short_circuit_operator.py for tasks to queue
[2023-03-01T12:51:12.199+0100] {logging_mixin.py:137} INFO - [2023-03-01T12:51:12.199+0100] {dagbag.py:538} INFO - Filling up the DagBag from /Users/oanottage/opt/anaconda3/lib/python3.8/site-packages/airflow/example_dags/example_short_circuit_operator.py
[2023-03-01T12:51:12.255+0100] {processor.py:753} INFO - DAG(s) dict_keys(['example_short_circuit_operator']) retrieved from /Users/oanottage/opt/anaconda3/lib/python3.8/site-packages/airflow/example_dags/example_short_circuit_operator.py
[2023-03-01T12:51:13.084+0100] {logging_mixin.py:137} INFO - [2023-03-01T12:51:13.084+0100] {dag.py:2690} INFO - Sync 1 DAGs
[2023-03-01T12:51:13.102+0100] {logging_mixin.py:137} INFO - [2023-03-01T12:51:13.101+0100] {dag.py:3437} INFO - Setting next_dagrun for example_short_circuit_operator to 2023-02-28T11:51:13.101760+00:00, run_after=2023-03-01T11:51:13.101760+00:00
[2023-03-01T12:51:13.118+0100] {processor.py:175} INFO - Processing /Users/oanottage/opt/anaconda3/lib/python3.8/site-packages/airflow/example_dags/example_short_circuit_operator.py took 0.925 seconds
[2023-03-01T12:53:13.641+0100] {processor.py:153} INFO - Started process (PID=62598) to work on /Users/oanottage/opt/anaconda3/lib/python3.8/site-packages/airflow/example_dags/example_short_circuit_operator.py
[2023-03-01T12:53:13.645+0100] {processor.py:743} INFO - Processing file /Users/oanottage/opt/anaconda3/lib/python3.8/site-packages/airflow/example_dags/example_short_circuit_operator.py for tasks to queue
[2023-03-01T12:53:13.646+0100] {logging_mixin.py:137} INFO - [2023-03-01T12:53:13.645+0100] {dagbag.py:538} INFO - Filling up the DagBag from /Users/oanottage/opt/anaconda3/lib/python3.8/site-packages/airflow/example_dags/example_short_circuit_operator.py
[2023-03-01T12:53:13.703+0100] {processor.py:753} INFO - DAG(s) dict_keys(['example_short_circuit_operator']) retrieved from /Users/oanottage/opt/anaconda3/lib/python3.8/site-packages/airflow/example_dags/example_short_circuit_operator.py
[2023-03-01T12:53:14.594+0100] {logging_mixin.py:137} INFO - [2023-03-01T12:53:14.594+0100] {dag.py:2690} INFO - Sync 1 DAGs
[2023-03-01T12:53:14.608+0100] {logging_mixin.py:137} INFO - [2023-03-01T12:53:14.608+0100] {dag.py:3437} INFO - Setting next_dagrun for example_short_circuit_operator to 2023-02-28T11:53:14.608483+00:00, run_after=2023-03-01T11:53:14.608483+00:00
[2023-03-01T12:53:14.622+0100] {processor.py:175} INFO - Processing /Users/oanottage/opt/anaconda3/lib/python3.8/site-packages/airflow/example_dags/example_short_circuit_operator.py took 0.982 seconds
[2023-03-01T12:55:12.802+0100] {processor.py:153} INFO - Started process (PID=66900) to work on /Users/oanottage/opt/anaconda3/lib/python3.8/site-packages/airflow/example_dags/example_short_circuit_operator.py
[2023-03-01T12:55:12.806+0100] {processor.py:743} INFO - Processing file /Users/oanottage/opt/anaconda3/lib/python3.8/site-packages/airflow/example_dags/example_short_circuit_operator.py for tasks to queue
[2023-03-01T12:55:12.807+0100] {logging_mixin.py:137} INFO - [2023-03-01T12:55:12.807+0100] {dagbag.py:538} INFO - Filling up the DagBag from /Users/oanottage/opt/anaconda3/lib/python3.8/site-packages/airflow/example_dags/example_short_circuit_operator.py
[2023-03-01T12:55:12.876+0100] {processor.py:753} INFO - DAG(s) dict_keys(['example_short_circuit_operator']) retrieved from /Users/oanottage/opt/anaconda3/lib/python3.8/site-packages/airflow/example_dags/example_short_circuit_operator.py
[2023-03-01T12:55:13.835+0100] {logging_mixin.py:137} INFO - [2023-03-01T12:55:13.835+0100] {dag.py:2690} INFO - Sync 1 DAGs
[2023-03-01T12:55:13.856+0100] {logging_mixin.py:137} INFO - [2023-03-01T12:55:13.856+0100] {dag.py:3437} INFO - Setting next_dagrun for example_short_circuit_operator to 2023-02-28T11:55:13.856174+00:00, run_after=2023-03-01T11:55:13.856174+00:00
[2023-03-01T12:55:13.879+0100] {processor.py:175} INFO - Processing /Users/oanottage/opt/anaconda3/lib/python3.8/site-packages/airflow/example_dags/example_short_circuit_operator.py took 1.077 seconds
[2023-03-01T12:57:04.154+0100] {processor.py:153} INFO - Started process (PID=71162) to work on /Users/oanottage/opt/anaconda3/lib/python3.8/site-packages/airflow/example_dags/example_short_circuit_operator.py
[2023-03-01T12:57:04.158+0100] {processor.py:743} INFO - Processing file /Users/oanottage/opt/anaconda3/lib/python3.8/site-packages/airflow/example_dags/example_short_circuit_operator.py for tasks to queue
[2023-03-01T12:57:04.159+0100] {logging_mixin.py:137} INFO - [2023-03-01T12:57:04.159+0100] {dagbag.py:538} INFO - Filling up the DagBag from /Users/oanottage/opt/anaconda3/lib/python3.8/site-packages/airflow/example_dags/example_short_circuit_operator.py
[2023-03-01T12:57:04.214+0100] {processor.py:753} INFO - DAG(s) dict_keys(['example_short_circuit_operator']) retrieved from /Users/oanottage/opt/anaconda3/lib/python3.8/site-packages/airflow/example_dags/example_short_circuit_operator.py
[2023-03-01T12:57:05.073+0100] {logging_mixin.py:137} INFO - [2023-03-01T12:57:05.073+0100] {dag.py:2690} INFO - Sync 1 DAGs
[2023-03-01T12:57:05.087+0100] {logging_mixin.py:137} INFO - [2023-03-01T12:57:05.087+0100] {dag.py:3437} INFO - Setting next_dagrun for example_short_circuit_operator to 2023-02-28T11:57:05.087495+00:00, run_after=2023-03-01T11:57:05.087495+00:00
[2023-03-01T12:57:05.100+0100] {processor.py:175} INFO - Processing /Users/oanottage/opt/anaconda3/lib/python3.8/site-packages/airflow/example_dags/example_short_circuit_operator.py took 0.947 seconds
[2023-03-01T12:59:01.436+0100] {processor.py:153} INFO - Started process (PID=75377) to work on /Users/oanottage/opt/anaconda3/lib/python3.8/site-packages/airflow/example_dags/example_short_circuit_operator.py
[2023-03-01T12:59:01.440+0100] {processor.py:743} INFO - Processing file /Users/oanottage/opt/anaconda3/lib/python3.8/site-packages/airflow/example_dags/example_short_circuit_operator.py for tasks to queue
[2023-03-01T12:59:01.440+0100] {logging_mixin.py:137} INFO - [2023-03-01T12:59:01.440+0100] {dagbag.py:538} INFO - Filling up the DagBag from /Users/oanottage/opt/anaconda3/lib/python3.8/site-packages/airflow/example_dags/example_short_circuit_operator.py
[2023-03-01T12:59:01.502+0100] {processor.py:753} INFO - DAG(s) dict_keys(['example_short_circuit_operator']) retrieved from /Users/oanottage/opt/anaconda3/lib/python3.8/site-packages/airflow/example_dags/example_short_circuit_operator.py
[2023-03-01T12:59:02.456+0100] {logging_mixin.py:137} INFO - [2023-03-01T12:59:02.455+0100] {dag.py:2690} INFO - Sync 1 DAGs
[2023-03-01T12:59:02.471+0100] {logging_mixin.py:137} INFO - [2023-03-01T12:59:02.471+0100] {dag.py:3437} INFO - Setting next_dagrun for example_short_circuit_operator to 2023-02-28T11:59:02.471015+00:00, run_after=2023-03-01T11:59:02.471015+00:00
[2023-03-01T12:59:02.485+0100] {processor.py:175} INFO - Processing /Users/oanottage/opt/anaconda3/lib/python3.8/site-packages/airflow/example_dags/example_short_circuit_operator.py took 1.049 seconds
[2023-03-01T13:00:58.373+0100] {processor.py:153} INFO - Started process (PID=78836) to work on /Users/oanottage/opt/anaconda3/lib/python3.8/site-packages/airflow/example_dags/example_short_circuit_operator.py
[2023-03-01T13:00:58.378+0100] {processor.py:743} INFO - Processing file /Users/oanottage/opt/anaconda3/lib/python3.8/site-packages/airflow/example_dags/example_short_circuit_operator.py for tasks to queue
[2023-03-01T13:00:58.378+0100] {logging_mixin.py:137} INFO - [2023-03-01T13:00:58.378+0100] {dagbag.py:538} INFO - Filling up the DagBag from /Users/oanottage/opt/anaconda3/lib/python3.8/site-packages/airflow/example_dags/example_short_circuit_operator.py
[2023-03-01T13:00:58.450+0100] {processor.py:753} INFO - DAG(s) dict_keys(['example_short_circuit_operator']) retrieved from /Users/oanottage/opt/anaconda3/lib/python3.8/site-packages/airflow/example_dags/example_short_circuit_operator.py
[2023-03-01T13:00:59.537+0100] {logging_mixin.py:137} INFO - [2023-03-01T13:00:59.537+0100] {dag.py:2690} INFO - Sync 1 DAGs
[2023-03-01T13:00:59.551+0100] {logging_mixin.py:137} INFO - [2023-03-01T13:00:59.551+0100] {dag.py:3437} INFO - Setting next_dagrun for example_short_circuit_operator to 2023-02-28T12:00:59.551132+00:00, run_after=2023-03-01T12:00:59.551132+00:00
[2023-03-01T13:00:59.565+0100] {processor.py:175} INFO - Processing /Users/oanottage/opt/anaconda3/lib/python3.8/site-packages/airflow/example_dags/example_short_circuit_operator.py took 1.192 seconds
