[2023-03-01T12:03:56.882+0100] {processor.py:153} INFO - Started process (PID=57295) to work on /Users/oanottage/opt/anaconda3/lib/python3.8/site-packages/airflow/example_dags/example_dag_decorator.py
[2023-03-01T12:03:56.886+0100] {processor.py:743} INFO - Processing file /Users/oanottage/opt/anaconda3/lib/python3.8/site-packages/airflow/example_dags/example_dag_decorator.py for tasks to queue
[2023-03-01T12:03:56.886+0100] {logging_mixin.py:137} INFO - [2023-03-01T12:03:56.886+0100] {dagbag.py:538} INFO - Filling up the DagBag from /Users/oanottage/opt/anaconda3/lib/python3.8/site-packages/airflow/example_dags/example_dag_decorator.py
[2023-03-01T12:03:57.074+0100] {logging_mixin.py:137} INFO - [2023-03-01T12:03:57.074+0100] {taskmixin.py:205} WARNING - Dependency <Task(_PythonDecoratedOperator): prepare_email>, send_email already registered for DAG: example_dag_decorator
[2023-03-01T12:03:57.074+0100] {logging_mixin.py:137} INFO - [2023-03-01T12:03:57.074+0100] {taskmixin.py:205} WARNING - Dependency <Task(EmailOperator): send_email>, prepare_email already registered for DAG: example_dag_decorator
[2023-03-01T12:03:57.108+0100] {processor.py:753} INFO - DAG(s) dict_keys(['example_dag_decorator']) retrieved from /Users/oanottage/opt/anaconda3/lib/python3.8/site-packages/airflow/example_dags/example_dag_decorator.py
[2023-03-01T12:03:58.050+0100] {logging_mixin.py:137} INFO - [2023-03-01T12:03:58.050+0100] {manager.py:504} INFO - Created Permission View: can read on DAG:example_dag_decorator
[2023-03-01T12:03:58.056+0100] {logging_mixin.py:137} INFO - [2023-03-01T12:03:58.056+0100] {manager.py:504} INFO - Created Permission View: can delete on DAG:example_dag_decorator
[2023-03-01T12:03:58.061+0100] {logging_mixin.py:137} INFO - [2023-03-01T12:03:58.061+0100] {manager.py:504} INFO - Created Permission View: can edit on DAG:example_dag_decorator
[2023-03-01T12:03:58.061+0100] {logging_mixin.py:137} INFO - [2023-03-01T12:03:58.061+0100] {dag.py:2690} INFO - Sync 1 DAGs
[2023-03-01T12:03:58.070+0100] {logging_mixin.py:137} INFO - [2023-03-01T12:03:58.070+0100] {dag.py:2711} INFO - Creating ORM DAG for example_dag_decorator
[2023-03-01T12:03:58.077+0100] {logging_mixin.py:137} INFO - [2023-03-01T12:03:58.077+0100] {dag.py:3437} INFO - Setting next_dagrun for example_dag_decorator to None, run_after=None
[2023-03-01T12:03:58.092+0100] {processor.py:175} INFO - Processing /Users/oanottage/opt/anaconda3/lib/python3.8/site-packages/airflow/example_dags/example_dag_decorator.py took 1.210 seconds
[2023-03-01T12:05:54.500+0100] {processor.py:153} INFO - Started process (PID=61475) to work on /Users/oanottage/opt/anaconda3/lib/python3.8/site-packages/airflow/example_dags/example_dag_decorator.py
[2023-03-01T12:05:54.503+0100] {processor.py:743} INFO - Processing file /Users/oanottage/opt/anaconda3/lib/python3.8/site-packages/airflow/example_dags/example_dag_decorator.py for tasks to queue
[2023-03-01T12:05:54.503+0100] {logging_mixin.py:137} INFO - [2023-03-01T12:05:54.503+0100] {dagbag.py:538} INFO - Filling up the DagBag from /Users/oanottage/opt/anaconda3/lib/python3.8/site-packages/airflow/example_dags/example_dag_decorator.py
[2023-03-01T12:05:54.632+0100] {logging_mixin.py:137} INFO - [2023-03-01T12:05:54.632+0100] {taskmixin.py:205} WARNING - Dependency <Task(_PythonDecoratedOperator): prepare_email>, send_email already registered for DAG: example_dag_decorator
[2023-03-01T12:05:54.633+0100] {logging_mixin.py:137} INFO - [2023-03-01T12:05:54.632+0100] {taskmixin.py:205} WARNING - Dependency <Task(EmailOperator): send_email>, prepare_email already registered for DAG: example_dag_decorator
[2023-03-01T12:05:54.657+0100] {processor.py:753} INFO - DAG(s) dict_keys(['example_dag_decorator']) retrieved from /Users/oanottage/opt/anaconda3/lib/python3.8/site-packages/airflow/example_dags/example_dag_decorator.py
[2023-03-01T12:05:55.444+0100] {logging_mixin.py:137} INFO - [2023-03-01T12:05:55.444+0100] {dag.py:2690} INFO - Sync 1 DAGs
[2023-03-01T12:05:55.459+0100] {logging_mixin.py:137} INFO - [2023-03-01T12:05:55.459+0100] {dag.py:3437} INFO - Setting next_dagrun for example_dag_decorator to None, run_after=None
[2023-03-01T12:05:55.474+0100] {processor.py:175} INFO - Processing /Users/oanottage/opt/anaconda3/lib/python3.8/site-packages/airflow/example_dags/example_dag_decorator.py took 0.974 seconds
[2023-03-01T12:07:48.601+0100] {processor.py:153} INFO - Started process (PID=65669) to work on /Users/oanottage/opt/anaconda3/lib/python3.8/site-packages/airflow/example_dags/example_dag_decorator.py
[2023-03-01T12:07:48.604+0100] {processor.py:743} INFO - Processing file /Users/oanottage/opt/anaconda3/lib/python3.8/site-packages/airflow/example_dags/example_dag_decorator.py for tasks to queue
[2023-03-01T12:07:48.605+0100] {logging_mixin.py:137} INFO - [2023-03-01T12:07:48.605+0100] {dagbag.py:538} INFO - Filling up the DagBag from /Users/oanottage/opt/anaconda3/lib/python3.8/site-packages/airflow/example_dags/example_dag_decorator.py
[2023-03-01T12:07:48.730+0100] {logging_mixin.py:137} INFO - [2023-03-01T12:07:48.730+0100] {taskmixin.py:205} WARNING - Dependency <Task(_PythonDecoratedOperator): prepare_email>, send_email already registered for DAG: example_dag_decorator
[2023-03-01T12:07:48.730+0100] {logging_mixin.py:137} INFO - [2023-03-01T12:07:48.730+0100] {taskmixin.py:205} WARNING - Dependency <Task(EmailOperator): send_email>, prepare_email already registered for DAG: example_dag_decorator
[2023-03-01T12:07:48.754+0100] {processor.py:753} INFO - DAG(s) dict_keys(['example_dag_decorator']) retrieved from /Users/oanottage/opt/anaconda3/lib/python3.8/site-packages/airflow/example_dags/example_dag_decorator.py
[2023-03-01T12:07:49.550+0100] {logging_mixin.py:137} INFO - [2023-03-01T12:07:49.550+0100] {dag.py:2690} INFO - Sync 1 DAGs
[2023-03-01T12:07:49.562+0100] {logging_mixin.py:137} INFO - [2023-03-01T12:07:49.562+0100] {dag.py:3437} INFO - Setting next_dagrun for example_dag_decorator to None, run_after=None
[2023-03-01T12:07:49.574+0100] {processor.py:175} INFO - Processing /Users/oanottage/opt/anaconda3/lib/python3.8/site-packages/airflow/example_dags/example_dag_decorator.py took 0.974 seconds
[2023-03-01T12:09:42.030+0100] {processor.py:153} INFO - Started process (PID=69847) to work on /Users/oanottage/opt/anaconda3/lib/python3.8/site-packages/airflow/example_dags/example_dag_decorator.py
[2023-03-01T12:09:42.034+0100] {processor.py:743} INFO - Processing file /Users/oanottage/opt/anaconda3/lib/python3.8/site-packages/airflow/example_dags/example_dag_decorator.py for tasks to queue
[2023-03-01T12:09:42.035+0100] {logging_mixin.py:137} INFO - [2023-03-01T12:09:42.034+0100] {dagbag.py:538} INFO - Filling up the DagBag from /Users/oanottage/opt/anaconda3/lib/python3.8/site-packages/airflow/example_dags/example_dag_decorator.py
[2023-03-01T12:09:42.213+0100] {logging_mixin.py:137} INFO - [2023-03-01T12:09:42.213+0100] {taskmixin.py:205} WARNING - Dependency <Task(_PythonDecoratedOperator): prepare_email>, send_email already registered for DAG: example_dag_decorator
[2023-03-01T12:09:42.213+0100] {logging_mixin.py:137} INFO - [2023-03-01T12:09:42.213+0100] {taskmixin.py:205} WARNING - Dependency <Task(EmailOperator): send_email>, prepare_email already registered for DAG: example_dag_decorator
[2023-03-01T12:09:42.244+0100] {processor.py:753} INFO - DAG(s) dict_keys(['example_dag_decorator']) retrieved from /Users/oanottage/opt/anaconda3/lib/python3.8/site-packages/airflow/example_dags/example_dag_decorator.py
[2023-03-01T12:09:43.104+0100] {logging_mixin.py:137} INFO - [2023-03-01T12:09:43.104+0100] {dag.py:2690} INFO - Sync 1 DAGs
[2023-03-01T12:09:43.118+0100] {logging_mixin.py:137} INFO - [2023-03-01T12:09:43.118+0100] {dag.py:3437} INFO - Setting next_dagrun for example_dag_decorator to None, run_after=None
[2023-03-01T12:09:43.132+0100] {processor.py:175} INFO - Processing /Users/oanottage/opt/anaconda3/lib/python3.8/site-packages/airflow/example_dags/example_dag_decorator.py took 1.103 seconds
[2023-03-01T12:11:48.546+0100] {processor.py:153} INFO - Started process (PID=74134) to work on /Users/oanottage/opt/anaconda3/lib/python3.8/site-packages/airflow/example_dags/example_dag_decorator.py
[2023-03-01T12:11:48.549+0100] {processor.py:743} INFO - Processing file /Users/oanottage/opt/anaconda3/lib/python3.8/site-packages/airflow/example_dags/example_dag_decorator.py for tasks to queue
[2023-03-01T12:11:48.550+0100] {logging_mixin.py:137} INFO - [2023-03-01T12:11:48.550+0100] {dagbag.py:538} INFO - Filling up the DagBag from /Users/oanottage/opt/anaconda3/lib/python3.8/site-packages/airflow/example_dags/example_dag_decorator.py
[2023-03-01T12:11:48.682+0100] {logging_mixin.py:137} INFO - [2023-03-01T12:11:48.682+0100] {taskmixin.py:205} WARNING - Dependency <Task(_PythonDecoratedOperator): prepare_email>, send_email already registered for DAG: example_dag_decorator
[2023-03-01T12:11:48.682+0100] {logging_mixin.py:137} INFO - [2023-03-01T12:11:48.682+0100] {taskmixin.py:205} WARNING - Dependency <Task(EmailOperator): send_email>, prepare_email already registered for DAG: example_dag_decorator
[2023-03-01T12:11:48.707+0100] {processor.py:753} INFO - DAG(s) dict_keys(['example_dag_decorator']) retrieved from /Users/oanottage/opt/anaconda3/lib/python3.8/site-packages/airflow/example_dags/example_dag_decorator.py
[2023-03-01T12:11:49.498+0100] {logging_mixin.py:137} INFO - [2023-03-01T12:11:49.498+0100] {dag.py:2690} INFO - Sync 1 DAGs
[2023-03-01T12:11:49.512+0100] {logging_mixin.py:137} INFO - [2023-03-01T12:11:49.512+0100] {dag.py:3437} INFO - Setting next_dagrun for example_dag_decorator to None, run_after=None
[2023-03-01T12:11:49.525+0100] {processor.py:175} INFO - Processing /Users/oanottage/opt/anaconda3/lib/python3.8/site-packages/airflow/example_dags/example_dag_decorator.py took 0.979 seconds
[2023-03-01T12:13:43.451+0100] {processor.py:153} INFO - Started process (PID=78372) to work on /Users/oanottage/opt/anaconda3/lib/python3.8/site-packages/airflow/example_dags/example_dag_decorator.py
[2023-03-01T12:13:43.455+0100] {processor.py:743} INFO - Processing file /Users/oanottage/opt/anaconda3/lib/python3.8/site-packages/airflow/example_dags/example_dag_decorator.py for tasks to queue
[2023-03-01T12:13:43.455+0100] {logging_mixin.py:137} INFO - [2023-03-01T12:13:43.455+0100] {dagbag.py:538} INFO - Filling up the DagBag from /Users/oanottage/opt/anaconda3/lib/python3.8/site-packages/airflow/example_dags/example_dag_decorator.py
[2023-03-01T12:13:43.591+0100] {logging_mixin.py:137} INFO - [2023-03-01T12:13:43.591+0100] {taskmixin.py:205} WARNING - Dependency <Task(_PythonDecoratedOperator): prepare_email>, send_email already registered for DAG: example_dag_decorator
[2023-03-01T12:13:43.591+0100] {logging_mixin.py:137} INFO - [2023-03-01T12:13:43.591+0100] {taskmixin.py:205} WARNING - Dependency <Task(EmailOperator): send_email>, prepare_email already registered for DAG: example_dag_decorator
[2023-03-01T12:13:43.617+0100] {processor.py:753} INFO - DAG(s) dict_keys(['example_dag_decorator']) retrieved from /Users/oanottage/opt/anaconda3/lib/python3.8/site-packages/airflow/example_dags/example_dag_decorator.py
[2023-03-01T12:13:44.432+0100] {logging_mixin.py:137} INFO - [2023-03-01T12:13:44.432+0100] {dag.py:2690} INFO - Sync 1 DAGs
[2023-03-01T12:13:44.444+0100] {logging_mixin.py:137} INFO - [2023-03-01T12:13:44.444+0100] {dag.py:3437} INFO - Setting next_dagrun for example_dag_decorator to None, run_after=None
[2023-03-01T12:13:44.458+0100] {processor.py:175} INFO - Processing /Users/oanottage/opt/anaconda3/lib/python3.8/site-packages/airflow/example_dags/example_dag_decorator.py took 1.007 seconds
[2023-03-01T12:15:35.165+0100] {processor.py:153} INFO - Started process (PID=82531) to work on /Users/oanottage/opt/anaconda3/lib/python3.8/site-packages/airflow/example_dags/example_dag_decorator.py
[2023-03-01T12:15:35.170+0100] {processor.py:743} INFO - Processing file /Users/oanottage/opt/anaconda3/lib/python3.8/site-packages/airflow/example_dags/example_dag_decorator.py for tasks to queue
[2023-03-01T12:15:35.171+0100] {logging_mixin.py:137} INFO - [2023-03-01T12:15:35.171+0100] {dagbag.py:538} INFO - Filling up the DagBag from /Users/oanottage/opt/anaconda3/lib/python3.8/site-packages/airflow/example_dags/example_dag_decorator.py
[2023-03-01T12:15:35.307+0100] {logging_mixin.py:137} INFO - [2023-03-01T12:15:35.307+0100] {taskmixin.py:205} WARNING - Dependency <Task(_PythonDecoratedOperator): prepare_email>, send_email already registered for DAG: example_dag_decorator
[2023-03-01T12:15:35.307+0100] {logging_mixin.py:137} INFO - [2023-03-01T12:15:35.307+0100] {taskmixin.py:205} WARNING - Dependency <Task(EmailOperator): send_email>, prepare_email already registered for DAG: example_dag_decorator
[2023-03-01T12:15:35.334+0100] {processor.py:753} INFO - DAG(s) dict_keys(['example_dag_decorator']) retrieved from /Users/oanottage/opt/anaconda3/lib/python3.8/site-packages/airflow/example_dags/example_dag_decorator.py
[2023-03-01T12:15:36.122+0100] {logging_mixin.py:137} INFO - [2023-03-01T12:15:36.122+0100] {dag.py:2690} INFO - Sync 1 DAGs
[2023-03-01T12:15:36.135+0100] {logging_mixin.py:137} INFO - [2023-03-01T12:15:36.135+0100] {dag.py:3437} INFO - Setting next_dagrun for example_dag_decorator to None, run_after=None
[2023-03-01T12:15:36.150+0100] {processor.py:175} INFO - Processing /Users/oanottage/opt/anaconda3/lib/python3.8/site-packages/airflow/example_dags/example_dag_decorator.py took 0.985 seconds
[2023-03-01T12:17:39.738+0100] {processor.py:153} INFO - Started process (PID=86714) to work on /Users/oanottage/opt/anaconda3/lib/python3.8/site-packages/airflow/example_dags/example_dag_decorator.py
[2023-03-01T12:17:39.743+0100] {processor.py:743} INFO - Processing file /Users/oanottage/opt/anaconda3/lib/python3.8/site-packages/airflow/example_dags/example_dag_decorator.py for tasks to queue
[2023-03-01T12:17:39.744+0100] {logging_mixin.py:137} INFO - [2023-03-01T12:17:39.744+0100] {dagbag.py:538} INFO - Filling up the DagBag from /Users/oanottage/opt/anaconda3/lib/python3.8/site-packages/airflow/example_dags/example_dag_decorator.py
[2023-03-01T12:17:39.896+0100] {logging_mixin.py:137} INFO - [2023-03-01T12:17:39.895+0100] {taskmixin.py:205} WARNING - Dependency <Task(_PythonDecoratedOperator): prepare_email>, send_email already registered for DAG: example_dag_decorator
[2023-03-01T12:17:39.896+0100] {logging_mixin.py:137} INFO - [2023-03-01T12:17:39.896+0100] {taskmixin.py:205} WARNING - Dependency <Task(EmailOperator): send_email>, prepare_email already registered for DAG: example_dag_decorator
[2023-03-01T12:17:39.936+0100] {processor.py:753} INFO - DAG(s) dict_keys(['example_dag_decorator']) retrieved from /Users/oanottage/opt/anaconda3/lib/python3.8/site-packages/airflow/example_dags/example_dag_decorator.py
[2023-03-01T12:17:40.814+0100] {logging_mixin.py:137} INFO - [2023-03-01T12:17:40.814+0100] {dag.py:2690} INFO - Sync 1 DAGs
[2023-03-01T12:17:40.834+0100] {logging_mixin.py:137} INFO - [2023-03-01T12:17:40.834+0100] {dag.py:3437} INFO - Setting next_dagrun for example_dag_decorator to None, run_after=None
[2023-03-01T12:17:40.857+0100] {processor.py:175} INFO - Processing /Users/oanottage/opt/anaconda3/lib/python3.8/site-packages/airflow/example_dags/example_dag_decorator.py took 1.120 seconds
[2023-03-01T12:19:33.673+0100] {processor.py:153} INFO - Started process (PID=90949) to work on /Users/oanottage/opt/anaconda3/lib/python3.8/site-packages/airflow/example_dags/example_dag_decorator.py
[2023-03-01T12:19:33.676+0100] {processor.py:743} INFO - Processing file /Users/oanottage/opt/anaconda3/lib/python3.8/site-packages/airflow/example_dags/example_dag_decorator.py for tasks to queue
[2023-03-01T12:19:33.677+0100] {logging_mixin.py:137} INFO - [2023-03-01T12:19:33.676+0100] {dagbag.py:538} INFO - Filling up the DagBag from /Users/oanottage/opt/anaconda3/lib/python3.8/site-packages/airflow/example_dags/example_dag_decorator.py
[2023-03-01T12:19:33.810+0100] {logging_mixin.py:137} INFO - [2023-03-01T12:19:33.810+0100] {taskmixin.py:205} WARNING - Dependency <Task(_PythonDecoratedOperator): prepare_email>, send_email already registered for DAG: example_dag_decorator
[2023-03-01T12:19:33.811+0100] {logging_mixin.py:137} INFO - [2023-03-01T12:19:33.811+0100] {taskmixin.py:205} WARNING - Dependency <Task(EmailOperator): send_email>, prepare_email already registered for DAG: example_dag_decorator
[2023-03-01T12:19:33.835+0100] {processor.py:753} INFO - DAG(s) dict_keys(['example_dag_decorator']) retrieved from /Users/oanottage/opt/anaconda3/lib/python3.8/site-packages/airflow/example_dags/example_dag_decorator.py
[2023-03-01T12:19:34.627+0100] {logging_mixin.py:137} INFO - [2023-03-01T12:19:34.627+0100] {dag.py:2690} INFO - Sync 1 DAGs
[2023-03-01T12:19:34.641+0100] {logging_mixin.py:137} INFO - [2023-03-01T12:19:34.641+0100] {dag.py:3437} INFO - Setting next_dagrun for example_dag_decorator to None, run_after=None
[2023-03-01T12:19:34.655+0100] {processor.py:175} INFO - Processing /Users/oanottage/opt/anaconda3/lib/python3.8/site-packages/airflow/example_dags/example_dag_decorator.py took 0.983 seconds
[2023-03-01T12:21:36.389+0100] {processor.py:153} INFO - Started process (PID=95205) to work on /Users/oanottage/opt/anaconda3/lib/python3.8/site-packages/airflow/example_dags/example_dag_decorator.py
[2023-03-01T12:21:36.393+0100] {processor.py:743} INFO - Processing file /Users/oanottage/opt/anaconda3/lib/python3.8/site-packages/airflow/example_dags/example_dag_decorator.py for tasks to queue
[2023-03-01T12:21:36.394+0100] {logging_mixin.py:137} INFO - [2023-03-01T12:21:36.394+0100] {dagbag.py:538} INFO - Filling up the DagBag from /Users/oanottage/opt/anaconda3/lib/python3.8/site-packages/airflow/example_dags/example_dag_decorator.py
[2023-03-01T12:21:36.543+0100] {logging_mixin.py:137} INFO - [2023-03-01T12:21:36.542+0100] {taskmixin.py:205} WARNING - Dependency <Task(_PythonDecoratedOperator): prepare_email>, send_email already registered for DAG: example_dag_decorator
[2023-03-01T12:21:36.543+0100] {logging_mixin.py:137} INFO - [2023-03-01T12:21:36.543+0100] {taskmixin.py:205} WARNING - Dependency <Task(EmailOperator): send_email>, prepare_email already registered for DAG: example_dag_decorator
[2023-03-01T12:21:36.571+0100] {processor.py:753} INFO - DAG(s) dict_keys(['example_dag_decorator']) retrieved from /Users/oanottage/opt/anaconda3/lib/python3.8/site-packages/airflow/example_dags/example_dag_decorator.py
[2023-03-01T12:21:37.475+0100] {logging_mixin.py:137} INFO - [2023-03-01T12:21:37.475+0100] {dag.py:2690} INFO - Sync 1 DAGs
[2023-03-01T12:21:37.490+0100] {logging_mixin.py:137} INFO - [2023-03-01T12:21:37.490+0100] {dag.py:3437} INFO - Setting next_dagrun for example_dag_decorator to None, run_after=None
[2023-03-01T12:21:37.510+0100] {processor.py:175} INFO - Processing /Users/oanottage/opt/anaconda3/lib/python3.8/site-packages/airflow/example_dags/example_dag_decorator.py took 1.122 seconds
[2023-03-01T12:24:08.519+0100] {processor.py:153} INFO - Started process (PID=834) to work on /Users/oanottage/opt/anaconda3/lib/python3.8/site-packages/airflow/example_dags/example_dag_decorator.py
[2023-03-01T12:24:08.523+0100] {processor.py:743} INFO - Processing file /Users/oanottage/opt/anaconda3/lib/python3.8/site-packages/airflow/example_dags/example_dag_decorator.py for tasks to queue
[2023-03-01T12:24:08.523+0100] {logging_mixin.py:137} INFO - [2023-03-01T12:24:08.523+0100] {dagbag.py:538} INFO - Filling up the DagBag from /Users/oanottage/opt/anaconda3/lib/python3.8/site-packages/airflow/example_dags/example_dag_decorator.py
[2023-03-01T12:24:08.648+0100] {logging_mixin.py:137} INFO - [2023-03-01T12:24:08.648+0100] {taskmixin.py:205} WARNING - Dependency <Task(_PythonDecoratedOperator): prepare_email>, send_email already registered for DAG: example_dag_decorator
[2023-03-01T12:24:08.648+0100] {logging_mixin.py:137} INFO - [2023-03-01T12:24:08.648+0100] {taskmixin.py:205} WARNING - Dependency <Task(EmailOperator): send_email>, prepare_email already registered for DAG: example_dag_decorator
[2023-03-01T12:24:08.672+0100] {processor.py:753} INFO - DAG(s) dict_keys(['example_dag_decorator']) retrieved from /Users/oanottage/opt/anaconda3/lib/python3.8/site-packages/airflow/example_dags/example_dag_decorator.py
[2023-03-01T12:24:09.461+0100] {logging_mixin.py:137} INFO - [2023-03-01T12:24:09.461+0100] {dag.py:2690} INFO - Sync 1 DAGs
[2023-03-01T12:24:09.473+0100] {logging_mixin.py:137} INFO - [2023-03-01T12:24:09.473+0100] {dag.py:3437} INFO - Setting next_dagrun for example_dag_decorator to None, run_after=None
[2023-03-01T12:24:09.485+0100] {processor.py:175} INFO - Processing /Users/oanottage/opt/anaconda3/lib/python3.8/site-packages/airflow/example_dags/example_dag_decorator.py took 0.967 seconds
[2023-03-01T12:26:11.656+0100] {processor.py:153} INFO - Started process (PID=5134) to work on /Users/oanottage/opt/anaconda3/lib/python3.8/site-packages/airflow/example_dags/example_dag_decorator.py
[2023-03-01T12:26:11.659+0100] {processor.py:743} INFO - Processing file /Users/oanottage/opt/anaconda3/lib/python3.8/site-packages/airflow/example_dags/example_dag_decorator.py for tasks to queue
[2023-03-01T12:26:11.660+0100] {logging_mixin.py:137} INFO - [2023-03-01T12:26:11.660+0100] {dagbag.py:538} INFO - Filling up the DagBag from /Users/oanottage/opt/anaconda3/lib/python3.8/site-packages/airflow/example_dags/example_dag_decorator.py
[2023-03-01T12:26:11.786+0100] {logging_mixin.py:137} INFO - [2023-03-01T12:26:11.785+0100] {taskmixin.py:205} WARNING - Dependency <Task(_PythonDecoratedOperator): prepare_email>, send_email already registered for DAG: example_dag_decorator
[2023-03-01T12:26:11.786+0100] {logging_mixin.py:137} INFO - [2023-03-01T12:26:11.786+0100] {taskmixin.py:205} WARNING - Dependency <Task(EmailOperator): send_email>, prepare_email already registered for DAG: example_dag_decorator
[2023-03-01T12:26:11.819+0100] {processor.py:753} INFO - DAG(s) dict_keys(['example_dag_decorator']) retrieved from /Users/oanottage/opt/anaconda3/lib/python3.8/site-packages/airflow/example_dags/example_dag_decorator.py
[2023-03-01T12:26:12.588+0100] {logging_mixin.py:137} INFO - [2023-03-01T12:26:12.588+0100] {dag.py:2690} INFO - Sync 1 DAGs
[2023-03-01T12:26:12.600+0100] {logging_mixin.py:137} INFO - [2023-03-01T12:26:12.600+0100] {dag.py:3437} INFO - Setting next_dagrun for example_dag_decorator to None, run_after=None
[2023-03-01T12:26:12.613+0100] {processor.py:175} INFO - Processing /Users/oanottage/opt/anaconda3/lib/python3.8/site-packages/airflow/example_dags/example_dag_decorator.py took 0.957 seconds
[2023-03-01T12:28:06.088+0100] {processor.py:153} INFO - Started process (PID=9354) to work on /Users/oanottage/opt/anaconda3/lib/python3.8/site-packages/airflow/example_dags/example_dag_decorator.py
[2023-03-01T12:28:06.094+0100] {processor.py:743} INFO - Processing file /Users/oanottage/opt/anaconda3/lib/python3.8/site-packages/airflow/example_dags/example_dag_decorator.py for tasks to queue
[2023-03-01T12:28:06.094+0100] {logging_mixin.py:137} INFO - [2023-03-01T12:28:06.094+0100] {dagbag.py:538} INFO - Filling up the DagBag from /Users/oanottage/opt/anaconda3/lib/python3.8/site-packages/airflow/example_dags/example_dag_decorator.py
[2023-03-01T12:28:06.260+0100] {logging_mixin.py:137} INFO - [2023-03-01T12:28:06.260+0100] {taskmixin.py:205} WARNING - Dependency <Task(_PythonDecoratedOperator): prepare_email>, send_email already registered for DAG: example_dag_decorator
[2023-03-01T12:28:06.260+0100] {logging_mixin.py:137} INFO - [2023-03-01T12:28:06.260+0100] {taskmixin.py:205} WARNING - Dependency <Task(EmailOperator): send_email>, prepare_email already registered for DAG: example_dag_decorator
[2023-03-01T12:28:06.284+0100] {processor.py:753} INFO - DAG(s) dict_keys(['example_dag_decorator']) retrieved from /Users/oanottage/opt/anaconda3/lib/python3.8/site-packages/airflow/example_dags/example_dag_decorator.py
[2023-03-01T12:28:07.074+0100] {logging_mixin.py:137} INFO - [2023-03-01T12:28:07.073+0100] {dag.py:2690} INFO - Sync 1 DAGs
[2023-03-01T12:28:07.087+0100] {logging_mixin.py:137} INFO - [2023-03-01T12:28:07.087+0100] {dag.py:3437} INFO - Setting next_dagrun for example_dag_decorator to None, run_after=None
[2023-03-01T12:28:07.101+0100] {processor.py:175} INFO - Processing /Users/oanottage/opt/anaconda3/lib/python3.8/site-packages/airflow/example_dags/example_dag_decorator.py took 1.014 seconds
[2023-03-01T12:29:56.622+0100] {processor.py:153} INFO - Started process (PID=12545) to work on /Users/oanottage/opt/anaconda3/lib/python3.8/site-packages/airflow/example_dags/example_dag_decorator.py
[2023-03-01T12:29:56.625+0100] {processor.py:743} INFO - Processing file /Users/oanottage/opt/anaconda3/lib/python3.8/site-packages/airflow/example_dags/example_dag_decorator.py for tasks to queue
[2023-03-01T12:29:56.626+0100] {logging_mixin.py:137} INFO - [2023-03-01T12:29:56.626+0100] {dagbag.py:538} INFO - Filling up the DagBag from /Users/oanottage/opt/anaconda3/lib/python3.8/site-packages/airflow/example_dags/example_dag_decorator.py
[2023-03-01T12:29:56.755+0100] {logging_mixin.py:137} INFO - [2023-03-01T12:29:56.755+0100] {taskmixin.py:205} WARNING - Dependency <Task(_PythonDecoratedOperator): prepare_email>, send_email already registered for DAG: example_dag_decorator
[2023-03-01T12:29:56.756+0100] {logging_mixin.py:137} INFO - [2023-03-01T12:29:56.756+0100] {taskmixin.py:205} WARNING - Dependency <Task(EmailOperator): send_email>, prepare_email already registered for DAG: example_dag_decorator
[2023-03-01T12:29:56.779+0100] {processor.py:753} INFO - DAG(s) dict_keys(['example_dag_decorator']) retrieved from /Users/oanottage/opt/anaconda3/lib/python3.8/site-packages/airflow/example_dags/example_dag_decorator.py
[2023-03-01T12:29:57.605+0100] {logging_mixin.py:137} INFO - [2023-03-01T12:29:57.604+0100] {dag.py:2690} INFO - Sync 1 DAGs
[2023-03-01T12:29:57.619+0100] {logging_mixin.py:137} INFO - [2023-03-01T12:29:57.618+0100] {dag.py:3437} INFO - Setting next_dagrun for example_dag_decorator to None, run_after=None
[2023-03-01T12:29:57.633+0100] {processor.py:175} INFO - Processing /Users/oanottage/opt/anaconda3/lib/python3.8/site-packages/airflow/example_dags/example_dag_decorator.py took 1.011 seconds
[2023-03-01T12:31:46.463+0100] {processor.py:153} INFO - Started process (PID=16763) to work on /Users/oanottage/opt/anaconda3/lib/python3.8/site-packages/airflow/example_dags/example_dag_decorator.py
[2023-03-01T12:31:46.467+0100] {processor.py:743} INFO - Processing file /Users/oanottage/opt/anaconda3/lib/python3.8/site-packages/airflow/example_dags/example_dag_decorator.py for tasks to queue
[2023-03-01T12:31:46.467+0100] {logging_mixin.py:137} INFO - [2023-03-01T12:31:46.467+0100] {dagbag.py:538} INFO - Filling up the DagBag from /Users/oanottage/opt/anaconda3/lib/python3.8/site-packages/airflow/example_dags/example_dag_decorator.py
[2023-03-01T12:31:46.603+0100] {logging_mixin.py:137} INFO - [2023-03-01T12:31:46.603+0100] {taskmixin.py:205} WARNING - Dependency <Task(_PythonDecoratedOperator): prepare_email>, send_email already registered for DAG: example_dag_decorator
[2023-03-01T12:31:46.603+0100] {logging_mixin.py:137} INFO - [2023-03-01T12:31:46.603+0100] {taskmixin.py:205} WARNING - Dependency <Task(EmailOperator): send_email>, prepare_email already registered for DAG: example_dag_decorator
[2023-03-01T12:31:46.626+0100] {processor.py:753} INFO - DAG(s) dict_keys(['example_dag_decorator']) retrieved from /Users/oanottage/opt/anaconda3/lib/python3.8/site-packages/airflow/example_dags/example_dag_decorator.py
[2023-03-01T12:31:47.439+0100] {logging_mixin.py:137} INFO - [2023-03-01T12:31:47.439+0100] {dag.py:2690} INFO - Sync 1 DAGs
[2023-03-01T12:31:47.452+0100] {logging_mixin.py:137} INFO - [2023-03-01T12:31:47.452+0100] {dag.py:3437} INFO - Setting next_dagrun for example_dag_decorator to None, run_after=None
[2023-03-01T12:31:47.467+0100] {processor.py:175} INFO - Processing /Users/oanottage/opt/anaconda3/lib/python3.8/site-packages/airflow/example_dags/example_dag_decorator.py took 1.004 seconds
[2023-03-01T12:33:33.583+0100] {processor.py:153} INFO - Started process (PID=21049) to work on /Users/oanottage/opt/anaconda3/lib/python3.8/site-packages/airflow/example_dags/example_dag_decorator.py
[2023-03-01T12:33:33.586+0100] {processor.py:743} INFO - Processing file /Users/oanottage/opt/anaconda3/lib/python3.8/site-packages/airflow/example_dags/example_dag_decorator.py for tasks to queue
[2023-03-01T12:33:33.586+0100] {logging_mixin.py:137} INFO - [2023-03-01T12:33:33.586+0100] {dagbag.py:538} INFO - Filling up the DagBag from /Users/oanottage/opt/anaconda3/lib/python3.8/site-packages/airflow/example_dags/example_dag_decorator.py
[2023-03-01T12:33:33.707+0100] {logging_mixin.py:137} INFO - [2023-03-01T12:33:33.707+0100] {taskmixin.py:205} WARNING - Dependency <Task(_PythonDecoratedOperator): prepare_email>, send_email already registered for DAG: example_dag_decorator
[2023-03-01T12:33:33.707+0100] {logging_mixin.py:137} INFO - [2023-03-01T12:33:33.707+0100] {taskmixin.py:205} WARNING - Dependency <Task(EmailOperator): send_email>, prepare_email already registered for DAG: example_dag_decorator
[2023-03-01T12:33:33.730+0100] {processor.py:753} INFO - DAG(s) dict_keys(['example_dag_decorator']) retrieved from /Users/oanottage/opt/anaconda3/lib/python3.8/site-packages/airflow/example_dags/example_dag_decorator.py
[2023-03-01T12:33:34.495+0100] {logging_mixin.py:137} INFO - [2023-03-01T12:33:34.495+0100] {dag.py:2690} INFO - Sync 1 DAGs
[2023-03-01T12:33:34.507+0100] {logging_mixin.py:137} INFO - [2023-03-01T12:33:34.507+0100] {dag.py:3437} INFO - Setting next_dagrun for example_dag_decorator to None, run_after=None
[2023-03-01T12:33:34.519+0100] {processor.py:175} INFO - Processing /Users/oanottage/opt/anaconda3/lib/python3.8/site-packages/airflow/example_dags/example_dag_decorator.py took 0.937 seconds
[2023-03-01T12:35:26.308+0100] {processor.py:153} INFO - Started process (PID=24245) to work on /Users/oanottage/opt/anaconda3/lib/python3.8/site-packages/airflow/example_dags/example_dag_decorator.py
[2023-03-01T12:35:26.311+0100] {processor.py:743} INFO - Processing file /Users/oanottage/opt/anaconda3/lib/python3.8/site-packages/airflow/example_dags/example_dag_decorator.py for tasks to queue
[2023-03-01T12:35:26.312+0100] {logging_mixin.py:137} INFO - [2023-03-01T12:35:26.312+0100] {dagbag.py:538} INFO - Filling up the DagBag from /Users/oanottage/opt/anaconda3/lib/python3.8/site-packages/airflow/example_dags/example_dag_decorator.py
[2023-03-01T12:35:26.443+0100] {logging_mixin.py:137} INFO - [2023-03-01T12:35:26.442+0100] {taskmixin.py:205} WARNING - Dependency <Task(_PythonDecoratedOperator): prepare_email>, send_email already registered for DAG: example_dag_decorator
[2023-03-01T12:35:26.443+0100] {logging_mixin.py:137} INFO - [2023-03-01T12:35:26.443+0100] {taskmixin.py:205} WARNING - Dependency <Task(EmailOperator): send_email>, prepare_email already registered for DAG: example_dag_decorator
[2023-03-01T12:35:26.470+0100] {processor.py:753} INFO - DAG(s) dict_keys(['example_dag_decorator']) retrieved from /Users/oanottage/opt/anaconda3/lib/python3.8/site-packages/airflow/example_dags/example_dag_decorator.py
[2023-03-01T12:35:27.267+0100] {logging_mixin.py:137} INFO - [2023-03-01T12:35:27.267+0100] {dag.py:2690} INFO - Sync 1 DAGs
[2023-03-01T12:35:27.281+0100] {logging_mixin.py:137} INFO - [2023-03-01T12:35:27.281+0100] {dag.py:3437} INFO - Setting next_dagrun for example_dag_decorator to None, run_after=None
[2023-03-01T12:35:27.298+0100] {processor.py:175} INFO - Processing /Users/oanottage/opt/anaconda3/lib/python3.8/site-packages/airflow/example_dags/example_dag_decorator.py took 0.991 seconds
[2023-03-01T12:37:20.741+0100] {processor.py:153} INFO - Started process (PID=28471) to work on /Users/oanottage/opt/anaconda3/lib/python3.8/site-packages/airflow/example_dags/example_dag_decorator.py
[2023-03-01T12:37:20.746+0100] {processor.py:743} INFO - Processing file /Users/oanottage/opt/anaconda3/lib/python3.8/site-packages/airflow/example_dags/example_dag_decorator.py for tasks to queue
[2023-03-01T12:37:20.746+0100] {logging_mixin.py:137} INFO - [2023-03-01T12:37:20.746+0100] {dagbag.py:538} INFO - Filling up the DagBag from /Users/oanottage/opt/anaconda3/lib/python3.8/site-packages/airflow/example_dags/example_dag_decorator.py
[2023-03-01T12:37:20.875+0100] {logging_mixin.py:137} INFO - [2023-03-01T12:37:20.875+0100] {taskmixin.py:205} WARNING - Dependency <Task(_PythonDecoratedOperator): prepare_email>, send_email already registered for DAG: example_dag_decorator
[2023-03-01T12:37:20.875+0100] {logging_mixin.py:137} INFO - [2023-03-01T12:37:20.875+0100] {taskmixin.py:205} WARNING - Dependency <Task(EmailOperator): send_email>, prepare_email already registered for DAG: example_dag_decorator
[2023-03-01T12:37:20.908+0100] {processor.py:753} INFO - DAG(s) dict_keys(['example_dag_decorator']) retrieved from /Users/oanottage/opt/anaconda3/lib/python3.8/site-packages/airflow/example_dags/example_dag_decorator.py
[2023-03-01T12:37:21.720+0100] {logging_mixin.py:137} INFO - [2023-03-01T12:37:21.719+0100] {dag.py:2690} INFO - Sync 1 DAGs
[2023-03-01T12:37:21.731+0100] {logging_mixin.py:137} INFO - [2023-03-01T12:37:21.731+0100] {dag.py:3437} INFO - Setting next_dagrun for example_dag_decorator to None, run_after=None
[2023-03-01T12:37:21.744+0100] {processor.py:175} INFO - Processing /Users/oanottage/opt/anaconda3/lib/python3.8/site-packages/airflow/example_dags/example_dag_decorator.py took 1.004 seconds
[2023-03-01T12:39:16.410+0100] {processor.py:153} INFO - Started process (PID=32700) to work on /Users/oanottage/opt/anaconda3/lib/python3.8/site-packages/airflow/example_dags/example_dag_decorator.py
[2023-03-01T12:39:16.414+0100] {processor.py:743} INFO - Processing file /Users/oanottage/opt/anaconda3/lib/python3.8/site-packages/airflow/example_dags/example_dag_decorator.py for tasks to queue
[2023-03-01T12:39:16.414+0100] {logging_mixin.py:137} INFO - [2023-03-01T12:39:16.414+0100] {dagbag.py:538} INFO - Filling up the DagBag from /Users/oanottage/opt/anaconda3/lib/python3.8/site-packages/airflow/example_dags/example_dag_decorator.py
[2023-03-01T12:39:16.542+0100] {logging_mixin.py:137} INFO - [2023-03-01T12:39:16.542+0100] {taskmixin.py:205} WARNING - Dependency <Task(_PythonDecoratedOperator): prepare_email>, send_email already registered for DAG: example_dag_decorator
[2023-03-01T12:39:16.543+0100] {logging_mixin.py:137} INFO - [2023-03-01T12:39:16.542+0100] {taskmixin.py:205} WARNING - Dependency <Task(EmailOperator): send_email>, prepare_email already registered for DAG: example_dag_decorator
[2023-03-01T12:39:16.570+0100] {processor.py:753} INFO - DAG(s) dict_keys(['example_dag_decorator']) retrieved from /Users/oanottage/opt/anaconda3/lib/python3.8/site-packages/airflow/example_dags/example_dag_decorator.py
[2023-03-01T12:39:17.384+0100] {logging_mixin.py:137} INFO - [2023-03-01T12:39:17.384+0100] {dag.py:2690} INFO - Sync 1 DAGs
[2023-03-01T12:39:17.396+0100] {logging_mixin.py:137} INFO - [2023-03-01T12:39:17.396+0100] {dag.py:3437} INFO - Setting next_dagrun for example_dag_decorator to None, run_after=None
[2023-03-01T12:39:17.409+0100] {processor.py:175} INFO - Processing /Users/oanottage/opt/anaconda3/lib/python3.8/site-packages/airflow/example_dags/example_dag_decorator.py took 0.999 seconds
[2023-03-01T12:41:29.694+0100] {processor.py:153} INFO - Started process (PID=37392) to work on /Users/oanottage/opt/anaconda3/lib/python3.8/site-packages/airflow/example_dags/example_dag_decorator.py
[2023-03-01T12:41:29.698+0100] {processor.py:743} INFO - Processing file /Users/oanottage/opt/anaconda3/lib/python3.8/site-packages/airflow/example_dags/example_dag_decorator.py for tasks to queue
[2023-03-01T12:41:29.698+0100] {logging_mixin.py:137} INFO - [2023-03-01T12:41:29.698+0100] {dagbag.py:538} INFO - Filling up the DagBag from /Users/oanottage/opt/anaconda3/lib/python3.8/site-packages/airflow/example_dags/example_dag_decorator.py
[2023-03-01T12:41:29.852+0100] {logging_mixin.py:137} INFO - [2023-03-01T12:41:29.852+0100] {taskmixin.py:205} WARNING - Dependency <Task(_PythonDecoratedOperator): prepare_email>, send_email already registered for DAG: example_dag_decorator
[2023-03-01T12:41:29.852+0100] {logging_mixin.py:137} INFO - [2023-03-01T12:41:29.852+0100] {taskmixin.py:205} WARNING - Dependency <Task(EmailOperator): send_email>, prepare_email already registered for DAG: example_dag_decorator
[2023-03-01T12:41:29.885+0100] {processor.py:753} INFO - DAG(s) dict_keys(['example_dag_decorator']) retrieved from /Users/oanottage/opt/anaconda3/lib/python3.8/site-packages/airflow/example_dags/example_dag_decorator.py
[2023-03-01T12:41:30.814+0100] {logging_mixin.py:137} INFO - [2023-03-01T12:41:30.814+0100] {dag.py:2690} INFO - Sync 1 DAGs
[2023-03-01T12:41:30.832+0100] {logging_mixin.py:137} INFO - [2023-03-01T12:41:30.832+0100] {dag.py:3437} INFO - Setting next_dagrun for example_dag_decorator to None, run_after=None
[2023-03-01T12:41:30.855+0100] {processor.py:175} INFO - Processing /Users/oanottage/opt/anaconda3/lib/python3.8/site-packages/airflow/example_dags/example_dag_decorator.py took 1.162 seconds
[2023-03-01T12:43:31.554+0100] {processor.py:153} INFO - Started process (PID=41562) to work on /Users/oanottage/opt/anaconda3/lib/python3.8/site-packages/airflow/example_dags/example_dag_decorator.py
[2023-03-01T12:43:31.559+0100] {processor.py:743} INFO - Processing file /Users/oanottage/opt/anaconda3/lib/python3.8/site-packages/airflow/example_dags/example_dag_decorator.py for tasks to queue
[2023-03-01T12:43:31.559+0100] {logging_mixin.py:137} INFO - [2023-03-01T12:43:31.559+0100] {dagbag.py:538} INFO - Filling up the DagBag from /Users/oanottage/opt/anaconda3/lib/python3.8/site-packages/airflow/example_dags/example_dag_decorator.py
[2023-03-01T12:43:31.914+0100] {logging_mixin.py:137} INFO - [2023-03-01T12:43:31.913+0100] {taskmixin.py:205} WARNING - Dependency <Task(_PythonDecoratedOperator): prepare_email>, send_email already registered for DAG: example_dag_decorator
[2023-03-01T12:43:31.915+0100] {logging_mixin.py:137} INFO - [2023-03-01T12:43:31.914+0100] {taskmixin.py:205} WARNING - Dependency <Task(EmailOperator): send_email>, prepare_email already registered for DAG: example_dag_decorator
[2023-03-01T12:43:31.995+0100] {processor.py:753} INFO - DAG(s) dict_keys(['example_dag_decorator']) retrieved from /Users/oanottage/opt/anaconda3/lib/python3.8/site-packages/airflow/example_dags/example_dag_decorator.py
[2023-03-01T12:43:33.568+0100] {logging_mixin.py:137} INFO - [2023-03-01T12:43:33.567+0100] {dag.py:2690} INFO - Sync 1 DAGs
[2023-03-01T12:43:33.596+0100] {logging_mixin.py:137} INFO - [2023-03-01T12:43:33.595+0100] {dag.py:3437} INFO - Setting next_dagrun for example_dag_decorator to None, run_after=None
[2023-03-01T12:43:33.626+0100] {processor.py:175} INFO - Processing /Users/oanottage/opt/anaconda3/lib/python3.8/site-packages/airflow/example_dags/example_dag_decorator.py took 2.073 seconds
[2023-03-01T12:45:46.586+0100] {processor.py:153} INFO - Started process (PID=46532) to work on /Users/oanottage/opt/anaconda3/lib/python3.8/site-packages/airflow/example_dags/example_dag_decorator.py
[2023-03-01T12:45:46.590+0100] {processor.py:743} INFO - Processing file /Users/oanottage/opt/anaconda3/lib/python3.8/site-packages/airflow/example_dags/example_dag_decorator.py for tasks to queue
[2023-03-01T12:45:46.590+0100] {logging_mixin.py:137} INFO - [2023-03-01T12:45:46.590+0100] {dagbag.py:538} INFO - Filling up the DagBag from /Users/oanottage/opt/anaconda3/lib/python3.8/site-packages/airflow/example_dags/example_dag_decorator.py
[2023-03-01T12:45:46.763+0100] {logging_mixin.py:137} INFO - [2023-03-01T12:45:46.763+0100] {taskmixin.py:205} WARNING - Dependency <Task(_PythonDecoratedOperator): prepare_email>, send_email already registered for DAG: example_dag_decorator
[2023-03-01T12:45:46.764+0100] {logging_mixin.py:137} INFO - [2023-03-01T12:45:46.764+0100] {taskmixin.py:205} WARNING - Dependency <Task(EmailOperator): send_email>, prepare_email already registered for DAG: example_dag_decorator
[2023-03-01T12:45:46.792+0100] {processor.py:753} INFO - DAG(s) dict_keys(['example_dag_decorator']) retrieved from /Users/oanottage/opt/anaconda3/lib/python3.8/site-packages/airflow/example_dags/example_dag_decorator.py
[2023-03-01T12:45:47.580+0100] {logging_mixin.py:137} INFO - [2023-03-01T12:45:47.580+0100] {dag.py:2690} INFO - Sync 1 DAGs
[2023-03-01T12:45:47.592+0100] {logging_mixin.py:137} INFO - [2023-03-01T12:45:47.592+0100] {dag.py:3437} INFO - Setting next_dagrun for example_dag_decorator to None, run_after=None
[2023-03-01T12:45:47.605+0100] {processor.py:175} INFO - Processing /Users/oanottage/opt/anaconda3/lib/python3.8/site-packages/airflow/example_dags/example_dag_decorator.py took 1.019 seconds
[2023-03-01T12:47:51.424+0100] {processor.py:153} INFO - Started process (PID=50844) to work on /Users/oanottage/opt/anaconda3/lib/python3.8/site-packages/airflow/example_dags/example_dag_decorator.py
[2023-03-01T12:47:51.429+0100] {processor.py:743} INFO - Processing file /Users/oanottage/opt/anaconda3/lib/python3.8/site-packages/airflow/example_dags/example_dag_decorator.py for tasks to queue
[2023-03-01T12:47:51.429+0100] {logging_mixin.py:137} INFO - [2023-03-01T12:47:51.429+0100] {dagbag.py:538} INFO - Filling up the DagBag from /Users/oanottage/opt/anaconda3/lib/python3.8/site-packages/airflow/example_dags/example_dag_decorator.py
[2023-03-01T12:47:51.586+0100] {logging_mixin.py:137} INFO - [2023-03-01T12:47:51.586+0100] {taskmixin.py:205} WARNING - Dependency <Task(_PythonDecoratedOperator): prepare_email>, send_email already registered for DAG: example_dag_decorator
[2023-03-01T12:47:51.586+0100] {logging_mixin.py:137} INFO - [2023-03-01T12:47:51.586+0100] {taskmixin.py:205} WARNING - Dependency <Task(EmailOperator): send_email>, prepare_email already registered for DAG: example_dag_decorator
[2023-03-01T12:47:51.614+0100] {processor.py:753} INFO - DAG(s) dict_keys(['example_dag_decorator']) retrieved from /Users/oanottage/opt/anaconda3/lib/python3.8/site-packages/airflow/example_dags/example_dag_decorator.py
[2023-03-01T12:47:52.495+0100] {logging_mixin.py:137} INFO - [2023-03-01T12:47:52.494+0100] {dag.py:2690} INFO - Sync 1 DAGs
[2023-03-01T12:47:52.506+0100] {logging_mixin.py:137} INFO - [2023-03-01T12:47:52.506+0100] {dag.py:3437} INFO - Setting next_dagrun for example_dag_decorator to None, run_after=None
[2023-03-01T12:47:52.519+0100] {processor.py:175} INFO - Processing /Users/oanottage/opt/anaconda3/lib/python3.8/site-packages/airflow/example_dags/example_dag_decorator.py took 1.096 seconds
[2023-03-01T12:49:57.359+0100] {processor.py:153} INFO - Started process (PID=55160) to work on /Users/oanottage/opt/anaconda3/lib/python3.8/site-packages/airflow/example_dags/example_dag_decorator.py
[2023-03-01T12:49:57.363+0100] {processor.py:743} INFO - Processing file /Users/oanottage/opt/anaconda3/lib/python3.8/site-packages/airflow/example_dags/example_dag_decorator.py for tasks to queue
[2023-03-01T12:49:57.363+0100] {logging_mixin.py:137} INFO - [2023-03-01T12:49:57.363+0100] {dagbag.py:538} INFO - Filling up the DagBag from /Users/oanottage/opt/anaconda3/lib/python3.8/site-packages/airflow/example_dags/example_dag_decorator.py
[2023-03-01T12:49:57.540+0100] {logging_mixin.py:137} INFO - [2023-03-01T12:49:57.540+0100] {taskmixin.py:205} WARNING - Dependency <Task(_PythonDecoratedOperator): prepare_email>, send_email already registered for DAG: example_dag_decorator
[2023-03-01T12:49:57.540+0100] {logging_mixin.py:137} INFO - [2023-03-01T12:49:57.540+0100] {taskmixin.py:205} WARNING - Dependency <Task(EmailOperator): send_email>, prepare_email already registered for DAG: example_dag_decorator
[2023-03-01T12:49:57.577+0100] {processor.py:753} INFO - DAG(s) dict_keys(['example_dag_decorator']) retrieved from /Users/oanottage/opt/anaconda3/lib/python3.8/site-packages/airflow/example_dags/example_dag_decorator.py
[2023-03-01T12:49:58.485+0100] {logging_mixin.py:137} INFO - [2023-03-01T12:49:58.485+0100] {dag.py:2690} INFO - Sync 1 DAGs
[2023-03-01T12:49:58.499+0100] {logging_mixin.py:137} INFO - [2023-03-01T12:49:58.499+0100] {dag.py:3437} INFO - Setting next_dagrun for example_dag_decorator to None, run_after=None
[2023-03-01T12:49:58.514+0100] {processor.py:175} INFO - Processing /Users/oanottage/opt/anaconda3/lib/python3.8/site-packages/airflow/example_dags/example_dag_decorator.py took 1.156 seconds
[2023-03-01T12:51:53.735+0100] {processor.py:153} INFO - Started process (PID=59420) to work on /Users/oanottage/opt/anaconda3/lib/python3.8/site-packages/airflow/example_dags/example_dag_decorator.py
[2023-03-01T12:51:53.741+0100] {processor.py:743} INFO - Processing file /Users/oanottage/opt/anaconda3/lib/python3.8/site-packages/airflow/example_dags/example_dag_decorator.py for tasks to queue
[2023-03-01T12:51:53.741+0100] {logging_mixin.py:137} INFO - [2023-03-01T12:51:53.741+0100] {dagbag.py:538} INFO - Filling up the DagBag from /Users/oanottage/opt/anaconda3/lib/python3.8/site-packages/airflow/example_dags/example_dag_decorator.py
[2023-03-01T12:51:53.906+0100] {logging_mixin.py:137} INFO - [2023-03-01T12:51:53.905+0100] {taskmixin.py:205} WARNING - Dependency <Task(_PythonDecoratedOperator): prepare_email>, send_email already registered for DAG: example_dag_decorator
[2023-03-01T12:51:53.906+0100] {logging_mixin.py:137} INFO - [2023-03-01T12:51:53.906+0100] {taskmixin.py:205} WARNING - Dependency <Task(EmailOperator): send_email>, prepare_email already registered for DAG: example_dag_decorator
[2023-03-01T12:51:53.951+0100] {processor.py:753} INFO - DAG(s) dict_keys(['example_dag_decorator']) retrieved from /Users/oanottage/opt/anaconda3/lib/python3.8/site-packages/airflow/example_dags/example_dag_decorator.py
[2023-03-01T12:51:54.845+0100] {logging_mixin.py:137} INFO - [2023-03-01T12:51:54.844+0100] {dag.py:2690} INFO - Sync 1 DAGs
[2023-03-01T12:51:54.860+0100] {logging_mixin.py:137} INFO - [2023-03-01T12:51:54.859+0100] {dag.py:3437} INFO - Setting next_dagrun for example_dag_decorator to None, run_after=None
[2023-03-01T12:51:54.879+0100] {processor.py:175} INFO - Processing /Users/oanottage/opt/anaconda3/lib/python3.8/site-packages/airflow/example_dags/example_dag_decorator.py took 1.144 seconds
[2023-03-01T12:54:00.304+0100] {processor.py:153} INFO - Started process (PID=64430) to work on /Users/oanottage/opt/anaconda3/lib/python3.8/site-packages/airflow/example_dags/example_dag_decorator.py
[2023-03-01T12:54:00.308+0100] {processor.py:743} INFO - Processing file /Users/oanottage/opt/anaconda3/lib/python3.8/site-packages/airflow/example_dags/example_dag_decorator.py for tasks to queue
[2023-03-01T12:54:00.309+0100] {logging_mixin.py:137} INFO - [2023-03-01T12:54:00.309+0100] {dagbag.py:538} INFO - Filling up the DagBag from /Users/oanottage/opt/anaconda3/lib/python3.8/site-packages/airflow/example_dags/example_dag_decorator.py
[2023-03-01T12:54:00.478+0100] {logging_mixin.py:137} INFO - [2023-03-01T12:54:00.478+0100] {taskmixin.py:205} WARNING - Dependency <Task(_PythonDecoratedOperator): prepare_email>, send_email already registered for DAG: example_dag_decorator
[2023-03-01T12:54:00.478+0100] {logging_mixin.py:137} INFO - [2023-03-01T12:54:00.478+0100] {taskmixin.py:205} WARNING - Dependency <Task(EmailOperator): send_email>, prepare_email already registered for DAG: example_dag_decorator
[2023-03-01T12:54:00.510+0100] {processor.py:753} INFO - DAG(s) dict_keys(['example_dag_decorator']) retrieved from /Users/oanottage/opt/anaconda3/lib/python3.8/site-packages/airflow/example_dags/example_dag_decorator.py
[2023-03-01T12:54:01.393+0100] {logging_mixin.py:137} INFO - [2023-03-01T12:54:01.393+0100] {dag.py:2690} INFO - Sync 1 DAGs
[2023-03-01T12:54:01.407+0100] {logging_mixin.py:137} INFO - [2023-03-01T12:54:01.407+0100] {dag.py:3437} INFO - Setting next_dagrun for example_dag_decorator to None, run_after=None
[2023-03-01T12:54:01.421+0100] {processor.py:175} INFO - Processing /Users/oanottage/opt/anaconda3/lib/python3.8/site-packages/airflow/example_dags/example_dag_decorator.py took 1.117 seconds
[2023-03-01T12:55:54.164+0100] {processor.py:153} INFO - Started process (PID=67974) to work on /Users/oanottage/opt/anaconda3/lib/python3.8/site-packages/airflow/example_dags/example_dag_decorator.py
[2023-03-01T12:55:54.167+0100] {processor.py:743} INFO - Processing file /Users/oanottage/opt/anaconda3/lib/python3.8/site-packages/airflow/example_dags/example_dag_decorator.py for tasks to queue
[2023-03-01T12:55:54.168+0100] {logging_mixin.py:137} INFO - [2023-03-01T12:55:54.168+0100] {dagbag.py:538} INFO - Filling up the DagBag from /Users/oanottage/opt/anaconda3/lib/python3.8/site-packages/airflow/example_dags/example_dag_decorator.py
[2023-03-01T12:55:54.308+0100] {logging_mixin.py:137} INFO - [2023-03-01T12:55:54.308+0100] {taskmixin.py:205} WARNING - Dependency <Task(_PythonDecoratedOperator): prepare_email>, send_email already registered for DAG: example_dag_decorator
[2023-03-01T12:55:54.308+0100] {logging_mixin.py:137} INFO - [2023-03-01T12:55:54.308+0100] {taskmixin.py:205} WARNING - Dependency <Task(EmailOperator): send_email>, prepare_email already registered for DAG: example_dag_decorator
[2023-03-01T12:55:54.334+0100] {processor.py:753} INFO - DAG(s) dict_keys(['example_dag_decorator']) retrieved from /Users/oanottage/opt/anaconda3/lib/python3.8/site-packages/airflow/example_dags/example_dag_decorator.py
[2023-03-01T12:55:55.311+0100] {logging_mixin.py:137} INFO - [2023-03-01T12:55:55.311+0100] {dag.py:2690} INFO - Sync 1 DAGs
[2023-03-01T12:55:55.332+0100] {logging_mixin.py:137} INFO - [2023-03-01T12:55:55.332+0100] {dag.py:3437} INFO - Setting next_dagrun for example_dag_decorator to None, run_after=None
[2023-03-01T12:55:55.351+0100] {processor.py:175} INFO - Processing /Users/oanottage/opt/anaconda3/lib/python3.8/site-packages/airflow/example_dags/example_dag_decorator.py took 1.188 seconds
[2023-03-01T12:57:44.653+0100] {processor.py:153} INFO - Started process (PID=72247) to work on /Users/oanottage/opt/anaconda3/lib/python3.8/site-packages/airflow/example_dags/example_dag_decorator.py
[2023-03-01T12:57:44.658+0100] {processor.py:743} INFO - Processing file /Users/oanottage/opt/anaconda3/lib/python3.8/site-packages/airflow/example_dags/example_dag_decorator.py for tasks to queue
[2023-03-01T12:57:44.658+0100] {logging_mixin.py:137} INFO - [2023-03-01T12:57:44.658+0100] {dagbag.py:538} INFO - Filling up the DagBag from /Users/oanottage/opt/anaconda3/lib/python3.8/site-packages/airflow/example_dags/example_dag_decorator.py
[2023-03-01T12:57:44.794+0100] {logging_mixin.py:137} INFO - [2023-03-01T12:57:44.793+0100] {taskmixin.py:205} WARNING - Dependency <Task(_PythonDecoratedOperator): prepare_email>, send_email already registered for DAG: example_dag_decorator
[2023-03-01T12:57:44.794+0100] {logging_mixin.py:137} INFO - [2023-03-01T12:57:44.794+0100] {taskmixin.py:205} WARNING - Dependency <Task(EmailOperator): send_email>, prepare_email already registered for DAG: example_dag_decorator
[2023-03-01T12:57:44.860+0100] {processor.py:753} INFO - DAG(s) dict_keys(['example_dag_decorator']) retrieved from /Users/oanottage/opt/anaconda3/lib/python3.8/site-packages/airflow/example_dags/example_dag_decorator.py
[2023-03-01T12:57:46.446+0100] {logging_mixin.py:137} INFO - [2023-03-01T12:57:46.445+0100] {dag.py:2690} INFO - Sync 1 DAGs
[2023-03-01T12:57:46.457+0100] {logging_mixin.py:137} INFO - [2023-03-01T12:57:46.457+0100] {dag.py:3437} INFO - Setting next_dagrun for example_dag_decorator to None, run_after=None
[2023-03-01T12:57:46.470+0100] {processor.py:175} INFO - Processing /Users/oanottage/opt/anaconda3/lib/python3.8/site-packages/airflow/example_dags/example_dag_decorator.py took 1.818 seconds
[2023-03-01T12:59:44.228+0100] {processor.py:153} INFO - Started process (PID=76534) to work on /Users/oanottage/opt/anaconda3/lib/python3.8/site-packages/airflow/example_dags/example_dag_decorator.py
[2023-03-01T12:59:44.231+0100] {processor.py:743} INFO - Processing file /Users/oanottage/opt/anaconda3/lib/python3.8/site-packages/airflow/example_dags/example_dag_decorator.py for tasks to queue
[2023-03-01T12:59:44.231+0100] {logging_mixin.py:137} INFO - [2023-03-01T12:59:44.231+0100] {dagbag.py:538} INFO - Filling up the DagBag from /Users/oanottage/opt/anaconda3/lib/python3.8/site-packages/airflow/example_dags/example_dag_decorator.py
[2023-03-01T12:59:44.391+0100] {logging_mixin.py:137} INFO - [2023-03-01T12:59:44.391+0100] {taskmixin.py:205} WARNING - Dependency <Task(_PythonDecoratedOperator): prepare_email>, send_email already registered for DAG: example_dag_decorator
[2023-03-01T12:59:44.391+0100] {logging_mixin.py:137} INFO - [2023-03-01T12:59:44.391+0100] {taskmixin.py:205} WARNING - Dependency <Task(EmailOperator): send_email>, prepare_email already registered for DAG: example_dag_decorator
[2023-03-01T12:59:44.420+0100] {processor.py:753} INFO - DAG(s) dict_keys(['example_dag_decorator']) retrieved from /Users/oanottage/opt/anaconda3/lib/python3.8/site-packages/airflow/example_dags/example_dag_decorator.py
[2023-03-01T12:59:45.244+0100] {logging_mixin.py:137} INFO - [2023-03-01T12:59:45.243+0100] {dag.py:2690} INFO - Sync 1 DAGs
[2023-03-01T12:59:45.258+0100] {logging_mixin.py:137} INFO - [2023-03-01T12:59:45.258+0100] {dag.py:3437} INFO - Setting next_dagrun for example_dag_decorator to None, run_after=None
[2023-03-01T12:59:45.272+0100] {processor.py:175} INFO - Processing /Users/oanottage/opt/anaconda3/lib/python3.8/site-packages/airflow/example_dags/example_dag_decorator.py took 1.045 seconds
