[2023-03-01T12:02:33.927+0100] {processor.py:153} INFO - Started process (PID=55183) to work on /Users/oanottage/opt/anaconda3/lib/python3.8/site-packages/airflow/example_dags/tutorial_dag.py
[2023-03-01T12:02:33.931+0100] {processor.py:743} INFO - Processing file /Users/oanottage/opt/anaconda3/lib/python3.8/site-packages/airflow/example_dags/tutorial_dag.py for tasks to queue
[2023-03-01T12:02:33.931+0100] {logging_mixin.py:137} INFO - [2023-03-01T12:02:33.931+0100] {dagbag.py:538} INFO - Filling up the DagBag from /Users/oanottage/opt/anaconda3/lib/python3.8/site-packages/airflow/example_dags/tutorial_dag.py
[2023-03-01T12:02:34.000+0100] {processor.py:753} INFO - DAG(s) dict_keys(['tutorial_dag']) retrieved from /Users/oanottage/opt/anaconda3/lib/python3.8/site-packages/airflow/example_dags/tutorial_dag.py
[2023-03-01T12:02:34.986+0100] {logging_mixin.py:137} INFO - [2023-03-01T12:02:34.986+0100] {manager.py:504} INFO - Created Permission View: can read on DAG:tutorial_dag
[2023-03-01T12:02:34.995+0100] {logging_mixin.py:137} INFO - [2023-03-01T12:02:34.995+0100] {manager.py:504} INFO - Created Permission View: can edit on DAG:tutorial_dag
[2023-03-01T12:02:35.001+0100] {logging_mixin.py:137} INFO - [2023-03-01T12:02:35.001+0100] {manager.py:504} INFO - Created Permission View: can delete on DAG:tutorial_dag
[2023-03-01T12:02:35.002+0100] {logging_mixin.py:137} INFO - [2023-03-01T12:02:35.001+0100] {dag.py:2690} INFO - Sync 1 DAGs
[2023-03-01T12:02:35.013+0100] {logging_mixin.py:137} INFO - [2023-03-01T12:02:35.012+0100] {dag.py:2711} INFO - Creating ORM DAG for tutorial_dag
[2023-03-01T12:02:35.022+0100] {logging_mixin.py:137} INFO - [2023-03-01T12:02:35.022+0100] {dag.py:3437} INFO - Setting next_dagrun for tutorial_dag to None, run_after=None
[2023-03-01T12:02:35.043+0100] {processor.py:175} INFO - Processing /Users/oanottage/opt/anaconda3/lib/python3.8/site-packages/airflow/example_dags/tutorial_dag.py took 1.116 seconds
[2023-03-01T12:04:36.899+0100] {processor.py:153} INFO - Started process (PID=59367) to work on /Users/oanottage/opt/anaconda3/lib/python3.8/site-packages/airflow/example_dags/tutorial_dag.py
[2023-03-01T12:04:36.904+0100] {processor.py:743} INFO - Processing file /Users/oanottage/opt/anaconda3/lib/python3.8/site-packages/airflow/example_dags/tutorial_dag.py for tasks to queue
[2023-03-01T12:04:36.905+0100] {logging_mixin.py:137} INFO - [2023-03-01T12:04:36.905+0100] {dagbag.py:538} INFO - Filling up the DagBag from /Users/oanottage/opt/anaconda3/lib/python3.8/site-packages/airflow/example_dags/tutorial_dag.py
[2023-03-01T12:04:36.993+0100] {processor.py:753} INFO - DAG(s) dict_keys(['tutorial_dag']) retrieved from /Users/oanottage/opt/anaconda3/lib/python3.8/site-packages/airflow/example_dags/tutorial_dag.py
[2023-03-01T12:04:38.123+0100] {logging_mixin.py:137} INFO - [2023-03-01T12:04:38.123+0100] {dag.py:2690} INFO - Sync 1 DAGs
[2023-03-01T12:04:38.140+0100] {logging_mixin.py:137} INFO - [2023-03-01T12:04:38.140+0100] {dag.py:3437} INFO - Setting next_dagrun for tutorial_dag to None, run_after=None
[2023-03-01T12:04:38.154+0100] {processor.py:175} INFO - Processing /Users/oanottage/opt/anaconda3/lib/python3.8/site-packages/airflow/example_dags/tutorial_dag.py took 1.257 seconds
[2023-03-01T12:06:34.256+0100] {processor.py:153} INFO - Started process (PID=63553) to work on /Users/oanottage/opt/anaconda3/lib/python3.8/site-packages/airflow/example_dags/tutorial_dag.py
[2023-03-01T12:06:34.259+0100] {processor.py:743} INFO - Processing file /Users/oanottage/opt/anaconda3/lib/python3.8/site-packages/airflow/example_dags/tutorial_dag.py for tasks to queue
[2023-03-01T12:06:34.259+0100] {logging_mixin.py:137} INFO - [2023-03-01T12:06:34.259+0100] {dagbag.py:538} INFO - Filling up the DagBag from /Users/oanottage/opt/anaconda3/lib/python3.8/site-packages/airflow/example_dags/tutorial_dag.py
[2023-03-01T12:06:34.314+0100] {processor.py:753} INFO - DAG(s) dict_keys(['tutorial_dag']) retrieved from /Users/oanottage/opt/anaconda3/lib/python3.8/site-packages/airflow/example_dags/tutorial_dag.py
[2023-03-01T12:06:35.164+0100] {logging_mixin.py:137} INFO - [2023-03-01T12:06:35.163+0100] {dag.py:2690} INFO - Sync 1 DAGs
[2023-03-01T12:06:35.176+0100] {logging_mixin.py:137} INFO - [2023-03-01T12:06:35.176+0100] {dag.py:3437} INFO - Setting next_dagrun for tutorial_dag to None, run_after=None
[2023-03-01T12:06:35.187+0100] {processor.py:175} INFO - Processing /Users/oanottage/opt/anaconda3/lib/python3.8/site-packages/airflow/example_dags/tutorial_dag.py took 0.932 seconds
[2023-03-01T12:08:21.875+0100] {processor.py:153} INFO - Started process (PID=66716) to work on /Users/oanottage/opt/anaconda3/lib/python3.8/site-packages/airflow/example_dags/tutorial_dag.py
[2023-03-01T12:08:21.880+0100] {processor.py:743} INFO - Processing file /Users/oanottage/opt/anaconda3/lib/python3.8/site-packages/airflow/example_dags/tutorial_dag.py for tasks to queue
[2023-03-01T12:08:21.881+0100] {logging_mixin.py:137} INFO - [2023-03-01T12:08:21.881+0100] {dagbag.py:538} INFO - Filling up the DagBag from /Users/oanottage/opt/anaconda3/lib/python3.8/site-packages/airflow/example_dags/tutorial_dag.py
[2023-03-01T12:08:22.000+0100] {processor.py:753} INFO - DAG(s) dict_keys(['tutorial_dag']) retrieved from /Users/oanottage/opt/anaconda3/lib/python3.8/site-packages/airflow/example_dags/tutorial_dag.py
[2023-03-01T12:08:22.815+0100] {logging_mixin.py:137} INFO - [2023-03-01T12:08:22.815+0100] {dag.py:2690} INFO - Sync 1 DAGs
[2023-03-01T12:08:22.828+0100] {logging_mixin.py:137} INFO - [2023-03-01T12:08:22.828+0100] {dag.py:3437} INFO - Setting next_dagrun for tutorial_dag to None, run_after=None
[2023-03-01T12:08:22.841+0100] {processor.py:175} INFO - Processing /Users/oanottage/opt/anaconda3/lib/python3.8/site-packages/airflow/example_dags/tutorial_dag.py took 0.967 seconds
[2023-03-01T12:10:19.318+0100] {processor.py:153} INFO - Started process (PID=70919) to work on /Users/oanottage/opt/anaconda3/lib/python3.8/site-packages/airflow/example_dags/tutorial_dag.py
[2023-03-01T12:10:19.322+0100] {processor.py:743} INFO - Processing file /Users/oanottage/opt/anaconda3/lib/python3.8/site-packages/airflow/example_dags/tutorial_dag.py for tasks to queue
[2023-03-01T12:10:19.322+0100] {logging_mixin.py:137} INFO - [2023-03-01T12:10:19.322+0100] {dagbag.py:538} INFO - Filling up the DagBag from /Users/oanottage/opt/anaconda3/lib/python3.8/site-packages/airflow/example_dags/tutorial_dag.py
[2023-03-01T12:10:19.380+0100] {processor.py:753} INFO - DAG(s) dict_keys(['tutorial_dag']) retrieved from /Users/oanottage/opt/anaconda3/lib/python3.8/site-packages/airflow/example_dags/tutorial_dag.py
[2023-03-01T12:10:20.263+0100] {logging_mixin.py:137} INFO - [2023-03-01T12:10:20.263+0100] {dag.py:2690} INFO - Sync 1 DAGs
[2023-03-01T12:10:20.275+0100] {logging_mixin.py:137} INFO - [2023-03-01T12:10:20.275+0100] {dag.py:3437} INFO - Setting next_dagrun for tutorial_dag to None, run_after=None
[2023-03-01T12:10:20.289+0100] {processor.py:175} INFO - Processing /Users/oanottage/opt/anaconda3/lib/python3.8/site-packages/airflow/example_dags/tutorial_dag.py took 0.972 seconds
[2023-03-01T12:12:27.146+0100] {processor.py:153} INFO - Started process (PID=75197) to work on /Users/oanottage/opt/anaconda3/lib/python3.8/site-packages/airflow/example_dags/tutorial_dag.py
[2023-03-01T12:12:27.152+0100] {processor.py:743} INFO - Processing file /Users/oanottage/opt/anaconda3/lib/python3.8/site-packages/airflow/example_dags/tutorial_dag.py for tasks to queue
[2023-03-01T12:12:27.153+0100] {logging_mixin.py:137} INFO - [2023-03-01T12:12:27.152+0100] {dagbag.py:538} INFO - Filling up the DagBag from /Users/oanottage/opt/anaconda3/lib/python3.8/site-packages/airflow/example_dags/tutorial_dag.py
[2023-03-01T12:12:27.215+0100] {processor.py:753} INFO - DAG(s) dict_keys(['tutorial_dag']) retrieved from /Users/oanottage/opt/anaconda3/lib/python3.8/site-packages/airflow/example_dags/tutorial_dag.py
[2023-03-01T12:12:28.187+0100] {logging_mixin.py:137} INFO - [2023-03-01T12:12:28.187+0100] {dag.py:2690} INFO - Sync 1 DAGs
[2023-03-01T12:12:28.202+0100] {logging_mixin.py:137} INFO - [2023-03-01T12:12:28.202+0100] {dag.py:3437} INFO - Setting next_dagrun for tutorial_dag to None, run_after=None
[2023-03-01T12:12:28.216+0100] {processor.py:175} INFO - Processing /Users/oanottage/opt/anaconda3/lib/python3.8/site-packages/airflow/example_dags/tutorial_dag.py took 1.070 seconds
[2023-03-01T12:14:18.677+0100] {processor.py:153} INFO - Started process (PID=79422) to work on /Users/oanottage/opt/anaconda3/lib/python3.8/site-packages/airflow/example_dags/tutorial_dag.py
[2023-03-01T12:14:18.681+0100] {processor.py:743} INFO - Processing file /Users/oanottage/opt/anaconda3/lib/python3.8/site-packages/airflow/example_dags/tutorial_dag.py for tasks to queue
[2023-03-01T12:14:18.682+0100] {logging_mixin.py:137} INFO - [2023-03-01T12:14:18.682+0100] {dagbag.py:538} INFO - Filling up the DagBag from /Users/oanottage/opt/anaconda3/lib/python3.8/site-packages/airflow/example_dags/tutorial_dag.py
[2023-03-01T12:14:18.741+0100] {processor.py:753} INFO - DAG(s) dict_keys(['tutorial_dag']) retrieved from /Users/oanottage/opt/anaconda3/lib/python3.8/site-packages/airflow/example_dags/tutorial_dag.py
[2023-03-01T12:14:19.647+0100] {logging_mixin.py:137} INFO - [2023-03-01T12:14:19.647+0100] {dag.py:2690} INFO - Sync 1 DAGs
[2023-03-01T12:14:19.661+0100] {logging_mixin.py:137} INFO - [2023-03-01T12:14:19.661+0100] {dag.py:3437} INFO - Setting next_dagrun for tutorial_dag to None, run_after=None
[2023-03-01T12:14:19.675+0100] {processor.py:175} INFO - Processing /Users/oanottage/opt/anaconda3/lib/python3.8/site-packages/airflow/example_dags/tutorial_dag.py took 0.999 seconds
[2023-03-01T12:16:18.114+0100] {processor.py:153} INFO - Started process (PID=83584) to work on /Users/oanottage/opt/anaconda3/lib/python3.8/site-packages/airflow/example_dags/tutorial_dag.py
[2023-03-01T12:16:18.120+0100] {processor.py:743} INFO - Processing file /Users/oanottage/opt/anaconda3/lib/python3.8/site-packages/airflow/example_dags/tutorial_dag.py for tasks to queue
[2023-03-01T12:16:18.120+0100] {logging_mixin.py:137} INFO - [2023-03-01T12:16:18.120+0100] {dagbag.py:538} INFO - Filling up the DagBag from /Users/oanottage/opt/anaconda3/lib/python3.8/site-packages/airflow/example_dags/tutorial_dag.py
[2023-03-01T12:16:18.179+0100] {processor.py:753} INFO - DAG(s) dict_keys(['tutorial_dag']) retrieved from /Users/oanottage/opt/anaconda3/lib/python3.8/site-packages/airflow/example_dags/tutorial_dag.py
[2023-03-01T12:16:19.102+0100] {logging_mixin.py:137} INFO - [2023-03-01T12:16:19.102+0100] {dag.py:2690} INFO - Sync 1 DAGs
[2023-03-01T12:16:19.122+0100] {logging_mixin.py:137} INFO - [2023-03-01T12:16:19.122+0100] {dag.py:3437} INFO - Setting next_dagrun for tutorial_dag to None, run_after=None
[2023-03-01T12:16:19.141+0100] {processor.py:175} INFO - Processing /Users/oanottage/opt/anaconda3/lib/python3.8/site-packages/airflow/example_dags/tutorial_dag.py took 1.028 seconds
[2023-03-01T12:18:18.095+0100] {processor.py:153} INFO - Started process (PID=87790) to work on /Users/oanottage/opt/anaconda3/lib/python3.8/site-packages/airflow/example_dags/tutorial_dag.py
[2023-03-01T12:18:18.100+0100] {processor.py:743} INFO - Processing file /Users/oanottage/opt/anaconda3/lib/python3.8/site-packages/airflow/example_dags/tutorial_dag.py for tasks to queue
[2023-03-01T12:18:18.101+0100] {logging_mixin.py:137} INFO - [2023-03-01T12:18:18.101+0100] {dagbag.py:538} INFO - Filling up the DagBag from /Users/oanottage/opt/anaconda3/lib/python3.8/site-packages/airflow/example_dags/tutorial_dag.py
[2023-03-01T12:18:18.159+0100] {processor.py:753} INFO - DAG(s) dict_keys(['tutorial_dag']) retrieved from /Users/oanottage/opt/anaconda3/lib/python3.8/site-packages/airflow/example_dags/tutorial_dag.py
[2023-03-01T12:18:19.035+0100] {logging_mixin.py:137} INFO - [2023-03-01T12:18:19.034+0100] {dag.py:2690} INFO - Sync 1 DAGs
[2023-03-01T12:18:19.057+0100] {logging_mixin.py:137} INFO - [2023-03-01T12:18:19.057+0100] {dag.py:3437} INFO - Setting next_dagrun for tutorial_dag to None, run_after=None
[2023-03-01T12:18:19.077+0100] {processor.py:175} INFO - Processing /Users/oanottage/opt/anaconda3/lib/python3.8/site-packages/airflow/example_dags/tutorial_dag.py took 0.982 seconds
[2023-03-01T12:20:10.486+0100] {processor.py:153} INFO - Started process (PID=92019) to work on /Users/oanottage/opt/anaconda3/lib/python3.8/site-packages/airflow/example_dags/tutorial_dag.py
[2023-03-01T12:20:10.490+0100] {processor.py:743} INFO - Processing file /Users/oanottage/opt/anaconda3/lib/python3.8/site-packages/airflow/example_dags/tutorial_dag.py for tasks to queue
[2023-03-01T12:20:10.490+0100] {logging_mixin.py:137} INFO - [2023-03-01T12:20:10.490+0100] {dagbag.py:538} INFO - Filling up the DagBag from /Users/oanottage/opt/anaconda3/lib/python3.8/site-packages/airflow/example_dags/tutorial_dag.py
[2023-03-01T12:20:10.539+0100] {processor.py:753} INFO - DAG(s) dict_keys(['tutorial_dag']) retrieved from /Users/oanottage/opt/anaconda3/lib/python3.8/site-packages/airflow/example_dags/tutorial_dag.py
[2023-03-01T12:20:11.407+0100] {logging_mixin.py:137} INFO - [2023-03-01T12:20:11.407+0100] {dag.py:2690} INFO - Sync 1 DAGs
[2023-03-01T12:20:11.418+0100] {logging_mixin.py:137} INFO - [2023-03-01T12:20:11.418+0100] {dag.py:3437} INFO - Setting next_dagrun for tutorial_dag to None, run_after=None
[2023-03-01T12:20:11.430+0100] {processor.py:175} INFO - Processing /Users/oanottage/opt/anaconda3/lib/python3.8/site-packages/airflow/example_dags/tutorial_dag.py took 0.944 seconds
[2023-03-01T12:22:18.702+0100] {processor.py:153} INFO - Started process (PID=96269) to work on /Users/oanottage/opt/anaconda3/lib/python3.8/site-packages/airflow/example_dags/tutorial_dag.py
[2023-03-01T12:22:18.706+0100] {processor.py:743} INFO - Processing file /Users/oanottage/opt/anaconda3/lib/python3.8/site-packages/airflow/example_dags/tutorial_dag.py for tasks to queue
[2023-03-01T12:22:18.707+0100] {logging_mixin.py:137} INFO - [2023-03-01T12:22:18.707+0100] {dagbag.py:538} INFO - Filling up the DagBag from /Users/oanottage/opt/anaconda3/lib/python3.8/site-packages/airflow/example_dags/tutorial_dag.py
[2023-03-01T12:22:18.766+0100] {processor.py:753} INFO - DAG(s) dict_keys(['tutorial_dag']) retrieved from /Users/oanottage/opt/anaconda3/lib/python3.8/site-packages/airflow/example_dags/tutorial_dag.py
[2023-03-01T12:22:19.839+0100] {logging_mixin.py:137} INFO - [2023-03-01T12:22:19.838+0100] {dag.py:2690} INFO - Sync 1 DAGs
[2023-03-01T12:22:19.858+0100] {logging_mixin.py:137} INFO - [2023-03-01T12:22:19.858+0100] {dag.py:3437} INFO - Setting next_dagrun for tutorial_dag to None, run_after=None
[2023-03-01T12:22:19.879+0100] {processor.py:175} INFO - Processing /Users/oanottage/opt/anaconda3/lib/python3.8/site-packages/airflow/example_dags/tutorial_dag.py took 1.178 seconds
[2023-03-01T12:24:47.279+0100] {processor.py:153} INFO - Started process (PID=1954) to work on /Users/oanottage/opt/anaconda3/lib/python3.8/site-packages/airflow/example_dags/tutorial_dag.py
[2023-03-01T12:24:47.283+0100] {processor.py:743} INFO - Processing file /Users/oanottage/opt/anaconda3/lib/python3.8/site-packages/airflow/example_dags/tutorial_dag.py for tasks to queue
[2023-03-01T12:24:47.284+0100] {logging_mixin.py:137} INFO - [2023-03-01T12:24:47.284+0100] {dagbag.py:538} INFO - Filling up the DagBag from /Users/oanottage/opt/anaconda3/lib/python3.8/site-packages/airflow/example_dags/tutorial_dag.py
[2023-03-01T12:24:47.338+0100] {processor.py:753} INFO - DAG(s) dict_keys(['tutorial_dag']) retrieved from /Users/oanottage/opt/anaconda3/lib/python3.8/site-packages/airflow/example_dags/tutorial_dag.py
[2023-03-01T12:24:48.348+0100] {logging_mixin.py:137} INFO - [2023-03-01T12:24:48.348+0100] {dag.py:2690} INFO - Sync 1 DAGs
[2023-03-01T12:24:48.366+0100] {logging_mixin.py:137} INFO - [2023-03-01T12:24:48.366+0100] {dag.py:3437} INFO - Setting next_dagrun for tutorial_dag to None, run_after=None
[2023-03-01T12:24:48.384+0100] {processor.py:175} INFO - Processing /Users/oanottage/opt/anaconda3/lib/python3.8/site-packages/airflow/example_dags/tutorial_dag.py took 1.105 seconds
[2023-03-01T12:26:49.333+0100] {processor.py:153} INFO - Started process (PID=6199) to work on /Users/oanottage/opt/anaconda3/lib/python3.8/site-packages/airflow/example_dags/tutorial_dag.py
[2023-03-01T12:26:49.338+0100] {processor.py:743} INFO - Processing file /Users/oanottage/opt/anaconda3/lib/python3.8/site-packages/airflow/example_dags/tutorial_dag.py for tasks to queue
[2023-03-01T12:26:49.338+0100] {logging_mixin.py:137} INFO - [2023-03-01T12:26:49.338+0100] {dagbag.py:538} INFO - Filling up the DagBag from /Users/oanottage/opt/anaconda3/lib/python3.8/site-packages/airflow/example_dags/tutorial_dag.py
[2023-03-01T12:26:49.388+0100] {processor.py:753} INFO - DAG(s) dict_keys(['tutorial_dag']) retrieved from /Users/oanottage/opt/anaconda3/lib/python3.8/site-packages/airflow/example_dags/tutorial_dag.py
[2023-03-01T12:26:50.239+0100] {logging_mixin.py:137} INFO - [2023-03-01T12:26:50.239+0100] {dag.py:2690} INFO - Sync 1 DAGs
[2023-03-01T12:26:50.252+0100] {logging_mixin.py:137} INFO - [2023-03-01T12:26:50.252+0100] {dag.py:3437} INFO - Setting next_dagrun for tutorial_dag to None, run_after=None
[2023-03-01T12:26:50.266+0100] {processor.py:175} INFO - Processing /Users/oanottage/opt/anaconda3/lib/python3.8/site-packages/airflow/example_dags/tutorial_dag.py took 0.934 seconds
[2023-03-01T12:28:43.262+0100] {processor.py:153} INFO - Started process (PID=10413) to work on /Users/oanottage/opt/anaconda3/lib/python3.8/site-packages/airflow/example_dags/tutorial_dag.py
[2023-03-01T12:28:43.266+0100] {processor.py:743} INFO - Processing file /Users/oanottage/opt/anaconda3/lib/python3.8/site-packages/airflow/example_dags/tutorial_dag.py for tasks to queue
[2023-03-01T12:28:43.266+0100] {logging_mixin.py:137} INFO - [2023-03-01T12:28:43.266+0100] {dagbag.py:538} INFO - Filling up the DagBag from /Users/oanottage/opt/anaconda3/lib/python3.8/site-packages/airflow/example_dags/tutorial_dag.py
[2023-03-01T12:28:43.316+0100] {processor.py:753} INFO - DAG(s) dict_keys(['tutorial_dag']) retrieved from /Users/oanottage/opt/anaconda3/lib/python3.8/site-packages/airflow/example_dags/tutorial_dag.py
[2023-03-01T12:28:44.137+0100] {logging_mixin.py:137} INFO - [2023-03-01T12:28:44.137+0100] {dag.py:2690} INFO - Sync 1 DAGs
[2023-03-01T12:28:44.151+0100] {logging_mixin.py:137} INFO - [2023-03-01T12:28:44.151+0100] {dag.py:3437} INFO - Setting next_dagrun for tutorial_dag to None, run_after=None
[2023-03-01T12:28:44.164+0100] {processor.py:175} INFO - Processing /Users/oanottage/opt/anaconda3/lib/python3.8/site-packages/airflow/example_dags/tutorial_dag.py took 0.903 seconds
[2023-03-01T12:30:33.564+0100] {processor.py:153} INFO - Started process (PID=14632) to work on /Users/oanottage/opt/anaconda3/lib/python3.8/site-packages/airflow/example_dags/tutorial_dag.py
[2023-03-01T12:30:33.567+0100] {processor.py:743} INFO - Processing file /Users/oanottage/opt/anaconda3/lib/python3.8/site-packages/airflow/example_dags/tutorial_dag.py for tasks to queue
[2023-03-01T12:30:33.567+0100] {logging_mixin.py:137} INFO - [2023-03-01T12:30:33.567+0100] {dagbag.py:538} INFO - Filling up the DagBag from /Users/oanottage/opt/anaconda3/lib/python3.8/site-packages/airflow/example_dags/tutorial_dag.py
[2023-03-01T12:30:33.619+0100] {processor.py:753} INFO - DAG(s) dict_keys(['tutorial_dag']) retrieved from /Users/oanottage/opt/anaconda3/lib/python3.8/site-packages/airflow/example_dags/tutorial_dag.py
[2023-03-01T12:30:34.482+0100] {logging_mixin.py:137} INFO - [2023-03-01T12:30:34.482+0100] {dag.py:2690} INFO - Sync 1 DAGs
[2023-03-01T12:30:34.495+0100] {logging_mixin.py:137} INFO - [2023-03-01T12:30:34.495+0100] {dag.py:3437} INFO - Setting next_dagrun for tutorial_dag to None, run_after=None
[2023-03-01T12:30:34.508+0100] {processor.py:175} INFO - Processing /Users/oanottage/opt/anaconda3/lib/python3.8/site-packages/airflow/example_dags/tutorial_dag.py took 0.945 seconds
[2023-03-01T12:32:22.241+0100] {processor.py:153} INFO - Started process (PID=17886) to work on /Users/oanottage/opt/anaconda3/lib/python3.8/site-packages/airflow/example_dags/tutorial_dag.py
[2023-03-01T12:32:22.245+0100] {processor.py:743} INFO - Processing file /Users/oanottage/opt/anaconda3/lib/python3.8/site-packages/airflow/example_dags/tutorial_dag.py for tasks to queue
[2023-03-01T12:32:22.245+0100] {logging_mixin.py:137} INFO - [2023-03-01T12:32:22.245+0100] {dagbag.py:538} INFO - Filling up the DagBag from /Users/oanottage/opt/anaconda3/lib/python3.8/site-packages/airflow/example_dags/tutorial_dag.py
[2023-03-01T12:32:22.295+0100] {processor.py:753} INFO - DAG(s) dict_keys(['tutorial_dag']) retrieved from /Users/oanottage/opt/anaconda3/lib/python3.8/site-packages/airflow/example_dags/tutorial_dag.py
[2023-03-01T12:32:23.130+0100] {logging_mixin.py:137} INFO - [2023-03-01T12:32:23.129+0100] {dag.py:2690} INFO - Sync 1 DAGs
[2023-03-01T12:32:23.142+0100] {logging_mixin.py:137} INFO - [2023-03-01T12:32:23.142+0100] {dag.py:3437} INFO - Setting next_dagrun for tutorial_dag to None, run_after=None
[2023-03-01T12:32:23.155+0100] {processor.py:175} INFO - Processing /Users/oanottage/opt/anaconda3/lib/python3.8/site-packages/airflow/example_dags/tutorial_dag.py took 0.914 seconds
[2023-03-01T12:34:09.792+0100] {processor.py:153} INFO - Started process (PID=22108) to work on /Users/oanottage/opt/anaconda3/lib/python3.8/site-packages/airflow/example_dags/tutorial_dag.py
[2023-03-01T12:34:09.796+0100] {processor.py:743} INFO - Processing file /Users/oanottage/opt/anaconda3/lib/python3.8/site-packages/airflow/example_dags/tutorial_dag.py for tasks to queue
[2023-03-01T12:34:09.796+0100] {logging_mixin.py:137} INFO - [2023-03-01T12:34:09.796+0100] {dagbag.py:538} INFO - Filling up the DagBag from /Users/oanottage/opt/anaconda3/lib/python3.8/site-packages/airflow/example_dags/tutorial_dag.py
[2023-03-01T12:34:09.863+0100] {processor.py:753} INFO - DAG(s) dict_keys(['tutorial_dag']) retrieved from /Users/oanottage/opt/anaconda3/lib/python3.8/site-packages/airflow/example_dags/tutorial_dag.py
[2023-03-01T12:34:10.678+0100] {logging_mixin.py:137} INFO - [2023-03-01T12:34:10.678+0100] {dag.py:2690} INFO - Sync 1 DAGs
[2023-03-01T12:34:10.690+0100] {logging_mixin.py:137} INFO - [2023-03-01T12:34:10.690+0100] {dag.py:3437} INFO - Setting next_dagrun for tutorial_dag to None, run_after=None
[2023-03-01T12:34:10.701+0100] {processor.py:175} INFO - Processing /Users/oanottage/opt/anaconda3/lib/python3.8/site-packages/airflow/example_dags/tutorial_dag.py took 0.910 seconds
[2023-03-01T12:36:02.854+0100] {processor.py:153} INFO - Started process (PID=26324) to work on /Users/oanottage/opt/anaconda3/lib/python3.8/site-packages/airflow/example_dags/tutorial_dag.py
[2023-03-01T12:36:02.859+0100] {processor.py:743} INFO - Processing file /Users/oanottage/opt/anaconda3/lib/python3.8/site-packages/airflow/example_dags/tutorial_dag.py for tasks to queue
[2023-03-01T12:36:02.859+0100] {logging_mixin.py:137} INFO - [2023-03-01T12:36:02.859+0100] {dagbag.py:538} INFO - Filling up the DagBag from /Users/oanottage/opt/anaconda3/lib/python3.8/site-packages/airflow/example_dags/tutorial_dag.py
[2023-03-01T12:36:02.922+0100] {processor.py:753} INFO - DAG(s) dict_keys(['tutorial_dag']) retrieved from /Users/oanottage/opt/anaconda3/lib/python3.8/site-packages/airflow/example_dags/tutorial_dag.py
[2023-03-01T12:36:03.758+0100] {logging_mixin.py:137} INFO - [2023-03-01T12:36:03.757+0100] {dag.py:2690} INFO - Sync 1 DAGs
[2023-03-01T12:36:03.769+0100] {logging_mixin.py:137} INFO - [2023-03-01T12:36:03.769+0100] {dag.py:3437} INFO - Setting next_dagrun for tutorial_dag to None, run_after=None
[2023-03-01T12:36:03.784+0100] {processor.py:175} INFO - Processing /Users/oanottage/opt/anaconda3/lib/python3.8/site-packages/airflow/example_dags/tutorial_dag.py took 0.930 seconds
[2023-03-01T12:37:57.556+0100] {processor.py:153} INFO - Started process (PID=29540) to work on /Users/oanottage/opt/anaconda3/lib/python3.8/site-packages/airflow/example_dags/tutorial_dag.py
[2023-03-01T12:37:57.561+0100] {processor.py:743} INFO - Processing file /Users/oanottage/opt/anaconda3/lib/python3.8/site-packages/airflow/example_dags/tutorial_dag.py for tasks to queue
[2023-03-01T12:37:57.561+0100] {logging_mixin.py:137} INFO - [2023-03-01T12:37:57.561+0100] {dagbag.py:538} INFO - Filling up the DagBag from /Users/oanottage/opt/anaconda3/lib/python3.8/site-packages/airflow/example_dags/tutorial_dag.py
[2023-03-01T12:37:57.626+0100] {processor.py:753} INFO - DAG(s) dict_keys(['tutorial_dag']) retrieved from /Users/oanottage/opt/anaconda3/lib/python3.8/site-packages/airflow/example_dags/tutorial_dag.py
[2023-03-01T12:37:58.576+0100] {logging_mixin.py:137} INFO - [2023-03-01T12:37:58.576+0100] {dag.py:2690} INFO - Sync 1 DAGs
[2023-03-01T12:37:58.591+0100] {logging_mixin.py:137} INFO - [2023-03-01T12:37:58.591+0100] {dag.py:3437} INFO - Setting next_dagrun for tutorial_dag to None, run_after=None
[2023-03-01T12:37:58.605+0100] {processor.py:175} INFO - Processing /Users/oanottage/opt/anaconda3/lib/python3.8/site-packages/airflow/example_dags/tutorial_dag.py took 1.050 seconds
[2023-03-01T12:40:01.979+0100] {processor.py:153} INFO - Started process (PID=34812) to work on /Users/oanottage/opt/anaconda3/lib/python3.8/site-packages/airflow/example_dags/tutorial_dag.py
[2023-03-01T12:40:01.985+0100] {processor.py:743} INFO - Processing file /Users/oanottage/opt/anaconda3/lib/python3.8/site-packages/airflow/example_dags/tutorial_dag.py for tasks to queue
[2023-03-01T12:40:01.985+0100] {logging_mixin.py:137} INFO - [2023-03-01T12:40:01.985+0100] {dagbag.py:538} INFO - Filling up the DagBag from /Users/oanottage/opt/anaconda3/lib/python3.8/site-packages/airflow/example_dags/tutorial_dag.py
[2023-03-01T12:40:02.069+0100] {processor.py:753} INFO - DAG(s) dict_keys(['tutorial_dag']) retrieved from /Users/oanottage/opt/anaconda3/lib/python3.8/site-packages/airflow/example_dags/tutorial_dag.py
[2023-03-01T12:40:03.128+0100] {logging_mixin.py:137} INFO - [2023-03-01T12:40:03.127+0100] {dag.py:2690} INFO - Sync 1 DAGs
[2023-03-01T12:40:03.145+0100] {logging_mixin.py:137} INFO - [2023-03-01T12:40:03.145+0100] {dag.py:3437} INFO - Setting next_dagrun for tutorial_dag to None, run_after=None
[2023-03-01T12:40:03.162+0100] {processor.py:175} INFO - Processing /Users/oanottage/opt/anaconda3/lib/python3.8/site-packages/airflow/example_dags/tutorial_dag.py took 1.183 seconds
[2023-03-01T12:42:08.752+0100] {processor.py:153} INFO - Started process (PID=39077) to work on /Users/oanottage/opt/anaconda3/lib/python3.8/site-packages/airflow/example_dags/tutorial_dag.py
[2023-03-01T12:42:08.756+0100] {processor.py:743} INFO - Processing file /Users/oanottage/opt/anaconda3/lib/python3.8/site-packages/airflow/example_dags/tutorial_dag.py for tasks to queue
[2023-03-01T12:42:08.756+0100] {logging_mixin.py:137} INFO - [2023-03-01T12:42:08.756+0100] {dagbag.py:538} INFO - Filling up the DagBag from /Users/oanottage/opt/anaconda3/lib/python3.8/site-packages/airflow/example_dags/tutorial_dag.py
[2023-03-01T12:42:08.810+0100] {processor.py:753} INFO - DAG(s) dict_keys(['tutorial_dag']) retrieved from /Users/oanottage/opt/anaconda3/lib/python3.8/site-packages/airflow/example_dags/tutorial_dag.py
[2023-03-01T12:42:09.697+0100] {logging_mixin.py:137} INFO - [2023-03-01T12:42:09.696+0100] {dag.py:2690} INFO - Sync 1 DAGs
[2023-03-01T12:42:09.710+0100] {logging_mixin.py:137} INFO - [2023-03-01T12:42:09.710+0100] {dag.py:3437} INFO - Setting next_dagrun for tutorial_dag to None, run_after=None
[2023-03-01T12:42:09.723+0100] {processor.py:175} INFO - Processing /Users/oanottage/opt/anaconda3/lib/python3.8/site-packages/airflow/example_dags/tutorial_dag.py took 0.971 seconds
[2023-03-01T12:44:22.233+0100] {processor.py:153} INFO - Started process (PID=43338) to work on /Users/oanottage/opt/anaconda3/lib/python3.8/site-packages/airflow/example_dags/tutorial_dag.py
[2023-03-01T12:44:22.237+0100] {processor.py:743} INFO - Processing file /Users/oanottage/opt/anaconda3/lib/python3.8/site-packages/airflow/example_dags/tutorial_dag.py for tasks to queue
[2023-03-01T12:44:22.237+0100] {logging_mixin.py:137} INFO - [2023-03-01T12:44:22.237+0100] {dagbag.py:538} INFO - Filling up the DagBag from /Users/oanottage/opt/anaconda3/lib/python3.8/site-packages/airflow/example_dags/tutorial_dag.py
[2023-03-01T12:44:22.298+0100] {processor.py:753} INFO - DAG(s) dict_keys(['tutorial_dag']) retrieved from /Users/oanottage/opt/anaconda3/lib/python3.8/site-packages/airflow/example_dags/tutorial_dag.py
[2023-03-01T12:44:23.233+0100] {logging_mixin.py:137} INFO - [2023-03-01T12:44:23.233+0100] {dag.py:2690} INFO - Sync 1 DAGs
[2023-03-01T12:44:23.247+0100] {logging_mixin.py:137} INFO - [2023-03-01T12:44:23.247+0100] {dag.py:3437} INFO - Setting next_dagrun for tutorial_dag to None, run_after=None
[2023-03-01T12:44:23.260+0100] {processor.py:175} INFO - Processing /Users/oanottage/opt/anaconda3/lib/python3.8/site-packages/airflow/example_dags/tutorial_dag.py took 1.028 seconds
[2023-03-01T12:46:26.621+0100] {processor.py:153} INFO - Started process (PID=47608) to work on /Users/oanottage/opt/anaconda3/lib/python3.8/site-packages/airflow/example_dags/tutorial_dag.py
[2023-03-01T12:46:26.625+0100] {processor.py:743} INFO - Processing file /Users/oanottage/opt/anaconda3/lib/python3.8/site-packages/airflow/example_dags/tutorial_dag.py for tasks to queue
[2023-03-01T12:46:26.625+0100] {logging_mixin.py:137} INFO - [2023-03-01T12:46:26.625+0100] {dagbag.py:538} INFO - Filling up the DagBag from /Users/oanottage/opt/anaconda3/lib/python3.8/site-packages/airflow/example_dags/tutorial_dag.py
[2023-03-01T12:46:26.692+0100] {processor.py:753} INFO - DAG(s) dict_keys(['tutorial_dag']) retrieved from /Users/oanottage/opt/anaconda3/lib/python3.8/site-packages/airflow/example_dags/tutorial_dag.py
[2023-03-01T12:46:27.768+0100] {logging_mixin.py:137} INFO - [2023-03-01T12:46:27.768+0100] {dag.py:2690} INFO - Sync 1 DAGs
[2023-03-01T12:46:27.785+0100] {logging_mixin.py:137} INFO - [2023-03-01T12:46:27.785+0100] {dag.py:3437} INFO - Setting next_dagrun for tutorial_dag to None, run_after=None
[2023-03-01T12:46:27.800+0100] {processor.py:175} INFO - Processing /Users/oanottage/opt/anaconda3/lib/python3.8/site-packages/airflow/example_dags/tutorial_dag.py took 1.180 seconds
[2023-03-01T12:48:31.093+0100] {processor.py:153} INFO - Started process (PID=52737) to work on /Users/oanottage/opt/anaconda3/lib/python3.8/site-packages/airflow/example_dags/tutorial_dag.py
[2023-03-01T12:48:31.097+0100] {processor.py:743} INFO - Processing file /Users/oanottage/opt/anaconda3/lib/python3.8/site-packages/airflow/example_dags/tutorial_dag.py for tasks to queue
[2023-03-01T12:48:31.097+0100] {logging_mixin.py:137} INFO - [2023-03-01T12:48:31.097+0100] {dagbag.py:538} INFO - Filling up the DagBag from /Users/oanottage/opt/anaconda3/lib/python3.8/site-packages/airflow/example_dags/tutorial_dag.py
[2023-03-01T12:48:31.282+0100] {processor.py:753} INFO - DAG(s) dict_keys(['tutorial_dag']) retrieved from /Users/oanottage/opt/anaconda3/lib/python3.8/site-packages/airflow/example_dags/tutorial_dag.py
[2023-03-01T12:48:32.201+0100] {logging_mixin.py:137} INFO - [2023-03-01T12:48:32.201+0100] {dag.py:2690} INFO - Sync 1 DAGs
[2023-03-01T12:48:32.215+0100] {logging_mixin.py:137} INFO - [2023-03-01T12:48:32.215+0100] {dag.py:3437} INFO - Setting next_dagrun for tutorial_dag to None, run_after=None
[2023-03-01T12:48:32.229+0100] {processor.py:175} INFO - Processing /Users/oanottage/opt/anaconda3/lib/python3.8/site-packages/airflow/example_dags/tutorial_dag.py took 1.137 seconds
[2023-03-01T12:50:35.739+0100] {processor.py:153} INFO - Started process (PID=57270) to work on /Users/oanottage/opt/anaconda3/lib/python3.8/site-packages/airflow/example_dags/tutorial_dag.py
[2023-03-01T12:50:35.744+0100] {processor.py:743} INFO - Processing file /Users/oanottage/opt/anaconda3/lib/python3.8/site-packages/airflow/example_dags/tutorial_dag.py for tasks to queue
[2023-03-01T12:50:35.745+0100] {logging_mixin.py:137} INFO - [2023-03-01T12:50:35.745+0100] {dagbag.py:538} INFO - Filling up the DagBag from /Users/oanottage/opt/anaconda3/lib/python3.8/site-packages/airflow/example_dags/tutorial_dag.py
[2023-03-01T12:50:35.821+0100] {processor.py:753} INFO - DAG(s) dict_keys(['tutorial_dag']) retrieved from /Users/oanottage/opt/anaconda3/lib/python3.8/site-packages/airflow/example_dags/tutorial_dag.py
[2023-03-01T12:50:36.711+0100] {logging_mixin.py:137} INFO - [2023-03-01T12:50:36.710+0100] {dag.py:2690} INFO - Sync 1 DAGs
[2023-03-01T12:50:36.725+0100] {logging_mixin.py:137} INFO - [2023-03-01T12:50:36.725+0100] {dag.py:3437} INFO - Setting next_dagrun for tutorial_dag to None, run_after=None
[2023-03-01T12:50:36.739+0100] {processor.py:175} INFO - Processing /Users/oanottage/opt/anaconda3/lib/python3.8/site-packages/airflow/example_dags/tutorial_dag.py took 1.001 seconds
[2023-03-01T12:52:33.630+0100] {processor.py:153} INFO - Started process (PID=61528) to work on /Users/oanottage/opt/anaconda3/lib/python3.8/site-packages/airflow/example_dags/tutorial_dag.py
[2023-03-01T12:52:33.635+0100] {processor.py:743} INFO - Processing file /Users/oanottage/opt/anaconda3/lib/python3.8/site-packages/airflow/example_dags/tutorial_dag.py for tasks to queue
[2023-03-01T12:52:33.636+0100] {logging_mixin.py:137} INFO - [2023-03-01T12:52:33.635+0100] {dagbag.py:538} INFO - Filling up the DagBag from /Users/oanottage/opt/anaconda3/lib/python3.8/site-packages/airflow/example_dags/tutorial_dag.py
[2023-03-01T12:52:33.698+0100] {processor.py:753} INFO - DAG(s) dict_keys(['tutorial_dag']) retrieved from /Users/oanottage/opt/anaconda3/lib/python3.8/site-packages/airflow/example_dags/tutorial_dag.py
[2023-03-01T12:52:35.166+0100] {logging_mixin.py:137} INFO - [2023-03-01T12:52:35.166+0100] {dag.py:2690} INFO - Sync 1 DAGs
[2023-03-01T12:52:35.229+0100] {logging_mixin.py:137} INFO - [2023-03-01T12:52:35.229+0100] {dag.py:3437} INFO - Setting next_dagrun for tutorial_dag to None, run_after=None
[2023-03-01T12:52:35.250+0100] {processor.py:175} INFO - Processing /Users/oanottage/opt/anaconda3/lib/python3.8/site-packages/airflow/example_dags/tutorial_dag.py took 1.620 seconds
[2023-03-01T12:54:37.543+0100] {processor.py:153} INFO - Started process (PID=65832) to work on /Users/oanottage/opt/anaconda3/lib/python3.8/site-packages/airflow/example_dags/tutorial_dag.py
[2023-03-01T12:54:37.546+0100] {processor.py:743} INFO - Processing file /Users/oanottage/opt/anaconda3/lib/python3.8/site-packages/airflow/example_dags/tutorial_dag.py for tasks to queue
[2023-03-01T12:54:37.546+0100] {logging_mixin.py:137} INFO - [2023-03-01T12:54:37.546+0100] {dagbag.py:538} INFO - Filling up the DagBag from /Users/oanottage/opt/anaconda3/lib/python3.8/site-packages/airflow/example_dags/tutorial_dag.py
[2023-03-01T12:54:37.605+0100] {processor.py:753} INFO - DAG(s) dict_keys(['tutorial_dag']) retrieved from /Users/oanottage/opt/anaconda3/lib/python3.8/site-packages/airflow/example_dags/tutorial_dag.py
[2023-03-01T12:54:38.501+0100] {logging_mixin.py:137} INFO - [2023-03-01T12:54:38.501+0100] {dag.py:2690} INFO - Sync 1 DAGs
[2023-03-01T12:54:38.513+0100] {logging_mixin.py:137} INFO - [2023-03-01T12:54:38.513+0100] {dag.py:3437} INFO - Setting next_dagrun for tutorial_dag to None, run_after=None
[2023-03-01T12:54:38.525+0100] {processor.py:175} INFO - Processing /Users/oanottage/opt/anaconda3/lib/python3.8/site-packages/airflow/example_dags/tutorial_dag.py took 0.983 seconds
[2023-03-01T12:56:31.380+0100] {processor.py:153} INFO - Started process (PID=70090) to work on /Users/oanottage/opt/anaconda3/lib/python3.8/site-packages/airflow/example_dags/tutorial_dag.py
[2023-03-01T12:56:31.384+0100] {processor.py:743} INFO - Processing file /Users/oanottage/opt/anaconda3/lib/python3.8/site-packages/airflow/example_dags/tutorial_dag.py for tasks to queue
[2023-03-01T12:56:31.384+0100] {logging_mixin.py:137} INFO - [2023-03-01T12:56:31.384+0100] {dagbag.py:538} INFO - Filling up the DagBag from /Users/oanottage/opt/anaconda3/lib/python3.8/site-packages/airflow/example_dags/tutorial_dag.py
[2023-03-01T12:56:31.433+0100] {processor.py:753} INFO - DAG(s) dict_keys(['tutorial_dag']) retrieved from /Users/oanottage/opt/anaconda3/lib/python3.8/site-packages/airflow/example_dags/tutorial_dag.py
[2023-03-01T12:56:32.270+0100] {logging_mixin.py:137} INFO - [2023-03-01T12:56:32.269+0100] {dag.py:2690} INFO - Sync 1 DAGs
[2023-03-01T12:56:32.282+0100] {logging_mixin.py:137} INFO - [2023-03-01T12:56:32.282+0100] {dag.py:3437} INFO - Setting next_dagrun for tutorial_dag to None, run_after=None
[2023-03-01T12:56:32.295+0100] {processor.py:175} INFO - Processing /Users/oanottage/opt/anaconda3/lib/python3.8/site-packages/airflow/example_dags/tutorial_dag.py took 0.916 seconds
[2023-03-01T12:58:22.948+0100] {processor.py:153} INFO - Started process (PID=73333) to work on /Users/oanottage/opt/anaconda3/lib/python3.8/site-packages/airflow/example_dags/tutorial_dag.py
[2023-03-01T12:58:22.951+0100] {processor.py:743} INFO - Processing file /Users/oanottage/opt/anaconda3/lib/python3.8/site-packages/airflow/example_dags/tutorial_dag.py for tasks to queue
[2023-03-01T12:58:22.952+0100] {logging_mixin.py:137} INFO - [2023-03-01T12:58:22.952+0100] {dagbag.py:538} INFO - Filling up the DagBag from /Users/oanottage/opt/anaconda3/lib/python3.8/site-packages/airflow/example_dags/tutorial_dag.py
[2023-03-01T12:58:23.003+0100] {processor.py:753} INFO - DAG(s) dict_keys(['tutorial_dag']) retrieved from /Users/oanottage/opt/anaconda3/lib/python3.8/site-packages/airflow/example_dags/tutorial_dag.py
[2023-03-01T12:58:23.789+0100] {logging_mixin.py:137} INFO - [2023-03-01T12:58:23.789+0100] {dag.py:2690} INFO - Sync 1 DAGs
[2023-03-01T12:58:23.809+0100] {logging_mixin.py:137} INFO - [2023-03-01T12:58:23.809+0100] {dag.py:3437} INFO - Setting next_dagrun for tutorial_dag to None, run_after=None
[2023-03-01T12:58:23.831+0100] {processor.py:175} INFO - Processing /Users/oanottage/opt/anaconda3/lib/python3.8/site-packages/airflow/example_dags/tutorial_dag.py took 0.883 seconds
[2023-03-01T13:00:22.779+0100] {processor.py:153} INFO - Started process (PID=77617) to work on /Users/oanottage/opt/anaconda3/lib/python3.8/site-packages/airflow/example_dags/tutorial_dag.py
[2023-03-01T13:00:22.783+0100] {processor.py:743} INFO - Processing file /Users/oanottage/opt/anaconda3/lib/python3.8/site-packages/airflow/example_dags/tutorial_dag.py for tasks to queue
[2023-03-01T13:00:22.784+0100] {logging_mixin.py:137} INFO - [2023-03-01T13:00:22.783+0100] {dagbag.py:538} INFO - Filling up the DagBag from /Users/oanottage/opt/anaconda3/lib/python3.8/site-packages/airflow/example_dags/tutorial_dag.py
[2023-03-01T13:00:22.850+0100] {processor.py:753} INFO - DAG(s) dict_keys(['tutorial_dag']) retrieved from /Users/oanottage/opt/anaconda3/lib/python3.8/site-packages/airflow/example_dags/tutorial_dag.py
[2023-03-01T13:00:23.730+0100] {logging_mixin.py:137} INFO - [2023-03-01T13:00:23.730+0100] {dag.py:2690} INFO - Sync 1 DAGs
[2023-03-01T13:00:23.743+0100] {logging_mixin.py:137} INFO - [2023-03-01T13:00:23.743+0100] {dag.py:3437} INFO - Setting next_dagrun for tutorial_dag to None, run_after=None
[2023-03-01T13:00:23.755+0100] {processor.py:175} INFO - Processing /Users/oanottage/opt/anaconda3/lib/python3.8/site-packages/airflow/example_dags/tutorial_dag.py took 0.976 seconds
