[2023-03-01T12:02:30.736+0100] {processor.py:153} INFO - Started process (PID=54919) to work on /Users/oanottage/opt/anaconda3/lib/python3.8/site-packages/airflow/example_dags/tutorial_taskflow_api.py
[2023-03-01T12:02:30.741+0100] {processor.py:743} INFO - Processing file /Users/oanottage/opt/anaconda3/lib/python3.8/site-packages/airflow/example_dags/tutorial_taskflow_api.py for tasks to queue
[2023-03-01T12:02:30.742+0100] {logging_mixin.py:137} INFO - [2023-03-01T12:02:30.742+0100] {dagbag.py:538} INFO - Filling up the DagBag from /Users/oanottage/opt/anaconda3/lib/python3.8/site-packages/airflow/example_dags/tutorial_taskflow_api.py
[2023-03-01T12:02:30.844+0100] {processor.py:753} INFO - DAG(s) dict_keys(['tutorial_taskflow_api']) retrieved from /Users/oanottage/opt/anaconda3/lib/python3.8/site-packages/airflow/example_dags/tutorial_taskflow_api.py
[2023-03-01T12:02:31.892+0100] {logging_mixin.py:137} INFO - [2023-03-01T12:02:31.892+0100] {manager.py:504} INFO - Created Permission View: can edit on DAG:tutorial_taskflow_api
[2023-03-01T12:02:31.898+0100] {logging_mixin.py:137} INFO - [2023-03-01T12:02:31.898+0100] {manager.py:504} INFO - Created Permission View: can read on DAG:tutorial_taskflow_api
[2023-03-01T12:02:31.902+0100] {logging_mixin.py:137} INFO - [2023-03-01T12:02:31.901+0100] {manager.py:504} INFO - Created Permission View: can delete on DAG:tutorial_taskflow_api
[2023-03-01T12:02:31.902+0100] {logging_mixin.py:137} INFO - [2023-03-01T12:02:31.902+0100] {dag.py:2690} INFO - Sync 1 DAGs
[2023-03-01T12:02:31.909+0100] {logging_mixin.py:137} INFO - [2023-03-01T12:02:31.909+0100] {dag.py:2711} INFO - Creating ORM DAG for tutorial_taskflow_api
[2023-03-01T12:02:31.915+0100] {logging_mixin.py:137} INFO - [2023-03-01T12:02:31.915+0100] {dag.py:3437} INFO - Setting next_dagrun for tutorial_taskflow_api to None, run_after=None
[2023-03-01T12:02:31.926+0100] {processor.py:175} INFO - Processing /Users/oanottage/opt/anaconda3/lib/python3.8/site-packages/airflow/example_dags/tutorial_taskflow_api.py took 1.190 seconds
[2023-03-01T12:04:33.985+0100] {processor.py:153} INFO - Started process (PID=59364) to work on /Users/oanottage/opt/anaconda3/lib/python3.8/site-packages/airflow/example_dags/tutorial_taskflow_api.py
[2023-03-01T12:04:33.990+0100] {processor.py:743} INFO - Processing file /Users/oanottage/opt/anaconda3/lib/python3.8/site-packages/airflow/example_dags/tutorial_taskflow_api.py for tasks to queue
[2023-03-01T12:04:33.990+0100] {logging_mixin.py:137} INFO - [2023-03-01T12:04:33.990+0100] {dagbag.py:538} INFO - Filling up the DagBag from /Users/oanottage/opt/anaconda3/lib/python3.8/site-packages/airflow/example_dags/tutorial_taskflow_api.py
[2023-03-01T12:04:34.066+0100] {processor.py:753} INFO - DAG(s) dict_keys(['tutorial_taskflow_api']) retrieved from /Users/oanottage/opt/anaconda3/lib/python3.8/site-packages/airflow/example_dags/tutorial_taskflow_api.py
[2023-03-01T12:04:35.038+0100] {logging_mixin.py:137} INFO - [2023-03-01T12:04:35.038+0100] {dag.py:2690} INFO - Sync 1 DAGs
[2023-03-01T12:04:35.053+0100] {logging_mixin.py:137} INFO - [2023-03-01T12:04:35.053+0100] {dag.py:3437} INFO - Setting next_dagrun for tutorial_taskflow_api to None, run_after=None
[2023-03-01T12:04:35.067+0100] {processor.py:175} INFO - Processing /Users/oanottage/opt/anaconda3/lib/python3.8/site-packages/airflow/example_dags/tutorial_taskflow_api.py took 1.083 seconds
[2023-03-01T12:06:31.367+0100] {processor.py:153} INFO - Started process (PID=63401) to work on /Users/oanottage/opt/anaconda3/lib/python3.8/site-packages/airflow/example_dags/tutorial_taskflow_api.py
[2023-03-01T12:06:31.370+0100] {processor.py:743} INFO - Processing file /Users/oanottage/opt/anaconda3/lib/python3.8/site-packages/airflow/example_dags/tutorial_taskflow_api.py for tasks to queue
[2023-03-01T12:06:31.370+0100] {logging_mixin.py:137} INFO - [2023-03-01T12:06:31.370+0100] {dagbag.py:538} INFO - Filling up the DagBag from /Users/oanottage/opt/anaconda3/lib/python3.8/site-packages/airflow/example_dags/tutorial_taskflow_api.py
[2023-03-01T12:06:31.436+0100] {processor.py:753} INFO - DAG(s) dict_keys(['tutorial_taskflow_api']) retrieved from /Users/oanottage/opt/anaconda3/lib/python3.8/site-packages/airflow/example_dags/tutorial_taskflow_api.py
[2023-03-01T12:06:32.282+0100] {logging_mixin.py:137} INFO - [2023-03-01T12:06:32.282+0100] {dag.py:2690} INFO - Sync 1 DAGs
[2023-03-01T12:06:32.294+0100] {logging_mixin.py:137} INFO - [2023-03-01T12:06:32.294+0100] {dag.py:3437} INFO - Setting next_dagrun for tutorial_taskflow_api to None, run_after=None
[2023-03-01T12:06:32.307+0100] {processor.py:175} INFO - Processing /Users/oanottage/opt/anaconda3/lib/python3.8/site-packages/airflow/example_dags/tutorial_taskflow_api.py took 0.940 seconds
[2023-03-01T12:08:19.467+0100] {processor.py:153} INFO - Started process (PID=66712) to work on /Users/oanottage/opt/anaconda3/lib/python3.8/site-packages/airflow/example_dags/tutorial_taskflow_api.py
[2023-03-01T12:08:19.471+0100] {processor.py:743} INFO - Processing file /Users/oanottage/opt/anaconda3/lib/python3.8/site-packages/airflow/example_dags/tutorial_taskflow_api.py for tasks to queue
[2023-03-01T12:08:19.472+0100] {logging_mixin.py:137} INFO - [2023-03-01T12:08:19.472+0100] {dagbag.py:538} INFO - Filling up the DagBag from /Users/oanottage/opt/anaconda3/lib/python3.8/site-packages/airflow/example_dags/tutorial_taskflow_api.py
[2023-03-01T12:08:19.532+0100] {processor.py:753} INFO - DAG(s) dict_keys(['tutorial_taskflow_api']) retrieved from /Users/oanottage/opt/anaconda3/lib/python3.8/site-packages/airflow/example_dags/tutorial_taskflow_api.py
[2023-03-01T12:08:20.387+0100] {logging_mixin.py:137} INFO - [2023-03-01T12:08:20.386+0100] {dag.py:2690} INFO - Sync 1 DAGs
[2023-03-01T12:08:20.400+0100] {logging_mixin.py:137} INFO - [2023-03-01T12:08:20.400+0100] {dag.py:3437} INFO - Setting next_dagrun for tutorial_taskflow_api to None, run_after=None
[2023-03-01T12:08:20.413+0100] {processor.py:175} INFO - Processing /Users/oanottage/opt/anaconda3/lib/python3.8/site-packages/airflow/example_dags/tutorial_taskflow_api.py took 0.947 seconds
[2023-03-01T12:10:16.283+0100] {processor.py:153} INFO - Started process (PID=70916) to work on /Users/oanottage/opt/anaconda3/lib/python3.8/site-packages/airflow/example_dags/tutorial_taskflow_api.py
[2023-03-01T12:10:16.287+0100] {processor.py:743} INFO - Processing file /Users/oanottage/opt/anaconda3/lib/python3.8/site-packages/airflow/example_dags/tutorial_taskflow_api.py for tasks to queue
[2023-03-01T12:10:16.287+0100] {logging_mixin.py:137} INFO - [2023-03-01T12:10:16.287+0100] {dagbag.py:538} INFO - Filling up the DagBag from /Users/oanottage/opt/anaconda3/lib/python3.8/site-packages/airflow/example_dags/tutorial_taskflow_api.py
[2023-03-01T12:10:16.357+0100] {processor.py:753} INFO - DAG(s) dict_keys(['tutorial_taskflow_api']) retrieved from /Users/oanottage/opt/anaconda3/lib/python3.8/site-packages/airflow/example_dags/tutorial_taskflow_api.py
[2023-03-01T12:10:17.233+0100] {logging_mixin.py:137} INFO - [2023-03-01T12:10:17.233+0100] {dag.py:2690} INFO - Sync 1 DAGs
[2023-03-01T12:10:17.247+0100] {logging_mixin.py:137} INFO - [2023-03-01T12:10:17.247+0100] {dag.py:3437} INFO - Setting next_dagrun for tutorial_taskflow_api to None, run_after=None
[2023-03-01T12:10:17.260+0100] {processor.py:175} INFO - Processing /Users/oanottage/opt/anaconda3/lib/python3.8/site-packages/airflow/example_dags/tutorial_taskflow_api.py took 0.977 seconds
[2023-03-01T12:12:23.668+0100] {processor.py:153} INFO - Started process (PID=75194) to work on /Users/oanottage/opt/anaconda3/lib/python3.8/site-packages/airflow/example_dags/tutorial_taskflow_api.py
[2023-03-01T12:12:23.672+0100] {processor.py:743} INFO - Processing file /Users/oanottage/opt/anaconda3/lib/python3.8/site-packages/airflow/example_dags/tutorial_taskflow_api.py for tasks to queue
[2023-03-01T12:12:23.672+0100] {logging_mixin.py:137} INFO - [2023-03-01T12:12:23.672+0100] {dagbag.py:538} INFO - Filling up the DagBag from /Users/oanottage/opt/anaconda3/lib/python3.8/site-packages/airflow/example_dags/tutorial_taskflow_api.py
[2023-03-01T12:12:23.733+0100] {processor.py:753} INFO - DAG(s) dict_keys(['tutorial_taskflow_api']) retrieved from /Users/oanottage/opt/anaconda3/lib/python3.8/site-packages/airflow/example_dags/tutorial_taskflow_api.py
[2023-03-01T12:12:24.605+0100] {logging_mixin.py:137} INFO - [2023-03-01T12:12:24.604+0100] {dag.py:2690} INFO - Sync 1 DAGs
[2023-03-01T12:12:24.618+0100] {logging_mixin.py:137} INFO - [2023-03-01T12:12:24.618+0100] {dag.py:3437} INFO - Setting next_dagrun for tutorial_taskflow_api to None, run_after=None
[2023-03-01T12:12:24.632+0100] {processor.py:175} INFO - Processing /Users/oanottage/opt/anaconda3/lib/python3.8/site-packages/airflow/example_dags/tutorial_taskflow_api.py took 0.965 seconds
[2023-03-01T12:14:15.718+0100] {processor.py:153} INFO - Started process (PID=79420) to work on /Users/oanottage/opt/anaconda3/lib/python3.8/site-packages/airflow/example_dags/tutorial_taskflow_api.py
[2023-03-01T12:14:15.724+0100] {processor.py:743} INFO - Processing file /Users/oanottage/opt/anaconda3/lib/python3.8/site-packages/airflow/example_dags/tutorial_taskflow_api.py for tasks to queue
[2023-03-01T12:14:15.724+0100] {logging_mixin.py:137} INFO - [2023-03-01T12:14:15.724+0100] {dagbag.py:538} INFO - Filling up the DagBag from /Users/oanottage/opt/anaconda3/lib/python3.8/site-packages/airflow/example_dags/tutorial_taskflow_api.py
[2023-03-01T12:14:15.787+0100] {processor.py:753} INFO - DAG(s) dict_keys(['tutorial_taskflow_api']) retrieved from /Users/oanottage/opt/anaconda3/lib/python3.8/site-packages/airflow/example_dags/tutorial_taskflow_api.py
[2023-03-01T12:14:16.655+0100] {logging_mixin.py:137} INFO - [2023-03-01T12:14:16.655+0100] {dag.py:2690} INFO - Sync 1 DAGs
[2023-03-01T12:14:16.668+0100] {logging_mixin.py:137} INFO - [2023-03-01T12:14:16.668+0100] {dag.py:3437} INFO - Setting next_dagrun for tutorial_taskflow_api to None, run_after=None
[2023-03-01T12:14:16.681+0100] {processor.py:175} INFO - Processing /Users/oanottage/opt/anaconda3/lib/python3.8/site-packages/airflow/example_dags/tutorial_taskflow_api.py took 0.963 seconds
[2023-03-01T12:16:15.111+0100] {processor.py:153} INFO - Started process (PID=83582) to work on /Users/oanottage/opt/anaconda3/lib/python3.8/site-packages/airflow/example_dags/tutorial_taskflow_api.py
[2023-03-01T12:16:15.117+0100] {processor.py:743} INFO - Processing file /Users/oanottage/opt/anaconda3/lib/python3.8/site-packages/airflow/example_dags/tutorial_taskflow_api.py for tasks to queue
[2023-03-01T12:16:15.117+0100] {logging_mixin.py:137} INFO - [2023-03-01T12:16:15.117+0100] {dagbag.py:538} INFO - Filling up the DagBag from /Users/oanottage/opt/anaconda3/lib/python3.8/site-packages/airflow/example_dags/tutorial_taskflow_api.py
[2023-03-01T12:16:15.186+0100] {processor.py:753} INFO - DAG(s) dict_keys(['tutorial_taskflow_api']) retrieved from /Users/oanottage/opt/anaconda3/lib/python3.8/site-packages/airflow/example_dags/tutorial_taskflow_api.py
[2023-03-01T12:16:16.253+0100] {logging_mixin.py:137} INFO - [2023-03-01T12:16:16.253+0100] {dag.py:2690} INFO - Sync 1 DAGs
[2023-03-01T12:16:16.274+0100] {logging_mixin.py:137} INFO - [2023-03-01T12:16:16.274+0100] {dag.py:3437} INFO - Setting next_dagrun for tutorial_taskflow_api to None, run_after=None
[2023-03-01T12:16:16.293+0100] {processor.py:175} INFO - Processing /Users/oanottage/opt/anaconda3/lib/python3.8/site-packages/airflow/example_dags/tutorial_taskflow_api.py took 1.183 seconds
[2023-03-01T12:18:15.131+0100] {processor.py:153} INFO - Started process (PID=87788) to work on /Users/oanottage/opt/anaconda3/lib/python3.8/site-packages/airflow/example_dags/tutorial_taskflow_api.py
[2023-03-01T12:18:15.135+0100] {processor.py:743} INFO - Processing file /Users/oanottage/opt/anaconda3/lib/python3.8/site-packages/airflow/example_dags/tutorial_taskflow_api.py for tasks to queue
[2023-03-01T12:18:15.136+0100] {logging_mixin.py:137} INFO - [2023-03-01T12:18:15.136+0100] {dagbag.py:538} INFO - Filling up the DagBag from /Users/oanottage/opt/anaconda3/lib/python3.8/site-packages/airflow/example_dags/tutorial_taskflow_api.py
[2023-03-01T12:18:15.204+0100] {processor.py:753} INFO - DAG(s) dict_keys(['tutorial_taskflow_api']) retrieved from /Users/oanottage/opt/anaconda3/lib/python3.8/site-packages/airflow/example_dags/tutorial_taskflow_api.py
[2023-03-01T12:18:16.091+0100] {logging_mixin.py:137} INFO - [2023-03-01T12:18:16.091+0100] {dag.py:2690} INFO - Sync 1 DAGs
[2023-03-01T12:18:16.116+0100] {logging_mixin.py:137} INFO - [2023-03-01T12:18:16.116+0100] {dag.py:3437} INFO - Setting next_dagrun for tutorial_taskflow_api to None, run_after=None
[2023-03-01T12:18:16.132+0100] {processor.py:175} INFO - Processing /Users/oanottage/opt/anaconda3/lib/python3.8/site-packages/airflow/example_dags/tutorial_taskflow_api.py took 1.001 seconds
[2023-03-01T12:20:07.463+0100] {processor.py:153} INFO - Started process (PID=92009) to work on /Users/oanottage/opt/anaconda3/lib/python3.8/site-packages/airflow/example_dags/tutorial_taskflow_api.py
[2023-03-01T12:20:07.466+0100] {processor.py:743} INFO - Processing file /Users/oanottage/opt/anaconda3/lib/python3.8/site-packages/airflow/example_dags/tutorial_taskflow_api.py for tasks to queue
[2023-03-01T12:20:07.466+0100] {logging_mixin.py:137} INFO - [2023-03-01T12:20:07.466+0100] {dagbag.py:538} INFO - Filling up the DagBag from /Users/oanottage/opt/anaconda3/lib/python3.8/site-packages/airflow/example_dags/tutorial_taskflow_api.py
[2023-03-01T12:20:07.533+0100] {processor.py:753} INFO - DAG(s) dict_keys(['tutorial_taskflow_api']) retrieved from /Users/oanottage/opt/anaconda3/lib/python3.8/site-packages/airflow/example_dags/tutorial_taskflow_api.py
[2023-03-01T12:20:08.442+0100] {logging_mixin.py:137} INFO - [2023-03-01T12:20:08.442+0100] {dag.py:2690} INFO - Sync 1 DAGs
[2023-03-01T12:20:08.456+0100] {logging_mixin.py:137} INFO - [2023-03-01T12:20:08.456+0100] {dag.py:3437} INFO - Setting next_dagrun for tutorial_taskflow_api to None, run_after=None
[2023-03-01T12:20:08.469+0100] {processor.py:175} INFO - Processing /Users/oanottage/opt/anaconda3/lib/python3.8/site-packages/airflow/example_dags/tutorial_taskflow_api.py took 1.007 seconds
[2023-03-01T12:22:14.825+0100] {processor.py:153} INFO - Started process (PID=96267) to work on /Users/oanottage/opt/anaconda3/lib/python3.8/site-packages/airflow/example_dags/tutorial_taskflow_api.py
[2023-03-01T12:22:14.830+0100] {processor.py:743} INFO - Processing file /Users/oanottage/opt/anaconda3/lib/python3.8/site-packages/airflow/example_dags/tutorial_taskflow_api.py for tasks to queue
[2023-03-01T12:22:14.830+0100] {logging_mixin.py:137} INFO - [2023-03-01T12:22:14.830+0100] {dagbag.py:538} INFO - Filling up the DagBag from /Users/oanottage/opt/anaconda3/lib/python3.8/site-packages/airflow/example_dags/tutorial_taskflow_api.py
[2023-03-01T12:22:14.906+0100] {processor.py:753} INFO - DAG(s) dict_keys(['tutorial_taskflow_api']) retrieved from /Users/oanottage/opt/anaconda3/lib/python3.8/site-packages/airflow/example_dags/tutorial_taskflow_api.py
[2023-03-01T12:22:16.203+0100] {logging_mixin.py:137} INFO - [2023-03-01T12:22:16.203+0100] {dag.py:2690} INFO - Sync 1 DAGs
[2023-03-01T12:22:16.220+0100] {logging_mixin.py:137} INFO - [2023-03-01T12:22:16.219+0100] {dag.py:3437} INFO - Setting next_dagrun for tutorial_taskflow_api to None, run_after=None
[2023-03-01T12:22:16.235+0100] {processor.py:175} INFO - Processing /Users/oanottage/opt/anaconda3/lib/python3.8/site-packages/airflow/example_dags/tutorial_taskflow_api.py took 1.411 seconds
[2023-03-01T12:24:44.003+0100] {processor.py:153} INFO - Started process (PID=1951) to work on /Users/oanottage/opt/anaconda3/lib/python3.8/site-packages/airflow/example_dags/tutorial_taskflow_api.py
[2023-03-01T12:24:44.007+0100] {processor.py:743} INFO - Processing file /Users/oanottage/opt/anaconda3/lib/python3.8/site-packages/airflow/example_dags/tutorial_taskflow_api.py for tasks to queue
[2023-03-01T12:24:44.008+0100] {logging_mixin.py:137} INFO - [2023-03-01T12:24:44.008+0100] {dagbag.py:538} INFO - Filling up the DagBag from /Users/oanottage/opt/anaconda3/lib/python3.8/site-packages/airflow/example_dags/tutorial_taskflow_api.py
[2023-03-01T12:24:44.088+0100] {processor.py:753} INFO - DAG(s) dict_keys(['tutorial_taskflow_api']) retrieved from /Users/oanottage/opt/anaconda3/lib/python3.8/site-packages/airflow/example_dags/tutorial_taskflow_api.py
[2023-03-01T12:24:45.262+0100] {logging_mixin.py:137} INFO - [2023-03-01T12:24:45.262+0100] {dag.py:2690} INFO - Sync 1 DAGs
[2023-03-01T12:24:45.277+0100] {logging_mixin.py:137} INFO - [2023-03-01T12:24:45.277+0100] {dag.py:3437} INFO - Setting next_dagrun for tutorial_taskflow_api to None, run_after=None
[2023-03-01T12:24:45.291+0100] {processor.py:175} INFO - Processing /Users/oanottage/opt/anaconda3/lib/python3.8/site-packages/airflow/example_dags/tutorial_taskflow_api.py took 1.289 seconds
[2023-03-01T12:26:46.379+0100] {processor.py:153} INFO - Started process (PID=6197) to work on /Users/oanottage/opt/anaconda3/lib/python3.8/site-packages/airflow/example_dags/tutorial_taskflow_api.py
[2023-03-01T12:26:46.384+0100] {processor.py:743} INFO - Processing file /Users/oanottage/opt/anaconda3/lib/python3.8/site-packages/airflow/example_dags/tutorial_taskflow_api.py for tasks to queue
[2023-03-01T12:26:46.385+0100] {logging_mixin.py:137} INFO - [2023-03-01T12:26:46.384+0100] {dagbag.py:538} INFO - Filling up the DagBag from /Users/oanottage/opt/anaconda3/lib/python3.8/site-packages/airflow/example_dags/tutorial_taskflow_api.py
[2023-03-01T12:26:46.452+0100] {processor.py:753} INFO - DAG(s) dict_keys(['tutorial_taskflow_api']) retrieved from /Users/oanottage/opt/anaconda3/lib/python3.8/site-packages/airflow/example_dags/tutorial_taskflow_api.py
[2023-03-01T12:26:47.320+0100] {logging_mixin.py:137} INFO - [2023-03-01T12:26:47.319+0100] {dag.py:2690} INFO - Sync 1 DAGs
[2023-03-01T12:26:47.332+0100] {logging_mixin.py:137} INFO - [2023-03-01T12:26:47.332+0100] {dag.py:3437} INFO - Setting next_dagrun for tutorial_taskflow_api to None, run_after=None
[2023-03-01T12:26:47.346+0100] {processor.py:175} INFO - Processing /Users/oanottage/opt/anaconda3/lib/python3.8/site-packages/airflow/example_dags/tutorial_taskflow_api.py took 0.967 seconds
[2023-03-01T12:28:40.430+0100] {processor.py:153} INFO - Started process (PID=10409) to work on /Users/oanottage/opt/anaconda3/lib/python3.8/site-packages/airflow/example_dags/tutorial_taskflow_api.py
[2023-03-01T12:28:40.435+0100] {processor.py:743} INFO - Processing file /Users/oanottage/opt/anaconda3/lib/python3.8/site-packages/airflow/example_dags/tutorial_taskflow_api.py for tasks to queue
[2023-03-01T12:28:40.435+0100] {logging_mixin.py:137} INFO - [2023-03-01T12:28:40.435+0100] {dagbag.py:538} INFO - Filling up the DagBag from /Users/oanottage/opt/anaconda3/lib/python3.8/site-packages/airflow/example_dags/tutorial_taskflow_api.py
[2023-03-01T12:28:40.501+0100] {processor.py:753} INFO - DAG(s) dict_keys(['tutorial_taskflow_api']) retrieved from /Users/oanottage/opt/anaconda3/lib/python3.8/site-packages/airflow/example_dags/tutorial_taskflow_api.py
[2023-03-01T12:28:41.338+0100] {logging_mixin.py:137} INFO - [2023-03-01T12:28:41.337+0100] {dag.py:2690} INFO - Sync 1 DAGs
[2023-03-01T12:28:41.351+0100] {logging_mixin.py:137} INFO - [2023-03-01T12:28:41.351+0100] {dag.py:3437} INFO - Setting next_dagrun for tutorial_taskflow_api to None, run_after=None
[2023-03-01T12:28:41.363+0100] {processor.py:175} INFO - Processing /Users/oanottage/opt/anaconda3/lib/python3.8/site-packages/airflow/example_dags/tutorial_taskflow_api.py took 0.933 seconds
[2023-03-01T12:30:30.668+0100] {processor.py:153} INFO - Started process (PID=14536) to work on /Users/oanottage/opt/anaconda3/lib/python3.8/site-packages/airflow/example_dags/tutorial_taskflow_api.py
[2023-03-01T12:30:30.671+0100] {processor.py:743} INFO - Processing file /Users/oanottage/opt/anaconda3/lib/python3.8/site-packages/airflow/example_dags/tutorial_taskflow_api.py for tasks to queue
[2023-03-01T12:30:30.672+0100] {logging_mixin.py:137} INFO - [2023-03-01T12:30:30.672+0100] {dagbag.py:538} INFO - Filling up the DagBag from /Users/oanottage/opt/anaconda3/lib/python3.8/site-packages/airflow/example_dags/tutorial_taskflow_api.py
[2023-03-01T12:30:30.738+0100] {processor.py:753} INFO - DAG(s) dict_keys(['tutorial_taskflow_api']) retrieved from /Users/oanottage/opt/anaconda3/lib/python3.8/site-packages/airflow/example_dags/tutorial_taskflow_api.py
[2023-03-01T12:30:31.578+0100] {logging_mixin.py:137} INFO - [2023-03-01T12:30:31.577+0100] {dag.py:2690} INFO - Sync 1 DAGs
[2023-03-01T12:30:31.590+0100] {logging_mixin.py:137} INFO - [2023-03-01T12:30:31.589+0100] {dag.py:3437} INFO - Setting next_dagrun for tutorial_taskflow_api to None, run_after=None
[2023-03-01T12:30:31.602+0100] {processor.py:175} INFO - Processing /Users/oanottage/opt/anaconda3/lib/python3.8/site-packages/airflow/example_dags/tutorial_taskflow_api.py took 0.935 seconds
[2023-03-01T12:32:20.042+0100] {processor.py:153} INFO - Started process (PID=17883) to work on /Users/oanottage/opt/anaconda3/lib/python3.8/site-packages/airflow/example_dags/tutorial_taskflow_api.py
[2023-03-01T12:32:20.046+0100] {processor.py:743} INFO - Processing file /Users/oanottage/opt/anaconda3/lib/python3.8/site-packages/airflow/example_dags/tutorial_taskflow_api.py for tasks to queue
[2023-03-01T12:32:20.046+0100] {logging_mixin.py:137} INFO - [2023-03-01T12:32:20.046+0100] {dagbag.py:538} INFO - Filling up the DagBag from /Users/oanottage/opt/anaconda3/lib/python3.8/site-packages/airflow/example_dags/tutorial_taskflow_api.py
[2023-03-01T12:32:20.111+0100] {processor.py:753} INFO - DAG(s) dict_keys(['tutorial_taskflow_api']) retrieved from /Users/oanottage/opt/anaconda3/lib/python3.8/site-packages/airflow/example_dags/tutorial_taskflow_api.py
[2023-03-01T12:32:20.893+0100] {logging_mixin.py:137} INFO - [2023-03-01T12:32:20.893+0100] {dag.py:2690} INFO - Sync 1 DAGs
[2023-03-01T12:32:20.912+0100] {logging_mixin.py:137} INFO - [2023-03-01T12:32:20.912+0100] {dag.py:3437} INFO - Setting next_dagrun for tutorial_taskflow_api to None, run_after=None
[2023-03-01T12:32:20.932+0100] {processor.py:175} INFO - Processing /Users/oanottage/opt/anaconda3/lib/python3.8/site-packages/airflow/example_dags/tutorial_taskflow_api.py took 0.892 seconds
[2023-03-01T12:34:06.994+0100] {processor.py:153} INFO - Started process (PID=22105) to work on /Users/oanottage/opt/anaconda3/lib/python3.8/site-packages/airflow/example_dags/tutorial_taskflow_api.py
[2023-03-01T12:34:06.997+0100] {processor.py:743} INFO - Processing file /Users/oanottage/opt/anaconda3/lib/python3.8/site-packages/airflow/example_dags/tutorial_taskflow_api.py for tasks to queue
[2023-03-01T12:34:06.997+0100] {logging_mixin.py:137} INFO - [2023-03-01T12:34:06.997+0100] {dagbag.py:538} INFO - Filling up the DagBag from /Users/oanottage/opt/anaconda3/lib/python3.8/site-packages/airflow/example_dags/tutorial_taskflow_api.py
[2023-03-01T12:34:07.057+0100] {processor.py:753} INFO - DAG(s) dict_keys(['tutorial_taskflow_api']) retrieved from /Users/oanottage/opt/anaconda3/lib/python3.8/site-packages/airflow/example_dags/tutorial_taskflow_api.py
[2023-03-01T12:34:07.885+0100] {logging_mixin.py:137} INFO - [2023-03-01T12:34:07.884+0100] {dag.py:2690} INFO - Sync 1 DAGs
[2023-03-01T12:34:07.901+0100] {logging_mixin.py:137} INFO - [2023-03-01T12:34:07.901+0100] {dag.py:3437} INFO - Setting next_dagrun for tutorial_taskflow_api to None, run_after=None
[2023-03-01T12:34:07.915+0100] {processor.py:175} INFO - Processing /Users/oanottage/opt/anaconda3/lib/python3.8/site-packages/airflow/example_dags/tutorial_taskflow_api.py took 0.922 seconds
[2023-03-01T12:35:59.976+0100] {processor.py:153} INFO - Started process (PID=26016) to work on /Users/oanottage/opt/anaconda3/lib/python3.8/site-packages/airflow/example_dags/tutorial_taskflow_api.py
[2023-03-01T12:35:59.981+0100] {processor.py:743} INFO - Processing file /Users/oanottage/opt/anaconda3/lib/python3.8/site-packages/airflow/example_dags/tutorial_taskflow_api.py for tasks to queue
[2023-03-01T12:35:59.982+0100] {logging_mixin.py:137} INFO - [2023-03-01T12:35:59.982+0100] {dagbag.py:538} INFO - Filling up the DagBag from /Users/oanottage/opt/anaconda3/lib/python3.8/site-packages/airflow/example_dags/tutorial_taskflow_api.py
[2023-03-01T12:36:00.071+0100] {processor.py:753} INFO - DAG(s) dict_keys(['tutorial_taskflow_api']) retrieved from /Users/oanottage/opt/anaconda3/lib/python3.8/site-packages/airflow/example_dags/tutorial_taskflow_api.py
[2023-03-01T12:36:00.904+0100] {logging_mixin.py:137} INFO - [2023-03-01T12:36:00.903+0100] {dag.py:2690} INFO - Sync 1 DAGs
[2023-03-01T12:36:00.924+0100] {logging_mixin.py:137} INFO - [2023-03-01T12:36:00.924+0100] {dag.py:3437} INFO - Setting next_dagrun for tutorial_taskflow_api to None, run_after=None
[2023-03-01T12:36:00.945+0100] {processor.py:175} INFO - Processing /Users/oanottage/opt/anaconda3/lib/python3.8/site-packages/airflow/example_dags/tutorial_taskflow_api.py took 0.969 seconds
[2023-03-01T12:37:54.494+0100] {processor.py:153} INFO - Started process (PID=29538) to work on /Users/oanottage/opt/anaconda3/lib/python3.8/site-packages/airflow/example_dags/tutorial_taskflow_api.py
[2023-03-01T12:37:54.498+0100] {processor.py:743} INFO - Processing file /Users/oanottage/opt/anaconda3/lib/python3.8/site-packages/airflow/example_dags/tutorial_taskflow_api.py for tasks to queue
[2023-03-01T12:37:54.498+0100] {logging_mixin.py:137} INFO - [2023-03-01T12:37:54.498+0100] {dagbag.py:538} INFO - Filling up the DagBag from /Users/oanottage/opt/anaconda3/lib/python3.8/site-packages/airflow/example_dags/tutorial_taskflow_api.py
[2023-03-01T12:37:54.561+0100] {processor.py:753} INFO - DAG(s) dict_keys(['tutorial_taskflow_api']) retrieved from /Users/oanottage/opt/anaconda3/lib/python3.8/site-packages/airflow/example_dags/tutorial_taskflow_api.py
[2023-03-01T12:37:55.471+0100] {logging_mixin.py:137} INFO - [2023-03-01T12:37:55.471+0100] {dag.py:2690} INFO - Sync 1 DAGs
[2023-03-01T12:37:55.484+0100] {logging_mixin.py:137} INFO - [2023-03-01T12:37:55.484+0100] {dag.py:3437} INFO - Setting next_dagrun for tutorial_taskflow_api to None, run_after=None
[2023-03-01T12:37:55.497+0100] {processor.py:175} INFO - Processing /Users/oanottage/opt/anaconda3/lib/python3.8/site-packages/airflow/example_dags/tutorial_taskflow_api.py took 1.004 seconds
[2023-03-01T12:39:58.860+0100] {processor.py:153} INFO - Started process (PID=33986) to work on /Users/oanottage/opt/anaconda3/lib/python3.8/site-packages/airflow/example_dags/tutorial_taskflow_api.py
[2023-03-01T12:39:58.867+0100] {processor.py:743} INFO - Processing file /Users/oanottage/opt/anaconda3/lib/python3.8/site-packages/airflow/example_dags/tutorial_taskflow_api.py for tasks to queue
[2023-03-01T12:39:58.867+0100] {logging_mixin.py:137} INFO - [2023-03-01T12:39:58.867+0100] {dagbag.py:538} INFO - Filling up the DagBag from /Users/oanottage/opt/anaconda3/lib/python3.8/site-packages/airflow/example_dags/tutorial_taskflow_api.py
[2023-03-01T12:39:58.950+0100] {processor.py:753} INFO - DAG(s) dict_keys(['tutorial_taskflow_api']) retrieved from /Users/oanottage/opt/anaconda3/lib/python3.8/site-packages/airflow/example_dags/tutorial_taskflow_api.py
[2023-03-01T12:39:59.855+0100] {logging_mixin.py:137} INFO - [2023-03-01T12:39:59.855+0100] {dag.py:2690} INFO - Sync 1 DAGs
[2023-03-01T12:39:59.871+0100] {logging_mixin.py:137} INFO - [2023-03-01T12:39:59.871+0100] {dag.py:3437} INFO - Setting next_dagrun for tutorial_taskflow_api to None, run_after=None
[2023-03-01T12:39:59.887+0100] {processor.py:175} INFO - Processing /Users/oanottage/opt/anaconda3/lib/python3.8/site-packages/airflow/example_dags/tutorial_taskflow_api.py took 1.027 seconds
[2023-03-01T12:42:05.896+0100] {processor.py:153} INFO - Started process (PID=39074) to work on /Users/oanottage/opt/anaconda3/lib/python3.8/site-packages/airflow/example_dags/tutorial_taskflow_api.py
[2023-03-01T12:42:05.900+0100] {processor.py:743} INFO - Processing file /Users/oanottage/opt/anaconda3/lib/python3.8/site-packages/airflow/example_dags/tutorial_taskflow_api.py for tasks to queue
[2023-03-01T12:42:05.900+0100] {logging_mixin.py:137} INFO - [2023-03-01T12:42:05.900+0100] {dagbag.py:538} INFO - Filling up the DagBag from /Users/oanottage/opt/anaconda3/lib/python3.8/site-packages/airflow/example_dags/tutorial_taskflow_api.py
[2023-03-01T12:42:05.982+0100] {processor.py:753} INFO - DAG(s) dict_keys(['tutorial_taskflow_api']) retrieved from /Users/oanottage/opt/anaconda3/lib/python3.8/site-packages/airflow/example_dags/tutorial_taskflow_api.py
[2023-03-01T12:42:06.792+0100] {logging_mixin.py:137} INFO - [2023-03-01T12:42:06.792+0100] {dag.py:2690} INFO - Sync 1 DAGs
[2023-03-01T12:42:06.813+0100] {logging_mixin.py:137} INFO - [2023-03-01T12:42:06.812+0100] {dag.py:3437} INFO - Setting next_dagrun for tutorial_taskflow_api to None, run_after=None
[2023-03-01T12:42:06.833+0100] {processor.py:175} INFO - Processing /Users/oanottage/opt/anaconda3/lib/python3.8/site-packages/airflow/example_dags/tutorial_taskflow_api.py took 0.938 seconds
[2023-03-01T12:44:19.114+0100] {processor.py:153} INFO - Started process (PID=43336) to work on /Users/oanottage/opt/anaconda3/lib/python3.8/site-packages/airflow/example_dags/tutorial_taskflow_api.py
[2023-03-01T12:44:19.120+0100] {processor.py:743} INFO - Processing file /Users/oanottage/opt/anaconda3/lib/python3.8/site-packages/airflow/example_dags/tutorial_taskflow_api.py for tasks to queue
[2023-03-01T12:44:19.121+0100] {logging_mixin.py:137} INFO - [2023-03-01T12:44:19.120+0100] {dagbag.py:538} INFO - Filling up the DagBag from /Users/oanottage/opt/anaconda3/lib/python3.8/site-packages/airflow/example_dags/tutorial_taskflow_api.py
[2023-03-01T12:44:19.200+0100] {processor.py:753} INFO - DAG(s) dict_keys(['tutorial_taskflow_api']) retrieved from /Users/oanottage/opt/anaconda3/lib/python3.8/site-packages/airflow/example_dags/tutorial_taskflow_api.py
[2023-03-01T12:44:20.139+0100] {logging_mixin.py:137} INFO - [2023-03-01T12:44:20.138+0100] {dag.py:2690} INFO - Sync 1 DAGs
[2023-03-01T12:44:20.153+0100] {logging_mixin.py:137} INFO - [2023-03-01T12:44:20.153+0100] {dag.py:3437} INFO - Setting next_dagrun for tutorial_taskflow_api to None, run_after=None
[2023-03-01T12:44:20.166+0100] {processor.py:175} INFO - Processing /Users/oanottage/opt/anaconda3/lib/python3.8/site-packages/airflow/example_dags/tutorial_taskflow_api.py took 1.052 seconds
[2023-03-01T12:46:24.314+0100] {processor.py:153} INFO - Started process (PID=47603) to work on /Users/oanottage/opt/anaconda3/lib/python3.8/site-packages/airflow/example_dags/tutorial_taskflow_api.py
[2023-03-01T12:46:24.317+0100] {processor.py:743} INFO - Processing file /Users/oanottage/opt/anaconda3/lib/python3.8/site-packages/airflow/example_dags/tutorial_taskflow_api.py for tasks to queue
[2023-03-01T12:46:24.318+0100] {logging_mixin.py:137} INFO - [2023-03-01T12:46:24.318+0100] {dagbag.py:538} INFO - Filling up the DagBag from /Users/oanottage/opt/anaconda3/lib/python3.8/site-packages/airflow/example_dags/tutorial_taskflow_api.py
[2023-03-01T12:46:24.381+0100] {processor.py:753} INFO - DAG(s) dict_keys(['tutorial_taskflow_api']) retrieved from /Users/oanottage/opt/anaconda3/lib/python3.8/site-packages/airflow/example_dags/tutorial_taskflow_api.py
[2023-03-01T12:46:25.272+0100] {logging_mixin.py:137} INFO - [2023-03-01T12:46:25.272+0100] {dag.py:2690} INFO - Sync 1 DAGs
[2023-03-01T12:46:25.285+0100] {logging_mixin.py:137} INFO - [2023-03-01T12:46:25.285+0100] {dag.py:3437} INFO - Setting next_dagrun for tutorial_taskflow_api to None, run_after=None
[2023-03-01T12:46:25.300+0100] {processor.py:175} INFO - Processing /Users/oanottage/opt/anaconda3/lib/python3.8/site-packages/airflow/example_dags/tutorial_taskflow_api.py took 0.987 seconds
[2023-03-01T12:48:28.645+0100] {processor.py:153} INFO - Started process (PID=52053) to work on /Users/oanottage/opt/anaconda3/lib/python3.8/site-packages/airflow/example_dags/tutorial_taskflow_api.py
[2023-03-01T12:48:28.650+0100] {processor.py:743} INFO - Processing file /Users/oanottage/opt/anaconda3/lib/python3.8/site-packages/airflow/example_dags/tutorial_taskflow_api.py for tasks to queue
[2023-03-01T12:48:28.650+0100] {logging_mixin.py:137} INFO - [2023-03-01T12:48:28.650+0100] {dagbag.py:538} INFO - Filling up the DagBag from /Users/oanottage/opt/anaconda3/lib/python3.8/site-packages/airflow/example_dags/tutorial_taskflow_api.py
[2023-03-01T12:48:28.728+0100] {processor.py:753} INFO - DAG(s) dict_keys(['tutorial_taskflow_api']) retrieved from /Users/oanottage/opt/anaconda3/lib/python3.8/site-packages/airflow/example_dags/tutorial_taskflow_api.py
[2023-03-01T12:48:29.690+0100] {logging_mixin.py:137} INFO - [2023-03-01T12:48:29.690+0100] {dag.py:2690} INFO - Sync 1 DAGs
[2023-03-01T12:48:29.711+0100] {logging_mixin.py:137} INFO - [2023-03-01T12:48:29.710+0100] {dag.py:3437} INFO - Setting next_dagrun for tutorial_taskflow_api to None, run_after=None
[2023-03-01T12:48:29.732+0100] {processor.py:175} INFO - Processing /Users/oanottage/opt/anaconda3/lib/python3.8/site-packages/airflow/example_dags/tutorial_taskflow_api.py took 1.088 seconds
[2023-03-01T12:50:33.537+0100] {processor.py:153} INFO - Started process (PID=57268) to work on /Users/oanottage/opt/anaconda3/lib/python3.8/site-packages/airflow/example_dags/tutorial_taskflow_api.py
[2023-03-01T12:50:33.542+0100] {processor.py:743} INFO - Processing file /Users/oanottage/opt/anaconda3/lib/python3.8/site-packages/airflow/example_dags/tutorial_taskflow_api.py for tasks to queue
[2023-03-01T12:50:33.542+0100] {logging_mixin.py:137} INFO - [2023-03-01T12:50:33.542+0100] {dagbag.py:538} INFO - Filling up the DagBag from /Users/oanottage/opt/anaconda3/lib/python3.8/site-packages/airflow/example_dags/tutorial_taskflow_api.py
[2023-03-01T12:50:33.624+0100] {processor.py:753} INFO - DAG(s) dict_keys(['tutorial_taskflow_api']) retrieved from /Users/oanottage/opt/anaconda3/lib/python3.8/site-packages/airflow/example_dags/tutorial_taskflow_api.py
[2023-03-01T12:50:34.591+0100] {logging_mixin.py:137} INFO - [2023-03-01T12:50:34.591+0100] {dag.py:2690} INFO - Sync 1 DAGs
[2023-03-01T12:50:34.606+0100] {logging_mixin.py:137} INFO - [2023-03-01T12:50:34.605+0100] {dag.py:3437} INFO - Setting next_dagrun for tutorial_taskflow_api to None, run_after=None
[2023-03-01T12:50:34.621+0100] {processor.py:175} INFO - Processing /Users/oanottage/opt/anaconda3/lib/python3.8/site-packages/airflow/example_dags/tutorial_taskflow_api.py took 1.085 seconds
[2023-03-01T12:52:30.289+0100] {processor.py:153} INFO - Started process (PID=61164) to work on /Users/oanottage/opt/anaconda3/lib/python3.8/site-packages/airflow/example_dags/tutorial_taskflow_api.py
[2023-03-01T12:52:30.294+0100] {processor.py:743} INFO - Processing file /Users/oanottage/opt/anaconda3/lib/python3.8/site-packages/airflow/example_dags/tutorial_taskflow_api.py for tasks to queue
[2023-03-01T12:52:30.294+0100] {logging_mixin.py:137} INFO - [2023-03-01T12:52:30.294+0100] {dagbag.py:538} INFO - Filling up the DagBag from /Users/oanottage/opt/anaconda3/lib/python3.8/site-packages/airflow/example_dags/tutorial_taskflow_api.py
[2023-03-01T12:52:30.366+0100] {processor.py:753} INFO - DAG(s) dict_keys(['tutorial_taskflow_api']) retrieved from /Users/oanottage/opt/anaconda3/lib/python3.8/site-packages/airflow/example_dags/tutorial_taskflow_api.py
[2023-03-01T12:52:31.410+0100] {logging_mixin.py:137} INFO - [2023-03-01T12:52:31.410+0100] {dag.py:2690} INFO - Sync 1 DAGs
[2023-03-01T12:52:31.424+0100] {logging_mixin.py:137} INFO - [2023-03-01T12:52:31.424+0100] {dag.py:3437} INFO - Setting next_dagrun for tutorial_taskflow_api to None, run_after=None
[2023-03-01T12:52:31.439+0100] {processor.py:175} INFO - Processing /Users/oanottage/opt/anaconda3/lib/python3.8/site-packages/airflow/example_dags/tutorial_taskflow_api.py took 1.151 seconds
[2023-03-01T12:54:34.811+0100] {processor.py:153} INFO - Started process (PID=65829) to work on /Users/oanottage/opt/anaconda3/lib/python3.8/site-packages/airflow/example_dags/tutorial_taskflow_api.py
[2023-03-01T12:54:34.816+0100] {processor.py:743} INFO - Processing file /Users/oanottage/opt/anaconda3/lib/python3.8/site-packages/airflow/example_dags/tutorial_taskflow_api.py for tasks to queue
[2023-03-01T12:54:34.817+0100] {logging_mixin.py:137} INFO - [2023-03-01T12:54:34.817+0100] {dagbag.py:538} INFO - Filling up the DagBag from /Users/oanottage/opt/anaconda3/lib/python3.8/site-packages/airflow/example_dags/tutorial_taskflow_api.py
[2023-03-01T12:54:34.924+0100] {processor.py:753} INFO - DAG(s) dict_keys(['tutorial_taskflow_api']) retrieved from /Users/oanottage/opt/anaconda3/lib/python3.8/site-packages/airflow/example_dags/tutorial_taskflow_api.py
[2023-03-01T12:54:35.802+0100] {logging_mixin.py:137} INFO - [2023-03-01T12:54:35.802+0100] {dag.py:2690} INFO - Sync 1 DAGs
[2023-03-01T12:54:35.813+0100] {logging_mixin.py:137} INFO - [2023-03-01T12:54:35.813+0100] {dag.py:3437} INFO - Setting next_dagrun for tutorial_taskflow_api to None, run_after=None
[2023-03-01T12:54:35.825+0100] {processor.py:175} INFO - Processing /Users/oanottage/opt/anaconda3/lib/python3.8/site-packages/airflow/example_dags/tutorial_taskflow_api.py took 1.015 seconds
[2023-03-01T12:56:29.365+0100] {processor.py:153} INFO - Started process (PID=69550) to work on /Users/oanottage/opt/anaconda3/lib/python3.8/site-packages/airflow/example_dags/tutorial_taskflow_api.py
[2023-03-01T12:56:29.370+0100] {processor.py:743} INFO - Processing file /Users/oanottage/opt/anaconda3/lib/python3.8/site-packages/airflow/example_dags/tutorial_taskflow_api.py for tasks to queue
[2023-03-01T12:56:29.370+0100] {logging_mixin.py:137} INFO - [2023-03-01T12:56:29.370+0100] {dagbag.py:538} INFO - Filling up the DagBag from /Users/oanottage/opt/anaconda3/lib/python3.8/site-packages/airflow/example_dags/tutorial_taskflow_api.py
[2023-03-01T12:56:29.450+0100] {processor.py:753} INFO - DAG(s) dict_keys(['tutorial_taskflow_api']) retrieved from /Users/oanottage/opt/anaconda3/lib/python3.8/site-packages/airflow/example_dags/tutorial_taskflow_api.py
[2023-03-01T12:56:30.378+0100] {logging_mixin.py:137} INFO - [2023-03-01T12:56:30.378+0100] {dag.py:2690} INFO - Sync 1 DAGs
[2023-03-01T12:56:30.392+0100] {logging_mixin.py:137} INFO - [2023-03-01T12:56:30.392+0100] {dag.py:3437} INFO - Setting next_dagrun for tutorial_taskflow_api to None, run_after=None
[2023-03-01T12:56:30.405+0100] {processor.py:175} INFO - Processing /Users/oanottage/opt/anaconda3/lib/python3.8/site-packages/airflow/example_dags/tutorial_taskflow_api.py took 1.041 seconds
[2023-03-01T12:58:20.056+0100] {processor.py:153} INFO - Started process (PID=73331) to work on /Users/oanottage/opt/anaconda3/lib/python3.8/site-packages/airflow/example_dags/tutorial_taskflow_api.py
[2023-03-01T12:58:20.060+0100] {processor.py:743} INFO - Processing file /Users/oanottage/opt/anaconda3/lib/python3.8/site-packages/airflow/example_dags/tutorial_taskflow_api.py for tasks to queue
[2023-03-01T12:58:20.060+0100] {logging_mixin.py:137} INFO - [2023-03-01T12:58:20.060+0100] {dagbag.py:538} INFO - Filling up the DagBag from /Users/oanottage/opt/anaconda3/lib/python3.8/site-packages/airflow/example_dags/tutorial_taskflow_api.py
[2023-03-01T12:58:20.129+0100] {processor.py:753} INFO - DAG(s) dict_keys(['tutorial_taskflow_api']) retrieved from /Users/oanottage/opt/anaconda3/lib/python3.8/site-packages/airflow/example_dags/tutorial_taskflow_api.py
[2023-03-01T12:58:20.968+0100] {logging_mixin.py:137} INFO - [2023-03-01T12:58:20.968+0100] {dag.py:2690} INFO - Sync 1 DAGs
[2023-03-01T12:58:20.990+0100] {logging_mixin.py:137} INFO - [2023-03-01T12:58:20.989+0100] {dag.py:3437} INFO - Setting next_dagrun for tutorial_taskflow_api to None, run_after=None
[2023-03-01T12:58:21.011+0100] {processor.py:175} INFO - Processing /Users/oanottage/opt/anaconda3/lib/python3.8/site-packages/airflow/example_dags/tutorial_taskflow_api.py took 0.955 seconds
[2023-03-01T13:00:19.762+0100] {processor.py:153} INFO - Started process (PID=77614) to work on /Users/oanottage/opt/anaconda3/lib/python3.8/site-packages/airflow/example_dags/tutorial_taskflow_api.py
[2023-03-01T13:00:19.767+0100] {processor.py:743} INFO - Processing file /Users/oanottage/opt/anaconda3/lib/python3.8/site-packages/airflow/example_dags/tutorial_taskflow_api.py for tasks to queue
[2023-03-01T13:00:19.767+0100] {logging_mixin.py:137} INFO - [2023-03-01T13:00:19.767+0100] {dagbag.py:538} INFO - Filling up the DagBag from /Users/oanottage/opt/anaconda3/lib/python3.8/site-packages/airflow/example_dags/tutorial_taskflow_api.py
[2023-03-01T13:00:19.850+0100] {processor.py:753} INFO - DAG(s) dict_keys(['tutorial_taskflow_api']) retrieved from /Users/oanottage/opt/anaconda3/lib/python3.8/site-packages/airflow/example_dags/tutorial_taskflow_api.py
[2023-03-01T13:00:20.694+0100] {logging_mixin.py:137} INFO - [2023-03-01T13:00:20.694+0100] {dag.py:2690} INFO - Sync 1 DAGs
[2023-03-01T13:00:20.712+0100] {logging_mixin.py:137} INFO - [2023-03-01T13:00:20.712+0100] {dag.py:3437} INFO - Setting next_dagrun for tutorial_taskflow_api to None, run_after=None
[2023-03-01T13:00:20.732+0100] {processor.py:175} INFO - Processing /Users/oanottage/opt/anaconda3/lib/python3.8/site-packages/airflow/example_dags/tutorial_taskflow_api.py took 0.970 seconds
