[2023-03-01T12:02:27.021+0100] {processor.py:153} INFO - Started process (PID=54144) to work on /Users/oanottage/opt/anaconda3/lib/python3.8/site-packages/airflow/example_dags/tutorial_taskflow_api_virtualenv.py
[2023-03-01T12:02:27.025+0100] {processor.py:743} INFO - Processing file /Users/oanottage/opt/anaconda3/lib/python3.8/site-packages/airflow/example_dags/tutorial_taskflow_api_virtualenv.py for tasks to queue
[2023-03-01T12:02:27.026+0100] {logging_mixin.py:137} INFO - [2023-03-01T12:02:27.026+0100] {dagbag.py:538} INFO - Filling up the DagBag from /Users/oanottage/opt/anaconda3/lib/python3.8/site-packages/airflow/example_dags/tutorial_taskflow_api_virtualenv.py
[2023-03-01T12:02:27.125+0100] {processor.py:753} INFO - DAG(s) dict_keys(['tutorial_taskflow_api_virtualenv']) retrieved from /Users/oanottage/opt/anaconda3/lib/python3.8/site-packages/airflow/example_dags/tutorial_taskflow_api_virtualenv.py
[2023-03-01T12:02:28.387+0100] {logging_mixin.py:137} INFO - [2023-03-01T12:02:28.387+0100] {manager.py:504} INFO - Created Permission View: can read on DAG:tutorial_taskflow_api_virtualenv
[2023-03-01T12:02:28.393+0100] {logging_mixin.py:137} INFO - [2023-03-01T12:02:28.393+0100] {manager.py:504} INFO - Created Permission View: can delete on DAG:tutorial_taskflow_api_virtualenv
[2023-03-01T12:02:28.398+0100] {logging_mixin.py:137} INFO - [2023-03-01T12:02:28.398+0100] {manager.py:504} INFO - Created Permission View: can edit on DAG:tutorial_taskflow_api_virtualenv
[2023-03-01T12:02:28.399+0100] {logging_mixin.py:137} INFO - [2023-03-01T12:02:28.398+0100] {dag.py:2690} INFO - Sync 1 DAGs
[2023-03-01T12:02:28.407+0100] {logging_mixin.py:137} INFO - [2023-03-01T12:02:28.407+0100] {dag.py:2711} INFO - Creating ORM DAG for tutorial_taskflow_api_virtualenv
[2023-03-01T12:02:28.413+0100] {logging_mixin.py:137} INFO - [2023-03-01T12:02:28.413+0100] {dag.py:3437} INFO - Setting next_dagrun for tutorial_taskflow_api_virtualenv to None, run_after=None
[2023-03-01T12:02:28.430+0100] {processor.py:175} INFO - Processing /Users/oanottage/opt/anaconda3/lib/python3.8/site-packages/airflow/example_dags/tutorial_taskflow_api_virtualenv.py took 1.410 seconds
[2023-03-01T12:04:31.133+0100] {processor.py:153} INFO - Started process (PID=59251) to work on /Users/oanottage/opt/anaconda3/lib/python3.8/site-packages/airflow/example_dags/tutorial_taskflow_api_virtualenv.py
[2023-03-01T12:04:31.137+0100] {processor.py:743} INFO - Processing file /Users/oanottage/opt/anaconda3/lib/python3.8/site-packages/airflow/example_dags/tutorial_taskflow_api_virtualenv.py for tasks to queue
[2023-03-01T12:04:31.138+0100] {logging_mixin.py:137} INFO - [2023-03-01T12:04:31.138+0100] {dagbag.py:538} INFO - Filling up the DagBag from /Users/oanottage/opt/anaconda3/lib/python3.8/site-packages/airflow/example_dags/tutorial_taskflow_api_virtualenv.py
[2023-03-01T12:04:31.201+0100] {processor.py:753} INFO - DAG(s) dict_keys(['tutorial_taskflow_api_virtualenv']) retrieved from /Users/oanottage/opt/anaconda3/lib/python3.8/site-packages/airflow/example_dags/tutorial_taskflow_api_virtualenv.py
[2023-03-01T12:04:32.036+0100] {logging_mixin.py:137} INFO - [2023-03-01T12:04:32.036+0100] {dag.py:2690} INFO - Sync 1 DAGs
[2023-03-01T12:04:32.058+0100] {logging_mixin.py:137} INFO - [2023-03-01T12:04:32.057+0100] {dag.py:3437} INFO - Setting next_dagrun for tutorial_taskflow_api_virtualenv to None, run_after=None
[2023-03-01T12:04:32.076+0100] {processor.py:175} INFO - Processing /Users/oanottage/opt/anaconda3/lib/python3.8/site-packages/airflow/example_dags/tutorial_taskflow_api_virtualenv.py took 0.944 seconds
[2023-03-01T12:06:27.936+0100] {processor.py:153} INFO - Started process (PID=62526) to work on /Users/oanottage/opt/anaconda3/lib/python3.8/site-packages/airflow/example_dags/tutorial_taskflow_api_virtualenv.py
[2023-03-01T12:06:27.961+0100] {processor.py:743} INFO - Processing file /Users/oanottage/opt/anaconda3/lib/python3.8/site-packages/airflow/example_dags/tutorial_taskflow_api_virtualenv.py for tasks to queue
[2023-03-01T12:06:27.962+0100] {logging_mixin.py:137} INFO - [2023-03-01T12:06:27.961+0100] {dagbag.py:538} INFO - Filling up the DagBag from /Users/oanottage/opt/anaconda3/lib/python3.8/site-packages/airflow/example_dags/tutorial_taskflow_api_virtualenv.py
[2023-03-01T12:06:28.174+0100] {processor.py:753} INFO - DAG(s) dict_keys(['tutorial_taskflow_api_virtualenv']) retrieved from /Users/oanottage/opt/anaconda3/lib/python3.8/site-packages/airflow/example_dags/tutorial_taskflow_api_virtualenv.py
[2023-03-01T12:06:29.305+0100] {logging_mixin.py:137} INFO - [2023-03-01T12:06:29.305+0100] {dag.py:2690} INFO - Sync 1 DAGs
[2023-03-01T12:06:29.319+0100] {logging_mixin.py:137} INFO - [2023-03-01T12:06:29.319+0100] {dag.py:3437} INFO - Setting next_dagrun for tutorial_taskflow_api_virtualenv to None, run_after=None
[2023-03-01T12:06:29.333+0100] {processor.py:175} INFO - Processing /Users/oanottage/opt/anaconda3/lib/python3.8/site-packages/airflow/example_dags/tutorial_taskflow_api_virtualenv.py took 1.398 seconds
[2023-03-01T12:08:17.341+0100] {processor.py:153} INFO - Started process (PID=66709) to work on /Users/oanottage/opt/anaconda3/lib/python3.8/site-packages/airflow/example_dags/tutorial_taskflow_api_virtualenv.py
[2023-03-01T12:08:17.346+0100] {processor.py:743} INFO - Processing file /Users/oanottage/opt/anaconda3/lib/python3.8/site-packages/airflow/example_dags/tutorial_taskflow_api_virtualenv.py for tasks to queue
[2023-03-01T12:08:17.346+0100] {logging_mixin.py:137} INFO - [2023-03-01T12:08:17.346+0100] {dagbag.py:538} INFO - Filling up the DagBag from /Users/oanottage/opt/anaconda3/lib/python3.8/site-packages/airflow/example_dags/tutorial_taskflow_api_virtualenv.py
[2023-03-01T12:08:17.409+0100] {processor.py:753} INFO - DAG(s) dict_keys(['tutorial_taskflow_api_virtualenv']) retrieved from /Users/oanottage/opt/anaconda3/lib/python3.8/site-packages/airflow/example_dags/tutorial_taskflow_api_virtualenv.py
[2023-03-01T12:08:18.290+0100] {logging_mixin.py:137} INFO - [2023-03-01T12:08:18.290+0100] {dag.py:2690} INFO - Sync 1 DAGs
[2023-03-01T12:08:18.303+0100] {logging_mixin.py:137} INFO - [2023-03-01T12:08:18.303+0100] {dag.py:3437} INFO - Setting next_dagrun for tutorial_taskflow_api_virtualenv to None, run_after=None
[2023-03-01T12:08:18.316+0100] {processor.py:175} INFO - Processing /Users/oanottage/opt/anaconda3/lib/python3.8/site-packages/airflow/example_dags/tutorial_taskflow_api_virtualenv.py took 0.975 seconds
[2023-03-01T12:10:13.793+0100] {processor.py:153} INFO - Started process (PID=70914) to work on /Users/oanottage/opt/anaconda3/lib/python3.8/site-packages/airflow/example_dags/tutorial_taskflow_api_virtualenv.py
[2023-03-01T12:10:13.798+0100] {processor.py:743} INFO - Processing file /Users/oanottage/opt/anaconda3/lib/python3.8/site-packages/airflow/example_dags/tutorial_taskflow_api_virtualenv.py for tasks to queue
[2023-03-01T12:10:13.798+0100] {logging_mixin.py:137} INFO - [2023-03-01T12:10:13.798+0100] {dagbag.py:538} INFO - Filling up the DagBag from /Users/oanottage/opt/anaconda3/lib/python3.8/site-packages/airflow/example_dags/tutorial_taskflow_api_virtualenv.py
[2023-03-01T12:10:13.866+0100] {processor.py:753} INFO - DAG(s) dict_keys(['tutorial_taskflow_api_virtualenv']) retrieved from /Users/oanottage/opt/anaconda3/lib/python3.8/site-packages/airflow/example_dags/tutorial_taskflow_api_virtualenv.py
[2023-03-01T12:10:14.757+0100] {logging_mixin.py:137} INFO - [2023-03-01T12:10:14.757+0100] {dag.py:2690} INFO - Sync 1 DAGs
[2023-03-01T12:10:14.768+0100] {logging_mixin.py:137} INFO - [2023-03-01T12:10:14.768+0100] {dag.py:3437} INFO - Setting next_dagrun for tutorial_taskflow_api_virtualenv to None, run_after=None
[2023-03-01T12:10:14.781+0100] {processor.py:175} INFO - Processing /Users/oanottage/opt/anaconda3/lib/python3.8/site-packages/airflow/example_dags/tutorial_taskflow_api_virtualenv.py took 0.989 seconds
[2023-03-01T12:12:20.720+0100] {processor.py:153} INFO - Started process (PID=75192) to work on /Users/oanottage/opt/anaconda3/lib/python3.8/site-packages/airflow/example_dags/tutorial_taskflow_api_virtualenv.py
[2023-03-01T12:12:20.724+0100] {processor.py:743} INFO - Processing file /Users/oanottage/opt/anaconda3/lib/python3.8/site-packages/airflow/example_dags/tutorial_taskflow_api_virtualenv.py for tasks to queue
[2023-03-01T12:12:20.724+0100] {logging_mixin.py:137} INFO - [2023-03-01T12:12:20.724+0100] {dagbag.py:538} INFO - Filling up the DagBag from /Users/oanottage/opt/anaconda3/lib/python3.8/site-packages/airflow/example_dags/tutorial_taskflow_api_virtualenv.py
[2023-03-01T12:12:20.787+0100] {processor.py:753} INFO - DAG(s) dict_keys(['tutorial_taskflow_api_virtualenv']) retrieved from /Users/oanottage/opt/anaconda3/lib/python3.8/site-packages/airflow/example_dags/tutorial_taskflow_api_virtualenv.py
[2023-03-01T12:12:21.649+0100] {logging_mixin.py:137} INFO - [2023-03-01T12:12:21.649+0100] {dag.py:2690} INFO - Sync 1 DAGs
[2023-03-01T12:12:21.661+0100] {logging_mixin.py:137} INFO - [2023-03-01T12:12:21.660+0100] {dag.py:3437} INFO - Setting next_dagrun for tutorial_taskflow_api_virtualenv to None, run_after=None
[2023-03-01T12:12:21.674+0100] {processor.py:175} INFO - Processing /Users/oanottage/opt/anaconda3/lib/python3.8/site-packages/airflow/example_dags/tutorial_taskflow_api_virtualenv.py took 0.955 seconds
[2023-03-01T12:14:12.843+0100] {processor.py:153} INFO - Started process (PID=79418) to work on /Users/oanottage/opt/anaconda3/lib/python3.8/site-packages/airflow/example_dags/tutorial_taskflow_api_virtualenv.py
[2023-03-01T12:14:12.848+0100] {processor.py:743} INFO - Processing file /Users/oanottage/opt/anaconda3/lib/python3.8/site-packages/airflow/example_dags/tutorial_taskflow_api_virtualenv.py for tasks to queue
[2023-03-01T12:14:12.848+0100] {logging_mixin.py:137} INFO - [2023-03-01T12:14:12.848+0100] {dagbag.py:538} INFO - Filling up the DagBag from /Users/oanottage/opt/anaconda3/lib/python3.8/site-packages/airflow/example_dags/tutorial_taskflow_api_virtualenv.py
[2023-03-01T12:14:12.927+0100] {processor.py:753} INFO - DAG(s) dict_keys(['tutorial_taskflow_api_virtualenv']) retrieved from /Users/oanottage/opt/anaconda3/lib/python3.8/site-packages/airflow/example_dags/tutorial_taskflow_api_virtualenv.py
[2023-03-01T12:14:13.753+0100] {logging_mixin.py:137} INFO - [2023-03-01T12:14:13.753+0100] {dag.py:2690} INFO - Sync 1 DAGs
[2023-03-01T12:14:13.766+0100] {logging_mixin.py:137} INFO - [2023-03-01T12:14:13.766+0100] {dag.py:3437} INFO - Setting next_dagrun for tutorial_taskflow_api_virtualenv to None, run_after=None
[2023-03-01T12:14:13.779+0100] {processor.py:175} INFO - Processing /Users/oanottage/opt/anaconda3/lib/python3.8/site-packages/airflow/example_dags/tutorial_taskflow_api_virtualenv.py took 0.937 seconds
[2023-03-01T12:16:11.812+0100] {processor.py:153} INFO - Started process (PID=83580) to work on /Users/oanottage/opt/anaconda3/lib/python3.8/site-packages/airflow/example_dags/tutorial_taskflow_api_virtualenv.py
[2023-03-01T12:16:11.819+0100] {processor.py:743} INFO - Processing file /Users/oanottage/opt/anaconda3/lib/python3.8/site-packages/airflow/example_dags/tutorial_taskflow_api_virtualenv.py for tasks to queue
[2023-03-01T12:16:11.819+0100] {logging_mixin.py:137} INFO - [2023-03-01T12:16:11.819+0100] {dagbag.py:538} INFO - Filling up the DagBag from /Users/oanottage/opt/anaconda3/lib/python3.8/site-packages/airflow/example_dags/tutorial_taskflow_api_virtualenv.py
[2023-03-01T12:16:11.907+0100] {processor.py:753} INFO - DAG(s) dict_keys(['tutorial_taskflow_api_virtualenv']) retrieved from /Users/oanottage/opt/anaconda3/lib/python3.8/site-packages/airflow/example_dags/tutorial_taskflow_api_virtualenv.py
[2023-03-01T12:16:12.956+0100] {logging_mixin.py:137} INFO - [2023-03-01T12:16:12.956+0100] {dag.py:2690} INFO - Sync 1 DAGs
[2023-03-01T12:16:12.973+0100] {logging_mixin.py:137} INFO - [2023-03-01T12:16:12.973+0100] {dag.py:3437} INFO - Setting next_dagrun for tutorial_taskflow_api_virtualenv to None, run_after=None
[2023-03-01T12:16:12.989+0100] {processor.py:175} INFO - Processing /Users/oanottage/opt/anaconda3/lib/python3.8/site-packages/airflow/example_dags/tutorial_taskflow_api_virtualenv.py took 1.178 seconds
[2023-03-01T12:18:12.498+0100] {processor.py:153} INFO - Started process (PID=87786) to work on /Users/oanottage/opt/anaconda3/lib/python3.8/site-packages/airflow/example_dags/tutorial_taskflow_api_virtualenv.py
[2023-03-01T12:18:12.501+0100] {processor.py:743} INFO - Processing file /Users/oanottage/opt/anaconda3/lib/python3.8/site-packages/airflow/example_dags/tutorial_taskflow_api_virtualenv.py for tasks to queue
[2023-03-01T12:18:12.501+0100] {logging_mixin.py:137} INFO - [2023-03-01T12:18:12.501+0100] {dagbag.py:538} INFO - Filling up the DagBag from /Users/oanottage/opt/anaconda3/lib/python3.8/site-packages/airflow/example_dags/tutorial_taskflow_api_virtualenv.py
[2023-03-01T12:18:12.564+0100] {processor.py:753} INFO - DAG(s) dict_keys(['tutorial_taskflow_api_virtualenv']) retrieved from /Users/oanottage/opt/anaconda3/lib/python3.8/site-packages/airflow/example_dags/tutorial_taskflow_api_virtualenv.py
[2023-03-01T12:18:13.467+0100] {logging_mixin.py:137} INFO - [2023-03-01T12:18:13.467+0100] {dag.py:2690} INFO - Sync 1 DAGs
[2023-03-01T12:18:13.480+0100] {logging_mixin.py:137} INFO - [2023-03-01T12:18:13.480+0100] {dag.py:3437} INFO - Setting next_dagrun for tutorial_taskflow_api_virtualenv to None, run_after=None
[2023-03-01T12:18:13.494+0100] {processor.py:175} INFO - Processing /Users/oanottage/opt/anaconda3/lib/python3.8/site-packages/airflow/example_dags/tutorial_taskflow_api_virtualenv.py took 0.996 seconds
[2023-03-01T12:20:04.477+0100] {processor.py:153} INFO - Started process (PID=92006) to work on /Users/oanottage/opt/anaconda3/lib/python3.8/site-packages/airflow/example_dags/tutorial_taskflow_api_virtualenv.py
[2023-03-01T12:20:04.480+0100] {processor.py:743} INFO - Processing file /Users/oanottage/opt/anaconda3/lib/python3.8/site-packages/airflow/example_dags/tutorial_taskflow_api_virtualenv.py for tasks to queue
[2023-03-01T12:20:04.480+0100] {logging_mixin.py:137} INFO - [2023-03-01T12:20:04.480+0100] {dagbag.py:538} INFO - Filling up the DagBag from /Users/oanottage/opt/anaconda3/lib/python3.8/site-packages/airflow/example_dags/tutorial_taskflow_api_virtualenv.py
[2023-03-01T12:20:04.542+0100] {processor.py:753} INFO - DAG(s) dict_keys(['tutorial_taskflow_api_virtualenv']) retrieved from /Users/oanottage/opt/anaconda3/lib/python3.8/site-packages/airflow/example_dags/tutorial_taskflow_api_virtualenv.py
[2023-03-01T12:20:05.448+0100] {logging_mixin.py:137} INFO - [2023-03-01T12:20:05.448+0100] {dag.py:2690} INFO - Sync 1 DAGs
[2023-03-01T12:20:05.460+0100] {logging_mixin.py:137} INFO - [2023-03-01T12:20:05.459+0100] {dag.py:3437} INFO - Setting next_dagrun for tutorial_taskflow_api_virtualenv to None, run_after=None
[2023-03-01T12:20:05.471+0100] {processor.py:175} INFO - Processing /Users/oanottage/opt/anaconda3/lib/python3.8/site-packages/airflow/example_dags/tutorial_taskflow_api_virtualenv.py took 0.995 seconds
[2023-03-01T12:22:12.822+0100] {processor.py:153} INFO - Started process (PID=96263) to work on /Users/oanottage/opt/anaconda3/lib/python3.8/site-packages/airflow/example_dags/tutorial_taskflow_api_virtualenv.py
[2023-03-01T12:22:12.826+0100] {processor.py:743} INFO - Processing file /Users/oanottage/opt/anaconda3/lib/python3.8/site-packages/airflow/example_dags/tutorial_taskflow_api_virtualenv.py for tasks to queue
[2023-03-01T12:22:12.827+0100] {logging_mixin.py:137} INFO - [2023-03-01T12:22:12.826+0100] {dagbag.py:538} INFO - Filling up the DagBag from /Users/oanottage/opt/anaconda3/lib/python3.8/site-packages/airflow/example_dags/tutorial_taskflow_api_virtualenv.py
[2023-03-01T12:22:12.910+0100] {processor.py:753} INFO - DAG(s) dict_keys(['tutorial_taskflow_api_virtualenv']) retrieved from /Users/oanottage/opt/anaconda3/lib/python3.8/site-packages/airflow/example_dags/tutorial_taskflow_api_virtualenv.py
[2023-03-01T12:22:13.745+0100] {logging_mixin.py:137} INFO - [2023-03-01T12:22:13.745+0100] {dag.py:2690} INFO - Sync 1 DAGs
[2023-03-01T12:22:13.757+0100] {logging_mixin.py:137} INFO - [2023-03-01T12:22:13.757+0100] {dag.py:3437} INFO - Setting next_dagrun for tutorial_taskflow_api_virtualenv to None, run_after=None
[2023-03-01T12:22:13.771+0100] {processor.py:175} INFO - Processing /Users/oanottage/opt/anaconda3/lib/python3.8/site-packages/airflow/example_dags/tutorial_taskflow_api_virtualenv.py took 0.949 seconds
[2023-03-01T12:24:41.661+0100] {processor.py:153} INFO - Started process (PID=1948) to work on /Users/oanottage/opt/anaconda3/lib/python3.8/site-packages/airflow/example_dags/tutorial_taskflow_api_virtualenv.py
[2023-03-01T12:24:41.667+0100] {processor.py:743} INFO - Processing file /Users/oanottage/opt/anaconda3/lib/python3.8/site-packages/airflow/example_dags/tutorial_taskflow_api_virtualenv.py for tasks to queue
[2023-03-01T12:24:41.667+0100] {logging_mixin.py:137} INFO - [2023-03-01T12:24:41.667+0100] {dagbag.py:538} INFO - Filling up the DagBag from /Users/oanottage/opt/anaconda3/lib/python3.8/site-packages/airflow/example_dags/tutorial_taskflow_api_virtualenv.py
[2023-03-01T12:24:41.730+0100] {processor.py:753} INFO - DAG(s) dict_keys(['tutorial_taskflow_api_virtualenv']) retrieved from /Users/oanottage/opt/anaconda3/lib/python3.8/site-packages/airflow/example_dags/tutorial_taskflow_api_virtualenv.py
[2023-03-01T12:24:42.636+0100] {logging_mixin.py:137} INFO - [2023-03-01T12:24:42.635+0100] {dag.py:2690} INFO - Sync 1 DAGs
[2023-03-01T12:24:42.649+0100] {logging_mixin.py:137} INFO - [2023-03-01T12:24:42.649+0100] {dag.py:3437} INFO - Setting next_dagrun for tutorial_taskflow_api_virtualenv to None, run_after=None
[2023-03-01T12:24:42.665+0100] {processor.py:175} INFO - Processing /Users/oanottage/opt/anaconda3/lib/python3.8/site-packages/airflow/example_dags/tutorial_taskflow_api_virtualenv.py took 1.004 seconds
[2023-03-01T12:26:42.748+0100] {processor.py:153} INFO - Started process (PID=6194) to work on /Users/oanottage/opt/anaconda3/lib/python3.8/site-packages/airflow/example_dags/tutorial_taskflow_api_virtualenv.py
[2023-03-01T12:26:42.771+0100] {processor.py:743} INFO - Processing file /Users/oanottage/opt/anaconda3/lib/python3.8/site-packages/airflow/example_dags/tutorial_taskflow_api_virtualenv.py for tasks to queue
[2023-03-01T12:26:42.772+0100] {logging_mixin.py:137} INFO - [2023-03-01T12:26:42.772+0100] {dagbag.py:538} INFO - Filling up the DagBag from /Users/oanottage/opt/anaconda3/lib/python3.8/site-packages/airflow/example_dags/tutorial_taskflow_api_virtualenv.py
[2023-03-01T12:26:42.849+0100] {processor.py:753} INFO - DAG(s) dict_keys(['tutorial_taskflow_api_virtualenv']) retrieved from /Users/oanottage/opt/anaconda3/lib/python3.8/site-packages/airflow/example_dags/tutorial_taskflow_api_virtualenv.py
[2023-03-01T12:26:43.861+0100] {logging_mixin.py:137} INFO - [2023-03-01T12:26:43.861+0100] {dag.py:2690} INFO - Sync 1 DAGs
[2023-03-01T12:26:43.881+0100] {logging_mixin.py:137} INFO - [2023-03-01T12:26:43.881+0100] {dag.py:3437} INFO - Setting next_dagrun for tutorial_taskflow_api_virtualenv to None, run_after=None
[2023-03-01T12:26:43.905+0100] {processor.py:175} INFO - Processing /Users/oanottage/opt/anaconda3/lib/python3.8/site-packages/airflow/example_dags/tutorial_taskflow_api_virtualenv.py took 1.158 seconds
[2023-03-01T12:28:37.612+0100] {processor.py:153} INFO - Started process (PID=10407) to work on /Users/oanottage/opt/anaconda3/lib/python3.8/site-packages/airflow/example_dags/tutorial_taskflow_api_virtualenv.py
[2023-03-01T12:28:37.615+0100] {processor.py:743} INFO - Processing file /Users/oanottage/opt/anaconda3/lib/python3.8/site-packages/airflow/example_dags/tutorial_taskflow_api_virtualenv.py for tasks to queue
[2023-03-01T12:28:37.615+0100] {logging_mixin.py:137} INFO - [2023-03-01T12:28:37.615+0100] {dagbag.py:538} INFO - Filling up the DagBag from /Users/oanottage/opt/anaconda3/lib/python3.8/site-packages/airflow/example_dags/tutorial_taskflow_api_virtualenv.py
[2023-03-01T12:28:37.676+0100] {processor.py:753} INFO - DAG(s) dict_keys(['tutorial_taskflow_api_virtualenv']) retrieved from /Users/oanottage/opt/anaconda3/lib/python3.8/site-packages/airflow/example_dags/tutorial_taskflow_api_virtualenv.py
[2023-03-01T12:28:38.505+0100] {logging_mixin.py:137} INFO - [2023-03-01T12:28:38.505+0100] {dag.py:2690} INFO - Sync 1 DAGs
[2023-03-01T12:28:38.517+0100] {logging_mixin.py:137} INFO - [2023-03-01T12:28:38.516+0100] {dag.py:3437} INFO - Setting next_dagrun for tutorial_taskflow_api_virtualenv to None, run_after=None
[2023-03-01T12:28:38.528+0100] {processor.py:175} INFO - Processing /Users/oanottage/opt/anaconda3/lib/python3.8/site-packages/airflow/example_dags/tutorial_taskflow_api_virtualenv.py took 0.917 seconds
[2023-03-01T12:30:27.641+0100] {processor.py:153} INFO - Started process (PID=13606) to work on /Users/oanottage/opt/anaconda3/lib/python3.8/site-packages/airflow/example_dags/tutorial_taskflow_api_virtualenv.py
[2023-03-01T12:30:27.644+0100] {processor.py:743} INFO - Processing file /Users/oanottage/opt/anaconda3/lib/python3.8/site-packages/airflow/example_dags/tutorial_taskflow_api_virtualenv.py for tasks to queue
[2023-03-01T12:30:27.645+0100] {logging_mixin.py:137} INFO - [2023-03-01T12:30:27.645+0100] {dagbag.py:538} INFO - Filling up the DagBag from /Users/oanottage/opt/anaconda3/lib/python3.8/site-packages/airflow/example_dags/tutorial_taskflow_api_virtualenv.py
[2023-03-01T12:30:27.726+0100] {processor.py:753} INFO - DAG(s) dict_keys(['tutorial_taskflow_api_virtualenv']) retrieved from /Users/oanottage/opt/anaconda3/lib/python3.8/site-packages/airflow/example_dags/tutorial_taskflow_api_virtualenv.py
[2023-03-01T12:30:28.645+0100] {logging_mixin.py:137} INFO - [2023-03-01T12:30:28.644+0100] {dag.py:2690} INFO - Sync 1 DAGs
[2023-03-01T12:30:28.659+0100] {logging_mixin.py:137} INFO - [2023-03-01T12:30:28.659+0100] {dag.py:3437} INFO - Setting next_dagrun for tutorial_taskflow_api_virtualenv to None, run_after=None
[2023-03-01T12:30:28.673+0100] {processor.py:175} INFO - Processing /Users/oanottage/opt/anaconda3/lib/python3.8/site-packages/airflow/example_dags/tutorial_taskflow_api_virtualenv.py took 1.033 seconds
[2023-03-01T12:32:16.487+0100] {processor.py:153} INFO - Started process (PID=17880) to work on /Users/oanottage/opt/anaconda3/lib/python3.8/site-packages/airflow/example_dags/tutorial_taskflow_api_virtualenv.py
[2023-03-01T12:32:16.490+0100] {processor.py:743} INFO - Processing file /Users/oanottage/opt/anaconda3/lib/python3.8/site-packages/airflow/example_dags/tutorial_taskflow_api_virtualenv.py for tasks to queue
[2023-03-01T12:32:16.491+0100] {logging_mixin.py:137} INFO - [2023-03-01T12:32:16.490+0100] {dagbag.py:538} INFO - Filling up the DagBag from /Users/oanottage/opt/anaconda3/lib/python3.8/site-packages/airflow/example_dags/tutorial_taskflow_api_virtualenv.py
[2023-03-01T12:32:16.551+0100] {processor.py:753} INFO - DAG(s) dict_keys(['tutorial_taskflow_api_virtualenv']) retrieved from /Users/oanottage/opt/anaconda3/lib/python3.8/site-packages/airflow/example_dags/tutorial_taskflow_api_virtualenv.py
[2023-03-01T12:32:17.799+0100] {logging_mixin.py:137} INFO - [2023-03-01T12:32:17.799+0100] {dag.py:2690} INFO - Sync 1 DAGs
[2023-03-01T12:32:17.817+0100] {logging_mixin.py:137} INFO - [2023-03-01T12:32:17.816+0100] {dag.py:3437} INFO - Setting next_dagrun for tutorial_taskflow_api_virtualenv to None, run_after=None
[2023-03-01T12:32:17.876+0100] {processor.py:175} INFO - Processing /Users/oanottage/opt/anaconda3/lib/python3.8/site-packages/airflow/example_dags/tutorial_taskflow_api_virtualenv.py took 1.390 seconds
[2023-03-01T12:34:04.544+0100] {processor.py:153} INFO - Started process (PID=22102) to work on /Users/oanottage/opt/anaconda3/lib/python3.8/site-packages/airflow/example_dags/tutorial_taskflow_api_virtualenv.py
[2023-03-01T12:34:04.547+0100] {processor.py:743} INFO - Processing file /Users/oanottage/opt/anaconda3/lib/python3.8/site-packages/airflow/example_dags/tutorial_taskflow_api_virtualenv.py for tasks to queue
[2023-03-01T12:34:04.548+0100] {logging_mixin.py:137} INFO - [2023-03-01T12:34:04.548+0100] {dagbag.py:538} INFO - Filling up the DagBag from /Users/oanottage/opt/anaconda3/lib/python3.8/site-packages/airflow/example_dags/tutorial_taskflow_api_virtualenv.py
[2023-03-01T12:34:04.608+0100] {processor.py:753} INFO - DAG(s) dict_keys(['tutorial_taskflow_api_virtualenv']) retrieved from /Users/oanottage/opt/anaconda3/lib/python3.8/site-packages/airflow/example_dags/tutorial_taskflow_api_virtualenv.py
[2023-03-01T12:34:05.469+0100] {logging_mixin.py:137} INFO - [2023-03-01T12:34:05.469+0100] {dag.py:2690} INFO - Sync 1 DAGs
[2023-03-01T12:34:05.483+0100] {logging_mixin.py:137} INFO - [2023-03-01T12:34:05.482+0100] {dag.py:3437} INFO - Setting next_dagrun for tutorial_taskflow_api_virtualenv to None, run_after=None
[2023-03-01T12:34:05.496+0100] {processor.py:175} INFO - Processing /Users/oanottage/opt/anaconda3/lib/python3.8/site-packages/airflow/example_dags/tutorial_taskflow_api_virtualenv.py took 0.952 seconds
[2023-03-01T12:35:56.957+0100] {processor.py:153} INFO - Started process (PID=25293) to work on /Users/oanottage/opt/anaconda3/lib/python3.8/site-packages/airflow/example_dags/tutorial_taskflow_api_virtualenv.py
[2023-03-01T12:35:56.962+0100] {processor.py:743} INFO - Processing file /Users/oanottage/opt/anaconda3/lib/python3.8/site-packages/airflow/example_dags/tutorial_taskflow_api_virtualenv.py for tasks to queue
[2023-03-01T12:35:56.962+0100] {logging_mixin.py:137} INFO - [2023-03-01T12:35:56.962+0100] {dagbag.py:538} INFO - Filling up the DagBag from /Users/oanottage/opt/anaconda3/lib/python3.8/site-packages/airflow/example_dags/tutorial_taskflow_api_virtualenv.py
[2023-03-01T12:35:57.050+0100] {processor.py:753} INFO - DAG(s) dict_keys(['tutorial_taskflow_api_virtualenv']) retrieved from /Users/oanottage/opt/anaconda3/lib/python3.8/site-packages/airflow/example_dags/tutorial_taskflow_api_virtualenv.py
[2023-03-01T12:35:57.940+0100] {logging_mixin.py:137} INFO - [2023-03-01T12:35:57.940+0100] {dag.py:2690} INFO - Sync 1 DAGs
[2023-03-01T12:35:57.959+0100] {logging_mixin.py:137} INFO - [2023-03-01T12:35:57.959+0100] {dag.py:3437} INFO - Setting next_dagrun for tutorial_taskflow_api_virtualenv to None, run_after=None
[2023-03-01T12:35:57.978+0100] {processor.py:175} INFO - Processing /Users/oanottage/opt/anaconda3/lib/python3.8/site-packages/airflow/example_dags/tutorial_taskflow_api_virtualenv.py took 1.021 seconds
[2023-03-01T12:37:51.631+0100] {processor.py:153} INFO - Started process (PID=29535) to work on /Users/oanottage/opt/anaconda3/lib/python3.8/site-packages/airflow/example_dags/tutorial_taskflow_api_virtualenv.py
[2023-03-01T12:37:51.634+0100] {processor.py:743} INFO - Processing file /Users/oanottage/opt/anaconda3/lib/python3.8/site-packages/airflow/example_dags/tutorial_taskflow_api_virtualenv.py for tasks to queue
[2023-03-01T12:37:51.635+0100] {logging_mixin.py:137} INFO - [2023-03-01T12:37:51.635+0100] {dagbag.py:538} INFO - Filling up the DagBag from /Users/oanottage/opt/anaconda3/lib/python3.8/site-packages/airflow/example_dags/tutorial_taskflow_api_virtualenv.py
[2023-03-01T12:37:51.705+0100] {processor.py:753} INFO - DAG(s) dict_keys(['tutorial_taskflow_api_virtualenv']) retrieved from /Users/oanottage/opt/anaconda3/lib/python3.8/site-packages/airflow/example_dags/tutorial_taskflow_api_virtualenv.py
[2023-03-01T12:37:52.570+0100] {logging_mixin.py:137} INFO - [2023-03-01T12:37:52.570+0100] {dag.py:2690} INFO - Sync 1 DAGs
[2023-03-01T12:37:52.581+0100] {logging_mixin.py:137} INFO - [2023-03-01T12:37:52.581+0100] {dag.py:3437} INFO - Setting next_dagrun for tutorial_taskflow_api_virtualenv to None, run_after=None
[2023-03-01T12:37:52.593+0100] {processor.py:175} INFO - Processing /Users/oanottage/opt/anaconda3/lib/python3.8/site-packages/airflow/example_dags/tutorial_taskflow_api_virtualenv.py took 0.963 seconds
[2023-03-01T12:39:55.683+0100] {processor.py:153} INFO - Started process (PID=33775) to work on /Users/oanottage/opt/anaconda3/lib/python3.8/site-packages/airflow/example_dags/tutorial_taskflow_api_virtualenv.py
[2023-03-01T12:39:55.688+0100] {processor.py:743} INFO - Processing file /Users/oanottage/opt/anaconda3/lib/python3.8/site-packages/airflow/example_dags/tutorial_taskflow_api_virtualenv.py for tasks to queue
[2023-03-01T12:39:55.688+0100] {logging_mixin.py:137} INFO - [2023-03-01T12:39:55.688+0100] {dagbag.py:538} INFO - Filling up the DagBag from /Users/oanottage/opt/anaconda3/lib/python3.8/site-packages/airflow/example_dags/tutorial_taskflow_api_virtualenv.py
[2023-03-01T12:39:55.783+0100] {processor.py:753} INFO - DAG(s) dict_keys(['tutorial_taskflow_api_virtualenv']) retrieved from /Users/oanottage/opt/anaconda3/lib/python3.8/site-packages/airflow/example_dags/tutorial_taskflow_api_virtualenv.py
[2023-03-01T12:39:56.747+0100] {logging_mixin.py:137} INFO - [2023-03-01T12:39:56.747+0100] {dag.py:2690} INFO - Sync 1 DAGs
[2023-03-01T12:39:56.762+0100] {logging_mixin.py:137} INFO - [2023-03-01T12:39:56.761+0100] {dag.py:3437} INFO - Setting next_dagrun for tutorial_taskflow_api_virtualenv to None, run_after=None
[2023-03-01T12:39:56.776+0100] {processor.py:175} INFO - Processing /Users/oanottage/opt/anaconda3/lib/python3.8/site-packages/airflow/example_dags/tutorial_taskflow_api_virtualenv.py took 1.094 seconds
[2023-03-01T12:42:02.797+0100] {processor.py:153} INFO - Started process (PID=39069) to work on /Users/oanottage/opt/anaconda3/lib/python3.8/site-packages/airflow/example_dags/tutorial_taskflow_api_virtualenv.py
[2023-03-01T12:42:02.801+0100] {processor.py:743} INFO - Processing file /Users/oanottage/opt/anaconda3/lib/python3.8/site-packages/airflow/example_dags/tutorial_taskflow_api_virtualenv.py for tasks to queue
[2023-03-01T12:42:02.801+0100] {logging_mixin.py:137} INFO - [2023-03-01T12:42:02.801+0100] {dagbag.py:538} INFO - Filling up the DagBag from /Users/oanottage/opt/anaconda3/lib/python3.8/site-packages/airflow/example_dags/tutorial_taskflow_api_virtualenv.py
[2023-03-01T12:42:02.866+0100] {processor.py:753} INFO - DAG(s) dict_keys(['tutorial_taskflow_api_virtualenv']) retrieved from /Users/oanottage/opt/anaconda3/lib/python3.8/site-packages/airflow/example_dags/tutorial_taskflow_api_virtualenv.py
[2023-03-01T12:42:03.788+0100] {logging_mixin.py:137} INFO - [2023-03-01T12:42:03.787+0100] {dag.py:2690} INFO - Sync 1 DAGs
[2023-03-01T12:42:03.801+0100] {logging_mixin.py:137} INFO - [2023-03-01T12:42:03.801+0100] {dag.py:3437} INFO - Setting next_dagrun for tutorial_taskflow_api_virtualenv to None, run_after=None
[2023-03-01T12:42:03.815+0100] {processor.py:175} INFO - Processing /Users/oanottage/opt/anaconda3/lib/python3.8/site-packages/airflow/example_dags/tutorial_taskflow_api_virtualenv.py took 1.018 seconds
[2023-03-01T12:44:16.304+0100] {processor.py:153} INFO - Started process (PID=43334) to work on /Users/oanottage/opt/anaconda3/lib/python3.8/site-packages/airflow/example_dags/tutorial_taskflow_api_virtualenv.py
[2023-03-01T12:44:16.308+0100] {processor.py:743} INFO - Processing file /Users/oanottage/opt/anaconda3/lib/python3.8/site-packages/airflow/example_dags/tutorial_taskflow_api_virtualenv.py for tasks to queue
[2023-03-01T12:44:16.309+0100] {logging_mixin.py:137} INFO - [2023-03-01T12:44:16.309+0100] {dagbag.py:538} INFO - Filling up the DagBag from /Users/oanottage/opt/anaconda3/lib/python3.8/site-packages/airflow/example_dags/tutorial_taskflow_api_virtualenv.py
[2023-03-01T12:44:16.396+0100] {processor.py:753} INFO - DAG(s) dict_keys(['tutorial_taskflow_api_virtualenv']) retrieved from /Users/oanottage/opt/anaconda3/lib/python3.8/site-packages/airflow/example_dags/tutorial_taskflow_api_virtualenv.py
[2023-03-01T12:44:17.542+0100] {logging_mixin.py:137} INFO - [2023-03-01T12:44:17.542+0100] {dag.py:2690} INFO - Sync 1 DAGs
[2023-03-01T12:44:17.556+0100] {logging_mixin.py:137} INFO - [2023-03-01T12:44:17.556+0100] {dag.py:3437} INFO - Setting next_dagrun for tutorial_taskflow_api_virtualenv to None, run_after=None
[2023-03-01T12:44:17.569+0100] {processor.py:175} INFO - Processing /Users/oanottage/opt/anaconda3/lib/python3.8/site-packages/airflow/example_dags/tutorial_taskflow_api_virtualenv.py took 1.266 seconds
[2023-03-01T12:46:21.467+0100] {processor.py:153} INFO - Started process (PID=47600) to work on /Users/oanottage/opt/anaconda3/lib/python3.8/site-packages/airflow/example_dags/tutorial_taskflow_api_virtualenv.py
[2023-03-01T12:46:21.471+0100] {processor.py:743} INFO - Processing file /Users/oanottage/opt/anaconda3/lib/python3.8/site-packages/airflow/example_dags/tutorial_taskflow_api_virtualenv.py for tasks to queue
[2023-03-01T12:46:21.472+0100] {logging_mixin.py:137} INFO - [2023-03-01T12:46:21.472+0100] {dagbag.py:538} INFO - Filling up the DagBag from /Users/oanottage/opt/anaconda3/lib/python3.8/site-packages/airflow/example_dags/tutorial_taskflow_api_virtualenv.py
[2023-03-01T12:46:21.538+0100] {processor.py:753} INFO - DAG(s) dict_keys(['tutorial_taskflow_api_virtualenv']) retrieved from /Users/oanottage/opt/anaconda3/lib/python3.8/site-packages/airflow/example_dags/tutorial_taskflow_api_virtualenv.py
[2023-03-01T12:46:22.374+0100] {logging_mixin.py:137} INFO - [2023-03-01T12:46:22.374+0100] {dag.py:2690} INFO - Sync 1 DAGs
[2023-03-01T12:46:22.386+0100] {logging_mixin.py:137} INFO - [2023-03-01T12:46:22.386+0100] {dag.py:3437} INFO - Setting next_dagrun for tutorial_taskflow_api_virtualenv to None, run_after=None
[2023-03-01T12:46:22.400+0100] {processor.py:175} INFO - Processing /Users/oanottage/opt/anaconda3/lib/python3.8/site-packages/airflow/example_dags/tutorial_taskflow_api_virtualenv.py took 0.934 seconds
[2023-03-01T12:48:24.920+0100] {processor.py:153} INFO - Started process (PID=51921) to work on /Users/oanottage/opt/anaconda3/lib/python3.8/site-packages/airflow/example_dags/tutorial_taskflow_api_virtualenv.py
[2023-03-01T12:48:24.924+0100] {processor.py:743} INFO - Processing file /Users/oanottage/opt/anaconda3/lib/python3.8/site-packages/airflow/example_dags/tutorial_taskflow_api_virtualenv.py for tasks to queue
[2023-03-01T12:48:24.925+0100] {logging_mixin.py:137} INFO - [2023-03-01T12:48:24.925+0100] {dagbag.py:538} INFO - Filling up the DagBag from /Users/oanottage/opt/anaconda3/lib/python3.8/site-packages/airflow/example_dags/tutorial_taskflow_api_virtualenv.py
[2023-03-01T12:48:25.000+0100] {processor.py:753} INFO - DAG(s) dict_keys(['tutorial_taskflow_api_virtualenv']) retrieved from /Users/oanottage/opt/anaconda3/lib/python3.8/site-packages/airflow/example_dags/tutorial_taskflow_api_virtualenv.py
[2023-03-01T12:48:25.968+0100] {logging_mixin.py:137} INFO - [2023-03-01T12:48:25.967+0100] {dag.py:2690} INFO - Sync 1 DAGs
[2023-03-01T12:48:25.982+0100] {logging_mixin.py:137} INFO - [2023-03-01T12:48:25.982+0100] {dag.py:3437} INFO - Setting next_dagrun for tutorial_taskflow_api_virtualenv to None, run_after=None
[2023-03-01T12:48:25.997+0100] {processor.py:175} INFO - Processing /Users/oanottage/opt/anaconda3/lib/python3.8/site-packages/airflow/example_dags/tutorial_taskflow_api_virtualenv.py took 1.077 seconds
[2023-03-01T12:50:30.412+0100] {processor.py:153} INFO - Started process (PID=56976) to work on /Users/oanottage/opt/anaconda3/lib/python3.8/site-packages/airflow/example_dags/tutorial_taskflow_api_virtualenv.py
[2023-03-01T12:50:30.417+0100] {processor.py:743} INFO - Processing file /Users/oanottage/opt/anaconda3/lib/python3.8/site-packages/airflow/example_dags/tutorial_taskflow_api_virtualenv.py for tasks to queue
[2023-03-01T12:50:30.417+0100] {logging_mixin.py:137} INFO - [2023-03-01T12:50:30.417+0100] {dagbag.py:538} INFO - Filling up the DagBag from /Users/oanottage/opt/anaconda3/lib/python3.8/site-packages/airflow/example_dags/tutorial_taskflow_api_virtualenv.py
[2023-03-01T12:50:30.492+0100] {processor.py:753} INFO - DAG(s) dict_keys(['tutorial_taskflow_api_virtualenv']) retrieved from /Users/oanottage/opt/anaconda3/lib/python3.8/site-packages/airflow/example_dags/tutorial_taskflow_api_virtualenv.py
[2023-03-01T12:50:31.464+0100] {logging_mixin.py:137} INFO - [2023-03-01T12:50:31.464+0100] {dag.py:2690} INFO - Sync 1 DAGs
[2023-03-01T12:50:31.477+0100] {logging_mixin.py:137} INFO - [2023-03-01T12:50:31.477+0100] {dag.py:3437} INFO - Setting next_dagrun for tutorial_taskflow_api_virtualenv to None, run_after=None
[2023-03-01T12:50:31.491+0100] {processor.py:175} INFO - Processing /Users/oanottage/opt/anaconda3/lib/python3.8/site-packages/airflow/example_dags/tutorial_taskflow_api_virtualenv.py took 1.080 seconds
[2023-03-01T12:52:27.046+0100] {processor.py:153} INFO - Started process (PID=60487) to work on /Users/oanottage/opt/anaconda3/lib/python3.8/site-packages/airflow/example_dags/tutorial_taskflow_api_virtualenv.py
[2023-03-01T12:52:27.051+0100] {processor.py:743} INFO - Processing file /Users/oanottage/opt/anaconda3/lib/python3.8/site-packages/airflow/example_dags/tutorial_taskflow_api_virtualenv.py for tasks to queue
[2023-03-01T12:52:27.051+0100] {logging_mixin.py:137} INFO - [2023-03-01T12:52:27.051+0100] {dagbag.py:538} INFO - Filling up the DagBag from /Users/oanottage/opt/anaconda3/lib/python3.8/site-packages/airflow/example_dags/tutorial_taskflow_api_virtualenv.py
[2023-03-01T12:52:27.118+0100] {processor.py:753} INFO - DAG(s) dict_keys(['tutorial_taskflow_api_virtualenv']) retrieved from /Users/oanottage/opt/anaconda3/lib/python3.8/site-packages/airflow/example_dags/tutorial_taskflow_api_virtualenv.py
[2023-03-01T12:52:28.135+0100] {logging_mixin.py:137} INFO - [2023-03-01T12:52:28.135+0100] {dag.py:2690} INFO - Sync 1 DAGs
[2023-03-01T12:52:28.149+0100] {logging_mixin.py:137} INFO - [2023-03-01T12:52:28.149+0100] {dag.py:3437} INFO - Setting next_dagrun for tutorial_taskflow_api_virtualenv to None, run_after=None
[2023-03-01T12:52:28.165+0100] {processor.py:175} INFO - Processing /Users/oanottage/opt/anaconda3/lib/python3.8/site-packages/airflow/example_dags/tutorial_taskflow_api_virtualenv.py took 1.119 seconds
[2023-03-01T12:54:32.483+0100] {processor.py:153} INFO - Started process (PID=65827) to work on /Users/oanottage/opt/anaconda3/lib/python3.8/site-packages/airflow/example_dags/tutorial_taskflow_api_virtualenv.py
[2023-03-01T12:54:32.488+0100] {processor.py:743} INFO - Processing file /Users/oanottage/opt/anaconda3/lib/python3.8/site-packages/airflow/example_dags/tutorial_taskflow_api_virtualenv.py for tasks to queue
[2023-03-01T12:54:32.489+0100] {logging_mixin.py:137} INFO - [2023-03-01T12:54:32.489+0100] {dagbag.py:538} INFO - Filling up the DagBag from /Users/oanottage/opt/anaconda3/lib/python3.8/site-packages/airflow/example_dags/tutorial_taskflow_api_virtualenv.py
[2023-03-01T12:54:32.569+0100] {processor.py:753} INFO - DAG(s) dict_keys(['tutorial_taskflow_api_virtualenv']) retrieved from /Users/oanottage/opt/anaconda3/lib/python3.8/site-packages/airflow/example_dags/tutorial_taskflow_api_virtualenv.py
[2023-03-01T12:54:33.491+0100] {logging_mixin.py:137} INFO - [2023-03-01T12:54:33.491+0100] {dag.py:2690} INFO - Sync 1 DAGs
[2023-03-01T12:54:33.504+0100] {logging_mixin.py:137} INFO - [2023-03-01T12:54:33.504+0100] {dag.py:3437} INFO - Setting next_dagrun for tutorial_taskflow_api_virtualenv to None, run_after=None
[2023-03-01T12:54:33.516+0100] {processor.py:175} INFO - Processing /Users/oanottage/opt/anaconda3/lib/python3.8/site-packages/airflow/example_dags/tutorial_taskflow_api_virtualenv.py took 1.033 seconds
[2023-03-01T12:56:26.345+0100] {processor.py:153} INFO - Started process (PID=69046) to work on /Users/oanottage/opt/anaconda3/lib/python3.8/site-packages/airflow/example_dags/tutorial_taskflow_api_virtualenv.py
[2023-03-01T12:56:26.349+0100] {processor.py:743} INFO - Processing file /Users/oanottage/opt/anaconda3/lib/python3.8/site-packages/airflow/example_dags/tutorial_taskflow_api_virtualenv.py for tasks to queue
[2023-03-01T12:56:26.349+0100] {logging_mixin.py:137} INFO - [2023-03-01T12:56:26.349+0100] {dagbag.py:538} INFO - Filling up the DagBag from /Users/oanottage/opt/anaconda3/lib/python3.8/site-packages/airflow/example_dags/tutorial_taskflow_api_virtualenv.py
[2023-03-01T12:56:26.414+0100] {processor.py:753} INFO - DAG(s) dict_keys(['tutorial_taskflow_api_virtualenv']) retrieved from /Users/oanottage/opt/anaconda3/lib/python3.8/site-packages/airflow/example_dags/tutorial_taskflow_api_virtualenv.py
[2023-03-01T12:56:27.316+0100] {logging_mixin.py:137} INFO - [2023-03-01T12:56:27.316+0100] {dag.py:2690} INFO - Sync 1 DAGs
[2023-03-01T12:56:27.330+0100] {logging_mixin.py:137} INFO - [2023-03-01T12:56:27.330+0100] {dag.py:3437} INFO - Setting next_dagrun for tutorial_taskflow_api_virtualenv to None, run_after=None
[2023-03-01T12:56:27.344+0100] {processor.py:175} INFO - Processing /Users/oanottage/opt/anaconda3/lib/python3.8/site-packages/airflow/example_dags/tutorial_taskflow_api_virtualenv.py took 1.000 seconds
[2023-03-01T12:58:16.956+0100] {processor.py:153} INFO - Started process (PID=73328) to work on /Users/oanottage/opt/anaconda3/lib/python3.8/site-packages/airflow/example_dags/tutorial_taskflow_api_virtualenv.py
[2023-03-01T12:58:16.961+0100] {processor.py:743} INFO - Processing file /Users/oanottage/opt/anaconda3/lib/python3.8/site-packages/airflow/example_dags/tutorial_taskflow_api_virtualenv.py for tasks to queue
[2023-03-01T12:58:16.962+0100] {logging_mixin.py:137} INFO - [2023-03-01T12:58:16.962+0100] {dagbag.py:538} INFO - Filling up the DagBag from /Users/oanottage/opt/anaconda3/lib/python3.8/site-packages/airflow/example_dags/tutorial_taskflow_api_virtualenv.py
[2023-03-01T12:58:17.055+0100] {processor.py:753} INFO - DAG(s) dict_keys(['tutorial_taskflow_api_virtualenv']) retrieved from /Users/oanottage/opt/anaconda3/lib/python3.8/site-packages/airflow/example_dags/tutorial_taskflow_api_virtualenv.py
[2023-03-01T12:58:17.954+0100] {logging_mixin.py:137} INFO - [2023-03-01T12:58:17.954+0100] {dag.py:2690} INFO - Sync 1 DAGs
[2023-03-01T12:58:17.975+0100] {logging_mixin.py:137} INFO - [2023-03-01T12:58:17.974+0100] {dag.py:3437} INFO - Setting next_dagrun for tutorial_taskflow_api_virtualenv to None, run_after=None
[2023-03-01T12:58:17.999+0100] {processor.py:175} INFO - Processing /Users/oanottage/opt/anaconda3/lib/python3.8/site-packages/airflow/example_dags/tutorial_taskflow_api_virtualenv.py took 1.043 seconds
[2023-03-01T13:00:17.549+0100] {processor.py:153} INFO - Started process (PID=77612) to work on /Users/oanottage/opt/anaconda3/lib/python3.8/site-packages/airflow/example_dags/tutorial_taskflow_api_virtualenv.py
[2023-03-01T13:00:17.553+0100] {processor.py:743} INFO - Processing file /Users/oanottage/opt/anaconda3/lib/python3.8/site-packages/airflow/example_dags/tutorial_taskflow_api_virtualenv.py for tasks to queue
[2023-03-01T13:00:17.553+0100] {logging_mixin.py:137} INFO - [2023-03-01T13:00:17.553+0100] {dagbag.py:538} INFO - Filling up the DagBag from /Users/oanottage/opt/anaconda3/lib/python3.8/site-packages/airflow/example_dags/tutorial_taskflow_api_virtualenv.py
[2023-03-01T13:00:17.620+0100] {processor.py:753} INFO - DAG(s) dict_keys(['tutorial_taskflow_api_virtualenv']) retrieved from /Users/oanottage/opt/anaconda3/lib/python3.8/site-packages/airflow/example_dags/tutorial_taskflow_api_virtualenv.py
[2023-03-01T13:00:18.511+0100] {logging_mixin.py:137} INFO - [2023-03-01T13:00:18.511+0100] {dag.py:2690} INFO - Sync 1 DAGs
[2023-03-01T13:00:18.522+0100] {logging_mixin.py:137} INFO - [2023-03-01T13:00:18.522+0100] {dag.py:3437} INFO - Setting next_dagrun for tutorial_taskflow_api_virtualenv to None, run_after=None
[2023-03-01T13:00:18.534+0100] {processor.py:175} INFO - Processing /Users/oanottage/opt/anaconda3/lib/python3.8/site-packages/airflow/example_dags/tutorial_taskflow_api_virtualenv.py took 0.985 seconds
